[2023-09-20T22:15:27.685+0000] {processor.py:157} INFO - Started process (PID=36) to work on /home/airflow/.local/lib/python3.8/site-packages/airflow/example_dags/example_task_group.py
[2023-09-20T22:15:27.687+0000] {processor.py:829} INFO - Processing file /home/airflow/.local/lib/python3.8/site-packages/airflow/example_dags/example_task_group.py for tasks to queue
[2023-09-20T22:15:27.692+0000] {logging_mixin.py:151} INFO - [2023-09-20T22:15:27.691+0000] {dagbag.py:539} INFO - Filling up the DagBag from /home/airflow/.local/lib/python3.8/site-packages/airflow/example_dags/example_task_group.py
[2023-09-20T22:15:27.709+0000] {processor.py:839} INFO - DAG(s) dict_keys(['example_task_group']) retrieved from /home/airflow/.local/lib/python3.8/site-packages/airflow/example_dags/example_task_group.py
[2023-09-20T22:15:27.731+0000] {logging_mixin.py:151} INFO - [2023-09-20T22:15:27.731+0000] {dag.py:2915} INFO - Sync 1 DAGs
[2023-09-20T22:15:27.765+0000] {logging_mixin.py:151} INFO - [2023-09-20T22:15:27.765+0000] {dag.py:3696} INFO - Setting next_dagrun for example_task_group to 2023-09-19T22:15:27.764847+00:00, run_after=2023-09-20T22:15:27.764847+00:00
[2023-09-20T22:15:27.809+0000] {processor.py:179} INFO - Processing /home/airflow/.local/lib/python3.8/site-packages/airflow/example_dags/example_task_group.py took 0.129 seconds
[2023-09-20T22:15:58.056+0000] {processor.py:157} INFO - Started process (PID=89) to work on /home/airflow/.local/lib/python3.8/site-packages/airflow/example_dags/example_task_group.py
[2023-09-20T22:15:58.058+0000] {processor.py:829} INFO - Processing file /home/airflow/.local/lib/python3.8/site-packages/airflow/example_dags/example_task_group.py for tasks to queue
[2023-09-20T22:15:58.061+0000] {logging_mixin.py:151} INFO - [2023-09-20T22:15:58.061+0000] {dagbag.py:539} INFO - Filling up the DagBag from /home/airflow/.local/lib/python3.8/site-packages/airflow/example_dags/example_task_group.py
[2023-09-20T22:15:58.079+0000] {processor.py:839} INFO - DAG(s) dict_keys(['example_task_group']) retrieved from /home/airflow/.local/lib/python3.8/site-packages/airflow/example_dags/example_task_group.py
[2023-09-20T22:15:58.122+0000] {logging_mixin.py:151} INFO - [2023-09-20T22:15:58.122+0000] {dag.py:2915} INFO - Sync 1 DAGs
[2023-09-20T22:15:58.156+0000] {logging_mixin.py:151} INFO - [2023-09-20T22:15:58.155+0000] {dag.py:3696} INFO - Setting next_dagrun for example_task_group to 2023-09-19T22:15:58.154986+00:00, run_after=2023-09-20T22:15:58.154986+00:00
[2023-09-20T22:15:58.181+0000] {processor.py:179} INFO - Processing /home/airflow/.local/lib/python3.8/site-packages/airflow/example_dags/example_task_group.py took 0.130 seconds
[2023-09-20T22:16:28.896+0000] {processor.py:157} INFO - Started process (PID=143) to work on /home/airflow/.local/lib/python3.8/site-packages/airflow/example_dags/example_task_group.py
[2023-09-20T22:16:28.897+0000] {processor.py:829} INFO - Processing file /home/airflow/.local/lib/python3.8/site-packages/airflow/example_dags/example_task_group.py for tasks to queue
[2023-09-20T22:16:28.902+0000] {logging_mixin.py:151} INFO - [2023-09-20T22:16:28.901+0000] {dagbag.py:539} INFO - Filling up the DagBag from /home/airflow/.local/lib/python3.8/site-packages/airflow/example_dags/example_task_group.py
[2023-09-20T22:16:28.914+0000] {processor.py:839} INFO - DAG(s) dict_keys(['example_task_group']) retrieved from /home/airflow/.local/lib/python3.8/site-packages/airflow/example_dags/example_task_group.py
[2023-09-20T22:16:28.948+0000] {logging_mixin.py:151} INFO - [2023-09-20T22:16:28.948+0000] {dag.py:2915} INFO - Sync 1 DAGs
[2023-09-20T22:16:28.980+0000] {logging_mixin.py:151} INFO - [2023-09-20T22:16:28.980+0000] {dag.py:3696} INFO - Setting next_dagrun for example_task_group to 2023-09-19T22:16:28.979868+00:00, run_after=2023-09-20T22:16:28.979868+00:00
[2023-09-20T22:16:29.020+0000] {processor.py:179} INFO - Processing /home/airflow/.local/lib/python3.8/site-packages/airflow/example_dags/example_task_group.py took 0.132 seconds
[2023-09-20T22:16:59.318+0000] {processor.py:157} INFO - Started process (PID=197) to work on /home/airflow/.local/lib/python3.8/site-packages/airflow/example_dags/example_task_group.py
[2023-09-20T22:16:59.321+0000] {processor.py:829} INFO - Processing file /home/airflow/.local/lib/python3.8/site-packages/airflow/example_dags/example_task_group.py for tasks to queue
[2023-09-20T22:16:59.326+0000] {logging_mixin.py:151} INFO - [2023-09-20T22:16:59.325+0000] {dagbag.py:539} INFO - Filling up the DagBag from /home/airflow/.local/lib/python3.8/site-packages/airflow/example_dags/example_task_group.py
[2023-09-20T22:16:59.342+0000] {processor.py:839} INFO - DAG(s) dict_keys(['example_task_group']) retrieved from /home/airflow/.local/lib/python3.8/site-packages/airflow/example_dags/example_task_group.py
[2023-09-20T22:16:59.382+0000] {logging_mixin.py:151} INFO - [2023-09-20T22:16:59.382+0000] {dag.py:2915} INFO - Sync 1 DAGs
[2023-09-20T22:16:59.418+0000] {logging_mixin.py:151} INFO - [2023-09-20T22:16:59.417+0000] {dag.py:3696} INFO - Setting next_dagrun for example_task_group to 2023-09-19T22:16:59.417515+00:00, run_after=2023-09-20T22:16:59.417515+00:00
[2023-09-20T22:16:59.452+0000] {processor.py:179} INFO - Processing /home/airflow/.local/lib/python3.8/site-packages/airflow/example_dags/example_task_group.py took 0.144 seconds
[2023-09-20T22:24:58.489+0000] {processor.py:157} INFO - Started process (PID=36) to work on /home/airflow/.local/lib/python3.8/site-packages/airflow/example_dags/example_task_group.py
[2023-09-20T22:24:58.491+0000] {processor.py:829} INFO - Processing file /home/airflow/.local/lib/python3.8/site-packages/airflow/example_dags/example_task_group.py for tasks to queue
[2023-09-20T22:24:58.495+0000] {logging_mixin.py:151} INFO - [2023-09-20T22:24:58.494+0000] {dagbag.py:539} INFO - Filling up the DagBag from /home/airflow/.local/lib/python3.8/site-packages/airflow/example_dags/example_task_group.py
[2023-09-20T22:24:58.657+0000] {processor.py:839} INFO - DAG(s) dict_keys(['example_task_group']) retrieved from /home/airflow/.local/lib/python3.8/site-packages/airflow/example_dags/example_task_group.py
[2023-09-20T22:24:58.673+0000] {logging_mixin.py:151} INFO - [2023-09-20T22:24:58.672+0000] {dag.py:2915} INFO - Sync 1 DAGs
[2023-09-20T22:24:58.702+0000] {logging_mixin.py:151} INFO - [2023-09-20T22:24:58.701+0000] {dag.py:3696} INFO - Setting next_dagrun for example_task_group to 2023-09-19T22:24:58.701734+00:00, run_after=2023-09-20T22:24:58.701734+00:00
[2023-09-20T22:24:58.756+0000] {processor.py:179} INFO - Processing /home/airflow/.local/lib/python3.8/site-packages/airflow/example_dags/example_task_group.py took 0.274 seconds
[2023-09-20T22:25:29.058+0000] {processor.py:157} INFO - Started process (PID=91) to work on /home/airflow/.local/lib/python3.8/site-packages/airflow/example_dags/example_task_group.py
[2023-09-20T22:25:29.059+0000] {processor.py:829} INFO - Processing file /home/airflow/.local/lib/python3.8/site-packages/airflow/example_dags/example_task_group.py for tasks to queue
[2023-09-20T22:25:29.064+0000] {logging_mixin.py:151} INFO - [2023-09-20T22:25:29.063+0000] {dagbag.py:539} INFO - Filling up the DagBag from /home/airflow/.local/lib/python3.8/site-packages/airflow/example_dags/example_task_group.py
[2023-09-20T22:25:29.074+0000] {processor.py:839} INFO - DAG(s) dict_keys(['example_task_group']) retrieved from /home/airflow/.local/lib/python3.8/site-packages/airflow/example_dags/example_task_group.py
[2023-09-20T22:25:29.111+0000] {logging_mixin.py:151} INFO - [2023-09-20T22:25:29.111+0000] {dag.py:2915} INFO - Sync 1 DAGs
[2023-09-20T22:25:29.141+0000] {logging_mixin.py:151} INFO - [2023-09-20T22:25:29.140+0000] {dag.py:3696} INFO - Setting next_dagrun for example_task_group to 2023-09-19T22:25:29.140518+00:00, run_after=2023-09-20T22:25:29.140518+00:00
[2023-09-20T22:25:29.180+0000] {processor.py:179} INFO - Processing /home/airflow/.local/lib/python3.8/site-packages/airflow/example_dags/example_task_group.py took 0.128 seconds
[2023-09-20T22:25:59.675+0000] {processor.py:157} INFO - Started process (PID=146) to work on /home/airflow/.local/lib/python3.8/site-packages/airflow/example_dags/example_task_group.py
[2023-09-20T22:25:59.677+0000] {processor.py:829} INFO - Processing file /home/airflow/.local/lib/python3.8/site-packages/airflow/example_dags/example_task_group.py for tasks to queue
[2023-09-20T22:25:59.681+0000] {logging_mixin.py:151} INFO - [2023-09-20T22:25:59.681+0000] {dagbag.py:539} INFO - Filling up the DagBag from /home/airflow/.local/lib/python3.8/site-packages/airflow/example_dags/example_task_group.py
[2023-09-20T22:25:59.692+0000] {processor.py:839} INFO - DAG(s) dict_keys(['example_task_group']) retrieved from /home/airflow/.local/lib/python3.8/site-packages/airflow/example_dags/example_task_group.py
[2023-09-20T22:25:59.722+0000] {logging_mixin.py:151} INFO - [2023-09-20T22:25:59.722+0000] {dag.py:2915} INFO - Sync 1 DAGs
[2023-09-20T22:25:59.752+0000] {logging_mixin.py:151} INFO - [2023-09-20T22:25:59.752+0000] {dag.py:3696} INFO - Setting next_dagrun for example_task_group to 2023-09-19T22:25:59.752305+00:00, run_after=2023-09-20T22:25:59.752305+00:00
[2023-09-20T22:25:59.783+0000] {processor.py:179} INFO - Processing /home/airflow/.local/lib/python3.8/site-packages/airflow/example_dags/example_task_group.py took 0.114 seconds
[2023-09-20T22:26:30.230+0000] {processor.py:157} INFO - Started process (PID=201) to work on /home/airflow/.local/lib/python3.8/site-packages/airflow/example_dags/example_task_group.py
[2023-09-20T22:26:30.232+0000] {processor.py:829} INFO - Processing file /home/airflow/.local/lib/python3.8/site-packages/airflow/example_dags/example_task_group.py for tasks to queue
[2023-09-20T22:26:30.235+0000] {logging_mixin.py:151} INFO - [2023-09-20T22:26:30.235+0000] {dagbag.py:539} INFO - Filling up the DagBag from /home/airflow/.local/lib/python3.8/site-packages/airflow/example_dags/example_task_group.py
[2023-09-20T22:26:30.245+0000] {processor.py:839} INFO - DAG(s) dict_keys(['example_task_group']) retrieved from /home/airflow/.local/lib/python3.8/site-packages/airflow/example_dags/example_task_group.py
[2023-09-20T22:26:30.276+0000] {logging_mixin.py:151} INFO - [2023-09-20T22:26:30.276+0000] {dag.py:2915} INFO - Sync 1 DAGs
[2023-09-20T22:26:30.307+0000] {logging_mixin.py:151} INFO - [2023-09-20T22:26:30.306+0000] {dag.py:3696} INFO - Setting next_dagrun for example_task_group to 2023-09-19T22:26:30.306438+00:00, run_after=2023-09-20T22:26:30.306438+00:00
[2023-09-20T22:26:30.349+0000] {processor.py:179} INFO - Processing /home/airflow/.local/lib/python3.8/site-packages/airflow/example_dags/example_task_group.py took 0.123 seconds
[2023-09-20T22:27:00.449+0000] {processor.py:157} INFO - Started process (PID=255) to work on /home/airflow/.local/lib/python3.8/site-packages/airflow/example_dags/example_task_group.py
[2023-09-20T22:27:00.450+0000] {processor.py:829} INFO - Processing file /home/airflow/.local/lib/python3.8/site-packages/airflow/example_dags/example_task_group.py for tasks to queue
[2023-09-20T22:27:00.454+0000] {logging_mixin.py:151} INFO - [2023-09-20T22:27:00.454+0000] {dagbag.py:539} INFO - Filling up the DagBag from /home/airflow/.local/lib/python3.8/site-packages/airflow/example_dags/example_task_group.py
[2023-09-20T22:27:00.469+0000] {processor.py:839} INFO - DAG(s) dict_keys(['example_task_group']) retrieved from /home/airflow/.local/lib/python3.8/site-packages/airflow/example_dags/example_task_group.py
[2023-09-20T22:27:00.485+0000] {logging_mixin.py:151} INFO - [2023-09-20T22:27:00.485+0000] {dag.py:2915} INFO - Sync 1 DAGs
[2023-09-20T22:27:00.514+0000] {logging_mixin.py:151} INFO - [2023-09-20T22:27:00.514+0000] {dag.py:3696} INFO - Setting next_dagrun for example_task_group to 2023-09-19T22:27:00.513880+00:00, run_after=2023-09-20T22:27:00.513880+00:00
[2023-09-20T22:27:00.543+0000] {processor.py:179} INFO - Processing /home/airflow/.local/lib/python3.8/site-packages/airflow/example_dags/example_task_group.py took 0.100 seconds
[2023-09-20T22:27:31.136+0000] {processor.py:157} INFO - Started process (PID=310) to work on /home/airflow/.local/lib/python3.8/site-packages/airflow/example_dags/example_task_group.py
[2023-09-20T22:27:31.140+0000] {processor.py:829} INFO - Processing file /home/airflow/.local/lib/python3.8/site-packages/airflow/example_dags/example_task_group.py for tasks to queue
[2023-09-20T22:27:31.152+0000] {logging_mixin.py:151} INFO - [2023-09-20T22:27:31.151+0000] {dagbag.py:539} INFO - Filling up the DagBag from /home/airflow/.local/lib/python3.8/site-packages/airflow/example_dags/example_task_group.py
[2023-09-20T22:27:31.188+0000] {processor.py:839} INFO - DAG(s) dict_keys(['example_task_group']) retrieved from /home/airflow/.local/lib/python3.8/site-packages/airflow/example_dags/example_task_group.py
[2023-09-20T22:27:31.248+0000] {logging_mixin.py:151} INFO - [2023-09-20T22:27:31.248+0000] {dag.py:2915} INFO - Sync 1 DAGs
[2023-09-20T22:27:31.302+0000] {logging_mixin.py:151} INFO - [2023-09-20T22:27:31.302+0000] {dag.py:3696} INFO - Setting next_dagrun for example_task_group to 2023-09-19T22:27:31.301691+00:00, run_after=2023-09-20T22:27:31.301691+00:00
[2023-09-20T22:27:31.358+0000] {processor.py:179} INFO - Processing /home/airflow/.local/lib/python3.8/site-packages/airflow/example_dags/example_task_group.py took 0.237 seconds
[2023-09-20T22:28:02.201+0000] {processor.py:157} INFO - Started process (PID=366) to work on /home/airflow/.local/lib/python3.8/site-packages/airflow/example_dags/example_task_group.py
[2023-09-20T22:28:02.204+0000] {processor.py:829} INFO - Processing file /home/airflow/.local/lib/python3.8/site-packages/airflow/example_dags/example_task_group.py for tasks to queue
[2023-09-20T22:28:02.211+0000] {logging_mixin.py:151} INFO - [2023-09-20T22:28:02.210+0000] {dagbag.py:539} INFO - Filling up the DagBag from /home/airflow/.local/lib/python3.8/site-packages/airflow/example_dags/example_task_group.py
[2023-09-20T22:28:02.228+0000] {processor.py:839} INFO - DAG(s) dict_keys(['example_task_group']) retrieved from /home/airflow/.local/lib/python3.8/site-packages/airflow/example_dags/example_task_group.py
[2023-09-20T22:28:02.290+0000] {logging_mixin.py:151} INFO - [2023-09-20T22:28:02.290+0000] {dag.py:2915} INFO - Sync 1 DAGs
[2023-09-20T22:28:02.324+0000] {logging_mixin.py:151} INFO - [2023-09-20T22:28:02.324+0000] {dag.py:3696} INFO - Setting next_dagrun for example_task_group to 2023-09-19T22:28:02.324001+00:00, run_after=2023-09-20T22:28:02.324001+00:00
[2023-09-20T22:28:02.360+0000] {processor.py:179} INFO - Processing /home/airflow/.local/lib/python3.8/site-packages/airflow/example_dags/example_task_group.py took 0.169 seconds
[2023-09-20T22:28:33.060+0000] {processor.py:157} INFO - Started process (PID=421) to work on /home/airflow/.local/lib/python3.8/site-packages/airflow/example_dags/example_task_group.py
[2023-09-20T22:28:33.062+0000] {processor.py:829} INFO - Processing file /home/airflow/.local/lib/python3.8/site-packages/airflow/example_dags/example_task_group.py for tasks to queue
[2023-09-20T22:28:33.067+0000] {logging_mixin.py:151} INFO - [2023-09-20T22:28:33.066+0000] {dagbag.py:539} INFO - Filling up the DagBag from /home/airflow/.local/lib/python3.8/site-packages/airflow/example_dags/example_task_group.py
[2023-09-20T22:28:33.079+0000] {processor.py:839} INFO - DAG(s) dict_keys(['example_task_group']) retrieved from /home/airflow/.local/lib/python3.8/site-packages/airflow/example_dags/example_task_group.py
[2023-09-20T22:28:33.112+0000] {logging_mixin.py:151} INFO - [2023-09-20T22:28:33.111+0000] {dag.py:2915} INFO - Sync 1 DAGs
[2023-09-20T22:28:33.143+0000] {logging_mixin.py:151} INFO - [2023-09-20T22:28:33.143+0000] {dag.py:3696} INFO - Setting next_dagrun for example_task_group to 2023-09-19T22:28:33.143110+00:00, run_after=2023-09-20T22:28:33.143110+00:00
[2023-09-20T22:28:33.173+0000] {processor.py:179} INFO - Processing /home/airflow/.local/lib/python3.8/site-packages/airflow/example_dags/example_task_group.py took 0.119 seconds
[2023-09-20T22:29:03.924+0000] {processor.py:157} INFO - Started process (PID=476) to work on /home/airflow/.local/lib/python3.8/site-packages/airflow/example_dags/example_task_group.py
[2023-09-20T22:29:03.926+0000] {processor.py:829} INFO - Processing file /home/airflow/.local/lib/python3.8/site-packages/airflow/example_dags/example_task_group.py for tasks to queue
[2023-09-20T22:29:03.930+0000] {logging_mixin.py:151} INFO - [2023-09-20T22:29:03.929+0000] {dagbag.py:539} INFO - Filling up the DagBag from /home/airflow/.local/lib/python3.8/site-packages/airflow/example_dags/example_task_group.py
[2023-09-20T22:29:03.942+0000] {processor.py:839} INFO - DAG(s) dict_keys(['example_task_group']) retrieved from /home/airflow/.local/lib/python3.8/site-packages/airflow/example_dags/example_task_group.py
[2023-09-20T22:29:03.984+0000] {logging_mixin.py:151} INFO - [2023-09-20T22:29:03.984+0000] {dag.py:2915} INFO - Sync 1 DAGs
[2023-09-20T22:29:04.024+0000] {logging_mixin.py:151} INFO - [2023-09-20T22:29:04.023+0000] {dag.py:3696} INFO - Setting next_dagrun for example_task_group to 2023-09-19T22:29:04.023429+00:00, run_after=2023-09-20T22:29:04.023429+00:00
[2023-09-20T22:29:04.067+0000] {processor.py:179} INFO - Processing /home/airflow/.local/lib/python3.8/site-packages/airflow/example_dags/example_task_group.py took 0.149 seconds
[2023-09-20T22:29:34.635+0000] {processor.py:157} INFO - Started process (PID=531) to work on /home/airflow/.local/lib/python3.8/site-packages/airflow/example_dags/example_task_group.py
[2023-09-20T22:29:34.638+0000] {processor.py:829} INFO - Processing file /home/airflow/.local/lib/python3.8/site-packages/airflow/example_dags/example_task_group.py for tasks to queue
[2023-09-20T22:29:34.645+0000] {logging_mixin.py:151} INFO - [2023-09-20T22:29:34.644+0000] {dagbag.py:539} INFO - Filling up the DagBag from /home/airflow/.local/lib/python3.8/site-packages/airflow/example_dags/example_task_group.py
[2023-09-20T22:29:34.662+0000] {processor.py:839} INFO - DAG(s) dict_keys(['example_task_group']) retrieved from /home/airflow/.local/lib/python3.8/site-packages/airflow/example_dags/example_task_group.py
[2023-09-20T22:29:34.712+0000] {logging_mixin.py:151} INFO - [2023-09-20T22:29:34.712+0000] {dag.py:2915} INFO - Sync 1 DAGs
[2023-09-20T22:29:34.751+0000] {logging_mixin.py:151} INFO - [2023-09-20T22:29:34.751+0000] {dag.py:3696} INFO - Setting next_dagrun for example_task_group to 2023-09-19T22:29:34.750882+00:00, run_after=2023-09-20T22:29:34.750882+00:00
[2023-09-20T22:29:34.794+0000] {processor.py:179} INFO - Processing /home/airflow/.local/lib/python3.8/site-packages/airflow/example_dags/example_task_group.py took 0.170 seconds
[2023-09-20T22:30:05.140+0000] {processor.py:157} INFO - Started process (PID=586) to work on /home/airflow/.local/lib/python3.8/site-packages/airflow/example_dags/example_task_group.py
[2023-09-20T22:30:05.141+0000] {processor.py:829} INFO - Processing file /home/airflow/.local/lib/python3.8/site-packages/airflow/example_dags/example_task_group.py for tasks to queue
[2023-09-20T22:30:05.146+0000] {logging_mixin.py:151} INFO - [2023-09-20T22:30:05.145+0000] {dagbag.py:539} INFO - Filling up the DagBag from /home/airflow/.local/lib/python3.8/site-packages/airflow/example_dags/example_task_group.py
[2023-09-20T22:30:05.155+0000] {processor.py:839} INFO - DAG(s) dict_keys(['example_task_group']) retrieved from /home/airflow/.local/lib/python3.8/site-packages/airflow/example_dags/example_task_group.py
[2023-09-20T22:30:05.201+0000] {logging_mixin.py:151} INFO - [2023-09-20T22:30:05.201+0000] {dag.py:2915} INFO - Sync 1 DAGs
[2023-09-20T22:30:05.233+0000] {logging_mixin.py:151} INFO - [2023-09-20T22:30:05.233+0000] {dag.py:3696} INFO - Setting next_dagrun for example_task_group to 2023-09-19T22:30:05.232948+00:00, run_after=2023-09-20T22:30:05.232948+00:00
[2023-09-20T22:30:05.277+0000] {processor.py:179} INFO - Processing /home/airflow/.local/lib/python3.8/site-packages/airflow/example_dags/example_task_group.py took 0.142 seconds
[2023-09-20T22:30:36.287+0000] {processor.py:157} INFO - Started process (PID=641) to work on /home/airflow/.local/lib/python3.8/site-packages/airflow/example_dags/example_task_group.py
[2023-09-20T22:30:36.289+0000] {processor.py:829} INFO - Processing file /home/airflow/.local/lib/python3.8/site-packages/airflow/example_dags/example_task_group.py for tasks to queue
[2023-09-20T22:30:36.294+0000] {logging_mixin.py:151} INFO - [2023-09-20T22:30:36.294+0000] {dagbag.py:539} INFO - Filling up the DagBag from /home/airflow/.local/lib/python3.8/site-packages/airflow/example_dags/example_task_group.py
[2023-09-20T22:30:36.304+0000] {processor.py:839} INFO - DAG(s) dict_keys(['example_task_group']) retrieved from /home/airflow/.local/lib/python3.8/site-packages/airflow/example_dags/example_task_group.py
[2023-09-20T22:30:36.336+0000] {logging_mixin.py:151} INFO - [2023-09-20T22:30:36.336+0000] {dag.py:2915} INFO - Sync 1 DAGs
[2023-09-20T22:30:36.366+0000] {logging_mixin.py:151} INFO - [2023-09-20T22:30:36.365+0000] {dag.py:3696} INFO - Setting next_dagrun for example_task_group to 2023-09-19T22:30:36.365557+00:00, run_after=2023-09-20T22:30:36.365557+00:00
[2023-09-20T22:30:36.396+0000] {processor.py:179} INFO - Processing /home/airflow/.local/lib/python3.8/site-packages/airflow/example_dags/example_task_group.py took 0.119 seconds
[2023-09-20T22:31:07.049+0000] {processor.py:157} INFO - Started process (PID=696) to work on /home/airflow/.local/lib/python3.8/site-packages/airflow/example_dags/example_task_group.py
[2023-09-20T22:31:07.051+0000] {processor.py:829} INFO - Processing file /home/airflow/.local/lib/python3.8/site-packages/airflow/example_dags/example_task_group.py for tasks to queue
[2023-09-20T22:31:07.056+0000] {logging_mixin.py:151} INFO - [2023-09-20T22:31:07.055+0000] {dagbag.py:539} INFO - Filling up the DagBag from /home/airflow/.local/lib/python3.8/site-packages/airflow/example_dags/example_task_group.py
[2023-09-20T22:31:07.070+0000] {processor.py:839} INFO - DAG(s) dict_keys(['example_task_group']) retrieved from /home/airflow/.local/lib/python3.8/site-packages/airflow/example_dags/example_task_group.py
[2023-09-20T22:31:07.107+0000] {logging_mixin.py:151} INFO - [2023-09-20T22:31:07.107+0000] {dag.py:2915} INFO - Sync 1 DAGs
[2023-09-20T22:31:07.142+0000] {logging_mixin.py:151} INFO - [2023-09-20T22:31:07.142+0000] {dag.py:3696} INFO - Setting next_dagrun for example_task_group to 2023-09-19T22:31:07.142201+00:00, run_after=2023-09-20T22:31:07.142201+00:00
[2023-09-20T22:31:07.177+0000] {processor.py:179} INFO - Processing /home/airflow/.local/lib/python3.8/site-packages/airflow/example_dags/example_task_group.py took 0.137 seconds
[2023-09-20T22:31:38.097+0000] {processor.py:157} INFO - Started process (PID=751) to work on /home/airflow/.local/lib/python3.8/site-packages/airflow/example_dags/example_task_group.py
[2023-09-20T22:31:38.100+0000] {processor.py:829} INFO - Processing file /home/airflow/.local/lib/python3.8/site-packages/airflow/example_dags/example_task_group.py for tasks to queue
[2023-09-20T22:31:38.106+0000] {logging_mixin.py:151} INFO - [2023-09-20T22:31:38.105+0000] {dagbag.py:539} INFO - Filling up the DagBag from /home/airflow/.local/lib/python3.8/site-packages/airflow/example_dags/example_task_group.py
[2023-09-20T22:31:38.125+0000] {processor.py:839} INFO - DAG(s) dict_keys(['example_task_group']) retrieved from /home/airflow/.local/lib/python3.8/site-packages/airflow/example_dags/example_task_group.py
[2023-09-20T22:31:38.189+0000] {logging_mixin.py:151} INFO - [2023-09-20T22:31:38.188+0000] {dag.py:2915} INFO - Sync 1 DAGs
[2023-09-20T22:31:38.229+0000] {logging_mixin.py:151} INFO - [2023-09-20T22:31:38.228+0000] {dag.py:3696} INFO - Setting next_dagrun for example_task_group to 2023-09-19T22:31:38.228299+00:00, run_after=2023-09-20T22:31:38.228299+00:00
[2023-09-20T22:31:38.280+0000] {processor.py:179} INFO - Processing /home/airflow/.local/lib/python3.8/site-packages/airflow/example_dags/example_task_group.py took 0.195 seconds
[2023-09-20T22:32:08.624+0000] {processor.py:157} INFO - Started process (PID=806) to work on /home/airflow/.local/lib/python3.8/site-packages/airflow/example_dags/example_task_group.py
[2023-09-20T22:32:08.627+0000] {processor.py:829} INFO - Processing file /home/airflow/.local/lib/python3.8/site-packages/airflow/example_dags/example_task_group.py for tasks to queue
[2023-09-20T22:32:08.633+0000] {logging_mixin.py:151} INFO - [2023-09-20T22:32:08.632+0000] {dagbag.py:539} INFO - Filling up the DagBag from /home/airflow/.local/lib/python3.8/site-packages/airflow/example_dags/example_task_group.py
[2023-09-20T22:32:08.653+0000] {processor.py:839} INFO - DAG(s) dict_keys(['example_task_group']) retrieved from /home/airflow/.local/lib/python3.8/site-packages/airflow/example_dags/example_task_group.py
[2023-09-20T22:32:08.700+0000] {logging_mixin.py:151} INFO - [2023-09-20T22:32:08.700+0000] {dag.py:2915} INFO - Sync 1 DAGs
[2023-09-20T22:32:08.741+0000] {logging_mixin.py:151} INFO - [2023-09-20T22:32:08.741+0000] {dag.py:3696} INFO - Setting next_dagrun for example_task_group to 2023-09-19T22:32:08.740816+00:00, run_after=2023-09-20T22:32:08.740816+00:00
[2023-09-20T22:32:08.775+0000] {processor.py:179} INFO - Processing /home/airflow/.local/lib/python3.8/site-packages/airflow/example_dags/example_task_group.py took 0.161 seconds
[2023-09-20T22:32:39.275+0000] {processor.py:157} INFO - Started process (PID=861) to work on /home/airflow/.local/lib/python3.8/site-packages/airflow/example_dags/example_task_group.py
[2023-09-20T22:32:39.278+0000] {processor.py:829} INFO - Processing file /home/airflow/.local/lib/python3.8/site-packages/airflow/example_dags/example_task_group.py for tasks to queue
[2023-09-20T22:32:39.285+0000] {logging_mixin.py:151} INFO - [2023-09-20T22:32:39.284+0000] {dagbag.py:539} INFO - Filling up the DagBag from /home/airflow/.local/lib/python3.8/site-packages/airflow/example_dags/example_task_group.py
[2023-09-20T22:32:39.299+0000] {processor.py:839} INFO - DAG(s) dict_keys(['example_task_group']) retrieved from /home/airflow/.local/lib/python3.8/site-packages/airflow/example_dags/example_task_group.py
[2023-09-20T22:32:39.349+0000] {logging_mixin.py:151} INFO - [2023-09-20T22:32:39.349+0000] {dag.py:2915} INFO - Sync 1 DAGs
[2023-09-20T22:32:39.383+0000] {logging_mixin.py:151} INFO - [2023-09-20T22:32:39.383+0000] {dag.py:3696} INFO - Setting next_dagrun for example_task_group to 2023-09-19T22:32:39.383073+00:00, run_after=2023-09-20T22:32:39.383073+00:00
[2023-09-20T22:32:39.421+0000] {processor.py:179} INFO - Processing /home/airflow/.local/lib/python3.8/site-packages/airflow/example_dags/example_task_group.py took 0.158 seconds
[2023-09-20T22:33:10.030+0000] {processor.py:157} INFO - Started process (PID=916) to work on /home/airflow/.local/lib/python3.8/site-packages/airflow/example_dags/example_task_group.py
[2023-09-20T22:33:10.031+0000] {processor.py:829} INFO - Processing file /home/airflow/.local/lib/python3.8/site-packages/airflow/example_dags/example_task_group.py for tasks to queue
[2023-09-20T22:33:10.034+0000] {logging_mixin.py:151} INFO - [2023-09-20T22:33:10.034+0000] {dagbag.py:539} INFO - Filling up the DagBag from /home/airflow/.local/lib/python3.8/site-packages/airflow/example_dags/example_task_group.py
[2023-09-20T22:33:10.043+0000] {processor.py:839} INFO - DAG(s) dict_keys(['example_task_group']) retrieved from /home/airflow/.local/lib/python3.8/site-packages/airflow/example_dags/example_task_group.py
[2023-09-20T22:33:10.085+0000] {logging_mixin.py:151} INFO - [2023-09-20T22:33:10.085+0000] {dag.py:2915} INFO - Sync 1 DAGs
[2023-09-20T22:33:10.115+0000] {logging_mixin.py:151} INFO - [2023-09-20T22:33:10.115+0000] {dag.py:3696} INFO - Setting next_dagrun for example_task_group to 2023-09-19T22:33:10.114990+00:00, run_after=2023-09-20T22:33:10.114990+00:00
[2023-09-20T22:33:10.150+0000] {processor.py:179} INFO - Processing /home/airflow/.local/lib/python3.8/site-packages/airflow/example_dags/example_task_group.py took 0.125 seconds
[2023-09-20T22:33:40.324+0000] {processor.py:157} INFO - Started process (PID=971) to work on /home/airflow/.local/lib/python3.8/site-packages/airflow/example_dags/example_task_group.py
[2023-09-20T22:33:40.326+0000] {processor.py:829} INFO - Processing file /home/airflow/.local/lib/python3.8/site-packages/airflow/example_dags/example_task_group.py for tasks to queue
[2023-09-20T22:33:40.331+0000] {logging_mixin.py:151} INFO - [2023-09-20T22:33:40.330+0000] {dagbag.py:539} INFO - Filling up the DagBag from /home/airflow/.local/lib/python3.8/site-packages/airflow/example_dags/example_task_group.py
[2023-09-20T22:33:40.345+0000] {processor.py:839} INFO - DAG(s) dict_keys(['example_task_group']) retrieved from /home/airflow/.local/lib/python3.8/site-packages/airflow/example_dags/example_task_group.py
[2023-09-20T22:33:40.386+0000] {logging_mixin.py:151} INFO - [2023-09-20T22:33:40.386+0000] {dag.py:2915} INFO - Sync 1 DAGs
[2023-09-20T22:33:40.419+0000] {logging_mixin.py:151} INFO - [2023-09-20T22:33:40.418+0000] {dag.py:3696} INFO - Setting next_dagrun for example_task_group to 2023-09-19T22:33:40.418569+00:00, run_after=2023-09-20T22:33:40.418569+00:00
[2023-09-20T22:33:40.454+0000] {processor.py:179} INFO - Processing /home/airflow/.local/lib/python3.8/site-packages/airflow/example_dags/example_task_group.py took 0.135 seconds
[2023-09-20T22:34:10.854+0000] {processor.py:157} INFO - Started process (PID=1026) to work on /home/airflow/.local/lib/python3.8/site-packages/airflow/example_dags/example_task_group.py
[2023-09-20T22:34:10.856+0000] {processor.py:829} INFO - Processing file /home/airflow/.local/lib/python3.8/site-packages/airflow/example_dags/example_task_group.py for tasks to queue
[2023-09-20T22:34:10.863+0000] {logging_mixin.py:151} INFO - [2023-09-20T22:34:10.862+0000] {dagbag.py:539} INFO - Filling up the DagBag from /home/airflow/.local/lib/python3.8/site-packages/airflow/example_dags/example_task_group.py
[2023-09-20T22:34:10.880+0000] {processor.py:839} INFO - DAG(s) dict_keys(['example_task_group']) retrieved from /home/airflow/.local/lib/python3.8/site-packages/airflow/example_dags/example_task_group.py
[2023-09-20T22:34:10.928+0000] {logging_mixin.py:151} INFO - [2023-09-20T22:34:10.928+0000] {dag.py:2915} INFO - Sync 1 DAGs
[2023-09-20T22:34:10.967+0000] {logging_mixin.py:151} INFO - [2023-09-20T22:34:10.967+0000] {dag.py:3696} INFO - Setting next_dagrun for example_task_group to 2023-09-19T22:34:10.966809+00:00, run_after=2023-09-20T22:34:10.966809+00:00
[2023-09-20T22:34:11.019+0000] {processor.py:179} INFO - Processing /home/airflow/.local/lib/python3.8/site-packages/airflow/example_dags/example_task_group.py took 0.174 seconds
[2023-09-20T22:34:41.528+0000] {processor.py:157} INFO - Started process (PID=1081) to work on /home/airflow/.local/lib/python3.8/site-packages/airflow/example_dags/example_task_group.py
[2023-09-20T22:34:41.531+0000] {processor.py:829} INFO - Processing file /home/airflow/.local/lib/python3.8/site-packages/airflow/example_dags/example_task_group.py for tasks to queue
[2023-09-20T22:34:41.542+0000] {logging_mixin.py:151} INFO - [2023-09-20T22:34:41.541+0000] {dagbag.py:539} INFO - Filling up the DagBag from /home/airflow/.local/lib/python3.8/site-packages/airflow/example_dags/example_task_group.py
[2023-09-20T22:34:41.565+0000] {processor.py:839} INFO - DAG(s) dict_keys(['example_task_group']) retrieved from /home/airflow/.local/lib/python3.8/site-packages/airflow/example_dags/example_task_group.py
[2023-09-20T22:34:41.608+0000] {logging_mixin.py:151} INFO - [2023-09-20T22:34:41.608+0000] {dag.py:2915} INFO - Sync 1 DAGs
[2023-09-20T22:34:41.642+0000] {logging_mixin.py:151} INFO - [2023-09-20T22:34:41.642+0000] {dag.py:3696} INFO - Setting next_dagrun for example_task_group to 2023-09-19T22:34:41.641990+00:00, run_after=2023-09-20T22:34:41.641990+00:00
[2023-09-20T22:34:41.682+0000] {processor.py:179} INFO - Processing /home/airflow/.local/lib/python3.8/site-packages/airflow/example_dags/example_task_group.py took 0.165 seconds
[2023-09-20T22:35:12.472+0000] {processor.py:157} INFO - Started process (PID=1136) to work on /home/airflow/.local/lib/python3.8/site-packages/airflow/example_dags/example_task_group.py
[2023-09-20T22:35:12.474+0000] {processor.py:829} INFO - Processing file /home/airflow/.local/lib/python3.8/site-packages/airflow/example_dags/example_task_group.py for tasks to queue
[2023-09-20T22:35:12.480+0000] {logging_mixin.py:151} INFO - [2023-09-20T22:35:12.479+0000] {dagbag.py:539} INFO - Filling up the DagBag from /home/airflow/.local/lib/python3.8/site-packages/airflow/example_dags/example_task_group.py
[2023-09-20T22:35:12.498+0000] {processor.py:839} INFO - DAG(s) dict_keys(['example_task_group']) retrieved from /home/airflow/.local/lib/python3.8/site-packages/airflow/example_dags/example_task_group.py
[2023-09-20T22:35:12.554+0000] {logging_mixin.py:151} INFO - [2023-09-20T22:35:12.553+0000] {dag.py:2915} INFO - Sync 1 DAGs
[2023-09-20T22:35:12.594+0000] {logging_mixin.py:151} INFO - [2023-09-20T22:35:12.594+0000] {dag.py:3696} INFO - Setting next_dagrun for example_task_group to 2023-09-19T22:35:12.594059+00:00, run_after=2023-09-20T22:35:12.594059+00:00
[2023-09-20T22:35:12.634+0000] {processor.py:179} INFO - Processing /home/airflow/.local/lib/python3.8/site-packages/airflow/example_dags/example_task_group.py took 0.171 seconds
[2023-09-20T22:35:43.416+0000] {processor.py:157} INFO - Started process (PID=1191) to work on /home/airflow/.local/lib/python3.8/site-packages/airflow/example_dags/example_task_group.py
[2023-09-20T22:35:43.419+0000] {processor.py:829} INFO - Processing file /home/airflow/.local/lib/python3.8/site-packages/airflow/example_dags/example_task_group.py for tasks to queue
[2023-09-20T22:35:43.425+0000] {logging_mixin.py:151} INFO - [2023-09-20T22:35:43.424+0000] {dagbag.py:539} INFO - Filling up the DagBag from /home/airflow/.local/lib/python3.8/site-packages/airflow/example_dags/example_task_group.py
[2023-09-20T22:35:43.444+0000] {processor.py:839} INFO - DAG(s) dict_keys(['example_task_group']) retrieved from /home/airflow/.local/lib/python3.8/site-packages/airflow/example_dags/example_task_group.py
[2023-09-20T22:35:43.486+0000] {logging_mixin.py:151} INFO - [2023-09-20T22:35:43.486+0000] {dag.py:2915} INFO - Sync 1 DAGs
[2023-09-20T22:35:43.523+0000] {logging_mixin.py:151} INFO - [2023-09-20T22:35:43.523+0000] {dag.py:3696} INFO - Setting next_dagrun for example_task_group to 2023-09-19T22:35:43.522769+00:00, run_after=2023-09-20T22:35:43.522769+00:00
[2023-09-20T22:35:43.562+0000] {processor.py:179} INFO - Processing /home/airflow/.local/lib/python3.8/site-packages/airflow/example_dags/example_task_group.py took 0.155 seconds
[2023-09-20T22:36:13.615+0000] {processor.py:157} INFO - Started process (PID=1245) to work on /home/airflow/.local/lib/python3.8/site-packages/airflow/example_dags/example_task_group.py
[2023-09-20T22:36:13.618+0000] {processor.py:829} INFO - Processing file /home/airflow/.local/lib/python3.8/site-packages/airflow/example_dags/example_task_group.py for tasks to queue
[2023-09-20T22:36:13.624+0000] {logging_mixin.py:151} INFO - [2023-09-20T22:36:13.623+0000] {dagbag.py:539} INFO - Filling up the DagBag from /home/airflow/.local/lib/python3.8/site-packages/airflow/example_dags/example_task_group.py
[2023-09-20T22:36:13.643+0000] {processor.py:839} INFO - DAG(s) dict_keys(['example_task_group']) retrieved from /home/airflow/.local/lib/python3.8/site-packages/airflow/example_dags/example_task_group.py
[2023-09-20T22:36:13.700+0000] {logging_mixin.py:151} INFO - [2023-09-20T22:36:13.700+0000] {dag.py:2915} INFO - Sync 1 DAGs
[2023-09-20T22:36:13.752+0000] {logging_mixin.py:151} INFO - [2023-09-20T22:36:13.752+0000] {dag.py:3696} INFO - Setting next_dagrun for example_task_group to 2023-09-19T22:36:13.752084+00:00, run_after=2023-09-20T22:36:13.752084+00:00
[2023-09-20T22:36:13.793+0000] {processor.py:179} INFO - Processing /home/airflow/.local/lib/python3.8/site-packages/airflow/example_dags/example_task_group.py took 0.186 seconds
[2023-09-20T22:36:44.443+0000] {processor.py:157} INFO - Started process (PID=1301) to work on /home/airflow/.local/lib/python3.8/site-packages/airflow/example_dags/example_task_group.py
[2023-09-20T22:36:44.445+0000] {processor.py:829} INFO - Processing file /home/airflow/.local/lib/python3.8/site-packages/airflow/example_dags/example_task_group.py for tasks to queue
[2023-09-20T22:36:44.451+0000] {logging_mixin.py:151} INFO - [2023-09-20T22:36:44.450+0000] {dagbag.py:539} INFO - Filling up the DagBag from /home/airflow/.local/lib/python3.8/site-packages/airflow/example_dags/example_task_group.py
[2023-09-20T22:36:44.472+0000] {processor.py:839} INFO - DAG(s) dict_keys(['example_task_group']) retrieved from /home/airflow/.local/lib/python3.8/site-packages/airflow/example_dags/example_task_group.py
[2023-09-20T22:36:44.528+0000] {logging_mixin.py:151} INFO - [2023-09-20T22:36:44.528+0000] {dag.py:2915} INFO - Sync 1 DAGs
[2023-09-20T22:36:44.572+0000] {logging_mixin.py:151} INFO - [2023-09-20T22:36:44.572+0000] {dag.py:3696} INFO - Setting next_dagrun for example_task_group to 2023-09-19T22:36:44.571735+00:00, run_after=2023-09-20T22:36:44.571735+00:00
[2023-09-20T22:36:44.632+0000] {processor.py:179} INFO - Processing /home/airflow/.local/lib/python3.8/site-packages/airflow/example_dags/example_task_group.py took 0.198 seconds
[2023-09-20T22:37:14.802+0000] {processor.py:157} INFO - Started process (PID=1357) to work on /home/airflow/.local/lib/python3.8/site-packages/airflow/example_dags/example_task_group.py
[2023-09-20T22:37:14.805+0000] {processor.py:829} INFO - Processing file /home/airflow/.local/lib/python3.8/site-packages/airflow/example_dags/example_task_group.py for tasks to queue
[2023-09-20T22:37:14.812+0000] {logging_mixin.py:151} INFO - [2023-09-20T22:37:14.811+0000] {dagbag.py:539} INFO - Filling up the DagBag from /home/airflow/.local/lib/python3.8/site-packages/airflow/example_dags/example_task_group.py
[2023-09-20T22:37:14.831+0000] {processor.py:839} INFO - DAG(s) dict_keys(['example_task_group']) retrieved from /home/airflow/.local/lib/python3.8/site-packages/airflow/example_dags/example_task_group.py
[2023-09-20T22:37:14.885+0000] {logging_mixin.py:151} INFO - [2023-09-20T22:37:14.884+0000] {dag.py:2915} INFO - Sync 1 DAGs
[2023-09-20T22:37:14.938+0000] {logging_mixin.py:151} INFO - [2023-09-20T22:37:14.938+0000] {dag.py:3696} INFO - Setting next_dagrun for example_task_group to 2023-09-19T22:37:14.937762+00:00, run_after=2023-09-20T22:37:14.937762+00:00
[2023-09-20T22:37:14.987+0000] {processor.py:179} INFO - Processing /home/airflow/.local/lib/python3.8/site-packages/airflow/example_dags/example_task_group.py took 0.197 seconds
[2023-09-20T22:37:45.539+0000] {processor.py:157} INFO - Started process (PID=1412) to work on /home/airflow/.local/lib/python3.8/site-packages/airflow/example_dags/example_task_group.py
[2023-09-20T22:37:45.542+0000] {processor.py:829} INFO - Processing file /home/airflow/.local/lib/python3.8/site-packages/airflow/example_dags/example_task_group.py for tasks to queue
[2023-09-20T22:37:45.548+0000] {logging_mixin.py:151} INFO - [2023-09-20T22:37:45.547+0000] {dagbag.py:539} INFO - Filling up the DagBag from /home/airflow/.local/lib/python3.8/site-packages/airflow/example_dags/example_task_group.py
[2023-09-20T22:37:45.561+0000] {processor.py:839} INFO - DAG(s) dict_keys(['example_task_group']) retrieved from /home/airflow/.local/lib/python3.8/site-packages/airflow/example_dags/example_task_group.py
[2023-09-20T22:37:45.590+0000] {logging_mixin.py:151} INFO - [2023-09-20T22:37:45.589+0000] {dag.py:2915} INFO - Sync 1 DAGs
[2023-09-20T22:37:45.641+0000] {logging_mixin.py:151} INFO - [2023-09-20T22:37:45.640+0000] {dag.py:3696} INFO - Setting next_dagrun for example_task_group to 2023-09-19T22:37:45.640431+00:00, run_after=2023-09-20T22:37:45.640431+00:00
[2023-09-20T22:37:45.675+0000] {processor.py:179} INFO - Processing /home/airflow/.local/lib/python3.8/site-packages/airflow/example_dags/example_task_group.py took 0.144 seconds
[2023-09-20T22:38:15.766+0000] {processor.py:157} INFO - Started process (PID=1467) to work on /home/airflow/.local/lib/python3.8/site-packages/airflow/example_dags/example_task_group.py
[2023-09-20T22:38:15.768+0000] {processor.py:829} INFO - Processing file /home/airflow/.local/lib/python3.8/site-packages/airflow/example_dags/example_task_group.py for tasks to queue
[2023-09-20T22:38:15.772+0000] {logging_mixin.py:151} INFO - [2023-09-20T22:38:15.772+0000] {dagbag.py:539} INFO - Filling up the DagBag from /home/airflow/.local/lib/python3.8/site-packages/airflow/example_dags/example_task_group.py
[2023-09-20T22:38:15.793+0000] {processor.py:839} INFO - DAG(s) dict_keys(['example_task_group']) retrieved from /home/airflow/.local/lib/python3.8/site-packages/airflow/example_dags/example_task_group.py
[2023-09-20T22:38:15.837+0000] {logging_mixin.py:151} INFO - [2023-09-20T22:38:15.837+0000] {dag.py:2915} INFO - Sync 1 DAGs
[2023-09-20T22:38:15.873+0000] {logging_mixin.py:151} INFO - [2023-09-20T22:38:15.873+0000] {dag.py:3696} INFO - Setting next_dagrun for example_task_group to 2023-09-19T22:38:15.872667+00:00, run_after=2023-09-20T22:38:15.872667+00:00
[2023-09-20T22:38:15.905+0000] {processor.py:179} INFO - Processing /home/airflow/.local/lib/python3.8/site-packages/airflow/example_dags/example_task_group.py took 0.147 seconds
[2023-09-20T22:38:46.147+0000] {processor.py:157} INFO - Started process (PID=1522) to work on /home/airflow/.local/lib/python3.8/site-packages/airflow/example_dags/example_task_group.py
[2023-09-20T22:38:46.149+0000] {processor.py:829} INFO - Processing file /home/airflow/.local/lib/python3.8/site-packages/airflow/example_dags/example_task_group.py for tasks to queue
[2023-09-20T22:38:46.158+0000] {logging_mixin.py:151} INFO - [2023-09-20T22:38:46.157+0000] {dagbag.py:539} INFO - Filling up the DagBag from /home/airflow/.local/lib/python3.8/site-packages/airflow/example_dags/example_task_group.py
[2023-09-20T22:38:46.183+0000] {processor.py:839} INFO - DAG(s) dict_keys(['example_task_group']) retrieved from /home/airflow/.local/lib/python3.8/site-packages/airflow/example_dags/example_task_group.py
[2023-09-20T22:38:46.243+0000] {logging_mixin.py:151} INFO - [2023-09-20T22:38:46.242+0000] {dag.py:2915} INFO - Sync 1 DAGs
[2023-09-20T22:38:46.296+0000] {logging_mixin.py:151} INFO - [2023-09-20T22:38:46.296+0000] {dag.py:3696} INFO - Setting next_dagrun for example_task_group to 2023-09-19T22:38:46.295517+00:00, run_after=2023-09-20T22:38:46.295517+00:00
[2023-09-20T22:38:46.348+0000] {processor.py:179} INFO - Processing /home/airflow/.local/lib/python3.8/site-packages/airflow/example_dags/example_task_group.py took 0.213 seconds
[2023-09-20T22:39:16.798+0000] {processor.py:157} INFO - Started process (PID=1577) to work on /home/airflow/.local/lib/python3.8/site-packages/airflow/example_dags/example_task_group.py
[2023-09-20T22:39:16.800+0000] {processor.py:829} INFO - Processing file /home/airflow/.local/lib/python3.8/site-packages/airflow/example_dags/example_task_group.py for tasks to queue
[2023-09-20T22:39:16.807+0000] {logging_mixin.py:151} INFO - [2023-09-20T22:39:16.806+0000] {dagbag.py:539} INFO - Filling up the DagBag from /home/airflow/.local/lib/python3.8/site-packages/airflow/example_dags/example_task_group.py
[2023-09-20T22:39:16.826+0000] {processor.py:839} INFO - DAG(s) dict_keys(['example_task_group']) retrieved from /home/airflow/.local/lib/python3.8/site-packages/airflow/example_dags/example_task_group.py
[2023-09-20T22:39:16.878+0000] {logging_mixin.py:151} INFO - [2023-09-20T22:39:16.877+0000] {dag.py:2915} INFO - Sync 1 DAGs
[2023-09-20T22:39:16.918+0000] {logging_mixin.py:151} INFO - [2023-09-20T22:39:16.917+0000] {dag.py:3696} INFO - Setting next_dagrun for example_task_group to 2023-09-19T22:39:16.917578+00:00, run_after=2023-09-20T22:39:16.917578+00:00
[2023-09-20T22:39:16.962+0000] {processor.py:179} INFO - Processing /home/airflow/.local/lib/python3.8/site-packages/airflow/example_dags/example_task_group.py took 0.174 seconds
[2023-09-20T22:39:47.198+0000] {processor.py:157} INFO - Started process (PID=1632) to work on /home/airflow/.local/lib/python3.8/site-packages/airflow/example_dags/example_task_group.py
[2023-09-20T22:39:47.201+0000] {processor.py:829} INFO - Processing file /home/airflow/.local/lib/python3.8/site-packages/airflow/example_dags/example_task_group.py for tasks to queue
[2023-09-20T22:39:47.209+0000] {logging_mixin.py:151} INFO - [2023-09-20T22:39:47.209+0000] {dagbag.py:539} INFO - Filling up the DagBag from /home/airflow/.local/lib/python3.8/site-packages/airflow/example_dags/example_task_group.py
[2023-09-20T22:39:47.230+0000] {processor.py:839} INFO - DAG(s) dict_keys(['example_task_group']) retrieved from /home/airflow/.local/lib/python3.8/site-packages/airflow/example_dags/example_task_group.py
[2023-09-20T22:39:47.271+0000] {logging_mixin.py:151} INFO - [2023-09-20T22:39:47.271+0000] {dag.py:2915} INFO - Sync 1 DAGs
[2023-09-20T22:39:47.301+0000] {logging_mixin.py:151} INFO - [2023-09-20T22:39:47.301+0000] {dag.py:3696} INFO - Setting next_dagrun for example_task_group to 2023-09-19T22:39:47.301025+00:00, run_after=2023-09-20T22:39:47.301025+00:00
[2023-09-20T22:39:47.361+0000] {processor.py:179} INFO - Processing /home/airflow/.local/lib/python3.8/site-packages/airflow/example_dags/example_task_group.py took 0.178 seconds
[2023-09-20T22:40:18.030+0000] {processor.py:157} INFO - Started process (PID=1686) to work on /home/airflow/.local/lib/python3.8/site-packages/airflow/example_dags/example_task_group.py
[2023-09-20T22:40:18.032+0000] {processor.py:829} INFO - Processing file /home/airflow/.local/lib/python3.8/site-packages/airflow/example_dags/example_task_group.py for tasks to queue
[2023-09-20T22:40:18.040+0000] {logging_mixin.py:151} INFO - [2023-09-20T22:40:18.040+0000] {dagbag.py:539} INFO - Filling up the DagBag from /home/airflow/.local/lib/python3.8/site-packages/airflow/example_dags/example_task_group.py
[2023-09-20T22:40:18.053+0000] {processor.py:839} INFO - DAG(s) dict_keys(['example_task_group']) retrieved from /home/airflow/.local/lib/python3.8/site-packages/airflow/example_dags/example_task_group.py
[2023-09-20T22:40:18.101+0000] {logging_mixin.py:151} INFO - [2023-09-20T22:40:18.100+0000] {dag.py:2915} INFO - Sync 1 DAGs
[2023-09-20T22:40:18.142+0000] {logging_mixin.py:151} INFO - [2023-09-20T22:40:18.141+0000] {dag.py:3696} INFO - Setting next_dagrun for example_task_group to 2023-09-19T22:40:18.141290+00:00, run_after=2023-09-20T22:40:18.141290+00:00
[2023-09-20T22:40:18.256+0000] {processor.py:179} INFO - Processing /home/airflow/.local/lib/python3.8/site-packages/airflow/example_dags/example_task_group.py took 0.236 seconds
[2023-09-20T22:40:48.389+0000] {processor.py:157} INFO - Started process (PID=1741) to work on /home/airflow/.local/lib/python3.8/site-packages/airflow/example_dags/example_task_group.py
[2023-09-20T22:40:48.391+0000] {processor.py:829} INFO - Processing file /home/airflow/.local/lib/python3.8/site-packages/airflow/example_dags/example_task_group.py for tasks to queue
[2023-09-20T22:40:48.401+0000] {logging_mixin.py:151} INFO - [2023-09-20T22:40:48.400+0000] {dagbag.py:539} INFO - Filling up the DagBag from /home/airflow/.local/lib/python3.8/site-packages/airflow/example_dags/example_task_group.py
[2023-09-20T22:40:48.417+0000] {processor.py:839} INFO - DAG(s) dict_keys(['example_task_group']) retrieved from /home/airflow/.local/lib/python3.8/site-packages/airflow/example_dags/example_task_group.py
[2023-09-20T22:40:48.457+0000] {logging_mixin.py:151} INFO - [2023-09-20T22:40:48.457+0000] {dag.py:2915} INFO - Sync 1 DAGs
[2023-09-20T22:40:48.490+0000] {logging_mixin.py:151} INFO - [2023-09-20T22:40:48.489+0000] {dag.py:3696} INFO - Setting next_dagrun for example_task_group to 2023-09-19T22:40:48.489602+00:00, run_after=2023-09-20T22:40:48.489602+00:00
[2023-09-20T22:40:48.532+0000] {processor.py:179} INFO - Processing /home/airflow/.local/lib/python3.8/site-packages/airflow/example_dags/example_task_group.py took 0.153 seconds
[2023-09-20T22:41:18.819+0000] {processor.py:157} INFO - Started process (PID=1796) to work on /home/airflow/.local/lib/python3.8/site-packages/airflow/example_dags/example_task_group.py
[2023-09-20T22:41:18.822+0000] {processor.py:829} INFO - Processing file /home/airflow/.local/lib/python3.8/site-packages/airflow/example_dags/example_task_group.py for tasks to queue
[2023-09-20T22:41:18.831+0000] {logging_mixin.py:151} INFO - [2023-09-20T22:41:18.830+0000] {dagbag.py:539} INFO - Filling up the DagBag from /home/airflow/.local/lib/python3.8/site-packages/airflow/example_dags/example_task_group.py
[2023-09-20T22:41:18.841+0000] {processor.py:839} INFO - DAG(s) dict_keys(['example_task_group']) retrieved from /home/airflow/.local/lib/python3.8/site-packages/airflow/example_dags/example_task_group.py
[2023-09-20T22:41:18.889+0000] {logging_mixin.py:151} INFO - [2023-09-20T22:41:18.889+0000] {dag.py:2915} INFO - Sync 1 DAGs
[2023-09-20T22:41:18.924+0000] {logging_mixin.py:151} INFO - [2023-09-20T22:41:18.924+0000] {dag.py:3696} INFO - Setting next_dagrun for example_task_group to 2023-09-19T22:41:18.924025+00:00, run_after=2023-09-20T22:41:18.924025+00:00
[2023-09-20T22:41:18.965+0000] {processor.py:179} INFO - Processing /home/airflow/.local/lib/python3.8/site-packages/airflow/example_dags/example_task_group.py took 0.156 seconds
[2023-09-20T22:41:49.522+0000] {processor.py:157} INFO - Started process (PID=1851) to work on /home/airflow/.local/lib/python3.8/site-packages/airflow/example_dags/example_task_group.py
[2023-09-20T22:41:49.525+0000] {processor.py:829} INFO - Processing file /home/airflow/.local/lib/python3.8/site-packages/airflow/example_dags/example_task_group.py for tasks to queue
[2023-09-20T22:41:49.534+0000] {logging_mixin.py:151} INFO - [2023-09-20T22:41:49.533+0000] {dagbag.py:539} INFO - Filling up the DagBag from /home/airflow/.local/lib/python3.8/site-packages/airflow/example_dags/example_task_group.py
[2023-09-20T22:41:49.552+0000] {processor.py:839} INFO - DAG(s) dict_keys(['example_task_group']) retrieved from /home/airflow/.local/lib/python3.8/site-packages/airflow/example_dags/example_task_group.py
[2023-09-20T22:41:49.600+0000] {logging_mixin.py:151} INFO - [2023-09-20T22:41:49.600+0000] {dag.py:2915} INFO - Sync 1 DAGs
[2023-09-20T22:41:49.631+0000] {logging_mixin.py:151} INFO - [2023-09-20T22:41:49.630+0000] {dag.py:3696} INFO - Setting next_dagrun for example_task_group to 2023-09-19T22:41:49.630508+00:00, run_after=2023-09-20T22:41:49.630508+00:00
[2023-09-20T22:41:49.665+0000] {processor.py:179} INFO - Processing /home/airflow/.local/lib/python3.8/site-packages/airflow/example_dags/example_task_group.py took 0.153 seconds
[2023-09-20T22:42:20.075+0000] {processor.py:157} INFO - Started process (PID=1906) to work on /home/airflow/.local/lib/python3.8/site-packages/airflow/example_dags/example_task_group.py
[2023-09-20T22:42:20.077+0000] {processor.py:829} INFO - Processing file /home/airflow/.local/lib/python3.8/site-packages/airflow/example_dags/example_task_group.py for tasks to queue
[2023-09-20T22:42:20.085+0000] {logging_mixin.py:151} INFO - [2023-09-20T22:42:20.085+0000] {dagbag.py:539} INFO - Filling up the DagBag from /home/airflow/.local/lib/python3.8/site-packages/airflow/example_dags/example_task_group.py
[2023-09-20T22:42:20.101+0000] {processor.py:839} INFO - DAG(s) dict_keys(['example_task_group']) retrieved from /home/airflow/.local/lib/python3.8/site-packages/airflow/example_dags/example_task_group.py
[2023-09-20T22:42:20.142+0000] {logging_mixin.py:151} INFO - [2023-09-20T22:42:20.141+0000] {dag.py:2915} INFO - Sync 1 DAGs
[2023-09-20T22:42:20.180+0000] {logging_mixin.py:151} INFO - [2023-09-20T22:42:20.179+0000] {dag.py:3696} INFO - Setting next_dagrun for example_task_group to 2023-09-19T22:42:20.179492+00:00, run_after=2023-09-20T22:42:20.179492+00:00
[2023-09-20T22:42:20.221+0000] {processor.py:179} INFO - Processing /home/airflow/.local/lib/python3.8/site-packages/airflow/example_dags/example_task_group.py took 0.154 seconds
[2023-09-20T22:42:50.708+0000] {processor.py:157} INFO - Started process (PID=1961) to work on /home/airflow/.local/lib/python3.8/site-packages/airflow/example_dags/example_task_group.py
[2023-09-20T22:42:50.710+0000] {processor.py:829} INFO - Processing file /home/airflow/.local/lib/python3.8/site-packages/airflow/example_dags/example_task_group.py for tasks to queue
[2023-09-20T22:42:50.717+0000] {logging_mixin.py:151} INFO - [2023-09-20T22:42:50.716+0000] {dagbag.py:539} INFO - Filling up the DagBag from /home/airflow/.local/lib/python3.8/site-packages/airflow/example_dags/example_task_group.py
[2023-09-20T22:42:50.735+0000] {processor.py:839} INFO - DAG(s) dict_keys(['example_task_group']) retrieved from /home/airflow/.local/lib/python3.8/site-packages/airflow/example_dags/example_task_group.py
[2023-09-20T22:42:50.779+0000] {logging_mixin.py:151} INFO - [2023-09-20T22:42:50.779+0000] {dag.py:2915} INFO - Sync 1 DAGs
[2023-09-20T22:42:50.814+0000] {logging_mixin.py:151} INFO - [2023-09-20T22:42:50.814+0000] {dag.py:3696} INFO - Setting next_dagrun for example_task_group to 2023-09-19T22:42:50.814295+00:00, run_after=2023-09-20T22:42:50.814295+00:00
[2023-09-20T22:42:50.857+0000] {processor.py:179} INFO - Processing /home/airflow/.local/lib/python3.8/site-packages/airflow/example_dags/example_task_group.py took 0.158 seconds
[2023-09-20T22:43:21.128+0000] {processor.py:157} INFO - Started process (PID=2016) to work on /home/airflow/.local/lib/python3.8/site-packages/airflow/example_dags/example_task_group.py
[2023-09-20T22:43:21.130+0000] {processor.py:829} INFO - Processing file /home/airflow/.local/lib/python3.8/site-packages/airflow/example_dags/example_task_group.py for tasks to queue
[2023-09-20T22:43:21.138+0000] {logging_mixin.py:151} INFO - [2023-09-20T22:43:21.137+0000] {dagbag.py:539} INFO - Filling up the DagBag from /home/airflow/.local/lib/python3.8/site-packages/airflow/example_dags/example_task_group.py
[2023-09-20T22:43:21.158+0000] {processor.py:839} INFO - DAG(s) dict_keys(['example_task_group']) retrieved from /home/airflow/.local/lib/python3.8/site-packages/airflow/example_dags/example_task_group.py
[2023-09-20T22:43:21.198+0000] {logging_mixin.py:151} INFO - [2023-09-20T22:43:21.198+0000] {dag.py:2915} INFO - Sync 1 DAGs
[2023-09-20T22:43:21.229+0000] {logging_mixin.py:151} INFO - [2023-09-20T22:43:21.228+0000] {dag.py:3696} INFO - Setting next_dagrun for example_task_group to 2023-09-19T22:43:21.228506+00:00, run_after=2023-09-20T22:43:21.228506+00:00
[2023-09-20T22:43:21.269+0000] {processor.py:179} INFO - Processing /home/airflow/.local/lib/python3.8/site-packages/airflow/example_dags/example_task_group.py took 0.151 seconds
[2023-09-20T22:43:52.135+0000] {processor.py:157} INFO - Started process (PID=2071) to work on /home/airflow/.local/lib/python3.8/site-packages/airflow/example_dags/example_task_group.py
[2023-09-20T22:43:52.137+0000] {processor.py:829} INFO - Processing file /home/airflow/.local/lib/python3.8/site-packages/airflow/example_dags/example_task_group.py for tasks to queue
[2023-09-20T22:43:52.143+0000] {logging_mixin.py:151} INFO - [2023-09-20T22:43:52.143+0000] {dagbag.py:539} INFO - Filling up the DagBag from /home/airflow/.local/lib/python3.8/site-packages/airflow/example_dags/example_task_group.py
[2023-09-20T22:43:52.156+0000] {processor.py:839} INFO - DAG(s) dict_keys(['example_task_group']) retrieved from /home/airflow/.local/lib/python3.8/site-packages/airflow/example_dags/example_task_group.py
[2023-09-20T22:43:52.192+0000] {logging_mixin.py:151} INFO - [2023-09-20T22:43:52.192+0000] {dag.py:2915} INFO - Sync 1 DAGs
[2023-09-20T22:43:52.222+0000] {logging_mixin.py:151} INFO - [2023-09-20T22:43:52.222+0000] {dag.py:3696} INFO - Setting next_dagrun for example_task_group to 2023-09-19T22:43:52.222128+00:00, run_after=2023-09-20T22:43:52.222128+00:00
[2023-09-20T22:43:52.256+0000] {processor.py:179} INFO - Processing /home/airflow/.local/lib/python3.8/site-packages/airflow/example_dags/example_task_group.py took 0.130 seconds
[2023-09-20T22:44:22.974+0000] {processor.py:157} INFO - Started process (PID=2126) to work on /home/airflow/.local/lib/python3.8/site-packages/airflow/example_dags/example_task_group.py
[2023-09-20T22:44:22.977+0000] {processor.py:829} INFO - Processing file /home/airflow/.local/lib/python3.8/site-packages/airflow/example_dags/example_task_group.py for tasks to queue
[2023-09-20T22:44:22.985+0000] {logging_mixin.py:151} INFO - [2023-09-20T22:44:22.984+0000] {dagbag.py:539} INFO - Filling up the DagBag from /home/airflow/.local/lib/python3.8/site-packages/airflow/example_dags/example_task_group.py
[2023-09-20T22:44:23.004+0000] {processor.py:839} INFO - DAG(s) dict_keys(['example_task_group']) retrieved from /home/airflow/.local/lib/python3.8/site-packages/airflow/example_dags/example_task_group.py
[2023-09-20T22:44:23.053+0000] {logging_mixin.py:151} INFO - [2023-09-20T22:44:23.053+0000] {dag.py:2915} INFO - Sync 1 DAGs
[2023-09-20T22:44:23.093+0000] {logging_mixin.py:151} INFO - [2023-09-20T22:44:23.093+0000] {dag.py:3696} INFO - Setting next_dagrun for example_task_group to 2023-09-19T22:44:23.092626+00:00, run_after=2023-09-20T22:44:23.092626+00:00
[2023-09-20T22:44:23.140+0000] {processor.py:179} INFO - Processing /home/airflow/.local/lib/python3.8/site-packages/airflow/example_dags/example_task_group.py took 0.177 seconds
[2023-09-20T22:44:53.912+0000] {processor.py:157} INFO - Started process (PID=2182) to work on /home/airflow/.local/lib/python3.8/site-packages/airflow/example_dags/example_task_group.py
[2023-09-20T22:44:53.913+0000] {processor.py:829} INFO - Processing file /home/airflow/.local/lib/python3.8/site-packages/airflow/example_dags/example_task_group.py for tasks to queue
[2023-09-20T22:44:53.917+0000] {logging_mixin.py:151} INFO - [2023-09-20T22:44:53.917+0000] {dagbag.py:539} INFO - Filling up the DagBag from /home/airflow/.local/lib/python3.8/site-packages/airflow/example_dags/example_task_group.py
[2023-09-20T22:44:53.932+0000] {processor.py:839} INFO - DAG(s) dict_keys(['example_task_group']) retrieved from /home/airflow/.local/lib/python3.8/site-packages/airflow/example_dags/example_task_group.py
[2023-09-20T22:44:53.974+0000] {logging_mixin.py:151} INFO - [2023-09-20T22:44:53.974+0000] {dag.py:2915} INFO - Sync 1 DAGs
[2023-09-20T22:44:54.012+0000] {logging_mixin.py:151} INFO - [2023-09-20T22:44:54.012+0000] {dag.py:3696} INFO - Setting next_dagrun for example_task_group to 2023-09-19T22:44:54.012027+00:00, run_after=2023-09-20T22:44:54.012027+00:00
[2023-09-20T22:44:54.063+0000] {processor.py:179} INFO - Processing /home/airflow/.local/lib/python3.8/site-packages/airflow/example_dags/example_task_group.py took 0.157 seconds
[2023-09-20T22:45:24.861+0000] {processor.py:157} INFO - Started process (PID=2244) to work on /home/airflow/.local/lib/python3.8/site-packages/airflow/example_dags/example_task_group.py
[2023-09-20T22:45:24.864+0000] {processor.py:829} INFO - Processing file /home/airflow/.local/lib/python3.8/site-packages/airflow/example_dags/example_task_group.py for tasks to queue
[2023-09-20T22:45:24.871+0000] {logging_mixin.py:151} INFO - [2023-09-20T22:45:24.871+0000] {dagbag.py:539} INFO - Filling up the DagBag from /home/airflow/.local/lib/python3.8/site-packages/airflow/example_dags/example_task_group.py
[2023-09-20T22:45:24.889+0000] {processor.py:839} INFO - DAG(s) dict_keys(['example_task_group']) retrieved from /home/airflow/.local/lib/python3.8/site-packages/airflow/example_dags/example_task_group.py
[2023-09-20T22:45:24.933+0000] {logging_mixin.py:151} INFO - [2023-09-20T22:45:24.933+0000] {dag.py:2915} INFO - Sync 1 DAGs
[2023-09-20T22:45:24.963+0000] {logging_mixin.py:151} INFO - [2023-09-20T22:45:24.963+0000] {dag.py:3696} INFO - Setting next_dagrun for example_task_group to 2023-09-19T22:45:24.962799+00:00, run_after=2023-09-20T22:45:24.962799+00:00
[2023-09-20T22:45:25.018+0000] {processor.py:179} INFO - Processing /home/airflow/.local/lib/python3.8/site-packages/airflow/example_dags/example_task_group.py took 0.167 seconds
[2023-09-20T22:45:55.485+0000] {processor.py:157} INFO - Started process (PID=2299) to work on /home/airflow/.local/lib/python3.8/site-packages/airflow/example_dags/example_task_group.py
[2023-09-20T22:45:55.488+0000] {processor.py:829} INFO - Processing file /home/airflow/.local/lib/python3.8/site-packages/airflow/example_dags/example_task_group.py for tasks to queue
[2023-09-20T22:45:55.500+0000] {logging_mixin.py:151} INFO - [2023-09-20T22:45:55.499+0000] {dagbag.py:539} INFO - Filling up the DagBag from /home/airflow/.local/lib/python3.8/site-packages/airflow/example_dags/example_task_group.py
[2023-09-20T22:45:55.521+0000] {processor.py:839} INFO - DAG(s) dict_keys(['example_task_group']) retrieved from /home/airflow/.local/lib/python3.8/site-packages/airflow/example_dags/example_task_group.py
[2023-09-20T22:45:55.570+0000] {logging_mixin.py:151} INFO - [2023-09-20T22:45:55.570+0000] {dag.py:2915} INFO - Sync 1 DAGs
[2023-09-20T22:45:55.613+0000] {logging_mixin.py:151} INFO - [2023-09-20T22:45:55.612+0000] {dag.py:3696} INFO - Setting next_dagrun for example_task_group to 2023-09-19T22:45:55.612209+00:00, run_after=2023-09-20T22:45:55.612209+00:00
[2023-09-20T22:45:55.644+0000] {processor.py:179} INFO - Processing /home/airflow/.local/lib/python3.8/site-packages/airflow/example_dags/example_task_group.py took 0.170 seconds
[2023-09-20T22:46:25.769+0000] {processor.py:157} INFO - Started process (PID=2354) to work on /home/airflow/.local/lib/python3.8/site-packages/airflow/example_dags/example_task_group.py
[2023-09-20T22:46:25.771+0000] {processor.py:829} INFO - Processing file /home/airflow/.local/lib/python3.8/site-packages/airflow/example_dags/example_task_group.py for tasks to queue
[2023-09-20T22:46:25.775+0000] {logging_mixin.py:151} INFO - [2023-09-20T22:46:25.774+0000] {dagbag.py:539} INFO - Filling up the DagBag from /home/airflow/.local/lib/python3.8/site-packages/airflow/example_dags/example_task_group.py
[2023-09-20T22:46:25.787+0000] {processor.py:839} INFO - DAG(s) dict_keys(['example_task_group']) retrieved from /home/airflow/.local/lib/python3.8/site-packages/airflow/example_dags/example_task_group.py
[2023-09-20T22:46:25.816+0000] {logging_mixin.py:151} INFO - [2023-09-20T22:46:25.815+0000] {dag.py:2915} INFO - Sync 1 DAGs
[2023-09-20T22:46:25.846+0000] {logging_mixin.py:151} INFO - [2023-09-20T22:46:25.845+0000] {dag.py:3696} INFO - Setting next_dagrun for example_task_group to 2023-09-19T22:46:25.845619+00:00, run_after=2023-09-20T22:46:25.845619+00:00
[2023-09-20T22:46:25.882+0000] {processor.py:179} INFO - Processing /home/airflow/.local/lib/python3.8/site-packages/airflow/example_dags/example_task_group.py took 0.117 seconds
[2023-09-20T22:46:56.645+0000] {processor.py:157} INFO - Started process (PID=2409) to work on /home/airflow/.local/lib/python3.8/site-packages/airflow/example_dags/example_task_group.py
[2023-09-20T22:46:56.647+0000] {processor.py:829} INFO - Processing file /home/airflow/.local/lib/python3.8/site-packages/airflow/example_dags/example_task_group.py for tasks to queue
[2023-09-20T22:46:56.651+0000] {logging_mixin.py:151} INFO - [2023-09-20T22:46:56.651+0000] {dagbag.py:539} INFO - Filling up the DagBag from /home/airflow/.local/lib/python3.8/site-packages/airflow/example_dags/example_task_group.py
[2023-09-20T22:46:56.662+0000] {processor.py:839} INFO - DAG(s) dict_keys(['example_task_group']) retrieved from /home/airflow/.local/lib/python3.8/site-packages/airflow/example_dags/example_task_group.py
[2023-09-20T22:46:56.698+0000] {logging_mixin.py:151} INFO - [2023-09-20T22:46:56.698+0000] {dag.py:2915} INFO - Sync 1 DAGs
[2023-09-20T22:46:56.744+0000] {logging_mixin.py:151} INFO - [2023-09-20T22:46:56.744+0000] {dag.py:3696} INFO - Setting next_dagrun for example_task_group to 2023-09-19T22:46:56.744019+00:00, run_after=2023-09-20T22:46:56.744019+00:00
[2023-09-20T22:46:56.797+0000] {processor.py:179} INFO - Processing /home/airflow/.local/lib/python3.8/site-packages/airflow/example_dags/example_task_group.py took 0.156 seconds
[2023-09-20T22:47:27.630+0000] {processor.py:157} INFO - Started process (PID=2464) to work on /home/airflow/.local/lib/python3.8/site-packages/airflow/example_dags/example_task_group.py
[2023-09-20T22:47:27.631+0000] {processor.py:829} INFO - Processing file /home/airflow/.local/lib/python3.8/site-packages/airflow/example_dags/example_task_group.py for tasks to queue
[2023-09-20T22:47:27.635+0000] {logging_mixin.py:151} INFO - [2023-09-20T22:47:27.635+0000] {dagbag.py:539} INFO - Filling up the DagBag from /home/airflow/.local/lib/python3.8/site-packages/airflow/example_dags/example_task_group.py
[2023-09-20T22:47:27.648+0000] {processor.py:839} INFO - DAG(s) dict_keys(['example_task_group']) retrieved from /home/airflow/.local/lib/python3.8/site-packages/airflow/example_dags/example_task_group.py
[2023-09-20T22:47:27.687+0000] {logging_mixin.py:151} INFO - [2023-09-20T22:47:27.687+0000] {dag.py:2915} INFO - Sync 1 DAGs
[2023-09-20T22:47:27.727+0000] {logging_mixin.py:151} INFO - [2023-09-20T22:47:27.727+0000] {dag.py:3696} INFO - Setting next_dagrun for example_task_group to 2023-09-19T22:47:27.727120+00:00, run_after=2023-09-20T22:47:27.727120+00:00
[2023-09-20T22:47:27.821+0000] {processor.py:179} INFO - Processing /home/airflow/.local/lib/python3.8/site-packages/airflow/example_dags/example_task_group.py took 0.197 seconds
[2023-09-20T22:47:58.200+0000] {processor.py:157} INFO - Started process (PID=2519) to work on /home/airflow/.local/lib/python3.8/site-packages/airflow/example_dags/example_task_group.py
[2023-09-20T22:47:58.203+0000] {processor.py:829} INFO - Processing file /home/airflow/.local/lib/python3.8/site-packages/airflow/example_dags/example_task_group.py for tasks to queue
[2023-09-20T22:47:58.210+0000] {logging_mixin.py:151} INFO - [2023-09-20T22:47:58.209+0000] {dagbag.py:539} INFO - Filling up the DagBag from /home/airflow/.local/lib/python3.8/site-packages/airflow/example_dags/example_task_group.py
[2023-09-20T22:47:58.226+0000] {processor.py:839} INFO - DAG(s) dict_keys(['example_task_group']) retrieved from /home/airflow/.local/lib/python3.8/site-packages/airflow/example_dags/example_task_group.py
[2023-09-20T22:47:58.280+0000] {logging_mixin.py:151} INFO - [2023-09-20T22:47:58.280+0000] {dag.py:2915} INFO - Sync 1 DAGs
[2023-09-20T22:47:58.316+0000] {logging_mixin.py:151} INFO - [2023-09-20T22:47:58.316+0000] {dag.py:3696} INFO - Setting next_dagrun for example_task_group to 2023-09-19T22:47:58.315628+00:00, run_after=2023-09-20T22:47:58.315628+00:00
[2023-09-20T22:47:58.365+0000] {processor.py:179} INFO - Processing /home/airflow/.local/lib/python3.8/site-packages/airflow/example_dags/example_task_group.py took 0.174 seconds
[2023-09-20T22:48:28.813+0000] {processor.py:157} INFO - Started process (PID=2574) to work on /home/airflow/.local/lib/python3.8/site-packages/airflow/example_dags/example_task_group.py
[2023-09-20T22:48:28.815+0000] {processor.py:829} INFO - Processing file /home/airflow/.local/lib/python3.8/site-packages/airflow/example_dags/example_task_group.py for tasks to queue
[2023-09-20T22:48:28.822+0000] {logging_mixin.py:151} INFO - [2023-09-20T22:48:28.821+0000] {dagbag.py:539} INFO - Filling up the DagBag from /home/airflow/.local/lib/python3.8/site-packages/airflow/example_dags/example_task_group.py
[2023-09-20T22:48:28.843+0000] {processor.py:839} INFO - DAG(s) dict_keys(['example_task_group']) retrieved from /home/airflow/.local/lib/python3.8/site-packages/airflow/example_dags/example_task_group.py
[2023-09-20T22:48:28.896+0000] {logging_mixin.py:151} INFO - [2023-09-20T22:48:28.895+0000] {dag.py:2915} INFO - Sync 1 DAGs
[2023-09-20T22:48:28.924+0000] {logging_mixin.py:151} INFO - [2023-09-20T22:48:28.924+0000] {dag.py:3696} INFO - Setting next_dagrun for example_task_group to 2023-09-19T22:48:28.924195+00:00, run_after=2023-09-20T22:48:28.924195+00:00
[2023-09-20T22:48:28.972+0000] {processor.py:179} INFO - Processing /home/airflow/.local/lib/python3.8/site-packages/airflow/example_dags/example_task_group.py took 0.169 seconds
[2023-09-20T22:48:59.383+0000] {processor.py:157} INFO - Started process (PID=2629) to work on /home/airflow/.local/lib/python3.8/site-packages/airflow/example_dags/example_task_group.py
[2023-09-20T22:48:59.385+0000] {processor.py:829} INFO - Processing file /home/airflow/.local/lib/python3.8/site-packages/airflow/example_dags/example_task_group.py for tasks to queue
[2023-09-20T22:48:59.393+0000] {logging_mixin.py:151} INFO - [2023-09-20T22:48:59.392+0000] {dagbag.py:539} INFO - Filling up the DagBag from /home/airflow/.local/lib/python3.8/site-packages/airflow/example_dags/example_task_group.py
[2023-09-20T22:48:59.411+0000] {processor.py:839} INFO - DAG(s) dict_keys(['example_task_group']) retrieved from /home/airflow/.local/lib/python3.8/site-packages/airflow/example_dags/example_task_group.py
[2023-09-20T22:48:59.457+0000] {logging_mixin.py:151} INFO - [2023-09-20T22:48:59.457+0000] {dag.py:2915} INFO - Sync 1 DAGs
[2023-09-20T22:48:59.495+0000] {logging_mixin.py:151} INFO - [2023-09-20T22:48:59.495+0000] {dag.py:3696} INFO - Setting next_dagrun for example_task_group to 2023-09-19T22:48:59.495085+00:00, run_after=2023-09-20T22:48:59.495085+00:00
[2023-09-20T22:48:59.537+0000] {processor.py:179} INFO - Processing /home/airflow/.local/lib/python3.8/site-packages/airflow/example_dags/example_task_group.py took 0.165 seconds
[2023-09-20T22:49:29.983+0000] {processor.py:157} INFO - Started process (PID=2684) to work on /home/airflow/.local/lib/python3.8/site-packages/airflow/example_dags/example_task_group.py
[2023-09-20T22:49:29.985+0000] {processor.py:829} INFO - Processing file /home/airflow/.local/lib/python3.8/site-packages/airflow/example_dags/example_task_group.py for tasks to queue
[2023-09-20T22:49:29.989+0000] {logging_mixin.py:151} INFO - [2023-09-20T22:49:29.988+0000] {dagbag.py:539} INFO - Filling up the DagBag from /home/airflow/.local/lib/python3.8/site-packages/airflow/example_dags/example_task_group.py
[2023-09-20T22:49:29.999+0000] {processor.py:839} INFO - DAG(s) dict_keys(['example_task_group']) retrieved from /home/airflow/.local/lib/python3.8/site-packages/airflow/example_dags/example_task_group.py
[2023-09-20T22:49:30.039+0000] {logging_mixin.py:151} INFO - [2023-09-20T22:49:30.039+0000] {dag.py:2915} INFO - Sync 1 DAGs
[2023-09-20T22:49:30.075+0000] {logging_mixin.py:151} INFO - [2023-09-20T22:49:30.074+0000] {dag.py:3696} INFO - Setting next_dagrun for example_task_group to 2023-09-19T22:49:30.074133+00:00, run_after=2023-09-20T22:49:30.074133+00:00
[2023-09-20T22:49:30.116+0000] {processor.py:179} INFO - Processing /home/airflow/.local/lib/python3.8/site-packages/airflow/example_dags/example_task_group.py took 0.138 seconds
[2023-09-20T22:50:00.209+0000] {processor.py:157} INFO - Started process (PID=2739) to work on /home/airflow/.local/lib/python3.8/site-packages/airflow/example_dags/example_task_group.py
[2023-09-20T22:50:00.211+0000] {processor.py:829} INFO - Processing file /home/airflow/.local/lib/python3.8/site-packages/airflow/example_dags/example_task_group.py for tasks to queue
[2023-09-20T22:50:00.216+0000] {logging_mixin.py:151} INFO - [2023-09-20T22:50:00.215+0000] {dagbag.py:539} INFO - Filling up the DagBag from /home/airflow/.local/lib/python3.8/site-packages/airflow/example_dags/example_task_group.py
[2023-09-20T22:50:00.229+0000] {processor.py:839} INFO - DAG(s) dict_keys(['example_task_group']) retrieved from /home/airflow/.local/lib/python3.8/site-packages/airflow/example_dags/example_task_group.py
[2023-09-20T22:50:00.259+0000] {logging_mixin.py:151} INFO - [2023-09-20T22:50:00.259+0000] {dag.py:2915} INFO - Sync 1 DAGs
[2023-09-20T22:50:00.288+0000] {logging_mixin.py:151} INFO - [2023-09-20T22:50:00.288+0000] {dag.py:3696} INFO - Setting next_dagrun for example_task_group to 2023-09-19T22:50:00.288126+00:00, run_after=2023-09-20T22:50:00.288126+00:00
[2023-09-20T22:50:00.329+0000] {processor.py:179} INFO - Processing /home/airflow/.local/lib/python3.8/site-packages/airflow/example_dags/example_task_group.py took 0.126 seconds
[2023-09-20T22:50:30.973+0000] {processor.py:157} INFO - Started process (PID=2794) to work on /home/airflow/.local/lib/python3.8/site-packages/airflow/example_dags/example_task_group.py
[2023-09-20T22:50:30.976+0000] {processor.py:829} INFO - Processing file /home/airflow/.local/lib/python3.8/site-packages/airflow/example_dags/example_task_group.py for tasks to queue
[2023-09-20T22:50:30.984+0000] {logging_mixin.py:151} INFO - [2023-09-20T22:50:30.984+0000] {dagbag.py:539} INFO - Filling up the DagBag from /home/airflow/.local/lib/python3.8/site-packages/airflow/example_dags/example_task_group.py
[2023-09-20T22:50:30.997+0000] {processor.py:839} INFO - DAG(s) dict_keys(['example_task_group']) retrieved from /home/airflow/.local/lib/python3.8/site-packages/airflow/example_dags/example_task_group.py
[2023-09-20T22:50:31.034+0000] {logging_mixin.py:151} INFO - [2023-09-20T22:50:31.034+0000] {dag.py:2915} INFO - Sync 1 DAGs
[2023-09-20T22:50:31.069+0000] {logging_mixin.py:151} INFO - [2023-09-20T22:50:31.068+0000] {dag.py:3696} INFO - Setting next_dagrun for example_task_group to 2023-09-19T22:50:31.068529+00:00, run_after=2023-09-20T22:50:31.068529+00:00
[2023-09-20T22:50:31.108+0000] {processor.py:179} INFO - Processing /home/airflow/.local/lib/python3.8/site-packages/airflow/example_dags/example_task_group.py took 0.147 seconds
[2023-09-20T22:51:01.384+0000] {processor.py:157} INFO - Started process (PID=2849) to work on /home/airflow/.local/lib/python3.8/site-packages/airflow/example_dags/example_task_group.py
[2023-09-20T22:51:01.386+0000] {processor.py:829} INFO - Processing file /home/airflow/.local/lib/python3.8/site-packages/airflow/example_dags/example_task_group.py for tasks to queue
[2023-09-20T22:51:01.395+0000] {logging_mixin.py:151} INFO - [2023-09-20T22:51:01.394+0000] {dagbag.py:539} INFO - Filling up the DagBag from /home/airflow/.local/lib/python3.8/site-packages/airflow/example_dags/example_task_group.py
[2023-09-20T22:51:01.417+0000] {processor.py:839} INFO - DAG(s) dict_keys(['example_task_group']) retrieved from /home/airflow/.local/lib/python3.8/site-packages/airflow/example_dags/example_task_group.py
[2023-09-20T22:51:01.450+0000] {logging_mixin.py:151} INFO - [2023-09-20T22:51:01.450+0000] {dag.py:2915} INFO - Sync 1 DAGs
[2023-09-20T22:51:01.479+0000] {logging_mixin.py:151} INFO - [2023-09-20T22:51:01.479+0000] {dag.py:3696} INFO - Setting next_dagrun for example_task_group to 2023-09-19T22:51:01.479041+00:00, run_after=2023-09-20T22:51:01.479041+00:00
[2023-09-20T22:51:01.520+0000] {processor.py:179} INFO - Processing /home/airflow/.local/lib/python3.8/site-packages/airflow/example_dags/example_task_group.py took 0.147 seconds
[2023-09-20T22:51:31.654+0000] {processor.py:157} INFO - Started process (PID=2904) to work on /home/airflow/.local/lib/python3.8/site-packages/airflow/example_dags/example_task_group.py
[2023-09-20T22:51:31.656+0000] {processor.py:829} INFO - Processing file /home/airflow/.local/lib/python3.8/site-packages/airflow/example_dags/example_task_group.py for tasks to queue
[2023-09-20T22:51:31.662+0000] {logging_mixin.py:151} INFO - [2023-09-20T22:51:31.661+0000] {dagbag.py:539} INFO - Filling up the DagBag from /home/airflow/.local/lib/python3.8/site-packages/airflow/example_dags/example_task_group.py
[2023-09-20T22:51:31.678+0000] {processor.py:839} INFO - DAG(s) dict_keys(['example_task_group']) retrieved from /home/airflow/.local/lib/python3.8/site-packages/airflow/example_dags/example_task_group.py
[2023-09-20T22:51:31.726+0000] {logging_mixin.py:151} INFO - [2023-09-20T22:51:31.726+0000] {dag.py:2915} INFO - Sync 1 DAGs
[2023-09-20T22:51:31.762+0000] {logging_mixin.py:151} INFO - [2023-09-20T22:51:31.762+0000] {dag.py:3696} INFO - Setting next_dagrun for example_task_group to 2023-09-19T22:51:31.762039+00:00, run_after=2023-09-20T22:51:31.762039+00:00
[2023-09-20T22:51:31.801+0000] {processor.py:179} INFO - Processing /home/airflow/.local/lib/python3.8/site-packages/airflow/example_dags/example_task_group.py took 0.158 seconds
[2023-09-20T22:52:01.918+0000] {processor.py:157} INFO - Started process (PID=2960) to work on /home/airflow/.local/lib/python3.8/site-packages/airflow/example_dags/example_task_group.py
[2023-09-20T22:52:01.920+0000] {processor.py:829} INFO - Processing file /home/airflow/.local/lib/python3.8/site-packages/airflow/example_dags/example_task_group.py for tasks to queue
[2023-09-20T22:52:01.926+0000] {logging_mixin.py:151} INFO - [2023-09-20T22:52:01.925+0000] {dagbag.py:539} INFO - Filling up the DagBag from /home/airflow/.local/lib/python3.8/site-packages/airflow/example_dags/example_task_group.py
[2023-09-20T22:52:01.947+0000] {processor.py:839} INFO - DAG(s) dict_keys(['example_task_group']) retrieved from /home/airflow/.local/lib/python3.8/site-packages/airflow/example_dags/example_task_group.py
[2023-09-20T22:52:02.009+0000] {logging_mixin.py:151} INFO - [2023-09-20T22:52:02.009+0000] {dag.py:2915} INFO - Sync 1 DAGs
[2023-09-20T22:52:02.045+0000] {logging_mixin.py:151} INFO - [2023-09-20T22:52:02.045+0000] {dag.py:3696} INFO - Setting next_dagrun for example_task_group to 2023-09-19T22:52:02.045270+00:00, run_after=2023-09-20T22:52:02.045270+00:00
[2023-09-20T22:52:02.086+0000] {processor.py:179} INFO - Processing /home/airflow/.local/lib/python3.8/site-packages/airflow/example_dags/example_task_group.py took 0.177 seconds
[2023-09-20T23:11:30.586+0000] {processor.py:157} INFO - Started process (PID=36) to work on /home/airflow/.local/lib/python3.8/site-packages/airflow/example_dags/example_task_group.py
[2023-09-20T23:11:30.589+0000] {processor.py:829} INFO - Processing file /home/airflow/.local/lib/python3.8/site-packages/airflow/example_dags/example_task_group.py for tasks to queue
[2023-09-20T23:11:30.594+0000] {logging_mixin.py:151} INFO - [2023-09-20T23:11:30.593+0000] {dagbag.py:539} INFO - Filling up the DagBag from /home/airflow/.local/lib/python3.8/site-packages/airflow/example_dags/example_task_group.py
[2023-09-20T23:11:30.819+0000] {processor.py:839} INFO - DAG(s) dict_keys(['example_task_group']) retrieved from /home/airflow/.local/lib/python3.8/site-packages/airflow/example_dags/example_task_group.py
[2023-09-20T23:11:30.836+0000] {logging_mixin.py:151} INFO - [2023-09-20T23:11:30.836+0000] {dag.py:2915} INFO - Sync 1 DAGs
[2023-09-20T23:11:30.915+0000] {logging_mixin.py:151} INFO - [2023-09-20T23:11:30.914+0000] {dag.py:3696} INFO - Setting next_dagrun for example_task_group to 2023-09-19T23:11:30.914276+00:00, run_after=2023-09-20T23:11:30.914276+00:00
[2023-09-20T23:11:30.954+0000] {processor.py:179} INFO - Processing /home/airflow/.local/lib/python3.8/site-packages/airflow/example_dags/example_task_group.py took 0.372 seconds
[2023-09-20T23:12:01.238+0000] {processor.py:157} INFO - Started process (PID=91) to work on /home/airflow/.local/lib/python3.8/site-packages/airflow/example_dags/example_task_group.py
[2023-09-20T23:12:01.240+0000] {processor.py:829} INFO - Processing file /home/airflow/.local/lib/python3.8/site-packages/airflow/example_dags/example_task_group.py for tasks to queue
[2023-09-20T23:12:01.245+0000] {logging_mixin.py:151} INFO - [2023-09-20T23:12:01.244+0000] {dagbag.py:539} INFO - Filling up the DagBag from /home/airflow/.local/lib/python3.8/site-packages/airflow/example_dags/example_task_group.py
[2023-09-20T23:12:01.260+0000] {processor.py:839} INFO - DAG(s) dict_keys(['example_task_group']) retrieved from /home/airflow/.local/lib/python3.8/site-packages/airflow/example_dags/example_task_group.py
[2023-09-20T23:12:01.293+0000] {logging_mixin.py:151} INFO - [2023-09-20T23:12:01.293+0000] {dag.py:2915} INFO - Sync 1 DAGs
[2023-09-20T23:12:01.324+0000] {logging_mixin.py:151} INFO - [2023-09-20T23:12:01.324+0000] {dag.py:3696} INFO - Setting next_dagrun for example_task_group to 2023-09-19T23:12:01.323707+00:00, run_after=2023-09-20T23:12:01.323707+00:00
[2023-09-20T23:12:01.350+0000] {processor.py:179} INFO - Processing /home/airflow/.local/lib/python3.8/site-packages/airflow/example_dags/example_task_group.py took 0.119 seconds
[2023-09-20T23:12:32.000+0000] {processor.py:157} INFO - Started process (PID=146) to work on /home/airflow/.local/lib/python3.8/site-packages/airflow/example_dags/example_task_group.py
[2023-09-20T23:12:32.002+0000] {processor.py:829} INFO - Processing file /home/airflow/.local/lib/python3.8/site-packages/airflow/example_dags/example_task_group.py for tasks to queue
[2023-09-20T23:12:32.005+0000] {logging_mixin.py:151} INFO - [2023-09-20T23:12:32.004+0000] {dagbag.py:539} INFO - Filling up the DagBag from /home/airflow/.local/lib/python3.8/site-packages/airflow/example_dags/example_task_group.py
[2023-09-20T23:12:32.017+0000] {processor.py:839} INFO - DAG(s) dict_keys(['example_task_group']) retrieved from /home/airflow/.local/lib/python3.8/site-packages/airflow/example_dags/example_task_group.py
[2023-09-20T23:12:32.052+0000] {logging_mixin.py:151} INFO - [2023-09-20T23:12:32.052+0000] {dag.py:2915} INFO - Sync 1 DAGs
[2023-09-20T23:12:32.088+0000] {logging_mixin.py:151} INFO - [2023-09-20T23:12:32.088+0000] {dag.py:3696} INFO - Setting next_dagrun for example_task_group to 2023-09-19T23:12:32.088390+00:00, run_after=2023-09-20T23:12:32.088390+00:00
[2023-09-20T23:12:32.206+0000] {processor.py:179} INFO - Processing /home/airflow/.local/lib/python3.8/site-packages/airflow/example_dags/example_task_group.py took 0.210 seconds
[2023-09-20T23:13:02.631+0000] {processor.py:157} INFO - Started process (PID=201) to work on /home/airflow/.local/lib/python3.8/site-packages/airflow/example_dags/example_task_group.py
[2023-09-20T23:13:02.632+0000] {processor.py:829} INFO - Processing file /home/airflow/.local/lib/python3.8/site-packages/airflow/example_dags/example_task_group.py for tasks to queue
[2023-09-20T23:13:02.636+0000] {logging_mixin.py:151} INFO - [2023-09-20T23:13:02.636+0000] {dagbag.py:539} INFO - Filling up the DagBag from /home/airflow/.local/lib/python3.8/site-packages/airflow/example_dags/example_task_group.py
[2023-09-20T23:13:02.649+0000] {processor.py:839} INFO - DAG(s) dict_keys(['example_task_group']) retrieved from /home/airflow/.local/lib/python3.8/site-packages/airflow/example_dags/example_task_group.py
[2023-09-20T23:13:02.678+0000] {logging_mixin.py:151} INFO - [2023-09-20T23:13:02.678+0000] {dag.py:2915} INFO - Sync 1 DAGs
[2023-09-20T23:13:02.710+0000] {logging_mixin.py:151} INFO - [2023-09-20T23:13:02.709+0000] {dag.py:3696} INFO - Setting next_dagrun for example_task_group to 2023-09-19T23:13:02.709572+00:00, run_after=2023-09-20T23:13:02.709572+00:00
[2023-09-20T23:13:02.740+0000] {processor.py:179} INFO - Processing /home/airflow/.local/lib/python3.8/site-packages/airflow/example_dags/example_task_group.py took 0.114 seconds
