[2023-09-20T22:15:30.477+0000] {processor.py:157} INFO - Started process (PID=63) to work on /home/airflow/.local/lib/python3.8/site-packages/airflow/example_dags/example_short_circuit_decorator.py
[2023-09-20T22:15:30.479+0000] {processor.py:829} INFO - Processing file /home/airflow/.local/lib/python3.8/site-packages/airflow/example_dags/example_short_circuit_decorator.py for tasks to queue
[2023-09-20T22:15:30.486+0000] {logging_mixin.py:151} INFO - [2023-09-20T22:15:30.485+0000] {dagbag.py:539} INFO - Filling up the DagBag from /home/airflow/.local/lib/python3.8/site-packages/airflow/example_dags/example_short_circuit_decorator.py
[2023-09-20T22:15:30.513+0000] {processor.py:839} INFO - DAG(s) dict_keys(['example_short_circuit_decorator']) retrieved from /home/airflow/.local/lib/python3.8/site-packages/airflow/example_dags/example_short_circuit_decorator.py
[2023-09-20T22:15:30.558+0000] {logging_mixin.py:151} INFO - [2023-09-20T22:15:30.557+0000] {dag.py:2915} INFO - Sync 1 DAGs
[2023-09-20T22:15:30.601+0000] {logging_mixin.py:151} INFO - [2023-09-20T22:15:30.601+0000] {dag.py:3696} INFO - Setting next_dagrun for example_short_circuit_decorator to 2023-09-19T22:15:30.600908+00:00, run_after=2023-09-20T22:15:30.600908+00:00
[2023-09-20T22:15:30.640+0000] {processor.py:179} INFO - Processing /home/airflow/.local/lib/python3.8/site-packages/airflow/example_dags/example_short_circuit_decorator.py took 0.169 seconds
[2023-09-20T22:16:01.078+0000] {processor.py:157} INFO - Started process (PID=117) to work on /home/airflow/.local/lib/python3.8/site-packages/airflow/example_dags/example_short_circuit_decorator.py
[2023-09-20T22:16:01.080+0000] {processor.py:829} INFO - Processing file /home/airflow/.local/lib/python3.8/site-packages/airflow/example_dags/example_short_circuit_decorator.py for tasks to queue
[2023-09-20T22:16:01.085+0000] {logging_mixin.py:151} INFO - [2023-09-20T22:16:01.084+0000] {dagbag.py:539} INFO - Filling up the DagBag from /home/airflow/.local/lib/python3.8/site-packages/airflow/example_dags/example_short_circuit_decorator.py
[2023-09-20T22:16:01.109+0000] {processor.py:839} INFO - DAG(s) dict_keys(['example_short_circuit_decorator']) retrieved from /home/airflow/.local/lib/python3.8/site-packages/airflow/example_dags/example_short_circuit_decorator.py
[2023-09-20T22:16:01.151+0000] {logging_mixin.py:151} INFO - [2023-09-20T22:16:01.150+0000] {dag.py:2915} INFO - Sync 1 DAGs
[2023-09-20T22:16:01.185+0000] {logging_mixin.py:151} INFO - [2023-09-20T22:16:01.185+0000] {dag.py:3696} INFO - Setting next_dagrun for example_short_circuit_decorator to 2023-09-19T22:16:01.184971+00:00, run_after=2023-09-20T22:16:01.184971+00:00
[2023-09-20T22:16:01.225+0000] {processor.py:179} INFO - Processing /home/airflow/.local/lib/python3.8/site-packages/airflow/example_dags/example_short_circuit_decorator.py took 0.154 seconds
[2023-09-20T22:16:31.618+0000] {processor.py:157} INFO - Started process (PID=171) to work on /home/airflow/.local/lib/python3.8/site-packages/airflow/example_dags/example_short_circuit_decorator.py
[2023-09-20T22:16:31.620+0000] {processor.py:829} INFO - Processing file /home/airflow/.local/lib/python3.8/site-packages/airflow/example_dags/example_short_circuit_decorator.py for tasks to queue
[2023-09-20T22:16:31.623+0000] {logging_mixin.py:151} INFO - [2023-09-20T22:16:31.623+0000] {dagbag.py:539} INFO - Filling up the DagBag from /home/airflow/.local/lib/python3.8/site-packages/airflow/example_dags/example_short_circuit_decorator.py
[2023-09-20T22:16:31.638+0000] {processor.py:839} INFO - DAG(s) dict_keys(['example_short_circuit_decorator']) retrieved from /home/airflow/.local/lib/python3.8/site-packages/airflow/example_dags/example_short_circuit_decorator.py
[2023-09-20T22:16:31.672+0000] {logging_mixin.py:151} INFO - [2023-09-20T22:16:31.671+0000] {dag.py:2915} INFO - Sync 1 DAGs
[2023-09-20T22:16:31.709+0000] {logging_mixin.py:151} INFO - [2023-09-20T22:16:31.709+0000] {dag.py:3696} INFO - Setting next_dagrun for example_short_circuit_decorator to 2023-09-19T22:16:31.708763+00:00, run_after=2023-09-20T22:16:31.708763+00:00
[2023-09-20T22:16:31.746+0000] {processor.py:179} INFO - Processing /home/airflow/.local/lib/python3.8/site-packages/airflow/example_dags/example_short_circuit_decorator.py took 0.132 seconds
[2023-09-20T22:17:03.358+0000] {processor.py:157} INFO - Started process (PID=225) to work on /home/airflow/.local/lib/python3.8/site-packages/airflow/example_dags/example_short_circuit_decorator.py
[2023-09-20T22:17:03.359+0000] {processor.py:829} INFO - Processing file /home/airflow/.local/lib/python3.8/site-packages/airflow/example_dags/example_short_circuit_decorator.py for tasks to queue
[2023-09-20T22:17:03.363+0000] {logging_mixin.py:151} INFO - [2023-09-20T22:17:03.362+0000] {dagbag.py:539} INFO - Filling up the DagBag from /home/airflow/.local/lib/python3.8/site-packages/airflow/example_dags/example_short_circuit_decorator.py
[2023-09-20T22:17:03.377+0000] {processor.py:839} INFO - DAG(s) dict_keys(['example_short_circuit_decorator']) retrieved from /home/airflow/.local/lib/python3.8/site-packages/airflow/example_dags/example_short_circuit_decorator.py
[2023-09-20T22:17:03.420+0000] {logging_mixin.py:151} INFO - [2023-09-20T22:17:03.420+0000] {dag.py:2915} INFO - Sync 1 DAGs
[2023-09-20T22:17:03.454+0000] {logging_mixin.py:151} INFO - [2023-09-20T22:17:03.454+0000] {dag.py:3696} INFO - Setting next_dagrun for example_short_circuit_decorator to 2023-09-19T22:17:03.454069+00:00, run_after=2023-09-20T22:17:03.454069+00:00
[2023-09-20T22:17:03.524+0000] {processor.py:179} INFO - Processing /home/airflow/.local/lib/python3.8/site-packages/airflow/example_dags/example_short_circuit_decorator.py took 0.171 seconds
[2023-09-20T22:25:02.315+0000] {processor.py:157} INFO - Started process (PID=63) to work on /home/airflow/.local/lib/python3.8/site-packages/airflow/example_dags/example_short_circuit_decorator.py
[2023-09-20T22:25:02.316+0000] {processor.py:829} INFO - Processing file /home/airflow/.local/lib/python3.8/site-packages/airflow/example_dags/example_short_circuit_decorator.py for tasks to queue
[2023-09-20T22:25:02.320+0000] {logging_mixin.py:151} INFO - [2023-09-20T22:25:02.319+0000] {dagbag.py:539} INFO - Filling up the DagBag from /home/airflow/.local/lib/python3.8/site-packages/airflow/example_dags/example_short_circuit_decorator.py
[2023-09-20T22:25:02.332+0000] {processor.py:839} INFO - DAG(s) dict_keys(['example_short_circuit_decorator']) retrieved from /home/airflow/.local/lib/python3.8/site-packages/airflow/example_dags/example_short_circuit_decorator.py
[2023-09-20T22:25:02.347+0000] {logging_mixin.py:151} INFO - [2023-09-20T22:25:02.346+0000] {dag.py:2915} INFO - Sync 1 DAGs
[2023-09-20T22:25:02.378+0000] {logging_mixin.py:151} INFO - [2023-09-20T22:25:02.378+0000] {dag.py:3696} INFO - Setting next_dagrun for example_short_circuit_decorator to 2023-09-19T22:25:02.377657+00:00, run_after=2023-09-20T22:25:02.377657+00:00
[2023-09-20T22:25:02.459+0000] {processor.py:179} INFO - Processing /home/airflow/.local/lib/python3.8/site-packages/airflow/example_dags/example_short_circuit_decorator.py took 0.149 seconds
[2023-09-20T22:25:32.531+0000] {processor.py:157} INFO - Started process (PID=118) to work on /home/airflow/.local/lib/python3.8/site-packages/airflow/example_dags/example_short_circuit_decorator.py
[2023-09-20T22:25:32.533+0000] {processor.py:829} INFO - Processing file /home/airflow/.local/lib/python3.8/site-packages/airflow/example_dags/example_short_circuit_decorator.py for tasks to queue
[2023-09-20T22:25:32.536+0000] {logging_mixin.py:151} INFO - [2023-09-20T22:25:32.536+0000] {dagbag.py:539} INFO - Filling up the DagBag from /home/airflow/.local/lib/python3.8/site-packages/airflow/example_dags/example_short_circuit_decorator.py
[2023-09-20T22:25:32.551+0000] {processor.py:839} INFO - DAG(s) dict_keys(['example_short_circuit_decorator']) retrieved from /home/airflow/.local/lib/python3.8/site-packages/airflow/example_dags/example_short_circuit_decorator.py
[2023-09-20T22:25:32.583+0000] {logging_mixin.py:151} INFO - [2023-09-20T22:25:32.582+0000] {dag.py:2915} INFO - Sync 1 DAGs
[2023-09-20T22:25:32.621+0000] {logging_mixin.py:151} INFO - [2023-09-20T22:25:32.620+0000] {dag.py:3696} INFO - Setting next_dagrun for example_short_circuit_decorator to 2023-09-19T22:25:32.620491+00:00, run_after=2023-09-20T22:25:32.620491+00:00
[2023-09-20T22:25:32.652+0000] {processor.py:179} INFO - Processing /home/airflow/.local/lib/python3.8/site-packages/airflow/example_dags/example_short_circuit_decorator.py took 0.125 seconds
[2023-09-20T22:26:03.495+0000] {processor.py:157} INFO - Started process (PID=173) to work on /home/airflow/.local/lib/python3.8/site-packages/airflow/example_dags/example_short_circuit_decorator.py
[2023-09-20T22:26:03.496+0000] {processor.py:829} INFO - Processing file /home/airflow/.local/lib/python3.8/site-packages/airflow/example_dags/example_short_circuit_decorator.py for tasks to queue
[2023-09-20T22:26:03.499+0000] {logging_mixin.py:151} INFO - [2023-09-20T22:26:03.499+0000] {dagbag.py:539} INFO - Filling up the DagBag from /home/airflow/.local/lib/python3.8/site-packages/airflow/example_dags/example_short_circuit_decorator.py
[2023-09-20T22:26:03.511+0000] {processor.py:839} INFO - DAG(s) dict_keys(['example_short_circuit_decorator']) retrieved from /home/airflow/.local/lib/python3.8/site-packages/airflow/example_dags/example_short_circuit_decorator.py
[2023-09-20T22:26:03.546+0000] {logging_mixin.py:151} INFO - [2023-09-20T22:26:03.546+0000] {dag.py:2915} INFO - Sync 1 DAGs
[2023-09-20T22:26:03.582+0000] {logging_mixin.py:151} INFO - [2023-09-20T22:26:03.581+0000] {dag.py:3696} INFO - Setting next_dagrun for example_short_circuit_decorator to 2023-09-19T22:26:03.581563+00:00, run_after=2023-09-20T22:26:03.581563+00:00
[2023-09-20T22:26:03.613+0000] {processor.py:179} INFO - Processing /home/airflow/.local/lib/python3.8/site-packages/airflow/example_dags/example_short_circuit_decorator.py took 0.123 seconds
[2023-09-20T22:26:35.422+0000] {processor.py:157} INFO - Started process (PID=228) to work on /home/airflow/.local/lib/python3.8/site-packages/airflow/example_dags/example_short_circuit_decorator.py
[2023-09-20T22:26:35.424+0000] {processor.py:829} INFO - Processing file /home/airflow/.local/lib/python3.8/site-packages/airflow/example_dags/example_short_circuit_decorator.py for tasks to queue
[2023-09-20T22:26:35.427+0000] {logging_mixin.py:151} INFO - [2023-09-20T22:26:35.427+0000] {dagbag.py:539} INFO - Filling up the DagBag from /home/airflow/.local/lib/python3.8/site-packages/airflow/example_dags/example_short_circuit_decorator.py
[2023-09-20T22:26:35.444+0000] {processor.py:839} INFO - DAG(s) dict_keys(['example_short_circuit_decorator']) retrieved from /home/airflow/.local/lib/python3.8/site-packages/airflow/example_dags/example_short_circuit_decorator.py
[2023-09-20T22:26:35.463+0000] {logging_mixin.py:151} INFO - [2023-09-20T22:26:35.463+0000] {dag.py:2915} INFO - Sync 1 DAGs
[2023-09-20T22:26:35.497+0000] {logging_mixin.py:151} INFO - [2023-09-20T22:26:35.497+0000] {dag.py:3696} INFO - Setting next_dagrun for example_short_circuit_decorator to 2023-09-19T22:26:35.496798+00:00, run_after=2023-09-20T22:26:35.496798+00:00
[2023-09-20T22:26:35.528+0000] {processor.py:179} INFO - Processing /home/airflow/.local/lib/python3.8/site-packages/airflow/example_dags/example_short_circuit_decorator.py took 0.113 seconds
[2023-09-20T22:27:06.072+0000] {processor.py:157} INFO - Started process (PID=283) to work on /home/airflow/.local/lib/python3.8/site-packages/airflow/example_dags/example_short_circuit_decorator.py
[2023-09-20T22:27:06.074+0000] {processor.py:829} INFO - Processing file /home/airflow/.local/lib/python3.8/site-packages/airflow/example_dags/example_short_circuit_decorator.py for tasks to queue
[2023-09-20T22:27:06.078+0000] {logging_mixin.py:151} INFO - [2023-09-20T22:27:06.077+0000] {dagbag.py:539} INFO - Filling up the DagBag from /home/airflow/.local/lib/python3.8/site-packages/airflow/example_dags/example_short_circuit_decorator.py
[2023-09-20T22:27:06.094+0000] {processor.py:839} INFO - DAG(s) dict_keys(['example_short_circuit_decorator']) retrieved from /home/airflow/.local/lib/python3.8/site-packages/airflow/example_dags/example_short_circuit_decorator.py
[2023-09-20T22:27:06.129+0000] {logging_mixin.py:151} INFO - [2023-09-20T22:27:06.128+0000] {dag.py:2915} INFO - Sync 1 DAGs
[2023-09-20T22:27:06.164+0000] {logging_mixin.py:151} INFO - [2023-09-20T22:27:06.164+0000] {dag.py:3696} INFO - Setting next_dagrun for example_short_circuit_decorator to 2023-09-19T22:27:06.163914+00:00, run_after=2023-09-20T22:27:06.163914+00:00
[2023-09-20T22:27:06.199+0000] {processor.py:179} INFO - Processing /home/airflow/.local/lib/python3.8/site-packages/airflow/example_dags/example_short_circuit_decorator.py took 0.132 seconds
[2023-09-20T22:27:36.365+0000] {processor.py:157} INFO - Started process (PID=338) to work on /home/airflow/.local/lib/python3.8/site-packages/airflow/example_dags/example_short_circuit_decorator.py
[2023-09-20T22:27:36.366+0000] {processor.py:829} INFO - Processing file /home/airflow/.local/lib/python3.8/site-packages/airflow/example_dags/example_short_circuit_decorator.py for tasks to queue
[2023-09-20T22:27:36.370+0000] {logging_mixin.py:151} INFO - [2023-09-20T22:27:36.370+0000] {dagbag.py:539} INFO - Filling up the DagBag from /home/airflow/.local/lib/python3.8/site-packages/airflow/example_dags/example_short_circuit_decorator.py
[2023-09-20T22:27:36.383+0000] {processor.py:839} INFO - DAG(s) dict_keys(['example_short_circuit_decorator']) retrieved from /home/airflow/.local/lib/python3.8/site-packages/airflow/example_dags/example_short_circuit_decorator.py
[2023-09-20T22:27:36.425+0000] {logging_mixin.py:151} INFO - [2023-09-20T22:27:36.425+0000] {dag.py:2915} INFO - Sync 1 DAGs
[2023-09-20T22:27:36.463+0000] {logging_mixin.py:151} INFO - [2023-09-20T22:27:36.463+0000] {dag.py:3696} INFO - Setting next_dagrun for example_short_circuit_decorator to 2023-09-19T22:27:36.463116+00:00, run_after=2023-09-20T22:27:36.463116+00:00
[2023-09-20T22:27:36.498+0000] {processor.py:179} INFO - Processing /home/airflow/.local/lib/python3.8/site-packages/airflow/example_dags/example_short_circuit_decorator.py took 0.137 seconds
[2023-09-20T22:28:06.548+0000] {processor.py:157} INFO - Started process (PID=394) to work on /home/airflow/.local/lib/python3.8/site-packages/airflow/example_dags/example_short_circuit_decorator.py
[2023-09-20T22:28:06.550+0000] {processor.py:829} INFO - Processing file /home/airflow/.local/lib/python3.8/site-packages/airflow/example_dags/example_short_circuit_decorator.py for tasks to queue
[2023-09-20T22:28:06.553+0000] {logging_mixin.py:151} INFO - [2023-09-20T22:28:06.552+0000] {dagbag.py:539} INFO - Filling up the DagBag from /home/airflow/.local/lib/python3.8/site-packages/airflow/example_dags/example_short_circuit_decorator.py
[2023-09-20T22:28:06.565+0000] {processor.py:839} INFO - DAG(s) dict_keys(['example_short_circuit_decorator']) retrieved from /home/airflow/.local/lib/python3.8/site-packages/airflow/example_dags/example_short_circuit_decorator.py
[2023-09-20T22:28:06.596+0000] {logging_mixin.py:151} INFO - [2023-09-20T22:28:06.596+0000] {dag.py:2915} INFO - Sync 1 DAGs
[2023-09-20T22:28:06.632+0000] {logging_mixin.py:151} INFO - [2023-09-20T22:28:06.631+0000] {dag.py:3696} INFO - Setting next_dagrun for example_short_circuit_decorator to 2023-09-19T22:28:06.631497+00:00, run_after=2023-09-20T22:28:06.631497+00:00
[2023-09-20T22:28:06.668+0000] {processor.py:179} INFO - Processing /home/airflow/.local/lib/python3.8/site-packages/airflow/example_dags/example_short_circuit_decorator.py took 0.124 seconds
[2023-09-20T22:28:36.874+0000] {processor.py:157} INFO - Started process (PID=449) to work on /home/airflow/.local/lib/python3.8/site-packages/airflow/example_dags/example_short_circuit_decorator.py
[2023-09-20T22:28:36.875+0000] {processor.py:829} INFO - Processing file /home/airflow/.local/lib/python3.8/site-packages/airflow/example_dags/example_short_circuit_decorator.py for tasks to queue
[2023-09-20T22:28:36.880+0000] {logging_mixin.py:151} INFO - [2023-09-20T22:28:36.879+0000] {dagbag.py:539} INFO - Filling up the DagBag from /home/airflow/.local/lib/python3.8/site-packages/airflow/example_dags/example_short_circuit_decorator.py
[2023-09-20T22:28:36.893+0000] {processor.py:839} INFO - DAG(s) dict_keys(['example_short_circuit_decorator']) retrieved from /home/airflow/.local/lib/python3.8/site-packages/airflow/example_dags/example_short_circuit_decorator.py
[2023-09-20T22:28:36.928+0000] {logging_mixin.py:151} INFO - [2023-09-20T22:28:36.927+0000] {dag.py:2915} INFO - Sync 1 DAGs
[2023-09-20T22:28:36.956+0000] {logging_mixin.py:151} INFO - [2023-09-20T22:28:36.956+0000] {dag.py:3696} INFO - Setting next_dagrun for example_short_circuit_decorator to 2023-09-19T22:28:36.956228+00:00, run_after=2023-09-20T22:28:36.956228+00:00
[2023-09-20T22:28:36.997+0000] {processor.py:179} INFO - Processing /home/airflow/.local/lib/python3.8/site-packages/airflow/example_dags/example_short_circuit_decorator.py took 0.130 seconds
[2023-09-20T22:29:07.720+0000] {processor.py:157} INFO - Started process (PID=504) to work on /home/airflow/.local/lib/python3.8/site-packages/airflow/example_dags/example_short_circuit_decorator.py
[2023-09-20T22:29:07.721+0000] {processor.py:829} INFO - Processing file /home/airflow/.local/lib/python3.8/site-packages/airflow/example_dags/example_short_circuit_decorator.py for tasks to queue
[2023-09-20T22:29:07.725+0000] {logging_mixin.py:151} INFO - [2023-09-20T22:29:07.724+0000] {dagbag.py:539} INFO - Filling up the DagBag from /home/airflow/.local/lib/python3.8/site-packages/airflow/example_dags/example_short_circuit_decorator.py
[2023-09-20T22:29:07.737+0000] {processor.py:839} INFO - DAG(s) dict_keys(['example_short_circuit_decorator']) retrieved from /home/airflow/.local/lib/python3.8/site-packages/airflow/example_dags/example_short_circuit_decorator.py
[2023-09-20T22:29:07.769+0000] {logging_mixin.py:151} INFO - [2023-09-20T22:29:07.769+0000] {dag.py:2915} INFO - Sync 1 DAGs
[2023-09-20T22:29:07.799+0000] {logging_mixin.py:151} INFO - [2023-09-20T22:29:07.799+0000] {dag.py:3696} INFO - Setting next_dagrun for example_short_circuit_decorator to 2023-09-19T22:29:07.799365+00:00, run_after=2023-09-20T22:29:07.799365+00:00
[2023-09-20T22:29:07.830+0000] {processor.py:179} INFO - Processing /home/airflow/.local/lib/python3.8/site-packages/airflow/example_dags/example_short_circuit_decorator.py took 0.114 seconds
[2023-09-20T22:29:38.699+0000] {processor.py:157} INFO - Started process (PID=559) to work on /home/airflow/.local/lib/python3.8/site-packages/airflow/example_dags/example_short_circuit_decorator.py
[2023-09-20T22:29:38.701+0000] {processor.py:829} INFO - Processing file /home/airflow/.local/lib/python3.8/site-packages/airflow/example_dags/example_short_circuit_decorator.py for tasks to queue
[2023-09-20T22:29:38.705+0000] {logging_mixin.py:151} INFO - [2023-09-20T22:29:38.705+0000] {dagbag.py:539} INFO - Filling up the DagBag from /home/airflow/.local/lib/python3.8/site-packages/airflow/example_dags/example_short_circuit_decorator.py
[2023-09-20T22:29:38.719+0000] {processor.py:839} INFO - DAG(s) dict_keys(['example_short_circuit_decorator']) retrieved from /home/airflow/.local/lib/python3.8/site-packages/airflow/example_dags/example_short_circuit_decorator.py
[2023-09-20T22:29:38.802+0000] {logging_mixin.py:151} INFO - [2023-09-20T22:29:38.802+0000] {dag.py:2915} INFO - Sync 1 DAGs
[2023-09-20T22:29:38.853+0000] {logging_mixin.py:151} INFO - [2023-09-20T22:29:38.853+0000] {dag.py:3696} INFO - Setting next_dagrun for example_short_circuit_decorator to 2023-09-19T22:29:38.852897+00:00, run_after=2023-09-20T22:29:38.852897+00:00
[2023-09-20T22:29:38.898+0000] {processor.py:179} INFO - Processing /home/airflow/.local/lib/python3.8/site-packages/airflow/example_dags/example_short_circuit_decorator.py took 0.205 seconds
[2023-09-20T22:30:09.212+0000] {processor.py:157} INFO - Started process (PID=614) to work on /home/airflow/.local/lib/python3.8/site-packages/airflow/example_dags/example_short_circuit_decorator.py
[2023-09-20T22:30:09.216+0000] {processor.py:829} INFO - Processing file /home/airflow/.local/lib/python3.8/site-packages/airflow/example_dags/example_short_circuit_decorator.py for tasks to queue
[2023-09-20T22:30:09.222+0000] {logging_mixin.py:151} INFO - [2023-09-20T22:30:09.221+0000] {dagbag.py:539} INFO - Filling up the DagBag from /home/airflow/.local/lib/python3.8/site-packages/airflow/example_dags/example_short_circuit_decorator.py
[2023-09-20T22:30:09.244+0000] {processor.py:839} INFO - DAG(s) dict_keys(['example_short_circuit_decorator']) retrieved from /home/airflow/.local/lib/python3.8/site-packages/airflow/example_dags/example_short_circuit_decorator.py
[2023-09-20T22:30:09.280+0000] {logging_mixin.py:151} INFO - [2023-09-20T22:30:09.279+0000] {dag.py:2915} INFO - Sync 1 DAGs
[2023-09-20T22:30:09.318+0000] {logging_mixin.py:151} INFO - [2023-09-20T22:30:09.318+0000] {dag.py:3696} INFO - Setting next_dagrun for example_short_circuit_decorator to 2023-09-19T22:30:09.318144+00:00, run_after=2023-09-20T22:30:09.318144+00:00
[2023-09-20T22:30:09.353+0000] {processor.py:179} INFO - Processing /home/airflow/.local/lib/python3.8/site-packages/airflow/example_dags/example_short_circuit_decorator.py took 0.146 seconds
[2023-09-20T22:30:39.906+0000] {processor.py:157} INFO - Started process (PID=669) to work on /home/airflow/.local/lib/python3.8/site-packages/airflow/example_dags/example_short_circuit_decorator.py
[2023-09-20T22:30:39.908+0000] {processor.py:829} INFO - Processing file /home/airflow/.local/lib/python3.8/site-packages/airflow/example_dags/example_short_circuit_decorator.py for tasks to queue
[2023-09-20T22:30:39.914+0000] {logging_mixin.py:151} INFO - [2023-09-20T22:30:39.914+0000] {dagbag.py:539} INFO - Filling up the DagBag from /home/airflow/.local/lib/python3.8/site-packages/airflow/example_dags/example_short_circuit_decorator.py
[2023-09-20T22:30:39.938+0000] {processor.py:839} INFO - DAG(s) dict_keys(['example_short_circuit_decorator']) retrieved from /home/airflow/.local/lib/python3.8/site-packages/airflow/example_dags/example_short_circuit_decorator.py
[2023-09-20T22:30:39.993+0000] {logging_mixin.py:151} INFO - [2023-09-20T22:30:39.992+0000] {dag.py:2915} INFO - Sync 1 DAGs
[2023-09-20T22:30:40.038+0000] {logging_mixin.py:151} INFO - [2023-09-20T22:30:40.038+0000] {dag.py:3696} INFO - Setting next_dagrun for example_short_circuit_decorator to 2023-09-19T22:30:40.037787+00:00, run_after=2023-09-20T22:30:40.037787+00:00
[2023-09-20T22:30:40.095+0000] {processor.py:179} INFO - Processing /home/airflow/.local/lib/python3.8/site-packages/airflow/example_dags/example_short_circuit_decorator.py took 0.199 seconds
[2023-09-20T22:31:11.030+0000] {processor.py:157} INFO - Started process (PID=724) to work on /home/airflow/.local/lib/python3.8/site-packages/airflow/example_dags/example_short_circuit_decorator.py
[2023-09-20T22:31:11.031+0000] {processor.py:829} INFO - Processing file /home/airflow/.local/lib/python3.8/site-packages/airflow/example_dags/example_short_circuit_decorator.py for tasks to queue
[2023-09-20T22:31:11.035+0000] {logging_mixin.py:151} INFO - [2023-09-20T22:31:11.035+0000] {dagbag.py:539} INFO - Filling up the DagBag from /home/airflow/.local/lib/python3.8/site-packages/airflow/example_dags/example_short_circuit_decorator.py
[2023-09-20T22:31:11.056+0000] {processor.py:839} INFO - DAG(s) dict_keys(['example_short_circuit_decorator']) retrieved from /home/airflow/.local/lib/python3.8/site-packages/airflow/example_dags/example_short_circuit_decorator.py
[2023-09-20T22:31:11.093+0000] {logging_mixin.py:151} INFO - [2023-09-20T22:31:11.092+0000] {dag.py:2915} INFO - Sync 1 DAGs
[2023-09-20T22:31:11.134+0000] {logging_mixin.py:151} INFO - [2023-09-20T22:31:11.133+0000] {dag.py:3696} INFO - Setting next_dagrun for example_short_circuit_decorator to 2023-09-19T22:31:11.133308+00:00, run_after=2023-09-20T22:31:11.133308+00:00
[2023-09-20T22:31:11.173+0000] {processor.py:179} INFO - Processing /home/airflow/.local/lib/python3.8/site-packages/airflow/example_dags/example_short_circuit_decorator.py took 0.149 seconds
[2023-09-20T22:31:42.487+0000] {processor.py:157} INFO - Started process (PID=779) to work on /home/airflow/.local/lib/python3.8/site-packages/airflow/example_dags/example_short_circuit_decorator.py
[2023-09-20T22:31:42.490+0000] {processor.py:829} INFO - Processing file /home/airflow/.local/lib/python3.8/site-packages/airflow/example_dags/example_short_circuit_decorator.py for tasks to queue
[2023-09-20T22:31:42.494+0000] {logging_mixin.py:151} INFO - [2023-09-20T22:31:42.493+0000] {dagbag.py:539} INFO - Filling up the DagBag from /home/airflow/.local/lib/python3.8/site-packages/airflow/example_dags/example_short_circuit_decorator.py
[2023-09-20T22:31:42.512+0000] {processor.py:839} INFO - DAG(s) dict_keys(['example_short_circuit_decorator']) retrieved from /home/airflow/.local/lib/python3.8/site-packages/airflow/example_dags/example_short_circuit_decorator.py
[2023-09-20T22:31:42.551+0000] {logging_mixin.py:151} INFO - [2023-09-20T22:31:42.551+0000] {dag.py:2915} INFO - Sync 1 DAGs
[2023-09-20T22:31:42.580+0000] {logging_mixin.py:151} INFO - [2023-09-20T22:31:42.580+0000] {dag.py:3696} INFO - Setting next_dagrun for example_short_circuit_decorator to 2023-09-19T22:31:42.580178+00:00, run_after=2023-09-20T22:31:42.580178+00:00
[2023-09-20T22:31:42.608+0000] {processor.py:179} INFO - Processing /home/airflow/.local/lib/python3.8/site-packages/airflow/example_dags/example_short_circuit_decorator.py took 0.127 seconds
[2023-09-20T22:32:13.226+0000] {processor.py:157} INFO - Started process (PID=834) to work on /home/airflow/.local/lib/python3.8/site-packages/airflow/example_dags/example_short_circuit_decorator.py
[2023-09-20T22:32:13.228+0000] {processor.py:829} INFO - Processing file /home/airflow/.local/lib/python3.8/site-packages/airflow/example_dags/example_short_circuit_decorator.py for tasks to queue
[2023-09-20T22:32:13.231+0000] {logging_mixin.py:151} INFO - [2023-09-20T22:32:13.231+0000] {dagbag.py:539} INFO - Filling up the DagBag from /home/airflow/.local/lib/python3.8/site-packages/airflow/example_dags/example_short_circuit_decorator.py
[2023-09-20T22:32:13.244+0000] {processor.py:839} INFO - DAG(s) dict_keys(['example_short_circuit_decorator']) retrieved from /home/airflow/.local/lib/python3.8/site-packages/airflow/example_dags/example_short_circuit_decorator.py
[2023-09-20T22:32:13.276+0000] {logging_mixin.py:151} INFO - [2023-09-20T22:32:13.276+0000] {dag.py:2915} INFO - Sync 1 DAGs
[2023-09-20T22:32:13.306+0000] {logging_mixin.py:151} INFO - [2023-09-20T22:32:13.306+0000] {dag.py:3696} INFO - Setting next_dagrun for example_short_circuit_decorator to 2023-09-19T22:32:13.306117+00:00, run_after=2023-09-20T22:32:13.306117+00:00
[2023-09-20T22:32:13.337+0000] {processor.py:179} INFO - Processing /home/airflow/.local/lib/python3.8/site-packages/airflow/example_dags/example_short_circuit_decorator.py took 0.118 seconds
[2023-09-20T22:32:44.186+0000] {processor.py:157} INFO - Started process (PID=889) to work on /home/airflow/.local/lib/python3.8/site-packages/airflow/example_dags/example_short_circuit_decorator.py
[2023-09-20T22:32:44.188+0000] {processor.py:829} INFO - Processing file /home/airflow/.local/lib/python3.8/site-packages/airflow/example_dags/example_short_circuit_decorator.py for tasks to queue
[2023-09-20T22:32:44.192+0000] {logging_mixin.py:151} INFO - [2023-09-20T22:32:44.192+0000] {dagbag.py:539} INFO - Filling up the DagBag from /home/airflow/.local/lib/python3.8/site-packages/airflow/example_dags/example_short_circuit_decorator.py
[2023-09-20T22:32:44.206+0000] {processor.py:839} INFO - DAG(s) dict_keys(['example_short_circuit_decorator']) retrieved from /home/airflow/.local/lib/python3.8/site-packages/airflow/example_dags/example_short_circuit_decorator.py
[2023-09-20T22:32:44.238+0000] {logging_mixin.py:151} INFO - [2023-09-20T22:32:44.238+0000] {dag.py:2915} INFO - Sync 1 DAGs
[2023-09-20T22:32:44.273+0000] {logging_mixin.py:151} INFO - [2023-09-20T22:32:44.273+0000] {dag.py:3696} INFO - Setting next_dagrun for example_short_circuit_decorator to 2023-09-19T22:32:44.272675+00:00, run_after=2023-09-20T22:32:44.272675+00:00
[2023-09-20T22:32:44.309+0000] {processor.py:179} INFO - Processing /home/airflow/.local/lib/python3.8/site-packages/airflow/example_dags/example_short_circuit_decorator.py took 0.129 seconds
[2023-09-20T22:33:15.105+0000] {processor.py:157} INFO - Started process (PID=944) to work on /home/airflow/.local/lib/python3.8/site-packages/airflow/example_dags/example_short_circuit_decorator.py
[2023-09-20T22:33:15.106+0000] {processor.py:829} INFO - Processing file /home/airflow/.local/lib/python3.8/site-packages/airflow/example_dags/example_short_circuit_decorator.py for tasks to queue
[2023-09-20T22:33:15.110+0000] {logging_mixin.py:151} INFO - [2023-09-20T22:33:15.109+0000] {dagbag.py:539} INFO - Filling up the DagBag from /home/airflow/.local/lib/python3.8/site-packages/airflow/example_dags/example_short_circuit_decorator.py
[2023-09-20T22:33:15.124+0000] {processor.py:839} INFO - DAG(s) dict_keys(['example_short_circuit_decorator']) retrieved from /home/airflow/.local/lib/python3.8/site-packages/airflow/example_dags/example_short_circuit_decorator.py
[2023-09-20T22:33:15.157+0000] {logging_mixin.py:151} INFO - [2023-09-20T22:33:15.157+0000] {dag.py:2915} INFO - Sync 1 DAGs
[2023-09-20T22:33:15.189+0000] {logging_mixin.py:151} INFO - [2023-09-20T22:33:15.189+0000] {dag.py:3696} INFO - Setting next_dagrun for example_short_circuit_decorator to 2023-09-19T22:33:15.189166+00:00, run_after=2023-09-20T22:33:15.189166+00:00
[2023-09-20T22:33:15.220+0000] {processor.py:179} INFO - Processing /home/airflow/.local/lib/python3.8/site-packages/airflow/example_dags/example_short_circuit_decorator.py took 0.120 seconds
[2023-09-20T22:33:45.867+0000] {processor.py:157} INFO - Started process (PID=999) to work on /home/airflow/.local/lib/python3.8/site-packages/airflow/example_dags/example_short_circuit_decorator.py
[2023-09-20T22:33:45.868+0000] {processor.py:829} INFO - Processing file /home/airflow/.local/lib/python3.8/site-packages/airflow/example_dags/example_short_circuit_decorator.py for tasks to queue
[2023-09-20T22:33:45.871+0000] {logging_mixin.py:151} INFO - [2023-09-20T22:33:45.871+0000] {dagbag.py:539} INFO - Filling up the DagBag from /home/airflow/.local/lib/python3.8/site-packages/airflow/example_dags/example_short_circuit_decorator.py
[2023-09-20T22:33:45.884+0000] {processor.py:839} INFO - DAG(s) dict_keys(['example_short_circuit_decorator']) retrieved from /home/airflow/.local/lib/python3.8/site-packages/airflow/example_dags/example_short_circuit_decorator.py
[2023-09-20T22:33:45.918+0000] {logging_mixin.py:151} INFO - [2023-09-20T22:33:45.917+0000] {dag.py:2915} INFO - Sync 1 DAGs
[2023-09-20T22:33:45.954+0000] {logging_mixin.py:151} INFO - [2023-09-20T22:33:45.954+0000] {dag.py:3696} INFO - Setting next_dagrun for example_short_circuit_decorator to 2023-09-19T22:33:45.954321+00:00, run_after=2023-09-20T22:33:45.954321+00:00
[2023-09-20T22:33:45.993+0000] {processor.py:179} INFO - Processing /home/airflow/.local/lib/python3.8/site-packages/airflow/example_dags/example_short_circuit_decorator.py took 0.131 seconds
[2023-09-20T22:34:16.621+0000] {processor.py:157} INFO - Started process (PID=1054) to work on /home/airflow/.local/lib/python3.8/site-packages/airflow/example_dags/example_short_circuit_decorator.py
[2023-09-20T22:34:16.623+0000] {processor.py:829} INFO - Processing file /home/airflow/.local/lib/python3.8/site-packages/airflow/example_dags/example_short_circuit_decorator.py for tasks to queue
[2023-09-20T22:34:16.629+0000] {logging_mixin.py:151} INFO - [2023-09-20T22:34:16.629+0000] {dagbag.py:539} INFO - Filling up the DagBag from /home/airflow/.local/lib/python3.8/site-packages/airflow/example_dags/example_short_circuit_decorator.py
[2023-09-20T22:34:16.645+0000] {processor.py:839} INFO - DAG(s) dict_keys(['example_short_circuit_decorator']) retrieved from /home/airflow/.local/lib/python3.8/site-packages/airflow/example_dags/example_short_circuit_decorator.py
[2023-09-20T22:34:16.693+0000] {logging_mixin.py:151} INFO - [2023-09-20T22:34:16.693+0000] {dag.py:2915} INFO - Sync 1 DAGs
[2023-09-20T22:34:16.732+0000] {logging_mixin.py:151} INFO - [2023-09-20T22:34:16.731+0000] {dag.py:3696} INFO - Setting next_dagrun for example_short_circuit_decorator to 2023-09-19T22:34:16.731535+00:00, run_after=2023-09-20T22:34:16.731535+00:00
[2023-09-20T22:34:16.765+0000] {processor.py:179} INFO - Processing /home/airflow/.local/lib/python3.8/site-packages/airflow/example_dags/example_short_circuit_decorator.py took 0.152 seconds
[2023-09-20T22:34:47.458+0000] {processor.py:157} INFO - Started process (PID=1109) to work on /home/airflow/.local/lib/python3.8/site-packages/airflow/example_dags/example_short_circuit_decorator.py
[2023-09-20T22:34:47.460+0000] {processor.py:829} INFO - Processing file /home/airflow/.local/lib/python3.8/site-packages/airflow/example_dags/example_short_circuit_decorator.py for tasks to queue
[2023-09-20T22:34:47.464+0000] {logging_mixin.py:151} INFO - [2023-09-20T22:34:47.463+0000] {dagbag.py:539} INFO - Filling up the DagBag from /home/airflow/.local/lib/python3.8/site-packages/airflow/example_dags/example_short_circuit_decorator.py
[2023-09-20T22:34:47.478+0000] {processor.py:839} INFO - DAG(s) dict_keys(['example_short_circuit_decorator']) retrieved from /home/airflow/.local/lib/python3.8/site-packages/airflow/example_dags/example_short_circuit_decorator.py
[2023-09-20T22:34:47.513+0000] {logging_mixin.py:151} INFO - [2023-09-20T22:34:47.512+0000] {dag.py:2915} INFO - Sync 1 DAGs
[2023-09-20T22:34:47.556+0000] {logging_mixin.py:151} INFO - [2023-09-20T22:34:47.556+0000] {dag.py:3696} INFO - Setting next_dagrun for example_short_circuit_decorator to 2023-09-19T22:34:47.555822+00:00, run_after=2023-09-20T22:34:47.555822+00:00
[2023-09-20T22:34:47.602+0000] {processor.py:179} INFO - Processing /home/airflow/.local/lib/python3.8/site-packages/airflow/example_dags/example_short_circuit_decorator.py took 0.150 seconds
[2023-09-20T22:35:18.029+0000] {processor.py:157} INFO - Started process (PID=1164) to work on /home/airflow/.local/lib/python3.8/site-packages/airflow/example_dags/example_short_circuit_decorator.py
[2023-09-20T22:35:18.031+0000] {processor.py:829} INFO - Processing file /home/airflow/.local/lib/python3.8/site-packages/airflow/example_dags/example_short_circuit_decorator.py for tasks to queue
[2023-09-20T22:35:18.036+0000] {logging_mixin.py:151} INFO - [2023-09-20T22:35:18.036+0000] {dagbag.py:539} INFO - Filling up the DagBag from /home/airflow/.local/lib/python3.8/site-packages/airflow/example_dags/example_short_circuit_decorator.py
[2023-09-20T22:35:18.056+0000] {processor.py:839} INFO - DAG(s) dict_keys(['example_short_circuit_decorator']) retrieved from /home/airflow/.local/lib/python3.8/site-packages/airflow/example_dags/example_short_circuit_decorator.py
[2023-09-20T22:35:18.095+0000] {logging_mixin.py:151} INFO - [2023-09-20T22:35:18.095+0000] {dag.py:2915} INFO - Sync 1 DAGs
[2023-09-20T22:35:18.128+0000] {logging_mixin.py:151} INFO - [2023-09-20T22:35:18.128+0000] {dag.py:3696} INFO - Setting next_dagrun for example_short_circuit_decorator to 2023-09-19T22:35:18.127664+00:00, run_after=2023-09-20T22:35:18.127664+00:00
[2023-09-20T22:35:18.301+0000] {processor.py:179} INFO - Processing /home/airflow/.local/lib/python3.8/site-packages/airflow/example_dags/example_short_circuit_decorator.py took 0.279 seconds
[2023-09-20T22:35:48.390+0000] {processor.py:157} INFO - Started process (PID=1219) to work on /home/airflow/.local/lib/python3.8/site-packages/airflow/example_dags/example_short_circuit_decorator.py
[2023-09-20T22:35:48.391+0000] {processor.py:829} INFO - Processing file /home/airflow/.local/lib/python3.8/site-packages/airflow/example_dags/example_short_circuit_decorator.py for tasks to queue
[2023-09-20T22:35:48.395+0000] {logging_mixin.py:151} INFO - [2023-09-20T22:35:48.394+0000] {dagbag.py:539} INFO - Filling up the DagBag from /home/airflow/.local/lib/python3.8/site-packages/airflow/example_dags/example_short_circuit_decorator.py
[2023-09-20T22:35:48.411+0000] {processor.py:839} INFO - DAG(s) dict_keys(['example_short_circuit_decorator']) retrieved from /home/airflow/.local/lib/python3.8/site-packages/airflow/example_dags/example_short_circuit_decorator.py
[2023-09-20T22:35:48.442+0000] {logging_mixin.py:151} INFO - [2023-09-20T22:35:48.442+0000] {dag.py:2915} INFO - Sync 1 DAGs
[2023-09-20T22:35:48.472+0000] {logging_mixin.py:151} INFO - [2023-09-20T22:35:48.472+0000] {dag.py:3696} INFO - Setting next_dagrun for example_short_circuit_decorator to 2023-09-19T22:35:48.472276+00:00, run_after=2023-09-20T22:35:48.472276+00:00
[2023-09-20T22:35:48.498+0000] {processor.py:179} INFO - Processing /home/airflow/.local/lib/python3.8/site-packages/airflow/example_dags/example_short_circuit_decorator.py took 0.116 seconds
[2023-09-20T22:36:19.304+0000] {processor.py:157} INFO - Started process (PID=1274) to work on /home/airflow/.local/lib/python3.8/site-packages/airflow/example_dags/example_short_circuit_decorator.py
[2023-09-20T22:36:19.305+0000] {processor.py:829} INFO - Processing file /home/airflow/.local/lib/python3.8/site-packages/airflow/example_dags/example_short_circuit_decorator.py for tasks to queue
[2023-09-20T22:36:19.310+0000] {logging_mixin.py:151} INFO - [2023-09-20T22:36:19.310+0000] {dagbag.py:539} INFO - Filling up the DagBag from /home/airflow/.local/lib/python3.8/site-packages/airflow/example_dags/example_short_circuit_decorator.py
[2023-09-20T22:36:19.328+0000] {processor.py:839} INFO - DAG(s) dict_keys(['example_short_circuit_decorator']) retrieved from /home/airflow/.local/lib/python3.8/site-packages/airflow/example_dags/example_short_circuit_decorator.py
[2023-09-20T22:36:19.374+0000] {logging_mixin.py:151} INFO - [2023-09-20T22:36:19.373+0000] {dag.py:2915} INFO - Sync 1 DAGs
[2023-09-20T22:36:19.404+0000] {logging_mixin.py:151} INFO - [2023-09-20T22:36:19.403+0000] {dag.py:3696} INFO - Setting next_dagrun for example_short_circuit_decorator to 2023-09-19T22:36:19.403323+00:00, run_after=2023-09-20T22:36:19.403323+00:00
[2023-09-20T22:36:19.443+0000] {processor.py:179} INFO - Processing /home/airflow/.local/lib/python3.8/site-packages/airflow/example_dags/example_short_circuit_decorator.py took 0.146 seconds
[2023-09-20T22:36:49.721+0000] {processor.py:157} INFO - Started process (PID=1329) to work on /home/airflow/.local/lib/python3.8/site-packages/airflow/example_dags/example_short_circuit_decorator.py
[2023-09-20T22:36:49.722+0000] {processor.py:829} INFO - Processing file /home/airflow/.local/lib/python3.8/site-packages/airflow/example_dags/example_short_circuit_decorator.py for tasks to queue
[2023-09-20T22:36:49.725+0000] {logging_mixin.py:151} INFO - [2023-09-20T22:36:49.725+0000] {dagbag.py:539} INFO - Filling up the DagBag from /home/airflow/.local/lib/python3.8/site-packages/airflow/example_dags/example_short_circuit_decorator.py
[2023-09-20T22:36:49.738+0000] {processor.py:839} INFO - DAG(s) dict_keys(['example_short_circuit_decorator']) retrieved from /home/airflow/.local/lib/python3.8/site-packages/airflow/example_dags/example_short_circuit_decorator.py
[2023-09-20T22:36:49.774+0000] {logging_mixin.py:151} INFO - [2023-09-20T22:36:49.774+0000] {dag.py:2915} INFO - Sync 1 DAGs
[2023-09-20T22:36:49.805+0000] {logging_mixin.py:151} INFO - [2023-09-20T22:36:49.805+0000] {dag.py:3696} INFO - Setting next_dagrun for example_short_circuit_decorator to 2023-09-19T22:36:49.805103+00:00, run_after=2023-09-20T22:36:49.805103+00:00
[2023-09-20T22:36:49.831+0000] {processor.py:179} INFO - Processing /home/airflow/.local/lib/python3.8/site-packages/airflow/example_dags/example_short_circuit_decorator.py took 0.115 seconds
[2023-09-20T22:37:20.773+0000] {processor.py:157} INFO - Started process (PID=1385) to work on /home/airflow/.local/lib/python3.8/site-packages/airflow/example_dags/example_short_circuit_decorator.py
[2023-09-20T22:37:20.774+0000] {processor.py:829} INFO - Processing file /home/airflow/.local/lib/python3.8/site-packages/airflow/example_dags/example_short_circuit_decorator.py for tasks to queue
[2023-09-20T22:37:20.778+0000] {logging_mixin.py:151} INFO - [2023-09-20T22:37:20.777+0000] {dagbag.py:539} INFO - Filling up the DagBag from /home/airflow/.local/lib/python3.8/site-packages/airflow/example_dags/example_short_circuit_decorator.py
[2023-09-20T22:37:20.791+0000] {processor.py:839} INFO - DAG(s) dict_keys(['example_short_circuit_decorator']) retrieved from /home/airflow/.local/lib/python3.8/site-packages/airflow/example_dags/example_short_circuit_decorator.py
[2023-09-20T22:37:20.824+0000] {logging_mixin.py:151} INFO - [2023-09-20T22:37:20.823+0000] {dag.py:2915} INFO - Sync 1 DAGs
[2023-09-20T22:37:20.850+0000] {logging_mixin.py:151} INFO - [2023-09-20T22:37:20.849+0000] {dag.py:3696} INFO - Setting next_dagrun for example_short_circuit_decorator to 2023-09-19T22:37:20.849438+00:00, run_after=2023-09-20T22:37:20.849438+00:00
[2023-09-20T22:37:20.886+0000] {processor.py:179} INFO - Processing /home/airflow/.local/lib/python3.8/site-packages/airflow/example_dags/example_short_circuit_decorator.py took 0.118 seconds
[2023-09-20T22:37:51.587+0000] {processor.py:157} INFO - Started process (PID=1440) to work on /home/airflow/.local/lib/python3.8/site-packages/airflow/example_dags/example_short_circuit_decorator.py
[2023-09-20T22:37:51.588+0000] {processor.py:829} INFO - Processing file /home/airflow/.local/lib/python3.8/site-packages/airflow/example_dags/example_short_circuit_decorator.py for tasks to queue
[2023-09-20T22:37:51.592+0000] {logging_mixin.py:151} INFO - [2023-09-20T22:37:51.591+0000] {dagbag.py:539} INFO - Filling up the DagBag from /home/airflow/.local/lib/python3.8/site-packages/airflow/example_dags/example_short_circuit_decorator.py
[2023-09-20T22:37:51.605+0000] {processor.py:839} INFO - DAG(s) dict_keys(['example_short_circuit_decorator']) retrieved from /home/airflow/.local/lib/python3.8/site-packages/airflow/example_dags/example_short_circuit_decorator.py
[2023-09-20T22:37:51.644+0000] {logging_mixin.py:151} INFO - [2023-09-20T22:37:51.643+0000] {dag.py:2915} INFO - Sync 1 DAGs
[2023-09-20T22:37:51.673+0000] {logging_mixin.py:151} INFO - [2023-09-20T22:37:51.673+0000] {dag.py:3696} INFO - Setting next_dagrun for example_short_circuit_decorator to 2023-09-19T22:37:51.673426+00:00, run_after=2023-09-20T22:37:51.673426+00:00
[2023-09-20T22:37:51.707+0000] {processor.py:179} INFO - Processing /home/airflow/.local/lib/python3.8/site-packages/airflow/example_dags/example_short_circuit_decorator.py took 0.124 seconds
[2023-09-20T22:38:21.977+0000] {processor.py:157} INFO - Started process (PID=1502) to work on /home/airflow/.local/lib/python3.8/site-packages/airflow/example_dags/example_short_circuit_decorator.py
[2023-09-20T22:38:21.978+0000] {processor.py:829} INFO - Processing file /home/airflow/.local/lib/python3.8/site-packages/airflow/example_dags/example_short_circuit_decorator.py for tasks to queue
[2023-09-20T22:38:21.982+0000] {logging_mixin.py:151} INFO - [2023-09-20T22:38:21.982+0000] {dagbag.py:539} INFO - Filling up the DagBag from /home/airflow/.local/lib/python3.8/site-packages/airflow/example_dags/example_short_circuit_decorator.py
[2023-09-20T22:38:21.999+0000] {processor.py:839} INFO - DAG(s) dict_keys(['example_short_circuit_decorator']) retrieved from /home/airflow/.local/lib/python3.8/site-packages/airflow/example_dags/example_short_circuit_decorator.py
[2023-09-20T22:38:22.035+0000] {logging_mixin.py:151} INFO - [2023-09-20T22:38:22.035+0000] {dag.py:2915} INFO - Sync 1 DAGs
[2023-09-20T22:38:22.076+0000] {logging_mixin.py:151} INFO - [2023-09-20T22:38:22.076+0000] {dag.py:3696} INFO - Setting next_dagrun for example_short_circuit_decorator to 2023-09-19T22:38:22.075822+00:00, run_after=2023-09-20T22:38:22.075822+00:00
[2023-09-20T22:38:22.134+0000] {processor.py:179} INFO - Processing /home/airflow/.local/lib/python3.8/site-packages/airflow/example_dags/example_short_circuit_decorator.py took 0.161 seconds
[2023-09-20T22:38:53.061+0000] {processor.py:157} INFO - Started process (PID=1557) to work on /home/airflow/.local/lib/python3.8/site-packages/airflow/example_dags/example_short_circuit_decorator.py
[2023-09-20T22:38:53.063+0000] {processor.py:829} INFO - Processing file /home/airflow/.local/lib/python3.8/site-packages/airflow/example_dags/example_short_circuit_decorator.py for tasks to queue
[2023-09-20T22:38:53.069+0000] {logging_mixin.py:151} INFO - [2023-09-20T22:38:53.068+0000] {dagbag.py:539} INFO - Filling up the DagBag from /home/airflow/.local/lib/python3.8/site-packages/airflow/example_dags/example_short_circuit_decorator.py
[2023-09-20T22:38:53.087+0000] {processor.py:839} INFO - DAG(s) dict_keys(['example_short_circuit_decorator']) retrieved from /home/airflow/.local/lib/python3.8/site-packages/airflow/example_dags/example_short_circuit_decorator.py
[2023-09-20T22:38:53.128+0000] {logging_mixin.py:151} INFO - [2023-09-20T22:38:53.128+0000] {dag.py:2915} INFO - Sync 1 DAGs
[2023-09-20T22:38:53.162+0000] {logging_mixin.py:151} INFO - [2023-09-20T22:38:53.162+0000] {dag.py:3696} INFO - Setting next_dagrun for example_short_circuit_decorator to 2023-09-19T22:38:53.162110+00:00, run_after=2023-09-20T22:38:53.162110+00:00
[2023-09-20T22:38:53.198+0000] {processor.py:179} INFO - Processing /home/airflow/.local/lib/python3.8/site-packages/airflow/example_dags/example_short_circuit_decorator.py took 0.144 seconds
[2023-09-20T22:39:24.086+0000] {processor.py:157} INFO - Started process (PID=1612) to work on /home/airflow/.local/lib/python3.8/site-packages/airflow/example_dags/example_short_circuit_decorator.py
[2023-09-20T22:39:24.087+0000] {processor.py:829} INFO - Processing file /home/airflow/.local/lib/python3.8/site-packages/airflow/example_dags/example_short_circuit_decorator.py for tasks to queue
[2023-09-20T22:39:24.091+0000] {logging_mixin.py:151} INFO - [2023-09-20T22:39:24.090+0000] {dagbag.py:539} INFO - Filling up the DagBag from /home/airflow/.local/lib/python3.8/site-packages/airflow/example_dags/example_short_circuit_decorator.py
[2023-09-20T22:39:24.104+0000] {processor.py:839} INFO - DAG(s) dict_keys(['example_short_circuit_decorator']) retrieved from /home/airflow/.local/lib/python3.8/site-packages/airflow/example_dags/example_short_circuit_decorator.py
[2023-09-20T22:39:24.145+0000] {logging_mixin.py:151} INFO - [2023-09-20T22:39:24.144+0000] {dag.py:2915} INFO - Sync 1 DAGs
[2023-09-20T22:39:24.184+0000] {logging_mixin.py:151} INFO - [2023-09-20T22:39:24.184+0000] {dag.py:3696} INFO - Setting next_dagrun for example_short_circuit_decorator to 2023-09-19T22:39:24.183881+00:00, run_after=2023-09-20T22:39:24.183881+00:00
[2023-09-20T22:39:24.334+0000] {processor.py:179} INFO - Processing /home/airflow/.local/lib/python3.8/site-packages/airflow/example_dags/example_short_circuit_decorator.py took 0.252 seconds
[2023-09-20T22:39:54.381+0000] {processor.py:157} INFO - Started process (PID=1666) to work on /home/airflow/.local/lib/python3.8/site-packages/airflow/example_dags/example_short_circuit_decorator.py
[2023-09-20T22:39:54.384+0000] {processor.py:829} INFO - Processing file /home/airflow/.local/lib/python3.8/site-packages/airflow/example_dags/example_short_circuit_decorator.py for tasks to queue
[2023-09-20T22:39:54.390+0000] {logging_mixin.py:151} INFO - [2023-09-20T22:39:54.389+0000] {dagbag.py:539} INFO - Filling up the DagBag from /home/airflow/.local/lib/python3.8/site-packages/airflow/example_dags/example_short_circuit_decorator.py
[2023-09-20T22:39:54.413+0000] {processor.py:839} INFO - DAG(s) dict_keys(['example_short_circuit_decorator']) retrieved from /home/airflow/.local/lib/python3.8/site-packages/airflow/example_dags/example_short_circuit_decorator.py
[2023-09-20T22:39:54.460+0000] {logging_mixin.py:151} INFO - [2023-09-20T22:39:54.460+0000] {dag.py:2915} INFO - Sync 1 DAGs
[2023-09-20T22:39:54.492+0000] {logging_mixin.py:151} INFO - [2023-09-20T22:39:54.492+0000] {dag.py:3696} INFO - Setting next_dagrun for example_short_circuit_decorator to 2023-09-19T22:39:54.491562+00:00, run_after=2023-09-20T22:39:54.491562+00:00
[2023-09-20T22:39:54.537+0000] {processor.py:179} INFO - Processing /home/airflow/.local/lib/python3.8/site-packages/airflow/example_dags/example_short_circuit_decorator.py took 0.164 seconds
[2023-09-20T22:40:25.392+0000] {processor.py:157} INFO - Started process (PID=1721) to work on /home/airflow/.local/lib/python3.8/site-packages/airflow/example_dags/example_short_circuit_decorator.py
[2023-09-20T22:40:25.394+0000] {processor.py:829} INFO - Processing file /home/airflow/.local/lib/python3.8/site-packages/airflow/example_dags/example_short_circuit_decorator.py for tasks to queue
[2023-09-20T22:40:25.402+0000] {logging_mixin.py:151} INFO - [2023-09-20T22:40:25.401+0000] {dagbag.py:539} INFO - Filling up the DagBag from /home/airflow/.local/lib/python3.8/site-packages/airflow/example_dags/example_short_circuit_decorator.py
[2023-09-20T22:40:25.425+0000] {processor.py:839} INFO - DAG(s) dict_keys(['example_short_circuit_decorator']) retrieved from /home/airflow/.local/lib/python3.8/site-packages/airflow/example_dags/example_short_circuit_decorator.py
[2023-09-20T22:40:25.468+0000] {logging_mixin.py:151} INFO - [2023-09-20T22:40:25.468+0000] {dag.py:2915} INFO - Sync 1 DAGs
[2023-09-20T22:40:25.506+0000] {logging_mixin.py:151} INFO - [2023-09-20T22:40:25.506+0000] {dag.py:3696} INFO - Setting next_dagrun for example_short_circuit_decorator to 2023-09-19T22:40:25.506192+00:00, run_after=2023-09-20T22:40:25.506192+00:00
[2023-09-20T22:40:25.551+0000] {processor.py:179} INFO - Processing /home/airflow/.local/lib/python3.8/site-packages/airflow/example_dags/example_short_circuit_decorator.py took 0.168 seconds
[2023-09-20T22:40:55.762+0000] {processor.py:157} INFO - Started process (PID=1776) to work on /home/airflow/.local/lib/python3.8/site-packages/airflow/example_dags/example_short_circuit_decorator.py
[2023-09-20T22:40:55.764+0000] {processor.py:829} INFO - Processing file /home/airflow/.local/lib/python3.8/site-packages/airflow/example_dags/example_short_circuit_decorator.py for tasks to queue
[2023-09-20T22:40:55.767+0000] {logging_mixin.py:151} INFO - [2023-09-20T22:40:55.766+0000] {dagbag.py:539} INFO - Filling up the DagBag from /home/airflow/.local/lib/python3.8/site-packages/airflow/example_dags/example_short_circuit_decorator.py
[2023-09-20T22:40:55.779+0000] {processor.py:839} INFO - DAG(s) dict_keys(['example_short_circuit_decorator']) retrieved from /home/airflow/.local/lib/python3.8/site-packages/airflow/example_dags/example_short_circuit_decorator.py
[2023-09-20T22:40:55.820+0000] {logging_mixin.py:151} INFO - [2023-09-20T22:40:55.820+0000] {dag.py:2915} INFO - Sync 1 DAGs
[2023-09-20T22:40:55.852+0000] {logging_mixin.py:151} INFO - [2023-09-20T22:40:55.852+0000] {dag.py:3696} INFO - Setting next_dagrun for example_short_circuit_decorator to 2023-09-19T22:40:55.851985+00:00, run_after=2023-09-20T22:40:55.851985+00:00
[2023-09-20T22:40:55.897+0000] {processor.py:179} INFO - Processing /home/airflow/.local/lib/python3.8/site-packages/airflow/example_dags/example_short_circuit_decorator.py took 0.141 seconds
[2023-09-20T22:41:26.459+0000] {processor.py:157} INFO - Started process (PID=1831) to work on /home/airflow/.local/lib/python3.8/site-packages/airflow/example_dags/example_short_circuit_decorator.py
[2023-09-20T22:41:26.461+0000] {processor.py:829} INFO - Processing file /home/airflow/.local/lib/python3.8/site-packages/airflow/example_dags/example_short_circuit_decorator.py for tasks to queue
[2023-09-20T22:41:26.467+0000] {logging_mixin.py:151} INFO - [2023-09-20T22:41:26.466+0000] {dagbag.py:539} INFO - Filling up the DagBag from /home/airflow/.local/lib/python3.8/site-packages/airflow/example_dags/example_short_circuit_decorator.py
[2023-09-20T22:41:26.492+0000] {processor.py:839} INFO - DAG(s) dict_keys(['example_short_circuit_decorator']) retrieved from /home/airflow/.local/lib/python3.8/site-packages/airflow/example_dags/example_short_circuit_decorator.py
[2023-09-20T22:41:26.540+0000] {logging_mixin.py:151} INFO - [2023-09-20T22:41:26.540+0000] {dag.py:2915} INFO - Sync 1 DAGs
[2023-09-20T22:41:26.584+0000] {logging_mixin.py:151} INFO - [2023-09-20T22:41:26.583+0000] {dag.py:3696} INFO - Setting next_dagrun for example_short_circuit_decorator to 2023-09-19T22:41:26.583213+00:00, run_after=2023-09-20T22:41:26.583213+00:00
[2023-09-20T22:41:26.625+0000] {processor.py:179} INFO - Processing /home/airflow/.local/lib/python3.8/site-packages/airflow/example_dags/example_short_circuit_decorator.py took 0.176 seconds
[2023-09-20T22:41:56.944+0000] {processor.py:157} INFO - Started process (PID=1886) to work on /home/airflow/.local/lib/python3.8/site-packages/airflow/example_dags/example_short_circuit_decorator.py
[2023-09-20T22:41:56.947+0000] {processor.py:829} INFO - Processing file /home/airflow/.local/lib/python3.8/site-packages/airflow/example_dags/example_short_circuit_decorator.py for tasks to queue
[2023-09-20T22:41:56.953+0000] {logging_mixin.py:151} INFO - [2023-09-20T22:41:56.952+0000] {dagbag.py:539} INFO - Filling up the DagBag from /home/airflow/.local/lib/python3.8/site-packages/airflow/example_dags/example_short_circuit_decorator.py
[2023-09-20T22:41:56.977+0000] {processor.py:839} INFO - DAG(s) dict_keys(['example_short_circuit_decorator']) retrieved from /home/airflow/.local/lib/python3.8/site-packages/airflow/example_dags/example_short_circuit_decorator.py
[2023-09-20T22:41:57.040+0000] {logging_mixin.py:151} INFO - [2023-09-20T22:41:57.039+0000] {dag.py:2915} INFO - Sync 1 DAGs
[2023-09-20T22:41:57.077+0000] {logging_mixin.py:151} INFO - [2023-09-20T22:41:57.077+0000] {dag.py:3696} INFO - Setting next_dagrun for example_short_circuit_decorator to 2023-09-19T22:41:57.076654+00:00, run_after=2023-09-20T22:41:57.076654+00:00
[2023-09-20T22:41:57.115+0000] {processor.py:179} INFO - Processing /home/airflow/.local/lib/python3.8/site-packages/airflow/example_dags/example_short_circuit_decorator.py took 0.184 seconds
[2023-09-20T22:42:27.566+0000] {processor.py:157} INFO - Started process (PID=1941) to work on /home/airflow/.local/lib/python3.8/site-packages/airflow/example_dags/example_short_circuit_decorator.py
[2023-09-20T22:42:27.568+0000] {processor.py:829} INFO - Processing file /home/airflow/.local/lib/python3.8/site-packages/airflow/example_dags/example_short_circuit_decorator.py for tasks to queue
[2023-09-20T22:42:27.572+0000] {logging_mixin.py:151} INFO - [2023-09-20T22:42:27.572+0000] {dagbag.py:539} INFO - Filling up the DagBag from /home/airflow/.local/lib/python3.8/site-packages/airflow/example_dags/example_short_circuit_decorator.py
[2023-09-20T22:42:27.587+0000] {processor.py:839} INFO - DAG(s) dict_keys(['example_short_circuit_decorator']) retrieved from /home/airflow/.local/lib/python3.8/site-packages/airflow/example_dags/example_short_circuit_decorator.py
[2023-09-20T22:42:27.621+0000] {logging_mixin.py:151} INFO - [2023-09-20T22:42:27.621+0000] {dag.py:2915} INFO - Sync 1 DAGs
[2023-09-20T22:42:27.650+0000] {logging_mixin.py:151} INFO - [2023-09-20T22:42:27.650+0000] {dag.py:3696} INFO - Setting next_dagrun for example_short_circuit_decorator to 2023-09-19T22:42:27.649793+00:00, run_after=2023-09-20T22:42:27.649793+00:00
[2023-09-20T22:42:27.681+0000] {processor.py:179} INFO - Processing /home/airflow/.local/lib/python3.8/site-packages/airflow/example_dags/example_short_circuit_decorator.py took 0.123 seconds
[2023-09-20T22:42:58.411+0000] {processor.py:157} INFO - Started process (PID=1996) to work on /home/airflow/.local/lib/python3.8/site-packages/airflow/example_dags/example_short_circuit_decorator.py
[2023-09-20T22:42:58.413+0000] {processor.py:829} INFO - Processing file /home/airflow/.local/lib/python3.8/site-packages/airflow/example_dags/example_short_circuit_decorator.py for tasks to queue
[2023-09-20T22:42:58.417+0000] {logging_mixin.py:151} INFO - [2023-09-20T22:42:58.417+0000] {dagbag.py:539} INFO - Filling up the DagBag from /home/airflow/.local/lib/python3.8/site-packages/airflow/example_dags/example_short_circuit_decorator.py
[2023-09-20T22:42:58.440+0000] {processor.py:839} INFO - DAG(s) dict_keys(['example_short_circuit_decorator']) retrieved from /home/airflow/.local/lib/python3.8/site-packages/airflow/example_dags/example_short_circuit_decorator.py
[2023-09-20T22:42:58.482+0000] {logging_mixin.py:151} INFO - [2023-09-20T22:42:58.482+0000] {dag.py:2915} INFO - Sync 1 DAGs
[2023-09-20T22:42:58.515+0000] {logging_mixin.py:151} INFO - [2023-09-20T22:42:58.515+0000] {dag.py:3696} INFO - Setting next_dagrun for example_short_circuit_decorator to 2023-09-19T22:42:58.514988+00:00, run_after=2023-09-20T22:42:58.514988+00:00
[2023-09-20T22:42:58.543+0000] {processor.py:179} INFO - Processing /home/airflow/.local/lib/python3.8/site-packages/airflow/example_dags/example_short_circuit_decorator.py took 0.140 seconds
[2023-09-20T22:43:29.316+0000] {processor.py:157} INFO - Started process (PID=2051) to work on /home/airflow/.local/lib/python3.8/site-packages/airflow/example_dags/example_short_circuit_decorator.py
[2023-09-20T22:43:29.318+0000] {processor.py:829} INFO - Processing file /home/airflow/.local/lib/python3.8/site-packages/airflow/example_dags/example_short_circuit_decorator.py for tasks to queue
[2023-09-20T22:43:29.326+0000] {logging_mixin.py:151} INFO - [2023-09-20T22:43:29.325+0000] {dagbag.py:539} INFO - Filling up the DagBag from /home/airflow/.local/lib/python3.8/site-packages/airflow/example_dags/example_short_circuit_decorator.py
[2023-09-20T22:43:29.354+0000] {processor.py:839} INFO - DAG(s) dict_keys(['example_short_circuit_decorator']) retrieved from /home/airflow/.local/lib/python3.8/site-packages/airflow/example_dags/example_short_circuit_decorator.py
[2023-09-20T22:43:29.409+0000] {logging_mixin.py:151} INFO - [2023-09-20T22:43:29.409+0000] {dag.py:2915} INFO - Sync 1 DAGs
[2023-09-20T22:43:29.446+0000] {logging_mixin.py:151} INFO - [2023-09-20T22:43:29.445+0000] {dag.py:3696} INFO - Setting next_dagrun for example_short_circuit_decorator to 2023-09-19T22:43:29.445399+00:00, run_after=2023-09-20T22:43:29.445399+00:00
[2023-09-20T22:43:29.494+0000] {processor.py:179} INFO - Processing /home/airflow/.local/lib/python3.8/site-packages/airflow/example_dags/example_short_circuit_decorator.py took 0.188 seconds
[2023-09-20T22:44:00.070+0000] {processor.py:157} INFO - Started process (PID=2106) to work on /home/airflow/.local/lib/python3.8/site-packages/airflow/example_dags/example_short_circuit_decorator.py
[2023-09-20T22:44:00.073+0000] {processor.py:829} INFO - Processing file /home/airflow/.local/lib/python3.8/site-packages/airflow/example_dags/example_short_circuit_decorator.py for tasks to queue
[2023-09-20T22:44:00.082+0000] {logging_mixin.py:151} INFO - [2023-09-20T22:44:00.081+0000] {dagbag.py:539} INFO - Filling up the DagBag from /home/airflow/.local/lib/python3.8/site-packages/airflow/example_dags/example_short_circuit_decorator.py
[2023-09-20T22:44:00.116+0000] {processor.py:839} INFO - DAG(s) dict_keys(['example_short_circuit_decorator']) retrieved from /home/airflow/.local/lib/python3.8/site-packages/airflow/example_dags/example_short_circuit_decorator.py
[2023-09-20T22:44:00.159+0000] {logging_mixin.py:151} INFO - [2023-09-20T22:44:00.159+0000] {dag.py:2915} INFO - Sync 1 DAGs
[2023-09-20T22:44:00.190+0000] {logging_mixin.py:151} INFO - [2023-09-20T22:44:00.190+0000] {dag.py:3696} INFO - Setting next_dagrun for example_short_circuit_decorator to 2023-09-19T22:44:00.190120+00:00, run_after=2023-09-20T22:44:00.190120+00:00
[2023-09-20T22:44:00.235+0000] {processor.py:179} INFO - Processing /home/airflow/.local/lib/python3.8/site-packages/airflow/example_dags/example_short_circuit_decorator.py took 0.176 seconds
[2023-09-20T22:44:30.960+0000] {processor.py:157} INFO - Started process (PID=2162) to work on /home/airflow/.local/lib/python3.8/site-packages/airflow/example_dags/example_short_circuit_decorator.py
[2023-09-20T22:44:30.962+0000] {processor.py:829} INFO - Processing file /home/airflow/.local/lib/python3.8/site-packages/airflow/example_dags/example_short_circuit_decorator.py for tasks to queue
[2023-09-20T22:44:30.966+0000] {logging_mixin.py:151} INFO - [2023-09-20T22:44:30.965+0000] {dagbag.py:539} INFO - Filling up the DagBag from /home/airflow/.local/lib/python3.8/site-packages/airflow/example_dags/example_short_circuit_decorator.py
[2023-09-20T22:44:30.989+0000] {processor.py:839} INFO - DAG(s) dict_keys(['example_short_circuit_decorator']) retrieved from /home/airflow/.local/lib/python3.8/site-packages/airflow/example_dags/example_short_circuit_decorator.py
[2023-09-20T22:44:31.035+0000] {logging_mixin.py:151} INFO - [2023-09-20T22:44:31.035+0000] {dag.py:2915} INFO - Sync 1 DAGs
[2023-09-20T22:44:31.070+0000] {logging_mixin.py:151} INFO - [2023-09-20T22:44:31.070+0000] {dag.py:3696} INFO - Setting next_dagrun for example_short_circuit_decorator to 2023-09-19T22:44:31.069766+00:00, run_after=2023-09-20T22:44:31.069766+00:00
[2023-09-20T22:44:31.146+0000] {processor.py:179} INFO - Processing /home/airflow/.local/lib/python3.8/site-packages/airflow/example_dags/example_short_circuit_decorator.py took 0.195 seconds
[2023-09-20T22:45:01.641+0000] {processor.py:157} INFO - Started process (PID=2217) to work on /home/airflow/.local/lib/python3.8/site-packages/airflow/example_dags/example_short_circuit_decorator.py
[2023-09-20T22:45:01.642+0000] {processor.py:829} INFO - Processing file /home/airflow/.local/lib/python3.8/site-packages/airflow/example_dags/example_short_circuit_decorator.py for tasks to queue
[2023-09-20T22:45:01.647+0000] {logging_mixin.py:151} INFO - [2023-09-20T22:45:01.646+0000] {dagbag.py:539} INFO - Filling up the DagBag from /home/airflow/.local/lib/python3.8/site-packages/airflow/example_dags/example_short_circuit_decorator.py
[2023-09-20T22:45:01.665+0000] {processor.py:839} INFO - DAG(s) dict_keys(['example_short_circuit_decorator']) retrieved from /home/airflow/.local/lib/python3.8/site-packages/airflow/example_dags/example_short_circuit_decorator.py
[2023-09-20T22:45:01.701+0000] {logging_mixin.py:151} INFO - [2023-09-20T22:45:01.700+0000] {dag.py:2915} INFO - Sync 1 DAGs
[2023-09-20T22:45:01.734+0000] {logging_mixin.py:151} INFO - [2023-09-20T22:45:01.734+0000] {dag.py:3696} INFO - Setting next_dagrun for example_short_circuit_decorator to 2023-09-19T22:45:01.733789+00:00, run_after=2023-09-20T22:45:01.733789+00:00
[2023-09-20T22:45:01.785+0000] {processor.py:179} INFO - Processing /home/airflow/.local/lib/python3.8/site-packages/airflow/example_dags/example_short_circuit_decorator.py took 0.153 seconds
[2023-09-20T22:45:32.351+0000] {processor.py:157} INFO - Started process (PID=2272) to work on /home/airflow/.local/lib/python3.8/site-packages/airflow/example_dags/example_short_circuit_decorator.py
[2023-09-20T22:45:32.352+0000] {processor.py:829} INFO - Processing file /home/airflow/.local/lib/python3.8/site-packages/airflow/example_dags/example_short_circuit_decorator.py for tasks to queue
[2023-09-20T22:45:32.360+0000] {logging_mixin.py:151} INFO - [2023-09-20T22:45:32.359+0000] {dagbag.py:539} INFO - Filling up the DagBag from /home/airflow/.local/lib/python3.8/site-packages/airflow/example_dags/example_short_circuit_decorator.py
[2023-09-20T22:45:32.395+0000] {processor.py:839} INFO - DAG(s) dict_keys(['example_short_circuit_decorator']) retrieved from /home/airflow/.local/lib/python3.8/site-packages/airflow/example_dags/example_short_circuit_decorator.py
[2023-09-20T22:45:32.444+0000] {logging_mixin.py:151} INFO - [2023-09-20T22:45:32.444+0000] {dag.py:2915} INFO - Sync 1 DAGs
[2023-09-20T22:45:32.480+0000] {logging_mixin.py:151} INFO - [2023-09-20T22:45:32.480+0000] {dag.py:3696} INFO - Setting next_dagrun for example_short_circuit_decorator to 2023-09-19T22:45:32.479768+00:00, run_after=2023-09-20T22:45:32.479768+00:00
[2023-09-20T22:45:32.525+0000] {processor.py:179} INFO - Processing /home/airflow/.local/lib/python3.8/site-packages/airflow/example_dags/example_short_circuit_decorator.py took 0.182 seconds
[2023-09-20T22:46:02.803+0000] {processor.py:157} INFO - Started process (PID=2327) to work on /home/airflow/.local/lib/python3.8/site-packages/airflow/example_dags/example_short_circuit_decorator.py
[2023-09-20T22:46:02.805+0000] {processor.py:829} INFO - Processing file /home/airflow/.local/lib/python3.8/site-packages/airflow/example_dags/example_short_circuit_decorator.py for tasks to queue
[2023-09-20T22:46:02.810+0000] {logging_mixin.py:151} INFO - [2023-09-20T22:46:02.810+0000] {dagbag.py:539} INFO - Filling up the DagBag from /home/airflow/.local/lib/python3.8/site-packages/airflow/example_dags/example_short_circuit_decorator.py
[2023-09-20T22:46:02.834+0000] {processor.py:839} INFO - DAG(s) dict_keys(['example_short_circuit_decorator']) retrieved from /home/airflow/.local/lib/python3.8/site-packages/airflow/example_dags/example_short_circuit_decorator.py
[2023-09-20T22:46:02.882+0000] {logging_mixin.py:151} INFO - [2023-09-20T22:46:02.881+0000] {dag.py:2915} INFO - Sync 1 DAGs
[2023-09-20T22:46:02.921+0000] {logging_mixin.py:151} INFO - [2023-09-20T22:46:02.921+0000] {dag.py:3696} INFO - Setting next_dagrun for example_short_circuit_decorator to 2023-09-19T22:46:02.921052+00:00, run_after=2023-09-20T22:46:02.921052+00:00
[2023-09-20T22:46:02.951+0000] {processor.py:179} INFO - Processing /home/airflow/.local/lib/python3.8/site-packages/airflow/example_dags/example_short_circuit_decorator.py took 0.158 seconds
[2023-09-20T22:46:33.964+0000] {processor.py:157} INFO - Started process (PID=2382) to work on /home/airflow/.local/lib/python3.8/site-packages/airflow/example_dags/example_short_circuit_decorator.py
[2023-09-20T22:46:33.967+0000] {processor.py:829} INFO - Processing file /home/airflow/.local/lib/python3.8/site-packages/airflow/example_dags/example_short_circuit_decorator.py for tasks to queue
[2023-09-20T22:46:33.973+0000] {logging_mixin.py:151} INFO - [2023-09-20T22:46:33.973+0000] {dagbag.py:539} INFO - Filling up the DagBag from /home/airflow/.local/lib/python3.8/site-packages/airflow/example_dags/example_short_circuit_decorator.py
[2023-09-20T22:46:33.998+0000] {processor.py:839} INFO - DAG(s) dict_keys(['example_short_circuit_decorator']) retrieved from /home/airflow/.local/lib/python3.8/site-packages/airflow/example_dags/example_short_circuit_decorator.py
[2023-09-20T22:46:34.052+0000] {logging_mixin.py:151} INFO - [2023-09-20T22:46:34.051+0000] {dag.py:2915} INFO - Sync 1 DAGs
[2023-09-20T22:46:34.088+0000] {logging_mixin.py:151} INFO - [2023-09-20T22:46:34.088+0000] {dag.py:3696} INFO - Setting next_dagrun for example_short_circuit_decorator to 2023-09-19T22:46:34.088288+00:00, run_after=2023-09-20T22:46:34.088288+00:00
[2023-09-20T22:46:34.130+0000] {processor.py:179} INFO - Processing /home/airflow/.local/lib/python3.8/site-packages/airflow/example_dags/example_short_circuit_decorator.py took 0.175 seconds
[2023-09-20T22:47:04.744+0000] {processor.py:157} INFO - Started process (PID=2437) to work on /home/airflow/.local/lib/python3.8/site-packages/airflow/example_dags/example_short_circuit_decorator.py
[2023-09-20T22:47:04.746+0000] {processor.py:829} INFO - Processing file /home/airflow/.local/lib/python3.8/site-packages/airflow/example_dags/example_short_circuit_decorator.py for tasks to queue
[2023-09-20T22:47:04.750+0000] {logging_mixin.py:151} INFO - [2023-09-20T22:47:04.750+0000] {dagbag.py:539} INFO - Filling up the DagBag from /home/airflow/.local/lib/python3.8/site-packages/airflow/example_dags/example_short_circuit_decorator.py
[2023-09-20T22:47:04.763+0000] {processor.py:839} INFO - DAG(s) dict_keys(['example_short_circuit_decorator']) retrieved from /home/airflow/.local/lib/python3.8/site-packages/airflow/example_dags/example_short_circuit_decorator.py
[2023-09-20T22:47:04.796+0000] {logging_mixin.py:151} INFO - [2023-09-20T22:47:04.796+0000] {dag.py:2915} INFO - Sync 1 DAGs
[2023-09-20T22:47:04.829+0000] {logging_mixin.py:151} INFO - [2023-09-20T22:47:04.829+0000] {dag.py:3696} INFO - Setting next_dagrun for example_short_circuit_decorator to 2023-09-19T22:47:04.829059+00:00, run_after=2023-09-20T22:47:04.829059+00:00
[2023-09-20T22:47:04.876+0000] {processor.py:179} INFO - Processing /home/airflow/.local/lib/python3.8/site-packages/airflow/example_dags/example_short_circuit_decorator.py took 0.136 seconds
[2023-09-20T22:47:35.477+0000] {processor.py:157} INFO - Started process (PID=2492) to work on /home/airflow/.local/lib/python3.8/site-packages/airflow/example_dags/example_short_circuit_decorator.py
[2023-09-20T22:47:35.479+0000] {processor.py:829} INFO - Processing file /home/airflow/.local/lib/python3.8/site-packages/airflow/example_dags/example_short_circuit_decorator.py for tasks to queue
[2023-09-20T22:47:35.485+0000] {logging_mixin.py:151} INFO - [2023-09-20T22:47:35.485+0000] {dagbag.py:539} INFO - Filling up the DagBag from /home/airflow/.local/lib/python3.8/site-packages/airflow/example_dags/example_short_circuit_decorator.py
[2023-09-20T22:47:35.510+0000] {processor.py:839} INFO - DAG(s) dict_keys(['example_short_circuit_decorator']) retrieved from /home/airflow/.local/lib/python3.8/site-packages/airflow/example_dags/example_short_circuit_decorator.py
[2023-09-20T22:47:35.563+0000] {logging_mixin.py:151} INFO - [2023-09-20T22:47:35.563+0000] {dag.py:2915} INFO - Sync 1 DAGs
[2023-09-20T22:47:35.601+0000] {logging_mixin.py:151} INFO - [2023-09-20T22:47:35.601+0000] {dag.py:3696} INFO - Setting next_dagrun for example_short_circuit_decorator to 2023-09-19T22:47:35.601001+00:00, run_after=2023-09-20T22:47:35.601001+00:00
[2023-09-20T22:47:35.640+0000] {processor.py:179} INFO - Processing /home/airflow/.local/lib/python3.8/site-packages/airflow/example_dags/example_short_circuit_decorator.py took 0.172 seconds
[2023-09-20T22:48:05.906+0000] {processor.py:157} INFO - Started process (PID=2547) to work on /home/airflow/.local/lib/python3.8/site-packages/airflow/example_dags/example_short_circuit_decorator.py
[2023-09-20T22:48:05.907+0000] {processor.py:829} INFO - Processing file /home/airflow/.local/lib/python3.8/site-packages/airflow/example_dags/example_short_circuit_decorator.py for tasks to queue
[2023-09-20T22:48:05.912+0000] {logging_mixin.py:151} INFO - [2023-09-20T22:48:05.911+0000] {dagbag.py:539} INFO - Filling up the DagBag from /home/airflow/.local/lib/python3.8/site-packages/airflow/example_dags/example_short_circuit_decorator.py
[2023-09-20T22:48:05.932+0000] {processor.py:839} INFO - DAG(s) dict_keys(['example_short_circuit_decorator']) retrieved from /home/airflow/.local/lib/python3.8/site-packages/airflow/example_dags/example_short_circuit_decorator.py
[2023-09-20T22:48:05.981+0000] {logging_mixin.py:151} INFO - [2023-09-20T22:48:05.980+0000] {dag.py:2915} INFO - Sync 1 DAGs
[2023-09-20T22:48:06.024+0000] {logging_mixin.py:151} INFO - [2023-09-20T22:48:06.024+0000] {dag.py:3696} INFO - Setting next_dagrun for example_short_circuit_decorator to 2023-09-19T22:48:06.024013+00:00, run_after=2023-09-20T22:48:06.024013+00:00
[2023-09-20T22:48:06.066+0000] {processor.py:179} INFO - Processing /home/airflow/.local/lib/python3.8/site-packages/airflow/example_dags/example_short_circuit_decorator.py took 0.166 seconds
[2023-09-20T22:48:36.632+0000] {processor.py:157} INFO - Started process (PID=2602) to work on /home/airflow/.local/lib/python3.8/site-packages/airflow/example_dags/example_short_circuit_decorator.py
[2023-09-20T22:48:36.633+0000] {processor.py:829} INFO - Processing file /home/airflow/.local/lib/python3.8/site-packages/airflow/example_dags/example_short_circuit_decorator.py for tasks to queue
[2023-09-20T22:48:36.637+0000] {logging_mixin.py:151} INFO - [2023-09-20T22:48:36.636+0000] {dagbag.py:539} INFO - Filling up the DagBag from /home/airflow/.local/lib/python3.8/site-packages/airflow/example_dags/example_short_circuit_decorator.py
[2023-09-20T22:48:36.650+0000] {processor.py:839} INFO - DAG(s) dict_keys(['example_short_circuit_decorator']) retrieved from /home/airflow/.local/lib/python3.8/site-packages/airflow/example_dags/example_short_circuit_decorator.py
[2023-09-20T22:48:36.682+0000] {logging_mixin.py:151} INFO - [2023-09-20T22:48:36.681+0000] {dag.py:2915} INFO - Sync 1 DAGs
[2023-09-20T22:48:36.711+0000] {logging_mixin.py:151} INFO - [2023-09-20T22:48:36.710+0000] {dag.py:3696} INFO - Setting next_dagrun for example_short_circuit_decorator to 2023-09-19T22:48:36.710510+00:00, run_after=2023-09-20T22:48:36.710510+00:00
[2023-09-20T22:48:36.768+0000] {processor.py:179} INFO - Processing /home/airflow/.local/lib/python3.8/site-packages/airflow/example_dags/example_short_circuit_decorator.py took 0.141 seconds
[2023-09-20T22:49:07.223+0000] {processor.py:157} INFO - Started process (PID=2657) to work on /home/airflow/.local/lib/python3.8/site-packages/airflow/example_dags/example_short_circuit_decorator.py
[2023-09-20T22:49:07.224+0000] {processor.py:829} INFO - Processing file /home/airflow/.local/lib/python3.8/site-packages/airflow/example_dags/example_short_circuit_decorator.py for tasks to queue
[2023-09-20T22:49:07.228+0000] {logging_mixin.py:151} INFO - [2023-09-20T22:49:07.227+0000] {dagbag.py:539} INFO - Filling up the DagBag from /home/airflow/.local/lib/python3.8/site-packages/airflow/example_dags/example_short_circuit_decorator.py
[2023-09-20T22:49:07.243+0000] {processor.py:839} INFO - DAG(s) dict_keys(['example_short_circuit_decorator']) retrieved from /home/airflow/.local/lib/python3.8/site-packages/airflow/example_dags/example_short_circuit_decorator.py
[2023-09-20T22:49:07.286+0000] {logging_mixin.py:151} INFO - [2023-09-20T22:49:07.286+0000] {dag.py:2915} INFO - Sync 1 DAGs
[2023-09-20T22:49:07.320+0000] {logging_mixin.py:151} INFO - [2023-09-20T22:49:07.320+0000] {dag.py:3696} INFO - Setting next_dagrun for example_short_circuit_decorator to 2023-09-19T22:49:07.320182+00:00, run_after=2023-09-20T22:49:07.320182+00:00
[2023-09-20T22:49:07.356+0000] {processor.py:179} INFO - Processing /home/airflow/.local/lib/python3.8/site-packages/airflow/example_dags/example_short_circuit_decorator.py took 0.139 seconds
[2023-09-20T22:49:38.152+0000] {processor.py:157} INFO - Started process (PID=2712) to work on /home/airflow/.local/lib/python3.8/site-packages/airflow/example_dags/example_short_circuit_decorator.py
[2023-09-20T22:49:38.155+0000] {processor.py:829} INFO - Processing file /home/airflow/.local/lib/python3.8/site-packages/airflow/example_dags/example_short_circuit_decorator.py for tasks to queue
[2023-09-20T22:49:38.162+0000] {logging_mixin.py:151} INFO - [2023-09-20T22:49:38.161+0000] {dagbag.py:539} INFO - Filling up the DagBag from /home/airflow/.local/lib/python3.8/site-packages/airflow/example_dags/example_short_circuit_decorator.py
[2023-09-20T22:49:38.184+0000] {processor.py:839} INFO - DAG(s) dict_keys(['example_short_circuit_decorator']) retrieved from /home/airflow/.local/lib/python3.8/site-packages/airflow/example_dags/example_short_circuit_decorator.py
[2023-09-20T22:49:38.242+0000] {logging_mixin.py:151} INFO - [2023-09-20T22:49:38.241+0000] {dag.py:2915} INFO - Sync 1 DAGs
[2023-09-20T22:49:38.277+0000] {logging_mixin.py:151} INFO - [2023-09-20T22:49:38.277+0000] {dag.py:3696} INFO - Setting next_dagrun for example_short_circuit_decorator to 2023-09-19T22:49:38.277075+00:00, run_after=2023-09-20T22:49:38.277075+00:00
[2023-09-20T22:49:38.324+0000] {processor.py:179} INFO - Processing /home/airflow/.local/lib/python3.8/site-packages/airflow/example_dags/example_short_circuit_decorator.py took 0.185 seconds
[2023-09-20T22:50:09.179+0000] {processor.py:157} INFO - Started process (PID=2767) to work on /home/airflow/.local/lib/python3.8/site-packages/airflow/example_dags/example_short_circuit_decorator.py
[2023-09-20T22:50:09.182+0000] {processor.py:829} INFO - Processing file /home/airflow/.local/lib/python3.8/site-packages/airflow/example_dags/example_short_circuit_decorator.py for tasks to queue
[2023-09-20T22:50:09.186+0000] {logging_mixin.py:151} INFO - [2023-09-20T22:50:09.185+0000] {dagbag.py:539} INFO - Filling up the DagBag from /home/airflow/.local/lib/python3.8/site-packages/airflow/example_dags/example_short_circuit_decorator.py
[2023-09-20T22:50:09.200+0000] {processor.py:839} INFO - DAG(s) dict_keys(['example_short_circuit_decorator']) retrieved from /home/airflow/.local/lib/python3.8/site-packages/airflow/example_dags/example_short_circuit_decorator.py
[2023-09-20T22:50:09.235+0000] {logging_mixin.py:151} INFO - [2023-09-20T22:50:09.235+0000] {dag.py:2915} INFO - Sync 1 DAGs
[2023-09-20T22:50:09.263+0000] {logging_mixin.py:151} INFO - [2023-09-20T22:50:09.263+0000] {dag.py:3696} INFO - Setting next_dagrun for example_short_circuit_decorator to 2023-09-19T22:50:09.263337+00:00, run_after=2023-09-20T22:50:09.263337+00:00
[2023-09-20T22:50:09.296+0000] {processor.py:179} INFO - Processing /home/airflow/.local/lib/python3.8/site-packages/airflow/example_dags/example_short_circuit_decorator.py took 0.123 seconds
[2023-09-20T22:50:39.359+0000] {processor.py:157} INFO - Started process (PID=2822) to work on /home/airflow/.local/lib/python3.8/site-packages/airflow/example_dags/example_short_circuit_decorator.py
[2023-09-20T22:50:39.361+0000] {processor.py:829} INFO - Processing file /home/airflow/.local/lib/python3.8/site-packages/airflow/example_dags/example_short_circuit_decorator.py for tasks to queue
[2023-09-20T22:50:39.366+0000] {logging_mixin.py:151} INFO - [2023-09-20T22:50:39.365+0000] {dagbag.py:539} INFO - Filling up the DagBag from /home/airflow/.local/lib/python3.8/site-packages/airflow/example_dags/example_short_circuit_decorator.py
[2023-09-20T22:50:39.381+0000] {processor.py:839} INFO - DAG(s) dict_keys(['example_short_circuit_decorator']) retrieved from /home/airflow/.local/lib/python3.8/site-packages/airflow/example_dags/example_short_circuit_decorator.py
[2023-09-20T22:50:39.415+0000] {logging_mixin.py:151} INFO - [2023-09-20T22:50:39.415+0000] {dag.py:2915} INFO - Sync 1 DAGs
[2023-09-20T22:50:39.450+0000] {logging_mixin.py:151} INFO - [2023-09-20T22:50:39.449+0000] {dag.py:3696} INFO - Setting next_dagrun for example_short_circuit_decorator to 2023-09-19T22:50:39.447793+00:00, run_after=2023-09-20T22:50:39.447793+00:00
[2023-09-20T22:50:39.498+0000] {processor.py:179} INFO - Processing /home/airflow/.local/lib/python3.8/site-packages/airflow/example_dags/example_short_circuit_decorator.py took 0.144 seconds
[2023-09-20T22:51:10.347+0000] {processor.py:157} INFO - Started process (PID=2877) to work on /home/airflow/.local/lib/python3.8/site-packages/airflow/example_dags/example_short_circuit_decorator.py
[2023-09-20T22:51:10.348+0000] {processor.py:829} INFO - Processing file /home/airflow/.local/lib/python3.8/site-packages/airflow/example_dags/example_short_circuit_decorator.py for tasks to queue
[2023-09-20T22:51:10.353+0000] {logging_mixin.py:151} INFO - [2023-09-20T22:51:10.351+0000] {dagbag.py:539} INFO - Filling up the DagBag from /home/airflow/.local/lib/python3.8/site-packages/airflow/example_dags/example_short_circuit_decorator.py
[2023-09-20T22:51:10.366+0000] {processor.py:839} INFO - DAG(s) dict_keys(['example_short_circuit_decorator']) retrieved from /home/airflow/.local/lib/python3.8/site-packages/airflow/example_dags/example_short_circuit_decorator.py
[2023-09-20T22:51:10.404+0000] {logging_mixin.py:151} INFO - [2023-09-20T22:51:10.404+0000] {dag.py:2915} INFO - Sync 1 DAGs
[2023-09-20T22:51:10.434+0000] {logging_mixin.py:151} INFO - [2023-09-20T22:51:10.434+0000] {dag.py:3696} INFO - Setting next_dagrun for example_short_circuit_decorator to 2023-09-19T22:51:10.433784+00:00, run_after=2023-09-20T22:51:10.433784+00:00
[2023-09-20T22:51:10.470+0000] {processor.py:179} INFO - Processing /home/airflow/.local/lib/python3.8/site-packages/airflow/example_dags/example_short_circuit_decorator.py took 0.129 seconds
[2023-09-20T22:51:40.704+0000] {processor.py:157} INFO - Started process (PID=2932) to work on /home/airflow/.local/lib/python3.8/site-packages/airflow/example_dags/example_short_circuit_decorator.py
[2023-09-20T22:51:40.706+0000] {processor.py:829} INFO - Processing file /home/airflow/.local/lib/python3.8/site-packages/airflow/example_dags/example_short_circuit_decorator.py for tasks to queue
[2023-09-20T22:51:40.710+0000] {logging_mixin.py:151} INFO - [2023-09-20T22:51:40.709+0000] {dagbag.py:539} INFO - Filling up the DagBag from /home/airflow/.local/lib/python3.8/site-packages/airflow/example_dags/example_short_circuit_decorator.py
[2023-09-20T22:51:40.722+0000] {processor.py:839} INFO - DAG(s) dict_keys(['example_short_circuit_decorator']) retrieved from /home/airflow/.local/lib/python3.8/site-packages/airflow/example_dags/example_short_circuit_decorator.py
[2023-09-20T22:51:40.753+0000] {logging_mixin.py:151} INFO - [2023-09-20T22:51:40.753+0000] {dag.py:2915} INFO - Sync 1 DAGs
[2023-09-20T22:51:40.785+0000] {logging_mixin.py:151} INFO - [2023-09-20T22:51:40.785+0000] {dag.py:3696} INFO - Setting next_dagrun for example_short_circuit_decorator to 2023-09-19T22:51:40.785064+00:00, run_after=2023-09-20T22:51:40.785064+00:00
[2023-09-20T22:51:40.814+0000] {processor.py:179} INFO - Processing /home/airflow/.local/lib/python3.8/site-packages/airflow/example_dags/example_short_circuit_decorator.py took 0.115 seconds
[2023-09-20T23:11:33.647+0000] {processor.py:157} INFO - Started process (PID=63) to work on /home/airflow/.local/lib/python3.8/site-packages/airflow/example_dags/example_short_circuit_decorator.py
[2023-09-20T23:11:33.648+0000] {processor.py:829} INFO - Processing file /home/airflow/.local/lib/python3.8/site-packages/airflow/example_dags/example_short_circuit_decorator.py for tasks to queue
[2023-09-20T23:11:33.653+0000] {logging_mixin.py:151} INFO - [2023-09-20T23:11:33.652+0000] {dagbag.py:539} INFO - Filling up the DagBag from /home/airflow/.local/lib/python3.8/site-packages/airflow/example_dags/example_short_circuit_decorator.py
[2023-09-20T23:11:33.664+0000] {processor.py:839} INFO - DAG(s) dict_keys(['example_short_circuit_decorator']) retrieved from /home/airflow/.local/lib/python3.8/site-packages/airflow/example_dags/example_short_circuit_decorator.py
[2023-09-20T23:11:33.682+0000] {logging_mixin.py:151} INFO - [2023-09-20T23:11:33.682+0000] {dag.py:2915} INFO - Sync 1 DAGs
[2023-09-20T23:11:33.715+0000] {logging_mixin.py:151} INFO - [2023-09-20T23:11:33.714+0000] {dag.py:3696} INFO - Setting next_dagrun for example_short_circuit_decorator to 2023-09-19T23:11:33.714523+00:00, run_after=2023-09-20T23:11:33.714523+00:00
[2023-09-20T23:11:33.760+0000] {processor.py:179} INFO - Processing /home/airflow/.local/lib/python3.8/site-packages/airflow/example_dags/example_short_circuit_decorator.py took 0.117 seconds
[2023-09-20T23:12:04.428+0000] {processor.py:157} INFO - Started process (PID=118) to work on /home/airflow/.local/lib/python3.8/site-packages/airflow/example_dags/example_short_circuit_decorator.py
[2023-09-20T23:12:04.429+0000] {processor.py:829} INFO - Processing file /home/airflow/.local/lib/python3.8/site-packages/airflow/example_dags/example_short_circuit_decorator.py for tasks to queue
[2023-09-20T23:12:04.433+0000] {logging_mixin.py:151} INFO - [2023-09-20T23:12:04.432+0000] {dagbag.py:539} INFO - Filling up the DagBag from /home/airflow/.local/lib/python3.8/site-packages/airflow/example_dags/example_short_circuit_decorator.py
[2023-09-20T23:12:04.445+0000] {processor.py:839} INFO - DAG(s) dict_keys(['example_short_circuit_decorator']) retrieved from /home/airflow/.local/lib/python3.8/site-packages/airflow/example_dags/example_short_circuit_decorator.py
[2023-09-20T23:12:04.477+0000] {logging_mixin.py:151} INFO - [2023-09-20T23:12:04.476+0000] {dag.py:2915} INFO - Sync 1 DAGs
[2023-09-20T23:12:04.509+0000] {logging_mixin.py:151} INFO - [2023-09-20T23:12:04.509+0000] {dag.py:3696} INFO - Setting next_dagrun for example_short_circuit_decorator to 2023-09-19T23:12:04.509081+00:00, run_after=2023-09-20T23:12:04.509081+00:00
[2023-09-20T23:12:04.541+0000] {processor.py:179} INFO - Processing /home/airflow/.local/lib/python3.8/site-packages/airflow/example_dags/example_short_circuit_decorator.py took 0.118 seconds
[2023-09-20T23:12:36.831+0000] {processor.py:157} INFO - Started process (PID=173) to work on /home/airflow/.local/lib/python3.8/site-packages/airflow/example_dags/example_short_circuit_decorator.py
[2023-09-20T23:12:36.833+0000] {processor.py:829} INFO - Processing file /home/airflow/.local/lib/python3.8/site-packages/airflow/example_dags/example_short_circuit_decorator.py for tasks to queue
[2023-09-20T23:12:36.837+0000] {logging_mixin.py:151} INFO - [2023-09-20T23:12:36.836+0000] {dagbag.py:539} INFO - Filling up the DagBag from /home/airflow/.local/lib/python3.8/site-packages/airflow/example_dags/example_short_circuit_decorator.py
[2023-09-20T23:12:36.852+0000] {processor.py:839} INFO - DAG(s) dict_keys(['example_short_circuit_decorator']) retrieved from /home/airflow/.local/lib/python3.8/site-packages/airflow/example_dags/example_short_circuit_decorator.py
[2023-09-20T23:12:36.890+0000] {logging_mixin.py:151} INFO - [2023-09-20T23:12:36.889+0000] {dag.py:2915} INFO - Sync 1 DAGs
[2023-09-20T23:12:36.919+0000] {logging_mixin.py:151} INFO - [2023-09-20T23:12:36.919+0000] {dag.py:3696} INFO - Setting next_dagrun for example_short_circuit_decorator to 2023-09-19T23:12:36.918920+00:00, run_after=2023-09-20T23:12:36.918920+00:00
[2023-09-20T23:12:36.960+0000] {processor.py:179} INFO - Processing /home/airflow/.local/lib/python3.8/site-packages/airflow/example_dags/example_short_circuit_decorator.py took 0.134 seconds
[2023-09-20T23:13:08.172+0000] {processor.py:157} INFO - Started process (PID=228) to work on /home/airflow/.local/lib/python3.8/site-packages/airflow/example_dags/example_short_circuit_decorator.py
[2023-09-20T23:13:08.173+0000] {processor.py:829} INFO - Processing file /home/airflow/.local/lib/python3.8/site-packages/airflow/example_dags/example_short_circuit_decorator.py for tasks to queue
[2023-09-20T23:13:08.177+0000] {logging_mixin.py:151} INFO - [2023-09-20T23:13:08.176+0000] {dagbag.py:539} INFO - Filling up the DagBag from /home/airflow/.local/lib/python3.8/site-packages/airflow/example_dags/example_short_circuit_decorator.py
[2023-09-20T23:13:08.189+0000] {processor.py:839} INFO - DAG(s) dict_keys(['example_short_circuit_decorator']) retrieved from /home/airflow/.local/lib/python3.8/site-packages/airflow/example_dags/example_short_circuit_decorator.py
[2023-09-20T23:13:08.224+0000] {logging_mixin.py:151} INFO - [2023-09-20T23:13:08.223+0000] {dag.py:2915} INFO - Sync 1 DAGs
[2023-09-20T23:13:08.258+0000] {logging_mixin.py:151} INFO - [2023-09-20T23:13:08.258+0000] {dag.py:3696} INFO - Setting next_dagrun for example_short_circuit_decorator to 2023-09-19T23:13:08.257700+00:00, run_after=2023-09-20T23:13:08.257700+00:00
[2023-09-20T23:13:08.288+0000] {processor.py:179} INFO - Processing /home/airflow/.local/lib/python3.8/site-packages/airflow/example_dags/example_short_circuit_decorator.py took 0.121 seconds
