[2023-09-20T22:15:29.230+0000] {processor.py:157} INFO - Started process (PID=50) to work on /home/airflow/.local/lib/python3.8/site-packages/airflow/example_dags/example_dag_decorator.py
[2023-09-20T22:15:29.232+0000] {processor.py:829} INFO - Processing file /home/airflow/.local/lib/python3.8/site-packages/airflow/example_dags/example_dag_decorator.py for tasks to queue
[2023-09-20T22:15:29.236+0000] {logging_mixin.py:151} INFO - [2023-09-20T22:15:29.235+0000] {dagbag.py:539} INFO - Filling up the DagBag from /home/airflow/.local/lib/python3.8/site-packages/airflow/example_dags/example_dag_decorator.py
[2023-09-20T22:15:29.485+0000] {processor.py:839} INFO - DAG(s) dict_keys(['example_dag_decorator']) retrieved from /home/airflow/.local/lib/python3.8/site-packages/airflow/example_dags/example_dag_decorator.py
[2023-09-20T22:15:29.508+0000] {logging_mixin.py:151} INFO - [2023-09-20T22:15:29.508+0000] {dag.py:2915} INFO - Sync 1 DAGs
[2023-09-20T22:15:29.536+0000] {logging_mixin.py:151} INFO - [2023-09-20T22:15:29.535+0000] {dag.py:3696} INFO - Setting next_dagrun for example_dag_decorator to None, run_after=None
[2023-09-20T22:15:29.570+0000] {processor.py:179} INFO - Processing /home/airflow/.local/lib/python3.8/site-packages/airflow/example_dags/example_dag_decorator.py took 0.345 seconds
[2023-09-20T22:15:59.782+0000] {processor.py:157} INFO - Started process (PID=105) to work on /home/airflow/.local/lib/python3.8/site-packages/airflow/example_dags/example_dag_decorator.py
[2023-09-20T22:15:59.783+0000] {processor.py:829} INFO - Processing file /home/airflow/.local/lib/python3.8/site-packages/airflow/example_dags/example_dag_decorator.py for tasks to queue
[2023-09-20T22:15:59.787+0000] {logging_mixin.py:151} INFO - [2023-09-20T22:15:59.787+0000] {dagbag.py:539} INFO - Filling up the DagBag from /home/airflow/.local/lib/python3.8/site-packages/airflow/example_dags/example_dag_decorator.py
[2023-09-20T22:15:59.878+0000] {processor.py:839} INFO - DAG(s) dict_keys(['example_dag_decorator']) retrieved from /home/airflow/.local/lib/python3.8/site-packages/airflow/example_dags/example_dag_decorator.py
[2023-09-20T22:16:00.007+0000] {logging_mixin.py:151} INFO - [2023-09-20T22:16:00.007+0000] {security.py:708} INFO - Not syncing DAG-level permissions for DAG 'DAG:example_dag_decorator' as access control is unset.
[2023-09-20T22:16:00.008+0000] {logging_mixin.py:151} INFO - [2023-09-20T22:16:00.008+0000] {dag.py:2915} INFO - Sync 1 DAGs
[2023-09-20T22:16:00.023+0000] {logging_mixin.py:151} INFO - [2023-09-20T22:16:00.023+0000] {dag.py:3696} INFO - Setting next_dagrun for example_dag_decorator to None, run_after=None
[2023-09-20T22:16:00.057+0000] {processor.py:179} INFO - Processing /home/airflow/.local/lib/python3.8/site-packages/airflow/example_dags/example_dag_decorator.py took 0.280 seconds
[2023-09-20T22:16:30.577+0000] {processor.py:157} INFO - Started process (PID=158) to work on /home/airflow/.local/lib/python3.8/site-packages/airflow/example_dags/example_dag_decorator.py
[2023-09-20T22:16:30.579+0000] {processor.py:829} INFO - Processing file /home/airflow/.local/lib/python3.8/site-packages/airflow/example_dags/example_dag_decorator.py for tasks to queue
[2023-09-20T22:16:30.582+0000] {logging_mixin.py:151} INFO - [2023-09-20T22:16:30.582+0000] {dagbag.py:539} INFO - Filling up the DagBag from /home/airflow/.local/lib/python3.8/site-packages/airflow/example_dags/example_dag_decorator.py
[2023-09-20T22:16:30.688+0000] {processor.py:839} INFO - DAG(s) dict_keys(['example_dag_decorator']) retrieved from /home/airflow/.local/lib/python3.8/site-packages/airflow/example_dags/example_dag_decorator.py
[2023-09-20T22:16:30.829+0000] {logging_mixin.py:151} INFO - [2023-09-20T22:16:30.829+0000] {security.py:708} INFO - Not syncing DAG-level permissions for DAG 'DAG:example_dag_decorator' as access control is unset.
[2023-09-20T22:16:30.829+0000] {logging_mixin.py:151} INFO - [2023-09-20T22:16:30.829+0000] {dag.py:2915} INFO - Sync 1 DAGs
[2023-09-20T22:16:30.844+0000] {logging_mixin.py:151} INFO - [2023-09-20T22:16:30.844+0000] {dag.py:3696} INFO - Setting next_dagrun for example_dag_decorator to None, run_after=None
[2023-09-20T22:16:30.876+0000] {processor.py:179} INFO - Processing /home/airflow/.local/lib/python3.8/site-packages/airflow/example_dags/example_dag_decorator.py took 0.305 seconds
[2023-09-20T22:17:01.691+0000] {processor.py:157} INFO - Started process (PID=212) to work on /home/airflow/.local/lib/python3.8/site-packages/airflow/example_dags/example_dag_decorator.py
[2023-09-20T22:17:01.694+0000] {processor.py:829} INFO - Processing file /home/airflow/.local/lib/python3.8/site-packages/airflow/example_dags/example_dag_decorator.py for tasks to queue
[2023-09-20T22:17:01.699+0000] {logging_mixin.py:151} INFO - [2023-09-20T22:17:01.699+0000] {dagbag.py:539} INFO - Filling up the DagBag from /home/airflow/.local/lib/python3.8/site-packages/airflow/example_dags/example_dag_decorator.py
[2023-09-20T22:17:01.822+0000] {processor.py:839} INFO - DAG(s) dict_keys(['example_dag_decorator']) retrieved from /home/airflow/.local/lib/python3.8/site-packages/airflow/example_dags/example_dag_decorator.py
[2023-09-20T22:17:01.957+0000] {logging_mixin.py:151} INFO - [2023-09-20T22:17:01.957+0000] {security.py:708} INFO - Not syncing DAG-level permissions for DAG 'DAG:example_dag_decorator' as access control is unset.
[2023-09-20T22:17:01.958+0000] {logging_mixin.py:151} INFO - [2023-09-20T22:17:01.958+0000] {dag.py:2915} INFO - Sync 1 DAGs
[2023-09-20T22:17:01.972+0000] {logging_mixin.py:151} INFO - [2023-09-20T22:17:01.972+0000] {dag.py:3696} INFO - Setting next_dagrun for example_dag_decorator to None, run_after=None
[2023-09-20T22:17:02.054+0000] {processor.py:179} INFO - Processing /home/airflow/.local/lib/python3.8/site-packages/airflow/example_dags/example_dag_decorator.py took 0.371 seconds
[2023-09-20T22:25:00.482+0000] {processor.py:157} INFO - Started process (PID=50) to work on /home/airflow/.local/lib/python3.8/site-packages/airflow/example_dags/example_dag_decorator.py
[2023-09-20T22:25:00.489+0000] {processor.py:829} INFO - Processing file /home/airflow/.local/lib/python3.8/site-packages/airflow/example_dags/example_dag_decorator.py for tasks to queue
[2023-09-20T22:25:00.498+0000] {logging_mixin.py:151} INFO - [2023-09-20T22:25:00.498+0000] {dagbag.py:539} INFO - Filling up the DagBag from /home/airflow/.local/lib/python3.8/site-packages/airflow/example_dags/example_dag_decorator.py
[2023-09-20T22:25:00.624+0000] {processor.py:839} INFO - DAG(s) dict_keys(['example_dag_decorator']) retrieved from /home/airflow/.local/lib/python3.8/site-packages/airflow/example_dags/example_dag_decorator.py
[2023-09-20T22:25:00.646+0000] {logging_mixin.py:151} INFO - [2023-09-20T22:25:00.646+0000] {dag.py:2915} INFO - Sync 1 DAGs
[2023-09-20T22:25:00.696+0000] {logging_mixin.py:151} INFO - [2023-09-20T22:25:00.696+0000] {dag.py:3696} INFO - Setting next_dagrun for example_dag_decorator to None, run_after=None
[2023-09-20T22:25:00.752+0000] {processor.py:179} INFO - Processing /home/airflow/.local/lib/python3.8/site-packages/airflow/example_dags/example_dag_decorator.py took 0.283 seconds
[2023-09-20T22:25:31.293+0000] {processor.py:157} INFO - Started process (PID=105) to work on /home/airflow/.local/lib/python3.8/site-packages/airflow/example_dags/example_dag_decorator.py
[2023-09-20T22:25:31.295+0000] {processor.py:829} INFO - Processing file /home/airflow/.local/lib/python3.8/site-packages/airflow/example_dags/example_dag_decorator.py for tasks to queue
[2023-09-20T22:25:31.298+0000] {logging_mixin.py:151} INFO - [2023-09-20T22:25:31.298+0000] {dagbag.py:539} INFO - Filling up the DagBag from /home/airflow/.local/lib/python3.8/site-packages/airflow/example_dags/example_dag_decorator.py
[2023-09-20T22:25:31.401+0000] {processor.py:839} INFO - DAG(s) dict_keys(['example_dag_decorator']) retrieved from /home/airflow/.local/lib/python3.8/site-packages/airflow/example_dags/example_dag_decorator.py
[2023-09-20T22:25:31.538+0000] {logging_mixin.py:151} INFO - [2023-09-20T22:25:31.538+0000] {security.py:708} INFO - Not syncing DAG-level permissions for DAG 'DAG:example_dag_decorator' as access control is unset.
[2023-09-20T22:25:31.539+0000] {logging_mixin.py:151} INFO - [2023-09-20T22:25:31.539+0000] {dag.py:2915} INFO - Sync 1 DAGs
[2023-09-20T22:25:31.556+0000] {logging_mixin.py:151} INFO - [2023-09-20T22:25:31.555+0000] {dag.py:3696} INFO - Setting next_dagrun for example_dag_decorator to None, run_after=None
[2023-09-20T22:25:31.586+0000] {processor.py:179} INFO - Processing /home/airflow/.local/lib/python3.8/site-packages/airflow/example_dags/example_dag_decorator.py took 0.299 seconds
[2023-09-20T22:26:02.315+0000] {processor.py:157} INFO - Started process (PID=160) to work on /home/airflow/.local/lib/python3.8/site-packages/airflow/example_dags/example_dag_decorator.py
[2023-09-20T22:26:02.317+0000] {processor.py:829} INFO - Processing file /home/airflow/.local/lib/python3.8/site-packages/airflow/example_dags/example_dag_decorator.py for tasks to queue
[2023-09-20T22:26:02.321+0000] {logging_mixin.py:151} INFO - [2023-09-20T22:26:02.320+0000] {dagbag.py:539} INFO - Filling up the DagBag from /home/airflow/.local/lib/python3.8/site-packages/airflow/example_dags/example_dag_decorator.py
[2023-09-20T22:26:02.411+0000] {processor.py:839} INFO - DAG(s) dict_keys(['example_dag_decorator']) retrieved from /home/airflow/.local/lib/python3.8/site-packages/airflow/example_dags/example_dag_decorator.py
[2023-09-20T22:26:02.536+0000] {logging_mixin.py:151} INFO - [2023-09-20T22:26:02.536+0000] {security.py:708} INFO - Not syncing DAG-level permissions for DAG 'DAG:example_dag_decorator' as access control is unset.
[2023-09-20T22:26:02.537+0000] {logging_mixin.py:151} INFO - [2023-09-20T22:26:02.537+0000] {dag.py:2915} INFO - Sync 1 DAGs
[2023-09-20T22:26:02.556+0000] {logging_mixin.py:151} INFO - [2023-09-20T22:26:02.555+0000] {dag.py:3696} INFO - Setting next_dagrun for example_dag_decorator to None, run_after=None
[2023-09-20T22:26:02.603+0000] {processor.py:179} INFO - Processing /home/airflow/.local/lib/python3.8/site-packages/airflow/example_dags/example_dag_decorator.py took 0.296 seconds
[2023-09-20T22:26:33.131+0000] {processor.py:157} INFO - Started process (PID=215) to work on /home/airflow/.local/lib/python3.8/site-packages/airflow/example_dags/example_dag_decorator.py
[2023-09-20T22:26:33.133+0000] {processor.py:829} INFO - Processing file /home/airflow/.local/lib/python3.8/site-packages/airflow/example_dags/example_dag_decorator.py for tasks to queue
[2023-09-20T22:26:33.136+0000] {logging_mixin.py:151} INFO - [2023-09-20T22:26:33.135+0000] {dagbag.py:539} INFO - Filling up the DagBag from /home/airflow/.local/lib/python3.8/site-packages/airflow/example_dags/example_dag_decorator.py
[2023-09-20T22:26:33.253+0000] {processor.py:839} INFO - DAG(s) dict_keys(['example_dag_decorator']) retrieved from /home/airflow/.local/lib/python3.8/site-packages/airflow/example_dags/example_dag_decorator.py
[2023-09-20T22:26:33.406+0000] {logging_mixin.py:151} INFO - [2023-09-20T22:26:33.405+0000] {security.py:708} INFO - Not syncing DAG-level permissions for DAG 'DAG:example_dag_decorator' as access control is unset.
[2023-09-20T22:26:33.406+0000] {logging_mixin.py:151} INFO - [2023-09-20T22:26:33.406+0000] {dag.py:2915} INFO - Sync 1 DAGs
[2023-09-20T22:26:33.423+0000] {logging_mixin.py:151} INFO - [2023-09-20T22:26:33.423+0000] {dag.py:3696} INFO - Setting next_dagrun for example_dag_decorator to None, run_after=None
[2023-09-20T22:26:34.790+0000] {logging_mixin.py:151} INFO - [2023-09-20T22:26:34.790+0000] {security.py:708} INFO - Not syncing DAG-level permissions for DAG 'DAG:example_dag_decorator' as access control is unset.
[2023-09-20T22:26:34.791+0000] {logging_mixin.py:151} INFO - [2023-09-20T22:26:34.791+0000] {dag.py:2915} INFO - Sync 1 DAGs
[2023-09-20T22:26:34.828+0000] {logging_mixin.py:151} INFO - [2023-09-20T22:26:34.828+0000] {dag.py:3696} INFO - Setting next_dagrun for example_dag_decorator to None, run_after=None
[2023-09-20T22:26:34.897+0000] {processor.py:179} INFO - Processing /home/airflow/.local/lib/python3.8/site-packages/airflow/example_dags/example_dag_decorator.py took 1.771 seconds
[2023-09-20T22:27:05.012+0000] {processor.py:157} INFO - Started process (PID=276) to work on /home/airflow/.local/lib/python3.8/site-packages/airflow/example_dags/example_dag_decorator.py
[2023-09-20T22:27:05.014+0000] {processor.py:829} INFO - Processing file /home/airflow/.local/lib/python3.8/site-packages/airflow/example_dags/example_dag_decorator.py for tasks to queue
[2023-09-20T22:27:05.018+0000] {logging_mixin.py:151} INFO - [2023-09-20T22:27:05.017+0000] {dagbag.py:539} INFO - Filling up the DagBag from /home/airflow/.local/lib/python3.8/site-packages/airflow/example_dags/example_dag_decorator.py
[2023-09-20T22:27:05.140+0000] {processor.py:839} INFO - DAG(s) dict_keys(['example_dag_decorator']) retrieved from /home/airflow/.local/lib/python3.8/site-packages/airflow/example_dags/example_dag_decorator.py
[2023-09-20T22:27:05.315+0000] {logging_mixin.py:151} INFO - [2023-09-20T22:27:05.314+0000] {security.py:708} INFO - Not syncing DAG-level permissions for DAG 'DAG:example_dag_decorator' as access control is unset.
[2023-09-20T22:27:05.316+0000] {logging_mixin.py:151} INFO - [2023-09-20T22:27:05.315+0000] {dag.py:2915} INFO - Sync 1 DAGs
[2023-09-20T22:27:05.335+0000] {logging_mixin.py:151} INFO - [2023-09-20T22:27:05.334+0000] {dag.py:3696} INFO - Setting next_dagrun for example_dag_decorator to None, run_after=None
[2023-09-20T22:27:05.651+0000] {processor.py:179} INFO - Processing /home/airflow/.local/lib/python3.8/site-packages/airflow/example_dags/example_dag_decorator.py took 0.645 seconds
[2023-09-20T22:27:35.709+0000] {processor.py:157} INFO - Started process (PID=332) to work on /home/airflow/.local/lib/python3.8/site-packages/airflow/example_dags/example_dag_decorator.py
[2023-09-20T22:27:35.712+0000] {processor.py:829} INFO - Processing file /home/airflow/.local/lib/python3.8/site-packages/airflow/example_dags/example_dag_decorator.py for tasks to queue
[2023-09-20T22:27:35.717+0000] {logging_mixin.py:151} INFO - [2023-09-20T22:27:35.716+0000] {dagbag.py:539} INFO - Filling up the DagBag from /home/airflow/.local/lib/python3.8/site-packages/airflow/example_dags/example_dag_decorator.py
[2023-09-20T22:27:35.818+0000] {processor.py:839} INFO - DAG(s) dict_keys(['example_dag_decorator']) retrieved from /home/airflow/.local/lib/python3.8/site-packages/airflow/example_dags/example_dag_decorator.py
[2023-09-20T22:27:35.853+0000] {logging_mixin.py:151} INFO - [2023-09-20T22:27:35.852+0000] {dag.py:2915} INFO - Sync 1 DAGs
[2023-09-20T22:27:35.870+0000] {logging_mixin.py:151} INFO - [2023-09-20T22:27:35.870+0000] {dag.py:3696} INFO - Setting next_dagrun for example_dag_decorator to None, run_after=None
[2023-09-20T22:27:35.904+0000] {processor.py:179} INFO - Processing /home/airflow/.local/lib/python3.8/site-packages/airflow/example_dags/example_dag_decorator.py took 0.203 seconds
[2023-09-20T22:28:05.940+0000] {processor.py:157} INFO - Started process (PID=388) to work on /home/airflow/.local/lib/python3.8/site-packages/airflow/example_dags/example_dag_decorator.py
[2023-09-20T22:28:05.942+0000] {processor.py:829} INFO - Processing file /home/airflow/.local/lib/python3.8/site-packages/airflow/example_dags/example_dag_decorator.py for tasks to queue
[2023-09-20T22:28:05.945+0000] {logging_mixin.py:151} INFO - [2023-09-20T22:28:05.945+0000] {dagbag.py:539} INFO - Filling up the DagBag from /home/airflow/.local/lib/python3.8/site-packages/airflow/example_dags/example_dag_decorator.py
[2023-09-20T22:28:06.027+0000] {processor.py:839} INFO - DAG(s) dict_keys(['example_dag_decorator']) retrieved from /home/airflow/.local/lib/python3.8/site-packages/airflow/example_dags/example_dag_decorator.py
[2023-09-20T22:28:06.148+0000] {logging_mixin.py:151} INFO - [2023-09-20T22:28:06.148+0000] {security.py:708} INFO - Not syncing DAG-level permissions for DAG 'DAG:example_dag_decorator' as access control is unset.
[2023-09-20T22:28:06.148+0000] {logging_mixin.py:151} INFO - [2023-09-20T22:28:06.148+0000] {dag.py:2915} INFO - Sync 1 DAGs
[2023-09-20T22:28:06.164+0000] {logging_mixin.py:151} INFO - [2023-09-20T22:28:06.164+0000] {dag.py:3696} INFO - Setting next_dagrun for example_dag_decorator to None, run_after=None
[2023-09-20T22:28:06.199+0000] {processor.py:179} INFO - Processing /home/airflow/.local/lib/python3.8/site-packages/airflow/example_dags/example_dag_decorator.py took 0.263 seconds
[2023-09-20T22:28:36.230+0000] {processor.py:157} INFO - Started process (PID=443) to work on /home/airflow/.local/lib/python3.8/site-packages/airflow/example_dags/example_dag_decorator.py
[2023-09-20T22:28:36.232+0000] {processor.py:829} INFO - Processing file /home/airflow/.local/lib/python3.8/site-packages/airflow/example_dags/example_dag_decorator.py for tasks to queue
[2023-09-20T22:28:36.235+0000] {logging_mixin.py:151} INFO - [2023-09-20T22:28:36.235+0000] {dagbag.py:539} INFO - Filling up the DagBag from /home/airflow/.local/lib/python3.8/site-packages/airflow/example_dags/example_dag_decorator.py
[2023-09-20T22:28:36.344+0000] {processor.py:839} INFO - DAG(s) dict_keys(['example_dag_decorator']) retrieved from /home/airflow/.local/lib/python3.8/site-packages/airflow/example_dags/example_dag_decorator.py
[2023-09-20T22:28:36.468+0000] {logging_mixin.py:151} INFO - [2023-09-20T22:28:36.468+0000] {security.py:708} INFO - Not syncing DAG-level permissions for DAG 'DAG:example_dag_decorator' as access control is unset.
[2023-09-20T22:28:36.469+0000] {logging_mixin.py:151} INFO - [2023-09-20T22:28:36.469+0000] {dag.py:2915} INFO - Sync 1 DAGs
[2023-09-20T22:28:36.485+0000] {logging_mixin.py:151} INFO - [2023-09-20T22:28:36.484+0000] {dag.py:3696} INFO - Setting next_dagrun for example_dag_decorator to None, run_after=None
[2023-09-20T22:28:36.520+0000] {processor.py:179} INFO - Processing /home/airflow/.local/lib/python3.8/site-packages/airflow/example_dags/example_dag_decorator.py took 0.294 seconds
[2023-09-20T22:29:07.055+0000] {processor.py:157} INFO - Started process (PID=496) to work on /home/airflow/.local/lib/python3.8/site-packages/airflow/example_dags/example_dag_decorator.py
[2023-09-20T22:29:07.056+0000] {processor.py:829} INFO - Processing file /home/airflow/.local/lib/python3.8/site-packages/airflow/example_dags/example_dag_decorator.py for tasks to queue
[2023-09-20T22:29:07.059+0000] {logging_mixin.py:151} INFO - [2023-09-20T22:29:07.059+0000] {dagbag.py:539} INFO - Filling up the DagBag from /home/airflow/.local/lib/python3.8/site-packages/airflow/example_dags/example_dag_decorator.py
[2023-09-20T22:29:07.148+0000] {processor.py:839} INFO - DAG(s) dict_keys(['example_dag_decorator']) retrieved from /home/airflow/.local/lib/python3.8/site-packages/airflow/example_dags/example_dag_decorator.py
[2023-09-20T22:29:07.284+0000] {logging_mixin.py:151} INFO - [2023-09-20T22:29:07.284+0000] {security.py:708} INFO - Not syncing DAG-level permissions for DAG 'DAG:example_dag_decorator' as access control is unset.
[2023-09-20T22:29:07.285+0000] {logging_mixin.py:151} INFO - [2023-09-20T22:29:07.285+0000] {dag.py:2915} INFO - Sync 1 DAGs
[2023-09-20T22:29:07.299+0000] {logging_mixin.py:151} INFO - [2023-09-20T22:29:07.299+0000] {dag.py:3696} INFO - Setting next_dagrun for example_dag_decorator to None, run_after=None
[2023-09-20T22:29:07.329+0000] {processor.py:179} INFO - Processing /home/airflow/.local/lib/python3.8/site-packages/airflow/example_dags/example_dag_decorator.py took 0.279 seconds
[2023-09-20T22:29:38.059+0000] {processor.py:157} INFO - Started process (PID=552) to work on /home/airflow/.local/lib/python3.8/site-packages/airflow/example_dags/example_dag_decorator.py
[2023-09-20T22:29:38.061+0000] {processor.py:829} INFO - Processing file /home/airflow/.local/lib/python3.8/site-packages/airflow/example_dags/example_dag_decorator.py for tasks to queue
[2023-09-20T22:29:38.066+0000] {logging_mixin.py:151} INFO - [2023-09-20T22:29:38.065+0000] {dagbag.py:539} INFO - Filling up the DagBag from /home/airflow/.local/lib/python3.8/site-packages/airflow/example_dags/example_dag_decorator.py
[2023-09-20T22:29:38.166+0000] {processor.py:839} INFO - DAG(s) dict_keys(['example_dag_decorator']) retrieved from /home/airflow/.local/lib/python3.8/site-packages/airflow/example_dags/example_dag_decorator.py
[2023-09-20T22:29:38.300+0000] {logging_mixin.py:151} INFO - [2023-09-20T22:29:38.300+0000] {security.py:708} INFO - Not syncing DAG-level permissions for DAG 'DAG:example_dag_decorator' as access control is unset.
[2023-09-20T22:29:38.301+0000] {logging_mixin.py:151} INFO - [2023-09-20T22:29:38.301+0000] {dag.py:2915} INFO - Sync 1 DAGs
[2023-09-20T22:29:38.316+0000] {logging_mixin.py:151} INFO - [2023-09-20T22:29:38.315+0000] {dag.py:3696} INFO - Setting next_dagrun for example_dag_decorator to None, run_after=None
[2023-09-20T22:29:38.345+0000] {processor.py:179} INFO - Processing /home/airflow/.local/lib/python3.8/site-packages/airflow/example_dags/example_dag_decorator.py took 0.291 seconds
[2023-09-20T22:30:08.516+0000] {processor.py:157} INFO - Started process (PID=607) to work on /home/airflow/.local/lib/python3.8/site-packages/airflow/example_dags/example_dag_decorator.py
[2023-09-20T22:30:08.519+0000] {processor.py:829} INFO - Processing file /home/airflow/.local/lib/python3.8/site-packages/airflow/example_dags/example_dag_decorator.py for tasks to queue
[2023-09-20T22:30:08.526+0000] {logging_mixin.py:151} INFO - [2023-09-20T22:30:08.525+0000] {dagbag.py:539} INFO - Filling up the DagBag from /home/airflow/.local/lib/python3.8/site-packages/airflow/example_dags/example_dag_decorator.py
[2023-09-20T22:30:08.630+0000] {processor.py:839} INFO - DAG(s) dict_keys(['example_dag_decorator']) retrieved from /home/airflow/.local/lib/python3.8/site-packages/airflow/example_dags/example_dag_decorator.py
[2023-09-20T22:30:08.785+0000] {logging_mixin.py:151} INFO - [2023-09-20T22:30:08.784+0000] {security.py:708} INFO - Not syncing DAG-level permissions for DAG 'DAG:example_dag_decorator' as access control is unset.
[2023-09-20T22:30:08.785+0000] {logging_mixin.py:151} INFO - [2023-09-20T22:30:08.785+0000] {dag.py:2915} INFO - Sync 1 DAGs
[2023-09-20T22:30:08.805+0000] {logging_mixin.py:151} INFO - [2023-09-20T22:30:08.805+0000] {dag.py:3696} INFO - Setting next_dagrun for example_dag_decorator to None, run_after=None
[2023-09-20T22:30:08.841+0000] {processor.py:179} INFO - Processing /home/airflow/.local/lib/python3.8/site-packages/airflow/example_dags/example_dag_decorator.py took 0.333 seconds
[2023-09-20T22:30:38.934+0000] {processor.py:157} INFO - Started process (PID=661) to work on /home/airflow/.local/lib/python3.8/site-packages/airflow/example_dags/example_dag_decorator.py
[2023-09-20T22:30:38.935+0000] {processor.py:829} INFO - Processing file /home/airflow/.local/lib/python3.8/site-packages/airflow/example_dags/example_dag_decorator.py for tasks to queue
[2023-09-20T22:30:38.938+0000] {logging_mixin.py:151} INFO - [2023-09-20T22:30:38.938+0000] {dagbag.py:539} INFO - Filling up the DagBag from /home/airflow/.local/lib/python3.8/site-packages/airflow/example_dags/example_dag_decorator.py
[2023-09-20T22:30:39.051+0000] {processor.py:839} INFO - DAG(s) dict_keys(['example_dag_decorator']) retrieved from /home/airflow/.local/lib/python3.8/site-packages/airflow/example_dags/example_dag_decorator.py
[2023-09-20T22:30:39.179+0000] {logging_mixin.py:151} INFO - [2023-09-20T22:30:39.179+0000] {security.py:708} INFO - Not syncing DAG-level permissions for DAG 'DAG:example_dag_decorator' as access control is unset.
[2023-09-20T22:30:39.180+0000] {logging_mixin.py:151} INFO - [2023-09-20T22:30:39.180+0000] {dag.py:2915} INFO - Sync 1 DAGs
[2023-09-20T22:30:39.194+0000] {logging_mixin.py:151} INFO - [2023-09-20T22:30:39.194+0000] {dag.py:3696} INFO - Setting next_dagrun for example_dag_decorator to None, run_after=None
[2023-09-20T22:30:39.228+0000] {processor.py:179} INFO - Processing /home/airflow/.local/lib/python3.8/site-packages/airflow/example_dags/example_dag_decorator.py took 0.299 seconds
[2023-09-20T22:31:09.764+0000] {processor.py:157} INFO - Started process (PID=715) to work on /home/airflow/.local/lib/python3.8/site-packages/airflow/example_dags/example_dag_decorator.py
[2023-09-20T22:31:09.766+0000] {processor.py:829} INFO - Processing file /home/airflow/.local/lib/python3.8/site-packages/airflow/example_dags/example_dag_decorator.py for tasks to queue
[2023-09-20T22:31:09.770+0000] {logging_mixin.py:151} INFO - [2023-09-20T22:31:09.769+0000] {dagbag.py:539} INFO - Filling up the DagBag from /home/airflow/.local/lib/python3.8/site-packages/airflow/example_dags/example_dag_decorator.py
[2023-09-20T22:31:09.857+0000] {processor.py:839} INFO - DAG(s) dict_keys(['example_dag_decorator']) retrieved from /home/airflow/.local/lib/python3.8/site-packages/airflow/example_dags/example_dag_decorator.py
[2023-09-20T22:31:09.985+0000] {logging_mixin.py:151} INFO - [2023-09-20T22:31:09.985+0000] {security.py:708} INFO - Not syncing DAG-level permissions for DAG 'DAG:example_dag_decorator' as access control is unset.
[2023-09-20T22:31:09.986+0000] {logging_mixin.py:151} INFO - [2023-09-20T22:31:09.985+0000] {dag.py:2915} INFO - Sync 1 DAGs
[2023-09-20T22:31:10.000+0000] {logging_mixin.py:151} INFO - [2023-09-20T22:31:10.000+0000] {dag.py:3696} INFO - Setting next_dagrun for example_dag_decorator to None, run_after=None
[2023-09-20T22:31:10.051+0000] {processor.py:179} INFO - Processing /home/airflow/.local/lib/python3.8/site-packages/airflow/example_dags/example_dag_decorator.py took 0.293 seconds
[2023-09-20T22:31:40.699+0000] {processor.py:157} INFO - Started process (PID=766) to work on /home/airflow/.local/lib/python3.8/site-packages/airflow/example_dags/example_dag_decorator.py
[2023-09-20T22:31:40.700+0000] {processor.py:829} INFO - Processing file /home/airflow/.local/lib/python3.8/site-packages/airflow/example_dags/example_dag_decorator.py for tasks to queue
[2023-09-20T22:31:40.703+0000] {logging_mixin.py:151} INFO - [2023-09-20T22:31:40.703+0000] {dagbag.py:539} INFO - Filling up the DagBag from /home/airflow/.local/lib/python3.8/site-packages/airflow/example_dags/example_dag_decorator.py
[2023-09-20T22:31:40.786+0000] {processor.py:839} INFO - DAG(s) dict_keys(['example_dag_decorator']) retrieved from /home/airflow/.local/lib/python3.8/site-packages/airflow/example_dags/example_dag_decorator.py
[2023-09-20T22:31:40.945+0000] {logging_mixin.py:151} INFO - [2023-09-20T22:31:40.945+0000] {security.py:708} INFO - Not syncing DAG-level permissions for DAG 'DAG:example_dag_decorator' as access control is unset.
[2023-09-20T22:31:40.946+0000] {logging_mixin.py:151} INFO - [2023-09-20T22:31:40.946+0000] {dag.py:2915} INFO - Sync 1 DAGs
[2023-09-20T22:31:40.963+0000] {logging_mixin.py:151} INFO - [2023-09-20T22:31:40.963+0000] {dag.py:3696} INFO - Setting next_dagrun for example_dag_decorator to None, run_after=None
[2023-09-20T22:31:41.004+0000] {processor.py:179} INFO - Processing /home/airflow/.local/lib/python3.8/site-packages/airflow/example_dags/example_dag_decorator.py took 0.312 seconds
[2023-09-20T22:32:11.196+0000] {processor.py:157} INFO - Started process (PID=821) to work on /home/airflow/.local/lib/python3.8/site-packages/airflow/example_dags/example_dag_decorator.py
[2023-09-20T22:32:11.198+0000] {processor.py:829} INFO - Processing file /home/airflow/.local/lib/python3.8/site-packages/airflow/example_dags/example_dag_decorator.py for tasks to queue
[2023-09-20T22:32:11.202+0000] {logging_mixin.py:151} INFO - [2023-09-20T22:32:11.201+0000] {dagbag.py:539} INFO - Filling up the DagBag from /home/airflow/.local/lib/python3.8/site-packages/airflow/example_dags/example_dag_decorator.py
[2023-09-20T22:32:11.296+0000] {processor.py:839} INFO - DAG(s) dict_keys(['example_dag_decorator']) retrieved from /home/airflow/.local/lib/python3.8/site-packages/airflow/example_dags/example_dag_decorator.py
[2023-09-20T22:32:11.426+0000] {logging_mixin.py:151} INFO - [2023-09-20T22:32:11.425+0000] {security.py:708} INFO - Not syncing DAG-level permissions for DAG 'DAG:example_dag_decorator' as access control is unset.
[2023-09-20T22:32:11.426+0000] {logging_mixin.py:151} INFO - [2023-09-20T22:32:11.426+0000] {dag.py:2915} INFO - Sync 1 DAGs
[2023-09-20T22:32:11.441+0000] {logging_mixin.py:151} INFO - [2023-09-20T22:32:11.441+0000] {dag.py:3696} INFO - Setting next_dagrun for example_dag_decorator to None, run_after=None
[2023-09-20T22:32:11.471+0000] {processor.py:179} INFO - Processing /home/airflow/.local/lib/python3.8/site-packages/airflow/example_dags/example_dag_decorator.py took 0.280 seconds
[2023-09-20T22:32:42.032+0000] {processor.py:157} INFO - Started process (PID=876) to work on /home/airflow/.local/lib/python3.8/site-packages/airflow/example_dags/example_dag_decorator.py
[2023-09-20T22:32:42.033+0000] {processor.py:829} INFO - Processing file /home/airflow/.local/lib/python3.8/site-packages/airflow/example_dags/example_dag_decorator.py for tasks to queue
[2023-09-20T22:32:42.037+0000] {logging_mixin.py:151} INFO - [2023-09-20T22:32:42.037+0000] {dagbag.py:539} INFO - Filling up the DagBag from /home/airflow/.local/lib/python3.8/site-packages/airflow/example_dags/example_dag_decorator.py
[2023-09-20T22:32:42.121+0000] {processor.py:839} INFO - DAG(s) dict_keys(['example_dag_decorator']) retrieved from /home/airflow/.local/lib/python3.8/site-packages/airflow/example_dags/example_dag_decorator.py
[2023-09-20T22:32:42.273+0000] {logging_mixin.py:151} INFO - [2023-09-20T22:32:42.273+0000] {security.py:708} INFO - Not syncing DAG-level permissions for DAG 'DAG:example_dag_decorator' as access control is unset.
[2023-09-20T22:32:42.274+0000] {logging_mixin.py:151} INFO - [2023-09-20T22:32:42.273+0000] {dag.py:2915} INFO - Sync 1 DAGs
[2023-09-20T22:32:42.287+0000] {logging_mixin.py:151} INFO - [2023-09-20T22:32:42.287+0000] {dag.py:3696} INFO - Setting next_dagrun for example_dag_decorator to None, run_after=None
[2023-09-20T22:32:42.317+0000] {processor.py:179} INFO - Processing /home/airflow/.local/lib/python3.8/site-packages/airflow/example_dags/example_dag_decorator.py took 0.290 seconds
[2023-09-20T22:33:12.873+0000] {processor.py:157} INFO - Started process (PID=931) to work on /home/airflow/.local/lib/python3.8/site-packages/airflow/example_dags/example_dag_decorator.py
[2023-09-20T22:33:12.874+0000] {processor.py:829} INFO - Processing file /home/airflow/.local/lib/python3.8/site-packages/airflow/example_dags/example_dag_decorator.py for tasks to queue
[2023-09-20T22:33:12.878+0000] {logging_mixin.py:151} INFO - [2023-09-20T22:33:12.877+0000] {dagbag.py:539} INFO - Filling up the DagBag from /home/airflow/.local/lib/python3.8/site-packages/airflow/example_dags/example_dag_decorator.py
[2023-09-20T22:33:12.958+0000] {processor.py:839} INFO - DAG(s) dict_keys(['example_dag_decorator']) retrieved from /home/airflow/.local/lib/python3.8/site-packages/airflow/example_dags/example_dag_decorator.py
[2023-09-20T22:33:13.120+0000] {logging_mixin.py:151} INFO - [2023-09-20T22:33:13.120+0000] {security.py:708} INFO - Not syncing DAG-level permissions for DAG 'DAG:example_dag_decorator' as access control is unset.
[2023-09-20T22:33:13.121+0000] {logging_mixin.py:151} INFO - [2023-09-20T22:33:13.121+0000] {dag.py:2915} INFO - Sync 1 DAGs
[2023-09-20T22:33:13.142+0000] {logging_mixin.py:151} INFO - [2023-09-20T22:33:13.141+0000] {dag.py:3696} INFO - Setting next_dagrun for example_dag_decorator to None, run_after=None
[2023-09-20T22:33:13.201+0000] {processor.py:179} INFO - Processing /home/airflow/.local/lib/python3.8/site-packages/airflow/example_dags/example_dag_decorator.py took 0.333 seconds
[2023-09-20T22:33:43.606+0000] {processor.py:157} INFO - Started process (PID=986) to work on /home/airflow/.local/lib/python3.8/site-packages/airflow/example_dags/example_dag_decorator.py
[2023-09-20T22:33:43.608+0000] {processor.py:829} INFO - Processing file /home/airflow/.local/lib/python3.8/site-packages/airflow/example_dags/example_dag_decorator.py for tasks to queue
[2023-09-20T22:33:43.611+0000] {logging_mixin.py:151} INFO - [2023-09-20T22:33:43.611+0000] {dagbag.py:539} INFO - Filling up the DagBag from /home/airflow/.local/lib/python3.8/site-packages/airflow/example_dags/example_dag_decorator.py
[2023-09-20T22:33:43.711+0000] {processor.py:839} INFO - DAG(s) dict_keys(['example_dag_decorator']) retrieved from /home/airflow/.local/lib/python3.8/site-packages/airflow/example_dags/example_dag_decorator.py
[2023-09-20T22:33:43.877+0000] {logging_mixin.py:151} INFO - [2023-09-20T22:33:43.877+0000] {security.py:708} INFO - Not syncing DAG-level permissions for DAG 'DAG:example_dag_decorator' as access control is unset.
[2023-09-20T22:33:43.878+0000] {logging_mixin.py:151} INFO - [2023-09-20T22:33:43.878+0000] {dag.py:2915} INFO - Sync 1 DAGs
[2023-09-20T22:33:43.893+0000] {logging_mixin.py:151} INFO - [2023-09-20T22:33:43.893+0000] {dag.py:3696} INFO - Setting next_dagrun for example_dag_decorator to None, run_after=None
[2023-09-20T22:33:43.931+0000] {processor.py:179} INFO - Processing /home/airflow/.local/lib/python3.8/site-packages/airflow/example_dags/example_dag_decorator.py took 0.329 seconds
[2023-09-20T22:34:14.235+0000] {processor.py:157} INFO - Started process (PID=1041) to work on /home/airflow/.local/lib/python3.8/site-packages/airflow/example_dags/example_dag_decorator.py
[2023-09-20T22:34:14.237+0000] {processor.py:829} INFO - Processing file /home/airflow/.local/lib/python3.8/site-packages/airflow/example_dags/example_dag_decorator.py for tasks to queue
[2023-09-20T22:34:14.240+0000] {logging_mixin.py:151} INFO - [2023-09-20T22:34:14.240+0000] {dagbag.py:539} INFO - Filling up the DagBag from /home/airflow/.local/lib/python3.8/site-packages/airflow/example_dags/example_dag_decorator.py
[2023-09-20T22:34:14.345+0000] {processor.py:839} INFO - DAG(s) dict_keys(['example_dag_decorator']) retrieved from /home/airflow/.local/lib/python3.8/site-packages/airflow/example_dags/example_dag_decorator.py
[2023-09-20T22:34:14.488+0000] {logging_mixin.py:151} INFO - [2023-09-20T22:34:14.488+0000] {security.py:708} INFO - Not syncing DAG-level permissions for DAG 'DAG:example_dag_decorator' as access control is unset.
[2023-09-20T22:34:14.489+0000] {logging_mixin.py:151} INFO - [2023-09-20T22:34:14.488+0000] {dag.py:2915} INFO - Sync 1 DAGs
[2023-09-20T22:34:14.505+0000] {logging_mixin.py:151} INFO - [2023-09-20T22:34:14.505+0000] {dag.py:3696} INFO - Setting next_dagrun for example_dag_decorator to None, run_after=None
[2023-09-20T22:34:14.539+0000] {processor.py:179} INFO - Processing /home/airflow/.local/lib/python3.8/site-packages/airflow/example_dags/example_dag_decorator.py took 0.309 seconds
[2023-09-20T22:34:45.232+0000] {processor.py:157} INFO - Started process (PID=1096) to work on /home/airflow/.local/lib/python3.8/site-packages/airflow/example_dags/example_dag_decorator.py
[2023-09-20T22:34:45.234+0000] {processor.py:829} INFO - Processing file /home/airflow/.local/lib/python3.8/site-packages/airflow/example_dags/example_dag_decorator.py for tasks to queue
[2023-09-20T22:34:45.238+0000] {logging_mixin.py:151} INFO - [2023-09-20T22:34:45.237+0000] {dagbag.py:539} INFO - Filling up the DagBag from /home/airflow/.local/lib/python3.8/site-packages/airflow/example_dags/example_dag_decorator.py
[2023-09-20T22:34:45.357+0000] {processor.py:839} INFO - DAG(s) dict_keys(['example_dag_decorator']) retrieved from /home/airflow/.local/lib/python3.8/site-packages/airflow/example_dags/example_dag_decorator.py
[2023-09-20T22:34:45.496+0000] {logging_mixin.py:151} INFO - [2023-09-20T22:34:45.496+0000] {security.py:708} INFO - Not syncing DAG-level permissions for DAG 'DAG:example_dag_decorator' as access control is unset.
[2023-09-20T22:34:45.497+0000] {logging_mixin.py:151} INFO - [2023-09-20T22:34:45.497+0000] {dag.py:2915} INFO - Sync 1 DAGs
[2023-09-20T22:34:45.511+0000] {logging_mixin.py:151} INFO - [2023-09-20T22:34:45.511+0000] {dag.py:3696} INFO - Setting next_dagrun for example_dag_decorator to None, run_after=None
[2023-09-20T22:34:45.544+0000] {processor.py:179} INFO - Processing /home/airflow/.local/lib/python3.8/site-packages/airflow/example_dags/example_dag_decorator.py took 0.318 seconds
[2023-09-20T22:35:15.868+0000] {processor.py:157} INFO - Started process (PID=1151) to work on /home/airflow/.local/lib/python3.8/site-packages/airflow/example_dags/example_dag_decorator.py
[2023-09-20T22:35:15.869+0000] {processor.py:829} INFO - Processing file /home/airflow/.local/lib/python3.8/site-packages/airflow/example_dags/example_dag_decorator.py for tasks to queue
[2023-09-20T22:35:15.873+0000] {logging_mixin.py:151} INFO - [2023-09-20T22:35:15.873+0000] {dagbag.py:539} INFO - Filling up the DagBag from /home/airflow/.local/lib/python3.8/site-packages/airflow/example_dags/example_dag_decorator.py
[2023-09-20T22:35:15.966+0000] {processor.py:839} INFO - DAG(s) dict_keys(['example_dag_decorator']) retrieved from /home/airflow/.local/lib/python3.8/site-packages/airflow/example_dags/example_dag_decorator.py
[2023-09-20T22:35:16.095+0000] {logging_mixin.py:151} INFO - [2023-09-20T22:35:16.094+0000] {security.py:708} INFO - Not syncing DAG-level permissions for DAG 'DAG:example_dag_decorator' as access control is unset.
[2023-09-20T22:35:16.095+0000] {logging_mixin.py:151} INFO - [2023-09-20T22:35:16.095+0000] {dag.py:2915} INFO - Sync 1 DAGs
[2023-09-20T22:35:16.109+0000] {logging_mixin.py:151} INFO - [2023-09-20T22:35:16.108+0000] {dag.py:3696} INFO - Setting next_dagrun for example_dag_decorator to None, run_after=None
[2023-09-20T22:35:16.137+0000] {processor.py:179} INFO - Processing /home/airflow/.local/lib/python3.8/site-packages/airflow/example_dags/example_dag_decorator.py took 0.275 seconds
[2023-09-20T22:35:46.345+0000] {processor.py:157} INFO - Started process (PID=1206) to work on /home/airflow/.local/lib/python3.8/site-packages/airflow/example_dags/example_dag_decorator.py
[2023-09-20T22:35:46.347+0000] {processor.py:829} INFO - Processing file /home/airflow/.local/lib/python3.8/site-packages/airflow/example_dags/example_dag_decorator.py for tasks to queue
[2023-09-20T22:35:46.351+0000] {logging_mixin.py:151} INFO - [2023-09-20T22:35:46.350+0000] {dagbag.py:539} INFO - Filling up the DagBag from /home/airflow/.local/lib/python3.8/site-packages/airflow/example_dags/example_dag_decorator.py
[2023-09-20T22:35:46.437+0000] {processor.py:839} INFO - DAG(s) dict_keys(['example_dag_decorator']) retrieved from /home/airflow/.local/lib/python3.8/site-packages/airflow/example_dags/example_dag_decorator.py
[2023-09-20T22:35:46.579+0000] {logging_mixin.py:151} INFO - [2023-09-20T22:35:46.578+0000] {security.py:708} INFO - Not syncing DAG-level permissions for DAG 'DAG:example_dag_decorator' as access control is unset.
[2023-09-20T22:35:46.579+0000] {logging_mixin.py:151} INFO - [2023-09-20T22:35:46.579+0000] {dag.py:2915} INFO - Sync 1 DAGs
[2023-09-20T22:35:46.594+0000] {logging_mixin.py:151} INFO - [2023-09-20T22:35:46.594+0000] {dag.py:3696} INFO - Setting next_dagrun for example_dag_decorator to None, run_after=None
[2023-09-20T22:35:46.625+0000] {processor.py:179} INFO - Processing /home/airflow/.local/lib/python3.8/site-packages/airflow/example_dags/example_dag_decorator.py took 0.285 seconds
[2023-09-20T22:36:16.958+0000] {processor.py:157} INFO - Started process (PID=1262) to work on /home/airflow/.local/lib/python3.8/site-packages/airflow/example_dags/example_dag_decorator.py
[2023-09-20T22:36:16.960+0000] {processor.py:829} INFO - Processing file /home/airflow/.local/lib/python3.8/site-packages/airflow/example_dags/example_dag_decorator.py for tasks to queue
[2023-09-20T22:36:16.963+0000] {logging_mixin.py:151} INFO - [2023-09-20T22:36:16.963+0000] {dagbag.py:539} INFO - Filling up the DagBag from /home/airflow/.local/lib/python3.8/site-packages/airflow/example_dags/example_dag_decorator.py
[2023-09-20T22:36:17.053+0000] {processor.py:839} INFO - DAG(s) dict_keys(['example_dag_decorator']) retrieved from /home/airflow/.local/lib/python3.8/site-packages/airflow/example_dags/example_dag_decorator.py
[2023-09-20T22:36:17.192+0000] {logging_mixin.py:151} INFO - [2023-09-20T22:36:17.192+0000] {security.py:708} INFO - Not syncing DAG-level permissions for DAG 'DAG:example_dag_decorator' as access control is unset.
[2023-09-20T22:36:17.193+0000] {logging_mixin.py:151} INFO - [2023-09-20T22:36:17.193+0000] {dag.py:2915} INFO - Sync 1 DAGs
[2023-09-20T22:36:17.207+0000] {logging_mixin.py:151} INFO - [2023-09-20T22:36:17.207+0000] {dag.py:3696} INFO - Setting next_dagrun for example_dag_decorator to None, run_after=None
[2023-09-20T22:36:17.236+0000] {processor.py:179} INFO - Processing /home/airflow/.local/lib/python3.8/site-packages/airflow/example_dags/example_dag_decorator.py took 0.284 seconds
[2023-09-20T22:36:47.690+0000] {processor.py:157} INFO - Started process (PID=1317) to work on /home/airflow/.local/lib/python3.8/site-packages/airflow/example_dags/example_dag_decorator.py
[2023-09-20T22:36:47.691+0000] {processor.py:829} INFO - Processing file /home/airflow/.local/lib/python3.8/site-packages/airflow/example_dags/example_dag_decorator.py for tasks to queue
[2023-09-20T22:36:47.695+0000] {logging_mixin.py:151} INFO - [2023-09-20T22:36:47.694+0000] {dagbag.py:539} INFO - Filling up the DagBag from /home/airflow/.local/lib/python3.8/site-packages/airflow/example_dags/example_dag_decorator.py
[2023-09-20T22:36:47.791+0000] {processor.py:839} INFO - DAG(s) dict_keys(['example_dag_decorator']) retrieved from /home/airflow/.local/lib/python3.8/site-packages/airflow/example_dags/example_dag_decorator.py
[2023-09-20T22:36:47.923+0000] {logging_mixin.py:151} INFO - [2023-09-20T22:36:47.923+0000] {security.py:708} INFO - Not syncing DAG-level permissions for DAG 'DAG:example_dag_decorator' as access control is unset.
[2023-09-20T22:36:47.924+0000] {logging_mixin.py:151} INFO - [2023-09-20T22:36:47.924+0000] {dag.py:2915} INFO - Sync 1 DAGs
[2023-09-20T22:36:47.940+0000] {logging_mixin.py:151} INFO - [2023-09-20T22:36:47.939+0000] {dag.py:3696} INFO - Setting next_dagrun for example_dag_decorator to None, run_after=None
[2023-09-20T22:36:47.983+0000] {processor.py:179} INFO - Processing /home/airflow/.local/lib/python3.8/site-packages/airflow/example_dags/example_dag_decorator.py took 0.298 seconds
[2023-09-20T22:37:18.533+0000] {processor.py:157} INFO - Started process (PID=1372) to work on /home/airflow/.local/lib/python3.8/site-packages/airflow/example_dags/example_dag_decorator.py
[2023-09-20T22:37:18.534+0000] {processor.py:829} INFO - Processing file /home/airflow/.local/lib/python3.8/site-packages/airflow/example_dags/example_dag_decorator.py for tasks to queue
[2023-09-20T22:37:18.538+0000] {logging_mixin.py:151} INFO - [2023-09-20T22:37:18.537+0000] {dagbag.py:539} INFO - Filling up the DagBag from /home/airflow/.local/lib/python3.8/site-packages/airflow/example_dags/example_dag_decorator.py
[2023-09-20T22:37:18.627+0000] {processor.py:839} INFO - DAG(s) dict_keys(['example_dag_decorator']) retrieved from /home/airflow/.local/lib/python3.8/site-packages/airflow/example_dags/example_dag_decorator.py
[2023-09-20T22:37:18.774+0000] {logging_mixin.py:151} INFO - [2023-09-20T22:37:18.774+0000] {security.py:708} INFO - Not syncing DAG-level permissions for DAG 'DAG:example_dag_decorator' as access control is unset.
[2023-09-20T22:37:18.775+0000] {logging_mixin.py:151} INFO - [2023-09-20T22:37:18.775+0000] {dag.py:2915} INFO - Sync 1 DAGs
[2023-09-20T22:37:18.797+0000] {logging_mixin.py:151} INFO - [2023-09-20T22:37:18.796+0000] {dag.py:3696} INFO - Setting next_dagrun for example_dag_decorator to None, run_after=None
[2023-09-20T22:37:18.854+0000] {processor.py:179} INFO - Processing /home/airflow/.local/lib/python3.8/site-packages/airflow/example_dags/example_dag_decorator.py took 0.325 seconds
[2023-09-20T22:37:49.540+0000] {processor.py:157} INFO - Started process (PID=1427) to work on /home/airflow/.local/lib/python3.8/site-packages/airflow/example_dags/example_dag_decorator.py
[2023-09-20T22:37:49.541+0000] {processor.py:829} INFO - Processing file /home/airflow/.local/lib/python3.8/site-packages/airflow/example_dags/example_dag_decorator.py for tasks to queue
[2023-09-20T22:37:49.545+0000] {logging_mixin.py:151} INFO - [2023-09-20T22:37:49.544+0000] {dagbag.py:539} INFO - Filling up the DagBag from /home/airflow/.local/lib/python3.8/site-packages/airflow/example_dags/example_dag_decorator.py
[2023-09-20T22:37:49.638+0000] {processor.py:839} INFO - DAG(s) dict_keys(['example_dag_decorator']) retrieved from /home/airflow/.local/lib/python3.8/site-packages/airflow/example_dags/example_dag_decorator.py
[2023-09-20T22:37:49.770+0000] {logging_mixin.py:151} INFO - [2023-09-20T22:37:49.769+0000] {security.py:708} INFO - Not syncing DAG-level permissions for DAG 'DAG:example_dag_decorator' as access control is unset.
[2023-09-20T22:37:49.770+0000] {logging_mixin.py:151} INFO - [2023-09-20T22:37:49.770+0000] {dag.py:2915} INFO - Sync 1 DAGs
[2023-09-20T22:37:49.791+0000] {logging_mixin.py:151} INFO - [2023-09-20T22:37:49.791+0000] {dag.py:3696} INFO - Setting next_dagrun for example_dag_decorator to None, run_after=None
[2023-09-20T22:37:49.828+0000] {processor.py:179} INFO - Processing /home/airflow/.local/lib/python3.8/site-packages/airflow/example_dags/example_dag_decorator.py took 0.292 seconds
[2023-09-20T22:38:19.877+0000] {processor.py:157} INFO - Started process (PID=1483) to work on /home/airflow/.local/lib/python3.8/site-packages/airflow/example_dags/example_dag_decorator.py
[2023-09-20T22:38:19.878+0000] {processor.py:829} INFO - Processing file /home/airflow/.local/lib/python3.8/site-packages/airflow/example_dags/example_dag_decorator.py for tasks to queue
[2023-09-20T22:38:19.881+0000] {logging_mixin.py:151} INFO - [2023-09-20T22:38:19.881+0000] {dagbag.py:539} INFO - Filling up the DagBag from /home/airflow/.local/lib/python3.8/site-packages/airflow/example_dags/example_dag_decorator.py
[2023-09-20T22:38:19.969+0000] {processor.py:839} INFO - DAG(s) dict_keys(['example_dag_decorator']) retrieved from /home/airflow/.local/lib/python3.8/site-packages/airflow/example_dags/example_dag_decorator.py
[2023-09-20T22:38:20.098+0000] {logging_mixin.py:151} INFO - [2023-09-20T22:38:20.097+0000] {security.py:708} INFO - Not syncing DAG-level permissions for DAG 'DAG:example_dag_decorator' as access control is unset.
[2023-09-20T22:38:20.098+0000] {logging_mixin.py:151} INFO - [2023-09-20T22:38:20.098+0000] {dag.py:2915} INFO - Sync 1 DAGs
[2023-09-20T22:38:20.114+0000] {logging_mixin.py:151} INFO - [2023-09-20T22:38:20.113+0000] {dag.py:3696} INFO - Setting next_dagrun for example_dag_decorator to None, run_after=None
[2023-09-20T22:38:20.142+0000] {processor.py:179} INFO - Processing /home/airflow/.local/lib/python3.8/site-packages/airflow/example_dags/example_dag_decorator.py took 0.269 seconds
[2023-09-20T22:38:50.593+0000] {processor.py:157} INFO - Started process (PID=1538) to work on /home/airflow/.local/lib/python3.8/site-packages/airflow/example_dags/example_dag_decorator.py
[2023-09-20T22:38:50.596+0000] {processor.py:829} INFO - Processing file /home/airflow/.local/lib/python3.8/site-packages/airflow/example_dags/example_dag_decorator.py for tasks to queue
[2023-09-20T22:38:50.602+0000] {logging_mixin.py:151} INFO - [2023-09-20T22:38:50.601+0000] {dagbag.py:539} INFO - Filling up the DagBag from /home/airflow/.local/lib/python3.8/site-packages/airflow/example_dags/example_dag_decorator.py
[2023-09-20T22:38:50.747+0000] {processor.py:839} INFO - DAG(s) dict_keys(['example_dag_decorator']) retrieved from /home/airflow/.local/lib/python3.8/site-packages/airflow/example_dags/example_dag_decorator.py
[2023-09-20T22:38:50.890+0000] {logging_mixin.py:151} INFO - [2023-09-20T22:38:50.889+0000] {security.py:708} INFO - Not syncing DAG-level permissions for DAG 'DAG:example_dag_decorator' as access control is unset.
[2023-09-20T22:38:50.890+0000] {logging_mixin.py:151} INFO - [2023-09-20T22:38:50.890+0000] {dag.py:2915} INFO - Sync 1 DAGs
[2023-09-20T22:38:50.905+0000] {logging_mixin.py:151} INFO - [2023-09-20T22:38:50.905+0000] {dag.py:3696} INFO - Setting next_dagrun for example_dag_decorator to None, run_after=None
[2023-09-20T22:38:50.949+0000] {processor.py:179} INFO - Processing /home/airflow/.local/lib/python3.8/site-packages/airflow/example_dags/example_dag_decorator.py took 0.361 seconds
[2023-09-20T22:39:21.546+0000] {processor.py:157} INFO - Started process (PID=1593) to work on /home/airflow/.local/lib/python3.8/site-packages/airflow/example_dags/example_dag_decorator.py
[2023-09-20T22:39:21.548+0000] {processor.py:829} INFO - Processing file /home/airflow/.local/lib/python3.8/site-packages/airflow/example_dags/example_dag_decorator.py for tasks to queue
[2023-09-20T22:39:21.554+0000] {logging_mixin.py:151} INFO - [2023-09-20T22:39:21.554+0000] {dagbag.py:539} INFO - Filling up the DagBag from /home/airflow/.local/lib/python3.8/site-packages/airflow/example_dags/example_dag_decorator.py
[2023-09-20T22:39:21.659+0000] {processor.py:839} INFO - DAG(s) dict_keys(['example_dag_decorator']) retrieved from /home/airflow/.local/lib/python3.8/site-packages/airflow/example_dags/example_dag_decorator.py
[2023-09-20T22:39:21.800+0000] {logging_mixin.py:151} INFO - [2023-09-20T22:39:21.799+0000] {security.py:708} INFO - Not syncing DAG-level permissions for DAG 'DAG:example_dag_decorator' as access control is unset.
[2023-09-20T22:39:21.800+0000] {logging_mixin.py:151} INFO - [2023-09-20T22:39:21.800+0000] {dag.py:2915} INFO - Sync 1 DAGs
[2023-09-20T22:39:21.814+0000] {logging_mixin.py:151} INFO - [2023-09-20T22:39:21.814+0000] {dag.py:3696} INFO - Setting next_dagrun for example_dag_decorator to None, run_after=None
[2023-09-20T22:39:21.860+0000] {processor.py:179} INFO - Processing /home/airflow/.local/lib/python3.8/site-packages/airflow/example_dags/example_dag_decorator.py took 0.325 seconds
[2023-09-20T22:39:51.949+0000] {processor.py:157} INFO - Started process (PID=1647) to work on /home/airflow/.local/lib/python3.8/site-packages/airflow/example_dags/example_dag_decorator.py
[2023-09-20T22:39:51.953+0000] {processor.py:829} INFO - Processing file /home/airflow/.local/lib/python3.8/site-packages/airflow/example_dags/example_dag_decorator.py for tasks to queue
[2023-09-20T22:39:51.959+0000] {logging_mixin.py:151} INFO - [2023-09-20T22:39:51.958+0000] {dagbag.py:539} INFO - Filling up the DagBag from /home/airflow/.local/lib/python3.8/site-packages/airflow/example_dags/example_dag_decorator.py
[2023-09-20T22:39:52.062+0000] {processor.py:839} INFO - DAG(s) dict_keys(['example_dag_decorator']) retrieved from /home/airflow/.local/lib/python3.8/site-packages/airflow/example_dags/example_dag_decorator.py
[2023-09-20T22:39:52.192+0000] {logging_mixin.py:151} INFO - [2023-09-20T22:39:52.192+0000] {security.py:708} INFO - Not syncing DAG-level permissions for DAG 'DAG:example_dag_decorator' as access control is unset.
[2023-09-20T22:39:52.193+0000] {logging_mixin.py:151} INFO - [2023-09-20T22:39:52.193+0000] {dag.py:2915} INFO - Sync 1 DAGs
[2023-09-20T22:39:52.219+0000] {logging_mixin.py:151} INFO - [2023-09-20T22:39:52.219+0000] {dag.py:3696} INFO - Setting next_dagrun for example_dag_decorator to None, run_after=None
[2023-09-20T22:39:52.282+0000] {processor.py:179} INFO - Processing /home/airflow/.local/lib/python3.8/site-packages/airflow/example_dags/example_dag_decorator.py took 0.344 seconds
[2023-09-20T22:40:22.700+0000] {processor.py:157} INFO - Started process (PID=1701) to work on /home/airflow/.local/lib/python3.8/site-packages/airflow/example_dags/example_dag_decorator.py
[2023-09-20T22:40:22.704+0000] {processor.py:829} INFO - Processing file /home/airflow/.local/lib/python3.8/site-packages/airflow/example_dags/example_dag_decorator.py for tasks to queue
[2023-09-20T22:40:22.711+0000] {logging_mixin.py:151} INFO - [2023-09-20T22:40:22.710+0000] {dagbag.py:539} INFO - Filling up the DagBag from /home/airflow/.local/lib/python3.8/site-packages/airflow/example_dags/example_dag_decorator.py
[2023-09-20T22:40:22.815+0000] {processor.py:839} INFO - DAG(s) dict_keys(['example_dag_decorator']) retrieved from /home/airflow/.local/lib/python3.8/site-packages/airflow/example_dags/example_dag_decorator.py
[2023-09-20T22:40:22.993+0000] {logging_mixin.py:151} INFO - [2023-09-20T22:40:22.993+0000] {security.py:708} INFO - Not syncing DAG-level permissions for DAG 'DAG:example_dag_decorator' as access control is unset.
[2023-09-20T22:40:22.994+0000] {logging_mixin.py:151} INFO - [2023-09-20T22:40:22.994+0000] {dag.py:2915} INFO - Sync 1 DAGs
[2023-09-20T22:40:23.009+0000] {logging_mixin.py:151} INFO - [2023-09-20T22:40:23.008+0000] {dag.py:3696} INFO - Setting next_dagrun for example_dag_decorator to None, run_after=None
[2023-09-20T22:40:23.045+0000] {processor.py:179} INFO - Processing /home/airflow/.local/lib/python3.8/site-packages/airflow/example_dags/example_dag_decorator.py took 0.355 seconds
[2023-09-20T22:40:53.168+0000] {processor.py:157} INFO - Started process (PID=1763) to work on /home/airflow/.local/lib/python3.8/site-packages/airflow/example_dags/example_dag_decorator.py
[2023-09-20T22:40:53.171+0000] {processor.py:829} INFO - Processing file /home/airflow/.local/lib/python3.8/site-packages/airflow/example_dags/example_dag_decorator.py for tasks to queue
[2023-09-20T22:40:53.177+0000] {logging_mixin.py:151} INFO - [2023-09-20T22:40:53.177+0000] {dagbag.py:539} INFO - Filling up the DagBag from /home/airflow/.local/lib/python3.8/site-packages/airflow/example_dags/example_dag_decorator.py
[2023-09-20T22:40:53.300+0000] {processor.py:839} INFO - DAG(s) dict_keys(['example_dag_decorator']) retrieved from /home/airflow/.local/lib/python3.8/site-packages/airflow/example_dags/example_dag_decorator.py
[2023-09-20T22:40:53.437+0000] {logging_mixin.py:151} INFO - [2023-09-20T22:40:53.437+0000] {security.py:708} INFO - Not syncing DAG-level permissions for DAG 'DAG:example_dag_decorator' as access control is unset.
[2023-09-20T22:40:53.438+0000] {logging_mixin.py:151} INFO - [2023-09-20T22:40:53.438+0000] {dag.py:2915} INFO - Sync 1 DAGs
[2023-09-20T22:40:53.460+0000] {logging_mixin.py:151} INFO - [2023-09-20T22:40:53.460+0000] {dag.py:3696} INFO - Setting next_dagrun for example_dag_decorator to None, run_after=None
[2023-09-20T22:40:53.496+0000] {processor.py:179} INFO - Processing /home/airflow/.local/lib/python3.8/site-packages/airflow/example_dags/example_dag_decorator.py took 0.337 seconds
[2023-09-20T22:41:23.720+0000] {processor.py:157} INFO - Started process (PID=1818) to work on /home/airflow/.local/lib/python3.8/site-packages/airflow/example_dags/example_dag_decorator.py
[2023-09-20T22:41:23.722+0000] {processor.py:829} INFO - Processing file /home/airflow/.local/lib/python3.8/site-packages/airflow/example_dags/example_dag_decorator.py for tasks to queue
[2023-09-20T22:41:23.727+0000] {logging_mixin.py:151} INFO - [2023-09-20T22:41:23.726+0000] {dagbag.py:539} INFO - Filling up the DagBag from /home/airflow/.local/lib/python3.8/site-packages/airflow/example_dags/example_dag_decorator.py
[2023-09-20T22:41:23.828+0000] {processor.py:839} INFO - DAG(s) dict_keys(['example_dag_decorator']) retrieved from /home/airflow/.local/lib/python3.8/site-packages/airflow/example_dags/example_dag_decorator.py
[2023-09-20T22:41:23.977+0000] {logging_mixin.py:151} INFO - [2023-09-20T22:41:23.976+0000] {security.py:708} INFO - Not syncing DAG-level permissions for DAG 'DAG:example_dag_decorator' as access control is unset.
[2023-09-20T22:41:23.977+0000] {logging_mixin.py:151} INFO - [2023-09-20T22:41:23.977+0000] {dag.py:2915} INFO - Sync 1 DAGs
[2023-09-20T22:41:23.992+0000] {logging_mixin.py:151} INFO - [2023-09-20T22:41:23.992+0000] {dag.py:3696} INFO - Setting next_dagrun for example_dag_decorator to None, run_after=None
[2023-09-20T22:41:24.025+0000] {processor.py:179} INFO - Processing /home/airflow/.local/lib/python3.8/site-packages/airflow/example_dags/example_dag_decorator.py took 0.312 seconds
[2023-09-20T22:41:54.129+0000] {processor.py:157} INFO - Started process (PID=1874) to work on /home/airflow/.local/lib/python3.8/site-packages/airflow/example_dags/example_dag_decorator.py
[2023-09-20T22:41:54.131+0000] {processor.py:829} INFO - Processing file /home/airflow/.local/lib/python3.8/site-packages/airflow/example_dags/example_dag_decorator.py for tasks to queue
[2023-09-20T22:41:54.137+0000] {logging_mixin.py:151} INFO - [2023-09-20T22:41:54.136+0000] {dagbag.py:539} INFO - Filling up the DagBag from /home/airflow/.local/lib/python3.8/site-packages/airflow/example_dags/example_dag_decorator.py
[2023-09-20T22:41:54.263+0000] {processor.py:839} INFO - DAG(s) dict_keys(['example_dag_decorator']) retrieved from /home/airflow/.local/lib/python3.8/site-packages/airflow/example_dags/example_dag_decorator.py
[2023-09-20T22:41:54.395+0000] {logging_mixin.py:151} INFO - [2023-09-20T22:41:54.395+0000] {security.py:708} INFO - Not syncing DAG-level permissions for DAG 'DAG:example_dag_decorator' as access control is unset.
[2023-09-20T22:41:54.396+0000] {logging_mixin.py:151} INFO - [2023-09-20T22:41:54.396+0000] {dag.py:2915} INFO - Sync 1 DAGs
[2023-09-20T22:41:54.413+0000] {logging_mixin.py:151} INFO - [2023-09-20T22:41:54.412+0000] {dag.py:3696} INFO - Setting next_dagrun for example_dag_decorator to None, run_after=None
[2023-09-20T22:41:54.504+0000] {processor.py:179} INFO - Processing /home/airflow/.local/lib/python3.8/site-packages/airflow/example_dags/example_dag_decorator.py took 0.382 seconds
[2023-09-20T22:42:24.595+0000] {processor.py:157} INFO - Started process (PID=1930) to work on /home/airflow/.local/lib/python3.8/site-packages/airflow/example_dags/example_dag_decorator.py
[2023-09-20T22:42:24.597+0000] {processor.py:829} INFO - Processing file /home/airflow/.local/lib/python3.8/site-packages/airflow/example_dags/example_dag_decorator.py for tasks to queue
[2023-09-20T22:42:24.602+0000] {logging_mixin.py:151} INFO - [2023-09-20T22:42:24.601+0000] {dagbag.py:539} INFO - Filling up the DagBag from /home/airflow/.local/lib/python3.8/site-packages/airflow/example_dags/example_dag_decorator.py
[2023-09-20T22:42:24.687+0000] {processor.py:839} INFO - DAG(s) dict_keys(['example_dag_decorator']) retrieved from /home/airflow/.local/lib/python3.8/site-packages/airflow/example_dags/example_dag_decorator.py
[2023-09-20T22:42:24.820+0000] {logging_mixin.py:151} INFO - [2023-09-20T22:42:24.820+0000] {security.py:708} INFO - Not syncing DAG-level permissions for DAG 'DAG:example_dag_decorator' as access control is unset.
[2023-09-20T22:42:24.821+0000] {logging_mixin.py:151} INFO - [2023-09-20T22:42:24.821+0000] {dag.py:2915} INFO - Sync 1 DAGs
[2023-09-20T22:42:24.842+0000] {logging_mixin.py:151} INFO - [2023-09-20T22:42:24.841+0000] {dag.py:3696} INFO - Setting next_dagrun for example_dag_decorator to None, run_after=None
[2023-09-20T22:42:24.893+0000] {processor.py:179} INFO - Processing /home/airflow/.local/lib/python3.8/site-packages/airflow/example_dags/example_dag_decorator.py took 0.303 seconds
[2023-09-20T22:42:55.206+0000] {processor.py:157} INFO - Started process (PID=1983) to work on /home/airflow/.local/lib/python3.8/site-packages/airflow/example_dags/example_dag_decorator.py
[2023-09-20T22:42:55.209+0000] {processor.py:829} INFO - Processing file /home/airflow/.local/lib/python3.8/site-packages/airflow/example_dags/example_dag_decorator.py for tasks to queue
[2023-09-20T22:42:55.218+0000] {logging_mixin.py:151} INFO - [2023-09-20T22:42:55.217+0000] {dagbag.py:539} INFO - Filling up the DagBag from /home/airflow/.local/lib/python3.8/site-packages/airflow/example_dags/example_dag_decorator.py
[2023-09-20T22:42:55.339+0000] {processor.py:839} INFO - DAG(s) dict_keys(['example_dag_decorator']) retrieved from /home/airflow/.local/lib/python3.8/site-packages/airflow/example_dags/example_dag_decorator.py
[2023-09-20T22:42:55.472+0000] {logging_mixin.py:151} INFO - [2023-09-20T22:42:55.472+0000] {security.py:708} INFO - Not syncing DAG-level permissions for DAG 'DAG:example_dag_decorator' as access control is unset.
[2023-09-20T22:42:55.473+0000] {logging_mixin.py:151} INFO - [2023-09-20T22:42:55.473+0000] {dag.py:2915} INFO - Sync 1 DAGs
[2023-09-20T22:42:55.489+0000] {logging_mixin.py:151} INFO - [2023-09-20T22:42:55.488+0000] {dag.py:3696} INFO - Setting next_dagrun for example_dag_decorator to None, run_after=None
[2023-09-20T22:42:55.547+0000] {processor.py:179} INFO - Processing /home/airflow/.local/lib/python3.8/site-packages/airflow/example_dags/example_dag_decorator.py took 0.353 seconds
[2023-09-20T22:43:25.840+0000] {processor.py:157} INFO - Started process (PID=2038) to work on /home/airflow/.local/lib/python3.8/site-packages/airflow/example_dags/example_dag_decorator.py
[2023-09-20T22:43:25.843+0000] {processor.py:829} INFO - Processing file /home/airflow/.local/lib/python3.8/site-packages/airflow/example_dags/example_dag_decorator.py for tasks to queue
[2023-09-20T22:43:25.853+0000] {logging_mixin.py:151} INFO - [2023-09-20T22:43:25.852+0000] {dagbag.py:539} INFO - Filling up the DagBag from /home/airflow/.local/lib/python3.8/site-packages/airflow/example_dags/example_dag_decorator.py
[2023-09-20T22:43:25.979+0000] {processor.py:839} INFO - DAG(s) dict_keys(['example_dag_decorator']) retrieved from /home/airflow/.local/lib/python3.8/site-packages/airflow/example_dags/example_dag_decorator.py
[2023-09-20T22:43:26.134+0000] {logging_mixin.py:151} INFO - [2023-09-20T22:43:26.133+0000] {security.py:708} INFO - Not syncing DAG-level permissions for DAG 'DAG:example_dag_decorator' as access control is unset.
[2023-09-20T22:43:26.134+0000] {logging_mixin.py:151} INFO - [2023-09-20T22:43:26.134+0000] {dag.py:2915} INFO - Sync 1 DAGs
[2023-09-20T22:43:26.149+0000] {logging_mixin.py:151} INFO - [2023-09-20T22:43:26.149+0000] {dag.py:3696} INFO - Setting next_dagrun for example_dag_decorator to None, run_after=None
[2023-09-20T22:43:26.181+0000] {processor.py:179} INFO - Processing /home/airflow/.local/lib/python3.8/site-packages/airflow/example_dags/example_dag_decorator.py took 0.350 seconds
[2023-09-20T22:43:56.399+0000] {processor.py:157} INFO - Started process (PID=2094) to work on /home/airflow/.local/lib/python3.8/site-packages/airflow/example_dags/example_dag_decorator.py
[2023-09-20T22:43:56.401+0000] {processor.py:829} INFO - Processing file /home/airflow/.local/lib/python3.8/site-packages/airflow/example_dags/example_dag_decorator.py for tasks to queue
[2023-09-20T22:43:56.408+0000] {logging_mixin.py:151} INFO - [2023-09-20T22:43:56.407+0000] {dagbag.py:539} INFO - Filling up the DagBag from /home/airflow/.local/lib/python3.8/site-packages/airflow/example_dags/example_dag_decorator.py
[2023-09-20T22:43:56.514+0000] {processor.py:839} INFO - DAG(s) dict_keys(['example_dag_decorator']) retrieved from /home/airflow/.local/lib/python3.8/site-packages/airflow/example_dags/example_dag_decorator.py
[2023-09-20T22:43:56.657+0000] {logging_mixin.py:151} INFO - [2023-09-20T22:43:56.657+0000] {security.py:708} INFO - Not syncing DAG-level permissions for DAG 'DAG:example_dag_decorator' as access control is unset.
[2023-09-20T22:43:56.658+0000] {logging_mixin.py:151} INFO - [2023-09-20T22:43:56.657+0000] {dag.py:2915} INFO - Sync 1 DAGs
[2023-09-20T22:43:56.673+0000] {logging_mixin.py:151} INFO - [2023-09-20T22:43:56.673+0000] {dag.py:3696} INFO - Setting next_dagrun for example_dag_decorator to None, run_after=None
[2023-09-20T22:43:56.743+0000] {processor.py:179} INFO - Processing /home/airflow/.local/lib/python3.8/site-packages/airflow/example_dags/example_dag_decorator.py took 0.353 seconds
[2023-09-20T22:44:26.912+0000] {processor.py:157} INFO - Started process (PID=2151) to work on /home/airflow/.local/lib/python3.8/site-packages/airflow/example_dags/example_dag_decorator.py
[2023-09-20T22:44:26.914+0000] {processor.py:829} INFO - Processing file /home/airflow/.local/lib/python3.8/site-packages/airflow/example_dags/example_dag_decorator.py for tasks to queue
[2023-09-20T22:44:26.918+0000] {logging_mixin.py:151} INFO - [2023-09-20T22:44:26.918+0000] {dagbag.py:539} INFO - Filling up the DagBag from /home/airflow/.local/lib/python3.8/site-packages/airflow/example_dags/example_dag_decorator.py
[2023-09-20T22:44:27.006+0000] {processor.py:839} INFO - DAG(s) dict_keys(['example_dag_decorator']) retrieved from /home/airflow/.local/lib/python3.8/site-packages/airflow/example_dags/example_dag_decorator.py
[2023-09-20T22:44:27.132+0000] {logging_mixin.py:151} INFO - [2023-09-20T22:44:27.132+0000] {security.py:708} INFO - Not syncing DAG-level permissions for DAG 'DAG:example_dag_decorator' as access control is unset.
[2023-09-20T22:44:27.133+0000] {logging_mixin.py:151} INFO - [2023-09-20T22:44:27.133+0000] {dag.py:2915} INFO - Sync 1 DAGs
[2023-09-20T22:44:27.148+0000] {logging_mixin.py:151} INFO - [2023-09-20T22:44:27.148+0000] {dag.py:3696} INFO - Setting next_dagrun for example_dag_decorator to None, run_after=None
[2023-09-20T22:44:27.314+0000] {processor.py:179} INFO - Processing /home/airflow/.local/lib/python3.8/site-packages/airflow/example_dags/example_dag_decorator.py took 0.409 seconds
[2023-09-20T22:44:57.758+0000] {processor.py:157} INFO - Started process (PID=2206) to work on /home/airflow/.local/lib/python3.8/site-packages/airflow/example_dags/example_dag_decorator.py
[2023-09-20T22:44:57.760+0000] {processor.py:829} INFO - Processing file /home/airflow/.local/lib/python3.8/site-packages/airflow/example_dags/example_dag_decorator.py for tasks to queue
[2023-09-20T22:44:57.763+0000] {logging_mixin.py:151} INFO - [2023-09-20T22:44:57.763+0000] {dagbag.py:539} INFO - Filling up the DagBag from /home/airflow/.local/lib/python3.8/site-packages/airflow/example_dags/example_dag_decorator.py
[2023-09-20T22:44:57.845+0000] {processor.py:839} INFO - DAG(s) dict_keys(['example_dag_decorator']) retrieved from /home/airflow/.local/lib/python3.8/site-packages/airflow/example_dags/example_dag_decorator.py
[2023-09-20T22:44:58.003+0000] {logging_mixin.py:151} INFO - [2023-09-20T22:44:58.003+0000] {security.py:708} INFO - Not syncing DAG-level permissions for DAG 'DAG:example_dag_decorator' as access control is unset.
[2023-09-20T22:44:58.004+0000] {logging_mixin.py:151} INFO - [2023-09-20T22:44:58.003+0000] {dag.py:2915} INFO - Sync 1 DAGs
[2023-09-20T22:44:58.019+0000] {logging_mixin.py:151} INFO - [2023-09-20T22:44:58.019+0000] {dag.py:3696} INFO - Setting next_dagrun for example_dag_decorator to None, run_after=None
[2023-09-20T22:44:58.052+0000] {processor.py:179} INFO - Processing /home/airflow/.local/lib/python3.8/site-packages/airflow/example_dags/example_dag_decorator.py took 0.298 seconds
[2023-09-20T22:45:28.676+0000] {processor.py:157} INFO - Started process (PID=2258) to work on /home/airflow/.local/lib/python3.8/site-packages/airflow/example_dags/example_dag_decorator.py
[2023-09-20T22:45:28.678+0000] {processor.py:829} INFO - Processing file /home/airflow/.local/lib/python3.8/site-packages/airflow/example_dags/example_dag_decorator.py for tasks to queue
[2023-09-20T22:45:28.685+0000] {logging_mixin.py:151} INFO - [2023-09-20T22:45:28.684+0000] {dagbag.py:539} INFO - Filling up the DagBag from /home/airflow/.local/lib/python3.8/site-packages/airflow/example_dags/example_dag_decorator.py
[2023-09-20T22:45:28.793+0000] {processor.py:839} INFO - DAG(s) dict_keys(['example_dag_decorator']) retrieved from /home/airflow/.local/lib/python3.8/site-packages/airflow/example_dags/example_dag_decorator.py
[2023-09-20T22:45:28.921+0000] {logging_mixin.py:151} INFO - [2023-09-20T22:45:28.921+0000] {security.py:708} INFO - Not syncing DAG-level permissions for DAG 'DAG:example_dag_decorator' as access control is unset.
[2023-09-20T22:45:28.922+0000] {logging_mixin.py:151} INFO - [2023-09-20T22:45:28.922+0000] {dag.py:2915} INFO - Sync 1 DAGs
[2023-09-20T22:45:28.938+0000] {logging_mixin.py:151} INFO - [2023-09-20T22:45:28.937+0000] {dag.py:3696} INFO - Setting next_dagrun for example_dag_decorator to None, run_after=None
[2023-09-20T22:45:28.982+0000] {processor.py:179} INFO - Processing /home/airflow/.local/lib/python3.8/site-packages/airflow/example_dags/example_dag_decorator.py took 0.316 seconds
[2023-09-20T22:45:59.977+0000] {processor.py:157} INFO - Started process (PID=2313) to work on /home/airflow/.local/lib/python3.8/site-packages/airflow/example_dags/example_dag_decorator.py
[2023-09-20T22:45:59.980+0000] {processor.py:829} INFO - Processing file /home/airflow/.local/lib/python3.8/site-packages/airflow/example_dags/example_dag_decorator.py for tasks to queue
[2023-09-20T22:45:59.986+0000] {logging_mixin.py:151} INFO - [2023-09-20T22:45:59.986+0000] {dagbag.py:539} INFO - Filling up the DagBag from /home/airflow/.local/lib/python3.8/site-packages/airflow/example_dags/example_dag_decorator.py
[2023-09-20T22:46:00.130+0000] {processor.py:839} INFO - DAG(s) dict_keys(['example_dag_decorator']) retrieved from /home/airflow/.local/lib/python3.8/site-packages/airflow/example_dags/example_dag_decorator.py
[2023-09-20T22:46:00.266+0000] {logging_mixin.py:151} INFO - [2023-09-20T22:46:00.266+0000] {security.py:708} INFO - Not syncing DAG-level permissions for DAG 'DAG:example_dag_decorator' as access control is unset.
[2023-09-20T22:46:00.267+0000] {logging_mixin.py:151} INFO - [2023-09-20T22:46:00.266+0000] {dag.py:2915} INFO - Sync 1 DAGs
[2023-09-20T22:46:00.282+0000] {logging_mixin.py:151} INFO - [2023-09-20T22:46:00.281+0000] {dag.py:3696} INFO - Setting next_dagrun for example_dag_decorator to None, run_after=None
[2023-09-20T22:46:00.323+0000] {processor.py:179} INFO - Processing /home/airflow/.local/lib/python3.8/site-packages/airflow/example_dags/example_dag_decorator.py took 0.355 seconds
[2023-09-20T22:46:31.094+0000] {processor.py:157} INFO - Started process (PID=2368) to work on /home/airflow/.local/lib/python3.8/site-packages/airflow/example_dags/example_dag_decorator.py
[2023-09-20T22:46:31.098+0000] {processor.py:829} INFO - Processing file /home/airflow/.local/lib/python3.8/site-packages/airflow/example_dags/example_dag_decorator.py for tasks to queue
[2023-09-20T22:46:31.105+0000] {logging_mixin.py:151} INFO - [2023-09-20T22:46:31.104+0000] {dagbag.py:539} INFO - Filling up the DagBag from /home/airflow/.local/lib/python3.8/site-packages/airflow/example_dags/example_dag_decorator.py
[2023-09-20T22:46:31.210+0000] {processor.py:839} INFO - DAG(s) dict_keys(['example_dag_decorator']) retrieved from /home/airflow/.local/lib/python3.8/site-packages/airflow/example_dags/example_dag_decorator.py
[2023-09-20T22:46:31.342+0000] {logging_mixin.py:151} INFO - [2023-09-20T22:46:31.342+0000] {security.py:708} INFO - Not syncing DAG-level permissions for DAG 'DAG:example_dag_decorator' as access control is unset.
[2023-09-20T22:46:31.343+0000] {logging_mixin.py:151} INFO - [2023-09-20T22:46:31.343+0000] {dag.py:2915} INFO - Sync 1 DAGs
[2023-09-20T22:46:31.357+0000] {logging_mixin.py:151} INFO - [2023-09-20T22:46:31.356+0000] {dag.py:3696} INFO - Setting next_dagrun for example_dag_decorator to None, run_after=None
[2023-09-20T22:46:31.882+0000] {processor.py:179} INFO - Processing /home/airflow/.local/lib/python3.8/site-packages/airflow/example_dags/example_dag_decorator.py took 0.801 seconds
[2023-09-20T22:47:01.978+0000] {processor.py:157} INFO - Started process (PID=2425) to work on /home/airflow/.local/lib/python3.8/site-packages/airflow/example_dags/example_dag_decorator.py
[2023-09-20T22:47:01.979+0000] {processor.py:829} INFO - Processing file /home/airflow/.local/lib/python3.8/site-packages/airflow/example_dags/example_dag_decorator.py for tasks to queue
[2023-09-20T22:47:01.983+0000] {logging_mixin.py:151} INFO - [2023-09-20T22:47:01.982+0000] {dagbag.py:539} INFO - Filling up the DagBag from /home/airflow/.local/lib/python3.8/site-packages/airflow/example_dags/example_dag_decorator.py
[2023-09-20T22:47:02.076+0000] {processor.py:839} INFO - DAG(s) dict_keys(['example_dag_decorator']) retrieved from /home/airflow/.local/lib/python3.8/site-packages/airflow/example_dags/example_dag_decorator.py
[2023-09-20T22:47:02.233+0000] {logging_mixin.py:151} INFO - [2023-09-20T22:47:02.233+0000] {security.py:708} INFO - Not syncing DAG-level permissions for DAG 'DAG:example_dag_decorator' as access control is unset.
[2023-09-20T22:47:02.234+0000] {logging_mixin.py:151} INFO - [2023-09-20T22:47:02.234+0000] {dag.py:2915} INFO - Sync 1 DAGs
[2023-09-20T22:47:02.251+0000] {logging_mixin.py:151} INFO - [2023-09-20T22:47:02.250+0000] {dag.py:3696} INFO - Setting next_dagrun for example_dag_decorator to None, run_after=None
[2023-09-20T22:47:02.398+0000] {processor.py:179} INFO - Processing /home/airflow/.local/lib/python3.8/site-packages/airflow/example_dags/example_dag_decorator.py took 0.425 seconds
[2023-09-20T22:47:32.933+0000] {processor.py:157} INFO - Started process (PID=2478) to work on /home/airflow/.local/lib/python3.8/site-packages/airflow/example_dags/example_dag_decorator.py
[2023-09-20T22:47:32.936+0000] {processor.py:829} INFO - Processing file /home/airflow/.local/lib/python3.8/site-packages/airflow/example_dags/example_dag_decorator.py for tasks to queue
[2023-09-20T22:47:32.941+0000] {logging_mixin.py:151} INFO - [2023-09-20T22:47:32.940+0000] {dagbag.py:539} INFO - Filling up the DagBag from /home/airflow/.local/lib/python3.8/site-packages/airflow/example_dags/example_dag_decorator.py
[2023-09-20T22:47:33.054+0000] {processor.py:839} INFO - DAG(s) dict_keys(['example_dag_decorator']) retrieved from /home/airflow/.local/lib/python3.8/site-packages/airflow/example_dags/example_dag_decorator.py
[2023-09-20T22:47:33.200+0000] {logging_mixin.py:151} INFO - [2023-09-20T22:47:33.200+0000] {security.py:708} INFO - Not syncing DAG-level permissions for DAG 'DAG:example_dag_decorator' as access control is unset.
[2023-09-20T22:47:33.201+0000] {logging_mixin.py:151} INFO - [2023-09-20T22:47:33.200+0000] {dag.py:2915} INFO - Sync 1 DAGs
[2023-09-20T22:47:33.218+0000] {logging_mixin.py:151} INFO - [2023-09-20T22:47:33.217+0000] {dag.py:3696} INFO - Setting next_dagrun for example_dag_decorator to None, run_after=None
[2023-09-20T22:47:33.252+0000] {processor.py:179} INFO - Processing /home/airflow/.local/lib/python3.8/site-packages/airflow/example_dags/example_dag_decorator.py took 0.327 seconds
[2023-09-20T22:48:03.391+0000] {processor.py:157} INFO - Started process (PID=2533) to work on /home/airflow/.local/lib/python3.8/site-packages/airflow/example_dags/example_dag_decorator.py
[2023-09-20T22:48:03.392+0000] {processor.py:829} INFO - Processing file /home/airflow/.local/lib/python3.8/site-packages/airflow/example_dags/example_dag_decorator.py for tasks to queue
[2023-09-20T22:48:03.396+0000] {logging_mixin.py:151} INFO - [2023-09-20T22:48:03.395+0000] {dagbag.py:539} INFO - Filling up the DagBag from /home/airflow/.local/lib/python3.8/site-packages/airflow/example_dags/example_dag_decorator.py
[2023-09-20T22:48:03.484+0000] {processor.py:839} INFO - DAG(s) dict_keys(['example_dag_decorator']) retrieved from /home/airflow/.local/lib/python3.8/site-packages/airflow/example_dags/example_dag_decorator.py
[2023-09-20T22:48:03.622+0000] {logging_mixin.py:151} INFO - [2023-09-20T22:48:03.622+0000] {security.py:708} INFO - Not syncing DAG-level permissions for DAG 'DAG:example_dag_decorator' as access control is unset.
[2023-09-20T22:48:03.623+0000] {logging_mixin.py:151} INFO - [2023-09-20T22:48:03.623+0000] {dag.py:2915} INFO - Sync 1 DAGs
[2023-09-20T22:48:03.638+0000] {logging_mixin.py:151} INFO - [2023-09-20T22:48:03.638+0000] {dag.py:3696} INFO - Setting next_dagrun for example_dag_decorator to None, run_after=None
[2023-09-20T22:48:03.765+0000] {processor.py:179} INFO - Processing /home/airflow/.local/lib/python3.8/site-packages/airflow/example_dags/example_dag_decorator.py took 0.378 seconds
[2023-09-20T22:48:33.976+0000] {processor.py:157} INFO - Started process (PID=2588) to work on /home/airflow/.local/lib/python3.8/site-packages/airflow/example_dags/example_dag_decorator.py
[2023-09-20T22:48:33.978+0000] {processor.py:829} INFO - Processing file /home/airflow/.local/lib/python3.8/site-packages/airflow/example_dags/example_dag_decorator.py for tasks to queue
[2023-09-20T22:48:33.984+0000] {logging_mixin.py:151} INFO - [2023-09-20T22:48:33.983+0000] {dagbag.py:539} INFO - Filling up the DagBag from /home/airflow/.local/lib/python3.8/site-packages/airflow/example_dags/example_dag_decorator.py
[2023-09-20T22:48:34.086+0000] {processor.py:839} INFO - DAG(s) dict_keys(['example_dag_decorator']) retrieved from /home/airflow/.local/lib/python3.8/site-packages/airflow/example_dags/example_dag_decorator.py
[2023-09-20T22:48:34.216+0000] {logging_mixin.py:151} INFO - [2023-09-20T22:48:34.216+0000] {security.py:708} INFO - Not syncing DAG-level permissions for DAG 'DAG:example_dag_decorator' as access control is unset.
[2023-09-20T22:48:34.217+0000] {logging_mixin.py:151} INFO - [2023-09-20T22:48:34.216+0000] {dag.py:2915} INFO - Sync 1 DAGs
[2023-09-20T22:48:34.234+0000] {logging_mixin.py:151} INFO - [2023-09-20T22:48:34.234+0000] {dag.py:3696} INFO - Setting next_dagrun for example_dag_decorator to None, run_after=None
[2023-09-20T22:48:34.267+0000] {processor.py:179} INFO - Processing /home/airflow/.local/lib/python3.8/site-packages/airflow/example_dags/example_dag_decorator.py took 0.300 seconds
[2023-09-20T22:49:04.959+0000] {processor.py:157} INFO - Started process (PID=2643) to work on /home/airflow/.local/lib/python3.8/site-packages/airflow/example_dags/example_dag_decorator.py
[2023-09-20T22:49:04.962+0000] {processor.py:829} INFO - Processing file /home/airflow/.local/lib/python3.8/site-packages/airflow/example_dags/example_dag_decorator.py for tasks to queue
[2023-09-20T22:49:04.969+0000] {logging_mixin.py:151} INFO - [2023-09-20T22:49:04.968+0000] {dagbag.py:539} INFO - Filling up the DagBag from /home/airflow/.local/lib/python3.8/site-packages/airflow/example_dags/example_dag_decorator.py
[2023-09-20T22:49:05.090+0000] {processor.py:839} INFO - DAG(s) dict_keys(['example_dag_decorator']) retrieved from /home/airflow/.local/lib/python3.8/site-packages/airflow/example_dags/example_dag_decorator.py
[2023-09-20T22:49:05.232+0000] {logging_mixin.py:151} INFO - [2023-09-20T22:49:05.232+0000] {security.py:708} INFO - Not syncing DAG-level permissions for DAG 'DAG:example_dag_decorator' as access control is unset.
[2023-09-20T22:49:05.233+0000] {logging_mixin.py:151} INFO - [2023-09-20T22:49:05.233+0000] {dag.py:2915} INFO - Sync 1 DAGs
[2023-09-20T22:49:05.253+0000] {logging_mixin.py:151} INFO - [2023-09-20T22:49:05.252+0000] {dag.py:3696} INFO - Setting next_dagrun for example_dag_decorator to None, run_after=None
[2023-09-20T22:49:05.280+0000] {processor.py:179} INFO - Processing /home/airflow/.local/lib/python3.8/site-packages/airflow/example_dags/example_dag_decorator.py took 0.330 seconds
[2023-09-20T22:49:35.525+0000] {processor.py:157} INFO - Started process (PID=2698) to work on /home/airflow/.local/lib/python3.8/site-packages/airflow/example_dags/example_dag_decorator.py
[2023-09-20T22:49:35.527+0000] {processor.py:829} INFO - Processing file /home/airflow/.local/lib/python3.8/site-packages/airflow/example_dags/example_dag_decorator.py for tasks to queue
[2023-09-20T22:49:35.532+0000] {logging_mixin.py:151} INFO - [2023-09-20T22:49:35.531+0000] {dagbag.py:539} INFO - Filling up the DagBag from /home/airflow/.local/lib/python3.8/site-packages/airflow/example_dags/example_dag_decorator.py
[2023-09-20T22:49:35.654+0000] {processor.py:839} INFO - DAG(s) dict_keys(['example_dag_decorator']) retrieved from /home/airflow/.local/lib/python3.8/site-packages/airflow/example_dags/example_dag_decorator.py
[2023-09-20T22:49:35.811+0000] {logging_mixin.py:151} INFO - [2023-09-20T22:49:35.811+0000] {security.py:708} INFO - Not syncing DAG-level permissions for DAG 'DAG:example_dag_decorator' as access control is unset.
[2023-09-20T22:49:35.812+0000] {logging_mixin.py:151} INFO - [2023-09-20T22:49:35.812+0000] {dag.py:2915} INFO - Sync 1 DAGs
[2023-09-20T22:49:35.830+0000] {logging_mixin.py:151} INFO - [2023-09-20T22:49:35.830+0000] {dag.py:3696} INFO - Setting next_dagrun for example_dag_decorator to None, run_after=None
[2023-09-20T22:49:35.876+0000] {processor.py:179} INFO - Processing /home/airflow/.local/lib/python3.8/site-packages/airflow/example_dags/example_dag_decorator.py took 0.357 seconds
[2023-09-20T22:50:06.076+0000] {processor.py:157} INFO - Started process (PID=2754) to work on /home/airflow/.local/lib/python3.8/site-packages/airflow/example_dags/example_dag_decorator.py
[2023-09-20T22:50:06.077+0000] {processor.py:829} INFO - Processing file /home/airflow/.local/lib/python3.8/site-packages/airflow/example_dags/example_dag_decorator.py for tasks to queue
[2023-09-20T22:50:06.082+0000] {logging_mixin.py:151} INFO - [2023-09-20T22:50:06.082+0000] {dagbag.py:539} INFO - Filling up the DagBag from /home/airflow/.local/lib/python3.8/site-packages/airflow/example_dags/example_dag_decorator.py
[2023-09-20T22:50:06.177+0000] {processor.py:839} INFO - DAG(s) dict_keys(['example_dag_decorator']) retrieved from /home/airflow/.local/lib/python3.8/site-packages/airflow/example_dags/example_dag_decorator.py
[2023-09-20T22:50:06.313+0000] {logging_mixin.py:151} INFO - [2023-09-20T22:50:06.313+0000] {security.py:708} INFO - Not syncing DAG-level permissions for DAG 'DAG:example_dag_decorator' as access control is unset.
[2023-09-20T22:50:06.314+0000] {logging_mixin.py:151} INFO - [2023-09-20T22:50:06.314+0000] {dag.py:2915} INFO - Sync 1 DAGs
[2023-09-20T22:50:06.330+0000] {logging_mixin.py:151} INFO - [2023-09-20T22:50:06.329+0000] {dag.py:3696} INFO - Setting next_dagrun for example_dag_decorator to None, run_after=None
[2023-09-20T22:50:06.382+0000] {processor.py:179} INFO - Processing /home/airflow/.local/lib/python3.8/site-packages/airflow/example_dags/example_dag_decorator.py took 0.311 seconds
[2023-09-20T22:50:36.644+0000] {processor.py:157} INFO - Started process (PID=2810) to work on /home/airflow/.local/lib/python3.8/site-packages/airflow/example_dags/example_dag_decorator.py
[2023-09-20T22:50:36.647+0000] {processor.py:829} INFO - Processing file /home/airflow/.local/lib/python3.8/site-packages/airflow/example_dags/example_dag_decorator.py for tasks to queue
[2023-09-20T22:50:36.652+0000] {logging_mixin.py:151} INFO - [2023-09-20T22:50:36.650+0000] {dagbag.py:539} INFO - Filling up the DagBag from /home/airflow/.local/lib/python3.8/site-packages/airflow/example_dags/example_dag_decorator.py
[2023-09-20T22:50:36.758+0000] {processor.py:839} INFO - DAG(s) dict_keys(['example_dag_decorator']) retrieved from /home/airflow/.local/lib/python3.8/site-packages/airflow/example_dags/example_dag_decorator.py
[2023-09-20T22:50:36.795+0000] {logging_mixin.py:151} INFO - [2023-09-20T22:50:36.794+0000] {dag.py:2915} INFO - Sync 1 DAGs
[2023-09-20T22:50:36.813+0000] {logging_mixin.py:151} INFO - [2023-09-20T22:50:36.813+0000] {dag.py:3696} INFO - Setting next_dagrun for example_dag_decorator to None, run_after=None
[2023-09-20T22:50:36.843+0000] {processor.py:179} INFO - Processing /home/airflow/.local/lib/python3.8/site-packages/airflow/example_dags/example_dag_decorator.py took 0.207 seconds
[2023-09-20T22:51:06.892+0000] {processor.py:157} INFO - Started process (PID=2863) to work on /home/airflow/.local/lib/python3.8/site-packages/airflow/example_dags/example_dag_decorator.py
[2023-09-20T22:51:06.896+0000] {processor.py:829} INFO - Processing file /home/airflow/.local/lib/python3.8/site-packages/airflow/example_dags/example_dag_decorator.py for tasks to queue
[2023-09-20T22:51:06.903+0000] {logging_mixin.py:151} INFO - [2023-09-20T22:51:06.902+0000] {dagbag.py:539} INFO - Filling up the DagBag from /home/airflow/.local/lib/python3.8/site-packages/airflow/example_dags/example_dag_decorator.py
[2023-09-20T22:51:07.033+0000] {processor.py:839} INFO - DAG(s) dict_keys(['example_dag_decorator']) retrieved from /home/airflow/.local/lib/python3.8/site-packages/airflow/example_dags/example_dag_decorator.py
[2023-09-20T22:51:07.164+0000] {logging_mixin.py:151} INFO - [2023-09-20T22:51:07.164+0000] {security.py:708} INFO - Not syncing DAG-level permissions for DAG 'DAG:example_dag_decorator' as access control is unset.
[2023-09-20T22:51:07.165+0000] {logging_mixin.py:151} INFO - [2023-09-20T22:51:07.165+0000] {dag.py:2915} INFO - Sync 1 DAGs
[2023-09-20T22:51:07.181+0000] {logging_mixin.py:151} INFO - [2023-09-20T22:51:07.181+0000] {dag.py:3696} INFO - Setting next_dagrun for example_dag_decorator to None, run_after=None
[2023-09-20T22:51:07.213+0000] {processor.py:179} INFO - Processing /home/airflow/.local/lib/python3.8/site-packages/airflow/example_dags/example_dag_decorator.py took 0.329 seconds
[2023-09-20T22:51:37.385+0000] {processor.py:157} INFO - Started process (PID=2919) to work on /home/airflow/.local/lib/python3.8/site-packages/airflow/example_dags/example_dag_decorator.py
[2023-09-20T22:51:37.387+0000] {processor.py:829} INFO - Processing file /home/airflow/.local/lib/python3.8/site-packages/airflow/example_dags/example_dag_decorator.py for tasks to queue
[2023-09-20T22:51:37.392+0000] {logging_mixin.py:151} INFO - [2023-09-20T22:51:37.391+0000] {dagbag.py:539} INFO - Filling up the DagBag from /home/airflow/.local/lib/python3.8/site-packages/airflow/example_dags/example_dag_decorator.py
[2023-09-20T22:51:37.487+0000] {processor.py:839} INFO - DAG(s) dict_keys(['example_dag_decorator']) retrieved from /home/airflow/.local/lib/python3.8/site-packages/airflow/example_dags/example_dag_decorator.py
[2023-09-20T22:51:37.628+0000] {logging_mixin.py:151} INFO - [2023-09-20T22:51:37.627+0000] {security.py:708} INFO - Not syncing DAG-level permissions for DAG 'DAG:example_dag_decorator' as access control is unset.
[2023-09-20T22:51:37.628+0000] {logging_mixin.py:151} INFO - [2023-09-20T22:51:37.628+0000] {dag.py:2915} INFO - Sync 1 DAGs
[2023-09-20T22:51:37.643+0000] {logging_mixin.py:151} INFO - [2023-09-20T22:51:37.643+0000] {dag.py:3696} INFO - Setting next_dagrun for example_dag_decorator to None, run_after=None
[2023-09-20T22:51:37.676+0000] {processor.py:179} INFO - Processing /home/airflow/.local/lib/python3.8/site-packages/airflow/example_dags/example_dag_decorator.py took 0.299 seconds
[2023-09-20T22:52:07.863+0000] {processor.py:157} INFO - Started process (PID=2975) to work on /home/airflow/.local/lib/python3.8/site-packages/airflow/example_dags/example_dag_decorator.py
[2023-09-20T22:52:07.864+0000] {processor.py:829} INFO - Processing file /home/airflow/.local/lib/python3.8/site-packages/airflow/example_dags/example_dag_decorator.py for tasks to queue
[2023-09-20T22:52:07.869+0000] {logging_mixin.py:151} INFO - [2023-09-20T22:52:07.869+0000] {dagbag.py:539} INFO - Filling up the DagBag from /home/airflow/.local/lib/python3.8/site-packages/airflow/example_dags/example_dag_decorator.py
[2023-09-20T22:52:07.992+0000] {processor.py:839} INFO - DAG(s) dict_keys(['example_dag_decorator']) retrieved from /home/airflow/.local/lib/python3.8/site-packages/airflow/example_dags/example_dag_decorator.py
[2023-09-20T22:52:08.123+0000] {logging_mixin.py:151} INFO - [2023-09-20T22:52:08.122+0000] {security.py:708} INFO - Not syncing DAG-level permissions for DAG 'DAG:example_dag_decorator' as access control is unset.
[2023-09-20T22:52:08.123+0000] {logging_mixin.py:151} INFO - [2023-09-20T22:52:08.123+0000] {dag.py:2915} INFO - Sync 1 DAGs
[2023-09-20T22:52:08.139+0000] {logging_mixin.py:151} INFO - [2023-09-20T22:52:08.138+0000] {dag.py:3696} INFO - Setting next_dagrun for example_dag_decorator to None, run_after=None
[2023-09-20T22:52:08.204+0000] {processor.py:179} INFO - Processing /home/airflow/.local/lib/python3.8/site-packages/airflow/example_dags/example_dag_decorator.py took 0.346 seconds
[2023-09-20T23:11:32.740+0000] {processor.py:157} INFO - Started process (PID=50) to work on /home/airflow/.local/lib/python3.8/site-packages/airflow/example_dags/example_dag_decorator.py
[2023-09-20T23:11:32.742+0000] {processor.py:829} INFO - Processing file /home/airflow/.local/lib/python3.8/site-packages/airflow/example_dags/example_dag_decorator.py for tasks to queue
[2023-09-20T23:11:32.746+0000] {logging_mixin.py:151} INFO - [2023-09-20T23:11:32.745+0000] {dagbag.py:539} INFO - Filling up the DagBag from /home/airflow/.local/lib/python3.8/site-packages/airflow/example_dags/example_dag_decorator.py
[2023-09-20T23:11:32.844+0000] {processor.py:839} INFO - DAG(s) dict_keys(['example_dag_decorator']) retrieved from /home/airflow/.local/lib/python3.8/site-packages/airflow/example_dags/example_dag_decorator.py
[2023-09-20T23:11:32.858+0000] {logging_mixin.py:151} INFO - [2023-09-20T23:11:32.858+0000] {dag.py:2915} INFO - Sync 1 DAGs
[2023-09-20T23:11:32.881+0000] {logging_mixin.py:151} INFO - [2023-09-20T23:11:32.881+0000] {dag.py:3696} INFO - Setting next_dagrun for example_dag_decorator to None, run_after=None
[2023-09-20T23:11:32.920+0000] {processor.py:179} INFO - Processing /home/airflow/.local/lib/python3.8/site-packages/airflow/example_dags/example_dag_decorator.py took 0.186 seconds
[2023-09-20T23:12:03.406+0000] {processor.py:157} INFO - Started process (PID=105) to work on /home/airflow/.local/lib/python3.8/site-packages/airflow/example_dags/example_dag_decorator.py
[2023-09-20T23:12:03.407+0000] {processor.py:829} INFO - Processing file /home/airflow/.local/lib/python3.8/site-packages/airflow/example_dags/example_dag_decorator.py for tasks to queue
[2023-09-20T23:12:03.411+0000] {logging_mixin.py:151} INFO - [2023-09-20T23:12:03.410+0000] {dagbag.py:539} INFO - Filling up the DagBag from /home/airflow/.local/lib/python3.8/site-packages/airflow/example_dags/example_dag_decorator.py
[2023-09-20T23:12:03.499+0000] {processor.py:839} INFO - DAG(s) dict_keys(['example_dag_decorator']) retrieved from /home/airflow/.local/lib/python3.8/site-packages/airflow/example_dags/example_dag_decorator.py
[2023-09-20T23:12:03.641+0000] {logging_mixin.py:151} INFO - [2023-09-20T23:12:03.640+0000] {security.py:708} INFO - Not syncing DAG-level permissions for DAG 'DAG:example_dag_decorator' as access control is unset.
[2023-09-20T23:12:03.641+0000] {logging_mixin.py:151} INFO - [2023-09-20T23:12:03.641+0000] {dag.py:2915} INFO - Sync 1 DAGs
[2023-09-20T23:12:03.656+0000] {logging_mixin.py:151} INFO - [2023-09-20T23:12:03.656+0000] {dag.py:3696} INFO - Setting next_dagrun for example_dag_decorator to None, run_after=None
[2023-09-20T23:12:03.696+0000] {processor.py:179} INFO - Processing /home/airflow/.local/lib/python3.8/site-packages/airflow/example_dags/example_dag_decorator.py took 0.295 seconds
[2023-09-20T23:12:35.528+0000] {processor.py:157} INFO - Started process (PID=160) to work on /home/airflow/.local/lib/python3.8/site-packages/airflow/example_dags/example_dag_decorator.py
[2023-09-20T23:12:35.529+0000] {processor.py:829} INFO - Processing file /home/airflow/.local/lib/python3.8/site-packages/airflow/example_dags/example_dag_decorator.py for tasks to queue
[2023-09-20T23:12:35.533+0000] {logging_mixin.py:151} INFO - [2023-09-20T23:12:35.532+0000] {dagbag.py:539} INFO - Filling up the DagBag from /home/airflow/.local/lib/python3.8/site-packages/airflow/example_dags/example_dag_decorator.py
[2023-09-20T23:12:35.629+0000] {processor.py:839} INFO - DAG(s) dict_keys(['example_dag_decorator']) retrieved from /home/airflow/.local/lib/python3.8/site-packages/airflow/example_dags/example_dag_decorator.py
[2023-09-20T23:12:35.765+0000] {logging_mixin.py:151} INFO - [2023-09-20T23:12:35.765+0000] {security.py:708} INFO - Not syncing DAG-level permissions for DAG 'DAG:example_dag_decorator' as access control is unset.
[2023-09-20T23:12:35.766+0000] {logging_mixin.py:151} INFO - [2023-09-20T23:12:35.766+0000] {dag.py:2915} INFO - Sync 1 DAGs
[2023-09-20T23:12:35.785+0000] {logging_mixin.py:151} INFO - [2023-09-20T23:12:35.784+0000] {dag.py:3696} INFO - Setting next_dagrun for example_dag_decorator to None, run_after=None
[2023-09-20T23:12:35.824+0000] {processor.py:179} INFO - Processing /home/airflow/.local/lib/python3.8/site-packages/airflow/example_dags/example_dag_decorator.py took 0.302 seconds
[2023-09-20T23:13:06.696+0000] {processor.py:157} INFO - Started process (PID=215) to work on /home/airflow/.local/lib/python3.8/site-packages/airflow/example_dags/example_dag_decorator.py
[2023-09-20T23:13:06.698+0000] {processor.py:829} INFO - Processing file /home/airflow/.local/lib/python3.8/site-packages/airflow/example_dags/example_dag_decorator.py for tasks to queue
[2023-09-20T23:13:06.702+0000] {logging_mixin.py:151} INFO - [2023-09-20T23:13:06.701+0000] {dagbag.py:539} INFO - Filling up the DagBag from /home/airflow/.local/lib/python3.8/site-packages/airflow/example_dags/example_dag_decorator.py
[2023-09-20T23:13:06.815+0000] {processor.py:839} INFO - DAG(s) dict_keys(['example_dag_decorator']) retrieved from /home/airflow/.local/lib/python3.8/site-packages/airflow/example_dags/example_dag_decorator.py
[2023-09-20T23:13:06.979+0000] {logging_mixin.py:151} INFO - [2023-09-20T23:13:06.979+0000] {security.py:708} INFO - Not syncing DAG-level permissions for DAG 'DAG:example_dag_decorator' as access control is unset.
[2023-09-20T23:13:06.980+0000] {logging_mixin.py:151} INFO - [2023-09-20T23:13:06.980+0000] {dag.py:2915} INFO - Sync 1 DAGs
[2023-09-20T23:13:06.993+0000] {logging_mixin.py:151} INFO - [2023-09-20T23:13:06.993+0000] {dag.py:3696} INFO - Setting next_dagrun for example_dag_decorator to None, run_after=None
[2023-09-20T23:13:07.023+0000] {processor.py:179} INFO - Processing /home/airflow/.local/lib/python3.8/site-packages/airflow/example_dags/example_dag_decorator.py took 0.336 seconds
