[2023-09-20T22:15:29.929+0000] {processor.py:157} INFO - Started process (PID=57) to work on /home/airflow/.local/lib/python3.8/site-packages/airflow/example_dags/example_nested_branch_dag.py
[2023-09-20T22:15:29.932+0000] {processor.py:829} INFO - Processing file /home/airflow/.local/lib/python3.8/site-packages/airflow/example_dags/example_nested_branch_dag.py for tasks to queue
[2023-09-20T22:15:29.937+0000] {logging_mixin.py:151} INFO - [2023-09-20T22:15:29.937+0000] {dagbag.py:539} INFO - Filling up the DagBag from /home/airflow/.local/lib/python3.8/site-packages/airflow/example_dags/example_nested_branch_dag.py
[2023-09-20T22:15:29.954+0000] {processor.py:839} INFO - DAG(s) dict_keys(['example_nested_branch_dag']) retrieved from /home/airflow/.local/lib/python3.8/site-packages/airflow/example_dags/example_nested_branch_dag.py
[2023-09-20T22:15:29.977+0000] {logging_mixin.py:151} INFO - [2023-09-20T22:15:29.976+0000] {dag.py:2915} INFO - Sync 1 DAGs
[2023-09-20T22:15:30.020+0000] {logging_mixin.py:151} INFO - [2023-09-20T22:15:30.020+0000] {dag.py:3696} INFO - Setting next_dagrun for example_nested_branch_dag to 2023-09-19T00:00:00+00:00, run_after=2023-09-20T00:00:00+00:00
[2023-09-20T22:15:30.051+0000] {processor.py:179} INFO - Processing /home/airflow/.local/lib/python3.8/site-packages/airflow/example_dags/example_nested_branch_dag.py took 0.126 seconds
[2023-09-20T22:16:00.511+0000] {processor.py:157} INFO - Started process (PID=111) to work on /home/airflow/.local/lib/python3.8/site-packages/airflow/example_dags/example_nested_branch_dag.py
[2023-09-20T22:16:00.512+0000] {processor.py:829} INFO - Processing file /home/airflow/.local/lib/python3.8/site-packages/airflow/example_dags/example_nested_branch_dag.py for tasks to queue
[2023-09-20T22:16:00.515+0000] {logging_mixin.py:151} INFO - [2023-09-20T22:16:00.515+0000] {dagbag.py:539} INFO - Filling up the DagBag from /home/airflow/.local/lib/python3.8/site-packages/airflow/example_dags/example_nested_branch_dag.py
[2023-09-20T22:16:00.531+0000] {processor.py:839} INFO - DAG(s) dict_keys(['example_nested_branch_dag']) retrieved from /home/airflow/.local/lib/python3.8/site-packages/airflow/example_dags/example_nested_branch_dag.py
[2023-09-20T22:16:00.569+0000] {logging_mixin.py:151} INFO - [2023-09-20T22:16:00.568+0000] {dag.py:2915} INFO - Sync 1 DAGs
[2023-09-20T22:16:00.603+0000] {logging_mixin.py:151} INFO - [2023-09-20T22:16:00.603+0000] {dag.py:3696} INFO - Setting next_dagrun for example_nested_branch_dag to 2023-09-19T00:00:00+00:00, run_after=2023-09-20T00:00:00+00:00
[2023-09-20T22:16:00.637+0000] {processor.py:179} INFO - Processing /home/airflow/.local/lib/python3.8/site-packages/airflow/example_dags/example_nested_branch_dag.py took 0.132 seconds
[2023-09-20T22:16:31.171+0000] {processor.py:157} INFO - Started process (PID=165) to work on /home/airflow/.local/lib/python3.8/site-packages/airflow/example_dags/example_nested_branch_dag.py
[2023-09-20T22:16:31.173+0000] {processor.py:829} INFO - Processing file /home/airflow/.local/lib/python3.8/site-packages/airflow/example_dags/example_nested_branch_dag.py for tasks to queue
[2023-09-20T22:16:31.176+0000] {logging_mixin.py:151} INFO - [2023-09-20T22:16:31.176+0000] {dagbag.py:539} INFO - Filling up the DagBag from /home/airflow/.local/lib/python3.8/site-packages/airflow/example_dags/example_nested_branch_dag.py
[2023-09-20T22:16:31.189+0000] {processor.py:839} INFO - DAG(s) dict_keys(['example_nested_branch_dag']) retrieved from /home/airflow/.local/lib/python3.8/site-packages/airflow/example_dags/example_nested_branch_dag.py
[2023-09-20T22:16:31.218+0000] {logging_mixin.py:151} INFO - [2023-09-20T22:16:31.218+0000] {dag.py:2915} INFO - Sync 1 DAGs
[2023-09-20T22:16:31.253+0000] {logging_mixin.py:151} INFO - [2023-09-20T22:16:31.252+0000] {dag.py:3696} INFO - Setting next_dagrun for example_nested_branch_dag to 2023-09-19T00:00:00+00:00, run_after=2023-09-20T00:00:00+00:00
[2023-09-20T22:16:31.287+0000] {processor.py:179} INFO - Processing /home/airflow/.local/lib/python3.8/site-packages/airflow/example_dags/example_nested_branch_dag.py took 0.120 seconds
[2023-09-20T22:17:02.772+0000] {processor.py:157} INFO - Started process (PID=219) to work on /home/airflow/.local/lib/python3.8/site-packages/airflow/example_dags/example_nested_branch_dag.py
[2023-09-20T22:17:02.774+0000] {processor.py:829} INFO - Processing file /home/airflow/.local/lib/python3.8/site-packages/airflow/example_dags/example_nested_branch_dag.py for tasks to queue
[2023-09-20T22:17:02.778+0000] {logging_mixin.py:151} INFO - [2023-09-20T22:17:02.777+0000] {dagbag.py:539} INFO - Filling up the DagBag from /home/airflow/.local/lib/python3.8/site-packages/airflow/example_dags/example_nested_branch_dag.py
[2023-09-20T22:17:02.793+0000] {processor.py:839} INFO - DAG(s) dict_keys(['example_nested_branch_dag']) retrieved from /home/airflow/.local/lib/python3.8/site-packages/airflow/example_dags/example_nested_branch_dag.py
[2023-09-20T22:17:02.825+0000] {logging_mixin.py:151} INFO - [2023-09-20T22:17:02.825+0000] {dag.py:2915} INFO - Sync 1 DAGs
[2023-09-20T22:17:02.855+0000] {logging_mixin.py:151} INFO - [2023-09-20T22:17:02.855+0000] {dag.py:3696} INFO - Setting next_dagrun for example_nested_branch_dag to 2023-09-19T00:00:00+00:00, run_after=2023-09-20T00:00:00+00:00
[2023-09-20T22:17:02.901+0000] {processor.py:179} INFO - Processing /home/airflow/.local/lib/python3.8/site-packages/airflow/example_dags/example_nested_branch_dag.py took 0.135 seconds
[2023-09-20T22:25:01.320+0000] {processor.py:157} INFO - Started process (PID=57) to work on /home/airflow/.local/lib/python3.8/site-packages/airflow/example_dags/example_nested_branch_dag.py
[2023-09-20T22:25:01.322+0000] {processor.py:829} INFO - Processing file /home/airflow/.local/lib/python3.8/site-packages/airflow/example_dags/example_nested_branch_dag.py for tasks to queue
[2023-09-20T22:25:01.327+0000] {logging_mixin.py:151} INFO - [2023-09-20T22:25:01.326+0000] {dagbag.py:539} INFO - Filling up the DagBag from /home/airflow/.local/lib/python3.8/site-packages/airflow/example_dags/example_nested_branch_dag.py
[2023-09-20T22:25:01.347+0000] {processor.py:839} INFO - DAG(s) dict_keys(['example_nested_branch_dag']) retrieved from /home/airflow/.local/lib/python3.8/site-packages/airflow/example_dags/example_nested_branch_dag.py
[2023-09-20T22:25:01.368+0000] {logging_mixin.py:151} INFO - [2023-09-20T22:25:01.367+0000] {dag.py:2915} INFO - Sync 1 DAGs
[2023-09-20T22:25:01.432+0000] {logging_mixin.py:151} INFO - [2023-09-20T22:25:01.431+0000] {dag.py:3696} INFO - Setting next_dagrun for example_nested_branch_dag to 2023-09-19T00:00:00+00:00, run_after=2023-09-20T00:00:00+00:00
[2023-09-20T22:25:01.595+0000] {processor.py:179} INFO - Processing /home/airflow/.local/lib/python3.8/site-packages/airflow/example_dags/example_nested_branch_dag.py took 0.282 seconds
[2023-09-20T22:25:32.047+0000] {processor.py:157} INFO - Started process (PID=112) to work on /home/airflow/.local/lib/python3.8/site-packages/airflow/example_dags/example_nested_branch_dag.py
[2023-09-20T22:25:32.049+0000] {processor.py:829} INFO - Processing file /home/airflow/.local/lib/python3.8/site-packages/airflow/example_dags/example_nested_branch_dag.py for tasks to queue
[2023-09-20T22:25:32.052+0000] {logging_mixin.py:151} INFO - [2023-09-20T22:25:32.052+0000] {dagbag.py:539} INFO - Filling up the DagBag from /home/airflow/.local/lib/python3.8/site-packages/airflow/example_dags/example_nested_branch_dag.py
[2023-09-20T22:25:32.066+0000] {processor.py:839} INFO - DAG(s) dict_keys(['example_nested_branch_dag']) retrieved from /home/airflow/.local/lib/python3.8/site-packages/airflow/example_dags/example_nested_branch_dag.py
[2023-09-20T22:25:32.108+0000] {logging_mixin.py:151} INFO - [2023-09-20T22:25:32.107+0000] {dag.py:2915} INFO - Sync 1 DAGs
[2023-09-20T22:25:32.149+0000] {logging_mixin.py:151} INFO - [2023-09-20T22:25:32.149+0000] {dag.py:3696} INFO - Setting next_dagrun for example_nested_branch_dag to 2023-09-19T00:00:00+00:00, run_after=2023-09-20T00:00:00+00:00
[2023-09-20T22:25:32.190+0000] {processor.py:179} INFO - Processing /home/airflow/.local/lib/python3.8/site-packages/airflow/example_dags/example_nested_branch_dag.py took 0.148 seconds
[2023-09-20T22:26:03.042+0000] {processor.py:157} INFO - Started process (PID=167) to work on /home/airflow/.local/lib/python3.8/site-packages/airflow/example_dags/example_nested_branch_dag.py
[2023-09-20T22:26:03.043+0000] {processor.py:829} INFO - Processing file /home/airflow/.local/lib/python3.8/site-packages/airflow/example_dags/example_nested_branch_dag.py for tasks to queue
[2023-09-20T22:26:03.046+0000] {logging_mixin.py:151} INFO - [2023-09-20T22:26:03.046+0000] {dagbag.py:539} INFO - Filling up the DagBag from /home/airflow/.local/lib/python3.8/site-packages/airflow/example_dags/example_nested_branch_dag.py
[2023-09-20T22:26:03.060+0000] {processor.py:839} INFO - DAG(s) dict_keys(['example_nested_branch_dag']) retrieved from /home/airflow/.local/lib/python3.8/site-packages/airflow/example_dags/example_nested_branch_dag.py
[2023-09-20T22:26:03.094+0000] {logging_mixin.py:151} INFO - [2023-09-20T22:26:03.093+0000] {dag.py:2915} INFO - Sync 1 DAGs
[2023-09-20T22:26:03.127+0000] {logging_mixin.py:151} INFO - [2023-09-20T22:26:03.127+0000] {dag.py:3696} INFO - Setting next_dagrun for example_nested_branch_dag to 2023-09-19T00:00:00+00:00, run_after=2023-09-20T00:00:00+00:00
[2023-09-20T22:26:03.157+0000] {processor.py:179} INFO - Processing /home/airflow/.local/lib/python3.8/site-packages/airflow/example_dags/example_nested_branch_dag.py took 0.120 seconds
[2023-09-20T22:26:34.254+0000] {processor.py:157} INFO - Started process (PID=222) to work on /home/airflow/.local/lib/python3.8/site-packages/airflow/example_dags/example_nested_branch_dag.py
[2023-09-20T22:26:34.256+0000] {processor.py:829} INFO - Processing file /home/airflow/.local/lib/python3.8/site-packages/airflow/example_dags/example_nested_branch_dag.py for tasks to queue
[2023-09-20T22:26:34.260+0000] {logging_mixin.py:151} INFO - [2023-09-20T22:26:34.259+0000] {dagbag.py:539} INFO - Filling up the DagBag from /home/airflow/.local/lib/python3.8/site-packages/airflow/example_dags/example_nested_branch_dag.py
[2023-09-20T22:26:34.277+0000] {processor.py:839} INFO - DAG(s) dict_keys(['example_nested_branch_dag']) retrieved from /home/airflow/.local/lib/python3.8/site-packages/airflow/example_dags/example_nested_branch_dag.py
[2023-09-20T22:26:34.308+0000] {logging_mixin.py:151} INFO - [2023-09-20T22:26:34.307+0000] {dag.py:2915} INFO - Sync 1 DAGs
[2023-09-20T22:26:34.851+0000] {logging_mixin.py:151} INFO - [2023-09-20T22:26:34.851+0000] {dag.py:3696} INFO - Setting next_dagrun for example_nested_branch_dag to 2023-09-19T00:00:00+00:00, run_after=2023-09-20T00:00:00+00:00
[2023-09-20T22:26:34.908+0000] {processor.py:179} INFO - Processing /home/airflow/.local/lib/python3.8/site-packages/airflow/example_dags/example_nested_branch_dag.py took 0.661 seconds
[2023-09-20T22:27:05.022+0000] {processor.py:157} INFO - Started process (PID=277) to work on /home/airflow/.local/lib/python3.8/site-packages/airflow/example_dags/example_nested_branch_dag.py
[2023-09-20T22:27:05.023+0000] {processor.py:829} INFO - Processing file /home/airflow/.local/lib/python3.8/site-packages/airflow/example_dags/example_nested_branch_dag.py for tasks to queue
[2023-09-20T22:27:05.026+0000] {logging_mixin.py:151} INFO - [2023-09-20T22:27:05.026+0000] {dagbag.py:539} INFO - Filling up the DagBag from /home/airflow/.local/lib/python3.8/site-packages/airflow/example_dags/example_nested_branch_dag.py
[2023-09-20T22:27:05.041+0000] {processor.py:839} INFO - DAG(s) dict_keys(['example_nested_branch_dag']) retrieved from /home/airflow/.local/lib/python3.8/site-packages/airflow/example_dags/example_nested_branch_dag.py
[2023-09-20T22:27:05.085+0000] {logging_mixin.py:151} INFO - [2023-09-20T22:27:05.084+0000] {dag.py:2915} INFO - Sync 1 DAGs
[2023-09-20T22:27:05.133+0000] {logging_mixin.py:151} INFO - [2023-09-20T22:27:05.133+0000] {dag.py:3696} INFO - Setting next_dagrun for example_nested_branch_dag to 2023-09-19T00:00:00+00:00, run_after=2023-09-20T00:00:00+00:00
[2023-09-20T22:27:05.221+0000] {processor.py:179} INFO - Processing /home/airflow/.local/lib/python3.8/site-packages/airflow/example_dags/example_nested_branch_dag.py took 0.205 seconds
[2023-09-20T22:27:35.468+0000] {processor.py:157} INFO - Started process (PID=331) to work on /home/airflow/.local/lib/python3.8/site-packages/airflow/example_dags/example_nested_branch_dag.py
[2023-09-20T22:27:35.469+0000] {processor.py:829} INFO - Processing file /home/airflow/.local/lib/python3.8/site-packages/airflow/example_dags/example_nested_branch_dag.py for tasks to queue
[2023-09-20T22:27:35.473+0000] {logging_mixin.py:151} INFO - [2023-09-20T22:27:35.472+0000] {dagbag.py:539} INFO - Filling up the DagBag from /home/airflow/.local/lib/python3.8/site-packages/airflow/example_dags/example_nested_branch_dag.py
[2023-09-20T22:27:35.487+0000] {processor.py:839} INFO - DAG(s) dict_keys(['example_nested_branch_dag']) retrieved from /home/airflow/.local/lib/python3.8/site-packages/airflow/example_dags/example_nested_branch_dag.py
[2023-09-20T22:27:35.536+0000] {logging_mixin.py:151} INFO - [2023-09-20T22:27:35.535+0000] {dag.py:2915} INFO - Sync 1 DAGs
[2023-09-20T22:27:35.608+0000] {logging_mixin.py:151} INFO - [2023-09-20T22:27:35.607+0000] {dag.py:3696} INFO - Setting next_dagrun for example_nested_branch_dag to 2023-09-19T00:00:00+00:00, run_after=2023-09-20T00:00:00+00:00
[2023-09-20T22:27:35.662+0000] {processor.py:179} INFO - Processing /home/airflow/.local/lib/python3.8/site-packages/airflow/example_dags/example_nested_branch_dag.py took 0.199 seconds
[2023-09-20T22:28:05.772+0000] {processor.py:157} INFO - Started process (PID=387) to work on /home/airflow/.local/lib/python3.8/site-packages/airflow/example_dags/example_nested_branch_dag.py
[2023-09-20T22:28:05.774+0000] {processor.py:829} INFO - Processing file /home/airflow/.local/lib/python3.8/site-packages/airflow/example_dags/example_nested_branch_dag.py for tasks to queue
[2023-09-20T22:28:05.777+0000] {logging_mixin.py:151} INFO - [2023-09-20T22:28:05.776+0000] {dagbag.py:539} INFO - Filling up the DagBag from /home/airflow/.local/lib/python3.8/site-packages/airflow/example_dags/example_nested_branch_dag.py
[2023-09-20T22:28:05.790+0000] {processor.py:839} INFO - DAG(s) dict_keys(['example_nested_branch_dag']) retrieved from /home/airflow/.local/lib/python3.8/site-packages/airflow/example_dags/example_nested_branch_dag.py
[2023-09-20T22:28:05.826+0000] {logging_mixin.py:151} INFO - [2023-09-20T22:28:05.826+0000] {dag.py:2915} INFO - Sync 1 DAGs
[2023-09-20T22:28:05.857+0000] {logging_mixin.py:151} INFO - [2023-09-20T22:28:05.857+0000] {dag.py:3696} INFO - Setting next_dagrun for example_nested_branch_dag to 2023-09-19T00:00:00+00:00, run_after=2023-09-20T00:00:00+00:00
[2023-09-20T22:28:05.883+0000] {processor.py:179} INFO - Processing /home/airflow/.local/lib/python3.8/site-packages/airflow/example_dags/example_nested_branch_dag.py took 0.115 seconds
[2023-09-20T22:28:36.098+0000] {processor.py:157} INFO - Started process (PID=442) to work on /home/airflow/.local/lib/python3.8/site-packages/airflow/example_dags/example_nested_branch_dag.py
[2023-09-20T22:28:36.100+0000] {processor.py:829} INFO - Processing file /home/airflow/.local/lib/python3.8/site-packages/airflow/example_dags/example_nested_branch_dag.py for tasks to queue
[2023-09-20T22:28:36.103+0000] {logging_mixin.py:151} INFO - [2023-09-20T22:28:36.103+0000] {dagbag.py:539} INFO - Filling up the DagBag from /home/airflow/.local/lib/python3.8/site-packages/airflow/example_dags/example_nested_branch_dag.py
[2023-09-20T22:28:36.116+0000] {processor.py:839} INFO - DAG(s) dict_keys(['example_nested_branch_dag']) retrieved from /home/airflow/.local/lib/python3.8/site-packages/airflow/example_dags/example_nested_branch_dag.py
[2023-09-20T22:28:36.144+0000] {logging_mixin.py:151} INFO - [2023-09-20T22:28:36.144+0000] {dag.py:2915} INFO - Sync 1 DAGs
[2023-09-20T22:28:36.175+0000] {logging_mixin.py:151} INFO - [2023-09-20T22:28:36.175+0000] {dag.py:3696} INFO - Setting next_dagrun for example_nested_branch_dag to 2023-09-19T00:00:00+00:00, run_after=2023-09-20T00:00:00+00:00
[2023-09-20T22:28:36.322+0000] {processor.py:179} INFO - Processing /home/airflow/.local/lib/python3.8/site-packages/airflow/example_dags/example_nested_branch_dag.py took 0.228 seconds
[2023-09-20T22:29:07.256+0000] {processor.py:157} INFO - Started process (PID=498) to work on /home/airflow/.local/lib/python3.8/site-packages/airflow/example_dags/example_nested_branch_dag.py
[2023-09-20T22:29:07.257+0000] {processor.py:829} INFO - Processing file /home/airflow/.local/lib/python3.8/site-packages/airflow/example_dags/example_nested_branch_dag.py for tasks to queue
[2023-09-20T22:29:07.261+0000] {logging_mixin.py:151} INFO - [2023-09-20T22:29:07.260+0000] {dagbag.py:539} INFO - Filling up the DagBag from /home/airflow/.local/lib/python3.8/site-packages/airflow/example_dags/example_nested_branch_dag.py
[2023-09-20T22:29:07.274+0000] {processor.py:839} INFO - DAG(s) dict_keys(['example_nested_branch_dag']) retrieved from /home/airflow/.local/lib/python3.8/site-packages/airflow/example_dags/example_nested_branch_dag.py
[2023-09-20T22:29:07.303+0000] {logging_mixin.py:151} INFO - [2023-09-20T22:29:07.303+0000] {dag.py:2915} INFO - Sync 1 DAGs
[2023-09-20T22:29:07.333+0000] {logging_mixin.py:151} INFO - [2023-09-20T22:29:07.333+0000] {dag.py:3696} INFO - Setting next_dagrun for example_nested_branch_dag to 2023-09-19T00:00:00+00:00, run_after=2023-09-20T00:00:00+00:00
[2023-09-20T22:29:07.367+0000] {processor.py:179} INFO - Processing /home/airflow/.local/lib/python3.8/site-packages/airflow/example_dags/example_nested_branch_dag.py took 0.115 seconds
[2023-09-20T22:29:38.175+0000] {processor.py:157} INFO - Started process (PID=553) to work on /home/airflow/.local/lib/python3.8/site-packages/airflow/example_dags/example_nested_branch_dag.py
[2023-09-20T22:29:38.177+0000] {processor.py:829} INFO - Processing file /home/airflow/.local/lib/python3.8/site-packages/airflow/example_dags/example_nested_branch_dag.py for tasks to queue
[2023-09-20T22:29:38.180+0000] {logging_mixin.py:151} INFO - [2023-09-20T22:29:38.180+0000] {dagbag.py:539} INFO - Filling up the DagBag from /home/airflow/.local/lib/python3.8/site-packages/airflow/example_dags/example_nested_branch_dag.py
[2023-09-20T22:29:38.194+0000] {processor.py:839} INFO - DAG(s) dict_keys(['example_nested_branch_dag']) retrieved from /home/airflow/.local/lib/python3.8/site-packages/airflow/example_dags/example_nested_branch_dag.py
[2023-09-20T22:29:38.223+0000] {logging_mixin.py:151} INFO - [2023-09-20T22:29:38.223+0000] {dag.py:2915} INFO - Sync 1 DAGs
[2023-09-20T22:29:38.254+0000] {logging_mixin.py:151} INFO - [2023-09-20T22:29:38.253+0000] {dag.py:3696} INFO - Setting next_dagrun for example_nested_branch_dag to 2023-09-19T00:00:00+00:00, run_after=2023-09-20T00:00:00+00:00
[2023-09-20T22:29:38.286+0000] {processor.py:179} INFO - Processing /home/airflow/.local/lib/python3.8/site-packages/airflow/example_dags/example_nested_branch_dag.py took 0.117 seconds
[2023-09-20T22:30:08.531+0000] {processor.py:157} INFO - Started process (PID=608) to work on /home/airflow/.local/lib/python3.8/site-packages/airflow/example_dags/example_nested_branch_dag.py
[2023-09-20T22:30:08.533+0000] {processor.py:829} INFO - Processing file /home/airflow/.local/lib/python3.8/site-packages/airflow/example_dags/example_nested_branch_dag.py for tasks to queue
[2023-09-20T22:30:08.538+0000] {logging_mixin.py:151} INFO - [2023-09-20T22:30:08.538+0000] {dagbag.py:539} INFO - Filling up the DagBag from /home/airflow/.local/lib/python3.8/site-packages/airflow/example_dags/example_nested_branch_dag.py
[2023-09-20T22:30:08.559+0000] {processor.py:839} INFO - DAG(s) dict_keys(['example_nested_branch_dag']) retrieved from /home/airflow/.local/lib/python3.8/site-packages/airflow/example_dags/example_nested_branch_dag.py
[2023-09-20T22:30:08.593+0000] {logging_mixin.py:151} INFO - [2023-09-20T22:30:08.593+0000] {dag.py:2915} INFO - Sync 1 DAGs
[2023-09-20T22:30:08.622+0000] {logging_mixin.py:151} INFO - [2023-09-20T22:30:08.622+0000] {dag.py:3696} INFO - Setting next_dagrun for example_nested_branch_dag to 2023-09-19T00:00:00+00:00, run_after=2023-09-20T00:00:00+00:00
[2023-09-20T22:30:08.678+0000] {processor.py:179} INFO - Processing /home/airflow/.local/lib/python3.8/site-packages/airflow/example_dags/example_nested_branch_dag.py took 0.156 seconds
[2023-09-20T22:30:39.196+0000] {processor.py:157} INFO - Started process (PID=663) to work on /home/airflow/.local/lib/python3.8/site-packages/airflow/example_dags/example_nested_branch_dag.py
[2023-09-20T22:30:39.197+0000] {processor.py:829} INFO - Processing file /home/airflow/.local/lib/python3.8/site-packages/airflow/example_dags/example_nested_branch_dag.py for tasks to queue
[2023-09-20T22:30:39.201+0000] {logging_mixin.py:151} INFO - [2023-09-20T22:30:39.200+0000] {dagbag.py:539} INFO - Filling up the DagBag from /home/airflow/.local/lib/python3.8/site-packages/airflow/example_dags/example_nested_branch_dag.py
[2023-09-20T22:30:39.214+0000] {processor.py:839} INFO - DAG(s) dict_keys(['example_nested_branch_dag']) retrieved from /home/airflow/.local/lib/python3.8/site-packages/airflow/example_dags/example_nested_branch_dag.py
[2023-09-20T22:30:39.244+0000] {logging_mixin.py:151} INFO - [2023-09-20T22:30:39.244+0000] {dag.py:2915} INFO - Sync 1 DAGs
[2023-09-20T22:30:39.277+0000] {logging_mixin.py:151} INFO - [2023-09-20T22:30:39.277+0000] {dag.py:3696} INFO - Setting next_dagrun for example_nested_branch_dag to 2023-09-19T00:00:00+00:00, run_after=2023-09-20T00:00:00+00:00
[2023-09-20T22:30:39.311+0000] {processor.py:179} INFO - Processing /home/airflow/.local/lib/python3.8/site-packages/airflow/example_dags/example_nested_branch_dag.py took 0.120 seconds
[2023-09-20T22:31:10.087+0000] {processor.py:157} INFO - Started process (PID=718) to work on /home/airflow/.local/lib/python3.8/site-packages/airflow/example_dags/example_nested_branch_dag.py
[2023-09-20T22:31:10.088+0000] {processor.py:829} INFO - Processing file /home/airflow/.local/lib/python3.8/site-packages/airflow/example_dags/example_nested_branch_dag.py for tasks to queue
[2023-09-20T22:31:10.092+0000] {logging_mixin.py:151} INFO - [2023-09-20T22:31:10.091+0000] {dagbag.py:539} INFO - Filling up the DagBag from /home/airflow/.local/lib/python3.8/site-packages/airflow/example_dags/example_nested_branch_dag.py
[2023-09-20T22:31:10.108+0000] {processor.py:839} INFO - DAG(s) dict_keys(['example_nested_branch_dag']) retrieved from /home/airflow/.local/lib/python3.8/site-packages/airflow/example_dags/example_nested_branch_dag.py
[2023-09-20T22:31:10.136+0000] {logging_mixin.py:151} INFO - [2023-09-20T22:31:10.136+0000] {dag.py:2915} INFO - Sync 1 DAGs
[2023-09-20T22:31:10.166+0000] {logging_mixin.py:151} INFO - [2023-09-20T22:31:10.166+0000] {dag.py:3696} INFO - Setting next_dagrun for example_nested_branch_dag to 2023-09-19T00:00:00+00:00, run_after=2023-09-20T00:00:00+00:00
[2023-09-20T22:31:10.225+0000] {processor.py:179} INFO - Processing /home/airflow/.local/lib/python3.8/site-packages/airflow/example_dags/example_nested_branch_dag.py took 0.142 seconds
[2023-09-20T22:31:41.809+0000] {processor.py:157} INFO - Started process (PID=773) to work on /home/airflow/.local/lib/python3.8/site-packages/airflow/example_dags/example_nested_branch_dag.py
[2023-09-20T22:31:41.812+0000] {processor.py:829} INFO - Processing file /home/airflow/.local/lib/python3.8/site-packages/airflow/example_dags/example_nested_branch_dag.py for tasks to queue
[2023-09-20T22:31:41.817+0000] {logging_mixin.py:151} INFO - [2023-09-20T22:31:41.817+0000] {dagbag.py:539} INFO - Filling up the DagBag from /home/airflow/.local/lib/python3.8/site-packages/airflow/example_dags/example_nested_branch_dag.py
[2023-09-20T22:31:41.839+0000] {processor.py:839} INFO - DAG(s) dict_keys(['example_nested_branch_dag']) retrieved from /home/airflow/.local/lib/python3.8/site-packages/airflow/example_dags/example_nested_branch_dag.py
[2023-09-20T22:31:41.891+0000] {logging_mixin.py:151} INFO - [2023-09-20T22:31:41.890+0000] {dag.py:2915} INFO - Sync 1 DAGs
[2023-09-20T22:31:41.936+0000] {logging_mixin.py:151} INFO - [2023-09-20T22:31:41.935+0000] {dag.py:3696} INFO - Setting next_dagrun for example_nested_branch_dag to 2023-09-19T00:00:00+00:00, run_after=2023-09-20T00:00:00+00:00
[2023-09-20T22:31:41.974+0000] {processor.py:179} INFO - Processing /home/airflow/.local/lib/python3.8/site-packages/airflow/example_dags/example_nested_branch_dag.py took 0.173 seconds
[2023-09-20T22:32:12.751+0000] {processor.py:157} INFO - Started process (PID=828) to work on /home/airflow/.local/lib/python3.8/site-packages/airflow/example_dags/example_nested_branch_dag.py
[2023-09-20T22:32:12.753+0000] {processor.py:829} INFO - Processing file /home/airflow/.local/lib/python3.8/site-packages/airflow/example_dags/example_nested_branch_dag.py for tasks to queue
[2023-09-20T22:32:12.759+0000] {logging_mixin.py:151} INFO - [2023-09-20T22:32:12.758+0000] {dagbag.py:539} INFO - Filling up the DagBag from /home/airflow/.local/lib/python3.8/site-packages/airflow/example_dags/example_nested_branch_dag.py
[2023-09-20T22:32:12.777+0000] {processor.py:839} INFO - DAG(s) dict_keys(['example_nested_branch_dag']) retrieved from /home/airflow/.local/lib/python3.8/site-packages/airflow/example_dags/example_nested_branch_dag.py
[2023-09-20T22:32:12.824+0000] {logging_mixin.py:151} INFO - [2023-09-20T22:32:12.824+0000] {dag.py:2915} INFO - Sync 1 DAGs
[2023-09-20T22:32:12.854+0000] {logging_mixin.py:151} INFO - [2023-09-20T22:32:12.854+0000] {dag.py:3696} INFO - Setting next_dagrun for example_nested_branch_dag to 2023-09-19T00:00:00+00:00, run_after=2023-09-20T00:00:00+00:00
[2023-09-20T22:32:12.880+0000] {processor.py:179} INFO - Processing /home/airflow/.local/lib/python3.8/site-packages/airflow/example_dags/example_nested_branch_dag.py took 0.149 seconds
[2023-09-20T22:32:43.684+0000] {processor.py:157} INFO - Started process (PID=883) to work on /home/airflow/.local/lib/python3.8/site-packages/airflow/example_dags/example_nested_branch_dag.py
[2023-09-20T22:32:43.687+0000] {processor.py:829} INFO - Processing file /home/airflow/.local/lib/python3.8/site-packages/airflow/example_dags/example_nested_branch_dag.py for tasks to queue
[2023-09-20T22:32:43.693+0000] {logging_mixin.py:151} INFO - [2023-09-20T22:32:43.693+0000] {dagbag.py:539} INFO - Filling up the DagBag from /home/airflow/.local/lib/python3.8/site-packages/airflow/example_dags/example_nested_branch_dag.py
[2023-09-20T22:32:43.717+0000] {processor.py:839} INFO - DAG(s) dict_keys(['example_nested_branch_dag']) retrieved from /home/airflow/.local/lib/python3.8/site-packages/airflow/example_dags/example_nested_branch_dag.py
[2023-09-20T22:32:43.762+0000] {logging_mixin.py:151} INFO - [2023-09-20T22:32:43.761+0000] {dag.py:2915} INFO - Sync 1 DAGs
[2023-09-20T22:32:43.799+0000] {logging_mixin.py:151} INFO - [2023-09-20T22:32:43.799+0000] {dag.py:3696} INFO - Setting next_dagrun for example_nested_branch_dag to 2023-09-19T00:00:00+00:00, run_after=2023-09-20T00:00:00+00:00
[2023-09-20T22:32:43.838+0000] {processor.py:179} INFO - Processing /home/airflow/.local/lib/python3.8/site-packages/airflow/example_dags/example_nested_branch_dag.py took 0.165 seconds
[2023-09-20T22:33:14.600+0000] {processor.py:157} INFO - Started process (PID=938) to work on /home/airflow/.local/lib/python3.8/site-packages/airflow/example_dags/example_nested_branch_dag.py
[2023-09-20T22:33:14.603+0000] {processor.py:829} INFO - Processing file /home/airflow/.local/lib/python3.8/site-packages/airflow/example_dags/example_nested_branch_dag.py for tasks to queue
[2023-09-20T22:33:14.609+0000] {logging_mixin.py:151} INFO - [2023-09-20T22:33:14.608+0000] {dagbag.py:539} INFO - Filling up the DagBag from /home/airflow/.local/lib/python3.8/site-packages/airflow/example_dags/example_nested_branch_dag.py
[2023-09-20T22:33:14.634+0000] {processor.py:839} INFO - DAG(s) dict_keys(['example_nested_branch_dag']) retrieved from /home/airflow/.local/lib/python3.8/site-packages/airflow/example_dags/example_nested_branch_dag.py
[2023-09-20T22:33:14.675+0000] {logging_mixin.py:151} INFO - [2023-09-20T22:33:14.675+0000] {dag.py:2915} INFO - Sync 1 DAGs
[2023-09-20T22:33:14.710+0000] {logging_mixin.py:151} INFO - [2023-09-20T22:33:14.709+0000] {dag.py:3696} INFO - Setting next_dagrun for example_nested_branch_dag to 2023-09-19T00:00:00+00:00, run_after=2023-09-20T00:00:00+00:00
[2023-09-20T22:33:14.749+0000] {processor.py:179} INFO - Processing /home/airflow/.local/lib/python3.8/site-packages/airflow/example_dags/example_nested_branch_dag.py took 0.160 seconds
[2023-09-20T22:33:45.364+0000] {processor.py:157} INFO - Started process (PID=993) to work on /home/airflow/.local/lib/python3.8/site-packages/airflow/example_dags/example_nested_branch_dag.py
[2023-09-20T22:33:45.366+0000] {processor.py:829} INFO - Processing file /home/airflow/.local/lib/python3.8/site-packages/airflow/example_dags/example_nested_branch_dag.py for tasks to queue
[2023-09-20T22:33:45.373+0000] {logging_mixin.py:151} INFO - [2023-09-20T22:33:45.372+0000] {dagbag.py:539} INFO - Filling up the DagBag from /home/airflow/.local/lib/python3.8/site-packages/airflow/example_dags/example_nested_branch_dag.py
[2023-09-20T22:33:45.395+0000] {processor.py:839} INFO - DAG(s) dict_keys(['example_nested_branch_dag']) retrieved from /home/airflow/.local/lib/python3.8/site-packages/airflow/example_dags/example_nested_branch_dag.py
[2023-09-20T22:33:45.443+0000] {logging_mixin.py:151} INFO - [2023-09-20T22:33:45.443+0000] {dag.py:2915} INFO - Sync 1 DAGs
[2023-09-20T22:33:45.473+0000] {logging_mixin.py:151} INFO - [2023-09-20T22:33:45.473+0000] {dag.py:3696} INFO - Setting next_dagrun for example_nested_branch_dag to 2023-09-19T00:00:00+00:00, run_after=2023-09-20T00:00:00+00:00
[2023-09-20T22:33:45.500+0000] {processor.py:179} INFO - Processing /home/airflow/.local/lib/python3.8/site-packages/airflow/example_dags/example_nested_branch_dag.py took 0.144 seconds
[2023-09-20T22:34:15.773+0000] {processor.py:157} INFO - Started process (PID=1048) to work on /home/airflow/.local/lib/python3.8/site-packages/airflow/example_dags/example_nested_branch_dag.py
[2023-09-20T22:34:15.776+0000] {processor.py:829} INFO - Processing file /home/airflow/.local/lib/python3.8/site-packages/airflow/example_dags/example_nested_branch_dag.py for tasks to queue
[2023-09-20T22:34:15.782+0000] {logging_mixin.py:151} INFO - [2023-09-20T22:34:15.781+0000] {dagbag.py:539} INFO - Filling up the DagBag from /home/airflow/.local/lib/python3.8/site-packages/airflow/example_dags/example_nested_branch_dag.py
[2023-09-20T22:34:15.800+0000] {processor.py:839} INFO - DAG(s) dict_keys(['example_nested_branch_dag']) retrieved from /home/airflow/.local/lib/python3.8/site-packages/airflow/example_dags/example_nested_branch_dag.py
[2023-09-20T22:34:15.842+0000] {logging_mixin.py:151} INFO - [2023-09-20T22:34:15.842+0000] {dag.py:2915} INFO - Sync 1 DAGs
[2023-09-20T22:34:15.880+0000] {logging_mixin.py:151} INFO - [2023-09-20T22:34:15.880+0000] {dag.py:3696} INFO - Setting next_dagrun for example_nested_branch_dag to 2023-09-19T00:00:00+00:00, run_after=2023-09-20T00:00:00+00:00
[2023-09-20T22:34:15.913+0000] {processor.py:179} INFO - Processing /home/airflow/.local/lib/python3.8/site-packages/airflow/example_dags/example_nested_branch_dag.py took 0.150 seconds
[2023-09-20T22:34:46.859+0000] {processor.py:157} INFO - Started process (PID=1103) to work on /home/airflow/.local/lib/python3.8/site-packages/airflow/example_dags/example_nested_branch_dag.py
[2023-09-20T22:34:46.862+0000] {processor.py:829} INFO - Processing file /home/airflow/.local/lib/python3.8/site-packages/airflow/example_dags/example_nested_branch_dag.py for tasks to queue
[2023-09-20T22:34:46.868+0000] {logging_mixin.py:151} INFO - [2023-09-20T22:34:46.867+0000] {dagbag.py:539} INFO - Filling up the DagBag from /home/airflow/.local/lib/python3.8/site-packages/airflow/example_dags/example_nested_branch_dag.py
[2023-09-20T22:34:46.891+0000] {processor.py:839} INFO - DAG(s) dict_keys(['example_nested_branch_dag']) retrieved from /home/airflow/.local/lib/python3.8/site-packages/airflow/example_dags/example_nested_branch_dag.py
[2023-09-20T22:34:46.934+0000] {logging_mixin.py:151} INFO - [2023-09-20T22:34:46.933+0000] {dag.py:2915} INFO - Sync 1 DAGs
[2023-09-20T22:34:46.968+0000] {logging_mixin.py:151} INFO - [2023-09-20T22:34:46.967+0000] {dag.py:3696} INFO - Setting next_dagrun for example_nested_branch_dag to 2023-09-19T00:00:00+00:00, run_after=2023-09-20T00:00:00+00:00
[2023-09-20T22:34:47.001+0000] {processor.py:179} INFO - Processing /home/airflow/.local/lib/python3.8/site-packages/airflow/example_dags/example_nested_branch_dag.py took 0.151 seconds
[2023-09-20T22:35:17.514+0000] {processor.py:157} INFO - Started process (PID=1158) to work on /home/airflow/.local/lib/python3.8/site-packages/airflow/example_dags/example_nested_branch_dag.py
[2023-09-20T22:35:17.517+0000] {processor.py:829} INFO - Processing file /home/airflow/.local/lib/python3.8/site-packages/airflow/example_dags/example_nested_branch_dag.py for tasks to queue
[2023-09-20T22:35:17.523+0000] {logging_mixin.py:151} INFO - [2023-09-20T22:35:17.522+0000] {dagbag.py:539} INFO - Filling up the DagBag from /home/airflow/.local/lib/python3.8/site-packages/airflow/example_dags/example_nested_branch_dag.py
[2023-09-20T22:35:17.544+0000] {processor.py:839} INFO - DAG(s) dict_keys(['example_nested_branch_dag']) retrieved from /home/airflow/.local/lib/python3.8/site-packages/airflow/example_dags/example_nested_branch_dag.py
[2023-09-20T22:35:17.583+0000] {logging_mixin.py:151} INFO - [2023-09-20T22:35:17.583+0000] {dag.py:2915} INFO - Sync 1 DAGs
[2023-09-20T22:35:17.613+0000] {logging_mixin.py:151} INFO - [2023-09-20T22:35:17.612+0000] {dag.py:3696} INFO - Setting next_dagrun for example_nested_branch_dag to 2023-09-19T00:00:00+00:00, run_after=2023-09-20T00:00:00+00:00
[2023-09-20T22:35:17.640+0000] {processor.py:179} INFO - Processing /home/airflow/.local/lib/python3.8/site-packages/airflow/example_dags/example_nested_branch_dag.py took 0.135 seconds
[2023-09-20T22:35:47.888+0000] {processor.py:157} INFO - Started process (PID=1213) to work on /home/airflow/.local/lib/python3.8/site-packages/airflow/example_dags/example_nested_branch_dag.py
[2023-09-20T22:35:47.890+0000] {processor.py:829} INFO - Processing file /home/airflow/.local/lib/python3.8/site-packages/airflow/example_dags/example_nested_branch_dag.py for tasks to queue
[2023-09-20T22:35:47.897+0000] {logging_mixin.py:151} INFO - [2023-09-20T22:35:47.897+0000] {dagbag.py:539} INFO - Filling up the DagBag from /home/airflow/.local/lib/python3.8/site-packages/airflow/example_dags/example_nested_branch_dag.py
[2023-09-20T22:35:47.923+0000] {processor.py:839} INFO - DAG(s) dict_keys(['example_nested_branch_dag']) retrieved from /home/airflow/.local/lib/python3.8/site-packages/airflow/example_dags/example_nested_branch_dag.py
[2023-09-20T22:35:47.966+0000] {logging_mixin.py:151} INFO - [2023-09-20T22:35:47.966+0000] {dag.py:2915} INFO - Sync 1 DAGs
[2023-09-20T22:35:47.999+0000] {logging_mixin.py:151} INFO - [2023-09-20T22:35:47.999+0000] {dag.py:3696} INFO - Setting next_dagrun for example_nested_branch_dag to 2023-09-19T00:00:00+00:00, run_after=2023-09-20T00:00:00+00:00
[2023-09-20T22:35:48.036+0000] {processor.py:179} INFO - Processing /home/airflow/.local/lib/python3.8/site-packages/airflow/example_dags/example_nested_branch_dag.py took 0.158 seconds
[2023-09-20T22:36:18.493+0000] {processor.py:157} INFO - Started process (PID=1268) to work on /home/airflow/.local/lib/python3.8/site-packages/airflow/example_dags/example_nested_branch_dag.py
[2023-09-20T22:36:18.495+0000] {processor.py:829} INFO - Processing file /home/airflow/.local/lib/python3.8/site-packages/airflow/example_dags/example_nested_branch_dag.py for tasks to queue
[2023-09-20T22:36:18.501+0000] {logging_mixin.py:151} INFO - [2023-09-20T22:36:18.501+0000] {dagbag.py:539} INFO - Filling up the DagBag from /home/airflow/.local/lib/python3.8/site-packages/airflow/example_dags/example_nested_branch_dag.py
[2023-09-20T22:36:18.524+0000] {processor.py:839} INFO - DAG(s) dict_keys(['example_nested_branch_dag']) retrieved from /home/airflow/.local/lib/python3.8/site-packages/airflow/example_dags/example_nested_branch_dag.py
[2023-09-20T22:36:18.573+0000] {logging_mixin.py:151} INFO - [2023-09-20T22:36:18.573+0000] {dag.py:2915} INFO - Sync 1 DAGs
[2023-09-20T22:36:18.613+0000] {logging_mixin.py:151} INFO - [2023-09-20T22:36:18.613+0000] {dag.py:3696} INFO - Setting next_dagrun for example_nested_branch_dag to 2023-09-19T00:00:00+00:00, run_after=2023-09-20T00:00:00+00:00
[2023-09-20T22:36:18.655+0000] {processor.py:179} INFO - Processing /home/airflow/.local/lib/python3.8/site-packages/airflow/example_dags/example_nested_branch_dag.py took 0.174 seconds
[2023-09-20T22:36:49.188+0000] {processor.py:157} INFO - Started process (PID=1323) to work on /home/airflow/.local/lib/python3.8/site-packages/airflow/example_dags/example_nested_branch_dag.py
[2023-09-20T22:36:49.191+0000] {processor.py:829} INFO - Processing file /home/airflow/.local/lib/python3.8/site-packages/airflow/example_dags/example_nested_branch_dag.py for tasks to queue
[2023-09-20T22:36:49.200+0000] {logging_mixin.py:151} INFO - [2023-09-20T22:36:49.199+0000] {dagbag.py:539} INFO - Filling up the DagBag from /home/airflow/.local/lib/python3.8/site-packages/airflow/example_dags/example_nested_branch_dag.py
[2023-09-20T22:36:49.233+0000] {processor.py:839} INFO - DAG(s) dict_keys(['example_nested_branch_dag']) retrieved from /home/airflow/.local/lib/python3.8/site-packages/airflow/example_dags/example_nested_branch_dag.py
[2023-09-20T22:36:49.272+0000] {logging_mixin.py:151} INFO - [2023-09-20T22:36:49.271+0000] {dag.py:2915} INFO - Sync 1 DAGs
[2023-09-20T22:36:49.313+0000] {logging_mixin.py:151} INFO - [2023-09-20T22:36:49.313+0000] {dag.py:3696} INFO - Setting next_dagrun for example_nested_branch_dag to 2023-09-19T00:00:00+00:00, run_after=2023-09-20T00:00:00+00:00
[2023-09-20T22:36:49.360+0000] {processor.py:179} INFO - Processing /home/airflow/.local/lib/python3.8/site-packages/airflow/example_dags/example_nested_branch_dag.py took 0.186 seconds
[2023-09-20T22:37:20.250+0000] {processor.py:157} INFO - Started process (PID=1379) to work on /home/airflow/.local/lib/python3.8/site-packages/airflow/example_dags/example_nested_branch_dag.py
[2023-09-20T22:37:20.253+0000] {processor.py:829} INFO - Processing file /home/airflow/.local/lib/python3.8/site-packages/airflow/example_dags/example_nested_branch_dag.py for tasks to queue
[2023-09-20T22:37:20.260+0000] {logging_mixin.py:151} INFO - [2023-09-20T22:37:20.259+0000] {dagbag.py:539} INFO - Filling up the DagBag from /home/airflow/.local/lib/python3.8/site-packages/airflow/example_dags/example_nested_branch_dag.py
[2023-09-20T22:37:20.289+0000] {processor.py:839} INFO - DAG(s) dict_keys(['example_nested_branch_dag']) retrieved from /home/airflow/.local/lib/python3.8/site-packages/airflow/example_dags/example_nested_branch_dag.py
[2023-09-20T22:37:20.321+0000] {logging_mixin.py:151} INFO - [2023-09-20T22:37:20.320+0000] {dag.py:2915} INFO - Sync 1 DAGs
[2023-09-20T22:37:20.357+0000] {logging_mixin.py:151} INFO - [2023-09-20T22:37:20.356+0000] {dag.py:3696} INFO - Setting next_dagrun for example_nested_branch_dag to 2023-09-19T00:00:00+00:00, run_after=2023-09-20T00:00:00+00:00
[2023-09-20T22:37:20.386+0000] {processor.py:179} INFO - Processing /home/airflow/.local/lib/python3.8/site-packages/airflow/example_dags/example_nested_branch_dag.py took 0.152 seconds
[2023-09-20T22:37:51.045+0000] {processor.py:157} INFO - Started process (PID=1434) to work on /home/airflow/.local/lib/python3.8/site-packages/airflow/example_dags/example_nested_branch_dag.py
[2023-09-20T22:37:51.049+0000] {processor.py:829} INFO - Processing file /home/airflow/.local/lib/python3.8/site-packages/airflow/example_dags/example_nested_branch_dag.py for tasks to queue
[2023-09-20T22:37:51.057+0000] {logging_mixin.py:151} INFO - [2023-09-20T22:37:51.056+0000] {dagbag.py:539} INFO - Filling up the DagBag from /home/airflow/.local/lib/python3.8/site-packages/airflow/example_dags/example_nested_branch_dag.py
[2023-09-20T22:37:51.081+0000] {processor.py:839} INFO - DAG(s) dict_keys(['example_nested_branch_dag']) retrieved from /home/airflow/.local/lib/python3.8/site-packages/airflow/example_dags/example_nested_branch_dag.py
[2023-09-20T22:37:51.124+0000] {logging_mixin.py:151} INFO - [2023-09-20T22:37:51.123+0000] {dag.py:2915} INFO - Sync 1 DAGs
[2023-09-20T22:37:51.158+0000] {logging_mixin.py:151} INFO - [2023-09-20T22:37:51.158+0000] {dag.py:3696} INFO - Setting next_dagrun for example_nested_branch_dag to 2023-09-19T00:00:00+00:00, run_after=2023-09-20T00:00:00+00:00
[2023-09-20T22:37:51.197+0000] {processor.py:179} INFO - Processing /home/airflow/.local/lib/python3.8/site-packages/airflow/example_dags/example_nested_branch_dag.py took 0.163 seconds
[2023-09-20T22:38:21.416+0000] {processor.py:157} INFO - Started process (PID=1489) to work on /home/airflow/.local/lib/python3.8/site-packages/airflow/example_dags/example_nested_branch_dag.py
[2023-09-20T22:38:21.418+0000] {processor.py:829} INFO - Processing file /home/airflow/.local/lib/python3.8/site-packages/airflow/example_dags/example_nested_branch_dag.py for tasks to queue
[2023-09-20T22:38:21.424+0000] {logging_mixin.py:151} INFO - [2023-09-20T22:38:21.423+0000] {dagbag.py:539} INFO - Filling up the DagBag from /home/airflow/.local/lib/python3.8/site-packages/airflow/example_dags/example_nested_branch_dag.py
[2023-09-20T22:38:21.445+0000] {processor.py:839} INFO - DAG(s) dict_keys(['example_nested_branch_dag']) retrieved from /home/airflow/.local/lib/python3.8/site-packages/airflow/example_dags/example_nested_branch_dag.py
[2023-09-20T22:38:21.488+0000] {logging_mixin.py:151} INFO - [2023-09-20T22:38:21.488+0000] {dag.py:2915} INFO - Sync 1 DAGs
[2023-09-20T22:38:21.539+0000] {logging_mixin.py:151} INFO - [2023-09-20T22:38:21.539+0000] {dag.py:3696} INFO - Setting next_dagrun for example_nested_branch_dag to 2023-09-19T00:00:00+00:00, run_after=2023-09-20T00:00:00+00:00
[2023-09-20T22:38:21.577+0000] {processor.py:179} INFO - Processing /home/airflow/.local/lib/python3.8/site-packages/airflow/example_dags/example_nested_branch_dag.py took 0.172 seconds
[2023-09-20T22:38:52.204+0000] {processor.py:157} INFO - Started process (PID=1551) to work on /home/airflow/.local/lib/python3.8/site-packages/airflow/example_dags/example_nested_branch_dag.py
[2023-09-20T22:38:52.206+0000] {processor.py:829} INFO - Processing file /home/airflow/.local/lib/python3.8/site-packages/airflow/example_dags/example_nested_branch_dag.py for tasks to queue
[2023-09-20T22:38:52.210+0000] {logging_mixin.py:151} INFO - [2023-09-20T22:38:52.210+0000] {dagbag.py:539} INFO - Filling up the DagBag from /home/airflow/.local/lib/python3.8/site-packages/airflow/example_dags/example_nested_branch_dag.py
[2023-09-20T22:38:52.230+0000] {processor.py:839} INFO - DAG(s) dict_keys(['example_nested_branch_dag']) retrieved from /home/airflow/.local/lib/python3.8/site-packages/airflow/example_dags/example_nested_branch_dag.py
[2023-09-20T22:38:52.268+0000] {logging_mixin.py:151} INFO - [2023-09-20T22:38:52.268+0000] {dag.py:2915} INFO - Sync 1 DAGs
[2023-09-20T22:38:52.300+0000] {logging_mixin.py:151} INFO - [2023-09-20T22:38:52.300+0000] {dag.py:3696} INFO - Setting next_dagrun for example_nested_branch_dag to 2023-09-19T00:00:00+00:00, run_after=2023-09-20T00:00:00+00:00
[2023-09-20T22:38:52.332+0000] {processor.py:179} INFO - Processing /home/airflow/.local/lib/python3.8/site-packages/airflow/example_dags/example_nested_branch_dag.py took 0.137 seconds
[2023-09-20T22:39:22.380+0000] {processor.py:157} INFO - Started process (PID=1605) to work on /home/airflow/.local/lib/python3.8/site-packages/airflow/example_dags/example_nested_branch_dag.py
[2023-09-20T22:39:22.382+0000] {processor.py:829} INFO - Processing file /home/airflow/.local/lib/python3.8/site-packages/airflow/example_dags/example_nested_branch_dag.py for tasks to queue
[2023-09-20T22:39:22.387+0000] {logging_mixin.py:151} INFO - [2023-09-20T22:39:22.387+0000] {dagbag.py:539} INFO - Filling up the DagBag from /home/airflow/.local/lib/python3.8/site-packages/airflow/example_dags/example_nested_branch_dag.py
[2023-09-20T22:39:22.409+0000] {processor.py:839} INFO - DAG(s) dict_keys(['example_nested_branch_dag']) retrieved from /home/airflow/.local/lib/python3.8/site-packages/airflow/example_dags/example_nested_branch_dag.py
[2023-09-20T22:39:22.444+0000] {logging_mixin.py:151} INFO - [2023-09-20T22:39:22.443+0000] {dag.py:2915} INFO - Sync 1 DAGs
[2023-09-20T22:39:22.491+0000] {logging_mixin.py:151} INFO - [2023-09-20T22:39:22.491+0000] {dag.py:3696} INFO - Setting next_dagrun for example_nested_branch_dag to 2023-09-19T00:00:00+00:00, run_after=2023-09-20T00:00:00+00:00
[2023-09-20T22:39:22.537+0000] {processor.py:179} INFO - Processing /home/airflow/.local/lib/python3.8/site-packages/airflow/example_dags/example_nested_branch_dag.py took 0.161 seconds
[2023-09-20T22:39:52.930+0000] {processor.py:157} INFO - Started process (PID=1660) to work on /home/airflow/.local/lib/python3.8/site-packages/airflow/example_dags/example_nested_branch_dag.py
[2023-09-20T22:39:52.932+0000] {processor.py:829} INFO - Processing file /home/airflow/.local/lib/python3.8/site-packages/airflow/example_dags/example_nested_branch_dag.py for tasks to queue
[2023-09-20T22:39:52.935+0000] {logging_mixin.py:151} INFO - [2023-09-20T22:39:52.935+0000] {dagbag.py:539} INFO - Filling up the DagBag from /home/airflow/.local/lib/python3.8/site-packages/airflow/example_dags/example_nested_branch_dag.py
[2023-09-20T22:39:52.949+0000] {processor.py:839} INFO - DAG(s) dict_keys(['example_nested_branch_dag']) retrieved from /home/airflow/.local/lib/python3.8/site-packages/airflow/example_dags/example_nested_branch_dag.py
[2023-09-20T22:39:52.978+0000] {logging_mixin.py:151} INFO - [2023-09-20T22:39:52.978+0000] {dag.py:2915} INFO - Sync 1 DAGs
[2023-09-20T22:39:53.016+0000] {logging_mixin.py:151} INFO - [2023-09-20T22:39:53.015+0000] {dag.py:3696} INFO - Setting next_dagrun for example_nested_branch_dag to 2023-09-19T00:00:00+00:00, run_after=2023-09-20T00:00:00+00:00
[2023-09-20T22:39:53.046+0000] {processor.py:179} INFO - Processing /home/airflow/.local/lib/python3.8/site-packages/airflow/example_dags/example_nested_branch_dag.py took 0.120 seconds
[2023-09-20T22:40:23.880+0000] {processor.py:157} INFO - Started process (PID=1715) to work on /home/airflow/.local/lib/python3.8/site-packages/airflow/example_dags/example_nested_branch_dag.py
[2023-09-20T22:40:23.882+0000] {processor.py:829} INFO - Processing file /home/airflow/.local/lib/python3.8/site-packages/airflow/example_dags/example_nested_branch_dag.py for tasks to queue
[2023-09-20T22:40:23.889+0000] {logging_mixin.py:151} INFO - [2023-09-20T22:40:23.888+0000] {dagbag.py:539} INFO - Filling up the DagBag from /home/airflow/.local/lib/python3.8/site-packages/airflow/example_dags/example_nested_branch_dag.py
[2023-09-20T22:40:23.913+0000] {processor.py:839} INFO - DAG(s) dict_keys(['example_nested_branch_dag']) retrieved from /home/airflow/.local/lib/python3.8/site-packages/airflow/example_dags/example_nested_branch_dag.py
[2023-09-20T22:40:23.954+0000] {logging_mixin.py:151} INFO - [2023-09-20T22:40:23.953+0000] {dag.py:2915} INFO - Sync 1 DAGs
[2023-09-20T22:40:23.992+0000] {logging_mixin.py:151} INFO - [2023-09-20T22:40:23.992+0000] {dag.py:3696} INFO - Setting next_dagrun for example_nested_branch_dag to 2023-09-19T00:00:00+00:00, run_after=2023-09-20T00:00:00+00:00
[2023-09-20T22:40:24.037+0000] {processor.py:179} INFO - Processing /home/airflow/.local/lib/python3.8/site-packages/airflow/example_dags/example_nested_branch_dag.py took 0.165 seconds
[2023-09-20T22:40:54.297+0000] {processor.py:157} INFO - Started process (PID=1770) to work on /home/airflow/.local/lib/python3.8/site-packages/airflow/example_dags/example_nested_branch_dag.py
[2023-09-20T22:40:54.298+0000] {processor.py:829} INFO - Processing file /home/airflow/.local/lib/python3.8/site-packages/airflow/example_dags/example_nested_branch_dag.py for tasks to queue
[2023-09-20T22:40:54.302+0000] {logging_mixin.py:151} INFO - [2023-09-20T22:40:54.301+0000] {dagbag.py:539} INFO - Filling up the DagBag from /home/airflow/.local/lib/python3.8/site-packages/airflow/example_dags/example_nested_branch_dag.py
[2023-09-20T22:40:54.329+0000] {processor.py:839} INFO - DAG(s) dict_keys(['example_nested_branch_dag']) retrieved from /home/airflow/.local/lib/python3.8/site-packages/airflow/example_dags/example_nested_branch_dag.py
[2023-09-20T22:40:54.368+0000] {logging_mixin.py:151} INFO - [2023-09-20T22:40:54.368+0000] {dag.py:2915} INFO - Sync 1 DAGs
[2023-09-20T22:40:54.401+0000] {logging_mixin.py:151} INFO - [2023-09-20T22:40:54.401+0000] {dag.py:3696} INFO - Setting next_dagrun for example_nested_branch_dag to 2023-09-19T00:00:00+00:00, run_after=2023-09-20T00:00:00+00:00
[2023-09-20T22:40:54.431+0000] {processor.py:179} INFO - Processing /home/airflow/.local/lib/python3.8/site-packages/airflow/example_dags/example_nested_branch_dag.py took 0.140 seconds
[2023-09-20T22:41:24.939+0000] {processor.py:157} INFO - Started process (PID=1825) to work on /home/airflow/.local/lib/python3.8/site-packages/airflow/example_dags/example_nested_branch_dag.py
[2023-09-20T22:41:24.941+0000] {processor.py:829} INFO - Processing file /home/airflow/.local/lib/python3.8/site-packages/airflow/example_dags/example_nested_branch_dag.py for tasks to queue
[2023-09-20T22:41:24.944+0000] {logging_mixin.py:151} INFO - [2023-09-20T22:41:24.944+0000] {dagbag.py:539} INFO - Filling up the DagBag from /home/airflow/.local/lib/python3.8/site-packages/airflow/example_dags/example_nested_branch_dag.py
[2023-09-20T22:41:24.962+0000] {processor.py:839} INFO - DAG(s) dict_keys(['example_nested_branch_dag']) retrieved from /home/airflow/.local/lib/python3.8/site-packages/airflow/example_dags/example_nested_branch_dag.py
[2023-09-20T22:41:24.994+0000] {logging_mixin.py:151} INFO - [2023-09-20T22:41:24.994+0000] {dag.py:2915} INFO - Sync 1 DAGs
[2023-09-20T22:41:25.026+0000] {logging_mixin.py:151} INFO - [2023-09-20T22:41:25.026+0000] {dag.py:3696} INFO - Setting next_dagrun for example_nested_branch_dag to 2023-09-19T00:00:00+00:00, run_after=2023-09-20T00:00:00+00:00
[2023-09-20T22:41:25.059+0000] {processor.py:179} INFO - Processing /home/airflow/.local/lib/python3.8/site-packages/airflow/example_dags/example_nested_branch_dag.py took 0.125 seconds
[2023-09-20T22:41:55.432+0000] {processor.py:157} INFO - Started process (PID=1880) to work on /home/airflow/.local/lib/python3.8/site-packages/airflow/example_dags/example_nested_branch_dag.py
[2023-09-20T22:41:55.433+0000] {processor.py:829} INFO - Processing file /home/airflow/.local/lib/python3.8/site-packages/airflow/example_dags/example_nested_branch_dag.py for tasks to queue
[2023-09-20T22:41:55.437+0000] {logging_mixin.py:151} INFO - [2023-09-20T22:41:55.436+0000] {dagbag.py:539} INFO - Filling up the DagBag from /home/airflow/.local/lib/python3.8/site-packages/airflow/example_dags/example_nested_branch_dag.py
[2023-09-20T22:41:55.454+0000] {processor.py:839} INFO - DAG(s) dict_keys(['example_nested_branch_dag']) retrieved from /home/airflow/.local/lib/python3.8/site-packages/airflow/example_dags/example_nested_branch_dag.py
[2023-09-20T22:41:55.492+0000] {logging_mixin.py:151} INFO - [2023-09-20T22:41:55.491+0000] {dag.py:2915} INFO - Sync 1 DAGs
[2023-09-20T22:41:55.530+0000] {logging_mixin.py:151} INFO - [2023-09-20T22:41:55.530+0000] {dag.py:3696} INFO - Setting next_dagrun for example_nested_branch_dag to 2023-09-19T00:00:00+00:00, run_after=2023-09-20T00:00:00+00:00
[2023-09-20T22:41:55.565+0000] {processor.py:179} INFO - Processing /home/airflow/.local/lib/python3.8/site-packages/airflow/example_dags/example_nested_branch_dag.py took 0.139 seconds
[2023-09-20T22:42:26.102+0000] {processor.py:157} INFO - Started process (PID=1935) to work on /home/airflow/.local/lib/python3.8/site-packages/airflow/example_dags/example_nested_branch_dag.py
[2023-09-20T22:42:26.103+0000] {processor.py:829} INFO - Processing file /home/airflow/.local/lib/python3.8/site-packages/airflow/example_dags/example_nested_branch_dag.py for tasks to queue
[2023-09-20T22:42:26.107+0000] {logging_mixin.py:151} INFO - [2023-09-20T22:42:26.107+0000] {dagbag.py:539} INFO - Filling up the DagBag from /home/airflow/.local/lib/python3.8/site-packages/airflow/example_dags/example_nested_branch_dag.py
[2023-09-20T22:42:26.127+0000] {processor.py:839} INFO - DAG(s) dict_keys(['example_nested_branch_dag']) retrieved from /home/airflow/.local/lib/python3.8/site-packages/airflow/example_dags/example_nested_branch_dag.py
[2023-09-20T22:42:26.159+0000] {logging_mixin.py:151} INFO - [2023-09-20T22:42:26.159+0000] {dag.py:2915} INFO - Sync 1 DAGs
[2023-09-20T22:42:26.192+0000] {logging_mixin.py:151} INFO - [2023-09-20T22:42:26.192+0000] {dag.py:3696} INFO - Setting next_dagrun for example_nested_branch_dag to 2023-09-19T00:00:00+00:00, run_after=2023-09-20T00:00:00+00:00
[2023-09-20T22:42:26.224+0000] {processor.py:179} INFO - Processing /home/airflow/.local/lib/python3.8/site-packages/airflow/example_dags/example_nested_branch_dag.py took 0.127 seconds
[2023-09-20T22:42:56.932+0000] {processor.py:157} INFO - Started process (PID=1990) to work on /home/airflow/.local/lib/python3.8/site-packages/airflow/example_dags/example_nested_branch_dag.py
[2023-09-20T22:42:56.933+0000] {processor.py:829} INFO - Processing file /home/airflow/.local/lib/python3.8/site-packages/airflow/example_dags/example_nested_branch_dag.py for tasks to queue
[2023-09-20T22:42:56.936+0000] {logging_mixin.py:151} INFO - [2023-09-20T22:42:56.936+0000] {dagbag.py:539} INFO - Filling up the DagBag from /home/airflow/.local/lib/python3.8/site-packages/airflow/example_dags/example_nested_branch_dag.py
[2023-09-20T22:42:56.950+0000] {processor.py:839} INFO - DAG(s) dict_keys(['example_nested_branch_dag']) retrieved from /home/airflow/.local/lib/python3.8/site-packages/airflow/example_dags/example_nested_branch_dag.py
[2023-09-20T22:42:56.979+0000] {logging_mixin.py:151} INFO - [2023-09-20T22:42:56.978+0000] {dag.py:2915} INFO - Sync 1 DAGs
[2023-09-20T22:42:57.010+0000] {logging_mixin.py:151} INFO - [2023-09-20T22:42:57.010+0000] {dag.py:3696} INFO - Setting next_dagrun for example_nested_branch_dag to 2023-09-19T00:00:00+00:00, run_after=2023-09-20T00:00:00+00:00
[2023-09-20T22:42:57.042+0000] {processor.py:179} INFO - Processing /home/airflow/.local/lib/python3.8/site-packages/airflow/example_dags/example_nested_branch_dag.py took 0.115 seconds
[2023-09-20T22:43:27.644+0000] {processor.py:157} INFO - Started process (PID=2045) to work on /home/airflow/.local/lib/python3.8/site-packages/airflow/example_dags/example_nested_branch_dag.py
[2023-09-20T22:43:27.646+0000] {processor.py:829} INFO - Processing file /home/airflow/.local/lib/python3.8/site-packages/airflow/example_dags/example_nested_branch_dag.py for tasks to queue
[2023-09-20T22:43:27.650+0000] {logging_mixin.py:151} INFO - [2023-09-20T22:43:27.650+0000] {dagbag.py:539} INFO - Filling up the DagBag from /home/airflow/.local/lib/python3.8/site-packages/airflow/example_dags/example_nested_branch_dag.py
[2023-09-20T22:43:27.665+0000] {processor.py:839} INFO - DAG(s) dict_keys(['example_nested_branch_dag']) retrieved from /home/airflow/.local/lib/python3.8/site-packages/airflow/example_dags/example_nested_branch_dag.py
[2023-09-20T22:43:27.697+0000] {logging_mixin.py:151} INFO - [2023-09-20T22:43:27.697+0000] {dag.py:2915} INFO - Sync 1 DAGs
[2023-09-20T22:43:27.736+0000] {logging_mixin.py:151} INFO - [2023-09-20T22:43:27.735+0000] {dag.py:3696} INFO - Setting next_dagrun for example_nested_branch_dag to 2023-09-19T00:00:00+00:00, run_after=2023-09-20T00:00:00+00:00
[2023-09-20T22:43:27.772+0000] {processor.py:179} INFO - Processing /home/airflow/.local/lib/python3.8/site-packages/airflow/example_dags/example_nested_branch_dag.py took 0.133 seconds
[2023-09-20T22:43:58.519+0000] {processor.py:157} INFO - Started process (PID=2100) to work on /home/airflow/.local/lib/python3.8/site-packages/airflow/example_dags/example_nested_branch_dag.py
[2023-09-20T22:43:58.521+0000] {processor.py:829} INFO - Processing file /home/airflow/.local/lib/python3.8/site-packages/airflow/example_dags/example_nested_branch_dag.py for tasks to queue
[2023-09-20T22:43:58.526+0000] {logging_mixin.py:151} INFO - [2023-09-20T22:43:58.525+0000] {dagbag.py:539} INFO - Filling up the DagBag from /home/airflow/.local/lib/python3.8/site-packages/airflow/example_dags/example_nested_branch_dag.py
[2023-09-20T22:43:58.544+0000] {processor.py:839} INFO - DAG(s) dict_keys(['example_nested_branch_dag']) retrieved from /home/airflow/.local/lib/python3.8/site-packages/airflow/example_dags/example_nested_branch_dag.py
[2023-09-20T22:43:58.582+0000] {logging_mixin.py:151} INFO - [2023-09-20T22:43:58.581+0000] {dag.py:2915} INFO - Sync 1 DAGs
[2023-09-20T22:43:58.620+0000] {logging_mixin.py:151} INFO - [2023-09-20T22:43:58.620+0000] {dag.py:3696} INFO - Setting next_dagrun for example_nested_branch_dag to 2023-09-19T00:00:00+00:00, run_after=2023-09-20T00:00:00+00:00
[2023-09-20T22:43:58.659+0000] {processor.py:179} INFO - Processing /home/airflow/.local/lib/python3.8/site-packages/airflow/example_dags/example_nested_branch_dag.py took 0.147 seconds
[2023-09-20T22:44:29.383+0000] {processor.py:157} INFO - Started process (PID=2156) to work on /home/airflow/.local/lib/python3.8/site-packages/airflow/example_dags/example_nested_branch_dag.py
[2023-09-20T22:44:29.384+0000] {processor.py:829} INFO - Processing file /home/airflow/.local/lib/python3.8/site-packages/airflow/example_dags/example_nested_branch_dag.py for tasks to queue
[2023-09-20T22:44:29.387+0000] {logging_mixin.py:151} INFO - [2023-09-20T22:44:29.387+0000] {dagbag.py:539} INFO - Filling up the DagBag from /home/airflow/.local/lib/python3.8/site-packages/airflow/example_dags/example_nested_branch_dag.py
[2023-09-20T22:44:29.401+0000] {processor.py:839} INFO - DAG(s) dict_keys(['example_nested_branch_dag']) retrieved from /home/airflow/.local/lib/python3.8/site-packages/airflow/example_dags/example_nested_branch_dag.py
[2023-09-20T22:44:29.431+0000] {logging_mixin.py:151} INFO - [2023-09-20T22:44:29.430+0000] {dag.py:2915} INFO - Sync 1 DAGs
[2023-09-20T22:44:29.461+0000] {logging_mixin.py:151} INFO - [2023-09-20T22:44:29.461+0000] {dag.py:3696} INFO - Setting next_dagrun for example_nested_branch_dag to 2023-09-19T00:00:00+00:00, run_after=2023-09-20T00:00:00+00:00
[2023-09-20T22:44:29.491+0000] {processor.py:179} INFO - Processing /home/airflow/.local/lib/python3.8/site-packages/airflow/example_dags/example_nested_branch_dag.py took 0.112 seconds
[2023-09-20T22:45:00.018+0000] {processor.py:157} INFO - Started process (PID=2211) to work on /home/airflow/.local/lib/python3.8/site-packages/airflow/example_dags/example_nested_branch_dag.py
[2023-09-20T22:45:00.019+0000] {processor.py:829} INFO - Processing file /home/airflow/.local/lib/python3.8/site-packages/airflow/example_dags/example_nested_branch_dag.py for tasks to queue
[2023-09-20T22:45:00.023+0000] {logging_mixin.py:151} INFO - [2023-09-20T22:45:00.023+0000] {dagbag.py:539} INFO - Filling up the DagBag from /home/airflow/.local/lib/python3.8/site-packages/airflow/example_dags/example_nested_branch_dag.py
[2023-09-20T22:45:00.037+0000] {processor.py:839} INFO - DAG(s) dict_keys(['example_nested_branch_dag']) retrieved from /home/airflow/.local/lib/python3.8/site-packages/airflow/example_dags/example_nested_branch_dag.py
[2023-09-20T22:45:00.074+0000] {logging_mixin.py:151} INFO - [2023-09-20T22:45:00.073+0000] {dag.py:2915} INFO - Sync 1 DAGs
[2023-09-20T22:45:00.110+0000] {logging_mixin.py:151} INFO - [2023-09-20T22:45:00.110+0000] {dag.py:3696} INFO - Setting next_dagrun for example_nested_branch_dag to 2023-09-19T00:00:00+00:00, run_after=2023-09-20T00:00:00+00:00
[2023-09-20T22:45:00.147+0000] {processor.py:179} INFO - Processing /home/airflow/.local/lib/python3.8/site-packages/airflow/example_dags/example_nested_branch_dag.py took 0.134 seconds
[2023-09-20T22:45:30.812+0000] {processor.py:157} INFO - Started process (PID=2266) to work on /home/airflow/.local/lib/python3.8/site-packages/airflow/example_dags/example_nested_branch_dag.py
[2023-09-20T22:45:30.813+0000] {processor.py:829} INFO - Processing file /home/airflow/.local/lib/python3.8/site-packages/airflow/example_dags/example_nested_branch_dag.py for tasks to queue
[2023-09-20T22:45:30.816+0000] {logging_mixin.py:151} INFO - [2023-09-20T22:45:30.816+0000] {dagbag.py:539} INFO - Filling up the DagBag from /home/airflow/.local/lib/python3.8/site-packages/airflow/example_dags/example_nested_branch_dag.py
[2023-09-20T22:45:30.830+0000] {processor.py:839} INFO - DAG(s) dict_keys(['example_nested_branch_dag']) retrieved from /home/airflow/.local/lib/python3.8/site-packages/airflow/example_dags/example_nested_branch_dag.py
[2023-09-20T22:45:30.859+0000] {logging_mixin.py:151} INFO - [2023-09-20T22:45:30.858+0000] {dag.py:2915} INFO - Sync 1 DAGs
[2023-09-20T22:45:30.891+0000] {logging_mixin.py:151} INFO - [2023-09-20T22:45:30.891+0000] {dag.py:3696} INFO - Setting next_dagrun for example_nested_branch_dag to 2023-09-19T00:00:00+00:00, run_after=2023-09-20T00:00:00+00:00
[2023-09-20T22:45:30.939+0000] {processor.py:179} INFO - Processing /home/airflow/.local/lib/python3.8/site-packages/airflow/example_dags/example_nested_branch_dag.py took 0.132 seconds
[2023-09-20T22:46:01.147+0000] {processor.py:157} INFO - Started process (PID=2321) to work on /home/airflow/.local/lib/python3.8/site-packages/airflow/example_dags/example_nested_branch_dag.py
[2023-09-20T22:46:01.149+0000] {processor.py:829} INFO - Processing file /home/airflow/.local/lib/python3.8/site-packages/airflow/example_dags/example_nested_branch_dag.py for tasks to queue
[2023-09-20T22:46:01.154+0000] {logging_mixin.py:151} INFO - [2023-09-20T22:46:01.153+0000] {dagbag.py:539} INFO - Filling up the DagBag from /home/airflow/.local/lib/python3.8/site-packages/airflow/example_dags/example_nested_branch_dag.py
[2023-09-20T22:46:01.172+0000] {processor.py:839} INFO - DAG(s) dict_keys(['example_nested_branch_dag']) retrieved from /home/airflow/.local/lib/python3.8/site-packages/airflow/example_dags/example_nested_branch_dag.py
[2023-09-20T22:46:01.204+0000] {logging_mixin.py:151} INFO - [2023-09-20T22:46:01.204+0000] {dag.py:2915} INFO - Sync 1 DAGs
[2023-09-20T22:46:01.242+0000] {logging_mixin.py:151} INFO - [2023-09-20T22:46:01.242+0000] {dag.py:3696} INFO - Setting next_dagrun for example_nested_branch_dag to 2023-09-19T00:00:00+00:00, run_after=2023-09-20T00:00:00+00:00
[2023-09-20T22:46:01.285+0000] {processor.py:179} INFO - Processing /home/airflow/.local/lib/python3.8/site-packages/airflow/example_dags/example_nested_branch_dag.py took 0.146 seconds
[2023-09-20T22:46:32.380+0000] {processor.py:157} INFO - Started process (PID=2376) to work on /home/airflow/.local/lib/python3.8/site-packages/airflow/example_dags/example_nested_branch_dag.py
[2023-09-20T22:46:32.381+0000] {processor.py:829} INFO - Processing file /home/airflow/.local/lib/python3.8/site-packages/airflow/example_dags/example_nested_branch_dag.py for tasks to queue
[2023-09-20T22:46:32.385+0000] {logging_mixin.py:151} INFO - [2023-09-20T22:46:32.384+0000] {dagbag.py:539} INFO - Filling up the DagBag from /home/airflow/.local/lib/python3.8/site-packages/airflow/example_dags/example_nested_branch_dag.py
[2023-09-20T22:46:32.398+0000] {processor.py:839} INFO - DAG(s) dict_keys(['example_nested_branch_dag']) retrieved from /home/airflow/.local/lib/python3.8/site-packages/airflow/example_dags/example_nested_branch_dag.py
[2023-09-20T22:46:32.427+0000] {logging_mixin.py:151} INFO - [2023-09-20T22:46:32.427+0000] {dag.py:2915} INFO - Sync 1 DAGs
[2023-09-20T22:46:32.457+0000] {logging_mixin.py:151} INFO - [2023-09-20T22:46:32.457+0000] {dag.py:3696} INFO - Setting next_dagrun for example_nested_branch_dag to 2023-09-19T00:00:00+00:00, run_after=2023-09-20T00:00:00+00:00
[2023-09-20T22:46:32.503+0000] {processor.py:179} INFO - Processing /home/airflow/.local/lib/python3.8/site-packages/airflow/example_dags/example_nested_branch_dag.py took 0.127 seconds
[2023-09-20T22:47:02.841+0000] {processor.py:157} INFO - Started process (PID=2431) to work on /home/airflow/.local/lib/python3.8/site-packages/airflow/example_dags/example_nested_branch_dag.py
[2023-09-20T22:47:02.843+0000] {processor.py:829} INFO - Processing file /home/airflow/.local/lib/python3.8/site-packages/airflow/example_dags/example_nested_branch_dag.py for tasks to queue
[2023-09-20T22:47:02.846+0000] {logging_mixin.py:151} INFO - [2023-09-20T22:47:02.845+0000] {dagbag.py:539} INFO - Filling up the DagBag from /home/airflow/.local/lib/python3.8/site-packages/airflow/example_dags/example_nested_branch_dag.py
[2023-09-20T22:47:02.860+0000] {processor.py:839} INFO - DAG(s) dict_keys(['example_nested_branch_dag']) retrieved from /home/airflow/.local/lib/python3.8/site-packages/airflow/example_dags/example_nested_branch_dag.py
[2023-09-20T22:47:02.893+0000] {logging_mixin.py:151} INFO - [2023-09-20T22:47:02.893+0000] {dag.py:2915} INFO - Sync 1 DAGs
[2023-09-20T22:47:02.929+0000] {logging_mixin.py:151} INFO - [2023-09-20T22:47:02.929+0000] {dag.py:3696} INFO - Setting next_dagrun for example_nested_branch_dag to 2023-09-19T00:00:00+00:00, run_after=2023-09-20T00:00:00+00:00
[2023-09-20T22:47:02.961+0000] {processor.py:179} INFO - Processing /home/airflow/.local/lib/python3.8/site-packages/airflow/example_dags/example_nested_branch_dag.py took 0.125 seconds
[2023-09-20T22:47:33.840+0000] {processor.py:157} INFO - Started process (PID=2486) to work on /home/airflow/.local/lib/python3.8/site-packages/airflow/example_dags/example_nested_branch_dag.py
[2023-09-20T22:47:33.842+0000] {processor.py:829} INFO - Processing file /home/airflow/.local/lib/python3.8/site-packages/airflow/example_dags/example_nested_branch_dag.py for tasks to queue
[2023-09-20T22:47:33.846+0000] {logging_mixin.py:151} INFO - [2023-09-20T22:47:33.846+0000] {dagbag.py:539} INFO - Filling up the DagBag from /home/airflow/.local/lib/python3.8/site-packages/airflow/example_dags/example_nested_branch_dag.py
[2023-09-20T22:47:33.863+0000] {processor.py:839} INFO - DAG(s) dict_keys(['example_nested_branch_dag']) retrieved from /home/airflow/.local/lib/python3.8/site-packages/airflow/example_dags/example_nested_branch_dag.py
[2023-09-20T22:47:33.891+0000] {logging_mixin.py:151} INFO - [2023-09-20T22:47:33.891+0000] {dag.py:2915} INFO - Sync 1 DAGs
[2023-09-20T22:47:33.921+0000] {logging_mixin.py:151} INFO - [2023-09-20T22:47:33.920+0000] {dag.py:3696} INFO - Setting next_dagrun for example_nested_branch_dag to 2023-09-19T00:00:00+00:00, run_after=2023-09-20T00:00:00+00:00
[2023-09-20T22:47:33.952+0000] {processor.py:179} INFO - Processing /home/airflow/.local/lib/python3.8/site-packages/airflow/example_dags/example_nested_branch_dag.py took 0.120 seconds
[2023-09-20T22:48:04.176+0000] {processor.py:157} INFO - Started process (PID=2540) to work on /home/airflow/.local/lib/python3.8/site-packages/airflow/example_dags/example_nested_branch_dag.py
[2023-09-20T22:48:04.177+0000] {processor.py:829} INFO - Processing file /home/airflow/.local/lib/python3.8/site-packages/airflow/example_dags/example_nested_branch_dag.py for tasks to queue
[2023-09-20T22:48:04.181+0000] {logging_mixin.py:151} INFO - [2023-09-20T22:48:04.180+0000] {dagbag.py:539} INFO - Filling up the DagBag from /home/airflow/.local/lib/python3.8/site-packages/airflow/example_dags/example_nested_branch_dag.py
[2023-09-20T22:48:04.195+0000] {processor.py:839} INFO - DAG(s) dict_keys(['example_nested_branch_dag']) retrieved from /home/airflow/.local/lib/python3.8/site-packages/airflow/example_dags/example_nested_branch_dag.py
[2023-09-20T22:48:04.236+0000] {logging_mixin.py:151} INFO - [2023-09-20T22:48:04.235+0000] {dag.py:2915} INFO - Sync 1 DAGs
[2023-09-20T22:48:04.274+0000] {logging_mixin.py:151} INFO - [2023-09-20T22:48:04.273+0000] {dag.py:3696} INFO - Setting next_dagrun for example_nested_branch_dag to 2023-09-19T00:00:00+00:00, run_after=2023-09-20T00:00:00+00:00
[2023-09-20T22:48:04.331+0000] {processor.py:179} INFO - Processing /home/airflow/.local/lib/python3.8/site-packages/airflow/example_dags/example_nested_branch_dag.py took 0.159 seconds
[2023-09-20T22:48:34.839+0000] {processor.py:157} INFO - Started process (PID=2595) to work on /home/airflow/.local/lib/python3.8/site-packages/airflow/example_dags/example_nested_branch_dag.py
[2023-09-20T22:48:34.841+0000] {processor.py:829} INFO - Processing file /home/airflow/.local/lib/python3.8/site-packages/airflow/example_dags/example_nested_branch_dag.py for tasks to queue
[2023-09-20T22:48:34.846+0000] {logging_mixin.py:151} INFO - [2023-09-20T22:48:34.845+0000] {dagbag.py:539} INFO - Filling up the DagBag from /home/airflow/.local/lib/python3.8/site-packages/airflow/example_dags/example_nested_branch_dag.py
[2023-09-20T22:48:34.866+0000] {processor.py:839} INFO - DAG(s) dict_keys(['example_nested_branch_dag']) retrieved from /home/airflow/.local/lib/python3.8/site-packages/airflow/example_dags/example_nested_branch_dag.py
[2023-09-20T22:48:34.910+0000] {logging_mixin.py:151} INFO - [2023-09-20T22:48:34.909+0000] {dag.py:2915} INFO - Sync 1 DAGs
[2023-09-20T22:48:34.951+0000] {logging_mixin.py:151} INFO - [2023-09-20T22:48:34.950+0000] {dag.py:3696} INFO - Setting next_dagrun for example_nested_branch_dag to 2023-09-19T00:00:00+00:00, run_after=2023-09-20T00:00:00+00:00
[2023-09-20T22:48:35.007+0000] {processor.py:179} INFO - Processing /home/airflow/.local/lib/python3.8/site-packages/airflow/example_dags/example_nested_branch_dag.py took 0.175 seconds
[2023-09-20T22:49:05.522+0000] {processor.py:157} INFO - Started process (PID=2650) to work on /home/airflow/.local/lib/python3.8/site-packages/airflow/example_dags/example_nested_branch_dag.py
[2023-09-20T22:49:05.523+0000] {processor.py:829} INFO - Processing file /home/airflow/.local/lib/python3.8/site-packages/airflow/example_dags/example_nested_branch_dag.py for tasks to queue
[2023-09-20T22:49:05.526+0000] {logging_mixin.py:151} INFO - [2023-09-20T22:49:05.526+0000] {dagbag.py:539} INFO - Filling up the DagBag from /home/airflow/.local/lib/python3.8/site-packages/airflow/example_dags/example_nested_branch_dag.py
[2023-09-20T22:49:05.539+0000] {processor.py:839} INFO - DAG(s) dict_keys(['example_nested_branch_dag']) retrieved from /home/airflow/.local/lib/python3.8/site-packages/airflow/example_dags/example_nested_branch_dag.py
[2023-09-20T22:49:05.577+0000] {logging_mixin.py:151} INFO - [2023-09-20T22:49:05.577+0000] {dag.py:2915} INFO - Sync 1 DAGs
[2023-09-20T22:49:05.611+0000] {logging_mixin.py:151} INFO - [2023-09-20T22:49:05.610+0000] {dag.py:3696} INFO - Setting next_dagrun for example_nested_branch_dag to 2023-09-19T00:00:00+00:00, run_after=2023-09-20T00:00:00+00:00
[2023-09-20T22:49:05.649+0000] {processor.py:179} INFO - Processing /home/airflow/.local/lib/python3.8/site-packages/airflow/example_dags/example_nested_branch_dag.py took 0.132 seconds
[2023-09-20T22:49:36.337+0000] {processor.py:157} INFO - Started process (PID=2705) to work on /home/airflow/.local/lib/python3.8/site-packages/airflow/example_dags/example_nested_branch_dag.py
[2023-09-20T22:49:36.338+0000] {processor.py:829} INFO - Processing file /home/airflow/.local/lib/python3.8/site-packages/airflow/example_dags/example_nested_branch_dag.py for tasks to queue
[2023-09-20T22:49:36.342+0000] {logging_mixin.py:151} INFO - [2023-09-20T22:49:36.342+0000] {dagbag.py:539} INFO - Filling up the DagBag from /home/airflow/.local/lib/python3.8/site-packages/airflow/example_dags/example_nested_branch_dag.py
[2023-09-20T22:49:36.357+0000] {processor.py:839} INFO - DAG(s) dict_keys(['example_nested_branch_dag']) retrieved from /home/airflow/.local/lib/python3.8/site-packages/airflow/example_dags/example_nested_branch_dag.py
[2023-09-20T22:49:36.392+0000] {logging_mixin.py:151} INFO - [2023-09-20T22:49:36.392+0000] {dag.py:2915} INFO - Sync 1 DAGs
[2023-09-20T22:49:36.431+0000] {logging_mixin.py:151} INFO - [2023-09-20T22:49:36.430+0000] {dag.py:3696} INFO - Setting next_dagrun for example_nested_branch_dag to 2023-09-19T00:00:00+00:00, run_after=2023-09-20T00:00:00+00:00
[2023-09-20T22:49:36.659+0000] {processor.py:179} INFO - Processing /home/airflow/.local/lib/python3.8/site-packages/airflow/example_dags/example_nested_branch_dag.py took 0.328 seconds
[2023-09-20T22:50:06.738+0000] {processor.py:157} INFO - Started process (PID=2760) to work on /home/airflow/.local/lib/python3.8/site-packages/airflow/example_dags/example_nested_branch_dag.py
[2023-09-20T22:50:06.740+0000] {processor.py:829} INFO - Processing file /home/airflow/.local/lib/python3.8/site-packages/airflow/example_dags/example_nested_branch_dag.py for tasks to queue
[2023-09-20T22:50:06.743+0000] {logging_mixin.py:151} INFO - [2023-09-20T22:50:06.743+0000] {dagbag.py:539} INFO - Filling up the DagBag from /home/airflow/.local/lib/python3.8/site-packages/airflow/example_dags/example_nested_branch_dag.py
[2023-09-20T22:50:06.761+0000] {processor.py:839} INFO - DAG(s) dict_keys(['example_nested_branch_dag']) retrieved from /home/airflow/.local/lib/python3.8/site-packages/airflow/example_dags/example_nested_branch_dag.py
[2023-09-20T22:50:06.794+0000] {logging_mixin.py:151} INFO - [2023-09-20T22:50:06.794+0000] {dag.py:2915} INFO - Sync 1 DAGs
[2023-09-20T22:50:06.830+0000] {logging_mixin.py:151} INFO - [2023-09-20T22:50:06.829+0000] {dag.py:3696} INFO - Setting next_dagrun for example_nested_branch_dag to 2023-09-19T00:00:00+00:00, run_after=2023-09-20T00:00:00+00:00
[2023-09-20T22:50:06.864+0000] {processor.py:179} INFO - Processing /home/airflow/.local/lib/python3.8/site-packages/airflow/example_dags/example_nested_branch_dag.py took 0.131 seconds
[2023-09-20T22:50:37.036+0000] {processor.py:157} INFO - Started process (PID=2815) to work on /home/airflow/.local/lib/python3.8/site-packages/airflow/example_dags/example_nested_branch_dag.py
[2023-09-20T22:50:37.038+0000] {processor.py:829} INFO - Processing file /home/airflow/.local/lib/python3.8/site-packages/airflow/example_dags/example_nested_branch_dag.py for tasks to queue
[2023-09-20T22:50:37.042+0000] {logging_mixin.py:151} INFO - [2023-09-20T22:50:37.041+0000] {dagbag.py:539} INFO - Filling up the DagBag from /home/airflow/.local/lib/python3.8/site-packages/airflow/example_dags/example_nested_branch_dag.py
[2023-09-20T22:50:37.064+0000] {processor.py:839} INFO - DAG(s) dict_keys(['example_nested_branch_dag']) retrieved from /home/airflow/.local/lib/python3.8/site-packages/airflow/example_dags/example_nested_branch_dag.py
[2023-09-20T22:50:37.105+0000] {logging_mixin.py:151} INFO - [2023-09-20T22:50:37.105+0000] {dag.py:2915} INFO - Sync 1 DAGs
[2023-09-20T22:50:37.152+0000] {logging_mixin.py:151} INFO - [2023-09-20T22:50:37.152+0000] {dag.py:3696} INFO - Setting next_dagrun for example_nested_branch_dag to 2023-09-19T00:00:00+00:00, run_after=2023-09-20T00:00:00+00:00
[2023-09-20T22:50:37.279+0000] {processor.py:179} INFO - Processing /home/airflow/.local/lib/python3.8/site-packages/airflow/example_dags/example_nested_branch_dag.py took 0.249 seconds
[2023-09-20T22:51:07.460+0000] {processor.py:157} INFO - Started process (PID=2870) to work on /home/airflow/.local/lib/python3.8/site-packages/airflow/example_dags/example_nested_branch_dag.py
[2023-09-20T22:51:07.461+0000] {processor.py:829} INFO - Processing file /home/airflow/.local/lib/python3.8/site-packages/airflow/example_dags/example_nested_branch_dag.py for tasks to queue
[2023-09-20T22:51:07.465+0000] {logging_mixin.py:151} INFO - [2023-09-20T22:51:07.464+0000] {dagbag.py:539} INFO - Filling up the DagBag from /home/airflow/.local/lib/python3.8/site-packages/airflow/example_dags/example_nested_branch_dag.py
[2023-09-20T22:51:07.478+0000] {processor.py:839} INFO - DAG(s) dict_keys(['example_nested_branch_dag']) retrieved from /home/airflow/.local/lib/python3.8/site-packages/airflow/example_dags/example_nested_branch_dag.py
[2023-09-20T22:51:07.506+0000] {logging_mixin.py:151} INFO - [2023-09-20T22:51:07.506+0000] {dag.py:2915} INFO - Sync 1 DAGs
[2023-09-20T22:51:07.553+0000] {logging_mixin.py:151} INFO - [2023-09-20T22:51:07.552+0000] {dag.py:3696} INFO - Setting next_dagrun for example_nested_branch_dag to 2023-09-19T00:00:00+00:00, run_after=2023-09-20T00:00:00+00:00
[2023-09-20T22:51:07.593+0000] {processor.py:179} INFO - Processing /home/airflow/.local/lib/python3.8/site-packages/airflow/example_dags/example_nested_branch_dag.py took 0.138 seconds
[2023-09-20T22:51:38.036+0000] {processor.py:157} INFO - Started process (PID=2925) to work on /home/airflow/.local/lib/python3.8/site-packages/airflow/example_dags/example_nested_branch_dag.py
[2023-09-20T22:51:38.038+0000] {processor.py:829} INFO - Processing file /home/airflow/.local/lib/python3.8/site-packages/airflow/example_dags/example_nested_branch_dag.py for tasks to queue
[2023-09-20T22:51:38.041+0000] {logging_mixin.py:151} INFO - [2023-09-20T22:51:38.041+0000] {dagbag.py:539} INFO - Filling up the DagBag from /home/airflow/.local/lib/python3.8/site-packages/airflow/example_dags/example_nested_branch_dag.py
[2023-09-20T22:51:38.054+0000] {processor.py:839} INFO - DAG(s) dict_keys(['example_nested_branch_dag']) retrieved from /home/airflow/.local/lib/python3.8/site-packages/airflow/example_dags/example_nested_branch_dag.py
[2023-09-20T22:51:38.088+0000] {logging_mixin.py:151} INFO - [2023-09-20T22:51:38.087+0000] {dag.py:2915} INFO - Sync 1 DAGs
[2023-09-20T22:51:38.120+0000] {logging_mixin.py:151} INFO - [2023-09-20T22:51:38.120+0000] {dag.py:3696} INFO - Setting next_dagrun for example_nested_branch_dag to 2023-09-19T00:00:00+00:00, run_after=2023-09-20T00:00:00+00:00
[2023-09-20T22:51:38.151+0000] {processor.py:179} INFO - Processing /home/airflow/.local/lib/python3.8/site-packages/airflow/example_dags/example_nested_branch_dag.py took 0.122 seconds
[2023-09-20T23:11:33.217+0000] {processor.py:157} INFO - Started process (PID=57) to work on /home/airflow/.local/lib/python3.8/site-packages/airflow/example_dags/example_nested_branch_dag.py
[2023-09-20T23:11:33.219+0000] {processor.py:829} INFO - Processing file /home/airflow/.local/lib/python3.8/site-packages/airflow/example_dags/example_nested_branch_dag.py for tasks to queue
[2023-09-20T23:11:33.223+0000] {logging_mixin.py:151} INFO - [2023-09-20T23:11:33.223+0000] {dagbag.py:539} INFO - Filling up the DagBag from /home/airflow/.local/lib/python3.8/site-packages/airflow/example_dags/example_nested_branch_dag.py
[2023-09-20T23:11:33.239+0000] {processor.py:839} INFO - DAG(s) dict_keys(['example_nested_branch_dag']) retrieved from /home/airflow/.local/lib/python3.8/site-packages/airflow/example_dags/example_nested_branch_dag.py
[2023-09-20T23:11:33.259+0000] {logging_mixin.py:151} INFO - [2023-09-20T23:11:33.259+0000] {dag.py:2915} INFO - Sync 1 DAGs
[2023-09-20T23:11:33.296+0000] {logging_mixin.py:151} INFO - [2023-09-20T23:11:33.295+0000] {dag.py:3696} INFO - Setting next_dagrun for example_nested_branch_dag to 2023-09-19T00:00:00+00:00, run_after=2023-09-20T00:00:00+00:00
[2023-09-20T23:11:33.332+0000] {processor.py:179} INFO - Processing /home/airflow/.local/lib/python3.8/site-packages/airflow/example_dags/example_nested_branch_dag.py took 0.119 seconds
[2023-09-20T23:12:03.957+0000] {processor.py:157} INFO - Started process (PID=112) to work on /home/airflow/.local/lib/python3.8/site-packages/airflow/example_dags/example_nested_branch_dag.py
[2023-09-20T23:12:03.958+0000] {processor.py:829} INFO - Processing file /home/airflow/.local/lib/python3.8/site-packages/airflow/example_dags/example_nested_branch_dag.py for tasks to queue
[2023-09-20T23:12:03.961+0000] {logging_mixin.py:151} INFO - [2023-09-20T23:12:03.961+0000] {dagbag.py:539} INFO - Filling up the DagBag from /home/airflow/.local/lib/python3.8/site-packages/airflow/example_dags/example_nested_branch_dag.py
[2023-09-20T23:12:03.975+0000] {processor.py:839} INFO - DAG(s) dict_keys(['example_nested_branch_dag']) retrieved from /home/airflow/.local/lib/python3.8/site-packages/airflow/example_dags/example_nested_branch_dag.py
[2023-09-20T23:12:04.007+0000] {logging_mixin.py:151} INFO - [2023-09-20T23:12:04.006+0000] {dag.py:2915} INFO - Sync 1 DAGs
[2023-09-20T23:12:04.050+0000] {logging_mixin.py:151} INFO - [2023-09-20T23:12:04.049+0000] {dag.py:3696} INFO - Setting next_dagrun for example_nested_branch_dag to 2023-09-19T00:00:00+00:00, run_after=2023-09-20T00:00:00+00:00
[2023-09-20T23:12:04.086+0000] {processor.py:179} INFO - Processing /home/airflow/.local/lib/python3.8/site-packages/airflow/example_dags/example_nested_branch_dag.py took 0.134 seconds
[2023-09-20T23:12:36.332+0000] {processor.py:157} INFO - Started process (PID=167) to work on /home/airflow/.local/lib/python3.8/site-packages/airflow/example_dags/example_nested_branch_dag.py
[2023-09-20T23:12:36.333+0000] {processor.py:829} INFO - Processing file /home/airflow/.local/lib/python3.8/site-packages/airflow/example_dags/example_nested_branch_dag.py for tasks to queue
[2023-09-20T23:12:36.337+0000] {logging_mixin.py:151} INFO - [2023-09-20T23:12:36.336+0000] {dagbag.py:539} INFO - Filling up the DagBag from /home/airflow/.local/lib/python3.8/site-packages/airflow/example_dags/example_nested_branch_dag.py
[2023-09-20T23:12:36.358+0000] {processor.py:839} INFO - DAG(s) dict_keys(['example_nested_branch_dag']) retrieved from /home/airflow/.local/lib/python3.8/site-packages/airflow/example_dags/example_nested_branch_dag.py
[2023-09-20T23:12:36.390+0000] {logging_mixin.py:151} INFO - [2023-09-20T23:12:36.390+0000] {dag.py:2915} INFO - Sync 1 DAGs
[2023-09-20T23:12:36.427+0000] {logging_mixin.py:151} INFO - [2023-09-20T23:12:36.426+0000] {dag.py:3696} INFO - Setting next_dagrun for example_nested_branch_dag to 2023-09-19T00:00:00+00:00, run_after=2023-09-20T00:00:00+00:00
[2023-09-20T23:12:36.464+0000] {processor.py:179} INFO - Processing /home/airflow/.local/lib/python3.8/site-packages/airflow/example_dags/example_nested_branch_dag.py took 0.136 seconds
[2023-09-20T23:13:07.274+0000] {processor.py:157} INFO - Started process (PID=222) to work on /home/airflow/.local/lib/python3.8/site-packages/airflow/example_dags/example_nested_branch_dag.py
[2023-09-20T23:13:07.275+0000] {processor.py:829} INFO - Processing file /home/airflow/.local/lib/python3.8/site-packages/airflow/example_dags/example_nested_branch_dag.py for tasks to queue
[2023-09-20T23:13:07.279+0000] {logging_mixin.py:151} INFO - [2023-09-20T23:13:07.279+0000] {dagbag.py:539} INFO - Filling up the DagBag from /home/airflow/.local/lib/python3.8/site-packages/airflow/example_dags/example_nested_branch_dag.py
[2023-09-20T23:13:07.293+0000] {processor.py:839} INFO - DAG(s) dict_keys(['example_nested_branch_dag']) retrieved from /home/airflow/.local/lib/python3.8/site-packages/airflow/example_dags/example_nested_branch_dag.py
[2023-09-20T23:13:07.325+0000] {logging_mixin.py:151} INFO - [2023-09-20T23:13:07.325+0000] {dag.py:2915} INFO - Sync 1 DAGs
[2023-09-20T23:13:07.362+0000] {logging_mixin.py:151} INFO - [2023-09-20T23:13:07.362+0000] {dag.py:3696} INFO - Setting next_dagrun for example_nested_branch_dag to 2023-09-19T00:00:00+00:00, run_after=2023-09-20T00:00:00+00:00
[2023-09-20T23:13:07.389+0000] {processor.py:179} INFO - Processing /home/airflow/.local/lib/python3.8/site-packages/airflow/example_dags/example_nested_branch_dag.py took 0.119 seconds
