[2023-09-20T22:15:29.440+0000] {processor.py:157} INFO - Started process (PID=52) to work on /home/airflow/.local/lib/python3.8/site-packages/airflow/example_dags/example_branch_day_of_week_operator.py
[2023-09-20T22:15:29.443+0000] {processor.py:829} INFO - Processing file /home/airflow/.local/lib/python3.8/site-packages/airflow/example_dags/example_branch_day_of_week_operator.py for tasks to queue
[2023-09-20T22:15:29.450+0000] {logging_mixin.py:151} INFO - [2023-09-20T22:15:29.449+0000] {dagbag.py:539} INFO - Filling up the DagBag from /home/airflow/.local/lib/python3.8/site-packages/airflow/example_dags/example_branch_day_of_week_operator.py
[2023-09-20T22:15:29.468+0000] {processor.py:839} INFO - DAG(s) dict_keys(['example_weekday_branch_operator']) retrieved from /home/airflow/.local/lib/python3.8/site-packages/airflow/example_dags/example_branch_day_of_week_operator.py
[2023-09-20T22:15:29.490+0000] {logging_mixin.py:151} INFO - [2023-09-20T22:15:29.490+0000] {dag.py:2915} INFO - Sync 1 DAGs
[2023-09-20T22:15:29.546+0000] {logging_mixin.py:151} INFO - [2023-09-20T22:15:29.546+0000] {dag.py:3696} INFO - Setting next_dagrun for example_weekday_branch_operator to 2023-09-19T00:00:00+00:00, run_after=2023-09-20T00:00:00+00:00
[2023-09-20T22:15:29.574+0000] {processor.py:179} INFO - Processing /home/airflow/.local/lib/python3.8/site-packages/airflow/example_dags/example_branch_day_of_week_operator.py took 0.142 seconds
[2023-09-20T22:16:00.094+0000] {processor.py:157} INFO - Started process (PID=106) to work on /home/airflow/.local/lib/python3.8/site-packages/airflow/example_dags/example_branch_day_of_week_operator.py
[2023-09-20T22:16:00.095+0000] {processor.py:829} INFO - Processing file /home/airflow/.local/lib/python3.8/site-packages/airflow/example_dags/example_branch_day_of_week_operator.py for tasks to queue
[2023-09-20T22:16:00.098+0000] {logging_mixin.py:151} INFO - [2023-09-20T22:16:00.098+0000] {dagbag.py:539} INFO - Filling up the DagBag from /home/airflow/.local/lib/python3.8/site-packages/airflow/example_dags/example_branch_day_of_week_operator.py
[2023-09-20T22:16:00.110+0000] {processor.py:839} INFO - DAG(s) dict_keys(['example_weekday_branch_operator']) retrieved from /home/airflow/.local/lib/python3.8/site-packages/airflow/example_dags/example_branch_day_of_week_operator.py
[2023-09-20T22:16:00.142+0000] {logging_mixin.py:151} INFO - [2023-09-20T22:16:00.142+0000] {dag.py:2915} INFO - Sync 1 DAGs
[2023-09-20T22:16:00.172+0000] {logging_mixin.py:151} INFO - [2023-09-20T22:16:00.172+0000] {dag.py:3696} INFO - Setting next_dagrun for example_weekday_branch_operator to 2023-09-19T00:00:00+00:00, run_after=2023-09-20T00:00:00+00:00
[2023-09-20T22:16:00.207+0000] {processor.py:179} INFO - Processing /home/airflow/.local/lib/python3.8/site-packages/airflow/example_dags/example_branch_day_of_week_operator.py took 0.119 seconds
[2023-09-20T22:16:30.816+0000] {processor.py:157} INFO - Started process (PID=160) to work on /home/airflow/.local/lib/python3.8/site-packages/airflow/example_dags/example_branch_day_of_week_operator.py
[2023-09-20T22:16:30.817+0000] {processor.py:829} INFO - Processing file /home/airflow/.local/lib/python3.8/site-packages/airflow/example_dags/example_branch_day_of_week_operator.py for tasks to queue
[2023-09-20T22:16:30.821+0000] {logging_mixin.py:151} INFO - [2023-09-20T22:16:30.820+0000] {dagbag.py:539} INFO - Filling up the DagBag from /home/airflow/.local/lib/python3.8/site-packages/airflow/example_dags/example_branch_day_of_week_operator.py
[2023-09-20T22:16:30.833+0000] {processor.py:839} INFO - DAG(s) dict_keys(['example_weekday_branch_operator']) retrieved from /home/airflow/.local/lib/python3.8/site-packages/airflow/example_dags/example_branch_day_of_week_operator.py
[2023-09-20T22:16:30.862+0000] {logging_mixin.py:151} INFO - [2023-09-20T22:16:30.861+0000] {dag.py:2915} INFO - Sync 1 DAGs
[2023-09-20T22:16:30.893+0000] {logging_mixin.py:151} INFO - [2023-09-20T22:16:30.893+0000] {dag.py:3696} INFO - Setting next_dagrun for example_weekday_branch_operator to 2023-09-19T00:00:00+00:00, run_after=2023-09-20T00:00:00+00:00
[2023-09-20T22:16:30.922+0000] {processor.py:179} INFO - Processing /home/airflow/.local/lib/python3.8/site-packages/airflow/example_dags/example_branch_day_of_week_operator.py took 0.111 seconds
[2023-09-20T22:17:02.110+0000] {processor.py:157} INFO - Started process (PID=214) to work on /home/airflow/.local/lib/python3.8/site-packages/airflow/example_dags/example_branch_day_of_week_operator.py
[2023-09-20T22:17:02.112+0000] {processor.py:829} INFO - Processing file /home/airflow/.local/lib/python3.8/site-packages/airflow/example_dags/example_branch_day_of_week_operator.py for tasks to queue
[2023-09-20T22:17:02.116+0000] {logging_mixin.py:151} INFO - [2023-09-20T22:17:02.115+0000] {dagbag.py:539} INFO - Filling up the DagBag from /home/airflow/.local/lib/python3.8/site-packages/airflow/example_dags/example_branch_day_of_week_operator.py
[2023-09-20T22:17:02.131+0000] {processor.py:839} INFO - DAG(s) dict_keys(['example_weekday_branch_operator']) retrieved from /home/airflow/.local/lib/python3.8/site-packages/airflow/example_dags/example_branch_day_of_week_operator.py
[2023-09-20T22:17:02.164+0000] {logging_mixin.py:151} INFO - [2023-09-20T22:17:02.164+0000] {dag.py:2915} INFO - Sync 1 DAGs
[2023-09-20T22:17:02.196+0000] {logging_mixin.py:151} INFO - [2023-09-20T22:17:02.196+0000] {dag.py:3696} INFO - Setting next_dagrun for example_weekday_branch_operator to 2023-09-19T00:00:00+00:00, run_after=2023-09-20T00:00:00+00:00
[2023-09-20T22:17:02.226+0000] {processor.py:179} INFO - Processing /home/airflow/.local/lib/python3.8/site-packages/airflow/example_dags/example_branch_day_of_week_operator.py took 0.123 seconds
[2023-09-20T22:25:00.777+0000] {processor.py:157} INFO - Started process (PID=52) to work on /home/airflow/.local/lib/python3.8/site-packages/airflow/example_dags/example_branch_day_of_week_operator.py
[2023-09-20T22:25:00.779+0000] {processor.py:829} INFO - Processing file /home/airflow/.local/lib/python3.8/site-packages/airflow/example_dags/example_branch_day_of_week_operator.py for tasks to queue
[2023-09-20T22:25:00.786+0000] {logging_mixin.py:151} INFO - [2023-09-20T22:25:00.785+0000] {dagbag.py:539} INFO - Filling up the DagBag from /home/airflow/.local/lib/python3.8/site-packages/airflow/example_dags/example_branch_day_of_week_operator.py
[2023-09-20T22:25:00.803+0000] {processor.py:839} INFO - DAG(s) dict_keys(['example_weekday_branch_operator']) retrieved from /home/airflow/.local/lib/python3.8/site-packages/airflow/example_dags/example_branch_day_of_week_operator.py
[2023-09-20T22:25:00.825+0000] {logging_mixin.py:151} INFO - [2023-09-20T22:25:00.825+0000] {dag.py:2915} INFO - Sync 1 DAGs
[2023-09-20T22:25:00.862+0000] {logging_mixin.py:151} INFO - [2023-09-20T22:25:00.862+0000] {dag.py:3696} INFO - Setting next_dagrun for example_weekday_branch_operator to 2023-09-19T00:00:00+00:00, run_after=2023-09-20T00:00:00+00:00
[2023-09-20T22:25:00.908+0000] {processor.py:179} INFO - Processing /home/airflow/.local/lib/python3.8/site-packages/airflow/example_dags/example_branch_day_of_week_operator.py took 0.136 seconds
[2023-09-20T22:25:31.463+0000] {processor.py:157} INFO - Started process (PID=107) to work on /home/airflow/.local/lib/python3.8/site-packages/airflow/example_dags/example_branch_day_of_week_operator.py
[2023-09-20T22:25:31.464+0000] {processor.py:829} INFO - Processing file /home/airflow/.local/lib/python3.8/site-packages/airflow/example_dags/example_branch_day_of_week_operator.py for tasks to queue
[2023-09-20T22:25:31.468+0000] {logging_mixin.py:151} INFO - [2023-09-20T22:25:31.467+0000] {dagbag.py:539} INFO - Filling up the DagBag from /home/airflow/.local/lib/python3.8/site-packages/airflow/example_dags/example_branch_day_of_week_operator.py
[2023-09-20T22:25:31.479+0000] {processor.py:839} INFO - DAG(s) dict_keys(['example_weekday_branch_operator']) retrieved from /home/airflow/.local/lib/python3.8/site-packages/airflow/example_dags/example_branch_day_of_week_operator.py
[2023-09-20T22:25:31.508+0000] {logging_mixin.py:151} INFO - [2023-09-20T22:25:31.508+0000] {dag.py:2915} INFO - Sync 1 DAGs
[2023-09-20T22:25:31.542+0000] {logging_mixin.py:151} INFO - [2023-09-20T22:25:31.541+0000] {dag.py:3696} INFO - Setting next_dagrun for example_weekday_branch_operator to 2023-09-19T00:00:00+00:00, run_after=2023-09-20T00:00:00+00:00
[2023-09-20T22:25:31.578+0000] {processor.py:179} INFO - Processing /home/airflow/.local/lib/python3.8/site-packages/airflow/example_dags/example_branch_day_of_week_operator.py took 0.120 seconds
[2023-09-20T22:26:02.651+0000] {processor.py:157} INFO - Started process (PID=162) to work on /home/airflow/.local/lib/python3.8/site-packages/airflow/example_dags/example_branch_day_of_week_operator.py
[2023-09-20T22:26:02.652+0000] {processor.py:829} INFO - Processing file /home/airflow/.local/lib/python3.8/site-packages/airflow/example_dags/example_branch_day_of_week_operator.py for tasks to queue
[2023-09-20T22:26:02.657+0000] {logging_mixin.py:151} INFO - [2023-09-20T22:26:02.656+0000] {dagbag.py:539} INFO - Filling up the DagBag from /home/airflow/.local/lib/python3.8/site-packages/airflow/example_dags/example_branch_day_of_week_operator.py
[2023-09-20T22:26:02.669+0000] {processor.py:839} INFO - DAG(s) dict_keys(['example_weekday_branch_operator']) retrieved from /home/airflow/.local/lib/python3.8/site-packages/airflow/example_dags/example_branch_day_of_week_operator.py
[2023-09-20T22:26:02.703+0000] {logging_mixin.py:151} INFO - [2023-09-20T22:26:02.703+0000] {dag.py:2915} INFO - Sync 1 DAGs
[2023-09-20T22:26:02.740+0000] {logging_mixin.py:151} INFO - [2023-09-20T22:26:02.740+0000] {dag.py:3696} INFO - Setting next_dagrun for example_weekday_branch_operator to 2023-09-19T00:00:00+00:00, run_after=2023-09-20T00:00:00+00:00
[2023-09-20T22:26:02.774+0000] {processor.py:179} INFO - Processing /home/airflow/.local/lib/python3.8/site-packages/airflow/example_dags/example_branch_day_of_week_operator.py took 0.130 seconds
[2023-09-20T22:26:33.437+0000] {processor.py:157} INFO - Started process (PID=217) to work on /home/airflow/.local/lib/python3.8/site-packages/airflow/example_dags/example_branch_day_of_week_operator.py
[2023-09-20T22:26:33.439+0000] {processor.py:829} INFO - Processing file /home/airflow/.local/lib/python3.8/site-packages/airflow/example_dags/example_branch_day_of_week_operator.py for tasks to queue
[2023-09-20T22:26:33.444+0000] {logging_mixin.py:151} INFO - [2023-09-20T22:26:33.444+0000] {dagbag.py:539} INFO - Filling up the DagBag from /home/airflow/.local/lib/python3.8/site-packages/airflow/example_dags/example_branch_day_of_week_operator.py
[2023-09-20T22:26:33.455+0000] {processor.py:839} INFO - DAG(s) dict_keys(['example_weekday_branch_operator']) retrieved from /home/airflow/.local/lib/python3.8/site-packages/airflow/example_dags/example_branch_day_of_week_operator.py
[2023-09-20T22:26:33.489+0000] {logging_mixin.py:151} INFO - [2023-09-20T22:26:33.489+0000] {dag.py:2915} INFO - Sync 1 DAGs
[2023-09-20T22:26:33.519+0000] {logging_mixin.py:151} INFO - [2023-09-20T22:26:33.519+0000] {dag.py:3696} INFO - Setting next_dagrun for example_weekday_branch_operator to 2023-09-19T00:00:00+00:00, run_after=2023-09-20T00:00:00+00:00
[2023-09-20T22:26:33.556+0000] {processor.py:179} INFO - Processing /home/airflow/.local/lib/python3.8/site-packages/airflow/example_dags/example_branch_day_of_week_operator.py took 0.126 seconds
[2023-09-20T22:27:04.404+0000] {processor.py:157} INFO - Started process (PID=271) to work on /home/airflow/.local/lib/python3.8/site-packages/airflow/example_dags/example_branch_day_of_week_operator.py
[2023-09-20T22:27:04.406+0000] {processor.py:829} INFO - Processing file /home/airflow/.local/lib/python3.8/site-packages/airflow/example_dags/example_branch_day_of_week_operator.py for tasks to queue
[2023-09-20T22:27:04.409+0000] {logging_mixin.py:151} INFO - [2023-09-20T22:27:04.409+0000] {dagbag.py:539} INFO - Filling up the DagBag from /home/airflow/.local/lib/python3.8/site-packages/airflow/example_dags/example_branch_day_of_week_operator.py
[2023-09-20T22:27:04.420+0000] {processor.py:839} INFO - DAG(s) dict_keys(['example_weekday_branch_operator']) retrieved from /home/airflow/.local/lib/python3.8/site-packages/airflow/example_dags/example_branch_day_of_week_operator.py
[2023-09-20T22:27:04.449+0000] {logging_mixin.py:151} INFO - [2023-09-20T22:27:04.449+0000] {dag.py:2915} INFO - Sync 1 DAGs
[2023-09-20T22:27:04.481+0000] {logging_mixin.py:151} INFO - [2023-09-20T22:27:04.481+0000] {dag.py:3696} INFO - Setting next_dagrun for example_weekday_branch_operator to 2023-09-19T00:00:00+00:00, run_after=2023-09-20T00:00:00+00:00
[2023-09-20T22:27:04.524+0000] {processor.py:179} INFO - Processing /home/airflow/.local/lib/python3.8/site-packages/airflow/example_dags/example_branch_day_of_week_operator.py took 0.125 seconds
[2023-09-20T22:27:34.981+0000] {processor.py:157} INFO - Started process (PID=326) to work on /home/airflow/.local/lib/python3.8/site-packages/airflow/example_dags/example_branch_day_of_week_operator.py
[2023-09-20T22:27:34.982+0000] {processor.py:829} INFO - Processing file /home/airflow/.local/lib/python3.8/site-packages/airflow/example_dags/example_branch_day_of_week_operator.py for tasks to queue
[2023-09-20T22:27:34.986+0000] {logging_mixin.py:151} INFO - [2023-09-20T22:27:34.986+0000] {dagbag.py:539} INFO - Filling up the DagBag from /home/airflow/.local/lib/python3.8/site-packages/airflow/example_dags/example_branch_day_of_week_operator.py
[2023-09-20T22:27:34.998+0000] {processor.py:839} INFO - DAG(s) dict_keys(['example_weekday_branch_operator']) retrieved from /home/airflow/.local/lib/python3.8/site-packages/airflow/example_dags/example_branch_day_of_week_operator.py
[2023-09-20T22:27:35.029+0000] {logging_mixin.py:151} INFO - [2023-09-20T22:27:35.029+0000] {dag.py:2915} INFO - Sync 1 DAGs
[2023-09-20T22:27:35.063+0000] {logging_mixin.py:151} INFO - [2023-09-20T22:27:35.062+0000] {dag.py:3696} INFO - Setting next_dagrun for example_weekday_branch_operator to 2023-09-19T00:00:00+00:00, run_after=2023-09-20T00:00:00+00:00
[2023-09-20T22:27:35.095+0000] {processor.py:179} INFO - Processing /home/airflow/.local/lib/python3.8/site-packages/airflow/example_dags/example_branch_day_of_week_operator.py took 0.120 seconds
[2023-09-20T22:28:05.288+0000] {processor.py:157} INFO - Started process (PID=382) to work on /home/airflow/.local/lib/python3.8/site-packages/airflow/example_dags/example_branch_day_of_week_operator.py
[2023-09-20T22:28:05.290+0000] {processor.py:829} INFO - Processing file /home/airflow/.local/lib/python3.8/site-packages/airflow/example_dags/example_branch_day_of_week_operator.py for tasks to queue
[2023-09-20T22:28:05.293+0000] {logging_mixin.py:151} INFO - [2023-09-20T22:28:05.292+0000] {dagbag.py:539} INFO - Filling up the DagBag from /home/airflow/.local/lib/python3.8/site-packages/airflow/example_dags/example_branch_day_of_week_operator.py
[2023-09-20T22:28:05.304+0000] {processor.py:839} INFO - DAG(s) dict_keys(['example_weekday_branch_operator']) retrieved from /home/airflow/.local/lib/python3.8/site-packages/airflow/example_dags/example_branch_day_of_week_operator.py
[2023-09-20T22:28:05.334+0000] {logging_mixin.py:151} INFO - [2023-09-20T22:28:05.334+0000] {dag.py:2915} INFO - Sync 1 DAGs
[2023-09-20T22:28:05.364+0000] {logging_mixin.py:151} INFO - [2023-09-20T22:28:05.364+0000] {dag.py:3696} INFO - Setting next_dagrun for example_weekday_branch_operator to 2023-09-19T00:00:00+00:00, run_after=2023-09-20T00:00:00+00:00
[2023-09-20T22:28:05.397+0000] {processor.py:179} INFO - Processing /home/airflow/.local/lib/python3.8/site-packages/airflow/example_dags/example_branch_day_of_week_operator.py took 0.114 seconds
[2023-09-20T22:28:35.708+0000] {processor.py:157} INFO - Started process (PID=437) to work on /home/airflow/.local/lib/python3.8/site-packages/airflow/example_dags/example_branch_day_of_week_operator.py
[2023-09-20T22:28:35.710+0000] {processor.py:829} INFO - Processing file /home/airflow/.local/lib/python3.8/site-packages/airflow/example_dags/example_branch_day_of_week_operator.py for tasks to queue
[2023-09-20T22:28:35.713+0000] {logging_mixin.py:151} INFO - [2023-09-20T22:28:35.713+0000] {dagbag.py:539} INFO - Filling up the DagBag from /home/airflow/.local/lib/python3.8/site-packages/airflow/example_dags/example_branch_day_of_week_operator.py
[2023-09-20T22:28:35.728+0000] {processor.py:839} INFO - DAG(s) dict_keys(['example_weekday_branch_operator']) retrieved from /home/airflow/.local/lib/python3.8/site-packages/airflow/example_dags/example_branch_day_of_week_operator.py
[2023-09-20T22:28:35.763+0000] {logging_mixin.py:151} INFO - [2023-09-20T22:28:35.763+0000] {dag.py:2915} INFO - Sync 1 DAGs
[2023-09-20T22:28:35.797+0000] {logging_mixin.py:151} INFO - [2023-09-20T22:28:35.797+0000] {dag.py:3696} INFO - Setting next_dagrun for example_weekday_branch_operator to 2023-09-19T00:00:00+00:00, run_after=2023-09-20T00:00:00+00:00
[2023-09-20T22:28:35.845+0000] {processor.py:179} INFO - Processing /home/airflow/.local/lib/python3.8/site-packages/airflow/example_dags/example_branch_day_of_week_operator.py took 0.144 seconds
[2023-09-20T22:29:06.707+0000] {processor.py:157} INFO - Started process (PID=492) to work on /home/airflow/.local/lib/python3.8/site-packages/airflow/example_dags/example_branch_day_of_week_operator.py
[2023-09-20T22:29:06.709+0000] {processor.py:829} INFO - Processing file /home/airflow/.local/lib/python3.8/site-packages/airflow/example_dags/example_branch_day_of_week_operator.py for tasks to queue
[2023-09-20T22:29:06.713+0000] {logging_mixin.py:151} INFO - [2023-09-20T22:29:06.712+0000] {dagbag.py:539} INFO - Filling up the DagBag from /home/airflow/.local/lib/python3.8/site-packages/airflow/example_dags/example_branch_day_of_week_operator.py
[2023-09-20T22:29:06.724+0000] {processor.py:839} INFO - DAG(s) dict_keys(['example_weekday_branch_operator']) retrieved from /home/airflow/.local/lib/python3.8/site-packages/airflow/example_dags/example_branch_day_of_week_operator.py
[2023-09-20T22:29:06.751+0000] {logging_mixin.py:151} INFO - [2023-09-20T22:29:06.751+0000] {dag.py:2915} INFO - Sync 1 DAGs
[2023-09-20T22:29:06.789+0000] {logging_mixin.py:151} INFO - [2023-09-20T22:29:06.789+0000] {dag.py:3696} INFO - Setting next_dagrun for example_weekday_branch_operator to 2023-09-19T00:00:00+00:00, run_after=2023-09-20T00:00:00+00:00
[2023-09-20T22:29:06.824+0000] {processor.py:179} INFO - Processing /home/airflow/.local/lib/python3.8/site-packages/airflow/example_dags/example_branch_day_of_week_operator.py took 0.123 seconds
[2023-09-20T22:29:37.322+0000] {processor.py:157} INFO - Started process (PID=547) to work on /home/airflow/.local/lib/python3.8/site-packages/airflow/example_dags/example_branch_day_of_week_operator.py
[2023-09-20T22:29:37.324+0000] {processor.py:829} INFO - Processing file /home/airflow/.local/lib/python3.8/site-packages/airflow/example_dags/example_branch_day_of_week_operator.py for tasks to queue
[2023-09-20T22:29:37.330+0000] {logging_mixin.py:151} INFO - [2023-09-20T22:29:37.329+0000] {dagbag.py:539} INFO - Filling up the DagBag from /home/airflow/.local/lib/python3.8/site-packages/airflow/example_dags/example_branch_day_of_week_operator.py
[2023-09-20T22:29:37.341+0000] {processor.py:839} INFO - DAG(s) dict_keys(['example_weekday_branch_operator']) retrieved from /home/airflow/.local/lib/python3.8/site-packages/airflow/example_dags/example_branch_day_of_week_operator.py
[2023-09-20T22:29:37.373+0000] {logging_mixin.py:151} INFO - [2023-09-20T22:29:37.373+0000] {dag.py:2915} INFO - Sync 1 DAGs
[2023-09-20T22:29:37.404+0000] {logging_mixin.py:151} INFO - [2023-09-20T22:29:37.404+0000] {dag.py:3696} INFO - Setting next_dagrun for example_weekday_branch_operator to 2023-09-19T00:00:00+00:00, run_after=2023-09-20T00:00:00+00:00
[2023-09-20T22:29:37.646+0000] {processor.py:179} INFO - Processing /home/airflow/.local/lib/python3.8/site-packages/airflow/example_dags/example_branch_day_of_week_operator.py took 0.330 seconds
[2023-09-20T22:30:07.820+0000] {processor.py:157} INFO - Started process (PID=602) to work on /home/airflow/.local/lib/python3.8/site-packages/airflow/example_dags/example_branch_day_of_week_operator.py
[2023-09-20T22:30:07.822+0000] {processor.py:829} INFO - Processing file /home/airflow/.local/lib/python3.8/site-packages/airflow/example_dags/example_branch_day_of_week_operator.py for tasks to queue
[2023-09-20T22:30:07.825+0000] {logging_mixin.py:151} INFO - [2023-09-20T22:30:07.825+0000] {dagbag.py:539} INFO - Filling up the DagBag from /home/airflow/.local/lib/python3.8/site-packages/airflow/example_dags/example_branch_day_of_week_operator.py
[2023-09-20T22:30:07.836+0000] {processor.py:839} INFO - DAG(s) dict_keys(['example_weekday_branch_operator']) retrieved from /home/airflow/.local/lib/python3.8/site-packages/airflow/example_dags/example_branch_day_of_week_operator.py
[2023-09-20T22:30:07.865+0000] {logging_mixin.py:151} INFO - [2023-09-20T22:30:07.864+0000] {dag.py:2915} INFO - Sync 1 DAGs
[2023-09-20T22:30:07.905+0000] {logging_mixin.py:151} INFO - [2023-09-20T22:30:07.905+0000] {dag.py:3696} INFO - Setting next_dagrun for example_weekday_branch_operator to 2023-09-19T00:00:00+00:00, run_after=2023-09-20T00:00:00+00:00
[2023-09-20T22:30:07.950+0000] {processor.py:179} INFO - Processing /home/airflow/.local/lib/python3.8/site-packages/airflow/example_dags/example_branch_day_of_week_operator.py took 0.135 seconds
[2023-09-20T22:30:38.654+0000] {processor.py:157} INFO - Started process (PID=657) to work on /home/airflow/.local/lib/python3.8/site-packages/airflow/example_dags/example_branch_day_of_week_operator.py
[2023-09-20T22:30:38.655+0000] {processor.py:829} INFO - Processing file /home/airflow/.local/lib/python3.8/site-packages/airflow/example_dags/example_branch_day_of_week_operator.py for tasks to queue
[2023-09-20T22:30:38.659+0000] {logging_mixin.py:151} INFO - [2023-09-20T22:30:38.658+0000] {dagbag.py:539} INFO - Filling up the DagBag from /home/airflow/.local/lib/python3.8/site-packages/airflow/example_dags/example_branch_day_of_week_operator.py
[2023-09-20T22:30:38.669+0000] {processor.py:839} INFO - DAG(s) dict_keys(['example_weekday_branch_operator']) retrieved from /home/airflow/.local/lib/python3.8/site-packages/airflow/example_dags/example_branch_day_of_week_operator.py
[2023-09-20T22:30:38.697+0000] {logging_mixin.py:151} INFO - [2023-09-20T22:30:38.697+0000] {dag.py:2915} INFO - Sync 1 DAGs
[2023-09-20T22:30:38.740+0000] {logging_mixin.py:151} INFO - [2023-09-20T22:30:38.740+0000] {dag.py:3696} INFO - Setting next_dagrun for example_weekday_branch_operator to 2023-09-19T00:00:00+00:00, run_after=2023-09-20T00:00:00+00:00
[2023-09-20T22:30:38.772+0000] {processor.py:179} INFO - Processing /home/airflow/.local/lib/python3.8/site-packages/airflow/example_dags/example_branch_day_of_week_operator.py took 0.123 seconds
[2023-09-20T22:31:09.601+0000] {processor.py:157} INFO - Started process (PID=712) to work on /home/airflow/.local/lib/python3.8/site-packages/airflow/example_dags/example_branch_day_of_week_operator.py
[2023-09-20T22:31:09.602+0000] {processor.py:829} INFO - Processing file /home/airflow/.local/lib/python3.8/site-packages/airflow/example_dags/example_branch_day_of_week_operator.py for tasks to queue
[2023-09-20T22:31:09.606+0000] {logging_mixin.py:151} INFO - [2023-09-20T22:31:09.606+0000] {dagbag.py:539} INFO - Filling up the DagBag from /home/airflow/.local/lib/python3.8/site-packages/airflow/example_dags/example_branch_day_of_week_operator.py
[2023-09-20T22:31:09.617+0000] {processor.py:839} INFO - DAG(s) dict_keys(['example_weekday_branch_operator']) retrieved from /home/airflow/.local/lib/python3.8/site-packages/airflow/example_dags/example_branch_day_of_week_operator.py
[2023-09-20T22:31:09.647+0000] {logging_mixin.py:151} INFO - [2023-09-20T22:31:09.646+0000] {dag.py:2915} INFO - Sync 1 DAGs
[2023-09-20T22:31:09.677+0000] {logging_mixin.py:151} INFO - [2023-09-20T22:31:09.676+0000] {dag.py:3696} INFO - Setting next_dagrun for example_weekday_branch_operator to 2023-09-19T00:00:00+00:00, run_after=2023-09-20T00:00:00+00:00
[2023-09-20T22:31:09.707+0000] {processor.py:179} INFO - Processing /home/airflow/.local/lib/python3.8/site-packages/airflow/example_dags/example_branch_day_of_week_operator.py took 0.111 seconds
[2023-09-20T22:31:41.051+0000] {processor.py:157} INFO - Started process (PID=768) to work on /home/airflow/.local/lib/python3.8/site-packages/airflow/example_dags/example_branch_day_of_week_operator.py
[2023-09-20T22:31:41.053+0000] {processor.py:829} INFO - Processing file /home/airflow/.local/lib/python3.8/site-packages/airflow/example_dags/example_branch_day_of_week_operator.py for tasks to queue
[2023-09-20T22:31:41.057+0000] {logging_mixin.py:151} INFO - [2023-09-20T22:31:41.057+0000] {dagbag.py:539} INFO - Filling up the DagBag from /home/airflow/.local/lib/python3.8/site-packages/airflow/example_dags/example_branch_day_of_week_operator.py
[2023-09-20T22:31:41.070+0000] {processor.py:839} INFO - DAG(s) dict_keys(['example_weekday_branch_operator']) retrieved from /home/airflow/.local/lib/python3.8/site-packages/airflow/example_dags/example_branch_day_of_week_operator.py
[2023-09-20T22:31:41.102+0000] {logging_mixin.py:151} INFO - [2023-09-20T22:31:41.102+0000] {dag.py:2915} INFO - Sync 1 DAGs
[2023-09-20T22:31:41.133+0000] {logging_mixin.py:151} INFO - [2023-09-20T22:31:41.133+0000] {dag.py:3696} INFO - Setting next_dagrun for example_weekday_branch_operator to 2023-09-19T00:00:00+00:00, run_after=2023-09-20T00:00:00+00:00
[2023-09-20T22:31:41.161+0000] {processor.py:179} INFO - Processing /home/airflow/.local/lib/python3.8/site-packages/airflow/example_dags/example_branch_day_of_week_operator.py took 0.115 seconds
[2023-09-20T22:32:11.427+0000] {processor.py:157} INFO - Started process (PID=823) to work on /home/airflow/.local/lib/python3.8/site-packages/airflow/example_dags/example_branch_day_of_week_operator.py
[2023-09-20T22:32:11.428+0000] {processor.py:829} INFO - Processing file /home/airflow/.local/lib/python3.8/site-packages/airflow/example_dags/example_branch_day_of_week_operator.py for tasks to queue
[2023-09-20T22:32:11.431+0000] {logging_mixin.py:151} INFO - [2023-09-20T22:32:11.431+0000] {dagbag.py:539} INFO - Filling up the DagBag from /home/airflow/.local/lib/python3.8/site-packages/airflow/example_dags/example_branch_day_of_week_operator.py
[2023-09-20T22:32:11.442+0000] {processor.py:839} INFO - DAG(s) dict_keys(['example_weekday_branch_operator']) retrieved from /home/airflow/.local/lib/python3.8/site-packages/airflow/example_dags/example_branch_day_of_week_operator.py
[2023-09-20T22:32:11.470+0000] {logging_mixin.py:151} INFO - [2023-09-20T22:32:11.470+0000] {dag.py:2915} INFO - Sync 1 DAGs
[2023-09-20T22:32:11.503+0000] {logging_mixin.py:151} INFO - [2023-09-20T22:32:11.502+0000] {dag.py:3696} INFO - Setting next_dagrun for example_weekday_branch_operator to 2023-09-19T00:00:00+00:00, run_after=2023-09-20T00:00:00+00:00
[2023-09-20T22:32:11.531+0000] {processor.py:179} INFO - Processing /home/airflow/.local/lib/python3.8/site-packages/airflow/example_dags/example_branch_day_of_week_operator.py took 0.108 seconds
[2023-09-20T22:32:42.358+0000] {processor.py:157} INFO - Started process (PID=878) to work on /home/airflow/.local/lib/python3.8/site-packages/airflow/example_dags/example_branch_day_of_week_operator.py
[2023-09-20T22:32:42.360+0000] {processor.py:829} INFO - Processing file /home/airflow/.local/lib/python3.8/site-packages/airflow/example_dags/example_branch_day_of_week_operator.py for tasks to queue
[2023-09-20T22:32:42.363+0000] {logging_mixin.py:151} INFO - [2023-09-20T22:32:42.363+0000] {dagbag.py:539} INFO - Filling up the DagBag from /home/airflow/.local/lib/python3.8/site-packages/airflow/example_dags/example_branch_day_of_week_operator.py
[2023-09-20T22:32:42.375+0000] {processor.py:839} INFO - DAG(s) dict_keys(['example_weekday_branch_operator']) retrieved from /home/airflow/.local/lib/python3.8/site-packages/airflow/example_dags/example_branch_day_of_week_operator.py
[2023-09-20T22:32:42.407+0000] {logging_mixin.py:151} INFO - [2023-09-20T22:32:42.407+0000] {dag.py:2915} INFO - Sync 1 DAGs
[2023-09-20T22:32:42.437+0000] {logging_mixin.py:151} INFO - [2023-09-20T22:32:42.437+0000] {dag.py:3696} INFO - Setting next_dagrun for example_weekday_branch_operator to 2023-09-19T00:00:00+00:00, run_after=2023-09-20T00:00:00+00:00
[2023-09-20T22:32:42.469+0000] {processor.py:179} INFO - Processing /home/airflow/.local/lib/python3.8/site-packages/airflow/example_dags/example_branch_day_of_week_operator.py took 0.116 seconds
[2023-09-20T22:33:13.249+0000] {processor.py:157} INFO - Started process (PID=933) to work on /home/airflow/.local/lib/python3.8/site-packages/airflow/example_dags/example_branch_day_of_week_operator.py
[2023-09-20T22:33:13.251+0000] {processor.py:829} INFO - Processing file /home/airflow/.local/lib/python3.8/site-packages/airflow/example_dags/example_branch_day_of_week_operator.py for tasks to queue
[2023-09-20T22:33:13.254+0000] {logging_mixin.py:151} INFO - [2023-09-20T22:33:13.254+0000] {dagbag.py:539} INFO - Filling up the DagBag from /home/airflow/.local/lib/python3.8/site-packages/airflow/example_dags/example_branch_day_of_week_operator.py
[2023-09-20T22:33:13.265+0000] {processor.py:839} INFO - DAG(s) dict_keys(['example_weekday_branch_operator']) retrieved from /home/airflow/.local/lib/python3.8/site-packages/airflow/example_dags/example_branch_day_of_week_operator.py
[2023-09-20T22:33:13.309+0000] {logging_mixin.py:151} INFO - [2023-09-20T22:33:13.309+0000] {dag.py:2915} INFO - Sync 1 DAGs
[2023-09-20T22:33:13.353+0000] {logging_mixin.py:151} INFO - [2023-09-20T22:33:13.353+0000] {dag.py:3696} INFO - Setting next_dagrun for example_weekday_branch_operator to 2023-09-19T00:00:00+00:00, run_after=2023-09-20T00:00:00+00:00
[2023-09-20T22:33:13.389+0000] {processor.py:179} INFO - Processing /home/airflow/.local/lib/python3.8/site-packages/airflow/example_dags/example_branch_day_of_week_operator.py took 0.145 seconds
[2023-09-20T22:33:43.996+0000] {processor.py:157} INFO - Started process (PID=988) to work on /home/airflow/.local/lib/python3.8/site-packages/airflow/example_dags/example_branch_day_of_week_operator.py
[2023-09-20T22:33:43.999+0000] {processor.py:829} INFO - Processing file /home/airflow/.local/lib/python3.8/site-packages/airflow/example_dags/example_branch_day_of_week_operator.py for tasks to queue
[2023-09-20T22:33:44.004+0000] {logging_mixin.py:151} INFO - [2023-09-20T22:33:44.004+0000] {dagbag.py:539} INFO - Filling up the DagBag from /home/airflow/.local/lib/python3.8/site-packages/airflow/example_dags/example_branch_day_of_week_operator.py
[2023-09-20T22:33:44.022+0000] {processor.py:839} INFO - DAG(s) dict_keys(['example_weekday_branch_operator']) retrieved from /home/airflow/.local/lib/python3.8/site-packages/airflow/example_dags/example_branch_day_of_week_operator.py
[2023-09-20T22:33:44.070+0000] {logging_mixin.py:151} INFO - [2023-09-20T22:33:44.070+0000] {dag.py:2915} INFO - Sync 1 DAGs
[2023-09-20T22:33:44.112+0000] {logging_mixin.py:151} INFO - [2023-09-20T22:33:44.112+0000] {dag.py:3696} INFO - Setting next_dagrun for example_weekday_branch_operator to 2023-09-19T00:00:00+00:00, run_after=2023-09-20T00:00:00+00:00
[2023-09-20T22:33:44.146+0000] {processor.py:179} INFO - Processing /home/airflow/.local/lib/python3.8/site-packages/airflow/example_dags/example_branch_day_of_week_operator.py took 0.160 seconds
[2023-09-20T22:34:14.417+0000] {processor.py:157} INFO - Started process (PID=1043) to work on /home/airflow/.local/lib/python3.8/site-packages/airflow/example_dags/example_branch_day_of_week_operator.py
[2023-09-20T22:34:14.418+0000] {processor.py:829} INFO - Processing file /home/airflow/.local/lib/python3.8/site-packages/airflow/example_dags/example_branch_day_of_week_operator.py for tasks to queue
[2023-09-20T22:34:14.421+0000] {logging_mixin.py:151} INFO - [2023-09-20T22:34:14.420+0000] {dagbag.py:539} INFO - Filling up the DagBag from /home/airflow/.local/lib/python3.8/site-packages/airflow/example_dags/example_branch_day_of_week_operator.py
[2023-09-20T22:34:14.431+0000] {processor.py:839} INFO - DAG(s) dict_keys(['example_weekday_branch_operator']) retrieved from /home/airflow/.local/lib/python3.8/site-packages/airflow/example_dags/example_branch_day_of_week_operator.py
[2023-09-20T22:34:14.458+0000] {logging_mixin.py:151} INFO - [2023-09-20T22:34:14.458+0000] {dag.py:2915} INFO - Sync 1 DAGs
[2023-09-20T22:34:14.490+0000] {logging_mixin.py:151} INFO - [2023-09-20T22:34:14.490+0000] {dag.py:3696} INFO - Setting next_dagrun for example_weekday_branch_operator to 2023-09-19T00:00:00+00:00, run_after=2023-09-20T00:00:00+00:00
[2023-09-20T22:34:14.521+0000] {processor.py:179} INFO - Processing /home/airflow/.local/lib/python3.8/site-packages/airflow/example_dags/example_branch_day_of_week_operator.py took 0.109 seconds
[2023-09-20T22:34:45.442+0000] {processor.py:157} INFO - Started process (PID=1098) to work on /home/airflow/.local/lib/python3.8/site-packages/airflow/example_dags/example_branch_day_of_week_operator.py
[2023-09-20T22:34:45.444+0000] {processor.py:829} INFO - Processing file /home/airflow/.local/lib/python3.8/site-packages/airflow/example_dags/example_branch_day_of_week_operator.py for tasks to queue
[2023-09-20T22:34:45.447+0000] {logging_mixin.py:151} INFO - [2023-09-20T22:34:45.446+0000] {dagbag.py:539} INFO - Filling up the DagBag from /home/airflow/.local/lib/python3.8/site-packages/airflow/example_dags/example_branch_day_of_week_operator.py
[2023-09-20T22:34:45.457+0000] {processor.py:839} INFO - DAG(s) dict_keys(['example_weekday_branch_operator']) retrieved from /home/airflow/.local/lib/python3.8/site-packages/airflow/example_dags/example_branch_day_of_week_operator.py
[2023-09-20T22:34:45.485+0000] {logging_mixin.py:151} INFO - [2023-09-20T22:34:45.484+0000] {dag.py:2915} INFO - Sync 1 DAGs
[2023-09-20T22:34:45.515+0000] {logging_mixin.py:151} INFO - [2023-09-20T22:34:45.515+0000] {dag.py:3696} INFO - Setting next_dagrun for example_weekday_branch_operator to 2023-09-19T00:00:00+00:00, run_after=2023-09-20T00:00:00+00:00
[2023-09-20T22:34:45.551+0000] {processor.py:179} INFO - Processing /home/airflow/.local/lib/python3.8/site-packages/airflow/example_dags/example_branch_day_of_week_operator.py took 0.114 seconds
[2023-09-20T22:35:16.037+0000] {processor.py:157} INFO - Started process (PID=1153) to work on /home/airflow/.local/lib/python3.8/site-packages/airflow/example_dags/example_branch_day_of_week_operator.py
[2023-09-20T22:35:16.038+0000] {processor.py:829} INFO - Processing file /home/airflow/.local/lib/python3.8/site-packages/airflow/example_dags/example_branch_day_of_week_operator.py for tasks to queue
[2023-09-20T22:35:16.041+0000] {logging_mixin.py:151} INFO - [2023-09-20T22:35:16.041+0000] {dagbag.py:539} INFO - Filling up the DagBag from /home/airflow/.local/lib/python3.8/site-packages/airflow/example_dags/example_branch_day_of_week_operator.py
[2023-09-20T22:35:16.051+0000] {processor.py:839} INFO - DAG(s) dict_keys(['example_weekday_branch_operator']) retrieved from /home/airflow/.local/lib/python3.8/site-packages/airflow/example_dags/example_branch_day_of_week_operator.py
[2023-09-20T22:35:16.079+0000] {logging_mixin.py:151} INFO - [2023-09-20T22:35:16.079+0000] {dag.py:2915} INFO - Sync 1 DAGs
[2023-09-20T22:35:16.111+0000] {logging_mixin.py:151} INFO - [2023-09-20T22:35:16.111+0000] {dag.py:3696} INFO - Setting next_dagrun for example_weekday_branch_operator to 2023-09-19T00:00:00+00:00, run_after=2023-09-20T00:00:00+00:00
[2023-09-20T22:35:16.146+0000] {processor.py:179} INFO - Processing /home/airflow/.local/lib/python3.8/site-packages/airflow/example_dags/example_branch_day_of_week_operator.py took 0.113 seconds
[2023-09-20T22:35:46.575+0000] {processor.py:157} INFO - Started process (PID=1208) to work on /home/airflow/.local/lib/python3.8/site-packages/airflow/example_dags/example_branch_day_of_week_operator.py
[2023-09-20T22:35:46.577+0000] {processor.py:829} INFO - Processing file /home/airflow/.local/lib/python3.8/site-packages/airflow/example_dags/example_branch_day_of_week_operator.py for tasks to queue
[2023-09-20T22:35:46.580+0000] {logging_mixin.py:151} INFO - [2023-09-20T22:35:46.580+0000] {dagbag.py:539} INFO - Filling up the DagBag from /home/airflow/.local/lib/python3.8/site-packages/airflow/example_dags/example_branch_day_of_week_operator.py
[2023-09-20T22:35:46.591+0000] {processor.py:839} INFO - DAG(s) dict_keys(['example_weekday_branch_operator']) retrieved from /home/airflow/.local/lib/python3.8/site-packages/airflow/example_dags/example_branch_day_of_week_operator.py
[2023-09-20T22:35:46.619+0000] {logging_mixin.py:151} INFO - [2023-09-20T22:35:46.619+0000] {dag.py:2915} INFO - Sync 1 DAGs
[2023-09-20T22:35:46.651+0000] {logging_mixin.py:151} INFO - [2023-09-20T22:35:46.650+0000] {dag.py:3696} INFO - Setting next_dagrun for example_weekday_branch_operator to 2023-09-19T00:00:00+00:00, run_after=2023-09-20T00:00:00+00:00
[2023-09-20T22:35:46.683+0000] {processor.py:179} INFO - Processing /home/airflow/.local/lib/python3.8/site-packages/airflow/example_dags/example_branch_day_of_week_operator.py took 0.112 seconds
[2023-09-20T22:36:17.071+0000] {processor.py:157} INFO - Started process (PID=1263) to work on /home/airflow/.local/lib/python3.8/site-packages/airflow/example_dags/example_branch_day_of_week_operator.py
[2023-09-20T22:36:17.073+0000] {processor.py:829} INFO - Processing file /home/airflow/.local/lib/python3.8/site-packages/airflow/example_dags/example_branch_day_of_week_operator.py for tasks to queue
[2023-09-20T22:36:17.076+0000] {logging_mixin.py:151} INFO - [2023-09-20T22:36:17.076+0000] {dagbag.py:539} INFO - Filling up the DagBag from /home/airflow/.local/lib/python3.8/site-packages/airflow/example_dags/example_branch_day_of_week_operator.py
[2023-09-20T22:36:17.088+0000] {processor.py:839} INFO - DAG(s) dict_keys(['example_weekday_branch_operator']) retrieved from /home/airflow/.local/lib/python3.8/site-packages/airflow/example_dags/example_branch_day_of_week_operator.py
[2023-09-20T22:36:17.118+0000] {logging_mixin.py:151} INFO - [2023-09-20T22:36:17.118+0000] {dag.py:2915} INFO - Sync 1 DAGs
[2023-09-20T22:36:17.150+0000] {logging_mixin.py:151} INFO - [2023-09-20T22:36:17.150+0000] {dag.py:3696} INFO - Setting next_dagrun for example_weekday_branch_operator to 2023-09-19T00:00:00+00:00, run_after=2023-09-20T00:00:00+00:00
[2023-09-20T22:36:17.177+0000] {processor.py:179} INFO - Processing /home/airflow/.local/lib/python3.8/site-packages/airflow/example_dags/example_branch_day_of_week_operator.py took 0.112 seconds
[2023-09-20T22:36:47.754+0000] {processor.py:157} INFO - Started process (PID=1318) to work on /home/airflow/.local/lib/python3.8/site-packages/airflow/example_dags/example_branch_day_of_week_operator.py
[2023-09-20T22:36:47.755+0000] {processor.py:829} INFO - Processing file /home/airflow/.local/lib/python3.8/site-packages/airflow/example_dags/example_branch_day_of_week_operator.py for tasks to queue
[2023-09-20T22:36:47.758+0000] {logging_mixin.py:151} INFO - [2023-09-20T22:36:47.758+0000] {dagbag.py:539} INFO - Filling up the DagBag from /home/airflow/.local/lib/python3.8/site-packages/airflow/example_dags/example_branch_day_of_week_operator.py
[2023-09-20T22:36:47.771+0000] {processor.py:839} INFO - DAG(s) dict_keys(['example_weekday_branch_operator']) retrieved from /home/airflow/.local/lib/python3.8/site-packages/airflow/example_dags/example_branch_day_of_week_operator.py
[2023-09-20T22:36:47.800+0000] {logging_mixin.py:151} INFO - [2023-09-20T22:36:47.800+0000] {dag.py:2915} INFO - Sync 1 DAGs
[2023-09-20T22:36:47.830+0000] {logging_mixin.py:151} INFO - [2023-09-20T22:36:47.830+0000] {dag.py:3696} INFO - Setting next_dagrun for example_weekday_branch_operator to 2023-09-19T00:00:00+00:00, run_after=2023-09-20T00:00:00+00:00
[2023-09-20T22:36:47.883+0000] {processor.py:179} INFO - Processing /home/airflow/.local/lib/python3.8/site-packages/airflow/example_dags/example_branch_day_of_week_operator.py took 0.133 seconds
[2023-09-20T22:37:18.902+0000] {processor.py:157} INFO - Started process (PID=1374) to work on /home/airflow/.local/lib/python3.8/site-packages/airflow/example_dags/example_branch_day_of_week_operator.py
[2023-09-20T22:37:18.904+0000] {processor.py:829} INFO - Processing file /home/airflow/.local/lib/python3.8/site-packages/airflow/example_dags/example_branch_day_of_week_operator.py for tasks to queue
[2023-09-20T22:37:18.910+0000] {logging_mixin.py:151} INFO - [2023-09-20T22:37:18.909+0000] {dagbag.py:539} INFO - Filling up the DagBag from /home/airflow/.local/lib/python3.8/site-packages/airflow/example_dags/example_branch_day_of_week_operator.py
[2023-09-20T22:37:18.926+0000] {processor.py:839} INFO - DAG(s) dict_keys(['example_weekday_branch_operator']) retrieved from /home/airflow/.local/lib/python3.8/site-packages/airflow/example_dags/example_branch_day_of_week_operator.py
[2023-09-20T22:37:18.956+0000] {logging_mixin.py:151} INFO - [2023-09-20T22:37:18.955+0000] {dag.py:2915} INFO - Sync 1 DAGs
[2023-09-20T22:37:18.986+0000] {logging_mixin.py:151} INFO - [2023-09-20T22:37:18.986+0000] {dag.py:3696} INFO - Setting next_dagrun for example_weekday_branch_operator to 2023-09-19T00:00:00+00:00, run_after=2023-09-20T00:00:00+00:00
[2023-09-20T22:37:19.020+0000] {processor.py:179} INFO - Processing /home/airflow/.local/lib/python3.8/site-packages/airflow/example_dags/example_branch_day_of_week_operator.py took 0.127 seconds
[2023-09-20T22:37:49.676+0000] {processor.py:157} INFO - Started process (PID=1429) to work on /home/airflow/.local/lib/python3.8/site-packages/airflow/example_dags/example_branch_day_of_week_operator.py
[2023-09-20T22:37:49.677+0000] {processor.py:829} INFO - Processing file /home/airflow/.local/lib/python3.8/site-packages/airflow/example_dags/example_branch_day_of_week_operator.py for tasks to queue
[2023-09-20T22:37:49.681+0000] {logging_mixin.py:151} INFO - [2023-09-20T22:37:49.680+0000] {dagbag.py:539} INFO - Filling up the DagBag from /home/airflow/.local/lib/python3.8/site-packages/airflow/example_dags/example_branch_day_of_week_operator.py
[2023-09-20T22:37:49.691+0000] {processor.py:839} INFO - DAG(s) dict_keys(['example_weekday_branch_operator']) retrieved from /home/airflow/.local/lib/python3.8/site-packages/airflow/example_dags/example_branch_day_of_week_operator.py
[2023-09-20T22:37:49.719+0000] {logging_mixin.py:151} INFO - [2023-09-20T22:37:49.719+0000] {dag.py:2915} INFO - Sync 1 DAGs
[2023-09-20T22:37:49.749+0000] {logging_mixin.py:151} INFO - [2023-09-20T22:37:49.749+0000] {dag.py:3696} INFO - Setting next_dagrun for example_weekday_branch_operator to 2023-09-19T00:00:00+00:00, run_after=2023-09-20T00:00:00+00:00
[2023-09-20T22:37:49.784+0000] {processor.py:179} INFO - Processing /home/airflow/.local/lib/python3.8/site-packages/airflow/example_dags/example_branch_day_of_week_operator.py took 0.113 seconds
[2023-09-20T22:38:20.072+0000] {processor.py:157} INFO - Started process (PID=1484) to work on /home/airflow/.local/lib/python3.8/site-packages/airflow/example_dags/example_branch_day_of_week_operator.py
[2023-09-20T22:38:20.074+0000] {processor.py:829} INFO - Processing file /home/airflow/.local/lib/python3.8/site-packages/airflow/example_dags/example_branch_day_of_week_operator.py for tasks to queue
[2023-09-20T22:38:20.077+0000] {logging_mixin.py:151} INFO - [2023-09-20T22:38:20.076+0000] {dagbag.py:539} INFO - Filling up the DagBag from /home/airflow/.local/lib/python3.8/site-packages/airflow/example_dags/example_branch_day_of_week_operator.py
[2023-09-20T22:38:20.087+0000] {processor.py:839} INFO - DAG(s) dict_keys(['example_weekday_branch_operator']) retrieved from /home/airflow/.local/lib/python3.8/site-packages/airflow/example_dags/example_branch_day_of_week_operator.py
[2023-09-20T22:38:20.117+0000] {logging_mixin.py:151} INFO - [2023-09-20T22:38:20.117+0000] {dag.py:2915} INFO - Sync 1 DAGs
[2023-09-20T22:38:20.149+0000] {logging_mixin.py:151} INFO - [2023-09-20T22:38:20.149+0000] {dag.py:3696} INFO - Setting next_dagrun for example_weekday_branch_operator to 2023-09-19T00:00:00+00:00, run_after=2023-09-20T00:00:00+00:00
[2023-09-20T22:38:20.177+0000] {processor.py:179} INFO - Processing /home/airflow/.local/lib/python3.8/site-packages/airflow/example_dags/example_branch_day_of_week_operator.py took 0.110 seconds
[2023-09-20T22:38:50.609+0000] {processor.py:157} INFO - Started process (PID=1539) to work on /home/airflow/.local/lib/python3.8/site-packages/airflow/example_dags/example_branch_day_of_week_operator.py
[2023-09-20T22:38:50.612+0000] {processor.py:829} INFO - Processing file /home/airflow/.local/lib/python3.8/site-packages/airflow/example_dags/example_branch_day_of_week_operator.py for tasks to queue
[2023-09-20T22:38:50.618+0000] {logging_mixin.py:151} INFO - [2023-09-20T22:38:50.618+0000] {dagbag.py:539} INFO - Filling up the DagBag from /home/airflow/.local/lib/python3.8/site-packages/airflow/example_dags/example_branch_day_of_week_operator.py
[2023-09-20T22:38:50.637+0000] {processor.py:839} INFO - DAG(s) dict_keys(['example_weekday_branch_operator']) retrieved from /home/airflow/.local/lib/python3.8/site-packages/airflow/example_dags/example_branch_day_of_week_operator.py
[2023-09-20T22:38:50.681+0000] {logging_mixin.py:151} INFO - [2023-09-20T22:38:50.681+0000] {dag.py:2915} INFO - Sync 1 DAGs
[2023-09-20T22:38:50.727+0000] {logging_mixin.py:151} INFO - [2023-09-20T22:38:50.727+0000] {dag.py:3696} INFO - Setting next_dagrun for example_weekday_branch_operator to 2023-09-19T00:00:00+00:00, run_after=2023-09-20T00:00:00+00:00
[2023-09-20T22:38:50.759+0000] {processor.py:179} INFO - Processing /home/airflow/.local/lib/python3.8/site-packages/airflow/example_dags/example_branch_day_of_week_operator.py took 0.158 seconds
[2023-09-20T22:39:21.890+0000] {processor.py:157} INFO - Started process (PID=1594) to work on /home/airflow/.local/lib/python3.8/site-packages/airflow/example_dags/example_branch_day_of_week_operator.py
[2023-09-20T22:39:21.892+0000] {processor.py:829} INFO - Processing file /home/airflow/.local/lib/python3.8/site-packages/airflow/example_dags/example_branch_day_of_week_operator.py for tasks to queue
[2023-09-20T22:39:21.895+0000] {logging_mixin.py:151} INFO - [2023-09-20T22:39:21.894+0000] {dagbag.py:539} INFO - Filling up the DagBag from /home/airflow/.local/lib/python3.8/site-packages/airflow/example_dags/example_branch_day_of_week_operator.py
[2023-09-20T22:39:21.907+0000] {processor.py:839} INFO - DAG(s) dict_keys(['example_weekday_branch_operator']) retrieved from /home/airflow/.local/lib/python3.8/site-packages/airflow/example_dags/example_branch_day_of_week_operator.py
[2023-09-20T22:39:21.937+0000] {logging_mixin.py:151} INFO - [2023-09-20T22:39:21.937+0000] {dag.py:2915} INFO - Sync 1 DAGs
[2023-09-20T22:39:21.968+0000] {logging_mixin.py:151} INFO - [2023-09-20T22:39:21.968+0000] {dag.py:3696} INFO - Setting next_dagrun for example_weekday_branch_operator to 2023-09-19T00:00:00+00:00, run_after=2023-09-20T00:00:00+00:00
[2023-09-20T22:39:22.009+0000] {processor.py:179} INFO - Processing /home/airflow/.local/lib/python3.8/site-packages/airflow/example_dags/example_branch_day_of_week_operator.py took 0.123 seconds
[2023-09-20T22:39:52.354+0000] {processor.py:157} INFO - Started process (PID=1649) to work on /home/airflow/.local/lib/python3.8/site-packages/airflow/example_dags/example_branch_day_of_week_operator.py
[2023-09-20T22:39:52.356+0000] {processor.py:829} INFO - Processing file /home/airflow/.local/lib/python3.8/site-packages/airflow/example_dags/example_branch_day_of_week_operator.py for tasks to queue
[2023-09-20T22:39:52.362+0000] {logging_mixin.py:151} INFO - [2023-09-20T22:39:52.362+0000] {dagbag.py:539} INFO - Filling up the DagBag from /home/airflow/.local/lib/python3.8/site-packages/airflow/example_dags/example_branch_day_of_week_operator.py
[2023-09-20T22:39:52.375+0000] {processor.py:839} INFO - DAG(s) dict_keys(['example_weekday_branch_operator']) retrieved from /home/airflow/.local/lib/python3.8/site-packages/airflow/example_dags/example_branch_day_of_week_operator.py
[2023-09-20T22:39:52.407+0000] {logging_mixin.py:151} INFO - [2023-09-20T22:39:52.407+0000] {dag.py:2915} INFO - Sync 1 DAGs
[2023-09-20T22:39:52.437+0000] {logging_mixin.py:151} INFO - [2023-09-20T22:39:52.437+0000] {dag.py:3696} INFO - Setting next_dagrun for example_weekday_branch_operator to 2023-09-19T00:00:00+00:00, run_after=2023-09-20T00:00:00+00:00
[2023-09-20T22:39:52.462+0000] {processor.py:179} INFO - Processing /home/airflow/.local/lib/python3.8/site-packages/airflow/example_dags/example_branch_day_of_week_operator.py took 0.117 seconds
[2023-09-20T22:40:22.715+0000] {processor.py:157} INFO - Started process (PID=1702) to work on /home/airflow/.local/lib/python3.8/site-packages/airflow/example_dags/example_branch_day_of_week_operator.py
[2023-09-20T22:40:22.717+0000] {processor.py:829} INFO - Processing file /home/airflow/.local/lib/python3.8/site-packages/airflow/example_dags/example_branch_day_of_week_operator.py for tasks to queue
[2023-09-20T22:40:22.722+0000] {logging_mixin.py:151} INFO - [2023-09-20T22:40:22.721+0000] {dagbag.py:539} INFO - Filling up the DagBag from /home/airflow/.local/lib/python3.8/site-packages/airflow/example_dags/example_branch_day_of_week_operator.py
[2023-09-20T22:40:22.734+0000] {processor.py:839} INFO - DAG(s) dict_keys(['example_weekday_branch_operator']) retrieved from /home/airflow/.local/lib/python3.8/site-packages/airflow/example_dags/example_branch_day_of_week_operator.py
[2023-09-20T22:40:22.766+0000] {logging_mixin.py:151} INFO - [2023-09-20T22:40:22.765+0000] {dag.py:2915} INFO - Sync 1 DAGs
[2023-09-20T22:40:22.795+0000] {logging_mixin.py:151} INFO - [2023-09-20T22:40:22.794+0000] {dag.py:3696} INFO - Setting next_dagrun for example_weekday_branch_operator to 2023-09-19T00:00:00+00:00, run_after=2023-09-20T00:00:00+00:00
[2023-09-20T22:40:22.878+0000] {processor.py:179} INFO - Processing /home/airflow/.local/lib/python3.8/site-packages/airflow/example_dags/example_branch_day_of_week_operator.py took 0.175 seconds
[2023-09-20T22:40:53.188+0000] {processor.py:157} INFO - Started process (PID=1764) to work on /home/airflow/.local/lib/python3.8/site-packages/airflow/example_dags/example_branch_day_of_week_operator.py
[2023-09-20T22:40:53.190+0000] {processor.py:829} INFO - Processing file /home/airflow/.local/lib/python3.8/site-packages/airflow/example_dags/example_branch_day_of_week_operator.py for tasks to queue
[2023-09-20T22:40:53.198+0000] {logging_mixin.py:151} INFO - [2023-09-20T22:40:53.197+0000] {dagbag.py:539} INFO - Filling up the DagBag from /home/airflow/.local/lib/python3.8/site-packages/airflow/example_dags/example_branch_day_of_week_operator.py
[2023-09-20T22:40:53.217+0000] {processor.py:839} INFO - DAG(s) dict_keys(['example_weekday_branch_operator']) retrieved from /home/airflow/.local/lib/python3.8/site-packages/airflow/example_dags/example_branch_day_of_week_operator.py
[2023-09-20T22:40:53.257+0000] {logging_mixin.py:151} INFO - [2023-09-20T22:40:53.257+0000] {dag.py:2915} INFO - Sync 1 DAGs
[2023-09-20T22:40:53.287+0000] {logging_mixin.py:151} INFO - [2023-09-20T22:40:53.287+0000] {dag.py:3696} INFO - Setting next_dagrun for example_weekday_branch_operator to 2023-09-19T00:00:00+00:00, run_after=2023-09-20T00:00:00+00:00
[2023-09-20T22:40:53.322+0000] {processor.py:179} INFO - Processing /home/airflow/.local/lib/python3.8/site-packages/airflow/example_dags/example_branch_day_of_week_operator.py took 0.146 seconds
[2023-09-20T22:41:23.737+0000] {processor.py:157} INFO - Started process (PID=1819) to work on /home/airflow/.local/lib/python3.8/site-packages/airflow/example_dags/example_branch_day_of_week_operator.py
[2023-09-20T22:41:23.739+0000] {processor.py:829} INFO - Processing file /home/airflow/.local/lib/python3.8/site-packages/airflow/example_dags/example_branch_day_of_week_operator.py for tasks to queue
[2023-09-20T22:41:23.743+0000] {logging_mixin.py:151} INFO - [2023-09-20T22:41:23.742+0000] {dagbag.py:539} INFO - Filling up the DagBag from /home/airflow/.local/lib/python3.8/site-packages/airflow/example_dags/example_branch_day_of_week_operator.py
[2023-09-20T22:41:23.755+0000] {processor.py:839} INFO - DAG(s) dict_keys(['example_weekday_branch_operator']) retrieved from /home/airflow/.local/lib/python3.8/site-packages/airflow/example_dags/example_branch_day_of_week_operator.py
[2023-09-20T22:41:23.786+0000] {logging_mixin.py:151} INFO - [2023-09-20T22:41:23.786+0000] {dag.py:2915} INFO - Sync 1 DAGs
[2023-09-20T22:41:23.818+0000] {logging_mixin.py:151} INFO - [2023-09-20T22:41:23.818+0000] {dag.py:3696} INFO - Setting next_dagrun for example_weekday_branch_operator to 2023-09-19T00:00:00+00:00, run_after=2023-09-20T00:00:00+00:00
[2023-09-20T22:41:23.903+0000] {processor.py:179} INFO - Processing /home/airflow/.local/lib/python3.8/site-packages/airflow/example_dags/example_branch_day_of_week_operator.py took 0.171 seconds
[2023-09-20T22:41:53.984+0000] {processor.py:157} INFO - Started process (PID=1873) to work on /home/airflow/.local/lib/python3.8/site-packages/airflow/example_dags/example_branch_day_of_week_operator.py
[2023-09-20T22:41:53.987+0000] {processor.py:829} INFO - Processing file /home/airflow/.local/lib/python3.8/site-packages/airflow/example_dags/example_branch_day_of_week_operator.py for tasks to queue
[2023-09-20T22:41:53.995+0000] {logging_mixin.py:151} INFO - [2023-09-20T22:41:53.994+0000] {dagbag.py:539} INFO - Filling up the DagBag from /home/airflow/.local/lib/python3.8/site-packages/airflow/example_dags/example_branch_day_of_week_operator.py
[2023-09-20T22:41:54.016+0000] {processor.py:839} INFO - DAG(s) dict_keys(['example_weekday_branch_operator']) retrieved from /home/airflow/.local/lib/python3.8/site-packages/airflow/example_dags/example_branch_day_of_week_operator.py
[2023-09-20T22:41:54.072+0000] {logging_mixin.py:151} INFO - [2023-09-20T22:41:54.072+0000] {dag.py:2915} INFO - Sync 1 DAGs
[2023-09-20T22:41:54.130+0000] {logging_mixin.py:151} INFO - [2023-09-20T22:41:54.129+0000] {dag.py:3696} INFO - Setting next_dagrun for example_weekday_branch_operator to 2023-09-19T00:00:00+00:00, run_after=2023-09-20T00:00:00+00:00
[2023-09-20T22:41:54.185+0000] {processor.py:179} INFO - Processing /home/airflow/.local/lib/python3.8/site-packages/airflow/example_dags/example_branch_day_of_week_operator.py took 0.211 seconds
[2023-09-20T22:42:24.331+0000] {processor.py:157} INFO - Started process (PID=1928) to work on /home/airflow/.local/lib/python3.8/site-packages/airflow/example_dags/example_branch_day_of_week_operator.py
[2023-09-20T22:42:24.333+0000] {processor.py:829} INFO - Processing file /home/airflow/.local/lib/python3.8/site-packages/airflow/example_dags/example_branch_day_of_week_operator.py for tasks to queue
[2023-09-20T22:42:24.338+0000] {logging_mixin.py:151} INFO - [2023-09-20T22:42:24.337+0000] {dagbag.py:539} INFO - Filling up the DagBag from /home/airflow/.local/lib/python3.8/site-packages/airflow/example_dags/example_branch_day_of_week_operator.py
[2023-09-20T22:42:24.355+0000] {processor.py:839} INFO - DAG(s) dict_keys(['example_weekday_branch_operator']) retrieved from /home/airflow/.local/lib/python3.8/site-packages/airflow/example_dags/example_branch_day_of_week_operator.py
[2023-09-20T22:42:24.402+0000] {logging_mixin.py:151} INFO - [2023-09-20T22:42:24.402+0000] {dag.py:2915} INFO - Sync 1 DAGs
[2023-09-20T22:42:24.441+0000] {logging_mixin.py:151} INFO - [2023-09-20T22:42:24.441+0000] {dag.py:3696} INFO - Setting next_dagrun for example_weekday_branch_operator to 2023-09-19T00:00:00+00:00, run_after=2023-09-20T00:00:00+00:00
[2023-09-20T22:42:24.477+0000] {processor.py:179} INFO - Processing /home/airflow/.local/lib/python3.8/site-packages/airflow/example_dags/example_branch_day_of_week_operator.py took 0.154 seconds
[2023-09-20T22:42:55.224+0000] {processor.py:157} INFO - Started process (PID=1984) to work on /home/airflow/.local/lib/python3.8/site-packages/airflow/example_dags/example_branch_day_of_week_operator.py
[2023-09-20T22:42:55.227+0000] {processor.py:829} INFO - Processing file /home/airflow/.local/lib/python3.8/site-packages/airflow/example_dags/example_branch_day_of_week_operator.py for tasks to queue
[2023-09-20T22:42:55.234+0000] {logging_mixin.py:151} INFO - [2023-09-20T22:42:55.233+0000] {dagbag.py:539} INFO - Filling up the DagBag from /home/airflow/.local/lib/python3.8/site-packages/airflow/example_dags/example_branch_day_of_week_operator.py
[2023-09-20T22:42:55.255+0000] {processor.py:839} INFO - DAG(s) dict_keys(['example_weekday_branch_operator']) retrieved from /home/airflow/.local/lib/python3.8/site-packages/airflow/example_dags/example_branch_day_of_week_operator.py
[2023-09-20T22:42:55.299+0000] {logging_mixin.py:151} INFO - [2023-09-20T22:42:55.299+0000] {dag.py:2915} INFO - Sync 1 DAGs
[2023-09-20T22:42:55.330+0000] {logging_mixin.py:151} INFO - [2023-09-20T22:42:55.330+0000] {dag.py:3696} INFO - Setting next_dagrun for example_weekday_branch_operator to 2023-09-19T00:00:00+00:00, run_after=2023-09-20T00:00:00+00:00
[2023-09-20T22:42:55.403+0000] {processor.py:179} INFO - Processing /home/airflow/.local/lib/python3.8/site-packages/airflow/example_dags/example_branch_day_of_week_operator.py took 0.190 seconds
[2023-09-20T22:43:25.858+0000] {processor.py:157} INFO - Started process (PID=2039) to work on /home/airflow/.local/lib/python3.8/site-packages/airflow/example_dags/example_branch_day_of_week_operator.py
[2023-09-20T22:43:25.861+0000] {processor.py:829} INFO - Processing file /home/airflow/.local/lib/python3.8/site-packages/airflow/example_dags/example_branch_day_of_week_operator.py for tasks to queue
[2023-09-20T22:43:25.867+0000] {logging_mixin.py:151} INFO - [2023-09-20T22:43:25.866+0000] {dagbag.py:539} INFO - Filling up the DagBag from /home/airflow/.local/lib/python3.8/site-packages/airflow/example_dags/example_branch_day_of_week_operator.py
[2023-09-20T22:43:25.885+0000] {processor.py:839} INFO - DAG(s) dict_keys(['example_weekday_branch_operator']) retrieved from /home/airflow/.local/lib/python3.8/site-packages/airflow/example_dags/example_branch_day_of_week_operator.py
[2023-09-20T22:43:25.926+0000] {logging_mixin.py:151} INFO - [2023-09-20T22:43:25.926+0000] {dag.py:2915} INFO - Sync 1 DAGs
[2023-09-20T22:43:25.960+0000] {logging_mixin.py:151} INFO - [2023-09-20T22:43:25.960+0000] {dag.py:3696} INFO - Setting next_dagrun for example_weekday_branch_operator to 2023-09-19T00:00:00+00:00, run_after=2023-09-20T00:00:00+00:00
[2023-09-20T22:43:26.011+0000] {processor.py:179} INFO - Processing /home/airflow/.local/lib/python3.8/site-packages/airflow/example_dags/example_branch_day_of_week_operator.py took 0.164 seconds
[2023-09-20T22:43:56.159+0000] {processor.py:157} INFO - Started process (PID=2093) to work on /home/airflow/.local/lib/python3.8/site-packages/airflow/example_dags/example_branch_day_of_week_operator.py
[2023-09-20T22:43:56.162+0000] {processor.py:829} INFO - Processing file /home/airflow/.local/lib/python3.8/site-packages/airflow/example_dags/example_branch_day_of_week_operator.py for tasks to queue
[2023-09-20T22:43:56.169+0000] {logging_mixin.py:151} INFO - [2023-09-20T22:43:56.168+0000] {dagbag.py:539} INFO - Filling up the DagBag from /home/airflow/.local/lib/python3.8/site-packages/airflow/example_dags/example_branch_day_of_week_operator.py
[2023-09-20T22:43:56.188+0000] {processor.py:839} INFO - DAG(s) dict_keys(['example_weekday_branch_operator']) retrieved from /home/airflow/.local/lib/python3.8/site-packages/airflow/example_dags/example_branch_day_of_week_operator.py
[2023-09-20T22:43:56.240+0000] {logging_mixin.py:151} INFO - [2023-09-20T22:43:56.240+0000] {dag.py:2915} INFO - Sync 1 DAGs
[2023-09-20T22:43:56.299+0000] {logging_mixin.py:151} INFO - [2023-09-20T22:43:56.298+0000] {dag.py:3696} INFO - Setting next_dagrun for example_weekday_branch_operator to 2023-09-19T00:00:00+00:00, run_after=2023-09-20T00:00:00+00:00
[2023-09-20T22:43:56.351+0000] {processor.py:179} INFO - Processing /home/airflow/.local/lib/python3.8/site-packages/airflow/example_dags/example_branch_day_of_week_operator.py took 0.201 seconds
[2023-09-20T22:44:26.538+0000] {processor.py:157} INFO - Started process (PID=2149) to work on /home/airflow/.local/lib/python3.8/site-packages/airflow/example_dags/example_branch_day_of_week_operator.py
[2023-09-20T22:44:26.540+0000] {processor.py:829} INFO - Processing file /home/airflow/.local/lib/python3.8/site-packages/airflow/example_dags/example_branch_day_of_week_operator.py for tasks to queue
[2023-09-20T22:44:26.545+0000] {logging_mixin.py:151} INFO - [2023-09-20T22:44:26.544+0000] {dagbag.py:539} INFO - Filling up the DagBag from /home/airflow/.local/lib/python3.8/site-packages/airflow/example_dags/example_branch_day_of_week_operator.py
[2023-09-20T22:44:26.563+0000] {processor.py:839} INFO - DAG(s) dict_keys(['example_weekday_branch_operator']) retrieved from /home/airflow/.local/lib/python3.8/site-packages/airflow/example_dags/example_branch_day_of_week_operator.py
[2023-09-20T22:44:26.608+0000] {logging_mixin.py:151} INFO - [2023-09-20T22:44:26.608+0000] {dag.py:2915} INFO - Sync 1 DAGs
[2023-09-20T22:44:26.650+0000] {logging_mixin.py:151} INFO - [2023-09-20T22:44:26.649+0000] {dag.py:3696} INFO - Setting next_dagrun for example_weekday_branch_operator to 2023-09-19T00:00:00+00:00, run_after=2023-09-20T00:00:00+00:00
[2023-09-20T22:44:26.685+0000] {processor.py:179} INFO - Processing /home/airflow/.local/lib/python3.8/site-packages/airflow/example_dags/example_branch_day_of_week_operator.py took 0.155 seconds
[2023-09-20T22:44:57.598+0000] {processor.py:157} INFO - Started process (PID=2204) to work on /home/airflow/.local/lib/python3.8/site-packages/airflow/example_dags/example_branch_day_of_week_operator.py
[2023-09-20T22:44:57.599+0000] {processor.py:829} INFO - Processing file /home/airflow/.local/lib/python3.8/site-packages/airflow/example_dags/example_branch_day_of_week_operator.py for tasks to queue
[2023-09-20T22:44:57.604+0000] {logging_mixin.py:151} INFO - [2023-09-20T22:44:57.603+0000] {dagbag.py:539} INFO - Filling up the DagBag from /home/airflow/.local/lib/python3.8/site-packages/airflow/example_dags/example_branch_day_of_week_operator.py
[2023-09-20T22:44:57.621+0000] {processor.py:839} INFO - DAG(s) dict_keys(['example_weekday_branch_operator']) retrieved from /home/airflow/.local/lib/python3.8/site-packages/airflow/example_dags/example_branch_day_of_week_operator.py
[2023-09-20T22:44:57.656+0000] {logging_mixin.py:151} INFO - [2023-09-20T22:44:57.655+0000] {dag.py:2915} INFO - Sync 1 DAGs
[2023-09-20T22:44:57.690+0000] {logging_mixin.py:151} INFO - [2023-09-20T22:44:57.690+0000] {dag.py:3696} INFO - Setting next_dagrun for example_weekday_branch_operator to 2023-09-19T00:00:00+00:00, run_after=2023-09-20T00:00:00+00:00
[2023-09-20T22:44:57.721+0000] {processor.py:179} INFO - Processing /home/airflow/.local/lib/python3.8/site-packages/airflow/example_dags/example_branch_day_of_week_operator.py took 0.132 seconds
[2023-09-20T22:45:29.032+0000] {processor.py:157} INFO - Started process (PID=2260) to work on /home/airflow/.local/lib/python3.8/site-packages/airflow/example_dags/example_branch_day_of_week_operator.py
[2023-09-20T22:45:29.034+0000] {processor.py:829} INFO - Processing file /home/airflow/.local/lib/python3.8/site-packages/airflow/example_dags/example_branch_day_of_week_operator.py for tasks to queue
[2023-09-20T22:45:29.038+0000] {logging_mixin.py:151} INFO - [2023-09-20T22:45:29.038+0000] {dagbag.py:539} INFO - Filling up the DagBag from /home/airflow/.local/lib/python3.8/site-packages/airflow/example_dags/example_branch_day_of_week_operator.py
[2023-09-20T22:45:29.051+0000] {processor.py:839} INFO - DAG(s) dict_keys(['example_weekday_branch_operator']) retrieved from /home/airflow/.local/lib/python3.8/site-packages/airflow/example_dags/example_branch_day_of_week_operator.py
[2023-09-20T22:45:29.088+0000] {logging_mixin.py:151} INFO - [2023-09-20T22:45:29.088+0000] {dag.py:2915} INFO - Sync 1 DAGs
[2023-09-20T22:45:29.129+0000] {logging_mixin.py:151} INFO - [2023-09-20T22:45:29.129+0000] {dag.py:3696} INFO - Setting next_dagrun for example_weekday_branch_operator to 2023-09-19T00:00:00+00:00, run_after=2023-09-20T00:00:00+00:00
[2023-09-20T22:45:29.170+0000] {processor.py:179} INFO - Processing /home/airflow/.local/lib/python3.8/site-packages/airflow/example_dags/example_branch_day_of_week_operator.py took 0.144 seconds
[2023-09-20T22:46:00.173+0000] {processor.py:157} INFO - Started process (PID=2315) to work on /home/airflow/.local/lib/python3.8/site-packages/airflow/example_dags/example_branch_day_of_week_operator.py
[2023-09-20T22:46:00.174+0000] {processor.py:829} INFO - Processing file /home/airflow/.local/lib/python3.8/site-packages/airflow/example_dags/example_branch_day_of_week_operator.py for tasks to queue
[2023-09-20T22:46:00.177+0000] {logging_mixin.py:151} INFO - [2023-09-20T22:46:00.177+0000] {dagbag.py:539} INFO - Filling up the DagBag from /home/airflow/.local/lib/python3.8/site-packages/airflow/example_dags/example_branch_day_of_week_operator.py
[2023-09-20T22:46:00.188+0000] {processor.py:839} INFO - DAG(s) dict_keys(['example_weekday_branch_operator']) retrieved from /home/airflow/.local/lib/python3.8/site-packages/airflow/example_dags/example_branch_day_of_week_operator.py
[2023-09-20T22:46:00.215+0000] {logging_mixin.py:151} INFO - [2023-09-20T22:46:00.215+0000] {dag.py:2915} INFO - Sync 1 DAGs
[2023-09-20T22:46:00.245+0000] {logging_mixin.py:151} INFO - [2023-09-20T22:46:00.245+0000] {dag.py:3696} INFO - Setting next_dagrun for example_weekday_branch_operator to 2023-09-19T00:00:00+00:00, run_after=2023-09-20T00:00:00+00:00
[2023-09-20T22:46:00.276+0000] {processor.py:179} INFO - Processing /home/airflow/.local/lib/python3.8/site-packages/airflow/example_dags/example_branch_day_of_week_operator.py took 0.108 seconds
[2023-09-20T22:46:31.254+0000] {processor.py:157} INFO - Started process (PID=2370) to work on /home/airflow/.local/lib/python3.8/site-packages/airflow/example_dags/example_branch_day_of_week_operator.py
[2023-09-20T22:46:31.255+0000] {processor.py:829} INFO - Processing file /home/airflow/.local/lib/python3.8/site-packages/airflow/example_dags/example_branch_day_of_week_operator.py for tasks to queue
[2023-09-20T22:46:31.258+0000] {logging_mixin.py:151} INFO - [2023-09-20T22:46:31.258+0000] {dagbag.py:539} INFO - Filling up the DagBag from /home/airflow/.local/lib/python3.8/site-packages/airflow/example_dags/example_branch_day_of_week_operator.py
[2023-09-20T22:46:31.269+0000] {processor.py:839} INFO - DAG(s) dict_keys(['example_weekday_branch_operator']) retrieved from /home/airflow/.local/lib/python3.8/site-packages/airflow/example_dags/example_branch_day_of_week_operator.py
[2023-09-20T22:46:31.296+0000] {logging_mixin.py:151} INFO - [2023-09-20T22:46:31.296+0000] {dag.py:2915} INFO - Sync 1 DAGs
[2023-09-20T22:46:31.327+0000] {logging_mixin.py:151} INFO - [2023-09-20T22:46:31.326+0000] {dag.py:3696} INFO - Setting next_dagrun for example_weekday_branch_operator to 2023-09-19T00:00:00+00:00, run_after=2023-09-20T00:00:00+00:00
[2023-09-20T22:46:31.580+0000] {processor.py:179} INFO - Processing /home/airflow/.local/lib/python3.8/site-packages/airflow/example_dags/example_branch_day_of_week_operator.py took 0.331 seconds
[2023-09-20T22:47:01.830+0000] {processor.py:157} INFO - Started process (PID=2424) to work on /home/airflow/.local/lib/python3.8/site-packages/airflow/example_dags/example_branch_day_of_week_operator.py
[2023-09-20T22:47:01.831+0000] {processor.py:829} INFO - Processing file /home/airflow/.local/lib/python3.8/site-packages/airflow/example_dags/example_branch_day_of_week_operator.py for tasks to queue
[2023-09-20T22:47:01.835+0000] {logging_mixin.py:151} INFO - [2023-09-20T22:47:01.834+0000] {dagbag.py:539} INFO - Filling up the DagBag from /home/airflow/.local/lib/python3.8/site-packages/airflow/example_dags/example_branch_day_of_week_operator.py
[2023-09-20T22:47:01.853+0000] {processor.py:839} INFO - DAG(s) dict_keys(['example_weekday_branch_operator']) retrieved from /home/airflow/.local/lib/python3.8/site-packages/airflow/example_dags/example_branch_day_of_week_operator.py
[2023-09-20T22:47:01.891+0000] {logging_mixin.py:151} INFO - [2023-09-20T22:47:01.891+0000] {dag.py:2915} INFO - Sync 1 DAGs
[2023-09-20T22:47:01.930+0000] {logging_mixin.py:151} INFO - [2023-09-20T22:47:01.930+0000] {dag.py:3696} INFO - Setting next_dagrun for example_weekday_branch_operator to 2023-09-19T00:00:00+00:00, run_after=2023-09-20T00:00:00+00:00
[2023-09-20T22:47:01.969+0000] {processor.py:179} INFO - Processing /home/airflow/.local/lib/python3.8/site-packages/airflow/example_dags/example_branch_day_of_week_operator.py took 0.145 seconds
[2023-09-20T22:47:33.125+0000] {processor.py:157} INFO - Started process (PID=2480) to work on /home/airflow/.local/lib/python3.8/site-packages/airflow/example_dags/example_branch_day_of_week_operator.py
[2023-09-20T22:47:33.128+0000] {processor.py:829} INFO - Processing file /home/airflow/.local/lib/python3.8/site-packages/airflow/example_dags/example_branch_day_of_week_operator.py for tasks to queue
[2023-09-20T22:47:33.131+0000] {logging_mixin.py:151} INFO - [2023-09-20T22:47:33.131+0000] {dagbag.py:539} INFO - Filling up the DagBag from /home/airflow/.local/lib/python3.8/site-packages/airflow/example_dags/example_branch_day_of_week_operator.py
[2023-09-20T22:47:33.142+0000] {processor.py:839} INFO - DAG(s) dict_keys(['example_weekday_branch_operator']) retrieved from /home/airflow/.local/lib/python3.8/site-packages/airflow/example_dags/example_branch_day_of_week_operator.py
[2023-09-20T22:47:33.176+0000] {logging_mixin.py:151} INFO - [2023-09-20T22:47:33.176+0000] {dag.py:2915} INFO - Sync 1 DAGs
[2023-09-20T22:47:33.211+0000] {logging_mixin.py:151} INFO - [2023-09-20T22:47:33.210+0000] {dag.py:3696} INFO - Setting next_dagrun for example_weekday_branch_operator to 2023-09-19T00:00:00+00:00, run_after=2023-09-20T00:00:00+00:00
[2023-09-20T22:47:33.235+0000] {processor.py:179} INFO - Processing /home/airflow/.local/lib/python3.8/site-packages/airflow/example_dags/example_branch_day_of_week_operator.py took 0.117 seconds
[2023-09-20T22:48:03.520+0000] {processor.py:157} INFO - Started process (PID=2535) to work on /home/airflow/.local/lib/python3.8/site-packages/airflow/example_dags/example_branch_day_of_week_operator.py
[2023-09-20T22:48:03.522+0000] {processor.py:829} INFO - Processing file /home/airflow/.local/lib/python3.8/site-packages/airflow/example_dags/example_branch_day_of_week_operator.py for tasks to queue
[2023-09-20T22:48:03.525+0000] {logging_mixin.py:151} INFO - [2023-09-20T22:48:03.525+0000] {dagbag.py:539} INFO - Filling up the DagBag from /home/airflow/.local/lib/python3.8/site-packages/airflow/example_dags/example_branch_day_of_week_operator.py
[2023-09-20T22:48:03.540+0000] {processor.py:839} INFO - DAG(s) dict_keys(['example_weekday_branch_operator']) retrieved from /home/airflow/.local/lib/python3.8/site-packages/airflow/example_dags/example_branch_day_of_week_operator.py
[2023-09-20T22:48:03.580+0000] {logging_mixin.py:151} INFO - [2023-09-20T22:48:03.579+0000] {dag.py:2915} INFO - Sync 1 DAGs
[2023-09-20T22:48:03.612+0000] {logging_mixin.py:151} INFO - [2023-09-20T22:48:03.612+0000] {dag.py:3696} INFO - Setting next_dagrun for example_weekday_branch_operator to 2023-09-19T00:00:00+00:00, run_after=2023-09-20T00:00:00+00:00
[2023-09-20T22:48:03.762+0000] {processor.py:179} INFO - Processing /home/airflow/.local/lib/python3.8/site-packages/airflow/example_dags/example_branch_day_of_week_operator.py took 0.246 seconds
[2023-09-20T22:48:34.150+0000] {processor.py:157} INFO - Started process (PID=2590) to work on /home/airflow/.local/lib/python3.8/site-packages/airflow/example_dags/example_branch_day_of_week_operator.py
[2023-09-20T22:48:34.152+0000] {processor.py:829} INFO - Processing file /home/airflow/.local/lib/python3.8/site-packages/airflow/example_dags/example_branch_day_of_week_operator.py for tasks to queue
[2023-09-20T22:48:34.156+0000] {logging_mixin.py:151} INFO - [2023-09-20T22:48:34.156+0000] {dagbag.py:539} INFO - Filling up the DagBag from /home/airflow/.local/lib/python3.8/site-packages/airflow/example_dags/example_branch_day_of_week_operator.py
[2023-09-20T22:48:34.172+0000] {processor.py:839} INFO - DAG(s) dict_keys(['example_weekday_branch_operator']) retrieved from /home/airflow/.local/lib/python3.8/site-packages/airflow/example_dags/example_branch_day_of_week_operator.py
[2023-09-20T22:48:34.204+0000] {logging_mixin.py:151} INFO - [2023-09-20T22:48:34.204+0000] {dag.py:2915} INFO - Sync 1 DAGs
[2023-09-20T22:48:34.241+0000] {logging_mixin.py:151} INFO - [2023-09-20T22:48:34.241+0000] {dag.py:3696} INFO - Setting next_dagrun for example_weekday_branch_operator to 2023-09-19T00:00:00+00:00, run_after=2023-09-20T00:00:00+00:00
[2023-09-20T22:48:34.276+0000] {processor.py:179} INFO - Processing /home/airflow/.local/lib/python3.8/site-packages/airflow/example_dags/example_branch_day_of_week_operator.py took 0.133 seconds
[2023-09-20T22:49:05.127+0000] {processor.py:157} INFO - Started process (PID=2645) to work on /home/airflow/.local/lib/python3.8/site-packages/airflow/example_dags/example_branch_day_of_week_operator.py
[2023-09-20T22:49:05.128+0000] {processor.py:829} INFO - Processing file /home/airflow/.local/lib/python3.8/site-packages/airflow/example_dags/example_branch_day_of_week_operator.py for tasks to queue
[2023-09-20T22:49:05.131+0000] {logging_mixin.py:151} INFO - [2023-09-20T22:49:05.131+0000] {dagbag.py:539} INFO - Filling up the DagBag from /home/airflow/.local/lib/python3.8/site-packages/airflow/example_dags/example_branch_day_of_week_operator.py
[2023-09-20T22:49:05.141+0000] {processor.py:839} INFO - DAG(s) dict_keys(['example_weekday_branch_operator']) retrieved from /home/airflow/.local/lib/python3.8/site-packages/airflow/example_dags/example_branch_day_of_week_operator.py
[2023-09-20T22:49:05.171+0000] {logging_mixin.py:151} INFO - [2023-09-20T22:49:05.171+0000] {dag.py:2915} INFO - Sync 1 DAGs
[2023-09-20T22:49:05.204+0000] {logging_mixin.py:151} INFO - [2023-09-20T22:49:05.204+0000] {dag.py:3696} INFO - Setting next_dagrun for example_weekday_branch_operator to 2023-09-19T00:00:00+00:00, run_after=2023-09-20T00:00:00+00:00
[2023-09-20T22:49:05.231+0000] {processor.py:179} INFO - Processing /home/airflow/.local/lib/python3.8/site-packages/airflow/example_dags/example_branch_day_of_week_operator.py took 0.109 seconds
[2023-09-20T22:49:35.697+0000] {processor.py:157} INFO - Started process (PID=2700) to work on /home/airflow/.local/lib/python3.8/site-packages/airflow/example_dags/example_branch_day_of_week_operator.py
[2023-09-20T22:49:35.698+0000] {processor.py:829} INFO - Processing file /home/airflow/.local/lib/python3.8/site-packages/airflow/example_dags/example_branch_day_of_week_operator.py for tasks to queue
[2023-09-20T22:49:35.702+0000] {logging_mixin.py:151} INFO - [2023-09-20T22:49:35.701+0000] {dagbag.py:539} INFO - Filling up the DagBag from /home/airflow/.local/lib/python3.8/site-packages/airflow/example_dags/example_branch_day_of_week_operator.py
[2023-09-20T22:49:35.713+0000] {processor.py:839} INFO - DAG(s) dict_keys(['example_weekday_branch_operator']) retrieved from /home/airflow/.local/lib/python3.8/site-packages/airflow/example_dags/example_branch_day_of_week_operator.py
[2023-09-20T22:49:35.748+0000] {logging_mixin.py:151} INFO - [2023-09-20T22:49:35.747+0000] {dag.py:2915} INFO - Sync 1 DAGs
[2023-09-20T22:49:35.781+0000] {logging_mixin.py:151} INFO - [2023-09-20T22:49:35.781+0000] {dag.py:3696} INFO - Setting next_dagrun for example_weekday_branch_operator to 2023-09-19T00:00:00+00:00, run_after=2023-09-20T00:00:00+00:00
[2023-09-20T22:49:35.820+0000] {processor.py:179} INFO - Processing /home/airflow/.local/lib/python3.8/site-packages/airflow/example_dags/example_branch_day_of_week_operator.py took 0.127 seconds
[2023-09-20T22:50:06.090+0000] {processor.py:157} INFO - Started process (PID=2755) to work on /home/airflow/.local/lib/python3.8/site-packages/airflow/example_dags/example_branch_day_of_week_operator.py
[2023-09-20T22:50:06.092+0000] {processor.py:829} INFO - Processing file /home/airflow/.local/lib/python3.8/site-packages/airflow/example_dags/example_branch_day_of_week_operator.py for tasks to queue
[2023-09-20T22:50:06.095+0000] {logging_mixin.py:151} INFO - [2023-09-20T22:50:06.095+0000] {dagbag.py:539} INFO - Filling up the DagBag from /home/airflow/.local/lib/python3.8/site-packages/airflow/example_dags/example_branch_day_of_week_operator.py
[2023-09-20T22:50:06.106+0000] {processor.py:839} INFO - DAG(s) dict_keys(['example_weekday_branch_operator']) retrieved from /home/airflow/.local/lib/python3.8/site-packages/airflow/example_dags/example_branch_day_of_week_operator.py
[2023-09-20T22:50:06.135+0000] {logging_mixin.py:151} INFO - [2023-09-20T22:50:06.135+0000] {dag.py:2915} INFO - Sync 1 DAGs
[2023-09-20T22:50:06.165+0000] {logging_mixin.py:151} INFO - [2023-09-20T22:50:06.165+0000] {dag.py:3696} INFO - Setting next_dagrun for example_weekday_branch_operator to 2023-09-19T00:00:00+00:00, run_after=2023-09-20T00:00:00+00:00
[2023-09-20T22:50:06.198+0000] {processor.py:179} INFO - Processing /home/airflow/.local/lib/python3.8/site-packages/airflow/example_dags/example_branch_day_of_week_operator.py took 0.116 seconds
[2023-09-20T22:50:36.344+0000] {processor.py:157} INFO - Started process (PID=2809) to work on /home/airflow/.local/lib/python3.8/site-packages/airflow/example_dags/example_branch_day_of_week_operator.py
[2023-09-20T22:50:36.346+0000] {processor.py:829} INFO - Processing file /home/airflow/.local/lib/python3.8/site-packages/airflow/example_dags/example_branch_day_of_week_operator.py for tasks to queue
[2023-09-20T22:50:36.351+0000] {logging_mixin.py:151} INFO - [2023-09-20T22:50:36.350+0000] {dagbag.py:539} INFO - Filling up the DagBag from /home/airflow/.local/lib/python3.8/site-packages/airflow/example_dags/example_branch_day_of_week_operator.py
[2023-09-20T22:50:36.369+0000] {processor.py:839} INFO - DAG(s) dict_keys(['example_weekday_branch_operator']) retrieved from /home/airflow/.local/lib/python3.8/site-packages/airflow/example_dags/example_branch_day_of_week_operator.py
[2023-09-20T22:50:36.417+0000] {logging_mixin.py:151} INFO - [2023-09-20T22:50:36.416+0000] {dag.py:2915} INFO - Sync 1 DAGs
[2023-09-20T22:50:36.461+0000] {logging_mixin.py:151} INFO - [2023-09-20T22:50:36.461+0000] {dag.py:3696} INFO - Setting next_dagrun for example_weekday_branch_operator to 2023-09-19T00:00:00+00:00, run_after=2023-09-20T00:00:00+00:00
[2023-09-20T22:50:36.605+0000] {processor.py:179} INFO - Processing /home/airflow/.local/lib/python3.8/site-packages/airflow/example_dags/example_branch_day_of_week_operator.py took 0.270 seconds
[2023-09-20T22:51:07.065+0000] {processor.py:157} INFO - Started process (PID=2865) to work on /home/airflow/.local/lib/python3.8/site-packages/airflow/example_dags/example_branch_day_of_week_operator.py
[2023-09-20T22:51:07.066+0000] {processor.py:829} INFO - Processing file /home/airflow/.local/lib/python3.8/site-packages/airflow/example_dags/example_branch_day_of_week_operator.py for tasks to queue
[2023-09-20T22:51:07.070+0000] {logging_mixin.py:151} INFO - [2023-09-20T22:51:07.069+0000] {dagbag.py:539} INFO - Filling up the DagBag from /home/airflow/.local/lib/python3.8/site-packages/airflow/example_dags/example_branch_day_of_week_operator.py
[2023-09-20T22:51:07.081+0000] {processor.py:839} INFO - DAG(s) dict_keys(['example_weekday_branch_operator']) retrieved from /home/airflow/.local/lib/python3.8/site-packages/airflow/example_dags/example_branch_day_of_week_operator.py
[2023-09-20T22:51:07.109+0000] {logging_mixin.py:151} INFO - [2023-09-20T22:51:07.108+0000] {dag.py:2915} INFO - Sync 1 DAGs
[2023-09-20T22:51:07.138+0000] {logging_mixin.py:151} INFO - [2023-09-20T22:51:07.137+0000] {dag.py:3696} INFO - Setting next_dagrun for example_weekday_branch_operator to 2023-09-19T00:00:00+00:00, run_after=2023-09-20T00:00:00+00:00
[2023-09-20T22:51:07.162+0000] {processor.py:179} INFO - Processing /home/airflow/.local/lib/python3.8/site-packages/airflow/example_dags/example_branch_day_of_week_operator.py took 0.102 seconds
[2023-09-20T22:51:37.398+0000] {processor.py:157} INFO - Started process (PID=2920) to work on /home/airflow/.local/lib/python3.8/site-packages/airflow/example_dags/example_branch_day_of_week_operator.py
[2023-09-20T22:51:37.400+0000] {processor.py:829} INFO - Processing file /home/airflow/.local/lib/python3.8/site-packages/airflow/example_dags/example_branch_day_of_week_operator.py for tasks to queue
[2023-09-20T22:51:37.405+0000] {logging_mixin.py:151} INFO - [2023-09-20T22:51:37.404+0000] {dagbag.py:539} INFO - Filling up the DagBag from /home/airflow/.local/lib/python3.8/site-packages/airflow/example_dags/example_branch_day_of_week_operator.py
[2023-09-20T22:51:37.418+0000] {processor.py:839} INFO - DAG(s) dict_keys(['example_weekday_branch_operator']) retrieved from /home/airflow/.local/lib/python3.8/site-packages/airflow/example_dags/example_branch_day_of_week_operator.py
[2023-09-20T22:51:37.446+0000] {logging_mixin.py:151} INFO - [2023-09-20T22:51:37.446+0000] {dag.py:2915} INFO - Sync 1 DAGs
[2023-09-20T22:51:37.477+0000] {logging_mixin.py:151} INFO - [2023-09-20T22:51:37.477+0000] {dag.py:3696} INFO - Setting next_dagrun for example_weekday_branch_operator to 2023-09-19T00:00:00+00:00, run_after=2023-09-20T00:00:00+00:00
[2023-09-20T22:51:37.508+0000] {processor.py:179} INFO - Processing /home/airflow/.local/lib/python3.8/site-packages/airflow/example_dags/example_branch_day_of_week_operator.py took 0.118 seconds
[2023-09-20T22:52:07.874+0000] {processor.py:157} INFO - Started process (PID=2976) to work on /home/airflow/.local/lib/python3.8/site-packages/airflow/example_dags/example_branch_day_of_week_operator.py
[2023-09-20T22:52:07.876+0000] {processor.py:829} INFO - Processing file /home/airflow/.local/lib/python3.8/site-packages/airflow/example_dags/example_branch_day_of_week_operator.py for tasks to queue
[2023-09-20T22:52:07.881+0000] {logging_mixin.py:151} INFO - [2023-09-20T22:52:07.880+0000] {dagbag.py:539} INFO - Filling up the DagBag from /home/airflow/.local/lib/python3.8/site-packages/airflow/example_dags/example_branch_day_of_week_operator.py
[2023-09-20T22:52:07.897+0000] {processor.py:839} INFO - DAG(s) dict_keys(['example_weekday_branch_operator']) retrieved from /home/airflow/.local/lib/python3.8/site-packages/airflow/example_dags/example_branch_day_of_week_operator.py
[2023-09-20T22:52:07.935+0000] {logging_mixin.py:151} INFO - [2023-09-20T22:52:07.935+0000] {dag.py:2915} INFO - Sync 1 DAGs
[2023-09-20T22:52:07.976+0000] {logging_mixin.py:151} INFO - [2023-09-20T22:52:07.976+0000] {dag.py:3696} INFO - Setting next_dagrun for example_weekday_branch_operator to 2023-09-19T00:00:00+00:00, run_after=2023-09-20T00:00:00+00:00
[2023-09-20T22:52:08.059+0000] {processor.py:179} INFO - Processing /home/airflow/.local/lib/python3.8/site-packages/airflow/example_dags/example_branch_day_of_week_operator.py took 0.192 seconds
[2023-09-20T23:11:32.896+0000] {processor.py:157} INFO - Started process (PID=52) to work on /home/airflow/.local/lib/python3.8/site-packages/airflow/example_dags/example_branch_day_of_week_operator.py
[2023-09-20T23:11:32.897+0000] {processor.py:829} INFO - Processing file /home/airflow/.local/lib/python3.8/site-packages/airflow/example_dags/example_branch_day_of_week_operator.py for tasks to queue
[2023-09-20T23:11:32.902+0000] {logging_mixin.py:151} INFO - [2023-09-20T23:11:32.901+0000] {dagbag.py:539} INFO - Filling up the DagBag from /home/airflow/.local/lib/python3.8/site-packages/airflow/example_dags/example_branch_day_of_week_operator.py
[2023-09-20T23:11:32.912+0000] {processor.py:839} INFO - DAG(s) dict_keys(['example_weekday_branch_operator']) retrieved from /home/airflow/.local/lib/python3.8/site-packages/airflow/example_dags/example_branch_day_of_week_operator.py
[2023-09-20T23:11:32.929+0000] {logging_mixin.py:151} INFO - [2023-09-20T23:11:32.929+0000] {dag.py:2915} INFO - Sync 1 DAGs
[2023-09-20T23:11:32.977+0000] {logging_mixin.py:151} INFO - [2023-09-20T23:11:32.977+0000] {dag.py:3696} INFO - Setting next_dagrun for example_weekday_branch_operator to 2023-09-19T00:00:00+00:00, run_after=2023-09-20T00:00:00+00:00
[2023-09-20T23:11:33.014+0000] {processor.py:179} INFO - Processing /home/airflow/.local/lib/python3.8/site-packages/airflow/example_dags/example_branch_day_of_week_operator.py took 0.123 seconds
[2023-09-20T23:12:03.561+0000] {processor.py:157} INFO - Started process (PID=107) to work on /home/airflow/.local/lib/python3.8/site-packages/airflow/example_dags/example_branch_day_of_week_operator.py
[2023-09-20T23:12:03.563+0000] {processor.py:829} INFO - Processing file /home/airflow/.local/lib/python3.8/site-packages/airflow/example_dags/example_branch_day_of_week_operator.py for tasks to queue
[2023-09-20T23:12:03.566+0000] {logging_mixin.py:151} INFO - [2023-09-20T23:12:03.566+0000] {dagbag.py:539} INFO - Filling up the DagBag from /home/airflow/.local/lib/python3.8/site-packages/airflow/example_dags/example_branch_day_of_week_operator.py
[2023-09-20T23:12:03.577+0000] {processor.py:839} INFO - DAG(s) dict_keys(['example_weekday_branch_operator']) retrieved from /home/airflow/.local/lib/python3.8/site-packages/airflow/example_dags/example_branch_day_of_week_operator.py
[2023-09-20T23:12:03.607+0000] {logging_mixin.py:151} INFO - [2023-09-20T23:12:03.607+0000] {dag.py:2915} INFO - Sync 1 DAGs
[2023-09-20T23:12:03.640+0000] {logging_mixin.py:151} INFO - [2023-09-20T23:12:03.639+0000] {dag.py:3696} INFO - Setting next_dagrun for example_weekday_branch_operator to 2023-09-19T00:00:00+00:00, run_after=2023-09-20T00:00:00+00:00
[2023-09-20T23:12:03.675+0000] {processor.py:179} INFO - Processing /home/airflow/.local/lib/python3.8/site-packages/airflow/example_dags/example_branch_day_of_week_operator.py took 0.119 seconds
[2023-09-20T23:12:35.871+0000] {processor.py:157} INFO - Started process (PID=162) to work on /home/airflow/.local/lib/python3.8/site-packages/airflow/example_dags/example_branch_day_of_week_operator.py
[2023-09-20T23:12:35.873+0000] {processor.py:829} INFO - Processing file /home/airflow/.local/lib/python3.8/site-packages/airflow/example_dags/example_branch_day_of_week_operator.py for tasks to queue
[2023-09-20T23:12:35.879+0000] {logging_mixin.py:151} INFO - [2023-09-20T23:12:35.878+0000] {dagbag.py:539} INFO - Filling up the DagBag from /home/airflow/.local/lib/python3.8/site-packages/airflow/example_dags/example_branch_day_of_week_operator.py
[2023-09-20T23:12:35.895+0000] {processor.py:839} INFO - DAG(s) dict_keys(['example_weekday_branch_operator']) retrieved from /home/airflow/.local/lib/python3.8/site-packages/airflow/example_dags/example_branch_day_of_week_operator.py
[2023-09-20T23:12:35.927+0000] {logging_mixin.py:151} INFO - [2023-09-20T23:12:35.927+0000] {dag.py:2915} INFO - Sync 1 DAGs
[2023-09-20T23:12:35.960+0000] {logging_mixin.py:151} INFO - [2023-09-20T23:12:35.960+0000] {dag.py:3696} INFO - Setting next_dagrun for example_weekday_branch_operator to 2023-09-19T00:00:00+00:00, run_after=2023-09-20T00:00:00+00:00
[2023-09-20T23:12:35.996+0000] {processor.py:179} INFO - Processing /home/airflow/.local/lib/python3.8/site-packages/airflow/example_dags/example_branch_day_of_week_operator.py took 0.134 seconds
[2023-09-20T23:13:06.856+0000] {processor.py:157} INFO - Started process (PID=217) to work on /home/airflow/.local/lib/python3.8/site-packages/airflow/example_dags/example_branch_day_of_week_operator.py
[2023-09-20T23:13:06.857+0000] {processor.py:829} INFO - Processing file /home/airflow/.local/lib/python3.8/site-packages/airflow/example_dags/example_branch_day_of_week_operator.py for tasks to queue
[2023-09-20T23:13:06.861+0000] {logging_mixin.py:151} INFO - [2023-09-20T23:13:06.860+0000] {dagbag.py:539} INFO - Filling up the DagBag from /home/airflow/.local/lib/python3.8/site-packages/airflow/example_dags/example_branch_day_of_week_operator.py
[2023-09-20T23:13:06.873+0000] {processor.py:839} INFO - DAG(s) dict_keys(['example_weekday_branch_operator']) retrieved from /home/airflow/.local/lib/python3.8/site-packages/airflow/example_dags/example_branch_day_of_week_operator.py
[2023-09-20T23:13:06.902+0000] {logging_mixin.py:151} INFO - [2023-09-20T23:13:06.901+0000] {dag.py:2915} INFO - Sync 1 DAGs
[2023-09-20T23:13:06.950+0000] {logging_mixin.py:151} INFO - [2023-09-20T23:13:06.949+0000] {dag.py:3696} INFO - Setting next_dagrun for example_weekday_branch_operator to 2023-09-19T00:00:00+00:00, run_after=2023-09-20T00:00:00+00:00
[2023-09-20T23:13:06.997+0000] {processor.py:179} INFO - Processing /home/airflow/.local/lib/python3.8/site-packages/airflow/example_dags/example_branch_day_of_week_operator.py took 0.147 seconds
