[2023-09-20T22:15:31.198+0000] {processor.py:157} INFO - Started process (PID=69) to work on /home/airflow/.local/lib/python3.8/site-packages/airflow/example_dags/example_sensors.py
[2023-09-20T22:15:31.199+0000] {processor.py:829} INFO - Processing file /home/airflow/.local/lib/python3.8/site-packages/airflow/example_dags/example_sensors.py for tasks to queue
[2023-09-20T22:15:31.203+0000] {logging_mixin.py:151} INFO - [2023-09-20T22:15:31.202+0000] {dagbag.py:539} INFO - Filling up the DagBag from /home/airflow/.local/lib/python3.8/site-packages/airflow/example_dags/example_sensors.py
[2023-09-20T22:15:31.241+0000] {processor.py:839} INFO - DAG(s) dict_keys(['example_sensors']) retrieved from /home/airflow/.local/lib/python3.8/site-packages/airflow/example_dags/example_sensors.py
[2023-09-20T22:15:31.273+0000] {logging_mixin.py:151} INFO - [2023-09-20T22:15:31.273+0000] {dag.py:2915} INFO - Sync 1 DAGs
[2023-09-20T22:15:31.320+0000] {logging_mixin.py:151} INFO - [2023-09-20T22:15:31.319+0000] {dag.py:3696} INFO - Setting next_dagrun for example_sensors to None, run_after=None
[2023-09-20T22:15:32.156+0000] {processor.py:179} INFO - Processing /home/airflow/.local/lib/python3.8/site-packages/airflow/example_dags/example_sensors.py took 0.964 seconds
[2023-09-20T22:16:02.642+0000] {processor.py:157} INFO - Started process (PID=123) to work on /home/airflow/.local/lib/python3.8/site-packages/airflow/example_dags/example_sensors.py
[2023-09-20T22:16:02.645+0000] {processor.py:829} INFO - Processing file /home/airflow/.local/lib/python3.8/site-packages/airflow/example_dags/example_sensors.py for tasks to queue
[2023-09-20T22:16:02.652+0000] {logging_mixin.py:151} INFO - [2023-09-20T22:16:02.651+0000] {dagbag.py:539} INFO - Filling up the DagBag from /home/airflow/.local/lib/python3.8/site-packages/airflow/example_dags/example_sensors.py
[2023-09-20T22:16:02.674+0000] {processor.py:839} INFO - DAG(s) dict_keys(['example_sensors']) retrieved from /home/airflow/.local/lib/python3.8/site-packages/airflow/example_dags/example_sensors.py
[2023-09-20T22:16:02.717+0000] {logging_mixin.py:151} INFO - [2023-09-20T22:16:02.717+0000] {dag.py:2915} INFO - Sync 1 DAGs
[2023-09-20T22:16:02.734+0000] {logging_mixin.py:151} INFO - [2023-09-20T22:16:02.734+0000] {dag.py:3696} INFO - Setting next_dagrun for example_sensors to None, run_after=None
[2023-09-20T22:16:02.771+0000] {processor.py:179} INFO - Processing /home/airflow/.local/lib/python3.8/site-packages/airflow/example_dags/example_sensors.py took 0.139 seconds
[2023-09-20T22:16:33.240+0000] {processor.py:157} INFO - Started process (PID=177) to work on /home/airflow/.local/lib/python3.8/site-packages/airflow/example_dags/example_sensors.py
[2023-09-20T22:16:33.243+0000] {processor.py:829} INFO - Processing file /home/airflow/.local/lib/python3.8/site-packages/airflow/example_dags/example_sensors.py for tasks to queue
[2023-09-20T22:16:33.250+0000] {logging_mixin.py:151} INFO - [2023-09-20T22:16:33.249+0000] {dagbag.py:539} INFO - Filling up the DagBag from /home/airflow/.local/lib/python3.8/site-packages/airflow/example_dags/example_sensors.py
[2023-09-20T22:16:33.279+0000] {processor.py:839} INFO - DAG(s) dict_keys(['example_sensors']) retrieved from /home/airflow/.local/lib/python3.8/site-packages/airflow/example_dags/example_sensors.py
[2023-09-20T22:16:33.333+0000] {logging_mixin.py:151} INFO - [2023-09-20T22:16:33.333+0000] {dag.py:2915} INFO - Sync 1 DAGs
[2023-09-20T22:16:33.351+0000] {logging_mixin.py:151} INFO - [2023-09-20T22:16:33.351+0000] {dag.py:3696} INFO - Setting next_dagrun for example_sensors to None, run_after=None
[2023-09-20T22:16:33.383+0000] {processor.py:179} INFO - Processing /home/airflow/.local/lib/python3.8/site-packages/airflow/example_dags/example_sensors.py took 0.152 seconds
[2023-09-20T22:17:03.935+0000] {processor.py:157} INFO - Started process (PID=231) to work on /home/airflow/.local/lib/python3.8/site-packages/airflow/example_dags/example_sensors.py
[2023-09-20T22:17:03.936+0000] {processor.py:829} INFO - Processing file /home/airflow/.local/lib/python3.8/site-packages/airflow/example_dags/example_sensors.py for tasks to queue
[2023-09-20T22:17:03.939+0000] {logging_mixin.py:151} INFO - [2023-09-20T22:17:03.939+0000] {dagbag.py:539} INFO - Filling up the DagBag from /home/airflow/.local/lib/python3.8/site-packages/airflow/example_dags/example_sensors.py
[2023-09-20T22:17:03.951+0000] {processor.py:839} INFO - DAG(s) dict_keys(['example_sensors']) retrieved from /home/airflow/.local/lib/python3.8/site-packages/airflow/example_dags/example_sensors.py
[2023-09-20T22:17:04.005+0000] {logging_mixin.py:151} INFO - [2023-09-20T22:17:04.005+0000] {dag.py:2915} INFO - Sync 1 DAGs
[2023-09-20T22:17:04.027+0000] {logging_mixin.py:151} INFO - [2023-09-20T22:17:04.027+0000] {dag.py:3696} INFO - Setting next_dagrun for example_sensors to None, run_after=None
[2023-09-20T22:17:04.054+0000] {processor.py:179} INFO - Processing /home/airflow/.local/lib/python3.8/site-packages/airflow/example_dags/example_sensors.py took 0.124 seconds
[2023-09-20T22:25:02.942+0000] {processor.py:157} INFO - Started process (PID=69) to work on /home/airflow/.local/lib/python3.8/site-packages/airflow/example_dags/example_sensors.py
[2023-09-20T22:25:02.945+0000] {processor.py:829} INFO - Processing file /home/airflow/.local/lib/python3.8/site-packages/airflow/example_dags/example_sensors.py for tasks to queue
[2023-09-20T22:25:02.949+0000] {logging_mixin.py:151} INFO - [2023-09-20T22:25:02.949+0000] {dagbag.py:539} INFO - Filling up the DagBag from /home/airflow/.local/lib/python3.8/site-packages/airflow/example_dags/example_sensors.py
[2023-09-20T22:25:02.962+0000] {processor.py:839} INFO - DAG(s) dict_keys(['example_sensors']) retrieved from /home/airflow/.local/lib/python3.8/site-packages/airflow/example_dags/example_sensors.py
[2023-09-20T22:25:02.981+0000] {logging_mixin.py:151} INFO - [2023-09-20T22:25:02.981+0000] {dag.py:2915} INFO - Sync 1 DAGs
[2023-09-20T22:25:03.014+0000] {logging_mixin.py:151} INFO - [2023-09-20T22:25:03.014+0000] {dag.py:3696} INFO - Setting next_dagrun for example_sensors to None, run_after=None
[2023-09-20T22:25:03.069+0000] {processor.py:179} INFO - Processing /home/airflow/.local/lib/python3.8/site-packages/airflow/example_dags/example_sensors.py took 0.131 seconds
[2023-09-20T22:25:33.250+0000] {processor.py:157} INFO - Started process (PID=124) to work on /home/airflow/.local/lib/python3.8/site-packages/airflow/example_dags/example_sensors.py
[2023-09-20T22:25:33.251+0000] {processor.py:829} INFO - Processing file /home/airflow/.local/lib/python3.8/site-packages/airflow/example_dags/example_sensors.py for tasks to queue
[2023-09-20T22:25:33.254+0000] {logging_mixin.py:151} INFO - [2023-09-20T22:25:33.254+0000] {dagbag.py:539} INFO - Filling up the DagBag from /home/airflow/.local/lib/python3.8/site-packages/airflow/example_dags/example_sensors.py
[2023-09-20T22:25:33.269+0000] {processor.py:839} INFO - DAG(s) dict_keys(['example_sensors']) retrieved from /home/airflow/.local/lib/python3.8/site-packages/airflow/example_dags/example_sensors.py
[2023-09-20T22:25:33.301+0000] {logging_mixin.py:151} INFO - [2023-09-20T22:25:33.301+0000] {dag.py:2915} INFO - Sync 1 DAGs
[2023-09-20T22:25:33.318+0000] {logging_mixin.py:151} INFO - [2023-09-20T22:25:33.318+0000] {dag.py:3696} INFO - Setting next_dagrun for example_sensors to None, run_after=None
[2023-09-20T22:25:33.350+0000] {processor.py:179} INFO - Processing /home/airflow/.local/lib/python3.8/site-packages/airflow/example_dags/example_sensors.py took 0.105 seconds
[2023-09-20T22:26:04.005+0000] {processor.py:157} INFO - Started process (PID=179) to work on /home/airflow/.local/lib/python3.8/site-packages/airflow/example_dags/example_sensors.py
[2023-09-20T22:26:04.007+0000] {processor.py:829} INFO - Processing file /home/airflow/.local/lib/python3.8/site-packages/airflow/example_dags/example_sensors.py for tasks to queue
[2023-09-20T22:26:04.012+0000] {logging_mixin.py:151} INFO - [2023-09-20T22:26:04.011+0000] {dagbag.py:539} INFO - Filling up the DagBag from /home/airflow/.local/lib/python3.8/site-packages/airflow/example_dags/example_sensors.py
[2023-09-20T22:26:04.028+0000] {processor.py:839} INFO - DAG(s) dict_keys(['example_sensors']) retrieved from /home/airflow/.local/lib/python3.8/site-packages/airflow/example_dags/example_sensors.py
[2023-09-20T22:26:04.062+0000] {logging_mixin.py:151} INFO - [2023-09-20T22:26:04.061+0000] {dag.py:2915} INFO - Sync 1 DAGs
[2023-09-20T22:26:04.077+0000] {logging_mixin.py:151} INFO - [2023-09-20T22:26:04.077+0000] {dag.py:3696} INFO - Setting next_dagrun for example_sensors to None, run_after=None
[2023-09-20T22:26:04.107+0000] {processor.py:179} INFO - Processing /home/airflow/.local/lib/python3.8/site-packages/airflow/example_dags/example_sensors.py took 0.107 seconds
[2023-09-20T22:26:35.972+0000] {processor.py:157} INFO - Started process (PID=234) to work on /home/airflow/.local/lib/python3.8/site-packages/airflow/example_dags/example_sensors.py
[2023-09-20T22:26:35.973+0000] {processor.py:829} INFO - Processing file /home/airflow/.local/lib/python3.8/site-packages/airflow/example_dags/example_sensors.py for tasks to queue
[2023-09-20T22:26:35.976+0000] {logging_mixin.py:151} INFO - [2023-09-20T22:26:35.976+0000] {dagbag.py:539} INFO - Filling up the DagBag from /home/airflow/.local/lib/python3.8/site-packages/airflow/example_dags/example_sensors.py
[2023-09-20T22:26:35.991+0000] {processor.py:839} INFO - DAG(s) dict_keys(['example_sensors']) retrieved from /home/airflow/.local/lib/python3.8/site-packages/airflow/example_dags/example_sensors.py
[2023-09-20T22:26:36.017+0000] {logging_mixin.py:151} INFO - [2023-09-20T22:26:36.017+0000] {dag.py:2915} INFO - Sync 1 DAGs
[2023-09-20T22:26:36.040+0000] {logging_mixin.py:151} INFO - [2023-09-20T22:26:36.040+0000] {dag.py:3696} INFO - Setting next_dagrun for example_sensors to None, run_after=None
[2023-09-20T22:26:36.095+0000] {processor.py:179} INFO - Processing /home/airflow/.local/lib/python3.8/site-packages/airflow/example_dags/example_sensors.py took 0.129 seconds
[2023-09-20T22:27:06.678+0000] {processor.py:157} INFO - Started process (PID=289) to work on /home/airflow/.local/lib/python3.8/site-packages/airflow/example_dags/example_sensors.py
[2023-09-20T22:27:06.679+0000] {processor.py:829} INFO - Processing file /home/airflow/.local/lib/python3.8/site-packages/airflow/example_dags/example_sensors.py for tasks to queue
[2023-09-20T22:27:06.682+0000] {logging_mixin.py:151} INFO - [2023-09-20T22:27:06.682+0000] {dagbag.py:539} INFO - Filling up the DagBag from /home/airflow/.local/lib/python3.8/site-packages/airflow/example_dags/example_sensors.py
[2023-09-20T22:27:06.699+0000] {processor.py:839} INFO - DAG(s) dict_keys(['example_sensors']) retrieved from /home/airflow/.local/lib/python3.8/site-packages/airflow/example_dags/example_sensors.py
[2023-09-20T22:27:06.738+0000] {logging_mixin.py:151} INFO - [2023-09-20T22:27:06.737+0000] {dag.py:2915} INFO - Sync 1 DAGs
[2023-09-20T22:27:06.759+0000] {logging_mixin.py:151} INFO - [2023-09-20T22:27:06.759+0000] {dag.py:3696} INFO - Setting next_dagrun for example_sensors to None, run_after=None
[2023-09-20T22:27:06.790+0000] {processor.py:179} INFO - Processing /home/airflow/.local/lib/python3.8/site-packages/airflow/example_dags/example_sensors.py took 0.118 seconds
[2023-09-20T22:27:36.858+0000] {processor.py:157} INFO - Started process (PID=344) to work on /home/airflow/.local/lib/python3.8/site-packages/airflow/example_dags/example_sensors.py
[2023-09-20T22:27:36.859+0000] {processor.py:829} INFO - Processing file /home/airflow/.local/lib/python3.8/site-packages/airflow/example_dags/example_sensors.py for tasks to queue
[2023-09-20T22:27:36.862+0000] {logging_mixin.py:151} INFO - [2023-09-20T22:27:36.862+0000] {dagbag.py:539} INFO - Filling up the DagBag from /home/airflow/.local/lib/python3.8/site-packages/airflow/example_dags/example_sensors.py
[2023-09-20T22:27:36.876+0000] {processor.py:839} INFO - DAG(s) dict_keys(['example_sensors']) retrieved from /home/airflow/.local/lib/python3.8/site-packages/airflow/example_dags/example_sensors.py
[2023-09-20T22:27:36.910+0000] {logging_mixin.py:151} INFO - [2023-09-20T22:27:36.910+0000] {dag.py:2915} INFO - Sync 1 DAGs
[2023-09-20T22:27:36.928+0000] {logging_mixin.py:151} INFO - [2023-09-20T22:27:36.928+0000] {dag.py:3696} INFO - Setting next_dagrun for example_sensors to None, run_after=None
[2023-09-20T22:27:36.961+0000] {processor.py:179} INFO - Processing /home/airflow/.local/lib/python3.8/site-packages/airflow/example_dags/example_sensors.py took 0.107 seconds
[2023-09-20T22:28:07.198+0000] {processor.py:157} INFO - Started process (PID=400) to work on /home/airflow/.local/lib/python3.8/site-packages/airflow/example_dags/example_sensors.py
[2023-09-20T22:28:07.199+0000] {processor.py:829} INFO - Processing file /home/airflow/.local/lib/python3.8/site-packages/airflow/example_dags/example_sensors.py for tasks to queue
[2023-09-20T22:28:07.202+0000] {logging_mixin.py:151} INFO - [2023-09-20T22:28:07.202+0000] {dagbag.py:539} INFO - Filling up the DagBag from /home/airflow/.local/lib/python3.8/site-packages/airflow/example_dags/example_sensors.py
[2023-09-20T22:28:07.214+0000] {processor.py:839} INFO - DAG(s) dict_keys(['example_sensors']) retrieved from /home/airflow/.local/lib/python3.8/site-packages/airflow/example_dags/example_sensors.py
[2023-09-20T22:28:07.247+0000] {logging_mixin.py:151} INFO - [2023-09-20T22:28:07.247+0000] {dag.py:2915} INFO - Sync 1 DAGs
[2023-09-20T22:28:07.263+0000] {logging_mixin.py:151} INFO - [2023-09-20T22:28:07.263+0000] {dag.py:3696} INFO - Setting next_dagrun for example_sensors to None, run_after=None
[2023-09-20T22:28:07.288+0000] {processor.py:179} INFO - Processing /home/airflow/.local/lib/python3.8/site-packages/airflow/example_dags/example_sensors.py took 0.094 seconds
[2023-09-20T22:28:37.434+0000] {processor.py:157} INFO - Started process (PID=455) to work on /home/airflow/.local/lib/python3.8/site-packages/airflow/example_dags/example_sensors.py
[2023-09-20T22:28:37.435+0000] {processor.py:829} INFO - Processing file /home/airflow/.local/lib/python3.8/site-packages/airflow/example_dags/example_sensors.py for tasks to queue
[2023-09-20T22:28:37.438+0000] {logging_mixin.py:151} INFO - [2023-09-20T22:28:37.438+0000] {dagbag.py:539} INFO - Filling up the DagBag from /home/airflow/.local/lib/python3.8/site-packages/airflow/example_dags/example_sensors.py
[2023-09-20T22:28:37.450+0000] {processor.py:839} INFO - DAG(s) dict_keys(['example_sensors']) retrieved from /home/airflow/.local/lib/python3.8/site-packages/airflow/example_dags/example_sensors.py
[2023-09-20T22:28:37.485+0000] {logging_mixin.py:151} INFO - [2023-09-20T22:28:37.485+0000] {dag.py:2915} INFO - Sync 1 DAGs
[2023-09-20T22:28:37.501+0000] {logging_mixin.py:151} INFO - [2023-09-20T22:28:37.501+0000] {dag.py:3696} INFO - Setting next_dagrun for example_sensors to None, run_after=None
[2023-09-20T22:28:37.526+0000] {processor.py:179} INFO - Processing /home/airflow/.local/lib/python3.8/site-packages/airflow/example_dags/example_sensors.py took 0.097 seconds
[2023-09-20T22:29:08.231+0000] {processor.py:157} INFO - Started process (PID=510) to work on /home/airflow/.local/lib/python3.8/site-packages/airflow/example_dags/example_sensors.py
[2023-09-20T22:29:08.233+0000] {processor.py:829} INFO - Processing file /home/airflow/.local/lib/python3.8/site-packages/airflow/example_dags/example_sensors.py for tasks to queue
[2023-09-20T22:29:08.236+0000] {logging_mixin.py:151} INFO - [2023-09-20T22:29:08.236+0000] {dagbag.py:539} INFO - Filling up the DagBag from /home/airflow/.local/lib/python3.8/site-packages/airflow/example_dags/example_sensors.py
[2023-09-20T22:29:08.250+0000] {processor.py:839} INFO - DAG(s) dict_keys(['example_sensors']) retrieved from /home/airflow/.local/lib/python3.8/site-packages/airflow/example_dags/example_sensors.py
[2023-09-20T22:29:08.295+0000] {logging_mixin.py:151} INFO - [2023-09-20T22:29:08.294+0000] {dag.py:2915} INFO - Sync 1 DAGs
[2023-09-20T22:29:08.311+0000] {logging_mixin.py:151} INFO - [2023-09-20T22:29:08.311+0000] {dag.py:3696} INFO - Setting next_dagrun for example_sensors to None, run_after=None
[2023-09-20T22:29:08.342+0000] {processor.py:179} INFO - Processing /home/airflow/.local/lib/python3.8/site-packages/airflow/example_dags/example_sensors.py took 0.115 seconds
[2023-09-20T22:29:39.548+0000] {processor.py:157} INFO - Started process (PID=565) to work on /home/airflow/.local/lib/python3.8/site-packages/airflow/example_dags/example_sensors.py
[2023-09-20T22:29:39.549+0000] {processor.py:829} INFO - Processing file /home/airflow/.local/lib/python3.8/site-packages/airflow/example_dags/example_sensors.py for tasks to queue
[2023-09-20T22:29:39.556+0000] {logging_mixin.py:151} INFO - [2023-09-20T22:29:39.555+0000] {dagbag.py:539} INFO - Filling up the DagBag from /home/airflow/.local/lib/python3.8/site-packages/airflow/example_dags/example_sensors.py
[2023-09-20T22:29:39.576+0000] {processor.py:839} INFO - DAG(s) dict_keys(['example_sensors']) retrieved from /home/airflow/.local/lib/python3.8/site-packages/airflow/example_dags/example_sensors.py
[2023-09-20T22:29:39.617+0000] {logging_mixin.py:151} INFO - [2023-09-20T22:29:39.617+0000] {dag.py:2915} INFO - Sync 1 DAGs
[2023-09-20T22:29:39.636+0000] {logging_mixin.py:151} INFO - [2023-09-20T22:29:39.636+0000] {dag.py:3696} INFO - Setting next_dagrun for example_sensors to None, run_after=None
[2023-09-20T22:29:39.682+0000] {processor.py:179} INFO - Processing /home/airflow/.local/lib/python3.8/site-packages/airflow/example_dags/example_sensors.py took 0.143 seconds
[2023-09-20T22:30:09.716+0000] {processor.py:157} INFO - Started process (PID=620) to work on /home/airflow/.local/lib/python3.8/site-packages/airflow/example_dags/example_sensors.py
[2023-09-20T22:30:09.717+0000] {processor.py:829} INFO - Processing file /home/airflow/.local/lib/python3.8/site-packages/airflow/example_dags/example_sensors.py for tasks to queue
[2023-09-20T22:30:09.721+0000] {logging_mixin.py:151} INFO - [2023-09-20T22:30:09.721+0000] {dagbag.py:539} INFO - Filling up the DagBag from /home/airflow/.local/lib/python3.8/site-packages/airflow/example_dags/example_sensors.py
[2023-09-20T22:30:09.742+0000] {processor.py:839} INFO - DAG(s) dict_keys(['example_sensors']) retrieved from /home/airflow/.local/lib/python3.8/site-packages/airflow/example_dags/example_sensors.py
[2023-09-20T22:30:09.778+0000] {logging_mixin.py:151} INFO - [2023-09-20T22:30:09.778+0000] {dag.py:2915} INFO - Sync 1 DAGs
[2023-09-20T22:30:09.803+0000] {logging_mixin.py:151} INFO - [2023-09-20T22:30:09.803+0000] {dag.py:3696} INFO - Setting next_dagrun for example_sensors to None, run_after=None
[2023-09-20T22:30:09.835+0000] {processor.py:179} INFO - Processing /home/airflow/.local/lib/python3.8/site-packages/airflow/example_dags/example_sensors.py took 0.123 seconds
[2023-09-20T22:30:40.436+0000] {processor.py:157} INFO - Started process (PID=674) to work on /home/airflow/.local/lib/python3.8/site-packages/airflow/example_dags/example_sensors.py
[2023-09-20T22:30:40.438+0000] {processor.py:829} INFO - Processing file /home/airflow/.local/lib/python3.8/site-packages/airflow/example_dags/example_sensors.py for tasks to queue
[2023-09-20T22:30:40.443+0000] {logging_mixin.py:151} INFO - [2023-09-20T22:30:40.442+0000] {dagbag.py:539} INFO - Filling up the DagBag from /home/airflow/.local/lib/python3.8/site-packages/airflow/example_dags/example_sensors.py
[2023-09-20T22:30:40.463+0000] {processor.py:839} INFO - DAG(s) dict_keys(['example_sensors']) retrieved from /home/airflow/.local/lib/python3.8/site-packages/airflow/example_dags/example_sensors.py
[2023-09-20T22:30:40.495+0000] {logging_mixin.py:151} INFO - [2023-09-20T22:30:40.495+0000] {dag.py:2915} INFO - Sync 1 DAGs
[2023-09-20T22:30:40.511+0000] {logging_mixin.py:151} INFO - [2023-09-20T22:30:40.511+0000] {dag.py:3696} INFO - Setting next_dagrun for example_sensors to None, run_after=None
[2023-09-20T22:30:40.543+0000] {processor.py:179} INFO - Processing /home/airflow/.local/lib/python3.8/site-packages/airflow/example_dags/example_sensors.py took 0.114 seconds
[2023-09-20T22:31:11.600+0000] {processor.py:157} INFO - Started process (PID=730) to work on /home/airflow/.local/lib/python3.8/site-packages/airflow/example_dags/example_sensors.py
[2023-09-20T22:31:11.602+0000] {processor.py:829} INFO - Processing file /home/airflow/.local/lib/python3.8/site-packages/airflow/example_dags/example_sensors.py for tasks to queue
[2023-09-20T22:31:11.607+0000] {logging_mixin.py:151} INFO - [2023-09-20T22:31:11.606+0000] {dagbag.py:539} INFO - Filling up the DagBag from /home/airflow/.local/lib/python3.8/site-packages/airflow/example_dags/example_sensors.py
[2023-09-20T22:31:11.625+0000] {processor.py:839} INFO - DAG(s) dict_keys(['example_sensors']) retrieved from /home/airflow/.local/lib/python3.8/site-packages/airflow/example_dags/example_sensors.py
[2023-09-20T22:31:11.666+0000] {logging_mixin.py:151} INFO - [2023-09-20T22:31:11.665+0000] {dag.py:2915} INFO - Sync 1 DAGs
[2023-09-20T22:31:11.683+0000] {logging_mixin.py:151} INFO - [2023-09-20T22:31:11.683+0000] {dag.py:3696} INFO - Setting next_dagrun for example_sensors to None, run_after=None
[2023-09-20T22:31:11.716+0000] {processor.py:179} INFO - Processing /home/airflow/.local/lib/python3.8/site-packages/airflow/example_dags/example_sensors.py took 0.122 seconds
[2023-09-20T22:31:43.033+0000] {processor.py:157} INFO - Started process (PID=785) to work on /home/airflow/.local/lib/python3.8/site-packages/airflow/example_dags/example_sensors.py
[2023-09-20T22:31:43.035+0000] {processor.py:829} INFO - Processing file /home/airflow/.local/lib/python3.8/site-packages/airflow/example_dags/example_sensors.py for tasks to queue
[2023-09-20T22:31:43.040+0000] {logging_mixin.py:151} INFO - [2023-09-20T22:31:43.039+0000] {dagbag.py:539} INFO - Filling up the DagBag from /home/airflow/.local/lib/python3.8/site-packages/airflow/example_dags/example_sensors.py
[2023-09-20T22:31:43.056+0000] {processor.py:839} INFO - DAG(s) dict_keys(['example_sensors']) retrieved from /home/airflow/.local/lib/python3.8/site-packages/airflow/example_dags/example_sensors.py
[2023-09-20T22:31:43.103+0000] {logging_mixin.py:151} INFO - [2023-09-20T22:31:43.103+0000] {dag.py:2915} INFO - Sync 1 DAGs
[2023-09-20T22:31:43.124+0000] {logging_mixin.py:151} INFO - [2023-09-20T22:31:43.123+0000] {dag.py:3696} INFO - Setting next_dagrun for example_sensors to None, run_after=None
[2023-09-20T22:31:43.163+0000] {processor.py:179} INFO - Processing /home/airflow/.local/lib/python3.8/site-packages/airflow/example_dags/example_sensors.py took 0.136 seconds
[2023-09-20T22:32:13.708+0000] {processor.py:157} INFO - Started process (PID=840) to work on /home/airflow/.local/lib/python3.8/site-packages/airflow/example_dags/example_sensors.py
[2023-09-20T22:32:13.709+0000] {processor.py:829} INFO - Processing file /home/airflow/.local/lib/python3.8/site-packages/airflow/example_dags/example_sensors.py for tasks to queue
[2023-09-20T22:32:13.712+0000] {logging_mixin.py:151} INFO - [2023-09-20T22:32:13.712+0000] {dagbag.py:539} INFO - Filling up the DagBag from /home/airflow/.local/lib/python3.8/site-packages/airflow/example_dags/example_sensors.py
[2023-09-20T22:32:13.726+0000] {processor.py:839} INFO - DAG(s) dict_keys(['example_sensors']) retrieved from /home/airflow/.local/lib/python3.8/site-packages/airflow/example_dags/example_sensors.py
[2023-09-20T22:32:13.767+0000] {logging_mixin.py:151} INFO - [2023-09-20T22:32:13.766+0000] {dag.py:2915} INFO - Sync 1 DAGs
[2023-09-20T22:32:13.793+0000] {logging_mixin.py:151} INFO - [2023-09-20T22:32:13.792+0000] {dag.py:3696} INFO - Setting next_dagrun for example_sensors to None, run_after=None
[2023-09-20T22:32:13.835+0000] {processor.py:179} INFO - Processing /home/airflow/.local/lib/python3.8/site-packages/airflow/example_dags/example_sensors.py took 0.132 seconds
[2023-09-20T22:32:44.696+0000] {processor.py:157} INFO - Started process (PID=895) to work on /home/airflow/.local/lib/python3.8/site-packages/airflow/example_dags/example_sensors.py
[2023-09-20T22:32:44.697+0000] {processor.py:829} INFO - Processing file /home/airflow/.local/lib/python3.8/site-packages/airflow/example_dags/example_sensors.py for tasks to queue
[2023-09-20T22:32:44.700+0000] {logging_mixin.py:151} INFO - [2023-09-20T22:32:44.700+0000] {dagbag.py:539} INFO - Filling up the DagBag from /home/airflow/.local/lib/python3.8/site-packages/airflow/example_dags/example_sensors.py
[2023-09-20T22:32:44.713+0000] {processor.py:839} INFO - DAG(s) dict_keys(['example_sensors']) retrieved from /home/airflow/.local/lib/python3.8/site-packages/airflow/example_dags/example_sensors.py
[2023-09-20T22:32:44.744+0000] {logging_mixin.py:151} INFO - [2023-09-20T22:32:44.744+0000] {dag.py:2915} INFO - Sync 1 DAGs
[2023-09-20T22:32:44.761+0000] {logging_mixin.py:151} INFO - [2023-09-20T22:32:44.761+0000] {dag.py:3696} INFO - Setting next_dagrun for example_sensors to None, run_after=None
[2023-09-20T22:32:44.795+0000] {processor.py:179} INFO - Processing /home/airflow/.local/lib/python3.8/site-packages/airflow/example_dags/example_sensors.py took 0.104 seconds
[2023-09-20T22:33:15.599+0000] {processor.py:157} INFO - Started process (PID=950) to work on /home/airflow/.local/lib/python3.8/site-packages/airflow/example_dags/example_sensors.py
[2023-09-20T22:33:15.600+0000] {processor.py:829} INFO - Processing file /home/airflow/.local/lib/python3.8/site-packages/airflow/example_dags/example_sensors.py for tasks to queue
[2023-09-20T22:33:15.603+0000] {logging_mixin.py:151} INFO - [2023-09-20T22:33:15.603+0000] {dagbag.py:539} INFO - Filling up the DagBag from /home/airflow/.local/lib/python3.8/site-packages/airflow/example_dags/example_sensors.py
[2023-09-20T22:33:15.615+0000] {processor.py:839} INFO - DAG(s) dict_keys(['example_sensors']) retrieved from /home/airflow/.local/lib/python3.8/site-packages/airflow/example_dags/example_sensors.py
[2023-09-20T22:33:15.653+0000] {logging_mixin.py:151} INFO - [2023-09-20T22:33:15.653+0000] {dag.py:2915} INFO - Sync 1 DAGs
[2023-09-20T22:33:15.672+0000] {logging_mixin.py:151} INFO - [2023-09-20T22:33:15.672+0000] {dag.py:3696} INFO - Setting next_dagrun for example_sensors to None, run_after=None
[2023-09-20T22:33:15.748+0000] {processor.py:179} INFO - Processing /home/airflow/.local/lib/python3.8/site-packages/airflow/example_dags/example_sensors.py took 0.154 seconds
[2023-09-20T22:33:46.396+0000] {processor.py:157} INFO - Started process (PID=1005) to work on /home/airflow/.local/lib/python3.8/site-packages/airflow/example_dags/example_sensors.py
[2023-09-20T22:33:46.398+0000] {processor.py:829} INFO - Processing file /home/airflow/.local/lib/python3.8/site-packages/airflow/example_dags/example_sensors.py for tasks to queue
[2023-09-20T22:33:46.402+0000] {logging_mixin.py:151} INFO - [2023-09-20T22:33:46.402+0000] {dagbag.py:539} INFO - Filling up the DagBag from /home/airflow/.local/lib/python3.8/site-packages/airflow/example_dags/example_sensors.py
[2023-09-20T22:33:46.421+0000] {processor.py:839} INFO - DAG(s) dict_keys(['example_sensors']) retrieved from /home/airflow/.local/lib/python3.8/site-packages/airflow/example_dags/example_sensors.py
[2023-09-20T22:33:46.454+0000] {logging_mixin.py:151} INFO - [2023-09-20T22:33:46.454+0000] {dag.py:2915} INFO - Sync 1 DAGs
[2023-09-20T22:33:46.472+0000] {logging_mixin.py:151} INFO - [2023-09-20T22:33:46.471+0000] {dag.py:3696} INFO - Setting next_dagrun for example_sensors to None, run_after=None
[2023-09-20T22:33:46.526+0000] {processor.py:179} INFO - Processing /home/airflow/.local/lib/python3.8/site-packages/airflow/example_dags/example_sensors.py took 0.135 seconds
[2023-09-20T22:34:17.148+0000] {processor.py:157} INFO - Started process (PID=1060) to work on /home/airflow/.local/lib/python3.8/site-packages/airflow/example_dags/example_sensors.py
[2023-09-20T22:34:17.149+0000] {processor.py:829} INFO - Processing file /home/airflow/.local/lib/python3.8/site-packages/airflow/example_dags/example_sensors.py for tasks to queue
[2023-09-20T22:34:17.153+0000] {logging_mixin.py:151} INFO - [2023-09-20T22:34:17.153+0000] {dagbag.py:539} INFO - Filling up the DagBag from /home/airflow/.local/lib/python3.8/site-packages/airflow/example_dags/example_sensors.py
[2023-09-20T22:34:17.168+0000] {processor.py:839} INFO - DAG(s) dict_keys(['example_sensors']) retrieved from /home/airflow/.local/lib/python3.8/site-packages/airflow/example_dags/example_sensors.py
[2023-09-20T22:34:17.221+0000] {logging_mixin.py:151} INFO - [2023-09-20T22:34:17.220+0000] {dag.py:2915} INFO - Sync 1 DAGs
[2023-09-20T22:34:17.241+0000] {logging_mixin.py:151} INFO - [2023-09-20T22:34:17.241+0000] {dag.py:3696} INFO - Setting next_dagrun for example_sensors to None, run_after=None
[2023-09-20T22:34:17.281+0000] {processor.py:179} INFO - Processing /home/airflow/.local/lib/python3.8/site-packages/airflow/example_dags/example_sensors.py took 0.137 seconds
[2023-09-20T22:34:47.953+0000] {processor.py:157} INFO - Started process (PID=1115) to work on /home/airflow/.local/lib/python3.8/site-packages/airflow/example_dags/example_sensors.py
[2023-09-20T22:34:47.954+0000] {processor.py:829} INFO - Processing file /home/airflow/.local/lib/python3.8/site-packages/airflow/example_dags/example_sensors.py for tasks to queue
[2023-09-20T22:34:47.957+0000] {logging_mixin.py:151} INFO - [2023-09-20T22:34:47.957+0000] {dagbag.py:539} INFO - Filling up the DagBag from /home/airflow/.local/lib/python3.8/site-packages/airflow/example_dags/example_sensors.py
[2023-09-20T22:34:47.970+0000] {processor.py:839} INFO - DAG(s) dict_keys(['example_sensors']) retrieved from /home/airflow/.local/lib/python3.8/site-packages/airflow/example_dags/example_sensors.py
[2023-09-20T22:34:48.004+0000] {logging_mixin.py:151} INFO - [2023-09-20T22:34:48.004+0000] {dag.py:2915} INFO - Sync 1 DAGs
[2023-09-20T22:34:48.025+0000] {logging_mixin.py:151} INFO - [2023-09-20T22:34:48.025+0000] {dag.py:3696} INFO - Setting next_dagrun for example_sensors to None, run_after=None
[2023-09-20T22:34:48.058+0000] {processor.py:179} INFO - Processing /home/airflow/.local/lib/python3.8/site-packages/airflow/example_dags/example_sensors.py took 0.110 seconds
[2023-09-20T22:35:18.965+0000] {processor.py:157} INFO - Started process (PID=1170) to work on /home/airflow/.local/lib/python3.8/site-packages/airflow/example_dags/example_sensors.py
[2023-09-20T22:35:18.967+0000] {processor.py:829} INFO - Processing file /home/airflow/.local/lib/python3.8/site-packages/airflow/example_dags/example_sensors.py for tasks to queue
[2023-09-20T22:35:18.970+0000] {logging_mixin.py:151} INFO - [2023-09-20T22:35:18.970+0000] {dagbag.py:539} INFO - Filling up the DagBag from /home/airflow/.local/lib/python3.8/site-packages/airflow/example_dags/example_sensors.py
[2023-09-20T22:35:18.983+0000] {processor.py:839} INFO - DAG(s) dict_keys(['example_sensors']) retrieved from /home/airflow/.local/lib/python3.8/site-packages/airflow/example_dags/example_sensors.py
[2023-09-20T22:35:19.017+0000] {logging_mixin.py:151} INFO - [2023-09-20T22:35:19.017+0000] {dag.py:2915} INFO - Sync 1 DAGs
[2023-09-20T22:35:19.034+0000] {logging_mixin.py:151} INFO - [2023-09-20T22:35:19.034+0000] {dag.py:3696} INFO - Setting next_dagrun for example_sensors to None, run_after=None
[2023-09-20T22:35:19.063+0000] {processor.py:179} INFO - Processing /home/airflow/.local/lib/python3.8/site-packages/airflow/example_dags/example_sensors.py took 0.102 seconds
[2023-09-20T22:35:50.259+0000] {processor.py:157} INFO - Started process (PID=1225) to work on /home/airflow/.local/lib/python3.8/site-packages/airflow/example_dags/example_sensors.py
[2023-09-20T22:35:50.261+0000] {processor.py:829} INFO - Processing file /home/airflow/.local/lib/python3.8/site-packages/airflow/example_dags/example_sensors.py for tasks to queue
[2023-09-20T22:35:50.265+0000] {logging_mixin.py:151} INFO - [2023-09-20T22:35:50.265+0000] {dagbag.py:539} INFO - Filling up the DagBag from /home/airflow/.local/lib/python3.8/site-packages/airflow/example_dags/example_sensors.py
[2023-09-20T22:35:50.287+0000] {processor.py:839} INFO - DAG(s) dict_keys(['example_sensors']) retrieved from /home/airflow/.local/lib/python3.8/site-packages/airflow/example_dags/example_sensors.py
[2023-09-20T22:35:50.340+0000] {logging_mixin.py:151} INFO - [2023-09-20T22:35:50.339+0000] {dag.py:2915} INFO - Sync 1 DAGs
[2023-09-20T22:35:50.362+0000] {logging_mixin.py:151} INFO - [2023-09-20T22:35:50.362+0000] {dag.py:3696} INFO - Setting next_dagrun for example_sensors to None, run_after=None
[2023-09-20T22:35:50.406+0000] {processor.py:179} INFO - Processing /home/airflow/.local/lib/python3.8/site-packages/airflow/example_dags/example_sensors.py took 0.156 seconds
[2023-09-20T22:36:21.012+0000] {processor.py:157} INFO - Started process (PID=1280) to work on /home/airflow/.local/lib/python3.8/site-packages/airflow/example_dags/example_sensors.py
[2023-09-20T22:36:21.013+0000] {processor.py:829} INFO - Processing file /home/airflow/.local/lib/python3.8/site-packages/airflow/example_dags/example_sensors.py for tasks to queue
[2023-09-20T22:36:21.016+0000] {logging_mixin.py:151} INFO - [2023-09-20T22:36:21.016+0000] {dagbag.py:539} INFO - Filling up the DagBag from /home/airflow/.local/lib/python3.8/site-packages/airflow/example_dags/example_sensors.py
[2023-09-20T22:36:21.029+0000] {processor.py:839} INFO - DAG(s) dict_keys(['example_sensors']) retrieved from /home/airflow/.local/lib/python3.8/site-packages/airflow/example_dags/example_sensors.py
[2023-09-20T22:36:21.063+0000] {logging_mixin.py:151} INFO - [2023-09-20T22:36:21.062+0000] {dag.py:2915} INFO - Sync 1 DAGs
[2023-09-20T22:36:21.080+0000] {logging_mixin.py:151} INFO - [2023-09-20T22:36:21.080+0000] {dag.py:3696} INFO - Setting next_dagrun for example_sensors to None, run_after=None
[2023-09-20T22:36:21.110+0000] {processor.py:179} INFO - Processing /home/airflow/.local/lib/python3.8/site-packages/airflow/example_dags/example_sensors.py took 0.103 seconds
[2023-09-20T22:36:51.556+0000] {processor.py:157} INFO - Started process (PID=1343) to work on /home/airflow/.local/lib/python3.8/site-packages/airflow/example_dags/example_sensors.py
[2023-09-20T22:36:51.557+0000] {processor.py:829} INFO - Processing file /home/airflow/.local/lib/python3.8/site-packages/airflow/example_dags/example_sensors.py for tasks to queue
[2023-09-20T22:36:51.562+0000] {logging_mixin.py:151} INFO - [2023-09-20T22:36:51.561+0000] {dagbag.py:539} INFO - Filling up the DagBag from /home/airflow/.local/lib/python3.8/site-packages/airflow/example_dags/example_sensors.py
[2023-09-20T22:36:51.579+0000] {processor.py:839} INFO - DAG(s) dict_keys(['example_sensors']) retrieved from /home/airflow/.local/lib/python3.8/site-packages/airflow/example_dags/example_sensors.py
[2023-09-20T22:36:51.617+0000] {logging_mixin.py:151} INFO - [2023-09-20T22:36:51.617+0000] {dag.py:2915} INFO - Sync 1 DAGs
[2023-09-20T22:36:51.634+0000] {logging_mixin.py:151} INFO - [2023-09-20T22:36:51.634+0000] {dag.py:3696} INFO - Setting next_dagrun for example_sensors to None, run_after=None
[2023-09-20T22:36:51.681+0000] {processor.py:179} INFO - Processing /home/airflow/.local/lib/python3.8/site-packages/airflow/example_dags/example_sensors.py took 0.132 seconds
[2023-09-20T22:37:22.323+0000] {processor.py:157} INFO - Started process (PID=1398) to work on /home/airflow/.local/lib/python3.8/site-packages/airflow/example_dags/example_sensors.py
[2023-09-20T22:37:22.325+0000] {processor.py:829} INFO - Processing file /home/airflow/.local/lib/python3.8/site-packages/airflow/example_dags/example_sensors.py for tasks to queue
[2023-09-20T22:37:22.328+0000] {logging_mixin.py:151} INFO - [2023-09-20T22:37:22.328+0000] {dagbag.py:539} INFO - Filling up the DagBag from /home/airflow/.local/lib/python3.8/site-packages/airflow/example_dags/example_sensors.py
[2023-09-20T22:37:22.340+0000] {processor.py:839} INFO - DAG(s) dict_keys(['example_sensors']) retrieved from /home/airflow/.local/lib/python3.8/site-packages/airflow/example_dags/example_sensors.py
[2023-09-20T22:37:22.373+0000] {logging_mixin.py:151} INFO - [2023-09-20T22:37:22.373+0000] {dag.py:2915} INFO - Sync 1 DAGs
[2023-09-20T22:37:22.389+0000] {logging_mixin.py:151} INFO - [2023-09-20T22:37:22.388+0000] {dag.py:3696} INFO - Setting next_dagrun for example_sensors to None, run_after=None
[2023-09-20T22:37:22.416+0000] {processor.py:179} INFO - Processing /home/airflow/.local/lib/python3.8/site-packages/airflow/example_dags/example_sensors.py took 0.097 seconds
[2023-09-20T22:37:53.348+0000] {processor.py:157} INFO - Started process (PID=1453) to work on /home/airflow/.local/lib/python3.8/site-packages/airflow/example_dags/example_sensors.py
[2023-09-20T22:37:53.350+0000] {processor.py:829} INFO - Processing file /home/airflow/.local/lib/python3.8/site-packages/airflow/example_dags/example_sensors.py for tasks to queue
[2023-09-20T22:37:53.354+0000] {logging_mixin.py:151} INFO - [2023-09-20T22:37:53.353+0000] {dagbag.py:539} INFO - Filling up the DagBag from /home/airflow/.local/lib/python3.8/site-packages/airflow/example_dags/example_sensors.py
[2023-09-20T22:37:53.366+0000] {processor.py:839} INFO - DAG(s) dict_keys(['example_sensors']) retrieved from /home/airflow/.local/lib/python3.8/site-packages/airflow/example_dags/example_sensors.py
[2023-09-20T22:37:53.407+0000] {logging_mixin.py:151} INFO - [2023-09-20T22:37:53.407+0000] {dag.py:2915} INFO - Sync 1 DAGs
[2023-09-20T22:37:53.432+0000] {logging_mixin.py:151} INFO - [2023-09-20T22:37:53.431+0000] {dag.py:3696} INFO - Setting next_dagrun for example_sensors to None, run_after=None
[2023-09-20T22:37:53.463+0000] {processor.py:179} INFO - Processing /home/airflow/.local/lib/python3.8/site-packages/airflow/example_dags/example_sensors.py took 0.121 seconds
[2023-09-20T22:38:23.701+0000] {processor.py:157} INFO - Started process (PID=1508) to work on /home/airflow/.local/lib/python3.8/site-packages/airflow/example_dags/example_sensors.py
[2023-09-20T22:38:23.703+0000] {processor.py:829} INFO - Processing file /home/airflow/.local/lib/python3.8/site-packages/airflow/example_dags/example_sensors.py for tasks to queue
[2023-09-20T22:38:23.706+0000] {logging_mixin.py:151} INFO - [2023-09-20T22:38:23.706+0000] {dagbag.py:539} INFO - Filling up the DagBag from /home/airflow/.local/lib/python3.8/site-packages/airflow/example_dags/example_sensors.py
[2023-09-20T22:38:23.719+0000] {processor.py:839} INFO - DAG(s) dict_keys(['example_sensors']) retrieved from /home/airflow/.local/lib/python3.8/site-packages/airflow/example_dags/example_sensors.py
[2023-09-20T22:38:23.753+0000] {logging_mixin.py:151} INFO - [2023-09-20T22:38:23.752+0000] {dag.py:2915} INFO - Sync 1 DAGs
[2023-09-20T22:38:23.771+0000] {logging_mixin.py:151} INFO - [2023-09-20T22:38:23.771+0000] {dag.py:3696} INFO - Setting next_dagrun for example_sensors to None, run_after=None
[2023-09-20T22:38:23.804+0000] {processor.py:179} INFO - Processing /home/airflow/.local/lib/python3.8/site-packages/airflow/example_dags/example_sensors.py took 0.107 seconds
[2023-09-20T22:38:54.528+0000] {processor.py:157} INFO - Started process (PID=1563) to work on /home/airflow/.local/lib/python3.8/site-packages/airflow/example_dags/example_sensors.py
[2023-09-20T22:38:54.529+0000] {processor.py:829} INFO - Processing file /home/airflow/.local/lib/python3.8/site-packages/airflow/example_dags/example_sensors.py for tasks to queue
[2023-09-20T22:38:54.533+0000] {logging_mixin.py:151} INFO - [2023-09-20T22:38:54.532+0000] {dagbag.py:539} INFO - Filling up the DagBag from /home/airflow/.local/lib/python3.8/site-packages/airflow/example_dags/example_sensors.py
[2023-09-20T22:38:54.545+0000] {processor.py:839} INFO - DAG(s) dict_keys(['example_sensors']) retrieved from /home/airflow/.local/lib/python3.8/site-packages/airflow/example_dags/example_sensors.py
[2023-09-20T22:38:54.581+0000] {logging_mixin.py:151} INFO - [2023-09-20T22:38:54.581+0000] {dag.py:2915} INFO - Sync 1 DAGs
[2023-09-20T22:38:54.597+0000] {logging_mixin.py:151} INFO - [2023-09-20T22:38:54.597+0000] {dag.py:3696} INFO - Setting next_dagrun for example_sensors to None, run_after=None
[2023-09-20T22:38:54.628+0000] {processor.py:179} INFO - Processing /home/airflow/.local/lib/python3.8/site-packages/airflow/example_dags/example_sensors.py took 0.105 seconds
[2023-09-20T22:39:24.763+0000] {processor.py:157} INFO - Started process (PID=1618) to work on /home/airflow/.local/lib/python3.8/site-packages/airflow/example_dags/example_sensors.py
[2023-09-20T22:39:24.765+0000] {processor.py:829} INFO - Processing file /home/airflow/.local/lib/python3.8/site-packages/airflow/example_dags/example_sensors.py for tasks to queue
[2023-09-20T22:39:24.769+0000] {logging_mixin.py:151} INFO - [2023-09-20T22:39:24.769+0000] {dagbag.py:539} INFO - Filling up the DagBag from /home/airflow/.local/lib/python3.8/site-packages/airflow/example_dags/example_sensors.py
[2023-09-20T22:39:24.783+0000] {processor.py:839} INFO - DAG(s) dict_keys(['example_sensors']) retrieved from /home/airflow/.local/lib/python3.8/site-packages/airflow/example_dags/example_sensors.py
[2023-09-20T22:39:24.817+0000] {logging_mixin.py:151} INFO - [2023-09-20T22:39:24.817+0000] {dag.py:2915} INFO - Sync 1 DAGs
[2023-09-20T22:39:24.836+0000] {logging_mixin.py:151} INFO - [2023-09-20T22:39:24.835+0000] {dag.py:3696} INFO - Setting next_dagrun for example_sensors to None, run_after=None
[2023-09-20T22:39:24.874+0000] {processor.py:179} INFO - Processing /home/airflow/.local/lib/python3.8/site-packages/airflow/example_dags/example_sensors.py took 0.117 seconds
[2023-09-20T22:39:55.089+0000] {processor.py:157} INFO - Started process (PID=1672) to work on /home/airflow/.local/lib/python3.8/site-packages/airflow/example_dags/example_sensors.py
[2023-09-20T22:39:55.091+0000] {processor.py:829} INFO - Processing file /home/airflow/.local/lib/python3.8/site-packages/airflow/example_dags/example_sensors.py for tasks to queue
[2023-09-20T22:39:55.096+0000] {logging_mixin.py:151} INFO - [2023-09-20T22:39:55.095+0000] {dagbag.py:539} INFO - Filling up the DagBag from /home/airflow/.local/lib/python3.8/site-packages/airflow/example_dags/example_sensors.py
[2023-09-20T22:39:55.116+0000] {processor.py:839} INFO - DAG(s) dict_keys(['example_sensors']) retrieved from /home/airflow/.local/lib/python3.8/site-packages/airflow/example_dags/example_sensors.py
[2023-09-20T22:39:55.161+0000] {logging_mixin.py:151} INFO - [2023-09-20T22:39:55.161+0000] {dag.py:2915} INFO - Sync 1 DAGs
[2023-09-20T22:39:55.181+0000] {logging_mixin.py:151} INFO - [2023-09-20T22:39:55.181+0000] {dag.py:3696} INFO - Setting next_dagrun for example_sensors to None, run_after=None
[2023-09-20T22:39:55.211+0000] {processor.py:179} INFO - Processing /home/airflow/.local/lib/python3.8/site-packages/airflow/example_dags/example_sensors.py took 0.127 seconds
[2023-09-20T22:40:25.981+0000] {processor.py:157} INFO - Started process (PID=1727) to work on /home/airflow/.local/lib/python3.8/site-packages/airflow/example_dags/example_sensors.py
[2023-09-20T22:40:25.983+0000] {processor.py:829} INFO - Processing file /home/airflow/.local/lib/python3.8/site-packages/airflow/example_dags/example_sensors.py for tasks to queue
[2023-09-20T22:40:25.986+0000] {logging_mixin.py:151} INFO - [2023-09-20T22:40:25.985+0000] {dagbag.py:539} INFO - Filling up the DagBag from /home/airflow/.local/lib/python3.8/site-packages/airflow/example_dags/example_sensors.py
[2023-09-20T22:40:25.998+0000] {processor.py:839} INFO - DAG(s) dict_keys(['example_sensors']) retrieved from /home/airflow/.local/lib/python3.8/site-packages/airflow/example_dags/example_sensors.py
[2023-09-20T22:40:26.034+0000] {logging_mixin.py:151} INFO - [2023-09-20T22:40:26.034+0000] {dag.py:2915} INFO - Sync 1 DAGs
[2023-09-20T22:40:26.052+0000] {logging_mixin.py:151} INFO - [2023-09-20T22:40:26.052+0000] {dag.py:3696} INFO - Setting next_dagrun for example_sensors to None, run_after=None
[2023-09-20T22:40:26.083+0000] {processor.py:179} INFO - Processing /home/airflow/.local/lib/python3.8/site-packages/airflow/example_dags/example_sensors.py took 0.107 seconds
[2023-09-20T22:40:56.456+0000] {processor.py:157} INFO - Started process (PID=1782) to work on /home/airflow/.local/lib/python3.8/site-packages/airflow/example_dags/example_sensors.py
[2023-09-20T22:40:56.457+0000] {processor.py:829} INFO - Processing file /home/airflow/.local/lib/python3.8/site-packages/airflow/example_dags/example_sensors.py for tasks to queue
[2023-09-20T22:40:56.461+0000] {logging_mixin.py:151} INFO - [2023-09-20T22:40:56.460+0000] {dagbag.py:539} INFO - Filling up the DagBag from /home/airflow/.local/lib/python3.8/site-packages/airflow/example_dags/example_sensors.py
[2023-09-20T22:40:56.477+0000] {processor.py:839} INFO - DAG(s) dict_keys(['example_sensors']) retrieved from /home/airflow/.local/lib/python3.8/site-packages/airflow/example_dags/example_sensors.py
[2023-09-20T22:40:56.516+0000] {logging_mixin.py:151} INFO - [2023-09-20T22:40:56.515+0000] {dag.py:2915} INFO - Sync 1 DAGs
[2023-09-20T22:40:56.532+0000] {logging_mixin.py:151} INFO - [2023-09-20T22:40:56.532+0000] {dag.py:3696} INFO - Setting next_dagrun for example_sensors to None, run_after=None
[2023-09-20T22:40:56.563+0000] {processor.py:179} INFO - Processing /home/airflow/.local/lib/python3.8/site-packages/airflow/example_dags/example_sensors.py took 0.114 seconds
[2023-09-20T22:41:27.033+0000] {processor.py:157} INFO - Started process (PID=1837) to work on /home/airflow/.local/lib/python3.8/site-packages/airflow/example_dags/example_sensors.py
[2023-09-20T22:41:27.034+0000] {processor.py:829} INFO - Processing file /home/airflow/.local/lib/python3.8/site-packages/airflow/example_dags/example_sensors.py for tasks to queue
[2023-09-20T22:41:27.038+0000] {logging_mixin.py:151} INFO - [2023-09-20T22:41:27.037+0000] {dagbag.py:539} INFO - Filling up the DagBag from /home/airflow/.local/lib/python3.8/site-packages/airflow/example_dags/example_sensors.py
[2023-09-20T22:41:27.051+0000] {processor.py:839} INFO - DAG(s) dict_keys(['example_sensors']) retrieved from /home/airflow/.local/lib/python3.8/site-packages/airflow/example_dags/example_sensors.py
[2023-09-20T22:41:27.095+0000] {logging_mixin.py:151} INFO - [2023-09-20T22:41:27.094+0000] {dag.py:2915} INFO - Sync 1 DAGs
[2023-09-20T22:41:27.119+0000] {logging_mixin.py:151} INFO - [2023-09-20T22:41:27.119+0000] {dag.py:3696} INFO - Setting next_dagrun for example_sensors to None, run_after=None
[2023-09-20T22:41:27.150+0000] {processor.py:179} INFO - Processing /home/airflow/.local/lib/python3.8/site-packages/airflow/example_dags/example_sensors.py took 0.123 seconds
[2023-09-20T22:41:57.659+0000] {processor.py:157} INFO - Started process (PID=1892) to work on /home/airflow/.local/lib/python3.8/site-packages/airflow/example_dags/example_sensors.py
[2023-09-20T22:41:57.660+0000] {processor.py:829} INFO - Processing file /home/airflow/.local/lib/python3.8/site-packages/airflow/example_dags/example_sensors.py for tasks to queue
[2023-09-20T22:41:57.664+0000] {logging_mixin.py:151} INFO - [2023-09-20T22:41:57.663+0000] {dagbag.py:539} INFO - Filling up the DagBag from /home/airflow/.local/lib/python3.8/site-packages/airflow/example_dags/example_sensors.py
[2023-09-20T22:41:57.677+0000] {processor.py:839} INFO - DAG(s) dict_keys(['example_sensors']) retrieved from /home/airflow/.local/lib/python3.8/site-packages/airflow/example_dags/example_sensors.py
[2023-09-20T22:41:57.717+0000] {logging_mixin.py:151} INFO - [2023-09-20T22:41:57.717+0000] {dag.py:2915} INFO - Sync 1 DAGs
[2023-09-20T22:41:57.737+0000] {logging_mixin.py:151} INFO - [2023-09-20T22:41:57.737+0000] {dag.py:3696} INFO - Setting next_dagrun for example_sensors to None, run_after=None
[2023-09-20T22:41:57.769+0000] {processor.py:179} INFO - Processing /home/airflow/.local/lib/python3.8/site-packages/airflow/example_dags/example_sensors.py took 0.116 seconds
[2023-09-20T22:42:28.129+0000] {processor.py:157} INFO - Started process (PID=1947) to work on /home/airflow/.local/lib/python3.8/site-packages/airflow/example_dags/example_sensors.py
[2023-09-20T22:42:28.130+0000] {processor.py:829} INFO - Processing file /home/airflow/.local/lib/python3.8/site-packages/airflow/example_dags/example_sensors.py for tasks to queue
[2023-09-20T22:42:28.133+0000] {logging_mixin.py:151} INFO - [2023-09-20T22:42:28.133+0000] {dagbag.py:539} INFO - Filling up the DagBag from /home/airflow/.local/lib/python3.8/site-packages/airflow/example_dags/example_sensors.py
[2023-09-20T22:42:28.147+0000] {processor.py:839} INFO - DAG(s) dict_keys(['example_sensors']) retrieved from /home/airflow/.local/lib/python3.8/site-packages/airflow/example_dags/example_sensors.py
[2023-09-20T22:42:28.184+0000] {logging_mixin.py:151} INFO - [2023-09-20T22:42:28.183+0000] {dag.py:2915} INFO - Sync 1 DAGs
[2023-09-20T22:42:28.203+0000] {logging_mixin.py:151} INFO - [2023-09-20T22:42:28.203+0000] {dag.py:3696} INFO - Setting next_dagrun for example_sensors to None, run_after=None
[2023-09-20T22:42:28.370+0000] {processor.py:179} INFO - Processing /home/airflow/.local/lib/python3.8/site-packages/airflow/example_dags/example_sensors.py took 0.246 seconds
[2023-09-20T22:42:58.824+0000] {processor.py:157} INFO - Started process (PID=2001) to work on /home/airflow/.local/lib/python3.8/site-packages/airflow/example_dags/example_sensors.py
[2023-09-20T22:42:58.825+0000] {processor.py:829} INFO - Processing file /home/airflow/.local/lib/python3.8/site-packages/airflow/example_dags/example_sensors.py for tasks to queue
[2023-09-20T22:42:58.828+0000] {logging_mixin.py:151} INFO - [2023-09-20T22:42:58.828+0000] {dagbag.py:539} INFO - Filling up the DagBag from /home/airflow/.local/lib/python3.8/site-packages/airflow/example_dags/example_sensors.py
[2023-09-20T22:42:58.840+0000] {processor.py:839} INFO - DAG(s) dict_keys(['example_sensors']) retrieved from /home/airflow/.local/lib/python3.8/site-packages/airflow/example_dags/example_sensors.py
[2023-09-20T22:42:58.875+0000] {logging_mixin.py:151} INFO - [2023-09-20T22:42:58.874+0000] {dag.py:2915} INFO - Sync 1 DAGs
[2023-09-20T22:42:58.892+0000] {logging_mixin.py:151} INFO - [2023-09-20T22:42:58.892+0000] {dag.py:3696} INFO - Setting next_dagrun for example_sensors to None, run_after=None
[2023-09-20T22:42:58.919+0000] {processor.py:179} INFO - Processing /home/airflow/.local/lib/python3.8/site-packages/airflow/example_dags/example_sensors.py took 0.100 seconds
[2023-09-20T22:43:29.991+0000] {processor.py:157} INFO - Started process (PID=2057) to work on /home/airflow/.local/lib/python3.8/site-packages/airflow/example_dags/example_sensors.py
[2023-09-20T22:43:29.993+0000] {processor.py:829} INFO - Processing file /home/airflow/.local/lib/python3.8/site-packages/airflow/example_dags/example_sensors.py for tasks to queue
[2023-09-20T22:43:29.998+0000] {logging_mixin.py:151} INFO - [2023-09-20T22:43:29.997+0000] {dagbag.py:539} INFO - Filling up the DagBag from /home/airflow/.local/lib/python3.8/site-packages/airflow/example_dags/example_sensors.py
[2023-09-20T22:43:30.015+0000] {processor.py:839} INFO - DAG(s) dict_keys(['example_sensors']) retrieved from /home/airflow/.local/lib/python3.8/site-packages/airflow/example_dags/example_sensors.py
[2023-09-20T22:43:30.048+0000] {logging_mixin.py:151} INFO - [2023-09-20T22:43:30.048+0000] {dag.py:2915} INFO - Sync 1 DAGs
[2023-09-20T22:43:30.066+0000] {logging_mixin.py:151} INFO - [2023-09-20T22:43:30.066+0000] {dag.py:3696} INFO - Setting next_dagrun for example_sensors to None, run_after=None
[2023-09-20T22:43:30.096+0000] {processor.py:179} INFO - Processing /home/airflow/.local/lib/python3.8/site-packages/airflow/example_dags/example_sensors.py took 0.111 seconds
[2023-09-20T22:44:00.640+0000] {processor.py:157} INFO - Started process (PID=2112) to work on /home/airflow/.local/lib/python3.8/site-packages/airflow/example_dags/example_sensors.py
[2023-09-20T22:44:00.641+0000] {processor.py:829} INFO - Processing file /home/airflow/.local/lib/python3.8/site-packages/airflow/example_dags/example_sensors.py for tasks to queue
[2023-09-20T22:44:00.645+0000] {logging_mixin.py:151} INFO - [2023-09-20T22:44:00.644+0000] {dagbag.py:539} INFO - Filling up the DagBag from /home/airflow/.local/lib/python3.8/site-packages/airflow/example_dags/example_sensors.py
[2023-09-20T22:44:00.659+0000] {processor.py:839} INFO - DAG(s) dict_keys(['example_sensors']) retrieved from /home/airflow/.local/lib/python3.8/site-packages/airflow/example_dags/example_sensors.py
[2023-09-20T22:44:00.695+0000] {logging_mixin.py:151} INFO - [2023-09-20T22:44:00.695+0000] {dag.py:2915} INFO - Sync 1 DAGs
[2023-09-20T22:44:00.716+0000] {logging_mixin.py:151} INFO - [2023-09-20T22:44:00.715+0000] {dag.py:3696} INFO - Setting next_dagrun for example_sensors to None, run_after=None
[2023-09-20T22:44:00.742+0000] {processor.py:179} INFO - Processing /home/airflow/.local/lib/python3.8/site-packages/airflow/example_dags/example_sensors.py took 0.106 seconds
[2023-09-20T22:44:31.597+0000] {processor.py:157} INFO - Started process (PID=2168) to work on /home/airflow/.local/lib/python3.8/site-packages/airflow/example_dags/example_sensors.py
[2023-09-20T22:44:31.599+0000] {processor.py:829} INFO - Processing file /home/airflow/.local/lib/python3.8/site-packages/airflow/example_dags/example_sensors.py for tasks to queue
[2023-09-20T22:44:31.603+0000] {logging_mixin.py:151} INFO - [2023-09-20T22:44:31.603+0000] {dagbag.py:539} INFO - Filling up the DagBag from /home/airflow/.local/lib/python3.8/site-packages/airflow/example_dags/example_sensors.py
[2023-09-20T22:44:31.619+0000] {processor.py:839} INFO - DAG(s) dict_keys(['example_sensors']) retrieved from /home/airflow/.local/lib/python3.8/site-packages/airflow/example_dags/example_sensors.py
[2023-09-20T22:44:31.658+0000] {logging_mixin.py:151} INFO - [2023-09-20T22:44:31.658+0000] {dag.py:2915} INFO - Sync 1 DAGs
[2023-09-20T22:44:31.676+0000] {logging_mixin.py:151} INFO - [2023-09-20T22:44:31.676+0000] {dag.py:3696} INFO - Setting next_dagrun for example_sensors to None, run_after=None
[2023-09-20T22:44:31.715+0000] {processor.py:179} INFO - Processing /home/airflow/.local/lib/python3.8/site-packages/airflow/example_dags/example_sensors.py took 0.125 seconds
[2023-09-20T22:45:02.234+0000] {processor.py:157} INFO - Started process (PID=2223) to work on /home/airflow/.local/lib/python3.8/site-packages/airflow/example_dags/example_sensors.py
[2023-09-20T22:45:02.235+0000] {processor.py:829} INFO - Processing file /home/airflow/.local/lib/python3.8/site-packages/airflow/example_dags/example_sensors.py for tasks to queue
[2023-09-20T22:45:02.239+0000] {logging_mixin.py:151} INFO - [2023-09-20T22:45:02.239+0000] {dagbag.py:539} INFO - Filling up the DagBag from /home/airflow/.local/lib/python3.8/site-packages/airflow/example_dags/example_sensors.py
[2023-09-20T22:45:02.254+0000] {processor.py:839} INFO - DAG(s) dict_keys(['example_sensors']) retrieved from /home/airflow/.local/lib/python3.8/site-packages/airflow/example_dags/example_sensors.py
[2023-09-20T22:45:02.291+0000] {logging_mixin.py:151} INFO - [2023-09-20T22:45:02.291+0000] {dag.py:2915} INFO - Sync 1 DAGs
[2023-09-20T22:45:02.310+0000] {logging_mixin.py:151} INFO - [2023-09-20T22:45:02.309+0000] {dag.py:3696} INFO - Setting next_dagrun for example_sensors to None, run_after=None
[2023-09-20T22:45:02.477+0000] {processor.py:179} INFO - Processing /home/airflow/.local/lib/python3.8/site-packages/airflow/example_dags/example_sensors.py took 0.251 seconds
[2023-09-20T22:45:33.010+0000] {processor.py:157} INFO - Started process (PID=2278) to work on /home/airflow/.local/lib/python3.8/site-packages/airflow/example_dags/example_sensors.py
[2023-09-20T22:45:33.011+0000] {processor.py:829} INFO - Processing file /home/airflow/.local/lib/python3.8/site-packages/airflow/example_dags/example_sensors.py for tasks to queue
[2023-09-20T22:45:33.014+0000] {logging_mixin.py:151} INFO - [2023-09-20T22:45:33.014+0000] {dagbag.py:539} INFO - Filling up the DagBag from /home/airflow/.local/lib/python3.8/site-packages/airflow/example_dags/example_sensors.py
[2023-09-20T22:45:33.028+0000] {processor.py:839} INFO - DAG(s) dict_keys(['example_sensors']) retrieved from /home/airflow/.local/lib/python3.8/site-packages/airflow/example_dags/example_sensors.py
[2023-09-20T22:45:33.064+0000] {logging_mixin.py:151} INFO - [2023-09-20T22:45:33.064+0000] {dag.py:2915} INFO - Sync 1 DAGs
[2023-09-20T22:45:33.082+0000] {logging_mixin.py:151} INFO - [2023-09-20T22:45:33.082+0000] {dag.py:3696} INFO - Setting next_dagrun for example_sensors to None, run_after=None
[2023-09-20T22:45:33.111+0000] {processor.py:179} INFO - Processing /home/airflow/.local/lib/python3.8/site-packages/airflow/example_dags/example_sensors.py took 0.106 seconds
[2023-09-20T22:46:03.400+0000] {processor.py:157} INFO - Started process (PID=2333) to work on /home/airflow/.local/lib/python3.8/site-packages/airflow/example_dags/example_sensors.py
[2023-09-20T22:46:03.401+0000] {processor.py:829} INFO - Processing file /home/airflow/.local/lib/python3.8/site-packages/airflow/example_dags/example_sensors.py for tasks to queue
[2023-09-20T22:46:03.405+0000] {logging_mixin.py:151} INFO - [2023-09-20T22:46:03.405+0000] {dagbag.py:539} INFO - Filling up the DagBag from /home/airflow/.local/lib/python3.8/site-packages/airflow/example_dags/example_sensors.py
[2023-09-20T22:46:03.419+0000] {processor.py:839} INFO - DAG(s) dict_keys(['example_sensors']) retrieved from /home/airflow/.local/lib/python3.8/site-packages/airflow/example_dags/example_sensors.py
[2023-09-20T22:46:03.452+0000] {logging_mixin.py:151} INFO - [2023-09-20T22:46:03.452+0000] {dag.py:2915} INFO - Sync 1 DAGs
[2023-09-20T22:46:03.469+0000] {logging_mixin.py:151} INFO - [2023-09-20T22:46:03.469+0000] {dag.py:3696} INFO - Setting next_dagrun for example_sensors to None, run_after=None
[2023-09-20T22:46:03.498+0000] {processor.py:179} INFO - Processing /home/airflow/.local/lib/python3.8/site-packages/airflow/example_dags/example_sensors.py took 0.103 seconds
[2023-09-20T22:46:34.527+0000] {processor.py:157} INFO - Started process (PID=2388) to work on /home/airflow/.local/lib/python3.8/site-packages/airflow/example_dags/example_sensors.py
[2023-09-20T22:46:34.529+0000] {processor.py:829} INFO - Processing file /home/airflow/.local/lib/python3.8/site-packages/airflow/example_dags/example_sensors.py for tasks to queue
[2023-09-20T22:46:34.532+0000] {logging_mixin.py:151} INFO - [2023-09-20T22:46:34.532+0000] {dagbag.py:539} INFO - Filling up the DagBag from /home/airflow/.local/lib/python3.8/site-packages/airflow/example_dags/example_sensors.py
[2023-09-20T22:46:34.547+0000] {processor.py:839} INFO - DAG(s) dict_keys(['example_sensors']) retrieved from /home/airflow/.local/lib/python3.8/site-packages/airflow/example_dags/example_sensors.py
[2023-09-20T22:46:34.583+0000] {logging_mixin.py:151} INFO - [2023-09-20T22:46:34.583+0000] {dag.py:2915} INFO - Sync 1 DAGs
[2023-09-20T22:46:34.600+0000] {logging_mixin.py:151} INFO - [2023-09-20T22:46:34.600+0000] {dag.py:3696} INFO - Setting next_dagrun for example_sensors to None, run_after=None
[2023-09-20T22:46:34.629+0000] {processor.py:179} INFO - Processing /home/airflow/.local/lib/python3.8/site-packages/airflow/example_dags/example_sensors.py took 0.106 seconds
[2023-09-20T22:47:05.370+0000] {processor.py:157} INFO - Started process (PID=2443) to work on /home/airflow/.local/lib/python3.8/site-packages/airflow/example_dags/example_sensors.py
[2023-09-20T22:47:05.372+0000] {processor.py:829} INFO - Processing file /home/airflow/.local/lib/python3.8/site-packages/airflow/example_dags/example_sensors.py for tasks to queue
[2023-09-20T22:47:05.375+0000] {logging_mixin.py:151} INFO - [2023-09-20T22:47:05.375+0000] {dagbag.py:539} INFO - Filling up the DagBag from /home/airflow/.local/lib/python3.8/site-packages/airflow/example_dags/example_sensors.py
[2023-09-20T22:47:05.387+0000] {processor.py:839} INFO - DAG(s) dict_keys(['example_sensors']) retrieved from /home/airflow/.local/lib/python3.8/site-packages/airflow/example_dags/example_sensors.py
[2023-09-20T22:47:05.427+0000] {logging_mixin.py:151} INFO - [2023-09-20T22:47:05.427+0000] {dag.py:2915} INFO - Sync 1 DAGs
[2023-09-20T22:47:05.445+0000] {logging_mixin.py:151} INFO - [2023-09-20T22:47:05.445+0000] {dag.py:3696} INFO - Setting next_dagrun for example_sensors to None, run_after=None
[2023-09-20T22:47:05.483+0000] {processor.py:179} INFO - Processing /home/airflow/.local/lib/python3.8/site-packages/airflow/example_dags/example_sensors.py took 0.117 seconds
[2023-09-20T22:47:36.058+0000] {processor.py:157} INFO - Started process (PID=2498) to work on /home/airflow/.local/lib/python3.8/site-packages/airflow/example_dags/example_sensors.py
[2023-09-20T22:47:36.060+0000] {processor.py:829} INFO - Processing file /home/airflow/.local/lib/python3.8/site-packages/airflow/example_dags/example_sensors.py for tasks to queue
[2023-09-20T22:47:36.063+0000] {logging_mixin.py:151} INFO - [2023-09-20T22:47:36.063+0000] {dagbag.py:539} INFO - Filling up the DagBag from /home/airflow/.local/lib/python3.8/site-packages/airflow/example_dags/example_sensors.py
[2023-09-20T22:47:36.079+0000] {processor.py:839} INFO - DAG(s) dict_keys(['example_sensors']) retrieved from /home/airflow/.local/lib/python3.8/site-packages/airflow/example_dags/example_sensors.py
[2023-09-20T22:47:36.116+0000] {logging_mixin.py:151} INFO - [2023-09-20T22:47:36.116+0000] {dag.py:2915} INFO - Sync 1 DAGs
[2023-09-20T22:47:36.134+0000] {logging_mixin.py:151} INFO - [2023-09-20T22:47:36.134+0000] {dag.py:3696} INFO - Setting next_dagrun for example_sensors to None, run_after=None
[2023-09-20T22:47:36.160+0000] {processor.py:179} INFO - Processing /home/airflow/.local/lib/python3.8/site-packages/airflow/example_dags/example_sensors.py took 0.106 seconds
[2023-09-20T22:48:06.409+0000] {processor.py:157} INFO - Started process (PID=2553) to work on /home/airflow/.local/lib/python3.8/site-packages/airflow/example_dags/example_sensors.py
[2023-09-20T22:48:06.412+0000] {processor.py:829} INFO - Processing file /home/airflow/.local/lib/python3.8/site-packages/airflow/example_dags/example_sensors.py for tasks to queue
[2023-09-20T22:48:06.416+0000] {logging_mixin.py:151} INFO - [2023-09-20T22:48:06.415+0000] {dagbag.py:539} INFO - Filling up the DagBag from /home/airflow/.local/lib/python3.8/site-packages/airflow/example_dags/example_sensors.py
[2023-09-20T22:48:06.430+0000] {processor.py:839} INFO - DAG(s) dict_keys(['example_sensors']) retrieved from /home/airflow/.local/lib/python3.8/site-packages/airflow/example_dags/example_sensors.py
[2023-09-20T22:48:06.468+0000] {logging_mixin.py:151} INFO - [2023-09-20T22:48:06.467+0000] {dag.py:2915} INFO - Sync 1 DAGs
[2023-09-20T22:48:06.488+0000] {logging_mixin.py:151} INFO - [2023-09-20T22:48:06.487+0000] {dag.py:3696} INFO - Setting next_dagrun for example_sensors to None, run_after=None
[2023-09-20T22:48:06.521+0000] {processor.py:179} INFO - Processing /home/airflow/.local/lib/python3.8/site-packages/airflow/example_dags/example_sensors.py took 0.119 seconds
[2023-09-20T22:48:37.156+0000] {processor.py:157} INFO - Started process (PID=2608) to work on /home/airflow/.local/lib/python3.8/site-packages/airflow/example_dags/example_sensors.py
[2023-09-20T22:48:37.157+0000] {processor.py:829} INFO - Processing file /home/airflow/.local/lib/python3.8/site-packages/airflow/example_dags/example_sensors.py for tasks to queue
[2023-09-20T22:48:37.161+0000] {logging_mixin.py:151} INFO - [2023-09-20T22:48:37.160+0000] {dagbag.py:539} INFO - Filling up the DagBag from /home/airflow/.local/lib/python3.8/site-packages/airflow/example_dags/example_sensors.py
[2023-09-20T22:48:37.180+0000] {processor.py:839} INFO - DAG(s) dict_keys(['example_sensors']) retrieved from /home/airflow/.local/lib/python3.8/site-packages/airflow/example_dags/example_sensors.py
[2023-09-20T22:48:37.230+0000] {logging_mixin.py:151} INFO - [2023-09-20T22:48:37.230+0000] {dag.py:2915} INFO - Sync 1 DAGs
[2023-09-20T22:48:37.258+0000] {logging_mixin.py:151} INFO - [2023-09-20T22:48:37.257+0000] {dag.py:3696} INFO - Setting next_dagrun for example_sensors to None, run_after=None
[2023-09-20T22:48:37.283+0000] {processor.py:179} INFO - Processing /home/airflow/.local/lib/python3.8/site-packages/airflow/example_dags/example_sensors.py took 0.132 seconds
[2023-09-20T22:49:07.780+0000] {processor.py:157} INFO - Started process (PID=2663) to work on /home/airflow/.local/lib/python3.8/site-packages/airflow/example_dags/example_sensors.py
[2023-09-20T22:49:07.782+0000] {processor.py:829} INFO - Processing file /home/airflow/.local/lib/python3.8/site-packages/airflow/example_dags/example_sensors.py for tasks to queue
[2023-09-20T22:49:07.785+0000] {logging_mixin.py:151} INFO - [2023-09-20T22:49:07.784+0000] {dagbag.py:539} INFO - Filling up the DagBag from /home/airflow/.local/lib/python3.8/site-packages/airflow/example_dags/example_sensors.py
[2023-09-20T22:49:07.797+0000] {processor.py:839} INFO - DAG(s) dict_keys(['example_sensors']) retrieved from /home/airflow/.local/lib/python3.8/site-packages/airflow/example_dags/example_sensors.py
[2023-09-20T22:49:07.845+0000] {logging_mixin.py:151} INFO - [2023-09-20T22:49:07.845+0000] {dag.py:2915} INFO - Sync 1 DAGs
[2023-09-20T22:49:07.863+0000] {logging_mixin.py:151} INFO - [2023-09-20T22:49:07.863+0000] {dag.py:3696} INFO - Setting next_dagrun for example_sensors to None, run_after=None
[2023-09-20T22:49:07.896+0000] {processor.py:179} INFO - Processing /home/airflow/.local/lib/python3.8/site-packages/airflow/example_dags/example_sensors.py took 0.120 seconds
[2023-09-20T22:49:38.937+0000] {processor.py:157} INFO - Started process (PID=2718) to work on /home/airflow/.local/lib/python3.8/site-packages/airflow/example_dags/example_sensors.py
[2023-09-20T22:49:38.938+0000] {processor.py:829} INFO - Processing file /home/airflow/.local/lib/python3.8/site-packages/airflow/example_dags/example_sensors.py for tasks to queue
[2023-09-20T22:49:38.941+0000] {logging_mixin.py:151} INFO - [2023-09-20T22:49:38.941+0000] {dagbag.py:539} INFO - Filling up the DagBag from /home/airflow/.local/lib/python3.8/site-packages/airflow/example_dags/example_sensors.py
[2023-09-20T22:49:38.955+0000] {processor.py:839} INFO - DAG(s) dict_keys(['example_sensors']) retrieved from /home/airflow/.local/lib/python3.8/site-packages/airflow/example_dags/example_sensors.py
[2023-09-20T22:49:38.991+0000] {logging_mixin.py:151} INFO - [2023-09-20T22:49:38.991+0000] {dag.py:2915} INFO - Sync 1 DAGs
[2023-09-20T22:49:39.013+0000] {logging_mixin.py:151} INFO - [2023-09-20T22:49:39.013+0000] {dag.py:3696} INFO - Setting next_dagrun for example_sensors to None, run_after=None
[2023-09-20T22:49:39.060+0000] {processor.py:179} INFO - Processing /home/airflow/.local/lib/python3.8/site-packages/airflow/example_dags/example_sensors.py took 0.128 seconds
[2023-09-20T22:50:09.692+0000] {processor.py:157} INFO - Started process (PID=2773) to work on /home/airflow/.local/lib/python3.8/site-packages/airflow/example_dags/example_sensors.py
[2023-09-20T22:50:09.694+0000] {processor.py:829} INFO - Processing file /home/airflow/.local/lib/python3.8/site-packages/airflow/example_dags/example_sensors.py for tasks to queue
[2023-09-20T22:50:09.698+0000] {logging_mixin.py:151} INFO - [2023-09-20T22:50:09.697+0000] {dagbag.py:539} INFO - Filling up the DagBag from /home/airflow/.local/lib/python3.8/site-packages/airflow/example_dags/example_sensors.py
[2023-09-20T22:50:09.711+0000] {processor.py:839} INFO - DAG(s) dict_keys(['example_sensors']) retrieved from /home/airflow/.local/lib/python3.8/site-packages/airflow/example_dags/example_sensors.py
[2023-09-20T22:50:09.751+0000] {logging_mixin.py:151} INFO - [2023-09-20T22:50:09.751+0000] {dag.py:2915} INFO - Sync 1 DAGs
[2023-09-20T22:50:09.774+0000] {logging_mixin.py:151} INFO - [2023-09-20T22:50:09.774+0000] {dag.py:3696} INFO - Setting next_dagrun for example_sensors to None, run_after=None
[2023-09-20T22:50:09.844+0000] {processor.py:179} INFO - Processing /home/airflow/.local/lib/python3.8/site-packages/airflow/example_dags/example_sensors.py took 0.157 seconds
[2023-09-20T22:50:40.103+0000] {processor.py:157} INFO - Started process (PID=2828) to work on /home/airflow/.local/lib/python3.8/site-packages/airflow/example_dags/example_sensors.py
[2023-09-20T22:50:40.105+0000] {processor.py:829} INFO - Processing file /home/airflow/.local/lib/python3.8/site-packages/airflow/example_dags/example_sensors.py for tasks to queue
[2023-09-20T22:50:40.108+0000] {logging_mixin.py:151} INFO - [2023-09-20T22:50:40.108+0000] {dagbag.py:539} INFO - Filling up the DagBag from /home/airflow/.local/lib/python3.8/site-packages/airflow/example_dags/example_sensors.py
[2023-09-20T22:50:40.125+0000] {processor.py:839} INFO - DAG(s) dict_keys(['example_sensors']) retrieved from /home/airflow/.local/lib/python3.8/site-packages/airflow/example_dags/example_sensors.py
[2023-09-20T22:50:40.165+0000] {logging_mixin.py:151} INFO - [2023-09-20T22:50:40.165+0000] {dag.py:2915} INFO - Sync 1 DAGs
[2023-09-20T22:50:40.190+0000] {logging_mixin.py:151} INFO - [2023-09-20T22:50:40.190+0000] {dag.py:3696} INFO - Setting next_dagrun for example_sensors to None, run_after=None
[2023-09-20T22:50:40.230+0000] {processor.py:179} INFO - Processing /home/airflow/.local/lib/python3.8/site-packages/airflow/example_dags/example_sensors.py took 0.133 seconds
[2023-09-20T22:51:11.127+0000] {processor.py:157} INFO - Started process (PID=2883) to work on /home/airflow/.local/lib/python3.8/site-packages/airflow/example_dags/example_sensors.py
[2023-09-20T22:51:11.129+0000] {processor.py:829} INFO - Processing file /home/airflow/.local/lib/python3.8/site-packages/airflow/example_dags/example_sensors.py for tasks to queue
[2023-09-20T22:51:11.134+0000] {logging_mixin.py:151} INFO - [2023-09-20T22:51:11.133+0000] {dagbag.py:539} INFO - Filling up the DagBag from /home/airflow/.local/lib/python3.8/site-packages/airflow/example_dags/example_sensors.py
[2023-09-20T22:51:11.151+0000] {processor.py:839} INFO - DAG(s) dict_keys(['example_sensors']) retrieved from /home/airflow/.local/lib/python3.8/site-packages/airflow/example_dags/example_sensors.py
[2023-09-20T22:51:11.202+0000] {logging_mixin.py:151} INFO - [2023-09-20T22:51:11.201+0000] {dag.py:2915} INFO - Sync 1 DAGs
[2023-09-20T22:51:11.219+0000] {logging_mixin.py:151} INFO - [2023-09-20T22:51:11.218+0000] {dag.py:3696} INFO - Setting next_dagrun for example_sensors to None, run_after=None
[2023-09-20T22:51:11.244+0000] {processor.py:179} INFO - Processing /home/airflow/.local/lib/python3.8/site-packages/airflow/example_dags/example_sensors.py took 0.123 seconds
[2023-09-20T22:51:41.464+0000] {processor.py:157} INFO - Started process (PID=2938) to work on /home/airflow/.local/lib/python3.8/site-packages/airflow/example_dags/example_sensors.py
[2023-09-20T22:51:41.466+0000] {processor.py:829} INFO - Processing file /home/airflow/.local/lib/python3.8/site-packages/airflow/example_dags/example_sensors.py for tasks to queue
[2023-09-20T22:51:41.469+0000] {logging_mixin.py:151} INFO - [2023-09-20T22:51:41.469+0000] {dagbag.py:539} INFO - Filling up the DagBag from /home/airflow/.local/lib/python3.8/site-packages/airflow/example_dags/example_sensors.py
[2023-09-20T22:51:41.484+0000] {processor.py:839} INFO - DAG(s) dict_keys(['example_sensors']) retrieved from /home/airflow/.local/lib/python3.8/site-packages/airflow/example_dags/example_sensors.py
[2023-09-20T22:51:41.519+0000] {logging_mixin.py:151} INFO - [2023-09-20T22:51:41.519+0000] {dag.py:2915} INFO - Sync 1 DAGs
[2023-09-20T22:51:41.541+0000] {logging_mixin.py:151} INFO - [2023-09-20T22:51:41.541+0000] {dag.py:3696} INFO - Setting next_dagrun for example_sensors to None, run_after=None
[2023-09-20T22:51:41.574+0000] {processor.py:179} INFO - Processing /home/airflow/.local/lib/python3.8/site-packages/airflow/example_dags/example_sensors.py took 0.114 seconds
[2023-09-20T23:11:34.117+0000] {processor.py:157} INFO - Started process (PID=69) to work on /home/airflow/.local/lib/python3.8/site-packages/airflow/example_dags/example_sensors.py
[2023-09-20T23:11:34.119+0000] {processor.py:829} INFO - Processing file /home/airflow/.local/lib/python3.8/site-packages/airflow/example_dags/example_sensors.py for tasks to queue
[2023-09-20T23:11:34.123+0000] {logging_mixin.py:151} INFO - [2023-09-20T23:11:34.122+0000] {dagbag.py:539} INFO - Filling up the DagBag from /home/airflow/.local/lib/python3.8/site-packages/airflow/example_dags/example_sensors.py
[2023-09-20T23:11:34.135+0000] {processor.py:839} INFO - DAG(s) dict_keys(['example_sensors']) retrieved from /home/airflow/.local/lib/python3.8/site-packages/airflow/example_dags/example_sensors.py
[2023-09-20T23:11:34.159+0000] {logging_mixin.py:151} INFO - [2023-09-20T23:11:34.158+0000] {dag.py:2915} INFO - Sync 1 DAGs
[2023-09-20T23:11:34.184+0000] {logging_mixin.py:151} INFO - [2023-09-20T23:11:34.184+0000] {dag.py:3696} INFO - Setting next_dagrun for example_sensors to None, run_after=None
[2023-09-20T23:11:34.223+0000] {processor.py:179} INFO - Processing /home/airflow/.local/lib/python3.8/site-packages/airflow/example_dags/example_sensors.py took 0.113 seconds
[2023-09-20T23:12:04.947+0000] {processor.py:157} INFO - Started process (PID=124) to work on /home/airflow/.local/lib/python3.8/site-packages/airflow/example_dags/example_sensors.py
[2023-09-20T23:12:04.948+0000] {processor.py:829} INFO - Processing file /home/airflow/.local/lib/python3.8/site-packages/airflow/example_dags/example_sensors.py for tasks to queue
[2023-09-20T23:12:04.951+0000] {logging_mixin.py:151} INFO - [2023-09-20T23:12:04.951+0000] {dagbag.py:539} INFO - Filling up the DagBag from /home/airflow/.local/lib/python3.8/site-packages/airflow/example_dags/example_sensors.py
[2023-09-20T23:12:04.965+0000] {processor.py:839} INFO - DAG(s) dict_keys(['example_sensors']) retrieved from /home/airflow/.local/lib/python3.8/site-packages/airflow/example_dags/example_sensors.py
[2023-09-20T23:12:05.015+0000] {logging_mixin.py:151} INFO - [2023-09-20T23:12:05.015+0000] {dag.py:2915} INFO - Sync 1 DAGs
[2023-09-20T23:12:05.039+0000] {logging_mixin.py:151} INFO - [2023-09-20T23:12:05.039+0000] {dag.py:3696} INFO - Setting next_dagrun for example_sensors to None, run_after=None
[2023-09-20T23:12:05.080+0000] {processor.py:179} INFO - Processing /home/airflow/.local/lib/python3.8/site-packages/airflow/example_dags/example_sensors.py took 0.137 seconds
[2023-09-20T23:12:37.372+0000] {processor.py:157} INFO - Started process (PID=179) to work on /home/airflow/.local/lib/python3.8/site-packages/airflow/example_dags/example_sensors.py
[2023-09-20T23:12:37.374+0000] {processor.py:829} INFO - Processing file /home/airflow/.local/lib/python3.8/site-packages/airflow/example_dags/example_sensors.py for tasks to queue
[2023-09-20T23:12:37.378+0000] {logging_mixin.py:151} INFO - [2023-09-20T23:12:37.377+0000] {dagbag.py:539} INFO - Filling up the DagBag from /home/airflow/.local/lib/python3.8/site-packages/airflow/example_dags/example_sensors.py
[2023-09-20T23:12:37.392+0000] {processor.py:839} INFO - DAG(s) dict_keys(['example_sensors']) retrieved from /home/airflow/.local/lib/python3.8/site-packages/airflow/example_dags/example_sensors.py
[2023-09-20T23:12:37.439+0000] {logging_mixin.py:151} INFO - [2023-09-20T23:12:37.438+0000] {dag.py:2915} INFO - Sync 1 DAGs
[2023-09-20T23:12:37.456+0000] {logging_mixin.py:151} INFO - [2023-09-20T23:12:37.455+0000] {dag.py:3696} INFO - Setting next_dagrun for example_sensors to None, run_after=None
[2023-09-20T23:12:37.488+0000] {processor.py:179} INFO - Processing /home/airflow/.local/lib/python3.8/site-packages/airflow/example_dags/example_sensors.py took 0.121 seconds
[2023-09-20T23:13:08.759+0000] {processor.py:157} INFO - Started process (PID=234) to work on /home/airflow/.local/lib/python3.8/site-packages/airflow/example_dags/example_sensors.py
[2023-09-20T23:13:08.761+0000] {processor.py:829} INFO - Processing file /home/airflow/.local/lib/python3.8/site-packages/airflow/example_dags/example_sensors.py for tasks to queue
[2023-09-20T23:13:08.764+0000] {logging_mixin.py:151} INFO - [2023-09-20T23:13:08.764+0000] {dagbag.py:539} INFO - Filling up the DagBag from /home/airflow/.local/lib/python3.8/site-packages/airflow/example_dags/example_sensors.py
[2023-09-20T23:13:08.779+0000] {processor.py:839} INFO - DAG(s) dict_keys(['example_sensors']) retrieved from /home/airflow/.local/lib/python3.8/site-packages/airflow/example_dags/example_sensors.py
[2023-09-20T23:13:08.817+0000] {logging_mixin.py:151} INFO - [2023-09-20T23:13:08.817+0000] {dag.py:2915} INFO - Sync 1 DAGs
[2023-09-20T23:13:08.838+0000] {logging_mixin.py:151} INFO - [2023-09-20T23:13:08.838+0000] {dag.py:3696} INFO - Setting next_dagrun for example_sensors to None, run_after=None
[2023-09-20T23:13:08.870+0000] {processor.py:179} INFO - Processing /home/airflow/.local/lib/python3.8/site-packages/airflow/example_dags/example_sensors.py took 0.116 seconds
