[2023-09-20T22:15:29.610+0000] {processor.py:157} INFO - Started process (PID=53) to work on /home/airflow/.local/lib/python3.8/site-packages/airflow/example_dags/example_latest_only.py
[2023-09-20T22:15:29.611+0000] {processor.py:829} INFO - Processing file /home/airflow/.local/lib/python3.8/site-packages/airflow/example_dags/example_latest_only.py for tasks to queue
[2023-09-20T22:15:29.617+0000] {logging_mixin.py:151} INFO - [2023-09-20T22:15:29.617+0000] {dagbag.py:539} INFO - Filling up the DagBag from /home/airflow/.local/lib/python3.8/site-packages/airflow/example_dags/example_latest_only.py
[2023-09-20T22:15:29.628+0000] {processor.py:839} INFO - DAG(s) dict_keys(['latest_only']) retrieved from /home/airflow/.local/lib/python3.8/site-packages/airflow/example_dags/example_latest_only.py
[2023-09-20T22:15:29.647+0000] {logging_mixin.py:151} INFO - [2023-09-20T22:15:29.647+0000] {dag.py:2915} INFO - Sync 1 DAGs
[2023-09-20T22:15:29.681+0000] {logging_mixin.py:151} INFO - [2023-09-20T22:15:29.681+0000] {dag.py:3696} INFO - Setting next_dagrun for latest_only to 2023-09-20T18:15:29.680693+00:00, run_after=2023-09-20T22:15:29.680693+00:00
[2023-09-20T22:15:29.717+0000] {processor.py:179} INFO - Processing /home/airflow/.local/lib/python3.8/site-packages/airflow/example_dags/example_latest_only.py took 0.111 seconds
[2023-09-20T22:16:00.103+0000] {processor.py:157} INFO - Started process (PID=107) to work on /home/airflow/.local/lib/python3.8/site-packages/airflow/example_dags/example_latest_only.py
[2023-09-20T22:16:00.104+0000] {processor.py:829} INFO - Processing file /home/airflow/.local/lib/python3.8/site-packages/airflow/example_dags/example_latest_only.py for tasks to queue
[2023-09-20T22:16:00.108+0000] {logging_mixin.py:151} INFO - [2023-09-20T22:16:00.107+0000] {dagbag.py:539} INFO - Filling up the DagBag from /home/airflow/.local/lib/python3.8/site-packages/airflow/example_dags/example_latest_only.py
[2023-09-20T22:16:00.118+0000] {processor.py:839} INFO - DAG(s) dict_keys(['latest_only']) retrieved from /home/airflow/.local/lib/python3.8/site-packages/airflow/example_dags/example_latest_only.py
[2023-09-20T22:16:00.148+0000] {logging_mixin.py:151} INFO - [2023-09-20T22:16:00.147+0000] {dag.py:2915} INFO - Sync 1 DAGs
[2023-09-20T22:16:00.176+0000] {logging_mixin.py:151} INFO - [2023-09-20T22:16:00.176+0000] {dag.py:3696} INFO - Setting next_dagrun for latest_only to 2023-09-20T18:16:00.175970+00:00, run_after=2023-09-20T22:16:00.175970+00:00
[2023-09-20T22:16:00.215+0000] {processor.py:179} INFO - Processing /home/airflow/.local/lib/python3.8/site-packages/airflow/example_dags/example_latest_only.py took 0.118 seconds
[2023-09-20T22:16:30.904+0000] {processor.py:157} INFO - Started process (PID=161) to work on /home/airflow/.local/lib/python3.8/site-packages/airflow/example_dags/example_latest_only.py
[2023-09-20T22:16:30.906+0000] {processor.py:829} INFO - Processing file /home/airflow/.local/lib/python3.8/site-packages/airflow/example_dags/example_latest_only.py for tasks to queue
[2023-09-20T22:16:30.910+0000] {logging_mixin.py:151} INFO - [2023-09-20T22:16:30.909+0000] {dagbag.py:539} INFO - Filling up the DagBag from /home/airflow/.local/lib/python3.8/site-packages/airflow/example_dags/example_latest_only.py
[2023-09-20T22:16:30.919+0000] {processor.py:839} INFO - DAG(s) dict_keys(['latest_only']) retrieved from /home/airflow/.local/lib/python3.8/site-packages/airflow/example_dags/example_latest_only.py
[2023-09-20T22:16:30.949+0000] {logging_mixin.py:151} INFO - [2023-09-20T22:16:30.949+0000] {dag.py:2915} INFO - Sync 1 DAGs
[2023-09-20T22:16:30.985+0000] {logging_mixin.py:151} INFO - [2023-09-20T22:16:30.984+0000] {dag.py:3696} INFO - Setting next_dagrun for latest_only to 2023-09-20T18:16:30.984487+00:00, run_after=2023-09-20T22:16:30.984487+00:00
[2023-09-20T22:16:31.019+0000] {processor.py:179} INFO - Processing /home/airflow/.local/lib/python3.8/site-packages/airflow/example_dags/example_latest_only.py took 0.119 seconds
[2023-09-20T22:17:02.250+0000] {processor.py:157} INFO - Started process (PID=215) to work on /home/airflow/.local/lib/python3.8/site-packages/airflow/example_dags/example_latest_only.py
[2023-09-20T22:17:02.252+0000] {processor.py:829} INFO - Processing file /home/airflow/.local/lib/python3.8/site-packages/airflow/example_dags/example_latest_only.py for tasks to queue
[2023-09-20T22:17:02.256+0000] {logging_mixin.py:151} INFO - [2023-09-20T22:17:02.256+0000] {dagbag.py:539} INFO - Filling up the DagBag from /home/airflow/.local/lib/python3.8/site-packages/airflow/example_dags/example_latest_only.py
[2023-09-20T22:17:02.265+0000] {processor.py:839} INFO - DAG(s) dict_keys(['latest_only']) retrieved from /home/airflow/.local/lib/python3.8/site-packages/airflow/example_dags/example_latest_only.py
[2023-09-20T22:17:02.304+0000] {logging_mixin.py:151} INFO - [2023-09-20T22:17:02.304+0000] {dag.py:2915} INFO - Sync 1 DAGs
[2023-09-20T22:17:02.345+0000] {logging_mixin.py:151} INFO - [2023-09-20T22:17:02.344+0000] {dag.py:3696} INFO - Setting next_dagrun for latest_only to 2023-09-20T18:17:02.344365+00:00, run_after=2023-09-20T22:17:02.344365+00:00
[2023-09-20T22:17:02.384+0000] {processor.py:179} INFO - Processing /home/airflow/.local/lib/python3.8/site-packages/airflow/example_dags/example_latest_only.py took 0.141 seconds
[2023-09-20T22:25:00.951+0000] {processor.py:157} INFO - Started process (PID=53) to work on /home/airflow/.local/lib/python3.8/site-packages/airflow/example_dags/example_latest_only.py
[2023-09-20T22:25:00.955+0000] {processor.py:829} INFO - Processing file /home/airflow/.local/lib/python3.8/site-packages/airflow/example_dags/example_latest_only.py for tasks to queue
[2023-09-20T22:25:00.967+0000] {logging_mixin.py:151} INFO - [2023-09-20T22:25:00.966+0000] {dagbag.py:539} INFO - Filling up the DagBag from /home/airflow/.local/lib/python3.8/site-packages/airflow/example_dags/example_latest_only.py
[2023-09-20T22:25:00.977+0000] {processor.py:839} INFO - DAG(s) dict_keys(['latest_only']) retrieved from /home/airflow/.local/lib/python3.8/site-packages/airflow/example_dags/example_latest_only.py
[2023-09-20T22:25:01.031+0000] {logging_mixin.py:151} INFO - [2023-09-20T22:25:01.031+0000] {dag.py:2915} INFO - Sync 1 DAGs
[2023-09-20T22:25:01.082+0000] {logging_mixin.py:151} INFO - [2023-09-20T22:25:01.082+0000] {dag.py:3696} INFO - Setting next_dagrun for latest_only to 2023-09-20T18:25:01.081432+00:00, run_after=2023-09-20T22:25:01.081432+00:00
[2023-09-20T22:25:01.126+0000] {processor.py:179} INFO - Processing /home/airflow/.local/lib/python3.8/site-packages/airflow/example_dags/example_latest_only.py took 0.183 seconds
[2023-09-20T22:25:31.606+0000] {processor.py:157} INFO - Started process (PID=108) to work on /home/airflow/.local/lib/python3.8/site-packages/airflow/example_dags/example_latest_only.py
[2023-09-20T22:25:31.607+0000] {processor.py:829} INFO - Processing file /home/airflow/.local/lib/python3.8/site-packages/airflow/example_dags/example_latest_only.py for tasks to queue
[2023-09-20T22:25:31.610+0000] {logging_mixin.py:151} INFO - [2023-09-20T22:25:31.610+0000] {dagbag.py:539} INFO - Filling up the DagBag from /home/airflow/.local/lib/python3.8/site-packages/airflow/example_dags/example_latest_only.py
[2023-09-20T22:25:31.618+0000] {processor.py:839} INFO - DAG(s) dict_keys(['latest_only']) retrieved from /home/airflow/.local/lib/python3.8/site-packages/airflow/example_dags/example_latest_only.py
[2023-09-20T22:25:31.644+0000] {logging_mixin.py:151} INFO - [2023-09-20T22:25:31.643+0000] {dag.py:2915} INFO - Sync 1 DAGs
[2023-09-20T22:25:31.671+0000] {logging_mixin.py:151} INFO - [2023-09-20T22:25:31.671+0000] {dag.py:3696} INFO - Setting next_dagrun for latest_only to 2023-09-20T18:25:31.671340+00:00, run_after=2023-09-20T22:25:31.671340+00:00
[2023-09-20T22:25:31.703+0000] {processor.py:179} INFO - Processing /home/airflow/.local/lib/python3.8/site-packages/airflow/example_dags/example_latest_only.py took 0.103 seconds
[2023-09-20T22:26:02.783+0000] {processor.py:157} INFO - Started process (PID=163) to work on /home/airflow/.local/lib/python3.8/site-packages/airflow/example_dags/example_latest_only.py
[2023-09-20T22:26:02.784+0000] {processor.py:829} INFO - Processing file /home/airflow/.local/lib/python3.8/site-packages/airflow/example_dags/example_latest_only.py for tasks to queue
[2023-09-20T22:26:02.788+0000] {logging_mixin.py:151} INFO - [2023-09-20T22:26:02.787+0000] {dagbag.py:539} INFO - Filling up the DagBag from /home/airflow/.local/lib/python3.8/site-packages/airflow/example_dags/example_latest_only.py
[2023-09-20T22:26:02.796+0000] {processor.py:839} INFO - DAG(s) dict_keys(['latest_only']) retrieved from /home/airflow/.local/lib/python3.8/site-packages/airflow/example_dags/example_latest_only.py
[2023-09-20T22:26:02.827+0000] {logging_mixin.py:151} INFO - [2023-09-20T22:26:02.827+0000] {dag.py:2915} INFO - Sync 1 DAGs
[2023-09-20T22:26:02.859+0000] {logging_mixin.py:151} INFO - [2023-09-20T22:26:02.859+0000] {dag.py:3696} INFO - Setting next_dagrun for latest_only to 2023-09-20T18:26:02.858754+00:00, run_after=2023-09-20T22:26:02.858754+00:00
[2023-09-20T22:26:02.889+0000] {processor.py:179} INFO - Processing /home/airflow/.local/lib/python3.8/site-packages/airflow/example_dags/example_latest_only.py took 0.112 seconds
[2023-09-20T22:26:33.584+0000] {processor.py:157} INFO - Started process (PID=218) to work on /home/airflow/.local/lib/python3.8/site-packages/airflow/example_dags/example_latest_only.py
[2023-09-20T22:26:33.585+0000] {processor.py:829} INFO - Processing file /home/airflow/.local/lib/python3.8/site-packages/airflow/example_dags/example_latest_only.py for tasks to queue
[2023-09-20T22:26:33.590+0000] {logging_mixin.py:151} INFO - [2023-09-20T22:26:33.589+0000] {dagbag.py:539} INFO - Filling up the DagBag from /home/airflow/.local/lib/python3.8/site-packages/airflow/example_dags/example_latest_only.py
[2023-09-20T22:26:33.597+0000] {processor.py:839} INFO - DAG(s) dict_keys(['latest_only']) retrieved from /home/airflow/.local/lib/python3.8/site-packages/airflow/example_dags/example_latest_only.py
[2023-09-20T22:26:33.630+0000] {logging_mixin.py:151} INFO - [2023-09-20T22:26:33.630+0000] {dag.py:2915} INFO - Sync 1 DAGs
[2023-09-20T22:26:33.669+0000] {logging_mixin.py:151} INFO - [2023-09-20T22:26:33.668+0000] {dag.py:3696} INFO - Setting next_dagrun for latest_only to 2023-09-20T18:26:33.668483+00:00, run_after=2023-09-20T22:26:33.668483+00:00
[2023-09-20T22:26:33.701+0000] {processor.py:179} INFO - Processing /home/airflow/.local/lib/python3.8/site-packages/airflow/example_dags/example_latest_only.py took 0.121 seconds
[2023-09-20T22:27:04.560+0000] {processor.py:157} INFO - Started process (PID=272) to work on /home/airflow/.local/lib/python3.8/site-packages/airflow/example_dags/example_latest_only.py
[2023-09-20T22:27:04.562+0000] {processor.py:829} INFO - Processing file /home/airflow/.local/lib/python3.8/site-packages/airflow/example_dags/example_latest_only.py for tasks to queue
[2023-09-20T22:27:04.565+0000] {logging_mixin.py:151} INFO - [2023-09-20T22:27:04.565+0000] {dagbag.py:539} INFO - Filling up the DagBag from /home/airflow/.local/lib/python3.8/site-packages/airflow/example_dags/example_latest_only.py
[2023-09-20T22:27:04.573+0000] {processor.py:839} INFO - DAG(s) dict_keys(['latest_only']) retrieved from /home/airflow/.local/lib/python3.8/site-packages/airflow/example_dags/example_latest_only.py
[2023-09-20T22:27:04.601+0000] {logging_mixin.py:151} INFO - [2023-09-20T22:27:04.601+0000] {dag.py:2915} INFO - Sync 1 DAGs
[2023-09-20T22:27:04.642+0000] {logging_mixin.py:151} INFO - [2023-09-20T22:27:04.641+0000] {dag.py:3696} INFO - Setting next_dagrun for latest_only to 2023-09-20T18:27:04.641432+00:00, run_after=2023-09-20T22:27:04.641432+00:00
[2023-09-20T22:27:04.685+0000] {processor.py:179} INFO - Processing /home/airflow/.local/lib/python3.8/site-packages/airflow/example_dags/example_latest_only.py took 0.132 seconds
[2023-09-20T22:27:35.001+0000] {processor.py:157} INFO - Started process (PID=327) to work on /home/airflow/.local/lib/python3.8/site-packages/airflow/example_dags/example_latest_only.py
[2023-09-20T22:27:35.002+0000] {processor.py:829} INFO - Processing file /home/airflow/.local/lib/python3.8/site-packages/airflow/example_dags/example_latest_only.py for tasks to queue
[2023-09-20T22:27:35.006+0000] {logging_mixin.py:151} INFO - [2023-09-20T22:27:35.005+0000] {dagbag.py:539} INFO - Filling up the DagBag from /home/airflow/.local/lib/python3.8/site-packages/airflow/example_dags/example_latest_only.py
[2023-09-20T22:27:35.013+0000] {processor.py:839} INFO - DAG(s) dict_keys(['latest_only']) retrieved from /home/airflow/.local/lib/python3.8/site-packages/airflow/example_dags/example_latest_only.py
[2023-09-20T22:27:35.043+0000] {logging_mixin.py:151} INFO - [2023-09-20T22:27:35.043+0000] {dag.py:2915} INFO - Sync 1 DAGs
[2023-09-20T22:27:35.077+0000] {logging_mixin.py:151} INFO - [2023-09-20T22:27:35.077+0000] {dag.py:3696} INFO - Setting next_dagrun for latest_only to 2023-09-20T18:27:35.076960+00:00, run_after=2023-09-20T22:27:35.076960+00:00
[2023-09-20T22:27:35.113+0000] {processor.py:179} INFO - Processing /home/airflow/.local/lib/python3.8/site-packages/airflow/example_dags/example_latest_only.py took 0.118 seconds
[2023-09-20T22:28:05.306+0000] {processor.py:157} INFO - Started process (PID=383) to work on /home/airflow/.local/lib/python3.8/site-packages/airflow/example_dags/example_latest_only.py
[2023-09-20T22:28:05.307+0000] {processor.py:829} INFO - Processing file /home/airflow/.local/lib/python3.8/site-packages/airflow/example_dags/example_latest_only.py for tasks to queue
[2023-09-20T22:28:05.311+0000] {logging_mixin.py:151} INFO - [2023-09-20T22:28:05.310+0000] {dagbag.py:539} INFO - Filling up the DagBag from /home/airflow/.local/lib/python3.8/site-packages/airflow/example_dags/example_latest_only.py
[2023-09-20T22:28:05.318+0000] {processor.py:839} INFO - DAG(s) dict_keys(['latest_only']) retrieved from /home/airflow/.local/lib/python3.8/site-packages/airflow/example_dags/example_latest_only.py
[2023-09-20T22:28:05.345+0000] {logging_mixin.py:151} INFO - [2023-09-20T22:28:05.344+0000] {dag.py:2915} INFO - Sync 1 DAGs
[2023-09-20T22:28:05.373+0000] {logging_mixin.py:151} INFO - [2023-09-20T22:28:05.372+0000] {dag.py:3696} INFO - Setting next_dagrun for latest_only to 2023-09-20T18:28:05.372500+00:00, run_after=2023-09-20T22:28:05.372500+00:00
[2023-09-20T22:28:05.408+0000] {processor.py:179} INFO - Processing /home/airflow/.local/lib/python3.8/site-packages/airflow/example_dags/example_latest_only.py took 0.107 seconds
[2023-09-20T22:28:35.808+0000] {processor.py:157} INFO - Started process (PID=438) to work on /home/airflow/.local/lib/python3.8/site-packages/airflow/example_dags/example_latest_only.py
[2023-09-20T22:28:35.809+0000] {processor.py:829} INFO - Processing file /home/airflow/.local/lib/python3.8/site-packages/airflow/example_dags/example_latest_only.py for tasks to queue
[2023-09-20T22:28:35.813+0000] {logging_mixin.py:151} INFO - [2023-09-20T22:28:35.812+0000] {dagbag.py:539} INFO - Filling up the DagBag from /home/airflow/.local/lib/python3.8/site-packages/airflow/example_dags/example_latest_only.py
[2023-09-20T22:28:35.819+0000] {processor.py:839} INFO - DAG(s) dict_keys(['latest_only']) retrieved from /home/airflow/.local/lib/python3.8/site-packages/airflow/example_dags/example_latest_only.py
[2023-09-20T22:28:35.850+0000] {logging_mixin.py:151} INFO - [2023-09-20T22:28:35.849+0000] {dag.py:2915} INFO - Sync 1 DAGs
[2023-09-20T22:28:35.882+0000] {logging_mixin.py:151} INFO - [2023-09-20T22:28:35.881+0000] {dag.py:3696} INFO - Setting next_dagrun for latest_only to 2023-09-20T18:28:35.881468+00:00, run_after=2023-09-20T22:28:35.881468+00:00
[2023-09-20T22:28:35.921+0000] {processor.py:179} INFO - Processing /home/airflow/.local/lib/python3.8/site-packages/airflow/example_dags/example_latest_only.py took 0.117 seconds
[2023-09-20T22:29:06.808+0000] {processor.py:157} INFO - Started process (PID=493) to work on /home/airflow/.local/lib/python3.8/site-packages/airflow/example_dags/example_latest_only.py
[2023-09-20T22:29:06.810+0000] {processor.py:829} INFO - Processing file /home/airflow/.local/lib/python3.8/site-packages/airflow/example_dags/example_latest_only.py for tasks to queue
[2023-09-20T22:29:06.814+0000] {logging_mixin.py:151} INFO - [2023-09-20T22:29:06.813+0000] {dagbag.py:539} INFO - Filling up the DagBag from /home/airflow/.local/lib/python3.8/site-packages/airflow/example_dags/example_latest_only.py
[2023-09-20T22:29:06.821+0000] {processor.py:839} INFO - DAG(s) dict_keys(['latest_only']) retrieved from /home/airflow/.local/lib/python3.8/site-packages/airflow/example_dags/example_latest_only.py
[2023-09-20T22:29:06.848+0000] {logging_mixin.py:151} INFO - [2023-09-20T22:29:06.847+0000] {dag.py:2915} INFO - Sync 1 DAGs
[2023-09-20T22:29:06.879+0000] {logging_mixin.py:151} INFO - [2023-09-20T22:29:06.879+0000] {dag.py:3696} INFO - Setting next_dagrun for latest_only to 2023-09-20T18:29:06.878928+00:00, run_after=2023-09-20T22:29:06.878928+00:00
[2023-09-20T22:29:06.914+0000] {processor.py:179} INFO - Processing /home/airflow/.local/lib/python3.8/site-packages/airflow/example_dags/example_latest_only.py took 0.112 seconds
[2023-09-20T22:29:37.654+0000] {processor.py:157} INFO - Started process (PID=548) to work on /home/airflow/.local/lib/python3.8/site-packages/airflow/example_dags/example_latest_only.py
[2023-09-20T22:29:37.656+0000] {processor.py:829} INFO - Processing file /home/airflow/.local/lib/python3.8/site-packages/airflow/example_dags/example_latest_only.py for tasks to queue
[2023-09-20T22:29:37.662+0000] {logging_mixin.py:151} INFO - [2023-09-20T22:29:37.661+0000] {dagbag.py:539} INFO - Filling up the DagBag from /home/airflow/.local/lib/python3.8/site-packages/airflow/example_dags/example_latest_only.py
[2023-09-20T22:29:37.689+0000] {processor.py:839} INFO - DAG(s) dict_keys(['latest_only']) retrieved from /home/airflow/.local/lib/python3.8/site-packages/airflow/example_dags/example_latest_only.py
[2023-09-20T22:29:37.766+0000] {logging_mixin.py:151} INFO - [2023-09-20T22:29:37.766+0000] {dag.py:2915} INFO - Sync 1 DAGs
[2023-09-20T22:29:37.814+0000] {logging_mixin.py:151} INFO - [2023-09-20T22:29:37.813+0000] {dag.py:3696} INFO - Setting next_dagrun for latest_only to 2023-09-20T18:29:37.813313+00:00, run_after=2023-09-20T22:29:37.813313+00:00
[2023-09-20T22:29:37.858+0000] {processor.py:179} INFO - Processing /home/airflow/.local/lib/python3.8/site-packages/airflow/example_dags/example_latest_only.py took 0.209 seconds
[2023-09-20T22:30:07.908+0000] {processor.py:157} INFO - Started process (PID=603) to work on /home/airflow/.local/lib/python3.8/site-packages/airflow/example_dags/example_latest_only.py
[2023-09-20T22:30:07.910+0000] {processor.py:829} INFO - Processing file /home/airflow/.local/lib/python3.8/site-packages/airflow/example_dags/example_latest_only.py for tasks to queue
[2023-09-20T22:30:07.913+0000] {logging_mixin.py:151} INFO - [2023-09-20T22:30:07.913+0000] {dagbag.py:539} INFO - Filling up the DagBag from /home/airflow/.local/lib/python3.8/site-packages/airflow/example_dags/example_latest_only.py
[2023-09-20T22:30:07.920+0000] {processor.py:839} INFO - DAG(s) dict_keys(['latest_only']) retrieved from /home/airflow/.local/lib/python3.8/site-packages/airflow/example_dags/example_latest_only.py
[2023-09-20T22:30:07.950+0000] {logging_mixin.py:151} INFO - [2023-09-20T22:30:07.949+0000] {dag.py:2915} INFO - Sync 1 DAGs
[2023-09-20T22:30:07.986+0000] {logging_mixin.py:151} INFO - [2023-09-20T22:30:07.986+0000] {dag.py:3696} INFO - Setting next_dagrun for latest_only to 2023-09-20T18:30:07.985820+00:00, run_after=2023-09-20T22:30:07.985820+00:00
[2023-09-20T22:30:08.024+0000] {processor.py:179} INFO - Processing /home/airflow/.local/lib/python3.8/site-packages/airflow/example_dags/example_latest_only.py took 0.120 seconds
[2023-09-20T22:30:38.759+0000] {processor.py:157} INFO - Started process (PID=658) to work on /home/airflow/.local/lib/python3.8/site-packages/airflow/example_dags/example_latest_only.py
[2023-09-20T22:30:38.761+0000] {processor.py:829} INFO - Processing file /home/airflow/.local/lib/python3.8/site-packages/airflow/example_dags/example_latest_only.py for tasks to queue
[2023-09-20T22:30:38.764+0000] {logging_mixin.py:151} INFO - [2023-09-20T22:30:38.764+0000] {dagbag.py:539} INFO - Filling up the DagBag from /home/airflow/.local/lib/python3.8/site-packages/airflow/example_dags/example_latest_only.py
[2023-09-20T22:30:38.772+0000] {processor.py:839} INFO - DAG(s) dict_keys(['latest_only']) retrieved from /home/airflow/.local/lib/python3.8/site-packages/airflow/example_dags/example_latest_only.py
[2023-09-20T22:30:38.800+0000] {logging_mixin.py:151} INFO - [2023-09-20T22:30:38.800+0000] {dag.py:2915} INFO - Sync 1 DAGs
[2023-09-20T22:30:38.831+0000] {logging_mixin.py:151} INFO - [2023-09-20T22:30:38.830+0000] {dag.py:3696} INFO - Setting next_dagrun for latest_only to 2023-09-20T18:30:38.830569+00:00, run_after=2023-09-20T22:30:38.830569+00:00
[2023-09-20T22:30:38.860+0000] {processor.py:179} INFO - Processing /home/airflow/.local/lib/python3.8/site-packages/airflow/example_dags/example_latest_only.py took 0.107 seconds
[2023-09-20T22:31:09.627+0000] {processor.py:157} INFO - Started process (PID=713) to work on /home/airflow/.local/lib/python3.8/site-packages/airflow/example_dags/example_latest_only.py
[2023-09-20T22:31:09.629+0000] {processor.py:829} INFO - Processing file /home/airflow/.local/lib/python3.8/site-packages/airflow/example_dags/example_latest_only.py for tasks to queue
[2023-09-20T22:31:09.631+0000] {logging_mixin.py:151} INFO - [2023-09-20T22:31:09.631+0000] {dagbag.py:539} INFO - Filling up the DagBag from /home/airflow/.local/lib/python3.8/site-packages/airflow/example_dags/example_latest_only.py
[2023-09-20T22:31:09.638+0000] {processor.py:839} INFO - DAG(s) dict_keys(['latest_only']) retrieved from /home/airflow/.local/lib/python3.8/site-packages/airflow/example_dags/example_latest_only.py
[2023-09-20T22:31:09.665+0000] {logging_mixin.py:151} INFO - [2023-09-20T22:31:09.665+0000] {dag.py:2915} INFO - Sync 1 DAGs
[2023-09-20T22:31:09.693+0000] {logging_mixin.py:151} INFO - [2023-09-20T22:31:09.693+0000] {dag.py:3696} INFO - Setting next_dagrun for latest_only to 2023-09-20T18:31:09.693180+00:00, run_after=2023-09-20T22:31:09.693180+00:00
[2023-09-20T22:31:09.728+0000] {processor.py:179} INFO - Processing /home/airflow/.local/lib/python3.8/site-packages/airflow/example_dags/example_latest_only.py took 0.106 seconds
[2023-09-20T22:31:41.178+0000] {processor.py:157} INFO - Started process (PID=769) to work on /home/airflow/.local/lib/python3.8/site-packages/airflow/example_dags/example_latest_only.py
[2023-09-20T22:31:41.180+0000] {processor.py:829} INFO - Processing file /home/airflow/.local/lib/python3.8/site-packages/airflow/example_dags/example_latest_only.py for tasks to queue
[2023-09-20T22:31:41.183+0000] {logging_mixin.py:151} INFO - [2023-09-20T22:31:41.183+0000] {dagbag.py:539} INFO - Filling up the DagBag from /home/airflow/.local/lib/python3.8/site-packages/airflow/example_dags/example_latest_only.py
[2023-09-20T22:31:41.190+0000] {processor.py:839} INFO - DAG(s) dict_keys(['latest_only']) retrieved from /home/airflow/.local/lib/python3.8/site-packages/airflow/example_dags/example_latest_only.py
[2023-09-20T22:31:41.218+0000] {logging_mixin.py:151} INFO - [2023-09-20T22:31:41.218+0000] {dag.py:2915} INFO - Sync 1 DAGs
[2023-09-20T22:31:41.247+0000] {logging_mixin.py:151} INFO - [2023-09-20T22:31:41.247+0000] {dag.py:3696} INFO - Setting next_dagrun for latest_only to 2023-09-20T18:31:41.247032+00:00, run_after=2023-09-20T22:31:41.247032+00:00
[2023-09-20T22:31:41.277+0000] {processor.py:179} INFO - Processing /home/airflow/.local/lib/python3.8/site-packages/airflow/example_dags/example_latest_only.py took 0.103 seconds
[2023-09-20T22:32:11.500+0000] {processor.py:157} INFO - Started process (PID=824) to work on /home/airflow/.local/lib/python3.8/site-packages/airflow/example_dags/example_latest_only.py
[2023-09-20T22:32:11.502+0000] {processor.py:829} INFO - Processing file /home/airflow/.local/lib/python3.8/site-packages/airflow/example_dags/example_latest_only.py for tasks to queue
[2023-09-20T22:32:11.505+0000] {logging_mixin.py:151} INFO - [2023-09-20T22:32:11.505+0000] {dagbag.py:539} INFO - Filling up the DagBag from /home/airflow/.local/lib/python3.8/site-packages/airflow/example_dags/example_latest_only.py
[2023-09-20T22:32:11.514+0000] {processor.py:839} INFO - DAG(s) dict_keys(['latest_only']) retrieved from /home/airflow/.local/lib/python3.8/site-packages/airflow/example_dags/example_latest_only.py
[2023-09-20T22:32:11.544+0000] {logging_mixin.py:151} INFO - [2023-09-20T22:32:11.544+0000] {dag.py:2915} INFO - Sync 1 DAGs
[2023-09-20T22:32:11.574+0000] {logging_mixin.py:151} INFO - [2023-09-20T22:32:11.574+0000] {dag.py:3696} INFO - Setting next_dagrun for latest_only to 2023-09-20T18:32:11.574257+00:00, run_after=2023-09-20T22:32:11.574257+00:00
[2023-09-20T22:32:11.606+0000] {processor.py:179} INFO - Processing /home/airflow/.local/lib/python3.8/site-packages/airflow/example_dags/example_latest_only.py took 0.110 seconds
[2023-09-20T22:32:42.483+0000] {processor.py:157} INFO - Started process (PID=879) to work on /home/airflow/.local/lib/python3.8/site-packages/airflow/example_dags/example_latest_only.py
[2023-09-20T22:32:42.484+0000] {processor.py:829} INFO - Processing file /home/airflow/.local/lib/python3.8/site-packages/airflow/example_dags/example_latest_only.py for tasks to queue
[2023-09-20T22:32:42.487+0000] {logging_mixin.py:151} INFO - [2023-09-20T22:32:42.487+0000] {dagbag.py:539} INFO - Filling up the DagBag from /home/airflow/.local/lib/python3.8/site-packages/airflow/example_dags/example_latest_only.py
[2023-09-20T22:32:42.494+0000] {processor.py:839} INFO - DAG(s) dict_keys(['latest_only']) retrieved from /home/airflow/.local/lib/python3.8/site-packages/airflow/example_dags/example_latest_only.py
[2023-09-20T22:32:42.521+0000] {logging_mixin.py:151} INFO - [2023-09-20T22:32:42.521+0000] {dag.py:2915} INFO - Sync 1 DAGs
[2023-09-20T22:32:42.554+0000] {logging_mixin.py:151} INFO - [2023-09-20T22:32:42.554+0000] {dag.py:3696} INFO - Setting next_dagrun for latest_only to 2023-09-20T18:32:42.553816+00:00, run_after=2023-09-20T22:32:42.553816+00:00
[2023-09-20T22:32:42.589+0000] {processor.py:179} INFO - Processing /home/airflow/.local/lib/python3.8/site-packages/airflow/example_dags/example_latest_only.py took 0.110 seconds
[2023-09-20T22:33:13.403+0000] {processor.py:157} INFO - Started process (PID=934) to work on /home/airflow/.local/lib/python3.8/site-packages/airflow/example_dags/example_latest_only.py
[2023-09-20T22:33:13.404+0000] {processor.py:829} INFO - Processing file /home/airflow/.local/lib/python3.8/site-packages/airflow/example_dags/example_latest_only.py for tasks to queue
[2023-09-20T22:33:13.408+0000] {logging_mixin.py:151} INFO - [2023-09-20T22:33:13.408+0000] {dagbag.py:539} INFO - Filling up the DagBag from /home/airflow/.local/lib/python3.8/site-packages/airflow/example_dags/example_latest_only.py
[2023-09-20T22:33:13.417+0000] {processor.py:839} INFO - DAG(s) dict_keys(['latest_only']) retrieved from /home/airflow/.local/lib/python3.8/site-packages/airflow/example_dags/example_latest_only.py
[2023-09-20T22:33:13.448+0000] {logging_mixin.py:151} INFO - [2023-09-20T22:33:13.448+0000] {dag.py:2915} INFO - Sync 1 DAGs
[2023-09-20T22:33:13.476+0000] {logging_mixin.py:151} INFO - [2023-09-20T22:33:13.476+0000] {dag.py:3696} INFO - Setting next_dagrun for latest_only to 2023-09-20T18:33:13.476372+00:00, run_after=2023-09-20T22:33:13.476372+00:00
[2023-09-20T22:33:13.505+0000] {processor.py:179} INFO - Processing /home/airflow/.local/lib/python3.8/site-packages/airflow/example_dags/example_latest_only.py took 0.106 seconds
[2023-09-20T22:33:44.162+0000] {processor.py:157} INFO - Started process (PID=989) to work on /home/airflow/.local/lib/python3.8/site-packages/airflow/example_dags/example_latest_only.py
[2023-09-20T22:33:44.163+0000] {processor.py:829} INFO - Processing file /home/airflow/.local/lib/python3.8/site-packages/airflow/example_dags/example_latest_only.py for tasks to queue
[2023-09-20T22:33:44.167+0000] {logging_mixin.py:151} INFO - [2023-09-20T22:33:44.166+0000] {dagbag.py:539} INFO - Filling up the DagBag from /home/airflow/.local/lib/python3.8/site-packages/airflow/example_dags/example_latest_only.py
[2023-09-20T22:33:44.176+0000] {processor.py:839} INFO - DAG(s) dict_keys(['latest_only']) retrieved from /home/airflow/.local/lib/python3.8/site-packages/airflow/example_dags/example_latest_only.py
[2023-09-20T22:33:44.209+0000] {logging_mixin.py:151} INFO - [2023-09-20T22:33:44.208+0000] {dag.py:2915} INFO - Sync 1 DAGs
[2023-09-20T22:33:44.239+0000] {logging_mixin.py:151} INFO - [2023-09-20T22:33:44.239+0000] {dag.py:3696} INFO - Setting next_dagrun for latest_only to 2023-09-20T18:33:44.238923+00:00, run_after=2023-09-20T22:33:44.238923+00:00
[2023-09-20T22:33:44.266+0000] {processor.py:179} INFO - Processing /home/airflow/.local/lib/python3.8/site-packages/airflow/example_dags/example_latest_only.py took 0.110 seconds
[2023-09-20T22:34:14.552+0000] {processor.py:157} INFO - Started process (PID=1044) to work on /home/airflow/.local/lib/python3.8/site-packages/airflow/example_dags/example_latest_only.py
[2023-09-20T22:34:14.554+0000] {processor.py:829} INFO - Processing file /home/airflow/.local/lib/python3.8/site-packages/airflow/example_dags/example_latest_only.py for tasks to queue
[2023-09-20T22:34:14.558+0000] {logging_mixin.py:151} INFO - [2023-09-20T22:34:14.557+0000] {dagbag.py:539} INFO - Filling up the DagBag from /home/airflow/.local/lib/python3.8/site-packages/airflow/example_dags/example_latest_only.py
[2023-09-20T22:34:14.567+0000] {processor.py:839} INFO - DAG(s) dict_keys(['latest_only']) retrieved from /home/airflow/.local/lib/python3.8/site-packages/airflow/example_dags/example_latest_only.py
[2023-09-20T22:34:14.598+0000] {logging_mixin.py:151} INFO - [2023-09-20T22:34:14.597+0000] {dag.py:2915} INFO - Sync 1 DAGs
[2023-09-20T22:34:14.638+0000] {logging_mixin.py:151} INFO - [2023-09-20T22:34:14.638+0000] {dag.py:3696} INFO - Setting next_dagrun for latest_only to 2023-09-20T18:34:14.638127+00:00, run_after=2023-09-20T22:34:14.638127+00:00
[2023-09-20T22:34:14.671+0000] {processor.py:179} INFO - Processing /home/airflow/.local/lib/python3.8/site-packages/airflow/example_dags/example_latest_only.py took 0.125 seconds
[2023-09-20T22:34:45.573+0000] {processor.py:157} INFO - Started process (PID=1099) to work on /home/airflow/.local/lib/python3.8/site-packages/airflow/example_dags/example_latest_only.py
[2023-09-20T22:34:45.575+0000] {processor.py:829} INFO - Processing file /home/airflow/.local/lib/python3.8/site-packages/airflow/example_dags/example_latest_only.py for tasks to queue
[2023-09-20T22:34:45.578+0000] {logging_mixin.py:151} INFO - [2023-09-20T22:34:45.578+0000] {dagbag.py:539} INFO - Filling up the DagBag from /home/airflow/.local/lib/python3.8/site-packages/airflow/example_dags/example_latest_only.py
[2023-09-20T22:34:45.586+0000] {processor.py:839} INFO - DAG(s) dict_keys(['latest_only']) retrieved from /home/airflow/.local/lib/python3.8/site-packages/airflow/example_dags/example_latest_only.py
[2023-09-20T22:34:45.615+0000] {logging_mixin.py:151} INFO - [2023-09-20T22:34:45.615+0000] {dag.py:2915} INFO - Sync 1 DAGs
[2023-09-20T22:34:45.642+0000] {logging_mixin.py:151} INFO - [2023-09-20T22:34:45.642+0000] {dag.py:3696} INFO - Setting next_dagrun for latest_only to 2023-09-20T18:34:45.642275+00:00, run_after=2023-09-20T22:34:45.642275+00:00
[2023-09-20T22:34:45.665+0000] {processor.py:179} INFO - Processing /home/airflow/.local/lib/python3.8/site-packages/airflow/example_dags/example_latest_only.py took 0.097 seconds
[2023-09-20T22:35:16.165+0000] {processor.py:157} INFO - Started process (PID=1154) to work on /home/airflow/.local/lib/python3.8/site-packages/airflow/example_dags/example_latest_only.py
[2023-09-20T22:35:16.167+0000] {processor.py:829} INFO - Processing file /home/airflow/.local/lib/python3.8/site-packages/airflow/example_dags/example_latest_only.py for tasks to queue
[2023-09-20T22:35:16.170+0000] {logging_mixin.py:151} INFO - [2023-09-20T22:35:16.170+0000] {dagbag.py:539} INFO - Filling up the DagBag from /home/airflow/.local/lib/python3.8/site-packages/airflow/example_dags/example_latest_only.py
[2023-09-20T22:35:16.177+0000] {processor.py:839} INFO - DAG(s) dict_keys(['latest_only']) retrieved from /home/airflow/.local/lib/python3.8/site-packages/airflow/example_dags/example_latest_only.py
[2023-09-20T22:35:16.214+0000] {logging_mixin.py:151} INFO - [2023-09-20T22:35:16.213+0000] {dag.py:2915} INFO - Sync 1 DAGs
[2023-09-20T22:35:16.254+0000] {logging_mixin.py:151} INFO - [2023-09-20T22:35:16.254+0000] {dag.py:3696} INFO - Setting next_dagrun for latest_only to 2023-09-20T18:35:16.254181+00:00, run_after=2023-09-20T22:35:16.254181+00:00
[2023-09-20T22:35:16.291+0000] {processor.py:179} INFO - Processing /home/airflow/.local/lib/python3.8/site-packages/airflow/example_dags/example_latest_only.py took 0.130 seconds
[2023-09-20T22:35:46.654+0000] {processor.py:157} INFO - Started process (PID=1209) to work on /home/airflow/.local/lib/python3.8/site-packages/airflow/example_dags/example_latest_only.py
[2023-09-20T22:35:46.656+0000] {processor.py:829} INFO - Processing file /home/airflow/.local/lib/python3.8/site-packages/airflow/example_dags/example_latest_only.py for tasks to queue
[2023-09-20T22:35:46.660+0000] {logging_mixin.py:151} INFO - [2023-09-20T22:35:46.659+0000] {dagbag.py:539} INFO - Filling up the DagBag from /home/airflow/.local/lib/python3.8/site-packages/airflow/example_dags/example_latest_only.py
[2023-09-20T22:35:46.667+0000] {processor.py:839} INFO - DAG(s) dict_keys(['latest_only']) retrieved from /home/airflow/.local/lib/python3.8/site-packages/airflow/example_dags/example_latest_only.py
[2023-09-20T22:35:46.697+0000] {logging_mixin.py:151} INFO - [2023-09-20T22:35:46.697+0000] {dag.py:2915} INFO - Sync 1 DAGs
[2023-09-20T22:35:46.735+0000] {logging_mixin.py:151} INFO - [2023-09-20T22:35:46.734+0000] {dag.py:3696} INFO - Setting next_dagrun for latest_only to 2023-09-20T18:35:46.734695+00:00, run_after=2023-09-20T22:35:46.734695+00:00
[2023-09-20T22:35:46.766+0000] {processor.py:179} INFO - Processing /home/airflow/.local/lib/python3.8/site-packages/airflow/example_dags/example_latest_only.py took 0.117 seconds
[2023-09-20T22:36:17.204+0000] {processor.py:157} INFO - Started process (PID=1264) to work on /home/airflow/.local/lib/python3.8/site-packages/airflow/example_dags/example_latest_only.py
[2023-09-20T22:36:17.205+0000] {processor.py:829} INFO - Processing file /home/airflow/.local/lib/python3.8/site-packages/airflow/example_dags/example_latest_only.py for tasks to queue
[2023-09-20T22:36:17.208+0000] {logging_mixin.py:151} INFO - [2023-09-20T22:36:17.208+0000] {dagbag.py:539} INFO - Filling up the DagBag from /home/airflow/.local/lib/python3.8/site-packages/airflow/example_dags/example_latest_only.py
[2023-09-20T22:36:17.215+0000] {processor.py:839} INFO - DAG(s) dict_keys(['latest_only']) retrieved from /home/airflow/.local/lib/python3.8/site-packages/airflow/example_dags/example_latest_only.py
[2023-09-20T22:36:17.244+0000] {logging_mixin.py:151} INFO - [2023-09-20T22:36:17.244+0000] {dag.py:2915} INFO - Sync 1 DAGs
[2023-09-20T22:36:17.278+0000] {logging_mixin.py:151} INFO - [2023-09-20T22:36:17.278+0000] {dag.py:3696} INFO - Setting next_dagrun for latest_only to 2023-09-20T18:36:17.277828+00:00, run_after=2023-09-20T22:36:17.277828+00:00
[2023-09-20T22:36:17.314+0000] {processor.py:179} INFO - Processing /home/airflow/.local/lib/python3.8/site-packages/airflow/example_dags/example_latest_only.py took 0.115 seconds
[2023-09-20T22:36:47.910+0000] {processor.py:157} INFO - Started process (PID=1319) to work on /home/airflow/.local/lib/python3.8/site-packages/airflow/example_dags/example_latest_only.py
[2023-09-20T22:36:47.911+0000] {processor.py:829} INFO - Processing file /home/airflow/.local/lib/python3.8/site-packages/airflow/example_dags/example_latest_only.py for tasks to queue
[2023-09-20T22:36:47.914+0000] {logging_mixin.py:151} INFO - [2023-09-20T22:36:47.914+0000] {dagbag.py:539} INFO - Filling up the DagBag from /home/airflow/.local/lib/python3.8/site-packages/airflow/example_dags/example_latest_only.py
[2023-09-20T22:36:47.922+0000] {processor.py:839} INFO - DAG(s) dict_keys(['latest_only']) retrieved from /home/airflow/.local/lib/python3.8/site-packages/airflow/example_dags/example_latest_only.py
[2023-09-20T22:36:47.950+0000] {logging_mixin.py:151} INFO - [2023-09-20T22:36:47.949+0000] {dag.py:2915} INFO - Sync 1 DAGs
[2023-09-20T22:36:47.978+0000] {logging_mixin.py:151} INFO - [2023-09-20T22:36:47.978+0000] {dag.py:3696} INFO - Setting next_dagrun for latest_only to 2023-09-20T18:36:47.977919+00:00, run_after=2023-09-20T22:36:47.977919+00:00
[2023-09-20T22:36:48.007+0000] {processor.py:179} INFO - Processing /home/airflow/.local/lib/python3.8/site-packages/airflow/example_dags/example_latest_only.py took 0.103 seconds
[2023-09-20T22:37:19.017+0000] {processor.py:157} INFO - Started process (PID=1375) to work on /home/airflow/.local/lib/python3.8/site-packages/airflow/example_dags/example_latest_only.py
[2023-09-20T22:37:19.018+0000] {processor.py:829} INFO - Processing file /home/airflow/.local/lib/python3.8/site-packages/airflow/example_dags/example_latest_only.py for tasks to queue
[2023-09-20T22:37:19.022+0000] {logging_mixin.py:151} INFO - [2023-09-20T22:37:19.021+0000] {dagbag.py:539} INFO - Filling up the DagBag from /home/airflow/.local/lib/python3.8/site-packages/airflow/example_dags/example_latest_only.py
[2023-09-20T22:37:19.030+0000] {processor.py:839} INFO - DAG(s) dict_keys(['latest_only']) retrieved from /home/airflow/.local/lib/python3.8/site-packages/airflow/example_dags/example_latest_only.py
[2023-09-20T22:37:19.058+0000] {logging_mixin.py:151} INFO - [2023-09-20T22:37:19.058+0000] {dag.py:2915} INFO - Sync 1 DAGs
[2023-09-20T22:37:19.096+0000] {logging_mixin.py:151} INFO - [2023-09-20T22:37:19.095+0000] {dag.py:3696} INFO - Setting next_dagrun for latest_only to 2023-09-20T18:37:19.095138+00:00, run_after=2023-09-20T22:37:19.095138+00:00
[2023-09-20T22:37:19.144+0000] {processor.py:179} INFO - Processing /home/airflow/.local/lib/python3.8/site-packages/airflow/example_dags/example_latest_only.py took 0.132 seconds
[2023-09-20T22:37:49.817+0000] {processor.py:157} INFO - Started process (PID=1430) to work on /home/airflow/.local/lib/python3.8/site-packages/airflow/example_dags/example_latest_only.py
[2023-09-20T22:37:49.818+0000] {processor.py:829} INFO - Processing file /home/airflow/.local/lib/python3.8/site-packages/airflow/example_dags/example_latest_only.py for tasks to queue
[2023-09-20T22:37:49.821+0000] {logging_mixin.py:151} INFO - [2023-09-20T22:37:49.821+0000] {dagbag.py:539} INFO - Filling up the DagBag from /home/airflow/.local/lib/python3.8/site-packages/airflow/example_dags/example_latest_only.py
[2023-09-20T22:37:49.830+0000] {processor.py:839} INFO - DAG(s) dict_keys(['latest_only']) retrieved from /home/airflow/.local/lib/python3.8/site-packages/airflow/example_dags/example_latest_only.py
[2023-09-20T22:37:49.862+0000] {logging_mixin.py:151} INFO - [2023-09-20T22:37:49.862+0000] {dag.py:2915} INFO - Sync 1 DAGs
[2023-09-20T22:37:49.902+0000] {logging_mixin.py:151} INFO - [2023-09-20T22:37:49.902+0000] {dag.py:3696} INFO - Setting next_dagrun for latest_only to 2023-09-20T18:37:49.901748+00:00, run_after=2023-09-20T22:37:49.901748+00:00
[2023-09-20T22:37:49.930+0000] {processor.py:179} INFO - Processing /home/airflow/.local/lib/python3.8/site-packages/airflow/example_dags/example_latest_only.py took 0.118 seconds
[2023-09-20T22:38:20.173+0000] {processor.py:157} INFO - Started process (PID=1485) to work on /home/airflow/.local/lib/python3.8/site-packages/airflow/example_dags/example_latest_only.py
[2023-09-20T22:38:20.175+0000] {processor.py:829} INFO - Processing file /home/airflow/.local/lib/python3.8/site-packages/airflow/example_dags/example_latest_only.py for tasks to queue
[2023-09-20T22:38:20.178+0000] {logging_mixin.py:151} INFO - [2023-09-20T22:38:20.178+0000] {dagbag.py:539} INFO - Filling up the DagBag from /home/airflow/.local/lib/python3.8/site-packages/airflow/example_dags/example_latest_only.py
[2023-09-20T22:38:20.186+0000] {processor.py:839} INFO - DAG(s) dict_keys(['latest_only']) retrieved from /home/airflow/.local/lib/python3.8/site-packages/airflow/example_dags/example_latest_only.py
[2023-09-20T22:38:20.213+0000] {logging_mixin.py:151} INFO - [2023-09-20T22:38:20.213+0000] {dag.py:2915} INFO - Sync 1 DAGs
[2023-09-20T22:38:20.250+0000] {logging_mixin.py:151} INFO - [2023-09-20T22:38:20.250+0000] {dag.py:3696} INFO - Setting next_dagrun for latest_only to 2023-09-20T18:38:20.250362+00:00, run_after=2023-09-20T22:38:20.250362+00:00
[2023-09-20T22:38:20.278+0000] {processor.py:179} INFO - Processing /home/airflow/.local/lib/python3.8/site-packages/airflow/example_dags/example_latest_only.py took 0.109 seconds
[2023-09-20T22:38:50.794+0000] {processor.py:157} INFO - Started process (PID=1540) to work on /home/airflow/.local/lib/python3.8/site-packages/airflow/example_dags/example_latest_only.py
[2023-09-20T22:38:50.798+0000] {processor.py:829} INFO - Processing file /home/airflow/.local/lib/python3.8/site-packages/airflow/example_dags/example_latest_only.py for tasks to queue
[2023-09-20T22:38:50.804+0000] {logging_mixin.py:151} INFO - [2023-09-20T22:38:50.803+0000] {dagbag.py:539} INFO - Filling up the DagBag from /home/airflow/.local/lib/python3.8/site-packages/airflow/example_dags/example_latest_only.py
[2023-09-20T22:38:50.812+0000] {processor.py:839} INFO - DAG(s) dict_keys(['latest_only']) retrieved from /home/airflow/.local/lib/python3.8/site-packages/airflow/example_dags/example_latest_only.py
[2023-09-20T22:38:50.841+0000] {logging_mixin.py:151} INFO - [2023-09-20T22:38:50.840+0000] {dag.py:2915} INFO - Sync 1 DAGs
[2023-09-20T22:38:50.869+0000] {logging_mixin.py:151} INFO - [2023-09-20T22:38:50.869+0000] {dag.py:3696} INFO - Setting next_dagrun for latest_only to 2023-09-20T18:38:50.869233+00:00, run_after=2023-09-20T22:38:50.869233+00:00
[2023-09-20T22:38:50.935+0000] {processor.py:179} INFO - Processing /home/airflow/.local/lib/python3.8/site-packages/airflow/example_dags/example_latest_only.py took 0.151 seconds
[2023-09-20T22:39:22.043+0000] {processor.py:157} INFO - Started process (PID=1595) to work on /home/airflow/.local/lib/python3.8/site-packages/airflow/example_dags/example_latest_only.py
[2023-09-20T22:39:22.045+0000] {processor.py:829} INFO - Processing file /home/airflow/.local/lib/python3.8/site-packages/airflow/example_dags/example_latest_only.py for tasks to queue
[2023-09-20T22:39:22.062+0000] {logging_mixin.py:151} INFO - [2023-09-20T22:39:22.062+0000] {dagbag.py:539} INFO - Filling up the DagBag from /home/airflow/.local/lib/python3.8/site-packages/airflow/example_dags/example_latest_only.py
[2023-09-20T22:39:22.070+0000] {processor.py:839} INFO - DAG(s) dict_keys(['latest_only']) retrieved from /home/airflow/.local/lib/python3.8/site-packages/airflow/example_dags/example_latest_only.py
[2023-09-20T22:39:22.108+0000] {logging_mixin.py:151} INFO - [2023-09-20T22:39:22.108+0000] {dag.py:2915} INFO - Sync 1 DAGs
[2023-09-20T22:39:22.137+0000] {logging_mixin.py:151} INFO - [2023-09-20T22:39:22.136+0000] {dag.py:3696} INFO - Setting next_dagrun for latest_only to 2023-09-20T18:39:22.136361+00:00, run_after=2023-09-20T22:39:22.136361+00:00
[2023-09-20T22:39:22.168+0000] {processor.py:179} INFO - Processing /home/airflow/.local/lib/python3.8/site-packages/airflow/example_dags/example_latest_only.py took 0.130 seconds
[2023-09-20T22:39:52.490+0000] {processor.py:157} INFO - Started process (PID=1650) to work on /home/airflow/.local/lib/python3.8/site-packages/airflow/example_dags/example_latest_only.py
[2023-09-20T22:39:52.492+0000] {processor.py:829} INFO - Processing file /home/airflow/.local/lib/python3.8/site-packages/airflow/example_dags/example_latest_only.py for tasks to queue
[2023-09-20T22:39:52.497+0000] {logging_mixin.py:151} INFO - [2023-09-20T22:39:52.496+0000] {dagbag.py:539} INFO - Filling up the DagBag from /home/airflow/.local/lib/python3.8/site-packages/airflow/example_dags/example_latest_only.py
[2023-09-20T22:39:52.504+0000] {processor.py:839} INFO - DAG(s) dict_keys(['latest_only']) retrieved from /home/airflow/.local/lib/python3.8/site-packages/airflow/example_dags/example_latest_only.py
[2023-09-20T22:39:52.533+0000] {logging_mixin.py:151} INFO - [2023-09-20T22:39:52.533+0000] {dag.py:2915} INFO - Sync 1 DAGs
[2023-09-20T22:39:52.574+0000] {logging_mixin.py:151} INFO - [2023-09-20T22:39:52.574+0000] {dag.py:3696} INFO - Setting next_dagrun for latest_only to 2023-09-20T18:39:52.574440+00:00, run_after=2023-09-20T22:39:52.574440+00:00
[2023-09-20T22:39:52.622+0000] {processor.py:179} INFO - Processing /home/airflow/.local/lib/python3.8/site-packages/airflow/example_dags/example_latest_only.py took 0.137 seconds
[2023-09-20T22:40:22.914+0000] {processor.py:157} INFO - Started process (PID=1710) to work on /home/airflow/.local/lib/python3.8/site-packages/airflow/example_dags/example_latest_only.py
[2023-09-20T22:40:22.916+0000] {processor.py:829} INFO - Processing file /home/airflow/.local/lib/python3.8/site-packages/airflow/example_dags/example_latest_only.py for tasks to queue
[2023-09-20T22:40:22.919+0000] {logging_mixin.py:151} INFO - [2023-09-20T22:40:22.918+0000] {dagbag.py:539} INFO - Filling up the DagBag from /home/airflow/.local/lib/python3.8/site-packages/airflow/example_dags/example_latest_only.py
[2023-09-20T22:40:22.926+0000] {processor.py:839} INFO - DAG(s) dict_keys(['latest_only']) retrieved from /home/airflow/.local/lib/python3.8/site-packages/airflow/example_dags/example_latest_only.py
[2023-09-20T22:40:22.962+0000] {logging_mixin.py:151} INFO - [2023-09-20T22:40:22.961+0000] {dag.py:2915} INFO - Sync 1 DAGs
[2023-09-20T22:40:22.992+0000] {logging_mixin.py:151} INFO - [2023-09-20T22:40:22.992+0000] {dag.py:3696} INFO - Setting next_dagrun for latest_only to 2023-09-20T18:40:22.992053+00:00, run_after=2023-09-20T22:40:22.992053+00:00
[2023-09-20T22:40:23.036+0000] {processor.py:179} INFO - Processing /home/airflow/.local/lib/python3.8/site-packages/airflow/example_dags/example_latest_only.py took 0.126 seconds
[2023-09-20T22:40:53.352+0000] {processor.py:157} INFO - Started process (PID=1765) to work on /home/airflow/.local/lib/python3.8/site-packages/airflow/example_dags/example_latest_only.py
[2023-09-20T22:40:53.353+0000] {processor.py:829} INFO - Processing file /home/airflow/.local/lib/python3.8/site-packages/airflow/example_dags/example_latest_only.py for tasks to queue
[2023-09-20T22:40:53.357+0000] {logging_mixin.py:151} INFO - [2023-09-20T22:40:53.357+0000] {dagbag.py:539} INFO - Filling up the DagBag from /home/airflow/.local/lib/python3.8/site-packages/airflow/example_dags/example_latest_only.py
[2023-09-20T22:40:53.364+0000] {processor.py:839} INFO - DAG(s) dict_keys(['latest_only']) retrieved from /home/airflow/.local/lib/python3.8/site-packages/airflow/example_dags/example_latest_only.py
[2023-09-20T22:40:53.391+0000] {logging_mixin.py:151} INFO - [2023-09-20T22:40:53.391+0000] {dag.py:2915} INFO - Sync 1 DAGs
[2023-09-20T22:40:53.418+0000] {logging_mixin.py:151} INFO - [2023-09-20T22:40:53.418+0000] {dag.py:3696} INFO - Setting next_dagrun for latest_only to 2023-09-20T18:40:53.418278+00:00, run_after=2023-09-20T22:40:53.418278+00:00
[2023-09-20T22:40:53.449+0000] {processor.py:179} INFO - Processing /home/airflow/.local/lib/python3.8/site-packages/airflow/example_dags/example_latest_only.py took 0.102 seconds
[2023-09-20T22:41:23.927+0000] {processor.py:157} INFO - Started process (PID=1820) to work on /home/airflow/.local/lib/python3.8/site-packages/airflow/example_dags/example_latest_only.py
[2023-09-20T22:41:23.929+0000] {processor.py:829} INFO - Processing file /home/airflow/.local/lib/python3.8/site-packages/airflow/example_dags/example_latest_only.py for tasks to queue
[2023-09-20T22:41:23.932+0000] {logging_mixin.py:151} INFO - [2023-09-20T22:41:23.932+0000] {dagbag.py:539} INFO - Filling up the DagBag from /home/airflow/.local/lib/python3.8/site-packages/airflow/example_dags/example_latest_only.py
[2023-09-20T22:41:23.939+0000] {processor.py:839} INFO - DAG(s) dict_keys(['latest_only']) retrieved from /home/airflow/.local/lib/python3.8/site-packages/airflow/example_dags/example_latest_only.py
[2023-09-20T22:41:23.972+0000] {logging_mixin.py:151} INFO - [2023-09-20T22:41:23.972+0000] {dag.py:2915} INFO - Sync 1 DAGs
[2023-09-20T22:41:24.004+0000] {logging_mixin.py:151} INFO - [2023-09-20T22:41:24.004+0000] {dag.py:3696} INFO - Setting next_dagrun for latest_only to 2023-09-20T18:41:24.003933+00:00, run_after=2023-09-20T22:41:24.003933+00:00
[2023-09-20T22:41:24.034+0000] {processor.py:179} INFO - Processing /home/airflow/.local/lib/python3.8/site-packages/airflow/example_dags/example_latest_only.py took 0.111 seconds
[2023-09-20T22:41:54.218+0000] {processor.py:157} INFO - Started process (PID=1875) to work on /home/airflow/.local/lib/python3.8/site-packages/airflow/example_dags/example_latest_only.py
[2023-09-20T22:41:54.219+0000] {processor.py:829} INFO - Processing file /home/airflow/.local/lib/python3.8/site-packages/airflow/example_dags/example_latest_only.py for tasks to queue
[2023-09-20T22:41:54.223+0000] {logging_mixin.py:151} INFO - [2023-09-20T22:41:54.223+0000] {dagbag.py:539} INFO - Filling up the DagBag from /home/airflow/.local/lib/python3.8/site-packages/airflow/example_dags/example_latest_only.py
[2023-09-20T22:41:54.229+0000] {processor.py:839} INFO - DAG(s) dict_keys(['latest_only']) retrieved from /home/airflow/.local/lib/python3.8/site-packages/airflow/example_dags/example_latest_only.py
[2023-09-20T22:41:54.256+0000] {logging_mixin.py:151} INFO - [2023-09-20T22:41:54.255+0000] {dag.py:2915} INFO - Sync 1 DAGs
[2023-09-20T22:41:54.291+0000] {logging_mixin.py:151} INFO - [2023-09-20T22:41:54.291+0000] {dag.py:3696} INFO - Setting next_dagrun for latest_only to 2023-09-20T18:41:54.290665+00:00, run_after=2023-09-20T22:41:54.290665+00:00
[2023-09-20T22:41:54.319+0000] {processor.py:179} INFO - Processing /home/airflow/.local/lib/python3.8/site-packages/airflow/example_dags/example_latest_only.py took 0.106 seconds
[2023-09-20T22:42:24.453+0000] {processor.py:157} INFO - Started process (PID=1929) to work on /home/airflow/.local/lib/python3.8/site-packages/airflow/example_dags/example_latest_only.py
[2023-09-20T22:42:24.455+0000] {processor.py:829} INFO - Processing file /home/airflow/.local/lib/python3.8/site-packages/airflow/example_dags/example_latest_only.py for tasks to queue
[2023-09-20T22:42:24.459+0000] {logging_mixin.py:151} INFO - [2023-09-20T22:42:24.458+0000] {dagbag.py:539} INFO - Filling up the DagBag from /home/airflow/.local/lib/python3.8/site-packages/airflow/example_dags/example_latest_only.py
[2023-09-20T22:42:24.469+0000] {processor.py:839} INFO - DAG(s) dict_keys(['latest_only']) retrieved from /home/airflow/.local/lib/python3.8/site-packages/airflow/example_dags/example_latest_only.py
[2023-09-20T22:42:24.501+0000] {logging_mixin.py:151} INFO - [2023-09-20T22:42:24.501+0000] {dag.py:2915} INFO - Sync 1 DAGs
[2023-09-20T22:42:24.536+0000] {logging_mixin.py:151} INFO - [2023-09-20T22:42:24.535+0000] {dag.py:3696} INFO - Setting next_dagrun for latest_only to 2023-09-20T18:42:24.535577+00:00, run_after=2023-09-20T22:42:24.535577+00:00
[2023-09-20T22:42:24.567+0000] {processor.py:179} INFO - Processing /home/airflow/.local/lib/python3.8/site-packages/airflow/example_dags/example_latest_only.py took 0.122 seconds
[2023-09-20T22:42:55.428+0000] {processor.py:157} INFO - Started process (PID=1985) to work on /home/airflow/.local/lib/python3.8/site-packages/airflow/example_dags/example_latest_only.py
[2023-09-20T22:42:55.429+0000] {processor.py:829} INFO - Processing file /home/airflow/.local/lib/python3.8/site-packages/airflow/example_dags/example_latest_only.py for tasks to queue
[2023-09-20T22:42:55.433+0000] {logging_mixin.py:151} INFO - [2023-09-20T22:42:55.433+0000] {dagbag.py:539} INFO - Filling up the DagBag from /home/airflow/.local/lib/python3.8/site-packages/airflow/example_dags/example_latest_only.py
[2023-09-20T22:42:55.441+0000] {processor.py:839} INFO - DAG(s) dict_keys(['latest_only']) retrieved from /home/airflow/.local/lib/python3.8/site-packages/airflow/example_dags/example_latest_only.py
[2023-09-20T22:42:55.468+0000] {logging_mixin.py:151} INFO - [2023-09-20T22:42:55.468+0000] {dag.py:2915} INFO - Sync 1 DAGs
[2023-09-20T22:42:55.501+0000] {logging_mixin.py:151} INFO - [2023-09-20T22:42:55.501+0000] {dag.py:3696} INFO - Setting next_dagrun for latest_only to 2023-09-20T18:42:55.501192+00:00, run_after=2023-09-20T22:42:55.501192+00:00
[2023-09-20T22:42:55.556+0000] {processor.py:179} INFO - Processing /home/airflow/.local/lib/python3.8/site-packages/airflow/example_dags/example_latest_only.py took 0.132 seconds
[2023-09-20T22:43:26.044+0000] {processor.py:157} INFO - Started process (PID=2040) to work on /home/airflow/.local/lib/python3.8/site-packages/airflow/example_dags/example_latest_only.py
[2023-09-20T22:43:26.046+0000] {processor.py:829} INFO - Processing file /home/airflow/.local/lib/python3.8/site-packages/airflow/example_dags/example_latest_only.py for tasks to queue
[2023-09-20T22:43:26.050+0000] {logging_mixin.py:151} INFO - [2023-09-20T22:43:26.050+0000] {dagbag.py:539} INFO - Filling up the DagBag from /home/airflow/.local/lib/python3.8/site-packages/airflow/example_dags/example_latest_only.py
[2023-09-20T22:43:26.058+0000] {processor.py:839} INFO - DAG(s) dict_keys(['latest_only']) retrieved from /home/airflow/.local/lib/python3.8/site-packages/airflow/example_dags/example_latest_only.py
[2023-09-20T22:43:26.084+0000] {logging_mixin.py:151} INFO - [2023-09-20T22:43:26.084+0000] {dag.py:2915} INFO - Sync 1 DAGs
[2023-09-20T22:43:26.119+0000] {logging_mixin.py:151} INFO - [2023-09-20T22:43:26.119+0000] {dag.py:3696} INFO - Setting next_dagrun for latest_only to 2023-09-20T18:43:26.118792+00:00, run_after=2023-09-20T22:43:26.118792+00:00
[2023-09-20T22:43:26.147+0000] {processor.py:179} INFO - Processing /home/airflow/.local/lib/python3.8/site-packages/airflow/example_dags/example_latest_only.py took 0.109 seconds
[2023-09-20T22:43:56.414+0000] {processor.py:157} INFO - Started process (PID=2095) to work on /home/airflow/.local/lib/python3.8/site-packages/airflow/example_dags/example_latest_only.py
[2023-09-20T22:43:56.417+0000] {processor.py:829} INFO - Processing file /home/airflow/.local/lib/python3.8/site-packages/airflow/example_dags/example_latest_only.py for tasks to queue
[2023-09-20T22:43:56.423+0000] {logging_mixin.py:151} INFO - [2023-09-20T22:43:56.422+0000] {dagbag.py:539} INFO - Filling up the DagBag from /home/airflow/.local/lib/python3.8/site-packages/airflow/example_dags/example_latest_only.py
[2023-09-20T22:43:56.433+0000] {processor.py:839} INFO - DAG(s) dict_keys(['latest_only']) retrieved from /home/airflow/.local/lib/python3.8/site-packages/airflow/example_dags/example_latest_only.py
[2023-09-20T22:43:56.464+0000] {logging_mixin.py:151} INFO - [2023-09-20T22:43:56.463+0000] {dag.py:2915} INFO - Sync 1 DAGs
[2023-09-20T22:43:56.492+0000] {logging_mixin.py:151} INFO - [2023-09-20T22:43:56.492+0000] {dag.py:3696} INFO - Setting next_dagrun for latest_only to 2023-09-20T18:43:56.492115+00:00, run_after=2023-09-20T22:43:56.492115+00:00
[2023-09-20T22:43:56.527+0000] {processor.py:179} INFO - Processing /home/airflow/.local/lib/python3.8/site-packages/airflow/example_dags/example_latest_only.py took 0.123 seconds
[2023-09-20T22:44:26.728+0000] {processor.py:157} INFO - Started process (PID=2150) to work on /home/airflow/.local/lib/python3.8/site-packages/airflow/example_dags/example_latest_only.py
[2023-09-20T22:44:26.730+0000] {processor.py:829} INFO - Processing file /home/airflow/.local/lib/python3.8/site-packages/airflow/example_dags/example_latest_only.py for tasks to queue
[2023-09-20T22:44:26.737+0000] {logging_mixin.py:151} INFO - [2023-09-20T22:44:26.736+0000] {dagbag.py:539} INFO - Filling up the DagBag from /home/airflow/.local/lib/python3.8/site-packages/airflow/example_dags/example_latest_only.py
[2023-09-20T22:44:26.750+0000] {processor.py:839} INFO - DAG(s) dict_keys(['latest_only']) retrieved from /home/airflow/.local/lib/python3.8/site-packages/airflow/example_dags/example_latest_only.py
[2023-09-20T22:44:26.794+0000] {logging_mixin.py:151} INFO - [2023-09-20T22:44:26.793+0000] {dag.py:2915} INFO - Sync 1 DAGs
[2023-09-20T22:44:26.835+0000] {logging_mixin.py:151} INFO - [2023-09-20T22:44:26.835+0000] {dag.py:3696} INFO - Setting next_dagrun for latest_only to 2023-09-20T18:44:26.834896+00:00, run_after=2023-09-20T22:44:26.834896+00:00
[2023-09-20T22:44:26.869+0000] {processor.py:179} INFO - Processing /home/airflow/.local/lib/python3.8/site-packages/airflow/example_dags/example_latest_only.py took 0.151 seconds
[2023-09-20T22:44:57.610+0000] {processor.py:157} INFO - Started process (PID=2205) to work on /home/airflow/.local/lib/python3.8/site-packages/airflow/example_dags/example_latest_only.py
[2023-09-20T22:44:57.612+0000] {processor.py:829} INFO - Processing file /home/airflow/.local/lib/python3.8/site-packages/airflow/example_dags/example_latest_only.py for tasks to queue
[2023-09-20T22:44:57.617+0000] {logging_mixin.py:151} INFO - [2023-09-20T22:44:57.617+0000] {dagbag.py:539} INFO - Filling up the DagBag from /home/airflow/.local/lib/python3.8/site-packages/airflow/example_dags/example_latest_only.py
[2023-09-20T22:44:57.628+0000] {processor.py:839} INFO - DAG(s) dict_keys(['latest_only']) retrieved from /home/airflow/.local/lib/python3.8/site-packages/airflow/example_dags/example_latest_only.py
[2023-09-20T22:44:57.657+0000] {logging_mixin.py:151} INFO - [2023-09-20T22:44:57.657+0000] {dag.py:2915} INFO - Sync 1 DAGs
[2023-09-20T22:44:57.695+0000] {logging_mixin.py:151} INFO - [2023-09-20T22:44:57.695+0000] {dag.py:3696} INFO - Setting next_dagrun for latest_only to 2023-09-20T18:44:57.695178+00:00, run_after=2023-09-20T22:44:57.695178+00:00
[2023-09-20T22:44:57.735+0000] {processor.py:179} INFO - Processing /home/airflow/.local/lib/python3.8/site-packages/airflow/example_dags/example_latest_only.py took 0.133 seconds
[2023-09-20T22:45:29.201+0000] {processor.py:157} INFO - Started process (PID=2261) to work on /home/airflow/.local/lib/python3.8/site-packages/airflow/example_dags/example_latest_only.py
[2023-09-20T22:45:29.202+0000] {processor.py:829} INFO - Processing file /home/airflow/.local/lib/python3.8/site-packages/airflow/example_dags/example_latest_only.py for tasks to queue
[2023-09-20T22:45:29.207+0000] {logging_mixin.py:151} INFO - [2023-09-20T22:45:29.206+0000] {dagbag.py:539} INFO - Filling up the DagBag from /home/airflow/.local/lib/python3.8/site-packages/airflow/example_dags/example_latest_only.py
[2023-09-20T22:45:29.215+0000] {processor.py:839} INFO - DAG(s) dict_keys(['latest_only']) retrieved from /home/airflow/.local/lib/python3.8/site-packages/airflow/example_dags/example_latest_only.py
[2023-09-20T22:45:29.256+0000] {logging_mixin.py:151} INFO - [2023-09-20T22:45:29.256+0000] {dag.py:2915} INFO - Sync 1 DAGs
[2023-09-20T22:45:29.299+0000] {logging_mixin.py:151} INFO - [2023-09-20T22:45:29.299+0000] {dag.py:3696} INFO - Setting next_dagrun for latest_only to 2023-09-20T18:45:29.299047+00:00, run_after=2023-09-20T22:45:29.299047+00:00
[2023-09-20T22:45:29.335+0000] {processor.py:179} INFO - Processing /home/airflow/.local/lib/python3.8/site-packages/airflow/example_dags/example_latest_only.py took 0.141 seconds
[2023-09-20T22:46:00.305+0000] {processor.py:157} INFO - Started process (PID=2316) to work on /home/airflow/.local/lib/python3.8/site-packages/airflow/example_dags/example_latest_only.py
[2023-09-20T22:46:00.307+0000] {processor.py:829} INFO - Processing file /home/airflow/.local/lib/python3.8/site-packages/airflow/example_dags/example_latest_only.py for tasks to queue
[2023-09-20T22:46:00.310+0000] {logging_mixin.py:151} INFO - [2023-09-20T22:46:00.310+0000] {dagbag.py:539} INFO - Filling up the DagBag from /home/airflow/.local/lib/python3.8/site-packages/airflow/example_dags/example_latest_only.py
[2023-09-20T22:46:00.317+0000] {processor.py:839} INFO - DAG(s) dict_keys(['latest_only']) retrieved from /home/airflow/.local/lib/python3.8/site-packages/airflow/example_dags/example_latest_only.py
[2023-09-20T22:46:00.347+0000] {logging_mixin.py:151} INFO - [2023-09-20T22:46:00.347+0000] {dag.py:2915} INFO - Sync 1 DAGs
[2023-09-20T22:46:00.389+0000] {logging_mixin.py:151} INFO - [2023-09-20T22:46:00.389+0000] {dag.py:3696} INFO - Setting next_dagrun for latest_only to 2023-09-20T18:46:00.389023+00:00, run_after=2023-09-20T22:46:00.389023+00:00
[2023-09-20T22:46:00.669+0000] {processor.py:179} INFO - Processing /home/airflow/.local/lib/python3.8/site-packages/airflow/example_dags/example_latest_only.py took 0.368 seconds
[2023-09-20T22:46:31.629+0000] {processor.py:157} INFO - Started process (PID=2371) to work on /home/airflow/.local/lib/python3.8/site-packages/airflow/example_dags/example_latest_only.py
[2023-09-20T22:46:31.631+0000] {processor.py:829} INFO - Processing file /home/airflow/.local/lib/python3.8/site-packages/airflow/example_dags/example_latest_only.py for tasks to queue
[2023-09-20T22:46:31.640+0000] {logging_mixin.py:151} INFO - [2023-09-20T22:46:31.639+0000] {dagbag.py:539} INFO - Filling up the DagBag from /home/airflow/.local/lib/python3.8/site-packages/airflow/example_dags/example_latest_only.py
[2023-09-20T22:46:31.653+0000] {processor.py:839} INFO - DAG(s) dict_keys(['latest_only']) retrieved from /home/airflow/.local/lib/python3.8/site-packages/airflow/example_dags/example_latest_only.py
[2023-09-20T22:46:31.703+0000] {logging_mixin.py:151} INFO - [2023-09-20T22:46:31.702+0000] {dag.py:2915} INFO - Sync 1 DAGs
[2023-09-20T22:46:31.759+0000] {logging_mixin.py:151} INFO - [2023-09-20T22:46:31.759+0000] {dag.py:3696} INFO - Setting next_dagrun for latest_only to 2023-09-20T18:46:31.758293+00:00, run_after=2023-09-20T22:46:31.758293+00:00
[2023-09-20T22:46:31.998+0000] {processor.py:179} INFO - Processing /home/airflow/.local/lib/python3.8/site-packages/airflow/example_dags/example_latest_only.py took 0.378 seconds
[2023-09-20T22:47:02.431+0000] {processor.py:157} INFO - Started process (PID=2426) to work on /home/airflow/.local/lib/python3.8/site-packages/airflow/example_dags/example_latest_only.py
[2023-09-20T22:47:02.433+0000] {processor.py:829} INFO - Processing file /home/airflow/.local/lib/python3.8/site-packages/airflow/example_dags/example_latest_only.py for tasks to queue
[2023-09-20T22:47:02.438+0000] {logging_mixin.py:151} INFO - [2023-09-20T22:47:02.437+0000] {dagbag.py:539} INFO - Filling up the DagBag from /home/airflow/.local/lib/python3.8/site-packages/airflow/example_dags/example_latest_only.py
[2023-09-20T22:47:02.447+0000] {processor.py:839} INFO - DAG(s) dict_keys(['latest_only']) retrieved from /home/airflow/.local/lib/python3.8/site-packages/airflow/example_dags/example_latest_only.py
[2023-09-20T22:47:02.479+0000] {logging_mixin.py:151} INFO - [2023-09-20T22:47:02.479+0000] {dag.py:2915} INFO - Sync 1 DAGs
[2023-09-20T22:47:02.516+0000] {logging_mixin.py:151} INFO - [2023-09-20T22:47:02.516+0000] {dag.py:3696} INFO - Setting next_dagrun for latest_only to 2023-09-20T18:47:02.515899+00:00, run_after=2023-09-20T22:47:02.515899+00:00
[2023-09-20T22:47:02.576+0000] {processor.py:179} INFO - Processing /home/airflow/.local/lib/python3.8/site-packages/airflow/example_dags/example_latest_only.py took 0.150 seconds
[2023-09-20T22:47:33.280+0000] {processor.py:157} INFO - Started process (PID=2481) to work on /home/airflow/.local/lib/python3.8/site-packages/airflow/example_dags/example_latest_only.py
[2023-09-20T22:47:33.281+0000] {processor.py:829} INFO - Processing file /home/airflow/.local/lib/python3.8/site-packages/airflow/example_dags/example_latest_only.py for tasks to queue
[2023-09-20T22:47:33.285+0000] {logging_mixin.py:151} INFO - [2023-09-20T22:47:33.285+0000] {dagbag.py:539} INFO - Filling up the DagBag from /home/airflow/.local/lib/python3.8/site-packages/airflow/example_dags/example_latest_only.py
[2023-09-20T22:47:33.294+0000] {processor.py:839} INFO - DAG(s) dict_keys(['latest_only']) retrieved from /home/airflow/.local/lib/python3.8/site-packages/airflow/example_dags/example_latest_only.py
[2023-09-20T22:47:33.342+0000] {logging_mixin.py:151} INFO - [2023-09-20T22:47:33.341+0000] {dag.py:2915} INFO - Sync 1 DAGs
[2023-09-20T22:47:33.379+0000] {logging_mixin.py:151} INFO - [2023-09-20T22:47:33.379+0000] {dag.py:3696} INFO - Setting next_dagrun for latest_only to 2023-09-20T18:47:33.378925+00:00, run_after=2023-09-20T22:47:33.378925+00:00
[2023-09-20T22:47:33.588+0000] {processor.py:179} INFO - Processing /home/airflow/.local/lib/python3.8/site-packages/airflow/example_dags/example_latest_only.py took 0.319 seconds
[2023-09-20T22:48:03.801+0000] {processor.py:157} INFO - Started process (PID=2536) to work on /home/airflow/.local/lib/python3.8/site-packages/airflow/example_dags/example_latest_only.py
[2023-09-20T22:48:03.802+0000] {processor.py:829} INFO - Processing file /home/airflow/.local/lib/python3.8/site-packages/airflow/example_dags/example_latest_only.py for tasks to queue
[2023-09-20T22:48:03.807+0000] {logging_mixin.py:151} INFO - [2023-09-20T22:48:03.807+0000] {dagbag.py:539} INFO - Filling up the DagBag from /home/airflow/.local/lib/python3.8/site-packages/airflow/example_dags/example_latest_only.py
[2023-09-20T22:48:03.816+0000] {processor.py:839} INFO - DAG(s) dict_keys(['latest_only']) retrieved from /home/airflow/.local/lib/python3.8/site-packages/airflow/example_dags/example_latest_only.py
[2023-09-20T22:48:03.844+0000] {logging_mixin.py:151} INFO - [2023-09-20T22:48:03.844+0000] {dag.py:2915} INFO - Sync 1 DAGs
[2023-09-20T22:48:03.874+0000] {logging_mixin.py:151} INFO - [2023-09-20T22:48:03.874+0000] {dag.py:3696} INFO - Setting next_dagrun for latest_only to 2023-09-20T18:48:03.873765+00:00, run_after=2023-09-20T22:48:03.873765+00:00
[2023-09-20T22:48:03.915+0000] {processor.py:179} INFO - Processing /home/airflow/.local/lib/python3.8/site-packages/airflow/example_dags/example_latest_only.py took 0.119 seconds
[2023-09-20T22:48:34.302+0000] {processor.py:157} INFO - Started process (PID=2591) to work on /home/airflow/.local/lib/python3.8/site-packages/airflow/example_dags/example_latest_only.py
[2023-09-20T22:48:34.304+0000] {processor.py:829} INFO - Processing file /home/airflow/.local/lib/python3.8/site-packages/airflow/example_dags/example_latest_only.py for tasks to queue
[2023-09-20T22:48:34.308+0000] {logging_mixin.py:151} INFO - [2023-09-20T22:48:34.308+0000] {dagbag.py:539} INFO - Filling up the DagBag from /home/airflow/.local/lib/python3.8/site-packages/airflow/example_dags/example_latest_only.py
[2023-09-20T22:48:34.314+0000] {processor.py:839} INFO - DAG(s) dict_keys(['latest_only']) retrieved from /home/airflow/.local/lib/python3.8/site-packages/airflow/example_dags/example_latest_only.py
[2023-09-20T22:48:34.344+0000] {logging_mixin.py:151} INFO - [2023-09-20T22:48:34.344+0000] {dag.py:2915} INFO - Sync 1 DAGs
[2023-09-20T22:48:34.374+0000] {logging_mixin.py:151} INFO - [2023-09-20T22:48:34.374+0000] {dag.py:3696} INFO - Setting next_dagrun for latest_only to 2023-09-20T18:48:34.373650+00:00, run_after=2023-09-20T22:48:34.373650+00:00
[2023-09-20T22:48:34.524+0000] {processor.py:179} INFO - Processing /home/airflow/.local/lib/python3.8/site-packages/airflow/example_dags/example_latest_only.py took 0.226 seconds
[2023-09-20T22:49:05.262+0000] {processor.py:157} INFO - Started process (PID=2646) to work on /home/airflow/.local/lib/python3.8/site-packages/airflow/example_dags/example_latest_only.py
[2023-09-20T22:49:05.263+0000] {processor.py:829} INFO - Processing file /home/airflow/.local/lib/python3.8/site-packages/airflow/example_dags/example_latest_only.py for tasks to queue
[2023-09-20T22:49:05.267+0000] {logging_mixin.py:151} INFO - [2023-09-20T22:49:05.267+0000] {dagbag.py:539} INFO - Filling up the DagBag from /home/airflow/.local/lib/python3.8/site-packages/airflow/example_dags/example_latest_only.py
[2023-09-20T22:49:05.273+0000] {processor.py:839} INFO - DAG(s) dict_keys(['latest_only']) retrieved from /home/airflow/.local/lib/python3.8/site-packages/airflow/example_dags/example_latest_only.py
[2023-09-20T22:49:05.301+0000] {logging_mixin.py:151} INFO - [2023-09-20T22:49:05.301+0000] {dag.py:2915} INFO - Sync 1 DAGs
[2023-09-20T22:49:05.332+0000] {logging_mixin.py:151} INFO - [2023-09-20T22:49:05.332+0000] {dag.py:3696} INFO - Setting next_dagrun for latest_only to 2023-09-20T18:49:05.332410+00:00, run_after=2023-09-20T22:49:05.332410+00:00
[2023-09-20T22:49:05.362+0000] {processor.py:179} INFO - Processing /home/airflow/.local/lib/python3.8/site-packages/airflow/example_dags/example_latest_only.py took 0.105 seconds
[2023-09-20T22:49:35.853+0000] {processor.py:157} INFO - Started process (PID=2701) to work on /home/airflow/.local/lib/python3.8/site-packages/airflow/example_dags/example_latest_only.py
[2023-09-20T22:49:35.855+0000] {processor.py:829} INFO - Processing file /home/airflow/.local/lib/python3.8/site-packages/airflow/example_dags/example_latest_only.py for tasks to queue
[2023-09-20T22:49:35.862+0000] {logging_mixin.py:151} INFO - [2023-09-20T22:49:35.861+0000] {dagbag.py:539} INFO - Filling up the DagBag from /home/airflow/.local/lib/python3.8/site-packages/airflow/example_dags/example_latest_only.py
[2023-09-20T22:49:35.873+0000] {processor.py:839} INFO - DAG(s) dict_keys(['latest_only']) retrieved from /home/airflow/.local/lib/python3.8/site-packages/airflow/example_dags/example_latest_only.py
[2023-09-20T22:49:35.910+0000] {logging_mixin.py:151} INFO - [2023-09-20T22:49:35.909+0000] {dag.py:2915} INFO - Sync 1 DAGs
[2023-09-20T22:49:35.963+0000] {logging_mixin.py:151} INFO - [2023-09-20T22:49:35.962+0000] {dag.py:3696} INFO - Setting next_dagrun for latest_only to 2023-09-20T18:49:35.962288+00:00, run_after=2023-09-20T22:49:35.962288+00:00
[2023-09-20T22:49:36.043+0000] {processor.py:179} INFO - Processing /home/airflow/.local/lib/python3.8/site-packages/airflow/example_dags/example_latest_only.py took 0.197 seconds
[2023-09-20T22:50:06.229+0000] {processor.py:157} INFO - Started process (PID=2756) to work on /home/airflow/.local/lib/python3.8/site-packages/airflow/example_dags/example_latest_only.py
[2023-09-20T22:50:06.231+0000] {processor.py:829} INFO - Processing file /home/airflow/.local/lib/python3.8/site-packages/airflow/example_dags/example_latest_only.py for tasks to queue
[2023-09-20T22:50:06.234+0000] {logging_mixin.py:151} INFO - [2023-09-20T22:50:06.234+0000] {dagbag.py:539} INFO - Filling up the DagBag from /home/airflow/.local/lib/python3.8/site-packages/airflow/example_dags/example_latest_only.py
[2023-09-20T22:50:06.241+0000] {processor.py:839} INFO - DAG(s) dict_keys(['latest_only']) retrieved from /home/airflow/.local/lib/python3.8/site-packages/airflow/example_dags/example_latest_only.py
[2023-09-20T22:50:06.268+0000] {logging_mixin.py:151} INFO - [2023-09-20T22:50:06.268+0000] {dag.py:2915} INFO - Sync 1 DAGs
[2023-09-20T22:50:06.296+0000] {logging_mixin.py:151} INFO - [2023-09-20T22:50:06.296+0000] {dag.py:3696} INFO - Setting next_dagrun for latest_only to 2023-09-20T18:50:06.296291+00:00, run_after=2023-09-20T22:50:06.296291+00:00
[2023-09-20T22:50:06.342+0000] {processor.py:179} INFO - Processing /home/airflow/.local/lib/python3.8/site-packages/airflow/example_dags/example_latest_only.py took 0.118 seconds
[2023-09-20T22:50:36.656+0000] {processor.py:157} INFO - Started process (PID=2811) to work on /home/airflow/.local/lib/python3.8/site-packages/airflow/example_dags/example_latest_only.py
[2023-09-20T22:50:36.658+0000] {processor.py:829} INFO - Processing file /home/airflow/.local/lib/python3.8/site-packages/airflow/example_dags/example_latest_only.py for tasks to queue
[2023-09-20T22:50:36.664+0000] {logging_mixin.py:151} INFO - [2023-09-20T22:50:36.664+0000] {dagbag.py:539} INFO - Filling up the DagBag from /home/airflow/.local/lib/python3.8/site-packages/airflow/example_dags/example_latest_only.py
[2023-09-20T22:50:36.674+0000] {processor.py:839} INFO - DAG(s) dict_keys(['latest_only']) retrieved from /home/airflow/.local/lib/python3.8/site-packages/airflow/example_dags/example_latest_only.py
[2023-09-20T22:50:36.705+0000] {logging_mixin.py:151} INFO - [2023-09-20T22:50:36.705+0000] {dag.py:2915} INFO - Sync 1 DAGs
[2023-09-20T22:50:36.736+0000] {logging_mixin.py:151} INFO - [2023-09-20T22:50:36.736+0000] {dag.py:3696} INFO - Setting next_dagrun for latest_only to 2023-09-20T18:50:36.736315+00:00, run_after=2023-09-20T22:50:36.736315+00:00
[2023-09-20T22:50:36.770+0000] {processor.py:179} INFO - Processing /home/airflow/.local/lib/python3.8/site-packages/airflow/example_dags/example_latest_only.py took 0.121 seconds
[2023-09-20T22:51:07.189+0000] {processor.py:157} INFO - Started process (PID=2866) to work on /home/airflow/.local/lib/python3.8/site-packages/airflow/example_dags/example_latest_only.py
[2023-09-20T22:51:07.191+0000] {processor.py:829} INFO - Processing file /home/airflow/.local/lib/python3.8/site-packages/airflow/example_dags/example_latest_only.py for tasks to queue
[2023-09-20T22:51:07.195+0000] {logging_mixin.py:151} INFO - [2023-09-20T22:51:07.194+0000] {dagbag.py:539} INFO - Filling up the DagBag from /home/airflow/.local/lib/python3.8/site-packages/airflow/example_dags/example_latest_only.py
[2023-09-20T22:51:07.201+0000] {processor.py:839} INFO - DAG(s) dict_keys(['latest_only']) retrieved from /home/airflow/.local/lib/python3.8/site-packages/airflow/example_dags/example_latest_only.py
[2023-09-20T22:51:07.228+0000] {logging_mixin.py:151} INFO - [2023-09-20T22:51:07.228+0000] {dag.py:2915} INFO - Sync 1 DAGs
[2023-09-20T22:51:07.264+0000] {logging_mixin.py:151} INFO - [2023-09-20T22:51:07.264+0000] {dag.py:3696} INFO - Setting next_dagrun for latest_only to 2023-09-20T18:51:07.263543+00:00, run_after=2023-09-20T22:51:07.263543+00:00
[2023-09-20T22:51:07.296+0000] {processor.py:179} INFO - Processing /home/airflow/.local/lib/python3.8/site-packages/airflow/example_dags/example_latest_only.py took 0.111 seconds
[2023-09-20T22:51:37.536+0000] {processor.py:157} INFO - Started process (PID=2921) to work on /home/airflow/.local/lib/python3.8/site-packages/airflow/example_dags/example_latest_only.py
[2023-09-20T22:51:37.537+0000] {processor.py:829} INFO - Processing file /home/airflow/.local/lib/python3.8/site-packages/airflow/example_dags/example_latest_only.py for tasks to queue
[2023-09-20T22:51:37.542+0000] {logging_mixin.py:151} INFO - [2023-09-20T22:51:37.541+0000] {dagbag.py:539} INFO - Filling up the DagBag from /home/airflow/.local/lib/python3.8/site-packages/airflow/example_dags/example_latest_only.py
[2023-09-20T22:51:37.549+0000] {processor.py:839} INFO - DAG(s) dict_keys(['latest_only']) retrieved from /home/airflow/.local/lib/python3.8/site-packages/airflow/example_dags/example_latest_only.py
[2023-09-20T22:51:37.582+0000] {logging_mixin.py:151} INFO - [2023-09-20T22:51:37.582+0000] {dag.py:2915} INFO - Sync 1 DAGs
[2023-09-20T22:51:37.610+0000] {logging_mixin.py:151} INFO - [2023-09-20T22:51:37.610+0000] {dag.py:3696} INFO - Setting next_dagrun for latest_only to 2023-09-20T18:51:37.610400+00:00, run_after=2023-09-20T22:51:37.610400+00:00
[2023-09-20T22:51:37.651+0000] {processor.py:179} INFO - Processing /home/airflow/.local/lib/python3.8/site-packages/airflow/example_dags/example_latest_only.py took 0.119 seconds
[2023-09-20T22:52:08.087+0000] {processor.py:157} INFO - Started process (PID=2977) to work on /home/airflow/.local/lib/python3.8/site-packages/airflow/example_dags/example_latest_only.py
[2023-09-20T22:52:08.088+0000] {processor.py:829} INFO - Processing file /home/airflow/.local/lib/python3.8/site-packages/airflow/example_dags/example_latest_only.py for tasks to queue
[2023-09-20T22:52:08.092+0000] {logging_mixin.py:151} INFO - [2023-09-20T22:52:08.092+0000] {dagbag.py:539} INFO - Filling up the DagBag from /home/airflow/.local/lib/python3.8/site-packages/airflow/example_dags/example_latest_only.py
[2023-09-20T22:52:08.099+0000] {processor.py:839} INFO - DAG(s) dict_keys(['latest_only']) retrieved from /home/airflow/.local/lib/python3.8/site-packages/airflow/example_dags/example_latest_only.py
[2023-09-20T22:52:08.128+0000] {logging_mixin.py:151} INFO - [2023-09-20T22:52:08.128+0000] {dag.py:2915} INFO - Sync 1 DAGs
[2023-09-20T22:52:08.159+0000] {logging_mixin.py:151} INFO - [2023-09-20T22:52:08.158+0000] {dag.py:3696} INFO - Setting next_dagrun for latest_only to 2023-09-20T18:52:08.158563+00:00, run_after=2023-09-20T22:52:08.158563+00:00
[2023-09-20T22:52:08.230+0000] {processor.py:179} INFO - Processing /home/airflow/.local/lib/python3.8/site-packages/airflow/example_dags/example_latest_only.py took 0.148 seconds
[2023-09-20T23:11:32.951+0000] {processor.py:157} INFO - Started process (PID=53) to work on /home/airflow/.local/lib/python3.8/site-packages/airflow/example_dags/example_latest_only.py
[2023-09-20T23:11:32.953+0000] {processor.py:829} INFO - Processing file /home/airflow/.local/lib/python3.8/site-packages/airflow/example_dags/example_latest_only.py for tasks to queue
[2023-09-20T23:11:32.959+0000] {logging_mixin.py:151} INFO - [2023-09-20T23:11:32.958+0000] {dagbag.py:539} INFO - Filling up the DagBag from /home/airflow/.local/lib/python3.8/site-packages/airflow/example_dags/example_latest_only.py
[2023-09-20T23:11:32.972+0000] {processor.py:839} INFO - DAG(s) dict_keys(['latest_only']) retrieved from /home/airflow/.local/lib/python3.8/site-packages/airflow/example_dags/example_latest_only.py
[2023-09-20T23:11:32.991+0000] {logging_mixin.py:151} INFO - [2023-09-20T23:11:32.991+0000] {dag.py:2915} INFO - Sync 1 DAGs
[2023-09-20T23:11:33.024+0000] {logging_mixin.py:151} INFO - [2023-09-20T23:11:33.023+0000] {dag.py:3696} INFO - Setting next_dagrun for latest_only to 2023-09-20T19:11:33.023616+00:00, run_after=2023-09-20T23:11:33.023616+00:00
[2023-09-20T23:11:33.062+0000] {processor.py:179} INFO - Processing /home/airflow/.local/lib/python3.8/site-packages/airflow/example_dags/example_latest_only.py took 0.116 seconds
[2023-09-20T23:12:03.715+0000] {processor.py:157} INFO - Started process (PID=108) to work on /home/airflow/.local/lib/python3.8/site-packages/airflow/example_dags/example_latest_only.py
[2023-09-20T23:12:03.717+0000] {processor.py:829} INFO - Processing file /home/airflow/.local/lib/python3.8/site-packages/airflow/example_dags/example_latest_only.py for tasks to queue
[2023-09-20T23:12:03.721+0000] {logging_mixin.py:151} INFO - [2023-09-20T23:12:03.721+0000] {dagbag.py:539} INFO - Filling up the DagBag from /home/airflow/.local/lib/python3.8/site-packages/airflow/example_dags/example_latest_only.py
[2023-09-20T23:12:03.731+0000] {processor.py:839} INFO - DAG(s) dict_keys(['latest_only']) retrieved from /home/airflow/.local/lib/python3.8/site-packages/airflow/example_dags/example_latest_only.py
[2023-09-20T23:12:03.761+0000] {logging_mixin.py:151} INFO - [2023-09-20T23:12:03.760+0000] {dag.py:2915} INFO - Sync 1 DAGs
[2023-09-20T23:12:03.790+0000] {logging_mixin.py:151} INFO - [2023-09-20T23:12:03.790+0000] {dag.py:3696} INFO - Setting next_dagrun for latest_only to 2023-09-20T19:12:03.790354+00:00, run_after=2023-09-20T23:12:03.790354+00:00
[2023-09-20T23:12:03.815+0000] {processor.py:179} INFO - Processing /home/airflow/.local/lib/python3.8/site-packages/airflow/example_dags/example_latest_only.py took 0.106 seconds
[2023-09-20T23:12:36.012+0000] {processor.py:157} INFO - Started process (PID=163) to work on /home/airflow/.local/lib/python3.8/site-packages/airflow/example_dags/example_latest_only.py
[2023-09-20T23:12:36.014+0000] {processor.py:829} INFO - Processing file /home/airflow/.local/lib/python3.8/site-packages/airflow/example_dags/example_latest_only.py for tasks to queue
[2023-09-20T23:12:36.018+0000] {logging_mixin.py:151} INFO - [2023-09-20T23:12:36.018+0000] {dagbag.py:539} INFO - Filling up the DagBag from /home/airflow/.local/lib/python3.8/site-packages/airflow/example_dags/example_latest_only.py
[2023-09-20T23:12:36.028+0000] {processor.py:839} INFO - DAG(s) dict_keys(['latest_only']) retrieved from /home/airflow/.local/lib/python3.8/site-packages/airflow/example_dags/example_latest_only.py
[2023-09-20T23:12:36.065+0000] {logging_mixin.py:151} INFO - [2023-09-20T23:12:36.064+0000] {dag.py:2915} INFO - Sync 1 DAGs
[2023-09-20T23:12:36.113+0000] {logging_mixin.py:151} INFO - [2023-09-20T23:12:36.113+0000] {dag.py:3696} INFO - Setting next_dagrun for latest_only to 2023-09-20T19:12:36.112830+00:00, run_after=2023-09-20T23:12:36.112830+00:00
[2023-09-20T23:12:36.154+0000] {processor.py:179} INFO - Processing /home/airflow/.local/lib/python3.8/site-packages/airflow/example_dags/example_latest_only.py took 0.149 seconds
[2023-09-20T23:13:07.027+0000] {processor.py:157} INFO - Started process (PID=218) to work on /home/airflow/.local/lib/python3.8/site-packages/airflow/example_dags/example_latest_only.py
[2023-09-20T23:13:07.028+0000] {processor.py:829} INFO - Processing file /home/airflow/.local/lib/python3.8/site-packages/airflow/example_dags/example_latest_only.py for tasks to queue
[2023-09-20T23:13:07.032+0000] {logging_mixin.py:151} INFO - [2023-09-20T23:13:07.031+0000] {dagbag.py:539} INFO - Filling up the DagBag from /home/airflow/.local/lib/python3.8/site-packages/airflow/example_dags/example_latest_only.py
[2023-09-20T23:13:07.039+0000] {processor.py:839} INFO - DAG(s) dict_keys(['latest_only']) retrieved from /home/airflow/.local/lib/python3.8/site-packages/airflow/example_dags/example_latest_only.py
[2023-09-20T23:13:07.067+0000] {logging_mixin.py:151} INFO - [2023-09-20T23:13:07.067+0000] {dag.py:2915} INFO - Sync 1 DAGs
[2023-09-20T23:13:07.094+0000] {logging_mixin.py:151} INFO - [2023-09-20T23:13:07.094+0000] {dag.py:3696} INFO - Setting next_dagrun for latest_only to 2023-09-20T19:13:07.094482+00:00, run_after=2023-09-20T23:13:07.094482+00:00
[2023-09-20T23:13:07.121+0000] {processor.py:179} INFO - Processing /home/airflow/.local/lib/python3.8/site-packages/airflow/example_dags/example_latest_only.py took 0.100 seconds
