[2023-09-20T22:15:28.159+0000] {processor.py:157} INFO - Started process (PID=39) to work on /home/airflow/.local/lib/python3.8/site-packages/airflow/example_dags/example_branch_python_dop_operator_3.py
[2023-09-20T22:15:28.161+0000] {processor.py:829} INFO - Processing file /home/airflow/.local/lib/python3.8/site-packages/airflow/example_dags/example_branch_python_dop_operator_3.py for tasks to queue
[2023-09-20T22:15:28.166+0000] {logging_mixin.py:151} INFO - [2023-09-20T22:15:28.166+0000] {dagbag.py:539} INFO - Filling up the DagBag from /home/airflow/.local/lib/python3.8/site-packages/airflow/example_dags/example_branch_python_dop_operator_3.py
[2023-09-20T22:15:28.186+0000] {processor.py:839} INFO - DAG(s) dict_keys(['example_branch_dop_operator_v3']) retrieved from /home/airflow/.local/lib/python3.8/site-packages/airflow/example_dags/example_branch_python_dop_operator_3.py
[2023-09-20T22:15:28.210+0000] {logging_mixin.py:151} INFO - [2023-09-20T22:15:28.210+0000] {dag.py:2915} INFO - Sync 1 DAGs
[2023-09-20T22:15:28.257+0000] {logging_mixin.py:151} INFO - [2023-09-20T22:15:28.257+0000] {dag.py:3696} INFO - Setting next_dagrun for example_branch_dop_operator_v3 to 2023-09-20T22:14:00+00:00, run_after=2023-09-20T22:15:00+00:00
[2023-09-20T22:15:28.283+0000] {processor.py:179} INFO - Processing /home/airflow/.local/lib/python3.8/site-packages/airflow/example_dags/example_branch_python_dop_operator_3.py took 0.131 seconds
[2023-09-20T22:15:58.410+0000] {processor.py:157} INFO - Started process (PID=92) to work on /home/airflow/.local/lib/python3.8/site-packages/airflow/example_dags/example_branch_python_dop_operator_3.py
[2023-09-20T22:15:58.411+0000] {processor.py:829} INFO - Processing file /home/airflow/.local/lib/python3.8/site-packages/airflow/example_dags/example_branch_python_dop_operator_3.py for tasks to queue
[2023-09-20T22:15:58.416+0000] {logging_mixin.py:151} INFO - [2023-09-20T22:15:58.415+0000] {dagbag.py:539} INFO - Filling up the DagBag from /home/airflow/.local/lib/python3.8/site-packages/airflow/example_dags/example_branch_python_dop_operator_3.py
[2023-09-20T22:15:58.430+0000] {processor.py:839} INFO - DAG(s) dict_keys(['example_branch_dop_operator_v3']) retrieved from /home/airflow/.local/lib/python3.8/site-packages/airflow/example_dags/example_branch_python_dop_operator_3.py
[2023-09-20T22:15:58.460+0000] {logging_mixin.py:151} INFO - [2023-09-20T22:15:58.460+0000] {dag.py:2915} INFO - Sync 1 DAGs
[2023-09-20T22:15:58.501+0000] {logging_mixin.py:151} INFO - [2023-09-20T22:15:58.501+0000] {dag.py:3696} INFO - Setting next_dagrun for example_branch_dop_operator_v3 to 2023-09-20T22:14:00+00:00, run_after=2023-09-20T22:15:00+00:00
[2023-09-20T22:15:58.541+0000] {processor.py:179} INFO - Processing /home/airflow/.local/lib/python3.8/site-packages/airflow/example_dags/example_branch_python_dop_operator_3.py took 0.137 seconds
[2023-09-20T22:16:29.207+0000] {processor.py:157} INFO - Started process (PID=146) to work on /home/airflow/.local/lib/python3.8/site-packages/airflow/example_dags/example_branch_python_dop_operator_3.py
[2023-09-20T22:16:29.209+0000] {processor.py:829} INFO - Processing file /home/airflow/.local/lib/python3.8/site-packages/airflow/example_dags/example_branch_python_dop_operator_3.py for tasks to queue
[2023-09-20T22:16:29.213+0000] {logging_mixin.py:151} INFO - [2023-09-20T22:16:29.212+0000] {dagbag.py:539} INFO - Filling up the DagBag from /home/airflow/.local/lib/python3.8/site-packages/airflow/example_dags/example_branch_python_dop_operator_3.py
[2023-09-20T22:16:29.229+0000] {processor.py:839} INFO - DAG(s) dict_keys(['example_branch_dop_operator_v3']) retrieved from /home/airflow/.local/lib/python3.8/site-packages/airflow/example_dags/example_branch_python_dop_operator_3.py
[2023-09-20T22:16:29.266+0000] {logging_mixin.py:151} INFO - [2023-09-20T22:16:29.266+0000] {dag.py:2915} INFO - Sync 1 DAGs
[2023-09-20T22:16:29.306+0000] {logging_mixin.py:151} INFO - [2023-09-20T22:16:29.306+0000] {dag.py:3696} INFO - Setting next_dagrun for example_branch_dop_operator_v3 to 2023-09-20T22:15:00+00:00, run_after=2023-09-20T22:16:00+00:00
[2023-09-20T22:16:29.338+0000] {processor.py:179} INFO - Processing /home/airflow/.local/lib/python3.8/site-packages/airflow/example_dags/example_branch_python_dop_operator_3.py took 0.137 seconds
[2023-09-20T22:16:59.696+0000] {processor.py:157} INFO - Started process (PID=200) to work on /home/airflow/.local/lib/python3.8/site-packages/airflow/example_dags/example_branch_python_dop_operator_3.py
[2023-09-20T22:16:59.698+0000] {processor.py:829} INFO - Processing file /home/airflow/.local/lib/python3.8/site-packages/airflow/example_dags/example_branch_python_dop_operator_3.py for tasks to queue
[2023-09-20T22:16:59.702+0000] {logging_mixin.py:151} INFO - [2023-09-20T22:16:59.701+0000] {dagbag.py:539} INFO - Filling up the DagBag from /home/airflow/.local/lib/python3.8/site-packages/airflow/example_dags/example_branch_python_dop_operator_3.py
[2023-09-20T22:16:59.720+0000] {processor.py:839} INFO - DAG(s) dict_keys(['example_branch_dop_operator_v3']) retrieved from /home/airflow/.local/lib/python3.8/site-packages/airflow/example_dags/example_branch_python_dop_operator_3.py
[2023-09-20T22:16:59.753+0000] {logging_mixin.py:151} INFO - [2023-09-20T22:16:59.752+0000] {dag.py:2915} INFO - Sync 1 DAGs
[2023-09-20T22:16:59.809+0000] {logging_mixin.py:151} INFO - [2023-09-20T22:16:59.809+0000] {dag.py:3696} INFO - Setting next_dagrun for example_branch_dop_operator_v3 to 2023-09-20T22:15:00+00:00, run_after=2023-09-20T22:16:00+00:00
[2023-09-20T22:16:59.871+0000] {processor.py:179} INFO - Processing /home/airflow/.local/lib/python3.8/site-packages/airflow/example_dags/example_branch_python_dop_operator_3.py took 0.183 seconds
[2023-09-20T22:24:59.178+0000] {processor.py:157} INFO - Started process (PID=39) to work on /home/airflow/.local/lib/python3.8/site-packages/airflow/example_dags/example_branch_python_dop_operator_3.py
[2023-09-20T22:24:59.179+0000] {processor.py:829} INFO - Processing file /home/airflow/.local/lib/python3.8/site-packages/airflow/example_dags/example_branch_python_dop_operator_3.py for tasks to queue
[2023-09-20T22:24:59.183+0000] {logging_mixin.py:151} INFO - [2023-09-20T22:24:59.182+0000] {dagbag.py:539} INFO - Filling up the DagBag from /home/airflow/.local/lib/python3.8/site-packages/airflow/example_dags/example_branch_python_dop_operator_3.py
[2023-09-20T22:24:59.393+0000] {processor.py:839} INFO - DAG(s) dict_keys(['example_branch_dop_operator_v3']) retrieved from /home/airflow/.local/lib/python3.8/site-packages/airflow/example_dags/example_branch_python_dop_operator_3.py
[2023-09-20T22:24:59.409+0000] {logging_mixin.py:151} INFO - [2023-09-20T22:24:59.409+0000] {dag.py:2915} INFO - Sync 1 DAGs
[2023-09-20T22:24:59.446+0000] {logging_mixin.py:151} INFO - [2023-09-20T22:24:59.446+0000] {dag.py:3696} INFO - Setting next_dagrun for example_branch_dop_operator_v3 to 2023-09-20T22:23:00+00:00, run_after=2023-09-20T22:24:00+00:00
[2023-09-20T22:24:59.527+0000] {processor.py:179} INFO - Processing /home/airflow/.local/lib/python3.8/site-packages/airflow/example_dags/example_branch_python_dop_operator_3.py took 0.353 seconds
[2023-09-20T22:25:30.234+0000] {processor.py:157} INFO - Started process (PID=94) to work on /home/airflow/.local/lib/python3.8/site-packages/airflow/example_dags/example_branch_python_dop_operator_3.py
[2023-09-20T22:25:30.235+0000] {processor.py:829} INFO - Processing file /home/airflow/.local/lib/python3.8/site-packages/airflow/example_dags/example_branch_python_dop_operator_3.py for tasks to queue
[2023-09-20T22:25:30.240+0000] {logging_mixin.py:151} INFO - [2023-09-20T22:25:30.239+0000] {dagbag.py:539} INFO - Filling up the DagBag from /home/airflow/.local/lib/python3.8/site-packages/airflow/example_dags/example_branch_python_dop_operator_3.py
[2023-09-20T22:25:30.260+0000] {processor.py:839} INFO - DAG(s) dict_keys(['example_branch_dop_operator_v3']) retrieved from /home/airflow/.local/lib/python3.8/site-packages/airflow/example_dags/example_branch_python_dop_operator_3.py
[2023-09-20T22:25:30.297+0000] {logging_mixin.py:151} INFO - [2023-09-20T22:25:30.297+0000] {dag.py:2915} INFO - Sync 1 DAGs
[2023-09-20T22:25:30.340+0000] {logging_mixin.py:151} INFO - [2023-09-20T22:25:30.339+0000] {dag.py:3696} INFO - Setting next_dagrun for example_branch_dop_operator_v3 to 2023-09-20T22:24:00+00:00, run_after=2023-09-20T22:25:00+00:00
[2023-09-20T22:25:30.438+0000] {processor.py:179} INFO - Processing /home/airflow/.local/lib/python3.8/site-packages/airflow/example_dags/example_branch_python_dop_operator_3.py took 0.209 seconds
[2023-09-20T22:26:00.861+0000] {processor.py:157} INFO - Started process (PID=149) to work on /home/airflow/.local/lib/python3.8/site-packages/airflow/example_dags/example_branch_python_dop_operator_3.py
[2023-09-20T22:26:00.864+0000] {processor.py:829} INFO - Processing file /home/airflow/.local/lib/python3.8/site-packages/airflow/example_dags/example_branch_python_dop_operator_3.py for tasks to queue
[2023-09-20T22:26:00.872+0000] {logging_mixin.py:151} INFO - [2023-09-20T22:26:00.871+0000] {dagbag.py:539} INFO - Filling up the DagBag from /home/airflow/.local/lib/python3.8/site-packages/airflow/example_dags/example_branch_python_dop_operator_3.py
[2023-09-20T22:26:00.894+0000] {processor.py:839} INFO - DAG(s) dict_keys(['example_branch_dop_operator_v3']) retrieved from /home/airflow/.local/lib/python3.8/site-packages/airflow/example_dags/example_branch_python_dop_operator_3.py
[2023-09-20T22:26:00.949+0000] {logging_mixin.py:151} INFO - [2023-09-20T22:26:00.949+0000] {dag.py:2915} INFO - Sync 1 DAGs
[2023-09-20T22:26:00.992+0000] {logging_mixin.py:151} INFO - [2023-09-20T22:26:00.992+0000] {dag.py:3696} INFO - Setting next_dagrun for example_branch_dop_operator_v3 to 2023-09-20T22:25:00+00:00, run_after=2023-09-20T22:26:00+00:00
[2023-09-20T22:26:01.078+0000] {processor.py:179} INFO - Processing /home/airflow/.local/lib/python3.8/site-packages/airflow/example_dags/example_branch_python_dop_operator_3.py took 0.226 seconds
[2023-09-20T22:26:31.799+0000] {processor.py:157} INFO - Started process (PID=204) to work on /home/airflow/.local/lib/python3.8/site-packages/airflow/example_dags/example_branch_python_dop_operator_3.py
[2023-09-20T22:26:31.801+0000] {processor.py:829} INFO - Processing file /home/airflow/.local/lib/python3.8/site-packages/airflow/example_dags/example_branch_python_dop_operator_3.py for tasks to queue
[2023-09-20T22:26:31.804+0000] {logging_mixin.py:151} INFO - [2023-09-20T22:26:31.803+0000] {dagbag.py:539} INFO - Filling up the DagBag from /home/airflow/.local/lib/python3.8/site-packages/airflow/example_dags/example_branch_python_dop_operator_3.py
[2023-09-20T22:26:31.817+0000] {processor.py:839} INFO - DAG(s) dict_keys(['example_branch_dop_operator_v3']) retrieved from /home/airflow/.local/lib/python3.8/site-packages/airflow/example_dags/example_branch_python_dop_operator_3.py
[2023-09-20T22:26:31.852+0000] {logging_mixin.py:151} INFO - [2023-09-20T22:26:31.852+0000] {dag.py:2915} INFO - Sync 1 DAGs
[2023-09-20T22:26:31.900+0000] {logging_mixin.py:151} INFO - [2023-09-20T22:26:31.899+0000] {dag.py:3696} INFO - Setting next_dagrun for example_branch_dop_operator_v3 to 2023-09-20T22:25:00+00:00, run_after=2023-09-20T22:26:00+00:00
[2023-09-20T22:26:32.266+0000] {processor.py:179} INFO - Processing /home/airflow/.local/lib/python3.8/site-packages/airflow/example_dags/example_branch_python_dop_operator_3.py took 0.471 seconds
[2023-09-20T22:27:02.828+0000] {processor.py:157} INFO - Started process (PID=259) to work on /home/airflow/.local/lib/python3.8/site-packages/airflow/example_dags/example_branch_python_dop_operator_3.py
[2023-09-20T22:27:02.829+0000] {processor.py:829} INFO - Processing file /home/airflow/.local/lib/python3.8/site-packages/airflow/example_dags/example_branch_python_dop_operator_3.py for tasks to queue
[2023-09-20T22:27:02.834+0000] {logging_mixin.py:151} INFO - [2023-09-20T22:27:02.833+0000] {dagbag.py:539} INFO - Filling up the DagBag from /home/airflow/.local/lib/python3.8/site-packages/airflow/example_dags/example_branch_python_dop_operator_3.py
[2023-09-20T22:27:02.855+0000] {processor.py:839} INFO - DAG(s) dict_keys(['example_branch_dop_operator_v3']) retrieved from /home/airflow/.local/lib/python3.8/site-packages/airflow/example_dags/example_branch_python_dop_operator_3.py
[2023-09-20T22:27:02.886+0000] {logging_mixin.py:151} INFO - [2023-09-20T22:27:02.885+0000] {dag.py:2915} INFO - Sync 1 DAGs
[2023-09-20T22:27:02.947+0000] {logging_mixin.py:151} INFO - [2023-09-20T22:27:02.947+0000] {dag.py:3696} INFO - Setting next_dagrun for example_branch_dop_operator_v3 to 2023-09-20T22:26:00+00:00, run_after=2023-09-20T22:27:00+00:00
[2023-09-20T22:27:03.171+0000] {processor.py:179} INFO - Processing /home/airflow/.local/lib/python3.8/site-packages/airflow/example_dags/example_branch_python_dop_operator_3.py took 0.350 seconds
[2023-09-20T22:27:33.663+0000] {processor.py:157} INFO - Started process (PID=314) to work on /home/airflow/.local/lib/python3.8/site-packages/airflow/example_dags/example_branch_python_dop_operator_3.py
[2023-09-20T22:27:33.666+0000] {processor.py:829} INFO - Processing file /home/airflow/.local/lib/python3.8/site-packages/airflow/example_dags/example_branch_python_dop_operator_3.py for tasks to queue
[2023-09-20T22:27:33.672+0000] {logging_mixin.py:151} INFO - [2023-09-20T22:27:33.671+0000] {dagbag.py:539} INFO - Filling up the DagBag from /home/airflow/.local/lib/python3.8/site-packages/airflow/example_dags/example_branch_python_dop_operator_3.py
[2023-09-20T22:27:33.691+0000] {processor.py:839} INFO - DAG(s) dict_keys(['example_branch_dop_operator_v3']) retrieved from /home/airflow/.local/lib/python3.8/site-packages/airflow/example_dags/example_branch_python_dop_operator_3.py
[2023-09-20T22:27:33.736+0000] {logging_mixin.py:151} INFO - [2023-09-20T22:27:33.736+0000] {dag.py:2915} INFO - Sync 1 DAGs
[2023-09-20T22:27:33.792+0000] {logging_mixin.py:151} INFO - [2023-09-20T22:27:33.791+0000] {dag.py:3696} INFO - Setting next_dagrun for example_branch_dop_operator_v3 to 2023-09-20T22:26:00+00:00, run_after=2023-09-20T22:27:00+00:00
[2023-09-20T22:27:33.822+0000] {processor.py:179} INFO - Processing /home/airflow/.local/lib/python3.8/site-packages/airflow/example_dags/example_branch_python_dop_operator_3.py took 0.164 seconds
[2023-09-20T22:28:03.903+0000] {processor.py:157} INFO - Started process (PID=370) to work on /home/airflow/.local/lib/python3.8/site-packages/airflow/example_dags/example_branch_python_dop_operator_3.py
[2023-09-20T22:28:03.905+0000] {processor.py:829} INFO - Processing file /home/airflow/.local/lib/python3.8/site-packages/airflow/example_dags/example_branch_python_dop_operator_3.py for tasks to queue
[2023-09-20T22:28:03.910+0000] {logging_mixin.py:151} INFO - [2023-09-20T22:28:03.909+0000] {dagbag.py:539} INFO - Filling up the DagBag from /home/airflow/.local/lib/python3.8/site-packages/airflow/example_dags/example_branch_python_dop_operator_3.py
[2023-09-20T22:28:03.928+0000] {processor.py:839} INFO - DAG(s) dict_keys(['example_branch_dop_operator_v3']) retrieved from /home/airflow/.local/lib/python3.8/site-packages/airflow/example_dags/example_branch_python_dop_operator_3.py
[2023-09-20T22:28:03.967+0000] {logging_mixin.py:151} INFO - [2023-09-20T22:28:03.967+0000] {dag.py:2915} INFO - Sync 1 DAGs
[2023-09-20T22:28:04.009+0000] {logging_mixin.py:151} INFO - [2023-09-20T22:28:04.009+0000] {dag.py:3696} INFO - Setting next_dagrun for example_branch_dop_operator_v3 to 2023-09-20T22:27:00+00:00, run_after=2023-09-20T22:28:00+00:00
[2023-09-20T22:28:04.170+0000] {processor.py:179} INFO - Processing /home/airflow/.local/lib/python3.8/site-packages/airflow/example_dags/example_branch_python_dop_operator_3.py took 0.273 seconds
[2023-09-20T22:28:34.509+0000] {processor.py:157} INFO - Started process (PID=425) to work on /home/airflow/.local/lib/python3.8/site-packages/airflow/example_dags/example_branch_python_dop_operator_3.py
[2023-09-20T22:28:34.511+0000] {processor.py:829} INFO - Processing file /home/airflow/.local/lib/python3.8/site-packages/airflow/example_dags/example_branch_python_dop_operator_3.py for tasks to queue
[2023-09-20T22:28:34.514+0000] {logging_mixin.py:151} INFO - [2023-09-20T22:28:34.514+0000] {dagbag.py:539} INFO - Filling up the DagBag from /home/airflow/.local/lib/python3.8/site-packages/airflow/example_dags/example_branch_python_dop_operator_3.py
[2023-09-20T22:28:34.526+0000] {processor.py:839} INFO - DAG(s) dict_keys(['example_branch_dop_operator_v3']) retrieved from /home/airflow/.local/lib/python3.8/site-packages/airflow/example_dags/example_branch_python_dop_operator_3.py
[2023-09-20T22:28:34.556+0000] {logging_mixin.py:151} INFO - [2023-09-20T22:28:34.556+0000] {dag.py:2915} INFO - Sync 1 DAGs
[2023-09-20T22:28:34.595+0000] {logging_mixin.py:151} INFO - [2023-09-20T22:28:34.595+0000] {dag.py:3696} INFO - Setting next_dagrun for example_branch_dop_operator_v3 to 2023-09-20T22:27:00+00:00, run_after=2023-09-20T22:28:00+00:00
[2023-09-20T22:28:34.630+0000] {processor.py:179} INFO - Processing /home/airflow/.local/lib/python3.8/site-packages/airflow/example_dags/example_branch_python_dop_operator_3.py took 0.125 seconds
[2023-09-20T22:29:05.439+0000] {processor.py:157} INFO - Started process (PID=480) to work on /home/airflow/.local/lib/python3.8/site-packages/airflow/example_dags/example_branch_python_dop_operator_3.py
[2023-09-20T22:29:05.441+0000] {processor.py:829} INFO - Processing file /home/airflow/.local/lib/python3.8/site-packages/airflow/example_dags/example_branch_python_dop_operator_3.py for tasks to queue
[2023-09-20T22:29:05.444+0000] {logging_mixin.py:151} INFO - [2023-09-20T22:29:05.444+0000] {dagbag.py:539} INFO - Filling up the DagBag from /home/airflow/.local/lib/python3.8/site-packages/airflow/example_dags/example_branch_python_dop_operator_3.py
[2023-09-20T22:29:05.456+0000] {processor.py:839} INFO - DAG(s) dict_keys(['example_branch_dop_operator_v3']) retrieved from /home/airflow/.local/lib/python3.8/site-packages/airflow/example_dags/example_branch_python_dop_operator_3.py
[2023-09-20T22:29:05.484+0000] {logging_mixin.py:151} INFO - [2023-09-20T22:29:05.484+0000] {dag.py:2915} INFO - Sync 1 DAGs
[2023-09-20T22:29:05.524+0000] {logging_mixin.py:151} INFO - [2023-09-20T22:29:05.523+0000] {dag.py:3696} INFO - Setting next_dagrun for example_branch_dop_operator_v3 to 2023-09-20T22:28:00+00:00, run_after=2023-09-20T22:29:00+00:00
[2023-09-20T22:29:05.733+0000] {processor.py:179} INFO - Processing /home/airflow/.local/lib/python3.8/site-packages/airflow/example_dags/example_branch_python_dop_operator_3.py took 0.298 seconds
[2023-09-20T22:29:36.050+0000] {processor.py:157} INFO - Started process (PID=534) to work on /home/airflow/.local/lib/python3.8/site-packages/airflow/example_dags/example_branch_python_dop_operator_3.py
[2023-09-20T22:29:36.052+0000] {processor.py:829} INFO - Processing file /home/airflow/.local/lib/python3.8/site-packages/airflow/example_dags/example_branch_python_dop_operator_3.py for tasks to queue
[2023-09-20T22:29:36.055+0000] {logging_mixin.py:151} INFO - [2023-09-20T22:29:36.055+0000] {dagbag.py:539} INFO - Filling up the DagBag from /home/airflow/.local/lib/python3.8/site-packages/airflow/example_dags/example_branch_python_dop_operator_3.py
[2023-09-20T22:29:36.067+0000] {processor.py:839} INFO - DAG(s) dict_keys(['example_branch_dop_operator_v3']) retrieved from /home/airflow/.local/lib/python3.8/site-packages/airflow/example_dags/example_branch_python_dop_operator_3.py
[2023-09-20T22:29:36.094+0000] {logging_mixin.py:151} INFO - [2023-09-20T22:29:36.094+0000] {dag.py:2915} INFO - Sync 1 DAGs
[2023-09-20T22:29:36.129+0000] {logging_mixin.py:151} INFO - [2023-09-20T22:29:36.129+0000] {dag.py:3696} INFO - Setting next_dagrun for example_branch_dop_operator_v3 to 2023-09-20T22:28:00+00:00, run_after=2023-09-20T22:29:00+00:00
[2023-09-20T22:29:36.152+0000] {processor.py:179} INFO - Processing /home/airflow/.local/lib/python3.8/site-packages/airflow/example_dags/example_branch_python_dop_operator_3.py took 0.106 seconds
[2023-09-20T22:30:06.525+0000] {processor.py:157} INFO - Started process (PID=589) to work on /home/airflow/.local/lib/python3.8/site-packages/airflow/example_dags/example_branch_python_dop_operator_3.py
[2023-09-20T22:30:06.527+0000] {processor.py:829} INFO - Processing file /home/airflow/.local/lib/python3.8/site-packages/airflow/example_dags/example_branch_python_dop_operator_3.py for tasks to queue
[2023-09-20T22:30:06.532+0000] {logging_mixin.py:151} INFO - [2023-09-20T22:30:06.532+0000] {dagbag.py:539} INFO - Filling up the DagBag from /home/airflow/.local/lib/python3.8/site-packages/airflow/example_dags/example_branch_python_dop_operator_3.py
[2023-09-20T22:30:06.549+0000] {processor.py:839} INFO - DAG(s) dict_keys(['example_branch_dop_operator_v3']) retrieved from /home/airflow/.local/lib/python3.8/site-packages/airflow/example_dags/example_branch_python_dop_operator_3.py
[2023-09-20T22:30:06.592+0000] {logging_mixin.py:151} INFO - [2023-09-20T22:30:06.592+0000] {dag.py:2915} INFO - Sync 1 DAGs
[2023-09-20T22:30:06.644+0000] {logging_mixin.py:151} INFO - [2023-09-20T22:30:06.644+0000] {dag.py:3696} INFO - Setting next_dagrun for example_branch_dop_operator_v3 to 2023-09-20T22:29:00+00:00, run_after=2023-09-20T22:30:00+00:00
[2023-09-20T22:30:06.679+0000] {processor.py:179} INFO - Processing /home/airflow/.local/lib/python3.8/site-packages/airflow/example_dags/example_branch_python_dop_operator_3.py took 0.162 seconds
[2023-09-20T22:30:37.754+0000] {processor.py:157} INFO - Started process (PID=645) to work on /home/airflow/.local/lib/python3.8/site-packages/airflow/example_dags/example_branch_python_dop_operator_3.py
[2023-09-20T22:30:37.756+0000] {processor.py:829} INFO - Processing file /home/airflow/.local/lib/python3.8/site-packages/airflow/example_dags/example_branch_python_dop_operator_3.py for tasks to queue
[2023-09-20T22:30:37.759+0000] {logging_mixin.py:151} INFO - [2023-09-20T22:30:37.758+0000] {dagbag.py:539} INFO - Filling up the DagBag from /home/airflow/.local/lib/python3.8/site-packages/airflow/example_dags/example_branch_python_dop_operator_3.py
[2023-09-20T22:30:37.770+0000] {processor.py:839} INFO - DAG(s) dict_keys(['example_branch_dop_operator_v3']) retrieved from /home/airflow/.local/lib/python3.8/site-packages/airflow/example_dags/example_branch_python_dop_operator_3.py
[2023-09-20T22:30:37.798+0000] {logging_mixin.py:151} INFO - [2023-09-20T22:30:37.798+0000] {dag.py:2915} INFO - Sync 1 DAGs
[2023-09-20T22:30:37.834+0000] {logging_mixin.py:151} INFO - [2023-09-20T22:30:37.834+0000] {dag.py:3696} INFO - Setting next_dagrun for example_branch_dop_operator_v3 to 2023-09-20T22:29:00+00:00, run_after=2023-09-20T22:30:00+00:00
[2023-09-20T22:30:37.861+0000] {processor.py:179} INFO - Processing /home/airflow/.local/lib/python3.8/site-packages/airflow/example_dags/example_branch_python_dop_operator_3.py took 0.111 seconds
[2023-09-20T22:31:08.530+0000] {processor.py:157} INFO - Started process (PID=700) to work on /home/airflow/.local/lib/python3.8/site-packages/airflow/example_dags/example_branch_python_dop_operator_3.py
[2023-09-20T22:31:08.531+0000] {processor.py:829} INFO - Processing file /home/airflow/.local/lib/python3.8/site-packages/airflow/example_dags/example_branch_python_dop_operator_3.py for tasks to queue
[2023-09-20T22:31:08.534+0000] {logging_mixin.py:151} INFO - [2023-09-20T22:31:08.534+0000] {dagbag.py:539} INFO - Filling up the DagBag from /home/airflow/.local/lib/python3.8/site-packages/airflow/example_dags/example_branch_python_dop_operator_3.py
[2023-09-20T22:31:08.546+0000] {processor.py:839} INFO - DAG(s) dict_keys(['example_branch_dop_operator_v3']) retrieved from /home/airflow/.local/lib/python3.8/site-packages/airflow/example_dags/example_branch_python_dop_operator_3.py
[2023-09-20T22:31:08.576+0000] {logging_mixin.py:151} INFO - [2023-09-20T22:31:08.576+0000] {dag.py:2915} INFO - Sync 1 DAGs
[2023-09-20T22:31:08.618+0000] {logging_mixin.py:151} INFO - [2023-09-20T22:31:08.617+0000] {dag.py:3696} INFO - Setting next_dagrun for example_branch_dop_operator_v3 to 2023-09-20T22:30:00+00:00, run_after=2023-09-20T22:31:00+00:00
[2023-09-20T22:31:08.650+0000] {processor.py:179} INFO - Processing /home/airflow/.local/lib/python3.8/site-packages/airflow/example_dags/example_branch_python_dop_operator_3.py took 0.125 seconds
[2023-09-20T22:31:39.638+0000] {processor.py:157} INFO - Started process (PID=755) to work on /home/airflow/.local/lib/python3.8/site-packages/airflow/example_dags/example_branch_python_dop_operator_3.py
[2023-09-20T22:31:39.640+0000] {processor.py:829} INFO - Processing file /home/airflow/.local/lib/python3.8/site-packages/airflow/example_dags/example_branch_python_dop_operator_3.py for tasks to queue
[2023-09-20T22:31:39.644+0000] {logging_mixin.py:151} INFO - [2023-09-20T22:31:39.643+0000] {dagbag.py:539} INFO - Filling up the DagBag from /home/airflow/.local/lib/python3.8/site-packages/airflow/example_dags/example_branch_python_dop_operator_3.py
[2023-09-20T22:31:39.656+0000] {processor.py:839} INFO - DAG(s) dict_keys(['example_branch_dop_operator_v3']) retrieved from /home/airflow/.local/lib/python3.8/site-packages/airflow/example_dags/example_branch_python_dop_operator_3.py
[2023-09-20T22:31:39.684+0000] {logging_mixin.py:151} INFO - [2023-09-20T22:31:39.683+0000] {dag.py:2915} INFO - Sync 1 DAGs
[2023-09-20T22:31:39.721+0000] {logging_mixin.py:151} INFO - [2023-09-20T22:31:39.721+0000] {dag.py:3696} INFO - Setting next_dagrun for example_branch_dop_operator_v3 to 2023-09-20T22:30:00+00:00, run_after=2023-09-20T22:31:00+00:00
[2023-09-20T22:31:39.768+0000] {processor.py:179} INFO - Processing /home/airflow/.local/lib/python3.8/site-packages/airflow/example_dags/example_branch_python_dop_operator_3.py took 0.137 seconds
[2023-09-20T22:32:10.089+0000] {processor.py:157} INFO - Started process (PID=809) to work on /home/airflow/.local/lib/python3.8/site-packages/airflow/example_dags/example_branch_python_dop_operator_3.py
[2023-09-20T22:32:10.092+0000] {processor.py:829} INFO - Processing file /home/airflow/.local/lib/python3.8/site-packages/airflow/example_dags/example_branch_python_dop_operator_3.py for tasks to queue
[2023-09-20T22:32:10.100+0000] {logging_mixin.py:151} INFO - [2023-09-20T22:32:10.099+0000] {dagbag.py:539} INFO - Filling up the DagBag from /home/airflow/.local/lib/python3.8/site-packages/airflow/example_dags/example_branch_python_dop_operator_3.py
[2023-09-20T22:32:10.123+0000] {processor.py:839} INFO - DAG(s) dict_keys(['example_branch_dop_operator_v3']) retrieved from /home/airflow/.local/lib/python3.8/site-packages/airflow/example_dags/example_branch_python_dop_operator_3.py
[2023-09-20T22:32:10.172+0000] {logging_mixin.py:151} INFO - [2023-09-20T22:32:10.171+0000] {dag.py:2915} INFO - Sync 1 DAGs
[2023-09-20T22:32:10.212+0000] {logging_mixin.py:151} INFO - [2023-09-20T22:32:10.212+0000] {dag.py:3696} INFO - Setting next_dagrun for example_branch_dop_operator_v3 to 2023-09-20T22:31:00+00:00, run_after=2023-09-20T22:32:00+00:00
[2023-09-20T22:32:10.247+0000] {processor.py:179} INFO - Processing /home/airflow/.local/lib/python3.8/site-packages/airflow/example_dags/example_branch_python_dop_operator_3.py took 0.167 seconds
[2023-09-20T22:32:40.637+0000] {processor.py:157} INFO - Started process (PID=864) to work on /home/airflow/.local/lib/python3.8/site-packages/airflow/example_dags/example_branch_python_dop_operator_3.py
[2023-09-20T22:32:40.639+0000] {processor.py:829} INFO - Processing file /home/airflow/.local/lib/python3.8/site-packages/airflow/example_dags/example_branch_python_dop_operator_3.py for tasks to queue
[2023-09-20T22:32:40.642+0000] {logging_mixin.py:151} INFO - [2023-09-20T22:32:40.642+0000] {dagbag.py:539} INFO - Filling up the DagBag from /home/airflow/.local/lib/python3.8/site-packages/airflow/example_dags/example_branch_python_dop_operator_3.py
[2023-09-20T22:32:40.663+0000] {processor.py:839} INFO - DAG(s) dict_keys(['example_branch_dop_operator_v3']) retrieved from /home/airflow/.local/lib/python3.8/site-packages/airflow/example_dags/example_branch_python_dop_operator_3.py
[2023-09-20T22:32:40.701+0000] {logging_mixin.py:151} INFO - [2023-09-20T22:32:40.701+0000] {dag.py:2915} INFO - Sync 1 DAGs
[2023-09-20T22:32:40.750+0000] {logging_mixin.py:151} INFO - [2023-09-20T22:32:40.749+0000] {dag.py:3696} INFO - Setting next_dagrun for example_branch_dop_operator_v3 to 2023-09-20T22:31:00+00:00, run_after=2023-09-20T22:32:00+00:00
[2023-09-20T22:32:40.803+0000] {processor.py:179} INFO - Processing /home/airflow/.local/lib/python3.8/site-packages/airflow/example_dags/example_branch_python_dop_operator_3.py took 0.171 seconds
[2023-09-20T22:33:11.381+0000] {processor.py:157} INFO - Started process (PID=919) to work on /home/airflow/.local/lib/python3.8/site-packages/airflow/example_dags/example_branch_python_dop_operator_3.py
[2023-09-20T22:33:11.383+0000] {processor.py:829} INFO - Processing file /home/airflow/.local/lib/python3.8/site-packages/airflow/example_dags/example_branch_python_dop_operator_3.py for tasks to queue
[2023-09-20T22:33:11.387+0000] {logging_mixin.py:151} INFO - [2023-09-20T22:33:11.387+0000] {dagbag.py:539} INFO - Filling up the DagBag from /home/airflow/.local/lib/python3.8/site-packages/airflow/example_dags/example_branch_python_dop_operator_3.py
[2023-09-20T22:33:11.405+0000] {processor.py:839} INFO - DAG(s) dict_keys(['example_branch_dop_operator_v3']) retrieved from /home/airflow/.local/lib/python3.8/site-packages/airflow/example_dags/example_branch_python_dop_operator_3.py
[2023-09-20T22:33:11.436+0000] {logging_mixin.py:151} INFO - [2023-09-20T22:33:11.436+0000] {dag.py:2915} INFO - Sync 1 DAGs
[2023-09-20T22:33:11.472+0000] {logging_mixin.py:151} INFO - [2023-09-20T22:33:11.472+0000] {dag.py:3696} INFO - Setting next_dagrun for example_branch_dop_operator_v3 to 2023-09-20T22:32:00+00:00, run_after=2023-09-20T22:33:00+00:00
[2023-09-20T22:33:11.505+0000] {processor.py:179} INFO - Processing /home/airflow/.local/lib/python3.8/site-packages/airflow/example_dags/example_branch_python_dop_operator_3.py took 0.130 seconds
[2023-09-20T22:33:41.903+0000] {processor.py:157} INFO - Started process (PID=975) to work on /home/airflow/.local/lib/python3.8/site-packages/airflow/example_dags/example_branch_python_dop_operator_3.py
[2023-09-20T22:33:41.906+0000] {processor.py:829} INFO - Processing file /home/airflow/.local/lib/python3.8/site-packages/airflow/example_dags/example_branch_python_dop_operator_3.py for tasks to queue
[2023-09-20T22:33:41.911+0000] {logging_mixin.py:151} INFO - [2023-09-20T22:33:41.911+0000] {dagbag.py:539} INFO - Filling up the DagBag from /home/airflow/.local/lib/python3.8/site-packages/airflow/example_dags/example_branch_python_dop_operator_3.py
[2023-09-20T22:33:41.937+0000] {processor.py:839} INFO - DAG(s) dict_keys(['example_branch_dop_operator_v3']) retrieved from /home/airflow/.local/lib/python3.8/site-packages/airflow/example_dags/example_branch_python_dop_operator_3.py
[2023-09-20T22:33:41.989+0000] {logging_mixin.py:151} INFO - [2023-09-20T22:33:41.989+0000] {dag.py:2915} INFO - Sync 1 DAGs
[2023-09-20T22:33:42.038+0000] {logging_mixin.py:151} INFO - [2023-09-20T22:33:42.038+0000] {dag.py:3696} INFO - Setting next_dagrun for example_branch_dop_operator_v3 to 2023-09-20T22:32:00+00:00, run_after=2023-09-20T22:33:00+00:00
[2023-09-20T22:33:42.072+0000] {processor.py:179} INFO - Processing /home/airflow/.local/lib/python3.8/site-packages/airflow/example_dags/example_branch_python_dop_operator_3.py took 0.177 seconds
[2023-09-20T22:34:12.283+0000] {processor.py:157} INFO - Started process (PID=1030) to work on /home/airflow/.local/lib/python3.8/site-packages/airflow/example_dags/example_branch_python_dop_operator_3.py
[2023-09-20T22:34:12.284+0000] {processor.py:829} INFO - Processing file /home/airflow/.local/lib/python3.8/site-packages/airflow/example_dags/example_branch_python_dop_operator_3.py for tasks to queue
[2023-09-20T22:34:12.287+0000] {logging_mixin.py:151} INFO - [2023-09-20T22:34:12.287+0000] {dagbag.py:539} INFO - Filling up the DagBag from /home/airflow/.local/lib/python3.8/site-packages/airflow/example_dags/example_branch_python_dop_operator_3.py
[2023-09-20T22:34:12.299+0000] {processor.py:839} INFO - DAG(s) dict_keys(['example_branch_dop_operator_v3']) retrieved from /home/airflow/.local/lib/python3.8/site-packages/airflow/example_dags/example_branch_python_dop_operator_3.py
[2023-09-20T22:34:12.332+0000] {logging_mixin.py:151} INFO - [2023-09-20T22:34:12.331+0000] {dag.py:2915} INFO - Sync 1 DAGs
[2023-09-20T22:34:12.376+0000] {logging_mixin.py:151} INFO - [2023-09-20T22:34:12.375+0000] {dag.py:3696} INFO - Setting next_dagrun for example_branch_dop_operator_v3 to 2023-09-20T22:33:00+00:00, run_after=2023-09-20T22:34:00+00:00
[2023-09-20T22:34:12.408+0000] {processor.py:179} INFO - Processing /home/airflow/.local/lib/python3.8/site-packages/airflow/example_dags/example_branch_python_dop_operator_3.py took 0.130 seconds
[2023-09-20T22:34:42.938+0000] {processor.py:157} INFO - Started process (PID=1084) to work on /home/airflow/.local/lib/python3.8/site-packages/airflow/example_dags/example_branch_python_dop_operator_3.py
[2023-09-20T22:34:42.939+0000] {processor.py:829} INFO - Processing file /home/airflow/.local/lib/python3.8/site-packages/airflow/example_dags/example_branch_python_dop_operator_3.py for tasks to queue
[2023-09-20T22:34:42.944+0000] {logging_mixin.py:151} INFO - [2023-09-20T22:34:42.943+0000] {dagbag.py:539} INFO - Filling up the DagBag from /home/airflow/.local/lib/python3.8/site-packages/airflow/example_dags/example_branch_python_dop_operator_3.py
[2023-09-20T22:34:42.961+0000] {processor.py:839} INFO - DAG(s) dict_keys(['example_branch_dop_operator_v3']) retrieved from /home/airflow/.local/lib/python3.8/site-packages/airflow/example_dags/example_branch_python_dop_operator_3.py
[2023-09-20T22:34:42.990+0000] {logging_mixin.py:151} INFO - [2023-09-20T22:34:42.990+0000] {dag.py:2915} INFO - Sync 1 DAGs
[2023-09-20T22:34:43.029+0000] {logging_mixin.py:151} INFO - [2023-09-20T22:34:43.029+0000] {dag.py:3696} INFO - Setting next_dagrun for example_branch_dop_operator_v3 to 2023-09-20T22:33:00+00:00, run_after=2023-09-20T22:34:00+00:00
[2023-09-20T22:34:43.063+0000] {processor.py:179} INFO - Processing /home/airflow/.local/lib/python3.8/site-packages/airflow/example_dags/example_branch_python_dop_operator_3.py took 0.131 seconds
[2023-09-20T22:35:13.898+0000] {processor.py:157} INFO - Started process (PID=1139) to work on /home/airflow/.local/lib/python3.8/site-packages/airflow/example_dags/example_branch_python_dop_operator_3.py
[2023-09-20T22:35:13.900+0000] {processor.py:829} INFO - Processing file /home/airflow/.local/lib/python3.8/site-packages/airflow/example_dags/example_branch_python_dop_operator_3.py for tasks to queue
[2023-09-20T22:35:13.904+0000] {logging_mixin.py:151} INFO - [2023-09-20T22:35:13.904+0000] {dagbag.py:539} INFO - Filling up the DagBag from /home/airflow/.local/lib/python3.8/site-packages/airflow/example_dags/example_branch_python_dop_operator_3.py
[2023-09-20T22:35:13.927+0000] {processor.py:839} INFO - DAG(s) dict_keys(['example_branch_dop_operator_v3']) retrieved from /home/airflow/.local/lib/python3.8/site-packages/airflow/example_dags/example_branch_python_dop_operator_3.py
[2023-09-20T22:35:13.960+0000] {logging_mixin.py:151} INFO - [2023-09-20T22:35:13.960+0000] {dag.py:2915} INFO - Sync 1 DAGs
[2023-09-20T22:35:13.999+0000] {logging_mixin.py:151} INFO - [2023-09-20T22:35:13.998+0000] {dag.py:3696} INFO - Setting next_dagrun for example_branch_dop_operator_v3 to 2023-09-20T22:34:00+00:00, run_after=2023-09-20T22:35:00+00:00
[2023-09-20T22:35:14.031+0000] {processor.py:179} INFO - Processing /home/airflow/.local/lib/python3.8/site-packages/airflow/example_dags/example_branch_python_dop_operator_3.py took 0.139 seconds
[2023-09-20T22:35:44.812+0000] {processor.py:157} INFO - Started process (PID=1194) to work on /home/airflow/.local/lib/python3.8/site-packages/airflow/example_dags/example_branch_python_dop_operator_3.py
[2023-09-20T22:35:44.814+0000] {processor.py:829} INFO - Processing file /home/airflow/.local/lib/python3.8/site-packages/airflow/example_dags/example_branch_python_dop_operator_3.py for tasks to queue
[2023-09-20T22:35:44.818+0000] {logging_mixin.py:151} INFO - [2023-09-20T22:35:44.817+0000] {dagbag.py:539} INFO - Filling up the DagBag from /home/airflow/.local/lib/python3.8/site-packages/airflow/example_dags/example_branch_python_dop_operator_3.py
[2023-09-20T22:35:44.833+0000] {processor.py:839} INFO - DAG(s) dict_keys(['example_branch_dop_operator_v3']) retrieved from /home/airflow/.local/lib/python3.8/site-packages/airflow/example_dags/example_branch_python_dop_operator_3.py
[2023-09-20T22:35:44.867+0000] {logging_mixin.py:151} INFO - [2023-09-20T22:35:44.866+0000] {dag.py:2915} INFO - Sync 1 DAGs
[2023-09-20T22:35:44.928+0000] {logging_mixin.py:151} INFO - [2023-09-20T22:35:44.928+0000] {dag.py:3696} INFO - Setting next_dagrun for example_branch_dop_operator_v3 to 2023-09-20T22:34:00+00:00, run_after=2023-09-20T22:35:00+00:00
[2023-09-20T22:35:44.965+0000] {processor.py:179} INFO - Processing /home/airflow/.local/lib/python3.8/site-packages/airflow/example_dags/example_branch_python_dop_operator_3.py took 0.161 seconds
[2023-09-20T22:36:15.058+0000] {processor.py:157} INFO - Started process (PID=1249) to work on /home/airflow/.local/lib/python3.8/site-packages/airflow/example_dags/example_branch_python_dop_operator_3.py
[2023-09-20T22:36:15.060+0000] {processor.py:829} INFO - Processing file /home/airflow/.local/lib/python3.8/site-packages/airflow/example_dags/example_branch_python_dop_operator_3.py for tasks to queue
[2023-09-20T22:36:15.063+0000] {logging_mixin.py:151} INFO - [2023-09-20T22:36:15.063+0000] {dagbag.py:539} INFO - Filling up the DagBag from /home/airflow/.local/lib/python3.8/site-packages/airflow/example_dags/example_branch_python_dop_operator_3.py
[2023-09-20T22:36:15.081+0000] {processor.py:839} INFO - DAG(s) dict_keys(['example_branch_dop_operator_v3']) retrieved from /home/airflow/.local/lib/python3.8/site-packages/airflow/example_dags/example_branch_python_dop_operator_3.py
[2023-09-20T22:36:15.124+0000] {logging_mixin.py:151} INFO - [2023-09-20T22:36:15.124+0000] {dag.py:2915} INFO - Sync 1 DAGs
[2023-09-20T22:36:15.180+0000] {logging_mixin.py:151} INFO - [2023-09-20T22:36:15.180+0000] {dag.py:3696} INFO - Setting next_dagrun for example_branch_dop_operator_v3 to 2023-09-20T22:35:00+00:00, run_after=2023-09-20T22:36:00+00:00
[2023-09-20T22:36:15.217+0000] {processor.py:179} INFO - Processing /home/airflow/.local/lib/python3.8/site-packages/airflow/example_dags/example_branch_python_dop_operator_3.py took 0.167 seconds
[2023-09-20T22:36:45.714+0000] {processor.py:157} INFO - Started process (PID=1304) to work on /home/airflow/.local/lib/python3.8/site-packages/airflow/example_dags/example_branch_python_dop_operator_3.py
[2023-09-20T22:36:45.716+0000] {processor.py:829} INFO - Processing file /home/airflow/.local/lib/python3.8/site-packages/airflow/example_dags/example_branch_python_dop_operator_3.py for tasks to queue
[2023-09-20T22:36:45.721+0000] {logging_mixin.py:151} INFO - [2023-09-20T22:36:45.720+0000] {dagbag.py:539} INFO - Filling up the DagBag from /home/airflow/.local/lib/python3.8/site-packages/airflow/example_dags/example_branch_python_dop_operator_3.py
[2023-09-20T22:36:45.736+0000] {processor.py:839} INFO - DAG(s) dict_keys(['example_branch_dop_operator_v3']) retrieved from /home/airflow/.local/lib/python3.8/site-packages/airflow/example_dags/example_branch_python_dop_operator_3.py
[2023-09-20T22:36:45.784+0000] {logging_mixin.py:151} INFO - [2023-09-20T22:36:45.784+0000] {dag.py:2915} INFO - Sync 1 DAGs
[2023-09-20T22:36:45.843+0000] {logging_mixin.py:151} INFO - [2023-09-20T22:36:45.843+0000] {dag.py:3696} INFO - Setting next_dagrun for example_branch_dop_operator_v3 to 2023-09-20T22:35:00+00:00, run_after=2023-09-20T22:36:00+00:00
[2023-09-20T22:36:45.919+0000] {processor.py:179} INFO - Processing /home/airflow/.local/lib/python3.8/site-packages/airflow/example_dags/example_branch_python_dop_operator_3.py took 0.211 seconds
[2023-09-20T22:37:16.262+0000] {processor.py:157} INFO - Started process (PID=1360) to work on /home/airflow/.local/lib/python3.8/site-packages/airflow/example_dags/example_branch_python_dop_operator_3.py
[2023-09-20T22:37:16.264+0000] {processor.py:829} INFO - Processing file /home/airflow/.local/lib/python3.8/site-packages/airflow/example_dags/example_branch_python_dop_operator_3.py for tasks to queue
[2023-09-20T22:37:16.268+0000] {logging_mixin.py:151} INFO - [2023-09-20T22:37:16.268+0000] {dagbag.py:539} INFO - Filling up the DagBag from /home/airflow/.local/lib/python3.8/site-packages/airflow/example_dags/example_branch_python_dop_operator_3.py
[2023-09-20T22:37:16.281+0000] {processor.py:839} INFO - DAG(s) dict_keys(['example_branch_dop_operator_v3']) retrieved from /home/airflow/.local/lib/python3.8/site-packages/airflow/example_dags/example_branch_python_dop_operator_3.py
[2023-09-20T22:37:16.315+0000] {logging_mixin.py:151} INFO - [2023-09-20T22:37:16.315+0000] {dag.py:2915} INFO - Sync 1 DAGs
[2023-09-20T22:37:16.361+0000] {logging_mixin.py:151} INFO - [2023-09-20T22:37:16.361+0000] {dag.py:3696} INFO - Setting next_dagrun for example_branch_dop_operator_v3 to 2023-09-20T22:36:00+00:00, run_after=2023-09-20T22:37:00+00:00
[2023-09-20T22:37:16.395+0000] {processor.py:179} INFO - Processing /home/airflow/.local/lib/python3.8/site-packages/airflow/example_dags/example_branch_python_dop_operator_3.py took 0.138 seconds
[2023-09-20T22:37:46.892+0000] {processor.py:157} INFO - Started process (PID=1415) to work on /home/airflow/.local/lib/python3.8/site-packages/airflow/example_dags/example_branch_python_dop_operator_3.py
[2023-09-20T22:37:46.893+0000] {processor.py:829} INFO - Processing file /home/airflow/.local/lib/python3.8/site-packages/airflow/example_dags/example_branch_python_dop_operator_3.py for tasks to queue
[2023-09-20T22:37:46.897+0000] {logging_mixin.py:151} INFO - [2023-09-20T22:37:46.897+0000] {dagbag.py:539} INFO - Filling up the DagBag from /home/airflow/.local/lib/python3.8/site-packages/airflow/example_dags/example_branch_python_dop_operator_3.py
[2023-09-20T22:37:46.919+0000] {processor.py:839} INFO - DAG(s) dict_keys(['example_branch_dop_operator_v3']) retrieved from /home/airflow/.local/lib/python3.8/site-packages/airflow/example_dags/example_branch_python_dop_operator_3.py
[2023-09-20T22:37:46.953+0000] {logging_mixin.py:151} INFO - [2023-09-20T22:37:46.953+0000] {dag.py:2915} INFO - Sync 1 DAGs
[2023-09-20T22:37:47.006+0000] {logging_mixin.py:151} INFO - [2023-09-20T22:37:47.006+0000] {dag.py:3696} INFO - Setting next_dagrun for example_branch_dop_operator_v3 to 2023-09-20T22:36:00+00:00, run_after=2023-09-20T22:37:00+00:00
[2023-09-20T22:37:47.175+0000] {processor.py:179} INFO - Processing /home/airflow/.local/lib/python3.8/site-packages/airflow/example_dags/example_branch_python_dop_operator_3.py took 0.290 seconds
[2023-09-20T22:38:17.257+0000] {processor.py:157} INFO - Started process (PID=1470) to work on /home/airflow/.local/lib/python3.8/site-packages/airflow/example_dags/example_branch_python_dop_operator_3.py
[2023-09-20T22:38:17.260+0000] {processor.py:829} INFO - Processing file /home/airflow/.local/lib/python3.8/site-packages/airflow/example_dags/example_branch_python_dop_operator_3.py for tasks to queue
[2023-09-20T22:38:17.265+0000] {logging_mixin.py:151} INFO - [2023-09-20T22:38:17.265+0000] {dagbag.py:539} INFO - Filling up the DagBag from /home/airflow/.local/lib/python3.8/site-packages/airflow/example_dags/example_branch_python_dop_operator_3.py
[2023-09-20T22:38:17.284+0000] {processor.py:839} INFO - DAG(s) dict_keys(['example_branch_dop_operator_v3']) retrieved from /home/airflow/.local/lib/python3.8/site-packages/airflow/example_dags/example_branch_python_dop_operator_3.py
[2023-09-20T22:38:17.311+0000] {logging_mixin.py:151} INFO - [2023-09-20T22:38:17.311+0000] {dag.py:2915} INFO - Sync 1 DAGs
[2023-09-20T22:38:17.348+0000] {logging_mixin.py:151} INFO - [2023-09-20T22:38:17.348+0000] {dag.py:3696} INFO - Setting next_dagrun for example_branch_dop_operator_v3 to 2023-09-20T22:37:00+00:00, run_after=2023-09-20T22:38:00+00:00
[2023-09-20T22:38:17.402+0000] {processor.py:179} INFO - Processing /home/airflow/.local/lib/python3.8/site-packages/airflow/example_dags/example_branch_python_dop_operator_3.py took 0.152 seconds
[2023-09-20T22:38:47.604+0000] {processor.py:157} INFO - Started process (PID=1525) to work on /home/airflow/.local/lib/python3.8/site-packages/airflow/example_dags/example_branch_python_dop_operator_3.py
[2023-09-20T22:38:47.606+0000] {processor.py:829} INFO - Processing file /home/airflow/.local/lib/python3.8/site-packages/airflow/example_dags/example_branch_python_dop_operator_3.py for tasks to queue
[2023-09-20T22:38:47.609+0000] {logging_mixin.py:151} INFO - [2023-09-20T22:38:47.609+0000] {dagbag.py:539} INFO - Filling up the DagBag from /home/airflow/.local/lib/python3.8/site-packages/airflow/example_dags/example_branch_python_dop_operator_3.py
[2023-09-20T22:38:47.621+0000] {processor.py:839} INFO - DAG(s) dict_keys(['example_branch_dop_operator_v3']) retrieved from /home/airflow/.local/lib/python3.8/site-packages/airflow/example_dags/example_branch_python_dop_operator_3.py
[2023-09-20T22:38:47.647+0000] {logging_mixin.py:151} INFO - [2023-09-20T22:38:47.647+0000] {dag.py:2915} INFO - Sync 1 DAGs
[2023-09-20T22:38:47.687+0000] {logging_mixin.py:151} INFO - [2023-09-20T22:38:47.686+0000] {dag.py:3696} INFO - Setting next_dagrun for example_branch_dop_operator_v3 to 2023-09-20T22:37:00+00:00, run_after=2023-09-20T22:38:00+00:00
[2023-09-20T22:38:47.727+0000] {processor.py:179} INFO - Processing /home/airflow/.local/lib/python3.8/site-packages/airflow/example_dags/example_branch_python_dop_operator_3.py took 0.127 seconds
[2023-09-20T22:39:18.224+0000] {processor.py:157} INFO - Started process (PID=1580) to work on /home/airflow/.local/lib/python3.8/site-packages/airflow/example_dags/example_branch_python_dop_operator_3.py
[2023-09-20T22:39:18.226+0000] {processor.py:829} INFO - Processing file /home/airflow/.local/lib/python3.8/site-packages/airflow/example_dags/example_branch_python_dop_operator_3.py for tasks to queue
[2023-09-20T22:39:18.231+0000] {logging_mixin.py:151} INFO - [2023-09-20T22:39:18.230+0000] {dagbag.py:539} INFO - Filling up the DagBag from /home/airflow/.local/lib/python3.8/site-packages/airflow/example_dags/example_branch_python_dop_operator_3.py
[2023-09-20T22:39:18.249+0000] {processor.py:839} INFO - DAG(s) dict_keys(['example_branch_dop_operator_v3']) retrieved from /home/airflow/.local/lib/python3.8/site-packages/airflow/example_dags/example_branch_python_dop_operator_3.py
[2023-09-20T22:39:18.298+0000] {logging_mixin.py:151} INFO - [2023-09-20T22:39:18.298+0000] {dag.py:2915} INFO - Sync 1 DAGs
[2023-09-20T22:39:18.354+0000] {logging_mixin.py:151} INFO - [2023-09-20T22:39:18.353+0000] {dag.py:3696} INFO - Setting next_dagrun for example_branch_dop_operator_v3 to 2023-09-20T22:38:00+00:00, run_after=2023-09-20T22:39:00+00:00
[2023-09-20T22:39:18.390+0000] {processor.py:179} INFO - Processing /home/airflow/.local/lib/python3.8/site-packages/airflow/example_dags/example_branch_python_dop_operator_3.py took 0.173 seconds
[2023-09-20T22:39:48.609+0000] {processor.py:157} INFO - Started process (PID=1635) to work on /home/airflow/.local/lib/python3.8/site-packages/airflow/example_dags/example_branch_python_dop_operator_3.py
[2023-09-20T22:39:48.611+0000] {processor.py:829} INFO - Processing file /home/airflow/.local/lib/python3.8/site-packages/airflow/example_dags/example_branch_python_dop_operator_3.py for tasks to queue
[2023-09-20T22:39:48.615+0000] {logging_mixin.py:151} INFO - [2023-09-20T22:39:48.615+0000] {dagbag.py:539} INFO - Filling up the DagBag from /home/airflow/.local/lib/python3.8/site-packages/airflow/example_dags/example_branch_python_dop_operator_3.py
[2023-09-20T22:39:48.632+0000] {processor.py:839} INFO - DAG(s) dict_keys(['example_branch_dop_operator_v3']) retrieved from /home/airflow/.local/lib/python3.8/site-packages/airflow/example_dags/example_branch_python_dop_operator_3.py
[2023-09-20T22:39:48.673+0000] {logging_mixin.py:151} INFO - [2023-09-20T22:39:48.672+0000] {dag.py:2915} INFO - Sync 1 DAGs
[2023-09-20T22:39:48.722+0000] {logging_mixin.py:151} INFO - [2023-09-20T22:39:48.721+0000] {dag.py:3696} INFO - Setting next_dagrun for example_branch_dop_operator_v3 to 2023-09-20T22:38:00+00:00, run_after=2023-09-20T22:39:00+00:00
[2023-09-20T22:39:48.764+0000] {processor.py:179} INFO - Processing /home/airflow/.local/lib/python3.8/site-packages/airflow/example_dags/example_branch_python_dop_operator_3.py took 0.164 seconds
[2023-09-20T22:40:19.352+0000] {processor.py:157} INFO - Started process (PID=1689) to work on /home/airflow/.local/lib/python3.8/site-packages/airflow/example_dags/example_branch_python_dop_operator_3.py
[2023-09-20T22:40:19.353+0000] {processor.py:829} INFO - Processing file /home/airflow/.local/lib/python3.8/site-packages/airflow/example_dags/example_branch_python_dop_operator_3.py for tasks to queue
[2023-09-20T22:40:19.358+0000] {logging_mixin.py:151} INFO - [2023-09-20T22:40:19.357+0000] {dagbag.py:539} INFO - Filling up the DagBag from /home/airflow/.local/lib/python3.8/site-packages/airflow/example_dags/example_branch_python_dop_operator_3.py
[2023-09-20T22:40:19.382+0000] {processor.py:839} INFO - DAG(s) dict_keys(['example_branch_dop_operator_v3']) retrieved from /home/airflow/.local/lib/python3.8/site-packages/airflow/example_dags/example_branch_python_dop_operator_3.py
[2023-09-20T22:40:19.421+0000] {logging_mixin.py:151} INFO - [2023-09-20T22:40:19.421+0000] {dag.py:2915} INFO - Sync 1 DAGs
[2023-09-20T22:40:19.465+0000] {logging_mixin.py:151} INFO - [2023-09-20T22:40:19.465+0000] {dag.py:3696} INFO - Setting next_dagrun for example_branch_dop_operator_v3 to 2023-09-20T22:39:00+00:00, run_after=2023-09-20T22:40:00+00:00
[2023-09-20T22:40:19.496+0000] {processor.py:179} INFO - Processing /home/airflow/.local/lib/python3.8/site-packages/airflow/example_dags/example_branch_python_dop_operator_3.py took 0.151 seconds
[2023-09-20T22:40:49.755+0000] {processor.py:157} INFO - Started process (PID=1744) to work on /home/airflow/.local/lib/python3.8/site-packages/airflow/example_dags/example_branch_python_dop_operator_3.py
[2023-09-20T22:40:49.757+0000] {processor.py:829} INFO - Processing file /home/airflow/.local/lib/python3.8/site-packages/airflow/example_dags/example_branch_python_dop_operator_3.py for tasks to queue
[2023-09-20T22:40:49.760+0000] {logging_mixin.py:151} INFO - [2023-09-20T22:40:49.760+0000] {dagbag.py:539} INFO - Filling up the DagBag from /home/airflow/.local/lib/python3.8/site-packages/airflow/example_dags/example_branch_python_dop_operator_3.py
[2023-09-20T22:40:49.773+0000] {processor.py:839} INFO - DAG(s) dict_keys(['example_branch_dop_operator_v3']) retrieved from /home/airflow/.local/lib/python3.8/site-packages/airflow/example_dags/example_branch_python_dop_operator_3.py
[2023-09-20T22:40:49.810+0000] {logging_mixin.py:151} INFO - [2023-09-20T22:40:49.809+0000] {dag.py:2915} INFO - Sync 1 DAGs
[2023-09-20T22:40:49.865+0000] {logging_mixin.py:151} INFO - [2023-09-20T22:40:49.864+0000] {dag.py:3696} INFO - Setting next_dagrun for example_branch_dop_operator_v3 to 2023-09-20T22:39:00+00:00, run_after=2023-09-20T22:40:00+00:00
[2023-09-20T22:40:49.916+0000] {processor.py:179} INFO - Processing /home/airflow/.local/lib/python3.8/site-packages/airflow/example_dags/example_branch_python_dop_operator_3.py took 0.167 seconds
[2023-09-20T22:41:20.194+0000] {processor.py:157} INFO - Started process (PID=1799) to work on /home/airflow/.local/lib/python3.8/site-packages/airflow/example_dags/example_branch_python_dop_operator_3.py
[2023-09-20T22:41:20.197+0000] {processor.py:829} INFO - Processing file /home/airflow/.local/lib/python3.8/site-packages/airflow/example_dags/example_branch_python_dop_operator_3.py for tasks to queue
[2023-09-20T22:41:20.201+0000] {logging_mixin.py:151} INFO - [2023-09-20T22:41:20.201+0000] {dagbag.py:539} INFO - Filling up the DagBag from /home/airflow/.local/lib/python3.8/site-packages/airflow/example_dags/example_branch_python_dop_operator_3.py
[2023-09-20T22:41:20.219+0000] {processor.py:839} INFO - DAG(s) dict_keys(['example_branch_dop_operator_v3']) retrieved from /home/airflow/.local/lib/python3.8/site-packages/airflow/example_dags/example_branch_python_dop_operator_3.py
[2023-09-20T22:41:20.265+0000] {logging_mixin.py:151} INFO - [2023-09-20T22:41:20.264+0000] {dag.py:2915} INFO - Sync 1 DAGs
[2023-09-20T22:41:20.319+0000] {logging_mixin.py:151} INFO - [2023-09-20T22:41:20.319+0000] {dag.py:3696} INFO - Setting next_dagrun for example_branch_dop_operator_v3 to 2023-09-20T22:40:00+00:00, run_after=2023-09-20T22:41:00+00:00
[2023-09-20T22:41:20.354+0000] {processor.py:179} INFO - Processing /home/airflow/.local/lib/python3.8/site-packages/airflow/example_dags/example_branch_python_dop_operator_3.py took 0.168 seconds
[2023-09-20T22:41:50.872+0000] {processor.py:157} INFO - Started process (PID=1854) to work on /home/airflow/.local/lib/python3.8/site-packages/airflow/example_dags/example_branch_python_dop_operator_3.py
[2023-09-20T22:41:50.873+0000] {processor.py:829} INFO - Processing file /home/airflow/.local/lib/python3.8/site-packages/airflow/example_dags/example_branch_python_dop_operator_3.py for tasks to queue
[2023-09-20T22:41:50.877+0000] {logging_mixin.py:151} INFO - [2023-09-20T22:41:50.876+0000] {dagbag.py:539} INFO - Filling up the DagBag from /home/airflow/.local/lib/python3.8/site-packages/airflow/example_dags/example_branch_python_dop_operator_3.py
[2023-09-20T22:41:50.889+0000] {processor.py:839} INFO - DAG(s) dict_keys(['example_branch_dop_operator_v3']) retrieved from /home/airflow/.local/lib/python3.8/site-packages/airflow/example_dags/example_branch_python_dop_operator_3.py
[2023-09-20T22:41:50.915+0000] {logging_mixin.py:151} INFO - [2023-09-20T22:41:50.914+0000] {dag.py:2915} INFO - Sync 1 DAGs
[2023-09-20T22:41:50.948+0000] {logging_mixin.py:151} INFO - [2023-09-20T22:41:50.948+0000] {dag.py:3696} INFO - Setting next_dagrun for example_branch_dop_operator_v3 to 2023-09-20T22:40:00+00:00, run_after=2023-09-20T22:41:00+00:00
[2023-09-20T22:41:50.979+0000] {processor.py:179} INFO - Processing /home/airflow/.local/lib/python3.8/site-packages/airflow/example_dags/example_branch_python_dop_operator_3.py took 0.111 seconds
[2023-09-20T22:42:21.493+0000] {processor.py:157} INFO - Started process (PID=1909) to work on /home/airflow/.local/lib/python3.8/site-packages/airflow/example_dags/example_branch_python_dop_operator_3.py
[2023-09-20T22:42:21.494+0000] {processor.py:829} INFO - Processing file /home/airflow/.local/lib/python3.8/site-packages/airflow/example_dags/example_branch_python_dop_operator_3.py for tasks to queue
[2023-09-20T22:42:21.499+0000] {logging_mixin.py:151} INFO - [2023-09-20T22:42:21.498+0000] {dagbag.py:539} INFO - Filling up the DagBag from /home/airflow/.local/lib/python3.8/site-packages/airflow/example_dags/example_branch_python_dop_operator_3.py
[2023-09-20T22:42:21.517+0000] {processor.py:839} INFO - DAG(s) dict_keys(['example_branch_dop_operator_v3']) retrieved from /home/airflow/.local/lib/python3.8/site-packages/airflow/example_dags/example_branch_python_dop_operator_3.py
[2023-09-20T22:42:21.552+0000] {logging_mixin.py:151} INFO - [2023-09-20T22:42:21.552+0000] {dag.py:2915} INFO - Sync 1 DAGs
[2023-09-20T22:42:21.598+0000] {logging_mixin.py:151} INFO - [2023-09-20T22:42:21.598+0000] {dag.py:3696} INFO - Setting next_dagrun for example_branch_dop_operator_v3 to 2023-09-20T22:41:00+00:00, run_after=2023-09-20T22:42:00+00:00
[2023-09-20T22:42:21.625+0000] {processor.py:179} INFO - Processing /home/airflow/.local/lib/python3.8/site-packages/airflow/example_dags/example_branch_python_dop_operator_3.py took 0.138 seconds
[2023-09-20T22:42:52.065+0000] {processor.py:157} INFO - Started process (PID=1964) to work on /home/airflow/.local/lib/python3.8/site-packages/airflow/example_dags/example_branch_python_dop_operator_3.py
[2023-09-20T22:42:52.067+0000] {processor.py:829} INFO - Processing file /home/airflow/.local/lib/python3.8/site-packages/airflow/example_dags/example_branch_python_dop_operator_3.py for tasks to queue
[2023-09-20T22:42:52.071+0000] {logging_mixin.py:151} INFO - [2023-09-20T22:42:52.071+0000] {dagbag.py:539} INFO - Filling up the DagBag from /home/airflow/.local/lib/python3.8/site-packages/airflow/example_dags/example_branch_python_dop_operator_3.py
[2023-09-20T22:42:52.085+0000] {processor.py:839} INFO - DAG(s) dict_keys(['example_branch_dop_operator_v3']) retrieved from /home/airflow/.local/lib/python3.8/site-packages/airflow/example_dags/example_branch_python_dop_operator_3.py
[2023-09-20T22:42:52.115+0000] {logging_mixin.py:151} INFO - [2023-09-20T22:42:52.115+0000] {dag.py:2915} INFO - Sync 1 DAGs
[2023-09-20T22:42:52.158+0000] {logging_mixin.py:151} INFO - [2023-09-20T22:42:52.158+0000] {dag.py:3696} INFO - Setting next_dagrun for example_branch_dop_operator_v3 to 2023-09-20T22:41:00+00:00, run_after=2023-09-20T22:42:00+00:00
[2023-09-20T22:42:52.189+0000] {processor.py:179} INFO - Processing /home/airflow/.local/lib/python3.8/site-packages/airflow/example_dags/example_branch_python_dop_operator_3.py took 0.128 seconds
[2023-09-20T22:43:22.521+0000] {processor.py:157} INFO - Started process (PID=2019) to work on /home/airflow/.local/lib/python3.8/site-packages/airflow/example_dags/example_branch_python_dop_operator_3.py
[2023-09-20T22:43:22.522+0000] {processor.py:829} INFO - Processing file /home/airflow/.local/lib/python3.8/site-packages/airflow/example_dags/example_branch_python_dop_operator_3.py for tasks to queue
[2023-09-20T22:43:22.526+0000] {logging_mixin.py:151} INFO - [2023-09-20T22:43:22.525+0000] {dagbag.py:539} INFO - Filling up the DagBag from /home/airflow/.local/lib/python3.8/site-packages/airflow/example_dags/example_branch_python_dop_operator_3.py
[2023-09-20T22:43:22.543+0000] {processor.py:839} INFO - DAG(s) dict_keys(['example_branch_dop_operator_v3']) retrieved from /home/airflow/.local/lib/python3.8/site-packages/airflow/example_dags/example_branch_python_dop_operator_3.py
[2023-09-20T22:43:22.585+0000] {logging_mixin.py:151} INFO - [2023-09-20T22:43:22.585+0000] {dag.py:2915} INFO - Sync 1 DAGs
[2023-09-20T22:43:22.623+0000] {logging_mixin.py:151} INFO - [2023-09-20T22:43:22.622+0000] {dag.py:3696} INFO - Setting next_dagrun for example_branch_dop_operator_v3 to 2023-09-20T22:42:00+00:00, run_after=2023-09-20T22:43:00+00:00
[2023-09-20T22:43:22.650+0000] {processor.py:179} INFO - Processing /home/airflow/.local/lib/python3.8/site-packages/airflow/example_dags/example_branch_python_dop_operator_3.py took 0.134 seconds
[2023-09-20T22:43:53.508+0000] {processor.py:157} INFO - Started process (PID=2074) to work on /home/airflow/.local/lib/python3.8/site-packages/airflow/example_dags/example_branch_python_dop_operator_3.py
[2023-09-20T22:43:53.510+0000] {processor.py:829} INFO - Processing file /home/airflow/.local/lib/python3.8/site-packages/airflow/example_dags/example_branch_python_dop_operator_3.py for tasks to queue
[2023-09-20T22:43:53.513+0000] {logging_mixin.py:151} INFO - [2023-09-20T22:43:53.513+0000] {dagbag.py:539} INFO - Filling up the DagBag from /home/airflow/.local/lib/python3.8/site-packages/airflow/example_dags/example_branch_python_dop_operator_3.py
[2023-09-20T22:43:53.527+0000] {processor.py:839} INFO - DAG(s) dict_keys(['example_branch_dop_operator_v3']) retrieved from /home/airflow/.local/lib/python3.8/site-packages/airflow/example_dags/example_branch_python_dop_operator_3.py
[2023-09-20T22:43:53.563+0000] {logging_mixin.py:151} INFO - [2023-09-20T22:43:53.563+0000] {dag.py:2915} INFO - Sync 1 DAGs
[2023-09-20T22:43:53.615+0000] {logging_mixin.py:151} INFO - [2023-09-20T22:43:53.615+0000] {dag.py:3696} INFO - Setting next_dagrun for example_branch_dop_operator_v3 to 2023-09-20T22:42:00+00:00, run_after=2023-09-20T22:43:00+00:00
[2023-09-20T22:43:53.655+0000] {processor.py:179} INFO - Processing /home/airflow/.local/lib/python3.8/site-packages/airflow/example_dags/example_branch_python_dop_operator_3.py took 0.152 seconds
[2023-09-20T22:44:24.399+0000] {processor.py:157} INFO - Started process (PID=2137) to work on /home/airflow/.local/lib/python3.8/site-packages/airflow/example_dags/example_branch_python_dop_operator_3.py
[2023-09-20T22:44:24.401+0000] {processor.py:829} INFO - Processing file /home/airflow/.local/lib/python3.8/site-packages/airflow/example_dags/example_branch_python_dop_operator_3.py for tasks to queue
[2023-09-20T22:44:24.404+0000] {logging_mixin.py:151} INFO - [2023-09-20T22:44:24.404+0000] {dagbag.py:539} INFO - Filling up the DagBag from /home/airflow/.local/lib/python3.8/site-packages/airflow/example_dags/example_branch_python_dop_operator_3.py
[2023-09-20T22:44:24.421+0000] {processor.py:839} INFO - DAG(s) dict_keys(['example_branch_dop_operator_v3']) retrieved from /home/airflow/.local/lib/python3.8/site-packages/airflow/example_dags/example_branch_python_dop_operator_3.py
[2023-09-20T22:44:24.461+0000] {logging_mixin.py:151} INFO - [2023-09-20T22:44:24.460+0000] {dag.py:2915} INFO - Sync 1 DAGs
[2023-09-20T22:44:24.503+0000] {logging_mixin.py:151} INFO - [2023-09-20T22:44:24.503+0000] {dag.py:3696} INFO - Setting next_dagrun for example_branch_dop_operator_v3 to 2023-09-20T22:43:00+00:00, run_after=2023-09-20T22:44:00+00:00
[2023-09-20T22:44:24.548+0000] {processor.py:179} INFO - Processing /home/airflow/.local/lib/python3.8/site-packages/airflow/example_dags/example_branch_python_dop_operator_3.py took 0.155 seconds
[2023-09-20T22:44:55.248+0000] {processor.py:157} INFO - Started process (PID=2192) to work on /home/airflow/.local/lib/python3.8/site-packages/airflow/example_dags/example_branch_python_dop_operator_3.py
[2023-09-20T22:44:55.249+0000] {processor.py:829} INFO - Processing file /home/airflow/.local/lib/python3.8/site-packages/airflow/example_dags/example_branch_python_dop_operator_3.py for tasks to queue
[2023-09-20T22:44:55.253+0000] {logging_mixin.py:151} INFO - [2023-09-20T22:44:55.252+0000] {dagbag.py:539} INFO - Filling up the DagBag from /home/airflow/.local/lib/python3.8/site-packages/airflow/example_dags/example_branch_python_dop_operator_3.py
[2023-09-20T22:44:55.270+0000] {processor.py:839} INFO - DAG(s) dict_keys(['example_branch_dop_operator_v3']) retrieved from /home/airflow/.local/lib/python3.8/site-packages/airflow/example_dags/example_branch_python_dop_operator_3.py
[2023-09-20T22:44:55.302+0000] {logging_mixin.py:151} INFO - [2023-09-20T22:44:55.302+0000] {dag.py:2915} INFO - Sync 1 DAGs
[2023-09-20T22:44:55.347+0000] {logging_mixin.py:151} INFO - [2023-09-20T22:44:55.347+0000] {dag.py:3696} INFO - Setting next_dagrun for example_branch_dop_operator_v3 to 2023-09-20T22:43:00+00:00, run_after=2023-09-20T22:44:00+00:00
[2023-09-20T22:44:55.379+0000] {processor.py:179} INFO - Processing /home/airflow/.local/lib/python3.8/site-packages/airflow/example_dags/example_branch_python_dop_operator_3.py took 0.135 seconds
[2023-09-20T22:45:26.237+0000] {processor.py:157} INFO - Started process (PID=2247) to work on /home/airflow/.local/lib/python3.8/site-packages/airflow/example_dags/example_branch_python_dop_operator_3.py
[2023-09-20T22:45:26.239+0000] {processor.py:829} INFO - Processing file /home/airflow/.local/lib/python3.8/site-packages/airflow/example_dags/example_branch_python_dop_operator_3.py for tasks to queue
[2023-09-20T22:45:26.242+0000] {logging_mixin.py:151} INFO - [2023-09-20T22:45:26.241+0000] {dagbag.py:539} INFO - Filling up the DagBag from /home/airflow/.local/lib/python3.8/site-packages/airflow/example_dags/example_branch_python_dop_operator_3.py
[2023-09-20T22:45:26.254+0000] {processor.py:839} INFO - DAG(s) dict_keys(['example_branch_dop_operator_v3']) retrieved from /home/airflow/.local/lib/python3.8/site-packages/airflow/example_dags/example_branch_python_dop_operator_3.py
[2023-09-20T22:45:26.295+0000] {logging_mixin.py:151} INFO - [2023-09-20T22:45:26.295+0000] {dag.py:2915} INFO - Sync 1 DAGs
[2023-09-20T22:45:26.351+0000] {logging_mixin.py:151} INFO - [2023-09-20T22:45:26.351+0000] {dag.py:3696} INFO - Setting next_dagrun for example_branch_dop_operator_v3 to 2023-09-20T22:44:00+00:00, run_after=2023-09-20T22:45:00+00:00
[2023-09-20T22:45:26.387+0000] {processor.py:179} INFO - Processing /home/airflow/.local/lib/python3.8/site-packages/airflow/example_dags/example_branch_python_dop_operator_3.py took 0.154 seconds
[2023-09-20T22:45:56.927+0000] {processor.py:157} INFO - Started process (PID=2302) to work on /home/airflow/.local/lib/python3.8/site-packages/airflow/example_dags/example_branch_python_dop_operator_3.py
[2023-09-20T22:45:56.929+0000] {processor.py:829} INFO - Processing file /home/airflow/.local/lib/python3.8/site-packages/airflow/example_dags/example_branch_python_dop_operator_3.py for tasks to queue
[2023-09-20T22:45:56.936+0000] {logging_mixin.py:151} INFO - [2023-09-20T22:45:56.935+0000] {dagbag.py:539} INFO - Filling up the DagBag from /home/airflow/.local/lib/python3.8/site-packages/airflow/example_dags/example_branch_python_dop_operator_3.py
[2023-09-20T22:45:56.957+0000] {processor.py:839} INFO - DAG(s) dict_keys(['example_branch_dop_operator_v3']) retrieved from /home/airflow/.local/lib/python3.8/site-packages/airflow/example_dags/example_branch_python_dop_operator_3.py
[2023-09-20T22:45:57.007+0000] {logging_mixin.py:151} INFO - [2023-09-20T22:45:57.007+0000] {dag.py:2915} INFO - Sync 1 DAGs
[2023-09-20T22:45:57.071+0000] {logging_mixin.py:151} INFO - [2023-09-20T22:45:57.071+0000] {dag.py:3696} INFO - Setting next_dagrun for example_branch_dop_operator_v3 to 2023-09-20T22:44:00+00:00, run_after=2023-09-20T22:45:00+00:00
[2023-09-20T22:45:57.108+0000] {processor.py:179} INFO - Processing /home/airflow/.local/lib/python3.8/site-packages/airflow/example_dags/example_branch_python_dop_operator_3.py took 0.191 seconds
[2023-09-20T22:46:28.084+0000] {processor.py:157} INFO - Started process (PID=2357) to work on /home/airflow/.local/lib/python3.8/site-packages/airflow/example_dags/example_branch_python_dop_operator_3.py
[2023-09-20T22:46:28.087+0000] {processor.py:829} INFO - Processing file /home/airflow/.local/lib/python3.8/site-packages/airflow/example_dags/example_branch_python_dop_operator_3.py for tasks to queue
[2023-09-20T22:46:28.094+0000] {logging_mixin.py:151} INFO - [2023-09-20T22:46:28.093+0000] {dagbag.py:539} INFO - Filling up the DagBag from /home/airflow/.local/lib/python3.8/site-packages/airflow/example_dags/example_branch_python_dop_operator_3.py
[2023-09-20T22:46:28.123+0000] {processor.py:839} INFO - DAG(s) dict_keys(['example_branch_dop_operator_v3']) retrieved from /home/airflow/.local/lib/python3.8/site-packages/airflow/example_dags/example_branch_python_dop_operator_3.py
[2023-09-20T22:46:28.166+0000] {logging_mixin.py:151} INFO - [2023-09-20T22:46:28.166+0000] {dag.py:2915} INFO - Sync 1 DAGs
[2023-09-20T22:46:28.210+0000] {logging_mixin.py:151} INFO - [2023-09-20T22:46:28.210+0000] {dag.py:3696} INFO - Setting next_dagrun for example_branch_dop_operator_v3 to 2023-09-20T22:45:00+00:00, run_after=2023-09-20T22:46:00+00:00
[2023-09-20T22:46:28.241+0000] {processor.py:179} INFO - Processing /home/airflow/.local/lib/python3.8/site-packages/airflow/example_dags/example_branch_python_dop_operator_3.py took 0.166 seconds
[2023-09-20T22:46:58.961+0000] {processor.py:157} INFO - Started process (PID=2412) to work on /home/airflow/.local/lib/python3.8/site-packages/airflow/example_dags/example_branch_python_dop_operator_3.py
[2023-09-20T22:46:58.962+0000] {processor.py:829} INFO - Processing file /home/airflow/.local/lib/python3.8/site-packages/airflow/example_dags/example_branch_python_dop_operator_3.py for tasks to queue
[2023-09-20T22:46:58.966+0000] {logging_mixin.py:151} INFO - [2023-09-20T22:46:58.965+0000] {dagbag.py:539} INFO - Filling up the DagBag from /home/airflow/.local/lib/python3.8/site-packages/airflow/example_dags/example_branch_python_dop_operator_3.py
[2023-09-20T22:46:58.989+0000] {processor.py:839} INFO - DAG(s) dict_keys(['example_branch_dop_operator_v3']) retrieved from /home/airflow/.local/lib/python3.8/site-packages/airflow/example_dags/example_branch_python_dop_operator_3.py
[2023-09-20T22:46:59.028+0000] {logging_mixin.py:151} INFO - [2023-09-20T22:46:59.027+0000] {dag.py:2915} INFO - Sync 1 DAGs
[2023-09-20T22:46:59.075+0000] {logging_mixin.py:151} INFO - [2023-09-20T22:46:59.074+0000] {dag.py:3696} INFO - Setting next_dagrun for example_branch_dop_operator_v3 to 2023-09-20T22:45:00+00:00, run_after=2023-09-20T22:46:00+00:00
[2023-09-20T22:46:59.128+0000] {processor.py:179} INFO - Processing /home/airflow/.local/lib/python3.8/site-packages/airflow/example_dags/example_branch_python_dop_operator_3.py took 0.172 seconds
[2023-09-20T22:47:30.044+0000] {processor.py:157} INFO - Started process (PID=2467) to work on /home/airflow/.local/lib/python3.8/site-packages/airflow/example_dags/example_branch_python_dop_operator_3.py
[2023-09-20T22:47:30.046+0000] {processor.py:829} INFO - Processing file /home/airflow/.local/lib/python3.8/site-packages/airflow/example_dags/example_branch_python_dop_operator_3.py for tasks to queue
[2023-09-20T22:47:30.050+0000] {logging_mixin.py:151} INFO - [2023-09-20T22:47:30.050+0000] {dagbag.py:539} INFO - Filling up the DagBag from /home/airflow/.local/lib/python3.8/site-packages/airflow/example_dags/example_branch_python_dop_operator_3.py
[2023-09-20T22:47:30.071+0000] {processor.py:839} INFO - DAG(s) dict_keys(['example_branch_dop_operator_v3']) retrieved from /home/airflow/.local/lib/python3.8/site-packages/airflow/example_dags/example_branch_python_dop_operator_3.py
[2023-09-20T22:47:30.100+0000] {logging_mixin.py:151} INFO - [2023-09-20T22:47:30.100+0000] {dag.py:2915} INFO - Sync 1 DAGs
[2023-09-20T22:47:30.145+0000] {logging_mixin.py:151} INFO - [2023-09-20T22:47:30.145+0000] {dag.py:3696} INFO - Setting next_dagrun for example_branch_dop_operator_v3 to 2023-09-20T22:46:00+00:00, run_after=2023-09-20T22:47:00+00:00
[2023-09-20T22:47:30.179+0000] {processor.py:179} INFO - Processing /home/airflow/.local/lib/python3.8/site-packages/airflow/example_dags/example_branch_python_dop_operator_3.py took 0.142 seconds
[2023-09-20T22:48:00.600+0000] {processor.py:157} INFO - Started process (PID=2522) to work on /home/airflow/.local/lib/python3.8/site-packages/airflow/example_dags/example_branch_python_dop_operator_3.py
[2023-09-20T22:48:00.601+0000] {processor.py:829} INFO - Processing file /home/airflow/.local/lib/python3.8/site-packages/airflow/example_dags/example_branch_python_dop_operator_3.py for tasks to queue
[2023-09-20T22:48:00.605+0000] {logging_mixin.py:151} INFO - [2023-09-20T22:48:00.605+0000] {dagbag.py:539} INFO - Filling up the DagBag from /home/airflow/.local/lib/python3.8/site-packages/airflow/example_dags/example_branch_python_dop_operator_3.py
[2023-09-20T22:48:00.618+0000] {processor.py:839} INFO - DAG(s) dict_keys(['example_branch_dop_operator_v3']) retrieved from /home/airflow/.local/lib/python3.8/site-packages/airflow/example_dags/example_branch_python_dop_operator_3.py
[2023-09-20T22:48:00.652+0000] {logging_mixin.py:151} INFO - [2023-09-20T22:48:00.652+0000] {dag.py:2915} INFO - Sync 1 DAGs
[2023-09-20T22:48:00.691+0000] {logging_mixin.py:151} INFO - [2023-09-20T22:48:00.691+0000] {dag.py:3696} INFO - Setting next_dagrun for example_branch_dop_operator_v3 to 2023-09-20T22:47:00+00:00, run_after=2023-09-20T22:48:00+00:00
[2023-09-20T22:48:00.738+0000] {processor.py:179} INFO - Processing /home/airflow/.local/lib/python3.8/site-packages/airflow/example_dags/example_branch_python_dop_operator_3.py took 0.142 seconds
[2023-09-20T22:48:31.113+0000] {processor.py:157} INFO - Started process (PID=2577) to work on /home/airflow/.local/lib/python3.8/site-packages/airflow/example_dags/example_branch_python_dop_operator_3.py
[2023-09-20T22:48:31.118+0000] {processor.py:829} INFO - Processing file /home/airflow/.local/lib/python3.8/site-packages/airflow/example_dags/example_branch_python_dop_operator_3.py for tasks to queue
[2023-09-20T22:48:31.124+0000] {logging_mixin.py:151} INFO - [2023-09-20T22:48:31.123+0000] {dagbag.py:539} INFO - Filling up the DagBag from /home/airflow/.local/lib/python3.8/site-packages/airflow/example_dags/example_branch_python_dop_operator_3.py
[2023-09-20T22:48:31.150+0000] {processor.py:839} INFO - DAG(s) dict_keys(['example_branch_dop_operator_v3']) retrieved from /home/airflow/.local/lib/python3.8/site-packages/airflow/example_dags/example_branch_python_dop_operator_3.py
[2023-09-20T22:48:31.192+0000] {logging_mixin.py:151} INFO - [2023-09-20T22:48:31.192+0000] {dag.py:2915} INFO - Sync 1 DAGs
[2023-09-20T22:48:31.238+0000] {logging_mixin.py:151} INFO - [2023-09-20T22:48:31.237+0000] {dag.py:3696} INFO - Setting next_dagrun for example_branch_dop_operator_v3 to 2023-09-20T22:47:00+00:00, run_after=2023-09-20T22:48:00+00:00
[2023-09-20T22:48:31.272+0000] {processor.py:179} INFO - Processing /home/airflow/.local/lib/python3.8/site-packages/airflow/example_dags/example_branch_python_dop_operator_3.py took 0.168 seconds
[2023-09-20T22:49:01.790+0000] {processor.py:157} INFO - Started process (PID=2632) to work on /home/airflow/.local/lib/python3.8/site-packages/airflow/example_dags/example_branch_python_dop_operator_3.py
[2023-09-20T22:49:01.791+0000] {processor.py:829} INFO - Processing file /home/airflow/.local/lib/python3.8/site-packages/airflow/example_dags/example_branch_python_dop_operator_3.py for tasks to queue
[2023-09-20T22:49:01.794+0000] {logging_mixin.py:151} INFO - [2023-09-20T22:49:01.794+0000] {dagbag.py:539} INFO - Filling up the DagBag from /home/airflow/.local/lib/python3.8/site-packages/airflow/example_dags/example_branch_python_dop_operator_3.py
[2023-09-20T22:49:01.807+0000] {processor.py:839} INFO - DAG(s) dict_keys(['example_branch_dop_operator_v3']) retrieved from /home/airflow/.local/lib/python3.8/site-packages/airflow/example_dags/example_branch_python_dop_operator_3.py
[2023-09-20T22:49:01.845+0000] {logging_mixin.py:151} INFO - [2023-09-20T22:49:01.845+0000] {dag.py:2915} INFO - Sync 1 DAGs
[2023-09-20T22:49:01.908+0000] {logging_mixin.py:151} INFO - [2023-09-20T22:49:01.908+0000] {dag.py:3696} INFO - Setting next_dagrun for example_branch_dop_operator_v3 to 2023-09-20T22:48:00+00:00, run_after=2023-09-20T22:49:00+00:00
[2023-09-20T22:49:02.035+0000] {processor.py:179} INFO - Processing /home/airflow/.local/lib/python3.8/site-packages/airflow/example_dags/example_branch_python_dop_operator_3.py took 0.253 seconds
[2023-09-20T22:49:32.335+0000] {processor.py:157} INFO - Started process (PID=2687) to work on /home/airflow/.local/lib/python3.8/site-packages/airflow/example_dags/example_branch_python_dop_operator_3.py
[2023-09-20T22:49:32.336+0000] {processor.py:829} INFO - Processing file /home/airflow/.local/lib/python3.8/site-packages/airflow/example_dags/example_branch_python_dop_operator_3.py for tasks to queue
[2023-09-20T22:49:32.340+0000] {logging_mixin.py:151} INFO - [2023-09-20T22:49:32.340+0000] {dagbag.py:539} INFO - Filling up the DagBag from /home/airflow/.local/lib/python3.8/site-packages/airflow/example_dags/example_branch_python_dop_operator_3.py
[2023-09-20T22:49:32.363+0000] {processor.py:839} INFO - DAG(s) dict_keys(['example_branch_dop_operator_v3']) retrieved from /home/airflow/.local/lib/python3.8/site-packages/airflow/example_dags/example_branch_python_dop_operator_3.py
[2023-09-20T22:49:32.407+0000] {logging_mixin.py:151} INFO - [2023-09-20T22:49:32.406+0000] {dag.py:2915} INFO - Sync 1 DAGs
[2023-09-20T22:49:32.452+0000] {logging_mixin.py:151} INFO - [2023-09-20T22:49:32.452+0000] {dag.py:3696} INFO - Setting next_dagrun for example_branch_dop_operator_v3 to 2023-09-20T22:48:00+00:00, run_after=2023-09-20T22:49:00+00:00
[2023-09-20T22:49:32.489+0000] {processor.py:179} INFO - Processing /home/airflow/.local/lib/python3.8/site-packages/airflow/example_dags/example_branch_python_dop_operator_3.py took 0.159 seconds
[2023-09-20T22:50:02.588+0000] {processor.py:157} INFO - Started process (PID=2742) to work on /home/airflow/.local/lib/python3.8/site-packages/airflow/example_dags/example_branch_python_dop_operator_3.py
[2023-09-20T22:50:02.590+0000] {processor.py:829} INFO - Processing file /home/airflow/.local/lib/python3.8/site-packages/airflow/example_dags/example_branch_python_dop_operator_3.py for tasks to queue
[2023-09-20T22:50:02.595+0000] {logging_mixin.py:151} INFO - [2023-09-20T22:50:02.594+0000] {dagbag.py:539} INFO - Filling up the DagBag from /home/airflow/.local/lib/python3.8/site-packages/airflow/example_dags/example_branch_python_dop_operator_3.py
[2023-09-20T22:50:02.607+0000] {processor.py:839} INFO - DAG(s) dict_keys(['example_branch_dop_operator_v3']) retrieved from /home/airflow/.local/lib/python3.8/site-packages/airflow/example_dags/example_branch_python_dop_operator_3.py
[2023-09-20T22:50:02.644+0000] {logging_mixin.py:151} INFO - [2023-09-20T22:50:02.644+0000] {dag.py:2915} INFO - Sync 1 DAGs
[2023-09-20T22:50:02.681+0000] {logging_mixin.py:151} INFO - [2023-09-20T22:50:02.681+0000] {dag.py:3696} INFO - Setting next_dagrun for example_branch_dop_operator_v3 to 2023-09-20T22:49:00+00:00, run_after=2023-09-20T22:50:00+00:00
[2023-09-20T22:50:02.709+0000] {processor.py:179} INFO - Processing /home/airflow/.local/lib/python3.8/site-packages/airflow/example_dags/example_branch_python_dop_operator_3.py took 0.125 seconds
[2023-09-20T22:50:33.321+0000] {processor.py:157} INFO - Started process (PID=2797) to work on /home/airflow/.local/lib/python3.8/site-packages/airflow/example_dags/example_branch_python_dop_operator_3.py
[2023-09-20T22:50:33.323+0000] {processor.py:829} INFO - Processing file /home/airflow/.local/lib/python3.8/site-packages/airflow/example_dags/example_branch_python_dop_operator_3.py for tasks to queue
[2023-09-20T22:50:33.327+0000] {logging_mixin.py:151} INFO - [2023-09-20T22:50:33.326+0000] {dagbag.py:539} INFO - Filling up the DagBag from /home/airflow/.local/lib/python3.8/site-packages/airflow/example_dags/example_branch_python_dop_operator_3.py
[2023-09-20T22:50:33.339+0000] {processor.py:839} INFO - DAG(s) dict_keys(['example_branch_dop_operator_v3']) retrieved from /home/airflow/.local/lib/python3.8/site-packages/airflow/example_dags/example_branch_python_dop_operator_3.py
[2023-09-20T22:50:33.373+0000] {logging_mixin.py:151} INFO - [2023-09-20T22:50:33.373+0000] {dag.py:2915} INFO - Sync 1 DAGs
[2023-09-20T22:50:33.410+0000] {logging_mixin.py:151} INFO - [2023-09-20T22:50:33.410+0000] {dag.py:3696} INFO - Setting next_dagrun for example_branch_dop_operator_v3 to 2023-09-20T22:49:00+00:00, run_after=2023-09-20T22:50:00+00:00
[2023-09-20T22:50:33.436+0000] {processor.py:179} INFO - Processing /home/airflow/.local/lib/python3.8/site-packages/airflow/example_dags/example_branch_python_dop_operator_3.py took 0.119 seconds
[2023-09-20T22:51:03.817+0000] {processor.py:157} INFO - Started process (PID=2852) to work on /home/airflow/.local/lib/python3.8/site-packages/airflow/example_dags/example_branch_python_dop_operator_3.py
[2023-09-20T22:51:03.819+0000] {processor.py:829} INFO - Processing file /home/airflow/.local/lib/python3.8/site-packages/airflow/example_dags/example_branch_python_dop_operator_3.py for tasks to queue
[2023-09-20T22:51:03.824+0000] {logging_mixin.py:151} INFO - [2023-09-20T22:51:03.824+0000] {dagbag.py:539} INFO - Filling up the DagBag from /home/airflow/.local/lib/python3.8/site-packages/airflow/example_dags/example_branch_python_dop_operator_3.py
[2023-09-20T22:51:03.855+0000] {processor.py:839} INFO - DAG(s) dict_keys(['example_branch_dop_operator_v3']) retrieved from /home/airflow/.local/lib/python3.8/site-packages/airflow/example_dags/example_branch_python_dop_operator_3.py
[2023-09-20T22:51:03.894+0000] {logging_mixin.py:151} INFO - [2023-09-20T22:51:03.894+0000] {dag.py:2915} INFO - Sync 1 DAGs
[2023-09-20T22:51:03.946+0000] {logging_mixin.py:151} INFO - [2023-09-20T22:51:03.946+0000] {dag.py:3696} INFO - Setting next_dagrun for example_branch_dop_operator_v3 to 2023-09-20T22:50:00+00:00, run_after=2023-09-20T22:51:00+00:00
[2023-09-20T22:51:03.977+0000] {processor.py:179} INFO - Processing /home/airflow/.local/lib/python3.8/site-packages/airflow/example_dags/example_branch_python_dop_operator_3.py took 0.164 seconds
[2023-09-20T22:51:34.068+0000] {processor.py:157} INFO - Started process (PID=2907) to work on /home/airflow/.local/lib/python3.8/site-packages/airflow/example_dags/example_branch_python_dop_operator_3.py
[2023-09-20T22:51:34.071+0000] {processor.py:829} INFO - Processing file /home/airflow/.local/lib/python3.8/site-packages/airflow/example_dags/example_branch_python_dop_operator_3.py for tasks to queue
[2023-09-20T22:51:34.079+0000] {logging_mixin.py:151} INFO - [2023-09-20T22:51:34.078+0000] {dagbag.py:539} INFO - Filling up the DagBag from /home/airflow/.local/lib/python3.8/site-packages/airflow/example_dags/example_branch_python_dop_operator_3.py
[2023-09-20T22:51:34.102+0000] {processor.py:839} INFO - DAG(s) dict_keys(['example_branch_dop_operator_v3']) retrieved from /home/airflow/.local/lib/python3.8/site-packages/airflow/example_dags/example_branch_python_dop_operator_3.py
[2023-09-20T22:51:34.155+0000] {logging_mixin.py:151} INFO - [2023-09-20T22:51:34.155+0000] {dag.py:2915} INFO - Sync 1 DAGs
[2023-09-20T22:51:34.214+0000] {logging_mixin.py:151} INFO - [2023-09-20T22:51:34.213+0000] {dag.py:3696} INFO - Setting next_dagrun for example_branch_dop_operator_v3 to 2023-09-20T22:50:00+00:00, run_after=2023-09-20T22:51:00+00:00
[2023-09-20T22:51:34.254+0000] {processor.py:179} INFO - Processing /home/airflow/.local/lib/python3.8/site-packages/airflow/example_dags/example_branch_python_dop_operator_3.py took 0.196 seconds
[2023-09-20T22:52:04.334+0000] {processor.py:157} INFO - Started process (PID=2963) to work on /home/airflow/.local/lib/python3.8/site-packages/airflow/example_dags/example_branch_python_dop_operator_3.py
[2023-09-20T22:52:04.336+0000] {processor.py:829} INFO - Processing file /home/airflow/.local/lib/python3.8/site-packages/airflow/example_dags/example_branch_python_dop_operator_3.py for tasks to queue
[2023-09-20T22:52:04.343+0000] {logging_mixin.py:151} INFO - [2023-09-20T22:52:04.342+0000] {dagbag.py:539} INFO - Filling up the DagBag from /home/airflow/.local/lib/python3.8/site-packages/airflow/example_dags/example_branch_python_dop_operator_3.py
[2023-09-20T22:52:04.366+0000] {processor.py:839} INFO - DAG(s) dict_keys(['example_branch_dop_operator_v3']) retrieved from /home/airflow/.local/lib/python3.8/site-packages/airflow/example_dags/example_branch_python_dop_operator_3.py
[2023-09-20T22:52:04.401+0000] {logging_mixin.py:151} INFO - [2023-09-20T22:52:04.401+0000] {dag.py:2915} INFO - Sync 1 DAGs
[2023-09-20T22:52:04.459+0000] {logging_mixin.py:151} INFO - [2023-09-20T22:52:04.459+0000] {dag.py:3696} INFO - Setting next_dagrun for example_branch_dop_operator_v3 to 2023-09-20T22:51:00+00:00, run_after=2023-09-20T22:52:00+00:00
[2023-09-20T22:52:04.490+0000] {processor.py:179} INFO - Processing /home/airflow/.local/lib/python3.8/site-packages/airflow/example_dags/example_branch_python_dop_operator_3.py took 0.165 seconds
[2023-09-20T23:11:31.497+0000] {processor.py:157} INFO - Started process (PID=39) to work on /home/airflow/.local/lib/python3.8/site-packages/airflow/example_dags/example_branch_python_dop_operator_3.py
[2023-09-20T23:11:31.514+0000] {processor.py:829} INFO - Processing file /home/airflow/.local/lib/python3.8/site-packages/airflow/example_dags/example_branch_python_dop_operator_3.py for tasks to queue
[2023-09-20T23:11:31.521+0000] {logging_mixin.py:151} INFO - [2023-09-20T23:11:31.520+0000] {dagbag.py:539} INFO - Filling up the DagBag from /home/airflow/.local/lib/python3.8/site-packages/airflow/example_dags/example_branch_python_dop_operator_3.py
[2023-09-20T23:11:31.753+0000] {processor.py:839} INFO - DAG(s) dict_keys(['example_branch_dop_operator_v3']) retrieved from /home/airflow/.local/lib/python3.8/site-packages/airflow/example_dags/example_branch_python_dop_operator_3.py
[2023-09-20T23:11:31.770+0000] {logging_mixin.py:151} INFO - [2023-09-20T23:11:31.769+0000] {dag.py:2915} INFO - Sync 1 DAGs
[2023-09-20T23:11:31.814+0000] {logging_mixin.py:151} INFO - [2023-09-20T23:11:31.813+0000] {dag.py:3696} INFO - Setting next_dagrun for example_branch_dop_operator_v3 to 2023-09-20T23:10:00+00:00, run_after=2023-09-20T23:11:00+00:00
[2023-09-20T23:11:31.866+0000] {processor.py:179} INFO - Processing /home/airflow/.local/lib/python3.8/site-packages/airflow/example_dags/example_branch_python_dop_operator_3.py took 0.380 seconds
[2023-09-20T23:12:02.468+0000] {processor.py:157} INFO - Started process (PID=94) to work on /home/airflow/.local/lib/python3.8/site-packages/airflow/example_dags/example_branch_python_dop_operator_3.py
[2023-09-20T23:12:02.470+0000] {processor.py:829} INFO - Processing file /home/airflow/.local/lib/python3.8/site-packages/airflow/example_dags/example_branch_python_dop_operator_3.py for tasks to queue
[2023-09-20T23:12:02.473+0000] {logging_mixin.py:151} INFO - [2023-09-20T23:12:02.473+0000] {dagbag.py:539} INFO - Filling up the DagBag from /home/airflow/.local/lib/python3.8/site-packages/airflow/example_dags/example_branch_python_dop_operator_3.py
[2023-09-20T23:12:02.487+0000] {processor.py:839} INFO - DAG(s) dict_keys(['example_branch_dop_operator_v3']) retrieved from /home/airflow/.local/lib/python3.8/site-packages/airflow/example_dags/example_branch_python_dop_operator_3.py
[2023-09-20T23:12:02.525+0000] {logging_mixin.py:151} INFO - [2023-09-20T23:12:02.525+0000] {dag.py:2915} INFO - Sync 1 DAGs
[2023-09-20T23:12:02.573+0000] {logging_mixin.py:151} INFO - [2023-09-20T23:12:02.572+0000] {dag.py:3696} INFO - Setting next_dagrun for example_branch_dop_operator_v3 to 2023-09-20T23:11:00+00:00, run_after=2023-09-20T23:12:00+00:00
[2023-09-20T23:12:02.609+0000] {processor.py:179} INFO - Processing /home/airflow/.local/lib/python3.8/site-packages/airflow/example_dags/example_branch_python_dop_operator_3.py took 0.149 seconds
[2023-09-20T23:12:33.436+0000] {processor.py:157} INFO - Started process (PID=149) to work on /home/airflow/.local/lib/python3.8/site-packages/airflow/example_dags/example_branch_python_dop_operator_3.py
[2023-09-20T23:12:33.439+0000] {processor.py:829} INFO - Processing file /home/airflow/.local/lib/python3.8/site-packages/airflow/example_dags/example_branch_python_dop_operator_3.py for tasks to queue
[2023-09-20T23:12:33.446+0000] {logging_mixin.py:151} INFO - [2023-09-20T23:12:33.445+0000] {dagbag.py:539} INFO - Filling up the DagBag from /home/airflow/.local/lib/python3.8/site-packages/airflow/example_dags/example_branch_python_dop_operator_3.py
[2023-09-20T23:12:33.467+0000] {processor.py:839} INFO - DAG(s) dict_keys(['example_branch_dop_operator_v3']) retrieved from /home/airflow/.local/lib/python3.8/site-packages/airflow/example_dags/example_branch_python_dop_operator_3.py
[2023-09-20T23:12:33.505+0000] {logging_mixin.py:151} INFO - [2023-09-20T23:12:33.505+0000] {dag.py:2915} INFO - Sync 1 DAGs
[2023-09-20T23:12:33.546+0000] {logging_mixin.py:151} INFO - [2023-09-20T23:12:33.546+0000] {dag.py:3696} INFO - Setting next_dagrun for example_branch_dop_operator_v3 to 2023-09-20T23:11:00+00:00, run_after=2023-09-20T23:12:00+00:00
[2023-09-20T23:12:33.615+0000] {processor.py:179} INFO - Processing /home/airflow/.local/lib/python3.8/site-packages/airflow/example_dags/example_branch_python_dop_operator_3.py took 0.187 seconds
[2023-09-20T23:13:03.904+0000] {processor.py:157} INFO - Started process (PID=204) to work on /home/airflow/.local/lib/python3.8/site-packages/airflow/example_dags/example_branch_python_dop_operator_3.py
[2023-09-20T23:13:03.905+0000] {processor.py:829} INFO - Processing file /home/airflow/.local/lib/python3.8/site-packages/airflow/example_dags/example_branch_python_dop_operator_3.py for tasks to queue
[2023-09-20T23:13:03.909+0000] {logging_mixin.py:151} INFO - [2023-09-20T23:13:03.908+0000] {dagbag.py:539} INFO - Filling up the DagBag from /home/airflow/.local/lib/python3.8/site-packages/airflow/example_dags/example_branch_python_dop_operator_3.py
[2023-09-20T23:13:03.923+0000] {processor.py:839} INFO - DAG(s) dict_keys(['example_branch_dop_operator_v3']) retrieved from /home/airflow/.local/lib/python3.8/site-packages/airflow/example_dags/example_branch_python_dop_operator_3.py
[2023-09-20T23:13:03.955+0000] {logging_mixin.py:151} INFO - [2023-09-20T23:13:03.954+0000] {dag.py:2915} INFO - Sync 1 DAGs
[2023-09-20T23:13:03.992+0000] {logging_mixin.py:151} INFO - [2023-09-20T23:13:03.991+0000] {dag.py:3696} INFO - Setting next_dagrun for example_branch_dop_operator_v3 to 2023-09-20T23:12:00+00:00, run_after=2023-09-20T23:13:00+00:00
[2023-09-20T23:13:04.158+0000] {processor.py:179} INFO - Processing /home/airflow/.local/lib/python3.8/site-packages/airflow/example_dags/example_branch_python_dop_operator_3.py took 0.259 seconds
