[2023-09-20T22:15:30.578+0000] {processor.py:157} INFO - Started process (PID=64) to work on /home/airflow/.local/lib/python3.8/site-packages/airflow/example_dags/example_skip_dag.py
[2023-09-20T22:15:30.587+0000] {processor.py:829} INFO - Processing file /home/airflow/.local/lib/python3.8/site-packages/airflow/example_dags/example_skip_dag.py for tasks to queue
[2023-09-20T22:15:30.592+0000] {logging_mixin.py:151} INFO - [2023-09-20T22:15:30.590+0000] {dagbag.py:539} INFO - Filling up the DagBag from /home/airflow/.local/lib/python3.8/site-packages/airflow/example_dags/example_skip_dag.py
[2023-09-20T22:15:30.613+0000] {processor.py:839} INFO - DAG(s) dict_keys(['example_skip_dag']) retrieved from /home/airflow/.local/lib/python3.8/site-packages/airflow/example_dags/example_skip_dag.py
[2023-09-20T22:15:30.658+0000] {logging_mixin.py:151} INFO - [2023-09-20T22:15:30.656+0000] {dag.py:2915} INFO - Sync 1 DAGs
[2023-09-20T22:15:30.693+0000] {logging_mixin.py:151} INFO - [2023-09-20T22:15:30.693+0000] {dag.py:3696} INFO - Setting next_dagrun for example_skip_dag to 2023-09-19T22:15:30.693201+00:00, run_after=2023-09-20T22:15:30.693201+00:00
[2023-09-20T22:15:30.809+0000] {processor.py:179} INFO - Processing /home/airflow/.local/lib/python3.8/site-packages/airflow/example_dags/example_skip_dag.py took 0.237 seconds
[2023-09-20T22:16:01.225+0000] {processor.py:157} INFO - Started process (PID=118) to work on /home/airflow/.local/lib/python3.8/site-packages/airflow/example_dags/example_skip_dag.py
[2023-09-20T22:16:01.227+0000] {processor.py:829} INFO - Processing file /home/airflow/.local/lib/python3.8/site-packages/airflow/example_dags/example_skip_dag.py for tasks to queue
[2023-09-20T22:16:01.231+0000] {logging_mixin.py:151} INFO - [2023-09-20T22:16:01.231+0000] {dagbag.py:539} INFO - Filling up the DagBag from /home/airflow/.local/lib/python3.8/site-packages/airflow/example_dags/example_skip_dag.py
[2023-09-20T22:16:01.244+0000] {processor.py:839} INFO - DAG(s) dict_keys(['example_skip_dag']) retrieved from /home/airflow/.local/lib/python3.8/site-packages/airflow/example_dags/example_skip_dag.py
[2023-09-20T22:16:01.279+0000] {logging_mixin.py:151} INFO - [2023-09-20T22:16:01.278+0000] {dag.py:2915} INFO - Sync 1 DAGs
[2023-09-20T22:16:01.308+0000] {logging_mixin.py:151} INFO - [2023-09-20T22:16:01.308+0000] {dag.py:3696} INFO - Setting next_dagrun for example_skip_dag to 2023-09-19T22:16:01.307911+00:00, run_after=2023-09-20T22:16:01.307911+00:00
[2023-09-20T22:16:01.338+0000] {processor.py:179} INFO - Processing /home/airflow/.local/lib/python3.8/site-packages/airflow/example_dags/example_skip_dag.py took 0.120 seconds
[2023-09-20T22:16:31.700+0000] {processor.py:157} INFO - Started process (PID=172) to work on /home/airflow/.local/lib/python3.8/site-packages/airflow/example_dags/example_skip_dag.py
[2023-09-20T22:16:31.702+0000] {processor.py:829} INFO - Processing file /home/airflow/.local/lib/python3.8/site-packages/airflow/example_dags/example_skip_dag.py for tasks to queue
[2023-09-20T22:16:31.706+0000] {logging_mixin.py:151} INFO - [2023-09-20T22:16:31.705+0000] {dagbag.py:539} INFO - Filling up the DagBag from /home/airflow/.local/lib/python3.8/site-packages/airflow/example_dags/example_skip_dag.py
[2023-09-20T22:16:31.720+0000] {processor.py:839} INFO - DAG(s) dict_keys(['example_skip_dag']) retrieved from /home/airflow/.local/lib/python3.8/site-packages/airflow/example_dags/example_skip_dag.py
[2023-09-20T22:16:31.758+0000] {logging_mixin.py:151} INFO - [2023-09-20T22:16:31.758+0000] {dag.py:2915} INFO - Sync 1 DAGs
[2023-09-20T22:16:31.793+0000] {logging_mixin.py:151} INFO - [2023-09-20T22:16:31.792+0000] {dag.py:3696} INFO - Setting next_dagrun for example_skip_dag to 2023-09-19T22:16:31.792484+00:00, run_after=2023-09-20T22:16:31.792484+00:00
[2023-09-20T22:16:31.828+0000] {processor.py:179} INFO - Processing /home/airflow/.local/lib/python3.8/site-packages/airflow/example_dags/example_skip_dag.py took 0.131 seconds
[2023-09-20T22:17:03.367+0000] {processor.py:157} INFO - Started process (PID=226) to work on /home/airflow/.local/lib/python3.8/site-packages/airflow/example_dags/example_skip_dag.py
[2023-09-20T22:17:03.369+0000] {processor.py:829} INFO - Processing file /home/airflow/.local/lib/python3.8/site-packages/airflow/example_dags/example_skip_dag.py for tasks to queue
[2023-09-20T22:17:03.373+0000] {logging_mixin.py:151} INFO - [2023-09-20T22:17:03.372+0000] {dagbag.py:539} INFO - Filling up the DagBag from /home/airflow/.local/lib/python3.8/site-packages/airflow/example_dags/example_skip_dag.py
[2023-09-20T22:17:03.384+0000] {processor.py:839} INFO - DAG(s) dict_keys(['example_skip_dag']) retrieved from /home/airflow/.local/lib/python3.8/site-packages/airflow/example_dags/example_skip_dag.py
[2023-09-20T22:17:03.420+0000] {logging_mixin.py:151} INFO - [2023-09-20T22:17:03.420+0000] {dag.py:2915} INFO - Sync 1 DAGs
[2023-09-20T22:17:03.464+0000] {logging_mixin.py:151} INFO - [2023-09-20T22:17:03.463+0000] {dag.py:3696} INFO - Setting next_dagrun for example_skip_dag to 2023-09-19T22:17:03.463122+00:00, run_after=2023-09-20T22:17:03.463122+00:00
[2023-09-20T22:17:03.535+0000] {processor.py:179} INFO - Processing /home/airflow/.local/lib/python3.8/site-packages/airflow/example_dags/example_skip_dag.py took 0.173 seconds
[2023-09-20T22:25:02.356+0000] {processor.py:157} INFO - Started process (PID=64) to work on /home/airflow/.local/lib/python3.8/site-packages/airflow/example_dags/example_skip_dag.py
[2023-09-20T22:25:02.357+0000] {processor.py:829} INFO - Processing file /home/airflow/.local/lib/python3.8/site-packages/airflow/example_dags/example_skip_dag.py for tasks to queue
[2023-09-20T22:25:02.363+0000] {logging_mixin.py:151} INFO - [2023-09-20T22:25:02.363+0000] {dagbag.py:539} INFO - Filling up the DagBag from /home/airflow/.local/lib/python3.8/site-packages/airflow/example_dags/example_skip_dag.py
[2023-09-20T22:25:02.374+0000] {processor.py:839} INFO - DAG(s) dict_keys(['example_skip_dag']) retrieved from /home/airflow/.local/lib/python3.8/site-packages/airflow/example_dags/example_skip_dag.py
[2023-09-20T22:25:02.396+0000] {logging_mixin.py:151} INFO - [2023-09-20T22:25:02.395+0000] {dag.py:2915} INFO - Sync 1 DAGs
[2023-09-20T22:25:02.425+0000] {logging_mixin.py:151} INFO - [2023-09-20T22:25:02.425+0000] {dag.py:3696} INFO - Setting next_dagrun for example_skip_dag to 2023-09-19T22:25:02.424766+00:00, run_after=2023-09-20T22:25:02.424766+00:00
[2023-09-20T22:25:02.626+0000] {processor.py:179} INFO - Processing /home/airflow/.local/lib/python3.8/site-packages/airflow/example_dags/example_skip_dag.py took 0.275 seconds
[2023-09-20T22:25:32.689+0000] {processor.py:157} INFO - Started process (PID=119) to work on /home/airflow/.local/lib/python3.8/site-packages/airflow/example_dags/example_skip_dag.py
[2023-09-20T22:25:32.692+0000] {processor.py:829} INFO - Processing file /home/airflow/.local/lib/python3.8/site-packages/airflow/example_dags/example_skip_dag.py for tasks to queue
[2023-09-20T22:25:32.695+0000] {logging_mixin.py:151} INFO - [2023-09-20T22:25:32.695+0000] {dagbag.py:539} INFO - Filling up the DagBag from /home/airflow/.local/lib/python3.8/site-packages/airflow/example_dags/example_skip_dag.py
[2023-09-20T22:25:32.705+0000] {processor.py:839} INFO - DAG(s) dict_keys(['example_skip_dag']) retrieved from /home/airflow/.local/lib/python3.8/site-packages/airflow/example_dags/example_skip_dag.py
[2023-09-20T22:25:32.743+0000] {logging_mixin.py:151} INFO - [2023-09-20T22:25:32.743+0000] {dag.py:2915} INFO - Sync 1 DAGs
[2023-09-20T22:25:32.780+0000] {logging_mixin.py:151} INFO - [2023-09-20T22:25:32.780+0000] {dag.py:3696} INFO - Setting next_dagrun for example_skip_dag to 2023-09-19T22:25:32.779790+00:00, run_after=2023-09-20T22:25:32.779790+00:00
[2023-09-20T22:25:32.813+0000] {processor.py:179} INFO - Processing /home/airflow/.local/lib/python3.8/site-packages/airflow/example_dags/example_skip_dag.py took 0.132 seconds
[2023-09-20T22:26:03.570+0000] {processor.py:157} INFO - Started process (PID=174) to work on /home/airflow/.local/lib/python3.8/site-packages/airflow/example_dags/example_skip_dag.py
[2023-09-20T22:26:03.571+0000] {processor.py:829} INFO - Processing file /home/airflow/.local/lib/python3.8/site-packages/airflow/example_dags/example_skip_dag.py for tasks to queue
[2023-09-20T22:26:03.575+0000] {logging_mixin.py:151} INFO - [2023-09-20T22:26:03.575+0000] {dagbag.py:539} INFO - Filling up the DagBag from /home/airflow/.local/lib/python3.8/site-packages/airflow/example_dags/example_skip_dag.py
[2023-09-20T22:26:03.586+0000] {processor.py:839} INFO - DAG(s) dict_keys(['example_skip_dag']) retrieved from /home/airflow/.local/lib/python3.8/site-packages/airflow/example_dags/example_skip_dag.py
[2023-09-20T22:26:03.617+0000] {logging_mixin.py:151} INFO - [2023-09-20T22:26:03.617+0000] {dag.py:2915} INFO - Sync 1 DAGs
[2023-09-20T22:26:03.650+0000] {logging_mixin.py:151} INFO - [2023-09-20T22:26:03.650+0000] {dag.py:3696} INFO - Setting next_dagrun for example_skip_dag to 2023-09-19T22:26:03.649873+00:00, run_after=2023-09-20T22:26:03.649873+00:00
[2023-09-20T22:26:03.680+0000] {processor.py:179} INFO - Processing /home/airflow/.local/lib/python3.8/site-packages/airflow/example_dags/example_skip_dag.py took 0.115 seconds
[2023-09-20T22:26:35.446+0000] {processor.py:157} INFO - Started process (PID=229) to work on /home/airflow/.local/lib/python3.8/site-packages/airflow/example_dags/example_skip_dag.py
[2023-09-20T22:26:35.448+0000] {processor.py:829} INFO - Processing file /home/airflow/.local/lib/python3.8/site-packages/airflow/example_dags/example_skip_dag.py for tasks to queue
[2023-09-20T22:26:35.452+0000] {logging_mixin.py:151} INFO - [2023-09-20T22:26:35.451+0000] {dagbag.py:539} INFO - Filling up the DagBag from /home/airflow/.local/lib/python3.8/site-packages/airflow/example_dags/example_skip_dag.py
[2023-09-20T22:26:35.463+0000] {processor.py:839} INFO - DAG(s) dict_keys(['example_skip_dag']) retrieved from /home/airflow/.local/lib/python3.8/site-packages/airflow/example_dags/example_skip_dag.py
[2023-09-20T22:26:35.482+0000] {logging_mixin.py:151} INFO - [2023-09-20T22:26:35.481+0000] {dag.py:2915} INFO - Sync 1 DAGs
[2023-09-20T22:26:35.523+0000] {logging_mixin.py:151} INFO - [2023-09-20T22:26:35.523+0000] {dag.py:3696} INFO - Setting next_dagrun for example_skip_dag to 2023-09-19T22:26:35.522762+00:00, run_after=2023-09-20T22:26:35.522762+00:00
[2023-09-20T22:26:35.565+0000] {processor.py:179} INFO - Processing /home/airflow/.local/lib/python3.8/site-packages/airflow/example_dags/example_skip_dag.py took 0.124 seconds
[2023-09-20T22:27:06.230+0000] {processor.py:157} INFO - Started process (PID=284) to work on /home/airflow/.local/lib/python3.8/site-packages/airflow/example_dags/example_skip_dag.py
[2023-09-20T22:27:06.231+0000] {processor.py:829} INFO - Processing file /home/airflow/.local/lib/python3.8/site-packages/airflow/example_dags/example_skip_dag.py for tasks to queue
[2023-09-20T22:27:06.235+0000] {logging_mixin.py:151} INFO - [2023-09-20T22:27:06.235+0000] {dagbag.py:539} INFO - Filling up the DagBag from /home/airflow/.local/lib/python3.8/site-packages/airflow/example_dags/example_skip_dag.py
[2023-09-20T22:27:06.249+0000] {processor.py:839} INFO - DAG(s) dict_keys(['example_skip_dag']) retrieved from /home/airflow/.local/lib/python3.8/site-packages/airflow/example_dags/example_skip_dag.py
[2023-09-20T22:27:06.285+0000] {logging_mixin.py:151} INFO - [2023-09-20T22:27:06.284+0000] {dag.py:2915} INFO - Sync 1 DAGs
[2023-09-20T22:27:06.316+0000] {logging_mixin.py:151} INFO - [2023-09-20T22:27:06.316+0000] {dag.py:3696} INFO - Setting next_dagrun for example_skip_dag to 2023-09-19T22:27:06.316193+00:00, run_after=2023-09-20T22:27:06.316193+00:00
[2023-09-20T22:27:06.347+0000] {processor.py:179} INFO - Processing /home/airflow/.local/lib/python3.8/site-packages/airflow/example_dags/example_skip_dag.py took 0.122 seconds
[2023-09-20T22:27:36.547+0000] {processor.py:157} INFO - Started process (PID=339) to work on /home/airflow/.local/lib/python3.8/site-packages/airflow/example_dags/example_skip_dag.py
[2023-09-20T22:27:36.549+0000] {processor.py:829} INFO - Processing file /home/airflow/.local/lib/python3.8/site-packages/airflow/example_dags/example_skip_dag.py for tasks to queue
[2023-09-20T22:27:36.555+0000] {logging_mixin.py:151} INFO - [2023-09-20T22:27:36.554+0000] {dagbag.py:539} INFO - Filling up the DagBag from /home/airflow/.local/lib/python3.8/site-packages/airflow/example_dags/example_skip_dag.py
[2023-09-20T22:27:36.569+0000] {processor.py:839} INFO - DAG(s) dict_keys(['example_skip_dag']) retrieved from /home/airflow/.local/lib/python3.8/site-packages/airflow/example_dags/example_skip_dag.py
[2023-09-20T22:27:36.602+0000] {logging_mixin.py:151} INFO - [2023-09-20T22:27:36.602+0000] {dag.py:2915} INFO - Sync 1 DAGs
[2023-09-20T22:27:36.632+0000] {logging_mixin.py:151} INFO - [2023-09-20T22:27:36.632+0000] {dag.py:3696} INFO - Setting next_dagrun for example_skip_dag to 2023-09-19T22:27:36.632372+00:00, run_after=2023-09-20T22:27:36.632372+00:00
[2023-09-20T22:27:36.662+0000] {processor.py:179} INFO - Processing /home/airflow/.local/lib/python3.8/site-packages/airflow/example_dags/example_skip_dag.py took 0.124 seconds
[2023-09-20T22:28:06.695+0000] {processor.py:157} INFO - Started process (PID=395) to work on /home/airflow/.local/lib/python3.8/site-packages/airflow/example_dags/example_skip_dag.py
[2023-09-20T22:28:06.697+0000] {processor.py:829} INFO - Processing file /home/airflow/.local/lib/python3.8/site-packages/airflow/example_dags/example_skip_dag.py for tasks to queue
[2023-09-20T22:28:06.701+0000] {logging_mixin.py:151} INFO - [2023-09-20T22:28:06.700+0000] {dagbag.py:539} INFO - Filling up the DagBag from /home/airflow/.local/lib/python3.8/site-packages/airflow/example_dags/example_skip_dag.py
[2023-09-20T22:28:06.709+0000] {processor.py:839} INFO - DAG(s) dict_keys(['example_skip_dag']) retrieved from /home/airflow/.local/lib/python3.8/site-packages/airflow/example_dags/example_skip_dag.py
[2023-09-20T22:28:06.750+0000] {logging_mixin.py:151} INFO - [2023-09-20T22:28:06.750+0000] {dag.py:2915} INFO - Sync 1 DAGs
[2023-09-20T22:28:06.791+0000] {logging_mixin.py:151} INFO - [2023-09-20T22:28:06.790+0000] {dag.py:3696} INFO - Setting next_dagrun for example_skip_dag to 2023-09-19T22:28:06.790591+00:00, run_after=2023-09-20T22:28:06.790591+00:00
[2023-09-20T22:28:06.828+0000] {processor.py:179} INFO - Processing /home/airflow/.local/lib/python3.8/site-packages/airflow/example_dags/example_skip_dag.py took 0.137 seconds
[2023-09-20T22:28:36.975+0000] {processor.py:157} INFO - Started process (PID=450) to work on /home/airflow/.local/lib/python3.8/site-packages/airflow/example_dags/example_skip_dag.py
[2023-09-20T22:28:36.977+0000] {processor.py:829} INFO - Processing file /home/airflow/.local/lib/python3.8/site-packages/airflow/example_dags/example_skip_dag.py for tasks to queue
[2023-09-20T22:28:36.981+0000] {logging_mixin.py:151} INFO - [2023-09-20T22:28:36.980+0000] {dagbag.py:539} INFO - Filling up the DagBag from /home/airflow/.local/lib/python3.8/site-packages/airflow/example_dags/example_skip_dag.py
[2023-09-20T22:28:36.994+0000] {processor.py:839} INFO - DAG(s) dict_keys(['example_skip_dag']) retrieved from /home/airflow/.local/lib/python3.8/site-packages/airflow/example_dags/example_skip_dag.py
[2023-09-20T22:28:37.024+0000] {logging_mixin.py:151} INFO - [2023-09-20T22:28:37.024+0000] {dag.py:2915} INFO - Sync 1 DAGs
[2023-09-20T22:28:37.054+0000] {logging_mixin.py:151} INFO - [2023-09-20T22:28:37.053+0000] {dag.py:3696} INFO - Setting next_dagrun for example_skip_dag to 2023-09-19T22:28:37.053449+00:00, run_after=2023-09-20T22:28:37.053449+00:00
[2023-09-20T22:28:37.085+0000] {processor.py:179} INFO - Processing /home/airflow/.local/lib/python3.8/site-packages/airflow/example_dags/example_skip_dag.py took 0.117 seconds
[2023-09-20T22:29:07.790+0000] {processor.py:157} INFO - Started process (PID=505) to work on /home/airflow/.local/lib/python3.8/site-packages/airflow/example_dags/example_skip_dag.py
[2023-09-20T22:29:07.792+0000] {processor.py:829} INFO - Processing file /home/airflow/.local/lib/python3.8/site-packages/airflow/example_dags/example_skip_dag.py for tasks to queue
[2023-09-20T22:29:07.795+0000] {logging_mixin.py:151} INFO - [2023-09-20T22:29:07.795+0000] {dagbag.py:539} INFO - Filling up the DagBag from /home/airflow/.local/lib/python3.8/site-packages/airflow/example_dags/example_skip_dag.py
[2023-09-20T22:29:07.804+0000] {processor.py:839} INFO - DAG(s) dict_keys(['example_skip_dag']) retrieved from /home/airflow/.local/lib/python3.8/site-packages/airflow/example_dags/example_skip_dag.py
[2023-09-20T22:29:07.833+0000] {logging_mixin.py:151} INFO - [2023-09-20T22:29:07.832+0000] {dag.py:2915} INFO - Sync 1 DAGs
[2023-09-20T22:29:07.863+0000] {logging_mixin.py:151} INFO - [2023-09-20T22:29:07.862+0000] {dag.py:3696} INFO - Setting next_dagrun for example_skip_dag to 2023-09-19T22:29:07.862417+00:00, run_after=2023-09-20T22:29:07.862417+00:00
[2023-09-20T22:29:07.901+0000] {processor.py:179} INFO - Processing /home/airflow/.local/lib/python3.8/site-packages/airflow/example_dags/example_skip_dag.py took 0.115 seconds
[2023-09-20T22:29:38.803+0000] {processor.py:157} INFO - Started process (PID=560) to work on /home/airflow/.local/lib/python3.8/site-packages/airflow/example_dags/example_skip_dag.py
[2023-09-20T22:29:38.805+0000] {processor.py:829} INFO - Processing file /home/airflow/.local/lib/python3.8/site-packages/airflow/example_dags/example_skip_dag.py for tasks to queue
[2023-09-20T22:29:38.809+0000] {logging_mixin.py:151} INFO - [2023-09-20T22:29:38.809+0000] {dagbag.py:539} INFO - Filling up the DagBag from /home/airflow/.local/lib/python3.8/site-packages/airflow/example_dags/example_skip_dag.py
[2023-09-20T22:29:38.821+0000] {processor.py:839} INFO - DAG(s) dict_keys(['example_skip_dag']) retrieved from /home/airflow/.local/lib/python3.8/site-packages/airflow/example_dags/example_skip_dag.py
[2023-09-20T22:29:38.869+0000] {logging_mixin.py:151} INFO - [2023-09-20T22:29:38.869+0000] {dag.py:2915} INFO - Sync 1 DAGs
[2023-09-20T22:29:38.933+0000] {logging_mixin.py:151} INFO - [2023-09-20T22:29:38.933+0000] {dag.py:3696} INFO - Setting next_dagrun for example_skip_dag to 2023-09-19T22:29:38.932982+00:00, run_after=2023-09-20T22:29:38.932982+00:00
[2023-09-20T22:29:39.009+0000] {processor.py:179} INFO - Processing /home/airflow/.local/lib/python3.8/site-packages/airflow/example_dags/example_skip_dag.py took 0.213 seconds
[2023-09-20T22:30:09.328+0000] {processor.py:157} INFO - Started process (PID=615) to work on /home/airflow/.local/lib/python3.8/site-packages/airflow/example_dags/example_skip_dag.py
[2023-09-20T22:30:09.329+0000] {processor.py:829} INFO - Processing file /home/airflow/.local/lib/python3.8/site-packages/airflow/example_dags/example_skip_dag.py for tasks to queue
[2023-09-20T22:30:09.333+0000] {logging_mixin.py:151} INFO - [2023-09-20T22:30:09.332+0000] {dagbag.py:539} INFO - Filling up the DagBag from /home/airflow/.local/lib/python3.8/site-packages/airflow/example_dags/example_skip_dag.py
[2023-09-20T22:30:09.344+0000] {processor.py:839} INFO - DAG(s) dict_keys(['example_skip_dag']) retrieved from /home/airflow/.local/lib/python3.8/site-packages/airflow/example_dags/example_skip_dag.py
[2023-09-20T22:30:09.379+0000] {logging_mixin.py:151} INFO - [2023-09-20T22:30:09.379+0000] {dag.py:2915} INFO - Sync 1 DAGs
[2023-09-20T22:30:09.419+0000] {logging_mixin.py:151} INFO - [2023-09-20T22:30:09.419+0000] {dag.py:3696} INFO - Setting next_dagrun for example_skip_dag to 2023-09-19T22:30:09.418555+00:00, run_after=2023-09-20T22:30:09.418555+00:00
[2023-09-20T22:30:09.454+0000] {processor.py:179} INFO - Processing /home/airflow/.local/lib/python3.8/site-packages/airflow/example_dags/example_skip_dag.py took 0.130 seconds
[2023-09-20T22:30:40.137+0000] {processor.py:157} INFO - Started process (PID=670) to work on /home/airflow/.local/lib/python3.8/site-packages/airflow/example_dags/example_skip_dag.py
[2023-09-20T22:30:40.139+0000] {processor.py:829} INFO - Processing file /home/airflow/.local/lib/python3.8/site-packages/airflow/example_dags/example_skip_dag.py for tasks to queue
[2023-09-20T22:30:40.144+0000] {logging_mixin.py:151} INFO - [2023-09-20T22:30:40.143+0000] {dagbag.py:539} INFO - Filling up the DagBag from /home/airflow/.local/lib/python3.8/site-packages/airflow/example_dags/example_skip_dag.py
[2023-09-20T22:30:40.160+0000] {processor.py:839} INFO - DAG(s) dict_keys(['example_skip_dag']) retrieved from /home/airflow/.local/lib/python3.8/site-packages/airflow/example_dags/example_skip_dag.py
[2023-09-20T22:30:40.199+0000] {logging_mixin.py:151} INFO - [2023-09-20T22:30:40.199+0000] {dag.py:2915} INFO - Sync 1 DAGs
[2023-09-20T22:30:40.232+0000] {logging_mixin.py:151} INFO - [2023-09-20T22:30:40.232+0000] {dag.py:3696} INFO - Setting next_dagrun for example_skip_dag to 2023-09-19T22:30:40.232238+00:00, run_after=2023-09-20T22:30:40.232238+00:00
[2023-09-20T22:30:40.261+0000] {processor.py:179} INFO - Processing /home/airflow/.local/lib/python3.8/site-packages/airflow/example_dags/example_skip_dag.py took 0.133 seconds
[2023-09-20T22:31:11.080+0000] {processor.py:157} INFO - Started process (PID=725) to work on /home/airflow/.local/lib/python3.8/site-packages/airflow/example_dags/example_skip_dag.py
[2023-09-20T22:31:11.082+0000] {processor.py:829} INFO - Processing file /home/airflow/.local/lib/python3.8/site-packages/airflow/example_dags/example_skip_dag.py for tasks to queue
[2023-09-20T22:31:11.086+0000] {logging_mixin.py:151} INFO - [2023-09-20T22:31:11.085+0000] {dagbag.py:539} INFO - Filling up the DagBag from /home/airflow/.local/lib/python3.8/site-packages/airflow/example_dags/example_skip_dag.py
[2023-09-20T22:31:11.100+0000] {processor.py:839} INFO - DAG(s) dict_keys(['example_skip_dag']) retrieved from /home/airflow/.local/lib/python3.8/site-packages/airflow/example_dags/example_skip_dag.py
[2023-09-20T22:31:11.137+0000] {logging_mixin.py:151} INFO - [2023-09-20T22:31:11.137+0000] {dag.py:2915} INFO - Sync 1 DAGs
[2023-09-20T22:31:11.166+0000] {logging_mixin.py:151} INFO - [2023-09-20T22:31:11.165+0000] {dag.py:3696} INFO - Setting next_dagrun for example_skip_dag to 2023-09-19T22:31:11.165440+00:00, run_after=2023-09-20T22:31:11.165440+00:00
[2023-09-20T22:31:11.201+0000] {processor.py:179} INFO - Processing /home/airflow/.local/lib/python3.8/site-packages/airflow/example_dags/example_skip_dag.py took 0.125 seconds
[2023-09-20T22:31:42.499+0000] {processor.py:157} INFO - Started process (PID=780) to work on /home/airflow/.local/lib/python3.8/site-packages/airflow/example_dags/example_skip_dag.py
[2023-09-20T22:31:42.501+0000] {processor.py:829} INFO - Processing file /home/airflow/.local/lib/python3.8/site-packages/airflow/example_dags/example_skip_dag.py for tasks to queue
[2023-09-20T22:31:42.505+0000] {logging_mixin.py:151} INFO - [2023-09-20T22:31:42.504+0000] {dagbag.py:539} INFO - Filling up the DagBag from /home/airflow/.local/lib/python3.8/site-packages/airflow/example_dags/example_skip_dag.py
[2023-09-20T22:31:42.516+0000] {processor.py:839} INFO - DAG(s) dict_keys(['example_skip_dag']) retrieved from /home/airflow/.local/lib/python3.8/site-packages/airflow/example_dags/example_skip_dag.py
[2023-09-20T22:31:42.549+0000] {logging_mixin.py:151} INFO - [2023-09-20T22:31:42.549+0000] {dag.py:2915} INFO - Sync 1 DAGs
[2023-09-20T22:31:42.580+0000] {logging_mixin.py:151} INFO - [2023-09-20T22:31:42.580+0000] {dag.py:3696} INFO - Setting next_dagrun for example_skip_dag to 2023-09-19T22:31:42.580162+00:00, run_after=2023-09-20T22:31:42.580162+00:00
[2023-09-20T22:31:42.608+0000] {processor.py:179} INFO - Processing /home/airflow/.local/lib/python3.8/site-packages/airflow/example_dags/example_skip_dag.py took 0.116 seconds
[2023-09-20T22:32:13.307+0000] {processor.py:157} INFO - Started process (PID=835) to work on /home/airflow/.local/lib/python3.8/site-packages/airflow/example_dags/example_skip_dag.py
[2023-09-20T22:32:13.309+0000] {processor.py:829} INFO - Processing file /home/airflow/.local/lib/python3.8/site-packages/airflow/example_dags/example_skip_dag.py for tasks to queue
[2023-09-20T22:32:13.312+0000] {logging_mixin.py:151} INFO - [2023-09-20T22:32:13.311+0000] {dagbag.py:539} INFO - Filling up the DagBag from /home/airflow/.local/lib/python3.8/site-packages/airflow/example_dags/example_skip_dag.py
[2023-09-20T22:32:13.321+0000] {processor.py:839} INFO - DAG(s) dict_keys(['example_skip_dag']) retrieved from /home/airflow/.local/lib/python3.8/site-packages/airflow/example_dags/example_skip_dag.py
[2023-09-20T22:32:13.350+0000] {logging_mixin.py:151} INFO - [2023-09-20T22:32:13.349+0000] {dag.py:2915} INFO - Sync 1 DAGs
[2023-09-20T22:32:13.379+0000] {logging_mixin.py:151} INFO - [2023-09-20T22:32:13.379+0000] {dag.py:3696} INFO - Setting next_dagrun for example_skip_dag to 2023-09-19T22:32:13.379139+00:00, run_after=2023-09-20T22:32:13.379139+00:00
[2023-09-20T22:32:13.413+0000] {processor.py:179} INFO - Processing /home/airflow/.local/lib/python3.8/site-packages/airflow/example_dags/example_skip_dag.py took 0.111 seconds
[2023-09-20T22:32:44.281+0000] {processor.py:157} INFO - Started process (PID=890) to work on /home/airflow/.local/lib/python3.8/site-packages/airflow/example_dags/example_skip_dag.py
[2023-09-20T22:32:44.283+0000] {processor.py:829} INFO - Processing file /home/airflow/.local/lib/python3.8/site-packages/airflow/example_dags/example_skip_dag.py for tasks to queue
[2023-09-20T22:32:44.286+0000] {logging_mixin.py:151} INFO - [2023-09-20T22:32:44.286+0000] {dagbag.py:539} INFO - Filling up the DagBag from /home/airflow/.local/lib/python3.8/site-packages/airflow/example_dags/example_skip_dag.py
[2023-09-20T22:32:44.295+0000] {processor.py:839} INFO - DAG(s) dict_keys(['example_skip_dag']) retrieved from /home/airflow/.local/lib/python3.8/site-packages/airflow/example_dags/example_skip_dag.py
[2023-09-20T22:32:44.324+0000] {logging_mixin.py:151} INFO - [2023-09-20T22:32:44.324+0000] {dag.py:2915} INFO - Sync 1 DAGs
[2023-09-20T22:32:44.354+0000] {logging_mixin.py:151} INFO - [2023-09-20T22:32:44.354+0000] {dag.py:3696} INFO - Setting next_dagrun for example_skip_dag to 2023-09-19T22:32:44.354262+00:00, run_after=2023-09-20T22:32:44.354262+00:00
[2023-09-20T22:32:44.386+0000] {processor.py:179} INFO - Processing /home/airflow/.local/lib/python3.8/site-packages/airflow/example_dags/example_skip_dag.py took 0.109 seconds
[2023-09-20T22:33:15.183+0000] {processor.py:157} INFO - Started process (PID=945) to work on /home/airflow/.local/lib/python3.8/site-packages/airflow/example_dags/example_skip_dag.py
[2023-09-20T22:33:15.184+0000] {processor.py:829} INFO - Processing file /home/airflow/.local/lib/python3.8/site-packages/airflow/example_dags/example_skip_dag.py for tasks to queue
[2023-09-20T22:33:15.187+0000] {logging_mixin.py:151} INFO - [2023-09-20T22:33:15.187+0000] {dagbag.py:539} INFO - Filling up the DagBag from /home/airflow/.local/lib/python3.8/site-packages/airflow/example_dags/example_skip_dag.py
[2023-09-20T22:33:15.197+0000] {processor.py:839} INFO - DAG(s) dict_keys(['example_skip_dag']) retrieved from /home/airflow/.local/lib/python3.8/site-packages/airflow/example_dags/example_skip_dag.py
[2023-09-20T22:33:15.226+0000] {logging_mixin.py:151} INFO - [2023-09-20T22:33:15.225+0000] {dag.py:2915} INFO - Sync 1 DAGs
[2023-09-20T22:33:15.265+0000] {logging_mixin.py:151} INFO - [2023-09-20T22:33:15.265+0000] {dag.py:3696} INFO - Setting next_dagrun for example_skip_dag to 2023-09-19T22:33:15.264556+00:00, run_after=2023-09-20T22:33:15.264556+00:00
[2023-09-20T22:33:15.297+0000] {processor.py:179} INFO - Processing /home/airflow/.local/lib/python3.8/site-packages/airflow/example_dags/example_skip_dag.py took 0.119 seconds
[2023-09-20T22:33:45.968+0000] {processor.py:157} INFO - Started process (PID=1000) to work on /home/airflow/.local/lib/python3.8/site-packages/airflow/example_dags/example_skip_dag.py
[2023-09-20T22:33:45.970+0000] {processor.py:829} INFO - Processing file /home/airflow/.local/lib/python3.8/site-packages/airflow/example_dags/example_skip_dag.py for tasks to queue
[2023-09-20T22:33:45.974+0000] {logging_mixin.py:151} INFO - [2023-09-20T22:33:45.973+0000] {dagbag.py:539} INFO - Filling up the DagBag from /home/airflow/.local/lib/python3.8/site-packages/airflow/example_dags/example_skip_dag.py
[2023-09-20T22:33:45.985+0000] {processor.py:839} INFO - DAG(s) dict_keys(['example_skip_dag']) retrieved from /home/airflow/.local/lib/python3.8/site-packages/airflow/example_dags/example_skip_dag.py
[2023-09-20T22:33:46.022+0000] {logging_mixin.py:151} INFO - [2023-09-20T22:33:46.021+0000] {dag.py:2915} INFO - Sync 1 DAGs
[2023-09-20T22:33:46.055+0000] {logging_mixin.py:151} INFO - [2023-09-20T22:33:46.055+0000] {dag.py:3696} INFO - Setting next_dagrun for example_skip_dag to 2023-09-19T22:33:46.055079+00:00, run_after=2023-09-20T22:33:46.055079+00:00
[2023-09-20T22:33:46.083+0000] {processor.py:179} INFO - Processing /home/airflow/.local/lib/python3.8/site-packages/airflow/example_dags/example_skip_dag.py took 0.122 seconds
[2023-09-20T22:34:16.757+0000] {processor.py:157} INFO - Started process (PID=1055) to work on /home/airflow/.local/lib/python3.8/site-packages/airflow/example_dags/example_skip_dag.py
[2023-09-20T22:34:16.759+0000] {processor.py:829} INFO - Processing file /home/airflow/.local/lib/python3.8/site-packages/airflow/example_dags/example_skip_dag.py for tasks to queue
[2023-09-20T22:34:16.763+0000] {logging_mixin.py:151} INFO - [2023-09-20T22:34:16.763+0000] {dagbag.py:539} INFO - Filling up the DagBag from /home/airflow/.local/lib/python3.8/site-packages/airflow/example_dags/example_skip_dag.py
[2023-09-20T22:34:16.773+0000] {processor.py:839} INFO - DAG(s) dict_keys(['example_skip_dag']) retrieved from /home/airflow/.local/lib/python3.8/site-packages/airflow/example_dags/example_skip_dag.py
[2023-09-20T22:34:16.813+0000] {logging_mixin.py:151} INFO - [2023-09-20T22:34:16.812+0000] {dag.py:2915} INFO - Sync 1 DAGs
[2023-09-20T22:34:16.841+0000] {logging_mixin.py:151} INFO - [2023-09-20T22:34:16.840+0000] {dag.py:3696} INFO - Setting next_dagrun for example_skip_dag to 2023-09-19T22:34:16.840706+00:00, run_after=2023-09-20T22:34:16.840706+00:00
[2023-09-20T22:34:16.869+0000] {processor.py:179} INFO - Processing /home/airflow/.local/lib/python3.8/site-packages/airflow/example_dags/example_skip_dag.py took 0.119 seconds
[2023-09-20T22:34:47.545+0000] {processor.py:157} INFO - Started process (PID=1110) to work on /home/airflow/.local/lib/python3.8/site-packages/airflow/example_dags/example_skip_dag.py
[2023-09-20T22:34:47.547+0000] {processor.py:829} INFO - Processing file /home/airflow/.local/lib/python3.8/site-packages/airflow/example_dags/example_skip_dag.py for tasks to queue
[2023-09-20T22:34:47.551+0000] {logging_mixin.py:151} INFO - [2023-09-20T22:34:47.550+0000] {dagbag.py:539} INFO - Filling up the DagBag from /home/airflow/.local/lib/python3.8/site-packages/airflow/example_dags/example_skip_dag.py
[2023-09-20T22:34:47.562+0000] {processor.py:839} INFO - DAG(s) dict_keys(['example_skip_dag']) retrieved from /home/airflow/.local/lib/python3.8/site-packages/airflow/example_dags/example_skip_dag.py
[2023-09-20T22:34:47.593+0000] {logging_mixin.py:151} INFO - [2023-09-20T22:34:47.592+0000] {dag.py:2915} INFO - Sync 1 DAGs
[2023-09-20T22:34:47.627+0000] {logging_mixin.py:151} INFO - [2023-09-20T22:34:47.626+0000] {dag.py:3696} INFO - Setting next_dagrun for example_skip_dag to 2023-09-19T22:34:47.626330+00:00, run_after=2023-09-20T22:34:47.626330+00:00
[2023-09-20T22:34:47.658+0000] {processor.py:179} INFO - Processing /home/airflow/.local/lib/python3.8/site-packages/airflow/example_dags/example_skip_dag.py took 0.122 seconds
[2023-09-20T22:35:18.350+0000] {processor.py:157} INFO - Started process (PID=1165) to work on /home/airflow/.local/lib/python3.8/site-packages/airflow/example_dags/example_skip_dag.py
[2023-09-20T22:35:18.353+0000] {processor.py:829} INFO - Processing file /home/airflow/.local/lib/python3.8/site-packages/airflow/example_dags/example_skip_dag.py for tasks to queue
[2023-09-20T22:35:18.360+0000] {logging_mixin.py:151} INFO - [2023-09-20T22:35:18.359+0000] {dagbag.py:539} INFO - Filling up the DagBag from /home/airflow/.local/lib/python3.8/site-packages/airflow/example_dags/example_skip_dag.py
[2023-09-20T22:35:18.377+0000] {processor.py:839} INFO - DAG(s) dict_keys(['example_skip_dag']) retrieved from /home/airflow/.local/lib/python3.8/site-packages/airflow/example_dags/example_skip_dag.py
[2023-09-20T22:35:18.433+0000] {logging_mixin.py:151} INFO - [2023-09-20T22:35:18.432+0000] {dag.py:2915} INFO - Sync 1 DAGs
[2023-09-20T22:35:18.482+0000] {logging_mixin.py:151} INFO - [2023-09-20T22:35:18.481+0000] {dag.py:3696} INFO - Setting next_dagrun for example_skip_dag to 2023-09-19T22:35:18.481231+00:00, run_after=2023-09-20T22:35:18.481231+00:00
[2023-09-20T22:35:18.527+0000] {processor.py:179} INFO - Processing /home/airflow/.local/lib/python3.8/site-packages/airflow/example_dags/example_skip_dag.py took 0.187 seconds
[2023-09-20T22:35:49.507+0000] {processor.py:157} INFO - Started process (PID=1220) to work on /home/airflow/.local/lib/python3.8/site-packages/airflow/example_dags/example_skip_dag.py
[2023-09-20T22:35:49.509+0000] {processor.py:829} INFO - Processing file /home/airflow/.local/lib/python3.8/site-packages/airflow/example_dags/example_skip_dag.py for tasks to queue
[2023-09-20T22:35:49.517+0000] {logging_mixin.py:151} INFO - [2023-09-20T22:35:49.516+0000] {dagbag.py:539} INFO - Filling up the DagBag from /home/airflow/.local/lib/python3.8/site-packages/airflow/example_dags/example_skip_dag.py
[2023-09-20T22:35:49.539+0000] {processor.py:839} INFO - DAG(s) dict_keys(['example_skip_dag']) retrieved from /home/airflow/.local/lib/python3.8/site-packages/airflow/example_dags/example_skip_dag.py
[2023-09-20T22:35:49.598+0000] {logging_mixin.py:151} INFO - [2023-09-20T22:35:49.597+0000] {dag.py:2915} INFO - Sync 1 DAGs
[2023-09-20T22:35:49.644+0000] {logging_mixin.py:151} INFO - [2023-09-20T22:35:49.643+0000] {dag.py:3696} INFO - Setting next_dagrun for example_skip_dag to 2023-09-19T22:35:49.643128+00:00, run_after=2023-09-20T22:35:49.643128+00:00
[2023-09-20T22:35:49.695+0000] {processor.py:179} INFO - Processing /home/airflow/.local/lib/python3.8/site-packages/airflow/example_dags/example_skip_dag.py took 0.199 seconds
[2023-09-20T22:36:20.460+0000] {processor.py:157} INFO - Started process (PID=1275) to work on /home/airflow/.local/lib/python3.8/site-packages/airflow/example_dags/example_skip_dag.py
[2023-09-20T22:36:20.463+0000] {processor.py:829} INFO - Processing file /home/airflow/.local/lib/python3.8/site-packages/airflow/example_dags/example_skip_dag.py for tasks to queue
[2023-09-20T22:36:20.471+0000] {logging_mixin.py:151} INFO - [2023-09-20T22:36:20.470+0000] {dagbag.py:539} INFO - Filling up the DagBag from /home/airflow/.local/lib/python3.8/site-packages/airflow/example_dags/example_skip_dag.py
[2023-09-20T22:36:20.496+0000] {processor.py:839} INFO - DAG(s) dict_keys(['example_skip_dag']) retrieved from /home/airflow/.local/lib/python3.8/site-packages/airflow/example_dags/example_skip_dag.py
[2023-09-20T22:36:20.553+0000] {logging_mixin.py:151} INFO - [2023-09-20T22:36:20.552+0000] {dag.py:2915} INFO - Sync 1 DAGs
[2023-09-20T22:36:20.595+0000] {logging_mixin.py:151} INFO - [2023-09-20T22:36:20.594+0000] {dag.py:3696} INFO - Setting next_dagrun for example_skip_dag to 2023-09-19T22:36:20.594169+00:00, run_after=2023-09-20T22:36:20.594169+00:00
[2023-09-20T22:36:20.638+0000] {processor.py:179} INFO - Processing /home/airflow/.local/lib/python3.8/site-packages/airflow/example_dags/example_skip_dag.py took 0.192 seconds
[2023-09-20T22:36:50.837+0000] {processor.py:157} INFO - Started process (PID=1330) to work on /home/airflow/.local/lib/python3.8/site-packages/airflow/example_dags/example_skip_dag.py
[2023-09-20T22:36:50.840+0000] {processor.py:829} INFO - Processing file /home/airflow/.local/lib/python3.8/site-packages/airflow/example_dags/example_skip_dag.py for tasks to queue
[2023-09-20T22:36:50.847+0000] {logging_mixin.py:151} INFO - [2023-09-20T22:36:50.846+0000] {dagbag.py:539} INFO - Filling up the DagBag from /home/airflow/.local/lib/python3.8/site-packages/airflow/example_dags/example_skip_dag.py
[2023-09-20T22:36:50.873+0000] {processor.py:839} INFO - DAG(s) dict_keys(['example_skip_dag']) retrieved from /home/airflow/.local/lib/python3.8/site-packages/airflow/example_dags/example_skip_dag.py
[2023-09-20T22:36:50.926+0000] {logging_mixin.py:151} INFO - [2023-09-20T22:36:50.925+0000] {dag.py:2915} INFO - Sync 1 DAGs
[2023-09-20T22:36:50.965+0000] {logging_mixin.py:151} INFO - [2023-09-20T22:36:50.964+0000] {dag.py:3696} INFO - Setting next_dagrun for example_skip_dag to 2023-09-19T22:36:50.964287+00:00, run_after=2023-09-20T22:36:50.964287+00:00
[2023-09-20T22:36:51.064+0000] {processor.py:179} INFO - Processing /home/airflow/.local/lib/python3.8/site-packages/airflow/example_dags/example_skip_dag.py took 0.239 seconds
[2023-09-20T22:37:21.851+0000] {processor.py:157} INFO - Started process (PID=1393) to work on /home/airflow/.local/lib/python3.8/site-packages/airflow/example_dags/example_skip_dag.py
[2023-09-20T22:37:21.854+0000] {processor.py:829} INFO - Processing file /home/airflow/.local/lib/python3.8/site-packages/airflow/example_dags/example_skip_dag.py for tasks to queue
[2023-09-20T22:37:21.860+0000] {logging_mixin.py:151} INFO - [2023-09-20T22:37:21.860+0000] {dagbag.py:539} INFO - Filling up the DagBag from /home/airflow/.local/lib/python3.8/site-packages/airflow/example_dags/example_skip_dag.py
[2023-09-20T22:37:21.880+0000] {processor.py:839} INFO - DAG(s) dict_keys(['example_skip_dag']) retrieved from /home/airflow/.local/lib/python3.8/site-packages/airflow/example_dags/example_skip_dag.py
[2023-09-20T22:37:21.938+0000] {logging_mixin.py:151} INFO - [2023-09-20T22:37:21.938+0000] {dag.py:2915} INFO - Sync 1 DAGs
[2023-09-20T22:37:21.986+0000] {logging_mixin.py:151} INFO - [2023-09-20T22:37:21.985+0000] {dag.py:3696} INFO - Setting next_dagrun for example_skip_dag to 2023-09-19T22:37:21.985404+00:00, run_after=2023-09-20T22:37:21.985404+00:00
[2023-09-20T22:37:22.022+0000] {processor.py:179} INFO - Processing /home/airflow/.local/lib/python3.8/site-packages/airflow/example_dags/example_skip_dag.py took 0.180 seconds
[2023-09-20T22:37:52.704+0000] {processor.py:157} INFO - Started process (PID=1448) to work on /home/airflow/.local/lib/python3.8/site-packages/airflow/example_dags/example_skip_dag.py
[2023-09-20T22:37:52.707+0000] {processor.py:829} INFO - Processing file /home/airflow/.local/lib/python3.8/site-packages/airflow/example_dags/example_skip_dag.py for tasks to queue
[2023-09-20T22:37:52.716+0000] {logging_mixin.py:151} INFO - [2023-09-20T22:37:52.715+0000] {dagbag.py:539} INFO - Filling up the DagBag from /home/airflow/.local/lib/python3.8/site-packages/airflow/example_dags/example_skip_dag.py
[2023-09-20T22:37:52.735+0000] {processor.py:839} INFO - DAG(s) dict_keys(['example_skip_dag']) retrieved from /home/airflow/.local/lib/python3.8/site-packages/airflow/example_dags/example_skip_dag.py
[2023-09-20T22:37:52.788+0000] {logging_mixin.py:151} INFO - [2023-09-20T22:37:52.788+0000] {dag.py:2915} INFO - Sync 1 DAGs
[2023-09-20T22:37:52.833+0000] {logging_mixin.py:151} INFO - [2023-09-20T22:37:52.832+0000] {dag.py:3696} INFO - Setting next_dagrun for example_skip_dag to 2023-09-19T22:37:52.831922+00:00, run_after=2023-09-20T22:37:52.831922+00:00
[2023-09-20T22:37:52.922+0000] {processor.py:179} INFO - Processing /home/airflow/.local/lib/python3.8/site-packages/airflow/example_dags/example_skip_dag.py took 0.232 seconds
[2023-09-20T22:38:23.109+0000] {processor.py:157} INFO - Started process (PID=1503) to work on /home/airflow/.local/lib/python3.8/site-packages/airflow/example_dags/example_skip_dag.py
[2023-09-20T22:38:23.111+0000] {processor.py:829} INFO - Processing file /home/airflow/.local/lib/python3.8/site-packages/airflow/example_dags/example_skip_dag.py for tasks to queue
[2023-09-20T22:38:23.118+0000] {logging_mixin.py:151} INFO - [2023-09-20T22:38:23.117+0000] {dagbag.py:539} INFO - Filling up the DagBag from /home/airflow/.local/lib/python3.8/site-packages/airflow/example_dags/example_skip_dag.py
[2023-09-20T22:38:23.145+0000] {processor.py:839} INFO - DAG(s) dict_keys(['example_skip_dag']) retrieved from /home/airflow/.local/lib/python3.8/site-packages/airflow/example_dags/example_skip_dag.py
[2023-09-20T22:38:23.202+0000] {logging_mixin.py:151} INFO - [2023-09-20T22:38:23.201+0000] {dag.py:2915} INFO - Sync 1 DAGs
[2023-09-20T22:38:23.248+0000] {logging_mixin.py:151} INFO - [2023-09-20T22:38:23.248+0000] {dag.py:3696} INFO - Setting next_dagrun for example_skip_dag to 2023-09-19T22:38:23.247737+00:00, run_after=2023-09-20T22:38:23.247737+00:00
[2023-09-20T22:38:23.296+0000] {processor.py:179} INFO - Processing /home/airflow/.local/lib/python3.8/site-packages/airflow/example_dags/example_skip_dag.py took 0.196 seconds
[2023-09-20T22:38:54.084+0000] {processor.py:157} INFO - Started process (PID=1558) to work on /home/airflow/.local/lib/python3.8/site-packages/airflow/example_dags/example_skip_dag.py
[2023-09-20T22:38:54.086+0000] {processor.py:829} INFO - Processing file /home/airflow/.local/lib/python3.8/site-packages/airflow/example_dags/example_skip_dag.py for tasks to queue
[2023-09-20T22:38:54.092+0000] {logging_mixin.py:151} INFO - [2023-09-20T22:38:54.092+0000] {dagbag.py:539} INFO - Filling up the DagBag from /home/airflow/.local/lib/python3.8/site-packages/airflow/example_dags/example_skip_dag.py
[2023-09-20T22:38:54.112+0000] {processor.py:839} INFO - DAG(s) dict_keys(['example_skip_dag']) retrieved from /home/airflow/.local/lib/python3.8/site-packages/airflow/example_dags/example_skip_dag.py
[2023-09-20T22:38:54.161+0000] {logging_mixin.py:151} INFO - [2023-09-20T22:38:54.161+0000] {dag.py:2915} INFO - Sync 1 DAGs
[2023-09-20T22:38:54.203+0000] {logging_mixin.py:151} INFO - [2023-09-20T22:38:54.203+0000] {dag.py:3696} INFO - Setting next_dagrun for example_skip_dag to 2023-09-19T22:38:54.203069+00:00, run_after=2023-09-20T22:38:54.203069+00:00
[2023-09-20T22:38:54.242+0000] {processor.py:179} INFO - Processing /home/airflow/.local/lib/python3.8/site-packages/airflow/example_dags/example_skip_dag.py took 0.167 seconds
[2023-09-20T22:39:24.362+0000] {processor.py:157} INFO - Started process (PID=1613) to work on /home/airflow/.local/lib/python3.8/site-packages/airflow/example_dags/example_skip_dag.py
[2023-09-20T22:39:24.363+0000] {processor.py:829} INFO - Processing file /home/airflow/.local/lib/python3.8/site-packages/airflow/example_dags/example_skip_dag.py for tasks to queue
[2023-09-20T22:39:24.366+0000] {logging_mixin.py:151} INFO - [2023-09-20T22:39:24.366+0000] {dagbag.py:539} INFO - Filling up the DagBag from /home/airflow/.local/lib/python3.8/site-packages/airflow/example_dags/example_skip_dag.py
[2023-09-20T22:39:24.376+0000] {processor.py:839} INFO - DAG(s) dict_keys(['example_skip_dag']) retrieved from /home/airflow/.local/lib/python3.8/site-packages/airflow/example_dags/example_skip_dag.py
[2023-09-20T22:39:24.410+0000] {logging_mixin.py:151} INFO - [2023-09-20T22:39:24.410+0000] {dag.py:2915} INFO - Sync 1 DAGs
[2023-09-20T22:39:24.444+0000] {logging_mixin.py:151} INFO - [2023-09-20T22:39:24.443+0000] {dag.py:3696} INFO - Setting next_dagrun for example_skip_dag to 2023-09-19T22:39:24.443313+00:00, run_after=2023-09-20T22:39:24.443313+00:00
[2023-09-20T22:39:24.499+0000] {processor.py:179} INFO - Processing /home/airflow/.local/lib/python3.8/site-packages/airflow/example_dags/example_skip_dag.py took 0.142 seconds
[2023-09-20T22:39:54.562+0000] {processor.py:157} INFO - Started process (PID=1667) to work on /home/airflow/.local/lib/python3.8/site-packages/airflow/example_dags/example_skip_dag.py
[2023-09-20T22:39:54.563+0000] {processor.py:829} INFO - Processing file /home/airflow/.local/lib/python3.8/site-packages/airflow/example_dags/example_skip_dag.py for tasks to queue
[2023-09-20T22:39:54.566+0000] {logging_mixin.py:151} INFO - [2023-09-20T22:39:54.566+0000] {dagbag.py:539} INFO - Filling up the DagBag from /home/airflow/.local/lib/python3.8/site-packages/airflow/example_dags/example_skip_dag.py
[2023-09-20T22:39:54.576+0000] {processor.py:839} INFO - DAG(s) dict_keys(['example_skip_dag']) retrieved from /home/airflow/.local/lib/python3.8/site-packages/airflow/example_dags/example_skip_dag.py
[2023-09-20T22:39:54.608+0000] {logging_mixin.py:151} INFO - [2023-09-20T22:39:54.608+0000] {dag.py:2915} INFO - Sync 1 DAGs
[2023-09-20T22:39:54.652+0000] {logging_mixin.py:151} INFO - [2023-09-20T22:39:54.652+0000] {dag.py:3696} INFO - Setting next_dagrun for example_skip_dag to 2023-09-19T22:39:54.652004+00:00, run_after=2023-09-20T22:39:54.652004+00:00
[2023-09-20T22:39:54.692+0000] {processor.py:179} INFO - Processing /home/airflow/.local/lib/python3.8/site-packages/airflow/example_dags/example_skip_dag.py took 0.135 seconds
[2023-09-20T22:40:25.401+0000] {processor.py:157} INFO - Started process (PID=1722) to work on /home/airflow/.local/lib/python3.8/site-packages/airflow/example_dags/example_skip_dag.py
[2023-09-20T22:40:25.404+0000] {processor.py:829} INFO - Processing file /home/airflow/.local/lib/python3.8/site-packages/airflow/example_dags/example_skip_dag.py for tasks to queue
[2023-09-20T22:40:25.410+0000] {logging_mixin.py:151} INFO - [2023-09-20T22:40:25.409+0000] {dagbag.py:539} INFO - Filling up the DagBag from /home/airflow/.local/lib/python3.8/site-packages/airflow/example_dags/example_skip_dag.py
[2023-09-20T22:40:25.425+0000] {processor.py:839} INFO - DAG(s) dict_keys(['example_skip_dag']) retrieved from /home/airflow/.local/lib/python3.8/site-packages/airflow/example_dags/example_skip_dag.py
[2023-09-20T22:40:25.465+0000] {logging_mixin.py:151} INFO - [2023-09-20T22:40:25.465+0000] {dag.py:2915} INFO - Sync 1 DAGs
[2023-09-20T22:40:25.506+0000] {logging_mixin.py:151} INFO - [2023-09-20T22:40:25.506+0000] {dag.py:3696} INFO - Setting next_dagrun for example_skip_dag to 2023-09-19T22:40:25.505900+00:00, run_after=2023-09-20T22:40:25.505900+00:00
[2023-09-20T22:40:25.544+0000] {processor.py:179} INFO - Processing /home/airflow/.local/lib/python3.8/site-packages/airflow/example_dags/example_skip_dag.py took 0.153 seconds
[2023-09-20T22:40:55.771+0000] {processor.py:157} INFO - Started process (PID=1777) to work on /home/airflow/.local/lib/python3.8/site-packages/airflow/example_dags/example_skip_dag.py
[2023-09-20T22:40:55.773+0000] {processor.py:829} INFO - Processing file /home/airflow/.local/lib/python3.8/site-packages/airflow/example_dags/example_skip_dag.py for tasks to queue
[2023-09-20T22:40:55.776+0000] {logging_mixin.py:151} INFO - [2023-09-20T22:40:55.776+0000] {dagbag.py:539} INFO - Filling up the DagBag from /home/airflow/.local/lib/python3.8/site-packages/airflow/example_dags/example_skip_dag.py
[2023-09-20T22:40:55.788+0000] {processor.py:839} INFO - DAG(s) dict_keys(['example_skip_dag']) retrieved from /home/airflow/.local/lib/python3.8/site-packages/airflow/example_dags/example_skip_dag.py
[2023-09-20T22:40:55.825+0000] {logging_mixin.py:151} INFO - [2023-09-20T22:40:55.825+0000] {dag.py:2915} INFO - Sync 1 DAGs
[2023-09-20T22:40:55.856+0000] {logging_mixin.py:151} INFO - [2023-09-20T22:40:55.856+0000] {dag.py:3696} INFO - Setting next_dagrun for example_skip_dag to 2023-09-19T22:40:55.856058+00:00, run_after=2023-09-20T22:40:55.856058+00:00
[2023-09-20T22:40:55.908+0000] {processor.py:179} INFO - Processing /home/airflow/.local/lib/python3.8/site-packages/airflow/example_dags/example_skip_dag.py took 0.142 seconds
[2023-09-20T22:41:26.474+0000] {processor.py:157} INFO - Started process (PID=1832) to work on /home/airflow/.local/lib/python3.8/site-packages/airflow/example_dags/example_skip_dag.py
[2023-09-20T22:41:26.477+0000] {processor.py:829} INFO - Processing file /home/airflow/.local/lib/python3.8/site-packages/airflow/example_dags/example_skip_dag.py for tasks to queue
[2023-09-20T22:41:26.482+0000] {logging_mixin.py:151} INFO - [2023-09-20T22:41:26.481+0000] {dagbag.py:539} INFO - Filling up the DagBag from /home/airflow/.local/lib/python3.8/site-packages/airflow/example_dags/example_skip_dag.py
[2023-09-20T22:41:26.504+0000] {processor.py:839} INFO - DAG(s) dict_keys(['example_skip_dag']) retrieved from /home/airflow/.local/lib/python3.8/site-packages/airflow/example_dags/example_skip_dag.py
[2023-09-20T22:41:26.544+0000] {logging_mixin.py:151} INFO - [2023-09-20T22:41:26.544+0000] {dag.py:2915} INFO - Sync 1 DAGs
[2023-09-20T22:41:26.585+0000] {logging_mixin.py:151} INFO - [2023-09-20T22:41:26.585+0000] {dag.py:3696} INFO - Setting next_dagrun for example_skip_dag to 2023-09-19T22:41:26.585437+00:00, run_after=2023-09-20T22:41:26.585437+00:00
[2023-09-20T22:41:26.617+0000] {processor.py:179} INFO - Processing /home/airflow/.local/lib/python3.8/site-packages/airflow/example_dags/example_skip_dag.py took 0.151 seconds
[2023-09-20T22:41:56.961+0000] {processor.py:157} INFO - Started process (PID=1887) to work on /home/airflow/.local/lib/python3.8/site-packages/airflow/example_dags/example_skip_dag.py
[2023-09-20T22:41:56.963+0000] {processor.py:829} INFO - Processing file /home/airflow/.local/lib/python3.8/site-packages/airflow/example_dags/example_skip_dag.py for tasks to queue
[2023-09-20T22:41:56.969+0000] {logging_mixin.py:151} INFO - [2023-09-20T22:41:56.968+0000] {dagbag.py:539} INFO - Filling up the DagBag from /home/airflow/.local/lib/python3.8/site-packages/airflow/example_dags/example_skip_dag.py
[2023-09-20T22:41:56.985+0000] {processor.py:839} INFO - DAG(s) dict_keys(['example_skip_dag']) retrieved from /home/airflow/.local/lib/python3.8/site-packages/airflow/example_dags/example_skip_dag.py
[2023-09-20T22:41:57.043+0000] {logging_mixin.py:151} INFO - [2023-09-20T22:41:57.043+0000] {dag.py:2915} INFO - Sync 1 DAGs
[2023-09-20T22:41:57.078+0000] {logging_mixin.py:151} INFO - [2023-09-20T22:41:57.078+0000] {dag.py:3696} INFO - Setting next_dagrun for example_skip_dag to 2023-09-19T22:41:57.078015+00:00, run_after=2023-09-20T22:41:57.078015+00:00
[2023-09-20T22:41:57.123+0000] {processor.py:179} INFO - Processing /home/airflow/.local/lib/python3.8/site-packages/airflow/example_dags/example_skip_dag.py took 0.173 seconds
[2023-09-20T22:42:27.576+0000] {processor.py:157} INFO - Started process (PID=1942) to work on /home/airflow/.local/lib/python3.8/site-packages/airflow/example_dags/example_skip_dag.py
[2023-09-20T22:42:27.577+0000] {processor.py:829} INFO - Processing file /home/airflow/.local/lib/python3.8/site-packages/airflow/example_dags/example_skip_dag.py for tasks to queue
[2023-09-20T22:42:27.580+0000] {logging_mixin.py:151} INFO - [2023-09-20T22:42:27.579+0000] {dagbag.py:539} INFO - Filling up the DagBag from /home/airflow/.local/lib/python3.8/site-packages/airflow/example_dags/example_skip_dag.py
[2023-09-20T22:42:27.590+0000] {processor.py:839} INFO - DAG(s) dict_keys(['example_skip_dag']) retrieved from /home/airflow/.local/lib/python3.8/site-packages/airflow/example_dags/example_skip_dag.py
[2023-09-20T22:42:27.618+0000] {logging_mixin.py:151} INFO - [2023-09-20T22:42:27.618+0000] {dag.py:2915} INFO - Sync 1 DAGs
[2023-09-20T22:42:27.650+0000] {logging_mixin.py:151} INFO - [2023-09-20T22:42:27.650+0000] {dag.py:3696} INFO - Setting next_dagrun for example_skip_dag to 2023-09-19T22:42:27.649996+00:00, run_after=2023-09-20T22:42:27.649996+00:00
[2023-09-20T22:42:27.694+0000] {processor.py:179} INFO - Processing /home/airflow/.local/lib/python3.8/site-packages/airflow/example_dags/example_skip_dag.py took 0.124 seconds
[2023-09-20T22:42:58.422+0000] {processor.py:157} INFO - Started process (PID=1997) to work on /home/airflow/.local/lib/python3.8/site-packages/airflow/example_dags/example_skip_dag.py
[2023-09-20T22:42:58.425+0000] {processor.py:829} INFO - Processing file /home/airflow/.local/lib/python3.8/site-packages/airflow/example_dags/example_skip_dag.py for tasks to queue
[2023-09-20T22:42:58.432+0000] {logging_mixin.py:151} INFO - [2023-09-20T22:42:58.431+0000] {dagbag.py:539} INFO - Filling up the DagBag from /home/airflow/.local/lib/python3.8/site-packages/airflow/example_dags/example_skip_dag.py
[2023-09-20T22:42:58.445+0000] {processor.py:839} INFO - DAG(s) dict_keys(['example_skip_dag']) retrieved from /home/airflow/.local/lib/python3.8/site-packages/airflow/example_dags/example_skip_dag.py
[2023-09-20T22:42:58.483+0000] {logging_mixin.py:151} INFO - [2023-09-20T22:42:58.483+0000] {dag.py:2915} INFO - Sync 1 DAGs
[2023-09-20T22:42:58.515+0000] {logging_mixin.py:151} INFO - [2023-09-20T22:42:58.515+0000] {dag.py:3696} INFO - Setting next_dagrun for example_skip_dag to 2023-09-19T22:42:58.514988+00:00, run_after=2023-09-20T22:42:58.514988+00:00
[2023-09-20T22:42:58.543+0000] {processor.py:179} INFO - Processing /home/airflow/.local/lib/python3.8/site-packages/airflow/example_dags/example_skip_dag.py took 0.128 seconds
[2023-09-20T22:43:29.331+0000] {processor.py:157} INFO - Started process (PID=2052) to work on /home/airflow/.local/lib/python3.8/site-packages/airflow/example_dags/example_skip_dag.py
[2023-09-20T22:43:29.334+0000] {processor.py:829} INFO - Processing file /home/airflow/.local/lib/python3.8/site-packages/airflow/example_dags/example_skip_dag.py for tasks to queue
[2023-09-20T22:43:29.340+0000] {logging_mixin.py:151} INFO - [2023-09-20T22:43:29.339+0000] {dagbag.py:539} INFO - Filling up the DagBag from /home/airflow/.local/lib/python3.8/site-packages/airflow/example_dags/example_skip_dag.py
[2023-09-20T22:43:29.357+0000] {processor.py:839} INFO - DAG(s) dict_keys(['example_skip_dag']) retrieved from /home/airflow/.local/lib/python3.8/site-packages/airflow/example_dags/example_skip_dag.py
[2023-09-20T22:43:29.413+0000] {logging_mixin.py:151} INFO - [2023-09-20T22:43:29.413+0000] {dag.py:2915} INFO - Sync 1 DAGs
[2023-09-20T22:43:29.449+0000] {logging_mixin.py:151} INFO - [2023-09-20T22:43:29.449+0000] {dag.py:3696} INFO - Setting next_dagrun for example_skip_dag to 2023-09-19T22:43:29.449090+00:00, run_after=2023-09-20T22:43:29.449090+00:00
[2023-09-20T22:43:29.501+0000] {processor.py:179} INFO - Processing /home/airflow/.local/lib/python3.8/site-packages/airflow/example_dags/example_skip_dag.py took 0.180 seconds
[2023-09-20T22:44:00.089+0000] {processor.py:157} INFO - Started process (PID=2107) to work on /home/airflow/.local/lib/python3.8/site-packages/airflow/example_dags/example_skip_dag.py
[2023-09-20T22:44:00.092+0000] {processor.py:829} INFO - Processing file /home/airflow/.local/lib/python3.8/site-packages/airflow/example_dags/example_skip_dag.py for tasks to queue
[2023-09-20T22:44:00.099+0000] {logging_mixin.py:151} INFO - [2023-09-20T22:44:00.098+0000] {dagbag.py:539} INFO - Filling up the DagBag from /home/airflow/.local/lib/python3.8/site-packages/airflow/example_dags/example_skip_dag.py
[2023-09-20T22:44:00.122+0000] {processor.py:839} INFO - DAG(s) dict_keys(['example_skip_dag']) retrieved from /home/airflow/.local/lib/python3.8/site-packages/airflow/example_dags/example_skip_dag.py
[2023-09-20T22:44:00.159+0000] {logging_mixin.py:151} INFO - [2023-09-20T22:44:00.159+0000] {dag.py:2915} INFO - Sync 1 DAGs
[2023-09-20T22:44:00.190+0000] {logging_mixin.py:151} INFO - [2023-09-20T22:44:00.190+0000] {dag.py:3696} INFO - Setting next_dagrun for example_skip_dag to 2023-09-19T22:44:00.190003+00:00, run_after=2023-09-20T22:44:00.190003+00:00
[2023-09-20T22:44:00.226+0000] {processor.py:179} INFO - Processing /home/airflow/.local/lib/python3.8/site-packages/airflow/example_dags/example_skip_dag.py took 0.150 seconds
[2023-09-20T22:44:30.976+0000] {processor.py:157} INFO - Started process (PID=2163) to work on /home/airflow/.local/lib/python3.8/site-packages/airflow/example_dags/example_skip_dag.py
[2023-09-20T22:44:30.979+0000] {processor.py:829} INFO - Processing file /home/airflow/.local/lib/python3.8/site-packages/airflow/example_dags/example_skip_dag.py for tasks to queue
[2023-09-20T22:44:30.985+0000] {logging_mixin.py:151} INFO - [2023-09-20T22:44:30.984+0000] {dagbag.py:539} INFO - Filling up the DagBag from /home/airflow/.local/lib/python3.8/site-packages/airflow/example_dags/example_skip_dag.py
[2023-09-20T22:44:31.001+0000] {processor.py:839} INFO - DAG(s) dict_keys(['example_skip_dag']) retrieved from /home/airflow/.local/lib/python3.8/site-packages/airflow/example_dags/example_skip_dag.py
[2023-09-20T22:44:31.041+0000] {logging_mixin.py:151} INFO - [2023-09-20T22:44:31.041+0000] {dag.py:2915} INFO - Sync 1 DAGs
[2023-09-20T22:44:31.078+0000] {logging_mixin.py:151} INFO - [2023-09-20T22:44:31.078+0000] {dag.py:3696} INFO - Setting next_dagrun for example_skip_dag to 2023-09-19T22:44:31.078191+00:00, run_after=2023-09-20T22:44:31.078191+00:00
[2023-09-20T22:44:31.157+0000] {processor.py:179} INFO - Processing /home/airflow/.local/lib/python3.8/site-packages/airflow/example_dags/example_skip_dag.py took 0.190 seconds
[2023-09-20T22:45:01.652+0000] {processor.py:157} INFO - Started process (PID=2218) to work on /home/airflow/.local/lib/python3.8/site-packages/airflow/example_dags/example_skip_dag.py
[2023-09-20T22:45:01.653+0000] {processor.py:829} INFO - Processing file /home/airflow/.local/lib/python3.8/site-packages/airflow/example_dags/example_skip_dag.py for tasks to queue
[2023-09-20T22:45:01.657+0000] {logging_mixin.py:151} INFO - [2023-09-20T22:45:01.657+0000] {dagbag.py:539} INFO - Filling up the DagBag from /home/airflow/.local/lib/python3.8/site-packages/airflow/example_dags/example_skip_dag.py
[2023-09-20T22:45:01.669+0000] {processor.py:839} INFO - DAG(s) dict_keys(['example_skip_dag']) retrieved from /home/airflow/.local/lib/python3.8/site-packages/airflow/example_dags/example_skip_dag.py
[2023-09-20T22:45:01.707+0000] {logging_mixin.py:151} INFO - [2023-09-20T22:45:01.706+0000] {dag.py:2915} INFO - Sync 1 DAGs
[2023-09-20T22:45:01.736+0000] {logging_mixin.py:151} INFO - [2023-09-20T22:45:01.736+0000] {dag.py:3696} INFO - Setting next_dagrun for example_skip_dag to 2023-09-19T22:45:01.735919+00:00, run_after=2023-09-20T22:45:01.735919+00:00
[2023-09-20T22:45:01.811+0000] {processor.py:179} INFO - Processing /home/airflow/.local/lib/python3.8/site-packages/airflow/example_dags/example_skip_dag.py took 0.164 seconds
[2023-09-20T22:45:32.372+0000] {processor.py:157} INFO - Started process (PID=2273) to work on /home/airflow/.local/lib/python3.8/site-packages/airflow/example_dags/example_skip_dag.py
[2023-09-20T22:45:32.376+0000] {processor.py:829} INFO - Processing file /home/airflow/.local/lib/python3.8/site-packages/airflow/example_dags/example_skip_dag.py for tasks to queue
[2023-09-20T22:45:32.385+0000] {logging_mixin.py:151} INFO - [2023-09-20T22:45:32.384+0000] {dagbag.py:539} INFO - Filling up the DagBag from /home/airflow/.local/lib/python3.8/site-packages/airflow/example_dags/example_skip_dag.py
[2023-09-20T22:45:32.407+0000] {processor.py:839} INFO - DAG(s) dict_keys(['example_skip_dag']) retrieved from /home/airflow/.local/lib/python3.8/site-packages/airflow/example_dags/example_skip_dag.py
[2023-09-20T22:45:32.445+0000] {logging_mixin.py:151} INFO - [2023-09-20T22:45:32.445+0000] {dag.py:2915} INFO - Sync 1 DAGs
[2023-09-20T22:45:32.480+0000] {logging_mixin.py:151} INFO - [2023-09-20T22:45:32.480+0000] {dag.py:3696} INFO - Setting next_dagrun for example_skip_dag to 2023-09-19T22:45:32.479719+00:00, run_after=2023-09-20T22:45:32.479719+00:00
[2023-09-20T22:45:32.516+0000] {processor.py:179} INFO - Processing /home/airflow/.local/lib/python3.8/site-packages/airflow/example_dags/example_skip_dag.py took 0.160 seconds
[2023-09-20T22:46:02.819+0000] {processor.py:157} INFO - Started process (PID=2328) to work on /home/airflow/.local/lib/python3.8/site-packages/airflow/example_dags/example_skip_dag.py
[2023-09-20T22:46:02.821+0000] {processor.py:829} INFO - Processing file /home/airflow/.local/lib/python3.8/site-packages/airflow/example_dags/example_skip_dag.py for tasks to queue
[2023-09-20T22:46:02.826+0000] {logging_mixin.py:151} INFO - [2023-09-20T22:46:02.826+0000] {dagbag.py:539} INFO - Filling up the DagBag from /home/airflow/.local/lib/python3.8/site-packages/airflow/example_dags/example_skip_dag.py
[2023-09-20T22:46:02.843+0000] {processor.py:839} INFO - DAG(s) dict_keys(['example_skip_dag']) retrieved from /home/airflow/.local/lib/python3.8/site-packages/airflow/example_dags/example_skip_dag.py
[2023-09-20T22:46:02.886+0000] {logging_mixin.py:151} INFO - [2023-09-20T22:46:02.886+0000] {dag.py:2915} INFO - Sync 1 DAGs
[2023-09-20T22:46:02.926+0000] {logging_mixin.py:151} INFO - [2023-09-20T22:46:02.925+0000] {dag.py:3696} INFO - Setting next_dagrun for example_skip_dag to 2023-09-19T22:46:02.925378+00:00, run_after=2023-09-20T22:46:02.925378+00:00
[2023-09-20T22:46:02.961+0000] {processor.py:179} INFO - Processing /home/airflow/.local/lib/python3.8/site-packages/airflow/example_dags/example_skip_dag.py took 0.153 seconds
[2023-09-20T22:46:33.980+0000] {processor.py:157} INFO - Started process (PID=2383) to work on /home/airflow/.local/lib/python3.8/site-packages/airflow/example_dags/example_skip_dag.py
[2023-09-20T22:46:33.983+0000] {processor.py:829} INFO - Processing file /home/airflow/.local/lib/python3.8/site-packages/airflow/example_dags/example_skip_dag.py for tasks to queue
[2023-09-20T22:46:33.988+0000] {logging_mixin.py:151} INFO - [2023-09-20T22:46:33.987+0000] {dagbag.py:539} INFO - Filling up the DagBag from /home/airflow/.local/lib/python3.8/site-packages/airflow/example_dags/example_skip_dag.py
[2023-09-20T22:46:34.006+0000] {processor.py:839} INFO - DAG(s) dict_keys(['example_skip_dag']) retrieved from /home/airflow/.local/lib/python3.8/site-packages/airflow/example_dags/example_skip_dag.py
[2023-09-20T22:46:34.054+0000] {logging_mixin.py:151} INFO - [2023-09-20T22:46:34.053+0000] {dag.py:2915} INFO - Sync 1 DAGs
[2023-09-20T22:46:34.089+0000] {logging_mixin.py:151} INFO - [2023-09-20T22:46:34.089+0000] {dag.py:3696} INFO - Setting next_dagrun for example_skip_dag to 2023-09-19T22:46:34.088767+00:00, run_after=2023-09-20T22:46:34.088767+00:00
[2023-09-20T22:46:34.121+0000] {processor.py:179} INFO - Processing /home/airflow/.local/lib/python3.8/site-packages/airflow/example_dags/example_skip_dag.py took 0.151 seconds
[2023-09-20T22:47:04.755+0000] {processor.py:157} INFO - Started process (PID=2438) to work on /home/airflow/.local/lib/python3.8/site-packages/airflow/example_dags/example_skip_dag.py
[2023-09-20T22:47:04.757+0000] {processor.py:829} INFO - Processing file /home/airflow/.local/lib/python3.8/site-packages/airflow/example_dags/example_skip_dag.py for tasks to queue
[2023-09-20T22:47:04.761+0000] {logging_mixin.py:151} INFO - [2023-09-20T22:47:04.760+0000] {dagbag.py:539} INFO - Filling up the DagBag from /home/airflow/.local/lib/python3.8/site-packages/airflow/example_dags/example_skip_dag.py
[2023-09-20T22:47:04.772+0000] {processor.py:839} INFO - DAG(s) dict_keys(['example_skip_dag']) retrieved from /home/airflow/.local/lib/python3.8/site-packages/airflow/example_dags/example_skip_dag.py
[2023-09-20T22:47:04.804+0000] {logging_mixin.py:151} INFO - [2023-09-20T22:47:04.803+0000] {dag.py:2915} INFO - Sync 1 DAGs
[2023-09-20T22:47:04.836+0000] {logging_mixin.py:151} INFO - [2023-09-20T22:47:04.836+0000] {dag.py:3696} INFO - Setting next_dagrun for example_skip_dag to 2023-09-19T22:47:04.836368+00:00, run_after=2023-09-20T22:47:04.836368+00:00
[2023-09-20T22:47:04.946+0000] {processor.py:179} INFO - Processing /home/airflow/.local/lib/python3.8/site-packages/airflow/example_dags/example_skip_dag.py took 0.196 seconds
[2023-09-20T22:47:35.493+0000] {processor.py:157} INFO - Started process (PID=2493) to work on /home/airflow/.local/lib/python3.8/site-packages/airflow/example_dags/example_skip_dag.py
[2023-09-20T22:47:35.496+0000] {processor.py:829} INFO - Processing file /home/airflow/.local/lib/python3.8/site-packages/airflow/example_dags/example_skip_dag.py for tasks to queue
[2023-09-20T22:47:35.503+0000] {logging_mixin.py:151} INFO - [2023-09-20T22:47:35.501+0000] {dagbag.py:539} INFO - Filling up the DagBag from /home/airflow/.local/lib/python3.8/site-packages/airflow/example_dags/example_skip_dag.py
[2023-09-20T22:47:35.519+0000] {processor.py:839} INFO - DAG(s) dict_keys(['example_skip_dag']) retrieved from /home/airflow/.local/lib/python3.8/site-packages/airflow/example_dags/example_skip_dag.py
[2023-09-20T22:47:35.567+0000] {logging_mixin.py:151} INFO - [2023-09-20T22:47:35.566+0000] {dag.py:2915} INFO - Sync 1 DAGs
[2023-09-20T22:47:35.605+0000] {logging_mixin.py:151} INFO - [2023-09-20T22:47:35.605+0000] {dag.py:3696} INFO - Setting next_dagrun for example_skip_dag to 2023-09-19T22:47:35.604618+00:00, run_after=2023-09-20T22:47:35.604618+00:00
[2023-09-20T22:47:35.646+0000] {processor.py:179} INFO - Processing /home/airflow/.local/lib/python3.8/site-packages/airflow/example_dags/example_skip_dag.py took 0.163 seconds
[2023-09-20T22:48:05.918+0000] {processor.py:157} INFO - Started process (PID=2548) to work on /home/airflow/.local/lib/python3.8/site-packages/airflow/example_dags/example_skip_dag.py
[2023-09-20T22:48:05.920+0000] {processor.py:829} INFO - Processing file /home/airflow/.local/lib/python3.8/site-packages/airflow/example_dags/example_skip_dag.py for tasks to queue
[2023-09-20T22:48:05.924+0000] {logging_mixin.py:151} INFO - [2023-09-20T22:48:05.924+0000] {dagbag.py:539} INFO - Filling up the DagBag from /home/airflow/.local/lib/python3.8/site-packages/airflow/example_dags/example_skip_dag.py
[2023-09-20T22:48:05.939+0000] {processor.py:839} INFO - DAG(s) dict_keys(['example_skip_dag']) retrieved from /home/airflow/.local/lib/python3.8/site-packages/airflow/example_dags/example_skip_dag.py
[2023-09-20T22:48:05.979+0000] {logging_mixin.py:151} INFO - [2023-09-20T22:48:05.978+0000] {dag.py:2915} INFO - Sync 1 DAGs
[2023-09-20T22:48:06.026+0000] {logging_mixin.py:151} INFO - [2023-09-20T22:48:06.025+0000] {dag.py:3696} INFO - Setting next_dagrun for example_skip_dag to 2023-09-19T22:48:06.025348+00:00, run_after=2023-09-20T22:48:06.025348+00:00
[2023-09-20T22:48:06.078+0000] {processor.py:179} INFO - Processing /home/airflow/.local/lib/python3.8/site-packages/airflow/example_dags/example_skip_dag.py took 0.168 seconds
[2023-09-20T22:48:36.643+0000] {processor.py:157} INFO - Started process (PID=2603) to work on /home/airflow/.local/lib/python3.8/site-packages/airflow/example_dags/example_skip_dag.py
[2023-09-20T22:48:36.644+0000] {processor.py:829} INFO - Processing file /home/airflow/.local/lib/python3.8/site-packages/airflow/example_dags/example_skip_dag.py for tasks to queue
[2023-09-20T22:48:36.653+0000] {logging_mixin.py:151} INFO - [2023-09-20T22:48:36.652+0000] {dagbag.py:539} INFO - Filling up the DagBag from /home/airflow/.local/lib/python3.8/site-packages/airflow/example_dags/example_skip_dag.py
[2023-09-20T22:48:36.662+0000] {processor.py:839} INFO - DAG(s) dict_keys(['example_skip_dag']) retrieved from /home/airflow/.local/lib/python3.8/site-packages/airflow/example_dags/example_skip_dag.py
[2023-09-20T22:48:36.692+0000] {logging_mixin.py:151} INFO - [2023-09-20T22:48:36.692+0000] {dag.py:2915} INFO - Sync 1 DAGs
[2023-09-20T22:48:36.721+0000] {logging_mixin.py:151} INFO - [2023-09-20T22:48:36.721+0000] {dag.py:3696} INFO - Setting next_dagrun for example_skip_dag to 2023-09-19T22:48:36.720859+00:00, run_after=2023-09-20T22:48:36.720859+00:00
[2023-09-20T22:48:36.779+0000] {processor.py:179} INFO - Processing /home/airflow/.local/lib/python3.8/site-packages/airflow/example_dags/example_skip_dag.py took 0.141 seconds
[2023-09-20T22:49:07.233+0000] {processor.py:157} INFO - Started process (PID=2658) to work on /home/airflow/.local/lib/python3.8/site-packages/airflow/example_dags/example_skip_dag.py
[2023-09-20T22:49:07.235+0000] {processor.py:829} INFO - Processing file /home/airflow/.local/lib/python3.8/site-packages/airflow/example_dags/example_skip_dag.py for tasks to queue
[2023-09-20T22:49:07.238+0000] {logging_mixin.py:151} INFO - [2023-09-20T22:49:07.238+0000] {dagbag.py:539} INFO - Filling up the DagBag from /home/airflow/.local/lib/python3.8/site-packages/airflow/example_dags/example_skip_dag.py
[2023-09-20T22:49:07.249+0000] {processor.py:839} INFO - DAG(s) dict_keys(['example_skip_dag']) retrieved from /home/airflow/.local/lib/python3.8/site-packages/airflow/example_dags/example_skip_dag.py
[2023-09-20T22:49:07.290+0000] {logging_mixin.py:151} INFO - [2023-09-20T22:49:07.289+0000] {dag.py:2915} INFO - Sync 1 DAGs
[2023-09-20T22:49:07.322+0000] {logging_mixin.py:151} INFO - [2023-09-20T22:49:07.322+0000] {dag.py:3696} INFO - Setting next_dagrun for example_skip_dag to 2023-09-19T22:49:07.321841+00:00, run_after=2023-09-20T22:49:07.321841+00:00
[2023-09-20T22:49:07.362+0000] {processor.py:179} INFO - Processing /home/airflow/.local/lib/python3.8/site-packages/airflow/example_dags/example_skip_dag.py took 0.134 seconds
[2023-09-20T22:49:38.171+0000] {processor.py:157} INFO - Started process (PID=2713) to work on /home/airflow/.local/lib/python3.8/site-packages/airflow/example_dags/example_skip_dag.py
[2023-09-20T22:49:38.173+0000] {processor.py:829} INFO - Processing file /home/airflow/.local/lib/python3.8/site-packages/airflow/example_dags/example_skip_dag.py for tasks to queue
[2023-09-20T22:49:38.179+0000] {logging_mixin.py:151} INFO - [2023-09-20T22:49:38.178+0000] {dagbag.py:539} INFO - Filling up the DagBag from /home/airflow/.local/lib/python3.8/site-packages/airflow/example_dags/example_skip_dag.py
[2023-09-20T22:49:38.195+0000] {processor.py:839} INFO - DAG(s) dict_keys(['example_skip_dag']) retrieved from /home/airflow/.local/lib/python3.8/site-packages/airflow/example_dags/example_skip_dag.py
[2023-09-20T22:49:38.247+0000] {logging_mixin.py:151} INFO - [2023-09-20T22:49:38.246+0000] {dag.py:2915} INFO - Sync 1 DAGs
[2023-09-20T22:49:38.281+0000] {logging_mixin.py:151} INFO - [2023-09-20T22:49:38.281+0000] {dag.py:3696} INFO - Setting next_dagrun for example_skip_dag to 2023-09-19T22:49:38.281073+00:00, run_after=2023-09-20T22:49:38.281073+00:00
[2023-09-20T22:49:38.331+0000] {processor.py:179} INFO - Processing /home/airflow/.local/lib/python3.8/site-packages/airflow/example_dags/example_skip_dag.py took 0.172 seconds
[2023-09-20T22:50:09.186+0000] {processor.py:157} INFO - Started process (PID=2768) to work on /home/airflow/.local/lib/python3.8/site-packages/airflow/example_dags/example_skip_dag.py
[2023-09-20T22:50:09.187+0000] {processor.py:829} INFO - Processing file /home/airflow/.local/lib/python3.8/site-packages/airflow/example_dags/example_skip_dag.py for tasks to queue
[2023-09-20T22:50:09.191+0000] {logging_mixin.py:151} INFO - [2023-09-20T22:50:09.190+0000] {dagbag.py:539} INFO - Filling up the DagBag from /home/airflow/.local/lib/python3.8/site-packages/airflow/example_dags/example_skip_dag.py
[2023-09-20T22:50:09.202+0000] {processor.py:839} INFO - DAG(s) dict_keys(['example_skip_dag']) retrieved from /home/airflow/.local/lib/python3.8/site-packages/airflow/example_dags/example_skip_dag.py
[2023-09-20T22:50:09.233+0000] {logging_mixin.py:151} INFO - [2023-09-20T22:50:09.232+0000] {dag.py:2915} INFO - Sync 1 DAGs
[2023-09-20T22:50:09.262+0000] {logging_mixin.py:151} INFO - [2023-09-20T22:50:09.262+0000] {dag.py:3696} INFO - Setting next_dagrun for example_skip_dag to 2023-09-19T22:50:09.262295+00:00, run_after=2023-09-20T22:50:09.262295+00:00
[2023-09-20T22:50:09.296+0000] {processor.py:179} INFO - Processing /home/airflow/.local/lib/python3.8/site-packages/airflow/example_dags/example_skip_dag.py took 0.115 seconds
[2023-09-20T22:50:39.397+0000] {processor.py:157} INFO - Started process (PID=2823) to work on /home/airflow/.local/lib/python3.8/site-packages/airflow/example_dags/example_skip_dag.py
[2023-09-20T22:50:39.399+0000] {processor.py:829} INFO - Processing file /home/airflow/.local/lib/python3.8/site-packages/airflow/example_dags/example_skip_dag.py for tasks to queue
[2023-09-20T22:50:39.403+0000] {logging_mixin.py:151} INFO - [2023-09-20T22:50:39.402+0000] {dagbag.py:539} INFO - Filling up the DagBag from /home/airflow/.local/lib/python3.8/site-packages/airflow/example_dags/example_skip_dag.py
[2023-09-20T22:50:39.413+0000] {processor.py:839} INFO - DAG(s) dict_keys(['example_skip_dag']) retrieved from /home/airflow/.local/lib/python3.8/site-packages/airflow/example_dags/example_skip_dag.py
[2023-09-20T22:50:39.444+0000] {logging_mixin.py:151} INFO - [2023-09-20T22:50:39.444+0000] {dag.py:2915} INFO - Sync 1 DAGs
[2023-09-20T22:50:39.482+0000] {logging_mixin.py:151} INFO - [2023-09-20T22:50:39.482+0000] {dag.py:3696} INFO - Setting next_dagrun for example_skip_dag to 2023-09-19T22:50:39.481519+00:00, run_after=2023-09-20T22:50:39.481519+00:00
[2023-09-20T22:50:39.522+0000] {processor.py:179} INFO - Processing /home/airflow/.local/lib/python3.8/site-packages/airflow/example_dags/example_skip_dag.py took 0.133 seconds
[2023-09-20T22:51:10.498+0000] {processor.py:157} INFO - Started process (PID=2878) to work on /home/airflow/.local/lib/python3.8/site-packages/airflow/example_dags/example_skip_dag.py
[2023-09-20T22:51:10.500+0000] {processor.py:829} INFO - Processing file /home/airflow/.local/lib/python3.8/site-packages/airflow/example_dags/example_skip_dag.py for tasks to queue
[2023-09-20T22:51:10.504+0000] {logging_mixin.py:151} INFO - [2023-09-20T22:51:10.503+0000] {dagbag.py:539} INFO - Filling up the DagBag from /home/airflow/.local/lib/python3.8/site-packages/airflow/example_dags/example_skip_dag.py
[2023-09-20T22:51:10.512+0000] {processor.py:839} INFO - DAG(s) dict_keys(['example_skip_dag']) retrieved from /home/airflow/.local/lib/python3.8/site-packages/airflow/example_dags/example_skip_dag.py
[2023-09-20T22:51:10.546+0000] {logging_mixin.py:151} INFO - [2023-09-20T22:51:10.546+0000] {dag.py:2915} INFO - Sync 1 DAGs
[2023-09-20T22:51:10.591+0000] {logging_mixin.py:151} INFO - [2023-09-20T22:51:10.591+0000] {dag.py:3696} INFO - Setting next_dagrun for example_skip_dag to 2023-09-19T22:51:10.590811+00:00, run_after=2023-09-20T22:51:10.590811+00:00
[2023-09-20T22:51:10.630+0000] {processor.py:179} INFO - Processing /home/airflow/.local/lib/python3.8/site-packages/airflow/example_dags/example_skip_dag.py took 0.137 seconds
[2023-09-20T22:51:40.847+0000] {processor.py:157} INFO - Started process (PID=2933) to work on /home/airflow/.local/lib/python3.8/site-packages/airflow/example_dags/example_skip_dag.py
[2023-09-20T22:51:40.849+0000] {processor.py:829} INFO - Processing file /home/airflow/.local/lib/python3.8/site-packages/airflow/example_dags/example_skip_dag.py for tasks to queue
[2023-09-20T22:51:40.854+0000] {logging_mixin.py:151} INFO - [2023-09-20T22:51:40.854+0000] {dagbag.py:539} INFO - Filling up the DagBag from /home/airflow/.local/lib/python3.8/site-packages/airflow/example_dags/example_skip_dag.py
[2023-09-20T22:51:40.864+0000] {processor.py:839} INFO - DAG(s) dict_keys(['example_skip_dag']) retrieved from /home/airflow/.local/lib/python3.8/site-packages/airflow/example_dags/example_skip_dag.py
[2023-09-20T22:51:40.902+0000] {logging_mixin.py:151} INFO - [2023-09-20T22:51:40.902+0000] {dag.py:2915} INFO - Sync 1 DAGs
[2023-09-20T22:51:40.960+0000] {logging_mixin.py:151} INFO - [2023-09-20T22:51:40.959+0000] {dag.py:3696} INFO - Setting next_dagrun for example_skip_dag to 2023-09-19T22:51:40.959443+00:00, run_after=2023-09-20T22:51:40.959443+00:00
[2023-09-20T22:51:41.040+0000] {processor.py:179} INFO - Processing /home/airflow/.local/lib/python3.8/site-packages/airflow/example_dags/example_skip_dag.py took 0.200 seconds
[2023-09-20T23:11:33.734+0000] {processor.py:157} INFO - Started process (PID=64) to work on /home/airflow/.local/lib/python3.8/site-packages/airflow/example_dags/example_skip_dag.py
[2023-09-20T23:11:33.736+0000] {processor.py:829} INFO - Processing file /home/airflow/.local/lib/python3.8/site-packages/airflow/example_dags/example_skip_dag.py for tasks to queue
[2023-09-20T23:11:33.740+0000] {logging_mixin.py:151} INFO - [2023-09-20T23:11:33.740+0000] {dagbag.py:539} INFO - Filling up the DagBag from /home/airflow/.local/lib/python3.8/site-packages/airflow/example_dags/example_skip_dag.py
[2023-09-20T23:11:33.753+0000] {processor.py:839} INFO - DAG(s) dict_keys(['example_skip_dag']) retrieved from /home/airflow/.local/lib/python3.8/site-packages/airflow/example_dags/example_skip_dag.py
[2023-09-20T23:11:33.775+0000] {logging_mixin.py:151} INFO - [2023-09-20T23:11:33.775+0000] {dag.py:2915} INFO - Sync 1 DAGs
[2023-09-20T23:11:33.810+0000] {logging_mixin.py:151} INFO - [2023-09-20T23:11:33.810+0000] {dag.py:3696} INFO - Setting next_dagrun for example_skip_dag to 2023-09-19T23:11:33.810012+00:00, run_after=2023-09-20T23:11:33.810012+00:00
[2023-09-20T23:11:33.851+0000] {processor.py:179} INFO - Processing /home/airflow/.local/lib/python3.8/site-packages/airflow/example_dags/example_skip_dag.py took 0.124 seconds
[2023-09-20T23:12:04.519+0000] {processor.py:157} INFO - Started process (PID=119) to work on /home/airflow/.local/lib/python3.8/site-packages/airflow/example_dags/example_skip_dag.py
[2023-09-20T23:12:04.521+0000] {processor.py:829} INFO - Processing file /home/airflow/.local/lib/python3.8/site-packages/airflow/example_dags/example_skip_dag.py for tasks to queue
[2023-09-20T23:12:04.525+0000] {logging_mixin.py:151} INFO - [2023-09-20T23:12:04.525+0000] {dagbag.py:539} INFO - Filling up the DagBag from /home/airflow/.local/lib/python3.8/site-packages/airflow/example_dags/example_skip_dag.py
[2023-09-20T23:12:04.536+0000] {processor.py:839} INFO - DAG(s) dict_keys(['example_skip_dag']) retrieved from /home/airflow/.local/lib/python3.8/site-packages/airflow/example_dags/example_skip_dag.py
[2023-09-20T23:12:04.570+0000] {logging_mixin.py:151} INFO - [2023-09-20T23:12:04.570+0000] {dag.py:2915} INFO - Sync 1 DAGs
[2023-09-20T23:12:04.602+0000] {logging_mixin.py:151} INFO - [2023-09-20T23:12:04.602+0000] {dag.py:3696} INFO - Setting next_dagrun for example_skip_dag to 2023-09-19T23:12:04.601766+00:00, run_after=2023-09-20T23:12:04.601766+00:00
[2023-09-20T23:12:04.633+0000] {processor.py:179} INFO - Processing /home/airflow/.local/lib/python3.8/site-packages/airflow/example_dags/example_skip_dag.py took 0.121 seconds
[2023-09-20T23:12:36.880+0000] {processor.py:157} INFO - Started process (PID=174) to work on /home/airflow/.local/lib/python3.8/site-packages/airflow/example_dags/example_skip_dag.py
[2023-09-20T23:12:36.882+0000] {processor.py:829} INFO - Processing file /home/airflow/.local/lib/python3.8/site-packages/airflow/example_dags/example_skip_dag.py for tasks to queue
[2023-09-20T23:12:36.885+0000] {logging_mixin.py:151} INFO - [2023-09-20T23:12:36.885+0000] {dagbag.py:539} INFO - Filling up the DagBag from /home/airflow/.local/lib/python3.8/site-packages/airflow/example_dags/example_skip_dag.py
[2023-09-20T23:12:36.896+0000] {processor.py:839} INFO - DAG(s) dict_keys(['example_skip_dag']) retrieved from /home/airflow/.local/lib/python3.8/site-packages/airflow/example_dags/example_skip_dag.py
[2023-09-20T23:12:36.927+0000] {logging_mixin.py:151} INFO - [2023-09-20T23:12:36.927+0000] {dag.py:2915} INFO - Sync 1 DAGs
[2023-09-20T23:12:36.955+0000] {logging_mixin.py:151} INFO - [2023-09-20T23:12:36.954+0000] {dag.py:3696} INFO - Setting next_dagrun for example_skip_dag to 2023-09-19T23:12:36.954532+00:00, run_after=2023-09-20T23:12:36.954532+00:00
[2023-09-20T23:12:36.998+0000] {processor.py:179} INFO - Processing /home/airflow/.local/lib/python3.8/site-packages/airflow/example_dags/example_skip_dag.py took 0.124 seconds
[2023-09-20T23:13:08.319+0000] {processor.py:157} INFO - Started process (PID=229) to work on /home/airflow/.local/lib/python3.8/site-packages/airflow/example_dags/example_skip_dag.py
[2023-09-20T23:13:08.321+0000] {processor.py:829} INFO - Processing file /home/airflow/.local/lib/python3.8/site-packages/airflow/example_dags/example_skip_dag.py for tasks to queue
[2023-09-20T23:13:08.325+0000] {logging_mixin.py:151} INFO - [2023-09-20T23:13:08.325+0000] {dagbag.py:539} INFO - Filling up the DagBag from /home/airflow/.local/lib/python3.8/site-packages/airflow/example_dags/example_skip_dag.py
[2023-09-20T23:13:08.337+0000] {processor.py:839} INFO - DAG(s) dict_keys(['example_skip_dag']) retrieved from /home/airflow/.local/lib/python3.8/site-packages/airflow/example_dags/example_skip_dag.py
[2023-09-20T23:13:08.372+0000] {logging_mixin.py:151} INFO - [2023-09-20T23:13:08.372+0000] {dag.py:2915} INFO - Sync 1 DAGs
[2023-09-20T23:13:08.404+0000] {logging_mixin.py:151} INFO - [2023-09-20T23:13:08.404+0000] {dag.py:3696} INFO - Setting next_dagrun for example_skip_dag to 2023-09-19T23:13:08.404234+00:00, run_after=2023-09-20T23:13:08.404234+00:00
[2023-09-20T23:13:08.439+0000] {processor.py:179} INFO - Processing /home/airflow/.local/lib/python3.8/site-packages/airflow/example_dags/example_skip_dag.py took 0.126 seconds
