[2023-09-20T22:15:28.995+0000] {processor.py:157} INFO - Started process (PID=47) to work on /home/airflow/.local/lib/python3.8/site-packages/airflow/example_dags/example_dynamic_task_mapping_with_no_taskflow_operators.py
[2023-09-20T22:15:28.996+0000] {processor.py:829} INFO - Processing file /home/airflow/.local/lib/python3.8/site-packages/airflow/example_dags/example_dynamic_task_mapping_with_no_taskflow_operators.py for tasks to queue
[2023-09-20T22:15:29.000+0000] {logging_mixin.py:151} INFO - [2023-09-20T22:15:28.999+0000] {dagbag.py:539} INFO - Filling up the DagBag from /home/airflow/.local/lib/python3.8/site-packages/airflow/example_dags/example_dynamic_task_mapping_with_no_taskflow_operators.py
[2023-09-20T22:15:29.014+0000] {processor.py:839} INFO - DAG(s) dict_keys(['example_dynamic_task_mapping_with_no_taskflow_operators']) retrieved from /home/airflow/.local/lib/python3.8/site-packages/airflow/example_dags/example_dynamic_task_mapping_with_no_taskflow_operators.py
[2023-09-20T22:15:29.031+0000] {logging_mixin.py:151} INFO - [2023-09-20T22:15:29.031+0000] {dag.py:2915} INFO - Sync 1 DAGs
[2023-09-20T22:15:29.066+0000] {logging_mixin.py:151} INFO - [2023-09-20T22:15:29.066+0000] {dag.py:3696} INFO - Setting next_dagrun for example_dynamic_task_mapping_with_no_taskflow_operators to 2023-09-19T22:15:29.065816+00:00, run_after=2023-09-20T22:15:29.065816+00:00
[2023-09-20T22:15:29.092+0000] {processor.py:179} INFO - Processing /home/airflow/.local/lib/python3.8/site-packages/airflow/example_dags/example_dynamic_task_mapping_with_no_taskflow_operators.py took 0.101 seconds
[2023-09-20T22:15:59.330+0000] {processor.py:157} INFO - Started process (PID=101) to work on /home/airflow/.local/lib/python3.8/site-packages/airflow/example_dags/example_dynamic_task_mapping_with_no_taskflow_operators.py
[2023-09-20T22:15:59.332+0000] {processor.py:829} INFO - Processing file /home/airflow/.local/lib/python3.8/site-packages/airflow/example_dags/example_dynamic_task_mapping_with_no_taskflow_operators.py for tasks to queue
[2023-09-20T22:15:59.335+0000] {logging_mixin.py:151} INFO - [2023-09-20T22:15:59.335+0000] {dagbag.py:539} INFO - Filling up the DagBag from /home/airflow/.local/lib/python3.8/site-packages/airflow/example_dags/example_dynamic_task_mapping_with_no_taskflow_operators.py
[2023-09-20T22:15:59.344+0000] {processor.py:839} INFO - DAG(s) dict_keys(['example_dynamic_task_mapping_with_no_taskflow_operators']) retrieved from /home/airflow/.local/lib/python3.8/site-packages/airflow/example_dags/example_dynamic_task_mapping_with_no_taskflow_operators.py
[2023-09-20T22:15:59.370+0000] {logging_mixin.py:151} INFO - [2023-09-20T22:15:59.370+0000] {dag.py:2915} INFO - Sync 1 DAGs
[2023-09-20T22:15:59.398+0000] {logging_mixin.py:151} INFO - [2023-09-20T22:15:59.398+0000] {dag.py:3696} INFO - Setting next_dagrun for example_dynamic_task_mapping_with_no_taskflow_operators to 2023-09-19T22:15:59.397940+00:00, run_after=2023-09-20T22:15:59.397940+00:00
[2023-09-20T22:15:59.449+0000] {processor.py:179} INFO - Processing /home/airflow/.local/lib/python3.8/site-packages/airflow/example_dags/example_dynamic_task_mapping_with_no_taskflow_operators.py took 0.124 seconds
[2023-09-20T22:16:30.287+0000] {processor.py:157} INFO - Started process (PID=154) to work on /home/airflow/.local/lib/python3.8/site-packages/airflow/example_dags/example_dynamic_task_mapping_with_no_taskflow_operators.py
[2023-09-20T22:16:30.289+0000] {processor.py:829} INFO - Processing file /home/airflow/.local/lib/python3.8/site-packages/airflow/example_dags/example_dynamic_task_mapping_with_no_taskflow_operators.py for tasks to queue
[2023-09-20T22:16:30.292+0000] {logging_mixin.py:151} INFO - [2023-09-20T22:16:30.292+0000] {dagbag.py:539} INFO - Filling up the DagBag from /home/airflow/.local/lib/python3.8/site-packages/airflow/example_dags/example_dynamic_task_mapping_with_no_taskflow_operators.py
[2023-09-20T22:16:30.303+0000] {processor.py:839} INFO - DAG(s) dict_keys(['example_dynamic_task_mapping_with_no_taskflow_operators']) retrieved from /home/airflow/.local/lib/python3.8/site-packages/airflow/example_dags/example_dynamic_task_mapping_with_no_taskflow_operators.py
[2023-09-20T22:16:30.331+0000] {logging_mixin.py:151} INFO - [2023-09-20T22:16:30.331+0000] {dag.py:2915} INFO - Sync 1 DAGs
[2023-09-20T22:16:30.362+0000] {logging_mixin.py:151} INFO - [2023-09-20T22:16:30.361+0000] {dag.py:3696} INFO - Setting next_dagrun for example_dynamic_task_mapping_with_no_taskflow_operators to 2023-09-19T22:16:30.361438+00:00, run_after=2023-09-20T22:16:30.361438+00:00
[2023-09-20T22:16:30.394+0000] {processor.py:179} INFO - Processing /home/airflow/.local/lib/python3.8/site-packages/airflow/example_dags/example_dynamic_task_mapping_with_no_taskflow_operators.py took 0.118 seconds
[2023-09-20T22:17:01.338+0000] {processor.py:157} INFO - Started process (PID=209) to work on /home/airflow/.local/lib/python3.8/site-packages/airflow/example_dags/example_dynamic_task_mapping_with_no_taskflow_operators.py
[2023-09-20T22:17:01.339+0000] {processor.py:829} INFO - Processing file /home/airflow/.local/lib/python3.8/site-packages/airflow/example_dags/example_dynamic_task_mapping_with_no_taskflow_operators.py for tasks to queue
[2023-09-20T22:17:01.344+0000] {logging_mixin.py:151} INFO - [2023-09-20T22:17:01.343+0000] {dagbag.py:539} INFO - Filling up the DagBag from /home/airflow/.local/lib/python3.8/site-packages/airflow/example_dags/example_dynamic_task_mapping_with_no_taskflow_operators.py
[2023-09-20T22:17:01.356+0000] {processor.py:839} INFO - DAG(s) dict_keys(['example_dynamic_task_mapping_with_no_taskflow_operators']) retrieved from /home/airflow/.local/lib/python3.8/site-packages/airflow/example_dags/example_dynamic_task_mapping_with_no_taskflow_operators.py
[2023-09-20T22:17:01.383+0000] {logging_mixin.py:151} INFO - [2023-09-20T22:17:01.383+0000] {dag.py:2915} INFO - Sync 1 DAGs
[2023-09-20T22:17:01.418+0000] {logging_mixin.py:151} INFO - [2023-09-20T22:17:01.418+0000] {dag.py:3696} INFO - Setting next_dagrun for example_dynamic_task_mapping_with_no_taskflow_operators to 2023-09-19T22:17:01.417701+00:00, run_after=2023-09-20T22:17:01.417701+00:00
[2023-09-20T22:17:01.462+0000] {processor.py:179} INFO - Processing /home/airflow/.local/lib/python3.8/site-packages/airflow/example_dags/example_dynamic_task_mapping_with_no_taskflow_operators.py took 0.129 seconds
[2023-09-20T22:25:00.191+0000] {processor.py:157} INFO - Started process (PID=47) to work on /home/airflow/.local/lib/python3.8/site-packages/airflow/example_dags/example_dynamic_task_mapping_with_no_taskflow_operators.py
[2023-09-20T22:25:00.195+0000] {processor.py:829} INFO - Processing file /home/airflow/.local/lib/python3.8/site-packages/airflow/example_dags/example_dynamic_task_mapping_with_no_taskflow_operators.py for tasks to queue
[2023-09-20T22:25:00.203+0000] {logging_mixin.py:151} INFO - [2023-09-20T22:25:00.202+0000] {dagbag.py:539} INFO - Filling up the DagBag from /home/airflow/.local/lib/python3.8/site-packages/airflow/example_dags/example_dynamic_task_mapping_with_no_taskflow_operators.py
[2023-09-20T22:25:00.219+0000] {processor.py:839} INFO - DAG(s) dict_keys(['example_dynamic_task_mapping_with_no_taskflow_operators']) retrieved from /home/airflow/.local/lib/python3.8/site-packages/airflow/example_dags/example_dynamic_task_mapping_with_no_taskflow_operators.py
[2023-09-20T22:25:00.242+0000] {logging_mixin.py:151} INFO - [2023-09-20T22:25:00.241+0000] {dag.py:2915} INFO - Sync 1 DAGs
[2023-09-20T22:25:00.305+0000] {logging_mixin.py:151} INFO - [2023-09-20T22:25:00.305+0000] {dag.py:3696} INFO - Setting next_dagrun for example_dynamic_task_mapping_with_no_taskflow_operators to 2023-09-19T22:25:00.304974+00:00, run_after=2023-09-20T22:25:00.304974+00:00
[2023-09-20T22:25:00.364+0000] {processor.py:179} INFO - Processing /home/airflow/.local/lib/python3.8/site-packages/airflow/example_dags/example_dynamic_task_mapping_with_no_taskflow_operators.py took 0.181 seconds
[2023-09-20T22:25:31.005+0000] {processor.py:157} INFO - Started process (PID=102) to work on /home/airflow/.local/lib/python3.8/site-packages/airflow/example_dags/example_dynamic_task_mapping_with_no_taskflow_operators.py
[2023-09-20T22:25:31.006+0000] {processor.py:829} INFO - Processing file /home/airflow/.local/lib/python3.8/site-packages/airflow/example_dags/example_dynamic_task_mapping_with_no_taskflow_operators.py for tasks to queue
[2023-09-20T22:25:31.010+0000] {logging_mixin.py:151} INFO - [2023-09-20T22:25:31.010+0000] {dagbag.py:539} INFO - Filling up the DagBag from /home/airflow/.local/lib/python3.8/site-packages/airflow/example_dags/example_dynamic_task_mapping_with_no_taskflow_operators.py
[2023-09-20T22:25:31.021+0000] {processor.py:839} INFO - DAG(s) dict_keys(['example_dynamic_task_mapping_with_no_taskflow_operators']) retrieved from /home/airflow/.local/lib/python3.8/site-packages/airflow/example_dags/example_dynamic_task_mapping_with_no_taskflow_operators.py
[2023-09-20T22:25:31.047+0000] {logging_mixin.py:151} INFO - [2023-09-20T22:25:31.047+0000] {dag.py:2915} INFO - Sync 1 DAGs
[2023-09-20T22:25:31.075+0000] {logging_mixin.py:151} INFO - [2023-09-20T22:25:31.075+0000] {dag.py:3696} INFO - Setting next_dagrun for example_dynamic_task_mapping_with_no_taskflow_operators to 2023-09-19T22:25:31.074969+00:00, run_after=2023-09-20T22:25:31.074969+00:00
[2023-09-20T22:25:31.112+0000] {processor.py:179} INFO - Processing /home/airflow/.local/lib/python3.8/site-packages/airflow/example_dags/example_dynamic_task_mapping_with_no_taskflow_operators.py took 0.111 seconds
[2023-09-20T22:26:02.019+0000] {processor.py:157} INFO - Started process (PID=157) to work on /home/airflow/.local/lib/python3.8/site-packages/airflow/example_dags/example_dynamic_task_mapping_with_no_taskflow_operators.py
[2023-09-20T22:26:02.020+0000] {processor.py:829} INFO - Processing file /home/airflow/.local/lib/python3.8/site-packages/airflow/example_dags/example_dynamic_task_mapping_with_no_taskflow_operators.py for tasks to queue
[2023-09-20T22:26:02.024+0000] {logging_mixin.py:151} INFO - [2023-09-20T22:26:02.023+0000] {dagbag.py:539} INFO - Filling up the DagBag from /home/airflow/.local/lib/python3.8/site-packages/airflow/example_dags/example_dynamic_task_mapping_with_no_taskflow_operators.py
[2023-09-20T22:26:02.033+0000] {processor.py:839} INFO - DAG(s) dict_keys(['example_dynamic_task_mapping_with_no_taskflow_operators']) retrieved from /home/airflow/.local/lib/python3.8/site-packages/airflow/example_dags/example_dynamic_task_mapping_with_no_taskflow_operators.py
[2023-09-20T22:26:02.068+0000] {logging_mixin.py:151} INFO - [2023-09-20T22:26:02.068+0000] {dag.py:2915} INFO - Sync 1 DAGs
[2023-09-20T22:26:02.105+0000] {logging_mixin.py:151} INFO - [2023-09-20T22:26:02.104+0000] {dag.py:3696} INFO - Setting next_dagrun for example_dynamic_task_mapping_with_no_taskflow_operators to 2023-09-19T22:26:02.104500+00:00, run_after=2023-09-20T22:26:02.104500+00:00
[2023-09-20T22:26:02.143+0000] {processor.py:179} INFO - Processing /home/airflow/.local/lib/python3.8/site-packages/airflow/example_dags/example_dynamic_task_mapping_with_no_taskflow_operators.py took 0.130 seconds
[2023-09-20T22:26:32.883+0000] {processor.py:157} INFO - Started process (PID=212) to work on /home/airflow/.local/lib/python3.8/site-packages/airflow/example_dags/example_dynamic_task_mapping_with_no_taskflow_operators.py
[2023-09-20T22:26:32.884+0000] {processor.py:829} INFO - Processing file /home/airflow/.local/lib/python3.8/site-packages/airflow/example_dags/example_dynamic_task_mapping_with_no_taskflow_operators.py for tasks to queue
[2023-09-20T22:26:32.889+0000] {logging_mixin.py:151} INFO - [2023-09-20T22:26:32.888+0000] {dagbag.py:539} INFO - Filling up the DagBag from /home/airflow/.local/lib/python3.8/site-packages/airflow/example_dags/example_dynamic_task_mapping_with_no_taskflow_operators.py
[2023-09-20T22:26:32.903+0000] {processor.py:839} INFO - DAG(s) dict_keys(['example_dynamic_task_mapping_with_no_taskflow_operators']) retrieved from /home/airflow/.local/lib/python3.8/site-packages/airflow/example_dags/example_dynamic_task_mapping_with_no_taskflow_operators.py
[2023-09-20T22:26:32.944+0000] {logging_mixin.py:151} INFO - [2023-09-20T22:26:32.944+0000] {dag.py:2915} INFO - Sync 1 DAGs
[2023-09-20T22:26:32.981+0000] {logging_mixin.py:151} INFO - [2023-09-20T22:26:32.981+0000] {dag.py:3696} INFO - Setting next_dagrun for example_dynamic_task_mapping_with_no_taskflow_operators to 2023-09-19T22:26:32.981316+00:00, run_after=2023-09-20T22:26:32.981316+00:00
[2023-09-20T22:26:33.010+0000] {processor.py:179} INFO - Processing /home/airflow/.local/lib/python3.8/site-packages/airflow/example_dags/example_dynamic_task_mapping_with_no_taskflow_operators.py took 0.134 seconds
[2023-09-20T22:27:03.914+0000] {processor.py:157} INFO - Started process (PID=267) to work on /home/airflow/.local/lib/python3.8/site-packages/airflow/example_dags/example_dynamic_task_mapping_with_no_taskflow_operators.py
[2023-09-20T22:27:03.916+0000] {processor.py:829} INFO - Processing file /home/airflow/.local/lib/python3.8/site-packages/airflow/example_dags/example_dynamic_task_mapping_with_no_taskflow_operators.py for tasks to queue
[2023-09-20T22:27:03.921+0000] {logging_mixin.py:151} INFO - [2023-09-20T22:27:03.920+0000] {dagbag.py:539} INFO - Filling up the DagBag from /home/airflow/.local/lib/python3.8/site-packages/airflow/example_dags/example_dynamic_task_mapping_with_no_taskflow_operators.py
[2023-09-20T22:27:03.937+0000] {processor.py:839} INFO - DAG(s) dict_keys(['example_dynamic_task_mapping_with_no_taskflow_operators']) retrieved from /home/airflow/.local/lib/python3.8/site-packages/airflow/example_dags/example_dynamic_task_mapping_with_no_taskflow_operators.py
[2023-09-20T22:27:03.981+0000] {logging_mixin.py:151} INFO - [2023-09-20T22:27:03.980+0000] {dag.py:2915} INFO - Sync 1 DAGs
[2023-09-20T22:27:04.020+0000] {logging_mixin.py:151} INFO - [2023-09-20T22:27:04.020+0000] {dag.py:3696} INFO - Setting next_dagrun for example_dynamic_task_mapping_with_no_taskflow_operators to 2023-09-19T22:27:04.019577+00:00, run_after=2023-09-20T22:27:04.019577+00:00
[2023-09-20T22:27:04.076+0000] {processor.py:179} INFO - Processing /home/airflow/.local/lib/python3.8/site-packages/airflow/example_dags/example_dynamic_task_mapping_with_no_taskflow_operators.py took 0.166 seconds
[2023-09-20T22:27:34.586+0000] {processor.py:157} INFO - Started process (PID=322) to work on /home/airflow/.local/lib/python3.8/site-packages/airflow/example_dags/example_dynamic_task_mapping_with_no_taskflow_operators.py
[2023-09-20T22:27:34.589+0000] {processor.py:829} INFO - Processing file /home/airflow/.local/lib/python3.8/site-packages/airflow/example_dags/example_dynamic_task_mapping_with_no_taskflow_operators.py for tasks to queue
[2023-09-20T22:27:34.594+0000] {logging_mixin.py:151} INFO - [2023-09-20T22:27:34.593+0000] {dagbag.py:539} INFO - Filling up the DagBag from /home/airflow/.local/lib/python3.8/site-packages/airflow/example_dags/example_dynamic_task_mapping_with_no_taskflow_operators.py
[2023-09-20T22:27:34.608+0000] {processor.py:839} INFO - DAG(s) dict_keys(['example_dynamic_task_mapping_with_no_taskflow_operators']) retrieved from /home/airflow/.local/lib/python3.8/site-packages/airflow/example_dags/example_dynamic_task_mapping_with_no_taskflow_operators.py
[2023-09-20T22:27:34.642+0000] {logging_mixin.py:151} INFO - [2023-09-20T22:27:34.641+0000] {dag.py:2915} INFO - Sync 1 DAGs
[2023-09-20T22:27:34.676+0000] {logging_mixin.py:151} INFO - [2023-09-20T22:27:34.675+0000] {dag.py:3696} INFO - Setting next_dagrun for example_dynamic_task_mapping_with_no_taskflow_operators to 2023-09-19T22:27:34.675398+00:00, run_after=2023-09-20T22:27:34.675398+00:00
[2023-09-20T22:27:34.714+0000] {processor.py:179} INFO - Processing /home/airflow/.local/lib/python3.8/site-packages/airflow/example_dags/example_dynamic_task_mapping_with_no_taskflow_operators.py took 0.134 seconds
[2023-09-20T22:28:04.894+0000] {processor.py:157} INFO - Started process (PID=378) to work on /home/airflow/.local/lib/python3.8/site-packages/airflow/example_dags/example_dynamic_task_mapping_with_no_taskflow_operators.py
[2023-09-20T22:28:04.895+0000] {processor.py:829} INFO - Processing file /home/airflow/.local/lib/python3.8/site-packages/airflow/example_dags/example_dynamic_task_mapping_with_no_taskflow_operators.py for tasks to queue
[2023-09-20T22:28:04.899+0000] {logging_mixin.py:151} INFO - [2023-09-20T22:28:04.899+0000] {dagbag.py:539} INFO - Filling up the DagBag from /home/airflow/.local/lib/python3.8/site-packages/airflow/example_dags/example_dynamic_task_mapping_with_no_taskflow_operators.py
[2023-09-20T22:28:04.908+0000] {processor.py:839} INFO - DAG(s) dict_keys(['example_dynamic_task_mapping_with_no_taskflow_operators']) retrieved from /home/airflow/.local/lib/python3.8/site-packages/airflow/example_dags/example_dynamic_task_mapping_with_no_taskflow_operators.py
[2023-09-20T22:28:04.943+0000] {logging_mixin.py:151} INFO - [2023-09-20T22:28:04.942+0000] {dag.py:2915} INFO - Sync 1 DAGs
[2023-09-20T22:28:04.980+0000] {logging_mixin.py:151} INFO - [2023-09-20T22:28:04.979+0000] {dag.py:3696} INFO - Setting next_dagrun for example_dynamic_task_mapping_with_no_taskflow_operators to 2023-09-19T22:28:04.979567+00:00, run_after=2023-09-20T22:28:04.979567+00:00
[2023-09-20T22:28:05.007+0000] {processor.py:179} INFO - Processing /home/airflow/.local/lib/python3.8/site-packages/airflow/example_dags/example_dynamic_task_mapping_with_no_taskflow_operators.py took 0.118 seconds
[2023-09-20T22:28:35.226+0000] {processor.py:157} INFO - Started process (PID=433) to work on /home/airflow/.local/lib/python3.8/site-packages/airflow/example_dags/example_dynamic_task_mapping_with_no_taskflow_operators.py
[2023-09-20T22:28:35.227+0000] {processor.py:829} INFO - Processing file /home/airflow/.local/lib/python3.8/site-packages/airflow/example_dags/example_dynamic_task_mapping_with_no_taskflow_operators.py for tasks to queue
[2023-09-20T22:28:35.230+0000] {logging_mixin.py:151} INFO - [2023-09-20T22:28:35.230+0000] {dagbag.py:539} INFO - Filling up the DagBag from /home/airflow/.local/lib/python3.8/site-packages/airflow/example_dags/example_dynamic_task_mapping_with_no_taskflow_operators.py
[2023-09-20T22:28:35.240+0000] {processor.py:839} INFO - DAG(s) dict_keys(['example_dynamic_task_mapping_with_no_taskflow_operators']) retrieved from /home/airflow/.local/lib/python3.8/site-packages/airflow/example_dags/example_dynamic_task_mapping_with_no_taskflow_operators.py
[2023-09-20T22:28:35.268+0000] {logging_mixin.py:151} INFO - [2023-09-20T22:28:35.268+0000] {dag.py:2915} INFO - Sync 1 DAGs
[2023-09-20T22:28:35.299+0000] {logging_mixin.py:151} INFO - [2023-09-20T22:28:35.299+0000] {dag.py:3696} INFO - Setting next_dagrun for example_dynamic_task_mapping_with_no_taskflow_operators to 2023-09-19T22:28:35.299270+00:00, run_after=2023-09-20T22:28:35.299270+00:00
[2023-09-20T22:28:35.326+0000] {processor.py:179} INFO - Processing /home/airflow/.local/lib/python3.8/site-packages/airflow/example_dags/example_dynamic_task_mapping_with_no_taskflow_operators.py took 0.105 seconds
[2023-09-20T22:29:06.403+0000] {processor.py:157} INFO - Started process (PID=488) to work on /home/airflow/.local/lib/python3.8/site-packages/airflow/example_dags/example_dynamic_task_mapping_with_no_taskflow_operators.py
[2023-09-20T22:29:06.405+0000] {processor.py:829} INFO - Processing file /home/airflow/.local/lib/python3.8/site-packages/airflow/example_dags/example_dynamic_task_mapping_with_no_taskflow_operators.py for tasks to queue
[2023-09-20T22:29:06.408+0000] {logging_mixin.py:151} INFO - [2023-09-20T22:29:06.408+0000] {dagbag.py:539} INFO - Filling up the DagBag from /home/airflow/.local/lib/python3.8/site-packages/airflow/example_dags/example_dynamic_task_mapping_with_no_taskflow_operators.py
[2023-09-20T22:29:06.421+0000] {processor.py:839} INFO - DAG(s) dict_keys(['example_dynamic_task_mapping_with_no_taskflow_operators']) retrieved from /home/airflow/.local/lib/python3.8/site-packages/airflow/example_dags/example_dynamic_task_mapping_with_no_taskflow_operators.py
[2023-09-20T22:29:06.457+0000] {logging_mixin.py:151} INFO - [2023-09-20T22:29:06.456+0000] {dag.py:2915} INFO - Sync 1 DAGs
[2023-09-20T22:29:06.490+0000] {logging_mixin.py:151} INFO - [2023-09-20T22:29:06.489+0000] {dag.py:3696} INFO - Setting next_dagrun for example_dynamic_task_mapping_with_no_taskflow_operators to 2023-09-19T22:29:06.489619+00:00, run_after=2023-09-20T22:29:06.489619+00:00
[2023-09-20T22:29:06.543+0000] {processor.py:179} INFO - Processing /home/airflow/.local/lib/python3.8/site-packages/airflow/example_dags/example_dynamic_task_mapping_with_no_taskflow_operators.py took 0.144 seconds
[2023-09-20T22:29:36.955+0000] {processor.py:157} INFO - Started process (PID=543) to work on /home/airflow/.local/lib/python3.8/site-packages/airflow/example_dags/example_dynamic_task_mapping_with_no_taskflow_operators.py
[2023-09-20T22:29:36.957+0000] {processor.py:829} INFO - Processing file /home/airflow/.local/lib/python3.8/site-packages/airflow/example_dags/example_dynamic_task_mapping_with_no_taskflow_operators.py for tasks to queue
[2023-09-20T22:29:36.966+0000] {logging_mixin.py:151} INFO - [2023-09-20T22:29:36.963+0000] {dagbag.py:539} INFO - Filling up the DagBag from /home/airflow/.local/lib/python3.8/site-packages/airflow/example_dags/example_dynamic_task_mapping_with_no_taskflow_operators.py
[2023-09-20T22:29:36.984+0000] {processor.py:839} INFO - DAG(s) dict_keys(['example_dynamic_task_mapping_with_no_taskflow_operators']) retrieved from /home/airflow/.local/lib/python3.8/site-packages/airflow/example_dags/example_dynamic_task_mapping_with_no_taskflow_operators.py
[2023-09-20T22:29:37.026+0000] {logging_mixin.py:151} INFO - [2023-09-20T22:29:37.026+0000] {dag.py:2915} INFO - Sync 1 DAGs
[2023-09-20T22:29:37.081+0000] {logging_mixin.py:151} INFO - [2023-09-20T22:29:37.080+0000] {dag.py:3696} INFO - Setting next_dagrun for example_dynamic_task_mapping_with_no_taskflow_operators to 2023-09-19T22:29:37.080614+00:00, run_after=2023-09-20T22:29:37.080614+00:00
[2023-09-20T22:29:37.121+0000] {processor.py:179} INFO - Processing /home/airflow/.local/lib/python3.8/site-packages/airflow/example_dags/example_dynamic_task_mapping_with_no_taskflow_operators.py took 0.170 seconds
[2023-09-20T22:30:07.481+0000] {processor.py:157} INFO - Started process (PID=598) to work on /home/airflow/.local/lib/python3.8/site-packages/airflow/example_dags/example_dynamic_task_mapping_with_no_taskflow_operators.py
[2023-09-20T22:30:07.482+0000] {processor.py:829} INFO - Processing file /home/airflow/.local/lib/python3.8/site-packages/airflow/example_dags/example_dynamic_task_mapping_with_no_taskflow_operators.py for tasks to queue
[2023-09-20T22:30:07.486+0000] {logging_mixin.py:151} INFO - [2023-09-20T22:30:07.485+0000] {dagbag.py:539} INFO - Filling up the DagBag from /home/airflow/.local/lib/python3.8/site-packages/airflow/example_dags/example_dynamic_task_mapping_with_no_taskflow_operators.py
[2023-09-20T22:30:07.496+0000] {processor.py:839} INFO - DAG(s) dict_keys(['example_dynamic_task_mapping_with_no_taskflow_operators']) retrieved from /home/airflow/.local/lib/python3.8/site-packages/airflow/example_dags/example_dynamic_task_mapping_with_no_taskflow_operators.py
[2023-09-20T22:30:07.528+0000] {logging_mixin.py:151} INFO - [2023-09-20T22:30:07.527+0000] {dag.py:2915} INFO - Sync 1 DAGs
[2023-09-20T22:30:07.570+0000] {logging_mixin.py:151} INFO - [2023-09-20T22:30:07.570+0000] {dag.py:3696} INFO - Setting next_dagrun for example_dynamic_task_mapping_with_no_taskflow_operators to 2023-09-19T22:30:07.569750+00:00, run_after=2023-09-20T22:30:07.569750+00:00
[2023-09-20T22:30:07.598+0000] {processor.py:179} INFO - Processing /home/airflow/.local/lib/python3.8/site-packages/airflow/example_dags/example_dynamic_task_mapping_with_no_taskflow_operators.py took 0.123 seconds
[2023-09-20T22:30:38.350+0000] {processor.py:157} INFO - Started process (PID=653) to work on /home/airflow/.local/lib/python3.8/site-packages/airflow/example_dags/example_dynamic_task_mapping_with_no_taskflow_operators.py
[2023-09-20T22:30:38.353+0000] {processor.py:829} INFO - Processing file /home/airflow/.local/lib/python3.8/site-packages/airflow/example_dags/example_dynamic_task_mapping_with_no_taskflow_operators.py for tasks to queue
[2023-09-20T22:30:38.357+0000] {logging_mixin.py:151} INFO - [2023-09-20T22:30:38.357+0000] {dagbag.py:539} INFO - Filling up the DagBag from /home/airflow/.local/lib/python3.8/site-packages/airflow/example_dags/example_dynamic_task_mapping_with_no_taskflow_operators.py
[2023-09-20T22:30:38.369+0000] {processor.py:839} INFO - DAG(s) dict_keys(['example_dynamic_task_mapping_with_no_taskflow_operators']) retrieved from /home/airflow/.local/lib/python3.8/site-packages/airflow/example_dags/example_dynamic_task_mapping_with_no_taskflow_operators.py
[2023-09-20T22:30:38.403+0000] {logging_mixin.py:151} INFO - [2023-09-20T22:30:38.402+0000] {dag.py:2915} INFO - Sync 1 DAGs
[2023-09-20T22:30:38.434+0000] {logging_mixin.py:151} INFO - [2023-09-20T22:30:38.433+0000] {dag.py:3696} INFO - Setting next_dagrun for example_dynamic_task_mapping_with_no_taskflow_operators to 2023-09-19T22:30:38.433546+00:00, run_after=2023-09-20T22:30:38.433546+00:00
[2023-09-20T22:30:38.477+0000] {processor.py:179} INFO - Processing /home/airflow/.local/lib/python3.8/site-packages/airflow/example_dags/example_dynamic_task_mapping_with_no_taskflow_operators.py took 0.132 seconds
[2023-09-20T22:31:09.303+0000] {processor.py:157} INFO - Started process (PID=708) to work on /home/airflow/.local/lib/python3.8/site-packages/airflow/example_dags/example_dynamic_task_mapping_with_no_taskflow_operators.py
[2023-09-20T22:31:09.305+0000] {processor.py:829} INFO - Processing file /home/airflow/.local/lib/python3.8/site-packages/airflow/example_dags/example_dynamic_task_mapping_with_no_taskflow_operators.py for tasks to queue
[2023-09-20T22:31:09.308+0000] {logging_mixin.py:151} INFO - [2023-09-20T22:31:09.307+0000] {dagbag.py:539} INFO - Filling up the DagBag from /home/airflow/.local/lib/python3.8/site-packages/airflow/example_dags/example_dynamic_task_mapping_with_no_taskflow_operators.py
[2023-09-20T22:31:09.319+0000] {processor.py:839} INFO - DAG(s) dict_keys(['example_dynamic_task_mapping_with_no_taskflow_operators']) retrieved from /home/airflow/.local/lib/python3.8/site-packages/airflow/example_dags/example_dynamic_task_mapping_with_no_taskflow_operators.py
[2023-09-20T22:31:09.346+0000] {logging_mixin.py:151} INFO - [2023-09-20T22:31:09.345+0000] {dag.py:2915} INFO - Sync 1 DAGs
[2023-09-20T22:31:09.374+0000] {logging_mixin.py:151} INFO - [2023-09-20T22:31:09.374+0000] {dag.py:3696} INFO - Setting next_dagrun for example_dynamic_task_mapping_with_no_taskflow_operators to 2023-09-19T22:31:09.374199+00:00, run_after=2023-09-20T22:31:09.374199+00:00
[2023-09-20T22:31:09.417+0000] {processor.py:179} INFO - Processing /home/airflow/.local/lib/python3.8/site-packages/airflow/example_dags/example_dynamic_task_mapping_with_no_taskflow_operators.py took 0.119 seconds
[2023-09-20T22:31:40.342+0000] {processor.py:157} INFO - Started process (PID=763) to work on /home/airflow/.local/lib/python3.8/site-packages/airflow/example_dags/example_dynamic_task_mapping_with_no_taskflow_operators.py
[2023-09-20T22:31:40.344+0000] {processor.py:829} INFO - Processing file /home/airflow/.local/lib/python3.8/site-packages/airflow/example_dags/example_dynamic_task_mapping_with_no_taskflow_operators.py for tasks to queue
[2023-09-20T22:31:40.348+0000] {logging_mixin.py:151} INFO - [2023-09-20T22:31:40.347+0000] {dagbag.py:539} INFO - Filling up the DagBag from /home/airflow/.local/lib/python3.8/site-packages/airflow/example_dags/example_dynamic_task_mapping_with_no_taskflow_operators.py
[2023-09-20T22:31:40.357+0000] {processor.py:839} INFO - DAG(s) dict_keys(['example_dynamic_task_mapping_with_no_taskflow_operators']) retrieved from /home/airflow/.local/lib/python3.8/site-packages/airflow/example_dags/example_dynamic_task_mapping_with_no_taskflow_operators.py
[2023-09-20T22:31:40.385+0000] {logging_mixin.py:151} INFO - [2023-09-20T22:31:40.384+0000] {dag.py:2915} INFO - Sync 1 DAGs
[2023-09-20T22:31:40.412+0000] {logging_mixin.py:151} INFO - [2023-09-20T22:31:40.412+0000] {dag.py:3696} INFO - Setting next_dagrun for example_dynamic_task_mapping_with_no_taskflow_operators to 2023-09-19T22:31:40.412368+00:00, run_after=2023-09-20T22:31:40.412368+00:00
[2023-09-20T22:31:40.456+0000] {processor.py:179} INFO - Processing /home/airflow/.local/lib/python3.8/site-packages/airflow/example_dags/example_dynamic_task_mapping_with_no_taskflow_operators.py took 0.118 seconds
[2023-09-20T22:32:11.041+0000] {processor.py:157} INFO - Started process (PID=818) to work on /home/airflow/.local/lib/python3.8/site-packages/airflow/example_dags/example_dynamic_task_mapping_with_no_taskflow_operators.py
[2023-09-20T22:32:11.043+0000] {processor.py:829} INFO - Processing file /home/airflow/.local/lib/python3.8/site-packages/airflow/example_dags/example_dynamic_task_mapping_with_no_taskflow_operators.py for tasks to queue
[2023-09-20T22:32:11.047+0000] {logging_mixin.py:151} INFO - [2023-09-20T22:32:11.046+0000] {dagbag.py:539} INFO - Filling up the DagBag from /home/airflow/.local/lib/python3.8/site-packages/airflow/example_dags/example_dynamic_task_mapping_with_no_taskflow_operators.py
[2023-09-20T22:32:11.056+0000] {processor.py:839} INFO - DAG(s) dict_keys(['example_dynamic_task_mapping_with_no_taskflow_operators']) retrieved from /home/airflow/.local/lib/python3.8/site-packages/airflow/example_dags/example_dynamic_task_mapping_with_no_taskflow_operators.py
[2023-09-20T22:32:11.083+0000] {logging_mixin.py:151} INFO - [2023-09-20T22:32:11.083+0000] {dag.py:2915} INFO - Sync 1 DAGs
[2023-09-20T22:32:11.112+0000] {logging_mixin.py:151} INFO - [2023-09-20T22:32:11.111+0000] {dag.py:3696} INFO - Setting next_dagrun for example_dynamic_task_mapping_with_no_taskflow_operators to 2023-09-19T22:32:11.111626+00:00, run_after=2023-09-20T22:32:11.111626+00:00
[2023-09-20T22:32:11.147+0000] {processor.py:179} INFO - Processing /home/airflow/.local/lib/python3.8/site-packages/airflow/example_dags/example_dynamic_task_mapping_with_no_taskflow_operators.py took 0.112 seconds
[2023-09-20T22:32:41.756+0000] {processor.py:157} INFO - Started process (PID=873) to work on /home/airflow/.local/lib/python3.8/site-packages/airflow/example_dags/example_dynamic_task_mapping_with_no_taskflow_operators.py
[2023-09-20T22:32:41.757+0000] {processor.py:829} INFO - Processing file /home/airflow/.local/lib/python3.8/site-packages/airflow/example_dags/example_dynamic_task_mapping_with_no_taskflow_operators.py for tasks to queue
[2023-09-20T22:32:41.761+0000] {logging_mixin.py:151} INFO - [2023-09-20T22:32:41.760+0000] {dagbag.py:539} INFO - Filling up the DagBag from /home/airflow/.local/lib/python3.8/site-packages/airflow/example_dags/example_dynamic_task_mapping_with_no_taskflow_operators.py
[2023-09-20T22:32:41.769+0000] {processor.py:839} INFO - DAG(s) dict_keys(['example_dynamic_task_mapping_with_no_taskflow_operators']) retrieved from /home/airflow/.local/lib/python3.8/site-packages/airflow/example_dags/example_dynamic_task_mapping_with_no_taskflow_operators.py
[2023-09-20T22:32:41.794+0000] {logging_mixin.py:151} INFO - [2023-09-20T22:32:41.794+0000] {dag.py:2915} INFO - Sync 1 DAGs
[2023-09-20T22:32:41.823+0000] {logging_mixin.py:151} INFO - [2023-09-20T22:32:41.823+0000] {dag.py:3696} INFO - Setting next_dagrun for example_dynamic_task_mapping_with_no_taskflow_operators to 2023-09-19T22:32:41.823262+00:00, run_after=2023-09-20T22:32:41.823262+00:00
[2023-09-20T22:32:41.872+0000] {processor.py:179} INFO - Processing /home/airflow/.local/lib/python3.8/site-packages/airflow/example_dags/example_dynamic_task_mapping_with_no_taskflow_operators.py took 0.121 seconds
[2023-09-20T22:33:12.554+0000] {processor.py:157} INFO - Started process (PID=928) to work on /home/airflow/.local/lib/python3.8/site-packages/airflow/example_dags/example_dynamic_task_mapping_with_no_taskflow_operators.py
[2023-09-20T22:33:12.557+0000] {processor.py:829} INFO - Processing file /home/airflow/.local/lib/python3.8/site-packages/airflow/example_dags/example_dynamic_task_mapping_with_no_taskflow_operators.py for tasks to queue
[2023-09-20T22:33:12.562+0000] {logging_mixin.py:151} INFO - [2023-09-20T22:33:12.561+0000] {dagbag.py:539} INFO - Filling up the DagBag from /home/airflow/.local/lib/python3.8/site-packages/airflow/example_dags/example_dynamic_task_mapping_with_no_taskflow_operators.py
[2023-09-20T22:33:12.574+0000] {processor.py:839} INFO - DAG(s) dict_keys(['example_dynamic_task_mapping_with_no_taskflow_operators']) retrieved from /home/airflow/.local/lib/python3.8/site-packages/airflow/example_dags/example_dynamic_task_mapping_with_no_taskflow_operators.py
[2023-09-20T22:33:12.609+0000] {logging_mixin.py:151} INFO - [2023-09-20T22:33:12.609+0000] {dag.py:2915} INFO - Sync 1 DAGs
[2023-09-20T22:33:12.643+0000] {logging_mixin.py:151} INFO - [2023-09-20T22:33:12.643+0000] {dag.py:3696} INFO - Setting next_dagrun for example_dynamic_task_mapping_with_no_taskflow_operators to 2023-09-19T22:33:12.642977+00:00, run_after=2023-09-20T22:33:12.642977+00:00
[2023-09-20T22:33:12.674+0000] {processor.py:179} INFO - Processing /home/airflow/.local/lib/python3.8/site-packages/airflow/example_dags/example_dynamic_task_mapping_with_no_taskflow_operators.py took 0.131 seconds
[2023-09-20T22:33:43.256+0000] {processor.py:157} INFO - Started process (PID=983) to work on /home/airflow/.local/lib/python3.8/site-packages/airflow/example_dags/example_dynamic_task_mapping_with_no_taskflow_operators.py
[2023-09-20T22:33:43.257+0000] {processor.py:829} INFO - Processing file /home/airflow/.local/lib/python3.8/site-packages/airflow/example_dags/example_dynamic_task_mapping_with_no_taskflow_operators.py for tasks to queue
[2023-09-20T22:33:43.261+0000] {logging_mixin.py:151} INFO - [2023-09-20T22:33:43.260+0000] {dagbag.py:539} INFO - Filling up the DagBag from /home/airflow/.local/lib/python3.8/site-packages/airflow/example_dags/example_dynamic_task_mapping_with_no_taskflow_operators.py
[2023-09-20T22:33:43.269+0000] {processor.py:839} INFO - DAG(s) dict_keys(['example_dynamic_task_mapping_with_no_taskflow_operators']) retrieved from /home/airflow/.local/lib/python3.8/site-packages/airflow/example_dags/example_dynamic_task_mapping_with_no_taskflow_operators.py
[2023-09-20T22:33:43.309+0000] {logging_mixin.py:151} INFO - [2023-09-20T22:33:43.309+0000] {dag.py:2915} INFO - Sync 1 DAGs
[2023-09-20T22:33:43.352+0000] {logging_mixin.py:151} INFO - [2023-09-20T22:33:43.352+0000] {dag.py:3696} INFO - Setting next_dagrun for example_dynamic_task_mapping_with_no_taskflow_operators to 2023-09-19T22:33:43.351575+00:00, run_after=2023-09-20T22:33:43.351575+00:00
[2023-09-20T22:33:43.397+0000] {processor.py:179} INFO - Processing /home/airflow/.local/lib/python3.8/site-packages/airflow/example_dags/example_dynamic_task_mapping_with_no_taskflow_operators.py took 0.146 seconds
[2023-09-20T22:34:13.980+0000] {processor.py:157} INFO - Started process (PID=1038) to work on /home/airflow/.local/lib/python3.8/site-packages/airflow/example_dags/example_dynamic_task_mapping_with_no_taskflow_operators.py
[2023-09-20T22:34:13.981+0000] {processor.py:829} INFO - Processing file /home/airflow/.local/lib/python3.8/site-packages/airflow/example_dags/example_dynamic_task_mapping_with_no_taskflow_operators.py for tasks to queue
[2023-09-20T22:34:13.984+0000] {logging_mixin.py:151} INFO - [2023-09-20T22:34:13.984+0000] {dagbag.py:539} INFO - Filling up the DagBag from /home/airflow/.local/lib/python3.8/site-packages/airflow/example_dags/example_dynamic_task_mapping_with_no_taskflow_operators.py
[2023-09-20T22:34:13.993+0000] {processor.py:839} INFO - DAG(s) dict_keys(['example_dynamic_task_mapping_with_no_taskflow_operators']) retrieved from /home/airflow/.local/lib/python3.8/site-packages/airflow/example_dags/example_dynamic_task_mapping_with_no_taskflow_operators.py
[2023-09-20T22:34:14.019+0000] {logging_mixin.py:151} INFO - [2023-09-20T22:34:14.018+0000] {dag.py:2915} INFO - Sync 1 DAGs
[2023-09-20T22:34:14.048+0000] {logging_mixin.py:151} INFO - [2023-09-20T22:34:14.048+0000] {dag.py:3696} INFO - Setting next_dagrun for example_dynamic_task_mapping_with_no_taskflow_operators to 2023-09-19T22:34:14.048089+00:00, run_after=2023-09-20T22:34:14.048089+00:00
[2023-09-20T22:34:14.079+0000] {processor.py:179} INFO - Processing /home/airflow/.local/lib/python3.8/site-packages/airflow/example_dags/example_dynamic_task_mapping_with_no_taskflow_operators.py took 0.104 seconds
[2023-09-20T22:34:44.975+0000] {processor.py:157} INFO - Started process (PID=1093) to work on /home/airflow/.local/lib/python3.8/site-packages/airflow/example_dags/example_dynamic_task_mapping_with_no_taskflow_operators.py
[2023-09-20T22:34:44.977+0000] {processor.py:829} INFO - Processing file /home/airflow/.local/lib/python3.8/site-packages/airflow/example_dags/example_dynamic_task_mapping_with_no_taskflow_operators.py for tasks to queue
[2023-09-20T22:34:44.980+0000] {logging_mixin.py:151} INFO - [2023-09-20T22:34:44.979+0000] {dagbag.py:539} INFO - Filling up the DagBag from /home/airflow/.local/lib/python3.8/site-packages/airflow/example_dags/example_dynamic_task_mapping_with_no_taskflow_operators.py
[2023-09-20T22:34:44.988+0000] {processor.py:839} INFO - DAG(s) dict_keys(['example_dynamic_task_mapping_with_no_taskflow_operators']) retrieved from /home/airflow/.local/lib/python3.8/site-packages/airflow/example_dags/example_dynamic_task_mapping_with_no_taskflow_operators.py
[2023-09-20T22:34:45.013+0000] {logging_mixin.py:151} INFO - [2023-09-20T22:34:45.013+0000] {dag.py:2915} INFO - Sync 1 DAGs
[2023-09-20T22:34:45.041+0000] {logging_mixin.py:151} INFO - [2023-09-20T22:34:45.041+0000] {dag.py:3696} INFO - Setting next_dagrun for example_dynamic_task_mapping_with_no_taskflow_operators to 2023-09-19T22:34:45.041422+00:00, run_after=2023-09-20T22:34:45.041422+00:00
[2023-09-20T22:34:45.068+0000] {processor.py:179} INFO - Processing /home/airflow/.local/lib/python3.8/site-packages/airflow/example_dags/example_dynamic_task_mapping_with_no_taskflow_operators.py took 0.097 seconds
[2023-09-20T22:35:15.604+0000] {processor.py:157} INFO - Started process (PID=1148) to work on /home/airflow/.local/lib/python3.8/site-packages/airflow/example_dags/example_dynamic_task_mapping_with_no_taskflow_operators.py
[2023-09-20T22:35:15.606+0000] {processor.py:829} INFO - Processing file /home/airflow/.local/lib/python3.8/site-packages/airflow/example_dags/example_dynamic_task_mapping_with_no_taskflow_operators.py for tasks to queue
[2023-09-20T22:35:15.610+0000] {logging_mixin.py:151} INFO - [2023-09-20T22:35:15.609+0000] {dagbag.py:539} INFO - Filling up the DagBag from /home/airflow/.local/lib/python3.8/site-packages/airflow/example_dags/example_dynamic_task_mapping_with_no_taskflow_operators.py
[2023-09-20T22:35:15.618+0000] {processor.py:839} INFO - DAG(s) dict_keys(['example_dynamic_task_mapping_with_no_taskflow_operators']) retrieved from /home/airflow/.local/lib/python3.8/site-packages/airflow/example_dags/example_dynamic_task_mapping_with_no_taskflow_operators.py
[2023-09-20T22:35:15.645+0000] {logging_mixin.py:151} INFO - [2023-09-20T22:35:15.644+0000] {dag.py:2915} INFO - Sync 1 DAGs
[2023-09-20T22:35:15.676+0000] {logging_mixin.py:151} INFO - [2023-09-20T22:35:15.676+0000] {dag.py:3696} INFO - Setting next_dagrun for example_dynamic_task_mapping_with_no_taskflow_operators to 2023-09-19T22:35:15.676380+00:00, run_after=2023-09-20T22:35:15.676380+00:00
[2023-09-20T22:35:15.704+0000] {processor.py:179} INFO - Processing /home/airflow/.local/lib/python3.8/site-packages/airflow/example_dags/example_dynamic_task_mapping_with_no_taskflow_operators.py took 0.104 seconds
[2023-09-20T22:35:45.958+0000] {processor.py:157} INFO - Started process (PID=1203) to work on /home/airflow/.local/lib/python3.8/site-packages/airflow/example_dags/example_dynamic_task_mapping_with_no_taskflow_operators.py
[2023-09-20T22:35:45.962+0000] {processor.py:829} INFO - Processing file /home/airflow/.local/lib/python3.8/site-packages/airflow/example_dags/example_dynamic_task_mapping_with_no_taskflow_operators.py for tasks to queue
[2023-09-20T22:35:45.967+0000] {logging_mixin.py:151} INFO - [2023-09-20T22:35:45.966+0000] {dagbag.py:539} INFO - Filling up the DagBag from /home/airflow/.local/lib/python3.8/site-packages/airflow/example_dags/example_dynamic_task_mapping_with_no_taskflow_operators.py
[2023-09-20T22:35:45.977+0000] {processor.py:839} INFO - DAG(s) dict_keys(['example_dynamic_task_mapping_with_no_taskflow_operators']) retrieved from /home/airflow/.local/lib/python3.8/site-packages/airflow/example_dags/example_dynamic_task_mapping_with_no_taskflow_operators.py
[2023-09-20T22:35:46.007+0000] {logging_mixin.py:151} INFO - [2023-09-20T22:35:46.006+0000] {dag.py:2915} INFO - Sync 1 DAGs
[2023-09-20T22:35:46.034+0000] {logging_mixin.py:151} INFO - [2023-09-20T22:35:46.034+0000] {dag.py:3696} INFO - Setting next_dagrun for example_dynamic_task_mapping_with_no_taskflow_operators to 2023-09-19T22:35:46.034044+00:00, run_after=2023-09-20T22:35:46.034044+00:00
[2023-09-20T22:35:46.066+0000] {processor.py:179} INFO - Processing /home/airflow/.local/lib/python3.8/site-packages/airflow/example_dags/example_dynamic_task_mapping_with_no_taskflow_operators.py took 0.114 seconds
[2023-09-20T22:36:16.165+0000] {processor.py:157} INFO - Started process (PID=1257) to work on /home/airflow/.local/lib/python3.8/site-packages/airflow/example_dags/example_dynamic_task_mapping_with_no_taskflow_operators.py
[2023-09-20T22:36:16.167+0000] {processor.py:829} INFO - Processing file /home/airflow/.local/lib/python3.8/site-packages/airflow/example_dags/example_dynamic_task_mapping_with_no_taskflow_operators.py for tasks to queue
[2023-09-20T22:36:16.173+0000] {logging_mixin.py:151} INFO - [2023-09-20T22:36:16.172+0000] {dagbag.py:539} INFO - Filling up the DagBag from /home/airflow/.local/lib/python3.8/site-packages/airflow/example_dags/example_dynamic_task_mapping_with_no_taskflow_operators.py
[2023-09-20T22:36:16.186+0000] {processor.py:839} INFO - DAG(s) dict_keys(['example_dynamic_task_mapping_with_no_taskflow_operators']) retrieved from /home/airflow/.local/lib/python3.8/site-packages/airflow/example_dags/example_dynamic_task_mapping_with_no_taskflow_operators.py
[2023-09-20T22:36:16.220+0000] {logging_mixin.py:151} INFO - [2023-09-20T22:36:16.219+0000] {dag.py:2915} INFO - Sync 1 DAGs
[2023-09-20T22:36:16.255+0000] {logging_mixin.py:151} INFO - [2023-09-20T22:36:16.255+0000] {dag.py:3696} INFO - Setting next_dagrun for example_dynamic_task_mapping_with_no_taskflow_operators to 2023-09-19T22:36:16.254903+00:00, run_after=2023-09-20T22:36:16.254903+00:00
[2023-09-20T22:36:16.303+0000] {processor.py:179} INFO - Processing /home/airflow/.local/lib/python3.8/site-packages/airflow/example_dags/example_dynamic_task_mapping_with_no_taskflow_operators.py took 0.144 seconds
[2023-09-20T22:36:46.664+0000] {processor.py:157} INFO - Started process (PID=1312) to work on /home/airflow/.local/lib/python3.8/site-packages/airflow/example_dags/example_dynamic_task_mapping_with_no_taskflow_operators.py
[2023-09-20T22:36:46.666+0000] {processor.py:829} INFO - Processing file /home/airflow/.local/lib/python3.8/site-packages/airflow/example_dags/example_dynamic_task_mapping_with_no_taskflow_operators.py for tasks to queue
[2023-09-20T22:36:46.670+0000] {logging_mixin.py:151} INFO - [2023-09-20T22:36:46.670+0000] {dagbag.py:539} INFO - Filling up the DagBag from /home/airflow/.local/lib/python3.8/site-packages/airflow/example_dags/example_dynamic_task_mapping_with_no_taskflow_operators.py
[2023-09-20T22:36:46.679+0000] {processor.py:839} INFO - DAG(s) dict_keys(['example_dynamic_task_mapping_with_no_taskflow_operators']) retrieved from /home/airflow/.local/lib/python3.8/site-packages/airflow/example_dags/example_dynamic_task_mapping_with_no_taskflow_operators.py
[2023-09-20T22:36:46.709+0000] {logging_mixin.py:151} INFO - [2023-09-20T22:36:46.709+0000] {dag.py:2915} INFO - Sync 1 DAGs
[2023-09-20T22:36:46.741+0000] {logging_mixin.py:151} INFO - [2023-09-20T22:36:46.741+0000] {dag.py:3696} INFO - Setting next_dagrun for example_dynamic_task_mapping_with_no_taskflow_operators to 2023-09-19T22:36:46.741246+00:00, run_after=2023-09-20T22:36:46.741246+00:00
[2023-09-20T22:36:46.775+0000] {processor.py:179} INFO - Processing /home/airflow/.local/lib/python3.8/site-packages/airflow/example_dags/example_dynamic_task_mapping_with_no_taskflow_operators.py took 0.116 seconds
[2023-09-20T22:37:17.090+0000] {processor.py:157} INFO - Started process (PID=1368) to work on /home/airflow/.local/lib/python3.8/site-packages/airflow/example_dags/example_dynamic_task_mapping_with_no_taskflow_operators.py
[2023-09-20T22:37:17.091+0000] {processor.py:829} INFO - Processing file /home/airflow/.local/lib/python3.8/site-packages/airflow/example_dags/example_dynamic_task_mapping_with_no_taskflow_operators.py for tasks to queue
[2023-09-20T22:37:17.095+0000] {logging_mixin.py:151} INFO - [2023-09-20T22:37:17.094+0000] {dagbag.py:539} INFO - Filling up the DagBag from /home/airflow/.local/lib/python3.8/site-packages/airflow/example_dags/example_dynamic_task_mapping_with_no_taskflow_operators.py
[2023-09-20T22:37:17.104+0000] {processor.py:839} INFO - DAG(s) dict_keys(['example_dynamic_task_mapping_with_no_taskflow_operators']) retrieved from /home/airflow/.local/lib/python3.8/site-packages/airflow/example_dags/example_dynamic_task_mapping_with_no_taskflow_operators.py
[2023-09-20T22:37:17.136+0000] {logging_mixin.py:151} INFO - [2023-09-20T22:37:17.136+0000] {dag.py:2915} INFO - Sync 1 DAGs
[2023-09-20T22:37:17.170+0000] {logging_mixin.py:151} INFO - [2023-09-20T22:37:17.169+0000] {dag.py:3696} INFO - Setting next_dagrun for example_dynamic_task_mapping_with_no_taskflow_operators to 2023-09-19T22:37:17.169339+00:00, run_after=2023-09-20T22:37:17.169339+00:00
[2023-09-20T22:37:17.205+0000] {processor.py:179} INFO - Processing /home/airflow/.local/lib/python3.8/site-packages/airflow/example_dags/example_dynamic_task_mapping_with_no_taskflow_operators.py took 0.120 seconds
[2023-09-20T22:37:47.863+0000] {processor.py:157} INFO - Started process (PID=1423) to work on /home/airflow/.local/lib/python3.8/site-packages/airflow/example_dags/example_dynamic_task_mapping_with_no_taskflow_operators.py
[2023-09-20T22:37:47.865+0000] {processor.py:829} INFO - Processing file /home/airflow/.local/lib/python3.8/site-packages/airflow/example_dags/example_dynamic_task_mapping_with_no_taskflow_operators.py for tasks to queue
[2023-09-20T22:37:47.868+0000] {logging_mixin.py:151} INFO - [2023-09-20T22:37:47.868+0000] {dagbag.py:539} INFO - Filling up the DagBag from /home/airflow/.local/lib/python3.8/site-packages/airflow/example_dags/example_dynamic_task_mapping_with_no_taskflow_operators.py
[2023-09-20T22:37:47.879+0000] {processor.py:839} INFO - DAG(s) dict_keys(['example_dynamic_task_mapping_with_no_taskflow_operators']) retrieved from /home/airflow/.local/lib/python3.8/site-packages/airflow/example_dags/example_dynamic_task_mapping_with_no_taskflow_operators.py
[2023-09-20T22:37:47.920+0000] {logging_mixin.py:151} INFO - [2023-09-20T22:37:47.920+0000] {dag.py:2915} INFO - Sync 1 DAGs
[2023-09-20T22:37:47.961+0000] {logging_mixin.py:151} INFO - [2023-09-20T22:37:47.961+0000] {dag.py:3696} INFO - Setting next_dagrun for example_dynamic_task_mapping_with_no_taskflow_operators to 2023-09-19T22:37:47.960437+00:00, run_after=2023-09-20T22:37:47.960437+00:00
[2023-09-20T22:37:48.002+0000] {processor.py:179} INFO - Processing /home/airflow/.local/lib/python3.8/site-packages/airflow/example_dags/example_dynamic_task_mapping_with_no_taskflow_operators.py took 0.146 seconds
[2023-09-20T22:38:18.308+0000] {processor.py:157} INFO - Started process (PID=1478) to work on /home/airflow/.local/lib/python3.8/site-packages/airflow/example_dags/example_dynamic_task_mapping_with_no_taskflow_operators.py
[2023-09-20T22:38:18.312+0000] {processor.py:829} INFO - Processing file /home/airflow/.local/lib/python3.8/site-packages/airflow/example_dags/example_dynamic_task_mapping_with_no_taskflow_operators.py for tasks to queue
[2023-09-20T22:38:18.316+0000] {logging_mixin.py:151} INFO - [2023-09-20T22:38:18.316+0000] {dagbag.py:539} INFO - Filling up the DagBag from /home/airflow/.local/lib/python3.8/site-packages/airflow/example_dags/example_dynamic_task_mapping_with_no_taskflow_operators.py
[2023-09-20T22:38:18.327+0000] {processor.py:839} INFO - DAG(s) dict_keys(['example_dynamic_task_mapping_with_no_taskflow_operators']) retrieved from /home/airflow/.local/lib/python3.8/site-packages/airflow/example_dags/example_dynamic_task_mapping_with_no_taskflow_operators.py
[2023-09-20T22:38:18.356+0000] {logging_mixin.py:151} INFO - [2023-09-20T22:38:18.356+0000] {dag.py:2915} INFO - Sync 1 DAGs
[2023-09-20T22:38:18.385+0000] {logging_mixin.py:151} INFO - [2023-09-20T22:38:18.385+0000] {dag.py:3696} INFO - Setting next_dagrun for example_dynamic_task_mapping_with_no_taskflow_operators to 2023-09-19T22:38:18.384788+00:00, run_after=2023-09-20T22:38:18.384788+00:00
[2023-09-20T22:38:18.547+0000] {processor.py:179} INFO - Processing /home/airflow/.local/lib/python3.8/site-packages/airflow/example_dags/example_dynamic_task_mapping_with_no_taskflow_operators.py took 0.243 seconds
[2023-09-20T22:38:48.692+0000] {processor.py:157} INFO - Started process (PID=1533) to work on /home/airflow/.local/lib/python3.8/site-packages/airflow/example_dags/example_dynamic_task_mapping_with_no_taskflow_operators.py
[2023-09-20T22:38:48.694+0000] {processor.py:829} INFO - Processing file /home/airflow/.local/lib/python3.8/site-packages/airflow/example_dags/example_dynamic_task_mapping_with_no_taskflow_operators.py for tasks to queue
[2023-09-20T22:38:48.699+0000] {logging_mixin.py:151} INFO - [2023-09-20T22:38:48.698+0000] {dagbag.py:539} INFO - Filling up the DagBag from /home/airflow/.local/lib/python3.8/site-packages/airflow/example_dags/example_dynamic_task_mapping_with_no_taskflow_operators.py
[2023-09-20T22:38:48.710+0000] {processor.py:839} INFO - DAG(s) dict_keys(['example_dynamic_task_mapping_with_no_taskflow_operators']) retrieved from /home/airflow/.local/lib/python3.8/site-packages/airflow/example_dags/example_dynamic_task_mapping_with_no_taskflow_operators.py
[2023-09-20T22:38:48.752+0000] {logging_mixin.py:151} INFO - [2023-09-20T22:38:48.751+0000] {dag.py:2915} INFO - Sync 1 DAGs
[2023-09-20T22:38:48.793+0000] {logging_mixin.py:151} INFO - [2023-09-20T22:38:48.793+0000] {dag.py:3696} INFO - Setting next_dagrun for example_dynamic_task_mapping_with_no_taskflow_operators to 2023-09-19T22:38:48.792733+00:00, run_after=2023-09-20T22:38:48.792733+00:00
[2023-09-20T22:38:48.825+0000] {processor.py:179} INFO - Processing /home/airflow/.local/lib/python3.8/site-packages/airflow/example_dags/example_dynamic_task_mapping_with_no_taskflow_operators.py took 0.140 seconds
[2023-09-20T22:39:19.144+0000] {processor.py:157} INFO - Started process (PID=1588) to work on /home/airflow/.local/lib/python3.8/site-packages/airflow/example_dags/example_dynamic_task_mapping_with_no_taskflow_operators.py
[2023-09-20T22:39:19.147+0000] {processor.py:829} INFO - Processing file /home/airflow/.local/lib/python3.8/site-packages/airflow/example_dags/example_dynamic_task_mapping_with_no_taskflow_operators.py for tasks to queue
[2023-09-20T22:39:19.152+0000] {logging_mixin.py:151} INFO - [2023-09-20T22:39:19.151+0000] {dagbag.py:539} INFO - Filling up the DagBag from /home/airflow/.local/lib/python3.8/site-packages/airflow/example_dags/example_dynamic_task_mapping_with_no_taskflow_operators.py
[2023-09-20T22:39:19.167+0000] {processor.py:839} INFO - DAG(s) dict_keys(['example_dynamic_task_mapping_with_no_taskflow_operators']) retrieved from /home/airflow/.local/lib/python3.8/site-packages/airflow/example_dags/example_dynamic_task_mapping_with_no_taskflow_operators.py
[2023-09-20T22:39:19.210+0000] {logging_mixin.py:151} INFO - [2023-09-20T22:39:19.210+0000] {dag.py:2915} INFO - Sync 1 DAGs
[2023-09-20T22:39:19.251+0000] {logging_mixin.py:151} INFO - [2023-09-20T22:39:19.250+0000] {dag.py:3696} INFO - Setting next_dagrun for example_dynamic_task_mapping_with_no_taskflow_operators to 2023-09-19T22:39:19.250269+00:00, run_after=2023-09-20T22:39:19.250269+00:00
[2023-09-20T22:39:19.300+0000] {processor.py:179} INFO - Processing /home/airflow/.local/lib/python3.8/site-packages/airflow/example_dags/example_dynamic_task_mapping_with_no_taskflow_operators.py took 0.165 seconds
[2023-09-20T22:39:49.398+0000] {processor.py:157} INFO - Started process (PID=1643) to work on /home/airflow/.local/lib/python3.8/site-packages/airflow/example_dags/example_dynamic_task_mapping_with_no_taskflow_operators.py
[2023-09-20T22:39:49.400+0000] {processor.py:829} INFO - Processing file /home/airflow/.local/lib/python3.8/site-packages/airflow/example_dags/example_dynamic_task_mapping_with_no_taskflow_operators.py for tasks to queue
[2023-09-20T22:39:49.404+0000] {logging_mixin.py:151} INFO - [2023-09-20T22:39:49.403+0000] {dagbag.py:539} INFO - Filling up the DagBag from /home/airflow/.local/lib/python3.8/site-packages/airflow/example_dags/example_dynamic_task_mapping_with_no_taskflow_operators.py
[2023-09-20T22:39:49.413+0000] {processor.py:839} INFO - DAG(s) dict_keys(['example_dynamic_task_mapping_with_no_taskflow_operators']) retrieved from /home/airflow/.local/lib/python3.8/site-packages/airflow/example_dags/example_dynamic_task_mapping_with_no_taskflow_operators.py
[2023-09-20T22:39:49.445+0000] {logging_mixin.py:151} INFO - [2023-09-20T22:39:49.445+0000] {dag.py:2915} INFO - Sync 1 DAGs
[2023-09-20T22:39:49.473+0000] {logging_mixin.py:151} INFO - [2023-09-20T22:39:49.472+0000] {dag.py:3696} INFO - Setting next_dagrun for example_dynamic_task_mapping_with_no_taskflow_operators to 2023-09-19T22:39:49.472494+00:00, run_after=2023-09-20T22:39:49.472494+00:00
[2023-09-20T22:39:49.499+0000] {processor.py:179} INFO - Processing /home/airflow/.local/lib/python3.8/site-packages/airflow/example_dags/example_dynamic_task_mapping_with_no_taskflow_operators.py took 0.105 seconds
[2023-09-20T22:40:20.285+0000] {processor.py:157} INFO - Started process (PID=1697) to work on /home/airflow/.local/lib/python3.8/site-packages/airflow/example_dags/example_dynamic_task_mapping_with_no_taskflow_operators.py
[2023-09-20T22:40:20.286+0000] {processor.py:829} INFO - Processing file /home/airflow/.local/lib/python3.8/site-packages/airflow/example_dags/example_dynamic_task_mapping_with_no_taskflow_operators.py for tasks to queue
[2023-09-20T22:40:20.290+0000] {logging_mixin.py:151} INFO - [2023-09-20T22:40:20.289+0000] {dagbag.py:539} INFO - Filling up the DagBag from /home/airflow/.local/lib/python3.8/site-packages/airflow/example_dags/example_dynamic_task_mapping_with_no_taskflow_operators.py
[2023-09-20T22:40:20.300+0000] {processor.py:839} INFO - DAG(s) dict_keys(['example_dynamic_task_mapping_with_no_taskflow_operators']) retrieved from /home/airflow/.local/lib/python3.8/site-packages/airflow/example_dags/example_dynamic_task_mapping_with_no_taskflow_operators.py
[2023-09-20T22:40:20.337+0000] {logging_mixin.py:151} INFO - [2023-09-20T22:40:20.336+0000] {dag.py:2915} INFO - Sync 1 DAGs
[2023-09-20T22:40:20.371+0000] {logging_mixin.py:151} INFO - [2023-09-20T22:40:20.371+0000] {dag.py:3696} INFO - Setting next_dagrun for example_dynamic_task_mapping_with_no_taskflow_operators to 2023-09-19T22:40:20.370782+00:00, run_after=2023-09-20T22:40:20.370782+00:00
[2023-09-20T22:40:20.402+0000] {processor.py:179} INFO - Processing /home/airflow/.local/lib/python3.8/site-packages/airflow/example_dags/example_dynamic_task_mapping_with_no_taskflow_operators.py took 0.121 seconds
[2023-09-20T22:40:50.829+0000] {processor.py:157} INFO - Started process (PID=1752) to work on /home/airflow/.local/lib/python3.8/site-packages/airflow/example_dags/example_dynamic_task_mapping_with_no_taskflow_operators.py
[2023-09-20T22:40:50.831+0000] {processor.py:829} INFO - Processing file /home/airflow/.local/lib/python3.8/site-packages/airflow/example_dags/example_dynamic_task_mapping_with_no_taskflow_operators.py for tasks to queue
[2023-09-20T22:40:50.835+0000] {logging_mixin.py:151} INFO - [2023-09-20T22:40:50.835+0000] {dagbag.py:539} INFO - Filling up the DagBag from /home/airflow/.local/lib/python3.8/site-packages/airflow/example_dags/example_dynamic_task_mapping_with_no_taskflow_operators.py
[2023-09-20T22:40:50.846+0000] {processor.py:839} INFO - DAG(s) dict_keys(['example_dynamic_task_mapping_with_no_taskflow_operators']) retrieved from /home/airflow/.local/lib/python3.8/site-packages/airflow/example_dags/example_dynamic_task_mapping_with_no_taskflow_operators.py
[2023-09-20T22:40:50.874+0000] {logging_mixin.py:151} INFO - [2023-09-20T22:40:50.874+0000] {dag.py:2915} INFO - Sync 1 DAGs
[2023-09-20T22:40:50.907+0000] {logging_mixin.py:151} INFO - [2023-09-20T22:40:50.907+0000] {dag.py:3696} INFO - Setting next_dagrun for example_dynamic_task_mapping_with_no_taskflow_operators to 2023-09-19T22:40:50.906894+00:00, run_after=2023-09-20T22:40:50.906894+00:00
[2023-09-20T22:40:50.941+0000] {processor.py:179} INFO - Processing /home/airflow/.local/lib/python3.8/site-packages/airflow/example_dags/example_dynamic_task_mapping_with_no_taskflow_operators.py took 0.118 seconds
[2023-09-20T22:41:21.316+0000] {processor.py:157} INFO - Started process (PID=1807) to work on /home/airflow/.local/lib/python3.8/site-packages/airflow/example_dags/example_dynamic_task_mapping_with_no_taskflow_operators.py
[2023-09-20T22:41:21.318+0000] {processor.py:829} INFO - Processing file /home/airflow/.local/lib/python3.8/site-packages/airflow/example_dags/example_dynamic_task_mapping_with_no_taskflow_operators.py for tasks to queue
[2023-09-20T22:41:21.324+0000] {logging_mixin.py:151} INFO - [2023-09-20T22:41:21.324+0000] {dagbag.py:539} INFO - Filling up the DagBag from /home/airflow/.local/lib/python3.8/site-packages/airflow/example_dags/example_dynamic_task_mapping_with_no_taskflow_operators.py
[2023-09-20T22:41:21.337+0000] {processor.py:839} INFO - DAG(s) dict_keys(['example_dynamic_task_mapping_with_no_taskflow_operators']) retrieved from /home/airflow/.local/lib/python3.8/site-packages/airflow/example_dags/example_dynamic_task_mapping_with_no_taskflow_operators.py
[2023-09-20T22:41:21.380+0000] {logging_mixin.py:151} INFO - [2023-09-20T22:41:21.379+0000] {dag.py:2915} INFO - Sync 1 DAGs
[2023-09-20T22:41:21.423+0000] {logging_mixin.py:151} INFO - [2023-09-20T22:41:21.422+0000] {dag.py:3696} INFO - Setting next_dagrun for example_dynamic_task_mapping_with_no_taskflow_operators to 2023-09-19T22:41:21.422332+00:00, run_after=2023-09-20T22:41:21.422332+00:00
[2023-09-20T22:41:21.464+0000] {processor.py:179} INFO - Processing /home/airflow/.local/lib/python3.8/site-packages/airflow/example_dags/example_dynamic_task_mapping_with_no_taskflow_operators.py took 0.156 seconds
[2023-09-20T22:41:51.584+0000] {processor.py:157} INFO - Started process (PID=1862) to work on /home/airflow/.local/lib/python3.8/site-packages/airflow/example_dags/example_dynamic_task_mapping_with_no_taskflow_operators.py
[2023-09-20T22:41:51.585+0000] {processor.py:829} INFO - Processing file /home/airflow/.local/lib/python3.8/site-packages/airflow/example_dags/example_dynamic_task_mapping_with_no_taskflow_operators.py for tasks to queue
[2023-09-20T22:41:51.590+0000] {logging_mixin.py:151} INFO - [2023-09-20T22:41:51.589+0000] {dagbag.py:539} INFO - Filling up the DagBag from /home/airflow/.local/lib/python3.8/site-packages/airflow/example_dags/example_dynamic_task_mapping_with_no_taskflow_operators.py
[2023-09-20T22:41:51.598+0000] {processor.py:839} INFO - DAG(s) dict_keys(['example_dynamic_task_mapping_with_no_taskflow_operators']) retrieved from /home/airflow/.local/lib/python3.8/site-packages/airflow/example_dags/example_dynamic_task_mapping_with_no_taskflow_operators.py
[2023-09-20T22:41:51.624+0000] {logging_mixin.py:151} INFO - [2023-09-20T22:41:51.624+0000] {dag.py:2915} INFO - Sync 1 DAGs
[2023-09-20T22:41:51.652+0000] {logging_mixin.py:151} INFO - [2023-09-20T22:41:51.652+0000] {dag.py:3696} INFO - Setting next_dagrun for example_dynamic_task_mapping_with_no_taskflow_operators to 2023-09-19T22:41:51.651992+00:00, run_after=2023-09-20T22:41:51.651992+00:00
[2023-09-20T22:41:51.678+0000] {processor.py:179} INFO - Processing /home/airflow/.local/lib/python3.8/site-packages/airflow/example_dags/example_dynamic_task_mapping_with_no_taskflow_operators.py took 0.099 seconds
[2023-09-20T22:42:22.101+0000] {processor.py:157} INFO - Started process (PID=1917) to work on /home/airflow/.local/lib/python3.8/site-packages/airflow/example_dags/example_dynamic_task_mapping_with_no_taskflow_operators.py
[2023-09-20T22:42:22.103+0000] {processor.py:829} INFO - Processing file /home/airflow/.local/lib/python3.8/site-packages/airflow/example_dags/example_dynamic_task_mapping_with_no_taskflow_operators.py for tasks to queue
[2023-09-20T22:42:22.107+0000] {logging_mixin.py:151} INFO - [2023-09-20T22:42:22.106+0000] {dagbag.py:539} INFO - Filling up the DagBag from /home/airflow/.local/lib/python3.8/site-packages/airflow/example_dags/example_dynamic_task_mapping_with_no_taskflow_operators.py
[2023-09-20T22:42:22.117+0000] {processor.py:839} INFO - DAG(s) dict_keys(['example_dynamic_task_mapping_with_no_taskflow_operators']) retrieved from /home/airflow/.local/lib/python3.8/site-packages/airflow/example_dags/example_dynamic_task_mapping_with_no_taskflow_operators.py
[2023-09-20T22:42:22.147+0000] {logging_mixin.py:151} INFO - [2023-09-20T22:42:22.147+0000] {dag.py:2915} INFO - Sync 1 DAGs
[2023-09-20T22:42:22.179+0000] {logging_mixin.py:151} INFO - [2023-09-20T22:42:22.179+0000] {dag.py:3696} INFO - Setting next_dagrun for example_dynamic_task_mapping_with_no_taskflow_operators to 2023-09-19T22:42:22.179145+00:00, run_after=2023-09-20T22:42:22.179145+00:00
[2023-09-20T22:42:22.210+0000] {processor.py:179} INFO - Processing /home/airflow/.local/lib/python3.8/site-packages/airflow/example_dags/example_dynamic_task_mapping_with_no_taskflow_operators.py took 0.114 seconds
[2023-09-20T22:42:52.929+0000] {processor.py:157} INFO - Started process (PID=1972) to work on /home/airflow/.local/lib/python3.8/site-packages/airflow/example_dags/example_dynamic_task_mapping_with_no_taskflow_operators.py
[2023-09-20T22:42:52.930+0000] {processor.py:829} INFO - Processing file /home/airflow/.local/lib/python3.8/site-packages/airflow/example_dags/example_dynamic_task_mapping_with_no_taskflow_operators.py for tasks to queue
[2023-09-20T22:42:52.934+0000] {logging_mixin.py:151} INFO - [2023-09-20T22:42:52.934+0000] {dagbag.py:539} INFO - Filling up the DagBag from /home/airflow/.local/lib/python3.8/site-packages/airflow/example_dags/example_dynamic_task_mapping_with_no_taskflow_operators.py
[2023-09-20T22:42:52.944+0000] {processor.py:839} INFO - DAG(s) dict_keys(['example_dynamic_task_mapping_with_no_taskflow_operators']) retrieved from /home/airflow/.local/lib/python3.8/site-packages/airflow/example_dags/example_dynamic_task_mapping_with_no_taskflow_operators.py
[2023-09-20T22:42:52.969+0000] {logging_mixin.py:151} INFO - [2023-09-20T22:42:52.968+0000] {dag.py:2915} INFO - Sync 1 DAGs
[2023-09-20T22:42:53.000+0000] {logging_mixin.py:151} INFO - [2023-09-20T22:42:53.000+0000] {dag.py:3696} INFO - Setting next_dagrun for example_dynamic_task_mapping_with_no_taskflow_operators to 2023-09-19T22:42:52.999932+00:00, run_after=2023-09-20T22:42:52.999932+00:00
[2023-09-20T22:42:53.030+0000] {processor.py:179} INFO - Processing /home/airflow/.local/lib/python3.8/site-packages/airflow/example_dags/example_dynamic_task_mapping_with_no_taskflow_operators.py took 0.107 seconds
[2023-09-20T22:43:23.599+0000] {processor.py:157} INFO - Started process (PID=2027) to work on /home/airflow/.local/lib/python3.8/site-packages/airflow/example_dags/example_dynamic_task_mapping_with_no_taskflow_operators.py
[2023-09-20T22:43:23.601+0000] {processor.py:829} INFO - Processing file /home/airflow/.local/lib/python3.8/site-packages/airflow/example_dags/example_dynamic_task_mapping_with_no_taskflow_operators.py for tasks to queue
[2023-09-20T22:43:23.604+0000] {logging_mixin.py:151} INFO - [2023-09-20T22:43:23.603+0000] {dagbag.py:539} INFO - Filling up the DagBag from /home/airflow/.local/lib/python3.8/site-packages/airflow/example_dags/example_dynamic_task_mapping_with_no_taskflow_operators.py
[2023-09-20T22:43:23.612+0000] {processor.py:839} INFO - DAG(s) dict_keys(['example_dynamic_task_mapping_with_no_taskflow_operators']) retrieved from /home/airflow/.local/lib/python3.8/site-packages/airflow/example_dags/example_dynamic_task_mapping_with_no_taskflow_operators.py
[2023-09-20T22:43:23.641+0000] {logging_mixin.py:151} INFO - [2023-09-20T22:43:23.641+0000] {dag.py:2915} INFO - Sync 1 DAGs
[2023-09-20T22:43:23.671+0000] {logging_mixin.py:151} INFO - [2023-09-20T22:43:23.671+0000] {dag.py:3696} INFO - Setting next_dagrun for example_dynamic_task_mapping_with_no_taskflow_operators to 2023-09-19T22:43:23.670987+00:00, run_after=2023-09-20T22:43:23.670987+00:00
[2023-09-20T22:43:23.701+0000] {processor.py:179} INFO - Processing /home/airflow/.local/lib/python3.8/site-packages/airflow/example_dags/example_dynamic_task_mapping_with_no_taskflow_operators.py took 0.108 seconds
[2023-09-20T22:43:54.377+0000] {processor.py:157} INFO - Started process (PID=2089) to work on /home/airflow/.local/lib/python3.8/site-packages/airflow/example_dags/example_dynamic_task_mapping_with_no_taskflow_operators.py
[2023-09-20T22:43:54.379+0000] {processor.py:829} INFO - Processing file /home/airflow/.local/lib/python3.8/site-packages/airflow/example_dags/example_dynamic_task_mapping_with_no_taskflow_operators.py for tasks to queue
[2023-09-20T22:43:54.383+0000] {logging_mixin.py:151} INFO - [2023-09-20T22:43:54.382+0000] {dagbag.py:539} INFO - Filling up the DagBag from /home/airflow/.local/lib/python3.8/site-packages/airflow/example_dags/example_dynamic_task_mapping_with_no_taskflow_operators.py
[2023-09-20T22:43:54.391+0000] {processor.py:839} INFO - DAG(s) dict_keys(['example_dynamic_task_mapping_with_no_taskflow_operators']) retrieved from /home/airflow/.local/lib/python3.8/site-packages/airflow/example_dags/example_dynamic_task_mapping_with_no_taskflow_operators.py
[2023-09-20T22:43:54.434+0000] {logging_mixin.py:151} INFO - [2023-09-20T22:43:54.433+0000] {dag.py:2915} INFO - Sync 1 DAGs
[2023-09-20T22:43:54.476+0000] {logging_mixin.py:151} INFO - [2023-09-20T22:43:54.476+0000] {dag.py:3696} INFO - Setting next_dagrun for example_dynamic_task_mapping_with_no_taskflow_operators to 2023-09-19T22:43:54.475882+00:00, run_after=2023-09-20T22:43:54.475882+00:00
[2023-09-20T22:43:54.518+0000] {processor.py:179} INFO - Processing /home/airflow/.local/lib/python3.8/site-packages/airflow/example_dags/example_dynamic_task_mapping_with_no_taskflow_operators.py took 0.146 seconds
[2023-09-20T22:44:25.121+0000] {processor.py:157} INFO - Started process (PID=2145) to work on /home/airflow/.local/lib/python3.8/site-packages/airflow/example_dags/example_dynamic_task_mapping_with_no_taskflow_operators.py
[2023-09-20T22:44:25.123+0000] {processor.py:829} INFO - Processing file /home/airflow/.local/lib/python3.8/site-packages/airflow/example_dags/example_dynamic_task_mapping_with_no_taskflow_operators.py for tasks to queue
[2023-09-20T22:44:25.126+0000] {logging_mixin.py:151} INFO - [2023-09-20T22:44:25.126+0000] {dagbag.py:539} INFO - Filling up the DagBag from /home/airflow/.local/lib/python3.8/site-packages/airflow/example_dags/example_dynamic_task_mapping_with_no_taskflow_operators.py
[2023-09-20T22:44:25.134+0000] {processor.py:839} INFO - DAG(s) dict_keys(['example_dynamic_task_mapping_with_no_taskflow_operators']) retrieved from /home/airflow/.local/lib/python3.8/site-packages/airflow/example_dags/example_dynamic_task_mapping_with_no_taskflow_operators.py
[2023-09-20T22:44:25.160+0000] {logging_mixin.py:151} INFO - [2023-09-20T22:44:25.160+0000] {dag.py:2915} INFO - Sync 1 DAGs
[2023-09-20T22:44:25.190+0000] {logging_mixin.py:151} INFO - [2023-09-20T22:44:25.190+0000] {dag.py:3696} INFO - Setting next_dagrun for example_dynamic_task_mapping_with_no_taskflow_operators to 2023-09-19T22:44:25.190250+00:00, run_after=2023-09-20T22:44:25.190250+00:00
[2023-09-20T22:44:25.215+0000] {processor.py:179} INFO - Processing /home/airflow/.local/lib/python3.8/site-packages/airflow/example_dags/example_dynamic_task_mapping_with_no_taskflow_operators.py took 0.100 seconds
[2023-09-20T22:44:55.853+0000] {processor.py:157} INFO - Started process (PID=2200) to work on /home/airflow/.local/lib/python3.8/site-packages/airflow/example_dags/example_dynamic_task_mapping_with_no_taskflow_operators.py
[2023-09-20T22:44:55.855+0000] {processor.py:829} INFO - Processing file /home/airflow/.local/lib/python3.8/site-packages/airflow/example_dags/example_dynamic_task_mapping_with_no_taskflow_operators.py for tasks to queue
[2023-09-20T22:44:55.859+0000] {logging_mixin.py:151} INFO - [2023-09-20T22:44:55.858+0000] {dagbag.py:539} INFO - Filling up the DagBag from /home/airflow/.local/lib/python3.8/site-packages/airflow/example_dags/example_dynamic_task_mapping_with_no_taskflow_operators.py
[2023-09-20T22:44:55.868+0000] {processor.py:839} INFO - DAG(s) dict_keys(['example_dynamic_task_mapping_with_no_taskflow_operators']) retrieved from /home/airflow/.local/lib/python3.8/site-packages/airflow/example_dags/example_dynamic_task_mapping_with_no_taskflow_operators.py
[2023-09-20T22:44:55.901+0000] {logging_mixin.py:151} INFO - [2023-09-20T22:44:55.901+0000] {dag.py:2915} INFO - Sync 1 DAGs
[2023-09-20T22:44:55.929+0000] {logging_mixin.py:151} INFO - [2023-09-20T22:44:55.929+0000] {dag.py:3696} INFO - Setting next_dagrun for example_dynamic_task_mapping_with_no_taskflow_operators to 2023-09-19T22:44:55.928857+00:00, run_after=2023-09-20T22:44:55.928857+00:00
[2023-09-20T22:44:55.960+0000] {processor.py:179} INFO - Processing /home/airflow/.local/lib/python3.8/site-packages/airflow/example_dags/example_dynamic_task_mapping_with_no_taskflow_operators.py took 0.112 seconds
[2023-09-20T22:45:27.106+0000] {processor.py:157} INFO - Started process (PID=2255) to work on /home/airflow/.local/lib/python3.8/site-packages/airflow/example_dags/example_dynamic_task_mapping_with_no_taskflow_operators.py
[2023-09-20T22:45:27.108+0000] {processor.py:829} INFO - Processing file /home/airflow/.local/lib/python3.8/site-packages/airflow/example_dags/example_dynamic_task_mapping_with_no_taskflow_operators.py for tasks to queue
[2023-09-20T22:45:27.111+0000] {logging_mixin.py:151} INFO - [2023-09-20T22:45:27.111+0000] {dagbag.py:539} INFO - Filling up the DagBag from /home/airflow/.local/lib/python3.8/site-packages/airflow/example_dags/example_dynamic_task_mapping_with_no_taskflow_operators.py
[2023-09-20T22:45:27.119+0000] {processor.py:839} INFO - DAG(s) dict_keys(['example_dynamic_task_mapping_with_no_taskflow_operators']) retrieved from /home/airflow/.local/lib/python3.8/site-packages/airflow/example_dags/example_dynamic_task_mapping_with_no_taskflow_operators.py
[2023-09-20T22:45:27.147+0000] {logging_mixin.py:151} INFO - [2023-09-20T22:45:27.147+0000] {dag.py:2915} INFO - Sync 1 DAGs
[2023-09-20T22:45:27.179+0000] {logging_mixin.py:151} INFO - [2023-09-20T22:45:27.178+0000] {dag.py:3696} INFO - Setting next_dagrun for example_dynamic_task_mapping_with_no_taskflow_operators to 2023-09-19T22:45:27.178556+00:00, run_after=2023-09-20T22:45:27.178556+00:00
[2023-09-20T22:45:27.208+0000] {processor.py:179} INFO - Processing /home/airflow/.local/lib/python3.8/site-packages/airflow/example_dags/example_dynamic_task_mapping_with_no_taskflow_operators.py took 0.106 seconds
[2023-09-20T22:45:57.739+0000] {processor.py:157} INFO - Started process (PID=2310) to work on /home/airflow/.local/lib/python3.8/site-packages/airflow/example_dags/example_dynamic_task_mapping_with_no_taskflow_operators.py
[2023-09-20T22:45:57.740+0000] {processor.py:829} INFO - Processing file /home/airflow/.local/lib/python3.8/site-packages/airflow/example_dags/example_dynamic_task_mapping_with_no_taskflow_operators.py for tasks to queue
[2023-09-20T22:45:57.744+0000] {logging_mixin.py:151} INFO - [2023-09-20T22:45:57.743+0000] {dagbag.py:539} INFO - Filling up the DagBag from /home/airflow/.local/lib/python3.8/site-packages/airflow/example_dags/example_dynamic_task_mapping_with_no_taskflow_operators.py
[2023-09-20T22:45:57.752+0000] {processor.py:839} INFO - DAG(s) dict_keys(['example_dynamic_task_mapping_with_no_taskflow_operators']) retrieved from /home/airflow/.local/lib/python3.8/site-packages/airflow/example_dags/example_dynamic_task_mapping_with_no_taskflow_operators.py
[2023-09-20T22:45:57.780+0000] {logging_mixin.py:151} INFO - [2023-09-20T22:45:57.780+0000] {dag.py:2915} INFO - Sync 1 DAGs
[2023-09-20T22:45:57.808+0000] {logging_mixin.py:151} INFO - [2023-09-20T22:45:57.807+0000] {dag.py:3696} INFO - Setting next_dagrun for example_dynamic_task_mapping_with_no_taskflow_operators to 2023-09-19T22:45:57.807600+00:00, run_after=2023-09-20T22:45:57.807600+00:00
[2023-09-20T22:45:57.838+0000] {processor.py:179} INFO - Processing /home/airflow/.local/lib/python3.8/site-packages/airflow/example_dags/example_dynamic_task_mapping_with_no_taskflow_operators.py took 0.104 seconds
[2023-09-20T22:46:28.781+0000] {processor.py:157} INFO - Started process (PID=2365) to work on /home/airflow/.local/lib/python3.8/site-packages/airflow/example_dags/example_dynamic_task_mapping_with_no_taskflow_operators.py
[2023-09-20T22:46:28.782+0000] {processor.py:829} INFO - Processing file /home/airflow/.local/lib/python3.8/site-packages/airflow/example_dags/example_dynamic_task_mapping_with_no_taskflow_operators.py for tasks to queue
[2023-09-20T22:46:28.786+0000] {logging_mixin.py:151} INFO - [2023-09-20T22:46:28.786+0000] {dagbag.py:539} INFO - Filling up the DagBag from /home/airflow/.local/lib/python3.8/site-packages/airflow/example_dags/example_dynamic_task_mapping_with_no_taskflow_operators.py
[2023-09-20T22:46:28.796+0000] {processor.py:839} INFO - DAG(s) dict_keys(['example_dynamic_task_mapping_with_no_taskflow_operators']) retrieved from /home/airflow/.local/lib/python3.8/site-packages/airflow/example_dags/example_dynamic_task_mapping_with_no_taskflow_operators.py
[2023-09-20T22:46:28.823+0000] {logging_mixin.py:151} INFO - [2023-09-20T22:46:28.822+0000] {dag.py:2915} INFO - Sync 1 DAGs
[2023-09-20T22:46:28.862+0000] {logging_mixin.py:151} INFO - [2023-09-20T22:46:28.862+0000] {dag.py:3696} INFO - Setting next_dagrun for example_dynamic_task_mapping_with_no_taskflow_operators to 2023-09-19T22:46:28.861657+00:00, run_after=2023-09-20T22:46:28.861657+00:00
[2023-09-20T22:46:28.897+0000] {processor.py:179} INFO - Processing /home/airflow/.local/lib/python3.8/site-packages/airflow/example_dags/example_dynamic_task_mapping_with_no_taskflow_operators.py took 0.121 seconds
[2023-09-20T22:46:59.652+0000] {processor.py:157} INFO - Started process (PID=2420) to work on /home/airflow/.local/lib/python3.8/site-packages/airflow/example_dags/example_dynamic_task_mapping_with_no_taskflow_operators.py
[2023-09-20T22:46:59.654+0000] {processor.py:829} INFO - Processing file /home/airflow/.local/lib/python3.8/site-packages/airflow/example_dags/example_dynamic_task_mapping_with_no_taskflow_operators.py for tasks to queue
[2023-09-20T22:46:59.659+0000] {logging_mixin.py:151} INFO - [2023-09-20T22:46:59.658+0000] {dagbag.py:539} INFO - Filling up the DagBag from /home/airflow/.local/lib/python3.8/site-packages/airflow/example_dags/example_dynamic_task_mapping_with_no_taskflow_operators.py
[2023-09-20T22:46:59.669+0000] {processor.py:839} INFO - DAG(s) dict_keys(['example_dynamic_task_mapping_with_no_taskflow_operators']) retrieved from /home/airflow/.local/lib/python3.8/site-packages/airflow/example_dags/example_dynamic_task_mapping_with_no_taskflow_operators.py
[2023-09-20T22:46:59.700+0000] {logging_mixin.py:151} INFO - [2023-09-20T22:46:59.700+0000] {dag.py:2915} INFO - Sync 1 DAGs
[2023-09-20T22:46:59.732+0000] {logging_mixin.py:151} INFO - [2023-09-20T22:46:59.732+0000] {dag.py:3696} INFO - Setting next_dagrun for example_dynamic_task_mapping_with_no_taskflow_operators to 2023-09-19T22:46:59.732166+00:00, run_after=2023-09-20T22:46:59.732166+00:00
[2023-09-20T22:46:59.760+0000] {processor.py:179} INFO - Processing /home/airflow/.local/lib/python3.8/site-packages/airflow/example_dags/example_dynamic_task_mapping_with_no_taskflow_operators.py took 0.116 seconds
[2023-09-20T22:47:30.724+0000] {processor.py:157} INFO - Started process (PID=2475) to work on /home/airflow/.local/lib/python3.8/site-packages/airflow/example_dags/example_dynamic_task_mapping_with_no_taskflow_operators.py
[2023-09-20T22:47:30.726+0000] {processor.py:829} INFO - Processing file /home/airflow/.local/lib/python3.8/site-packages/airflow/example_dags/example_dynamic_task_mapping_with_no_taskflow_operators.py for tasks to queue
[2023-09-20T22:47:30.730+0000] {logging_mixin.py:151} INFO - [2023-09-20T22:47:30.729+0000] {dagbag.py:539} INFO - Filling up the DagBag from /home/airflow/.local/lib/python3.8/site-packages/airflow/example_dags/example_dynamic_task_mapping_with_no_taskflow_operators.py
[2023-09-20T22:47:30.740+0000] {processor.py:839} INFO - DAG(s) dict_keys(['example_dynamic_task_mapping_with_no_taskflow_operators']) retrieved from /home/airflow/.local/lib/python3.8/site-packages/airflow/example_dags/example_dynamic_task_mapping_with_no_taskflow_operators.py
[2023-09-20T22:47:30.767+0000] {logging_mixin.py:151} INFO - [2023-09-20T22:47:30.767+0000] {dag.py:2915} INFO - Sync 1 DAGs
[2023-09-20T22:47:30.794+0000] {logging_mixin.py:151} INFO - [2023-09-20T22:47:30.794+0000] {dag.py:3696} INFO - Setting next_dagrun for example_dynamic_task_mapping_with_no_taskflow_operators to 2023-09-19T22:47:30.794212+00:00, run_after=2023-09-20T22:47:30.794212+00:00
[2023-09-20T22:47:30.829+0000] {processor.py:179} INFO - Processing /home/airflow/.local/lib/python3.8/site-packages/airflow/example_dags/example_dynamic_task_mapping_with_no_taskflow_operators.py took 0.110 seconds
[2023-09-20T22:48:01.176+0000] {processor.py:157} INFO - Started process (PID=2530) to work on /home/airflow/.local/lib/python3.8/site-packages/airflow/example_dags/example_dynamic_task_mapping_with_no_taskflow_operators.py
[2023-09-20T22:48:01.178+0000] {processor.py:829} INFO - Processing file /home/airflow/.local/lib/python3.8/site-packages/airflow/example_dags/example_dynamic_task_mapping_with_no_taskflow_operators.py for tasks to queue
[2023-09-20T22:48:01.181+0000] {logging_mixin.py:151} INFO - [2023-09-20T22:48:01.181+0000] {dagbag.py:539} INFO - Filling up the DagBag from /home/airflow/.local/lib/python3.8/site-packages/airflow/example_dags/example_dynamic_task_mapping_with_no_taskflow_operators.py
[2023-09-20T22:48:01.190+0000] {processor.py:839} INFO - DAG(s) dict_keys(['example_dynamic_task_mapping_with_no_taskflow_operators']) retrieved from /home/airflow/.local/lib/python3.8/site-packages/airflow/example_dags/example_dynamic_task_mapping_with_no_taskflow_operators.py
[2023-09-20T22:48:01.219+0000] {logging_mixin.py:151} INFO - [2023-09-20T22:48:01.218+0000] {dag.py:2915} INFO - Sync 1 DAGs
[2023-09-20T22:48:01.246+0000] {logging_mixin.py:151} INFO - [2023-09-20T22:48:01.246+0000] {dag.py:3696} INFO - Setting next_dagrun for example_dynamic_task_mapping_with_no_taskflow_operators to 2023-09-19T22:48:01.246101+00:00, run_after=2023-09-20T22:48:01.246101+00:00
[2023-09-20T22:48:01.275+0000] {processor.py:179} INFO - Processing /home/airflow/.local/lib/python3.8/site-packages/airflow/example_dags/example_dynamic_task_mapping_with_no_taskflow_operators.py took 0.103 seconds
[2023-09-20T22:48:31.718+0000] {processor.py:157} INFO - Started process (PID=2585) to work on /home/airflow/.local/lib/python3.8/site-packages/airflow/example_dags/example_dynamic_task_mapping_with_no_taskflow_operators.py
[2023-09-20T22:48:31.720+0000] {processor.py:829} INFO - Processing file /home/airflow/.local/lib/python3.8/site-packages/airflow/example_dags/example_dynamic_task_mapping_with_no_taskflow_operators.py for tasks to queue
[2023-09-20T22:48:31.724+0000] {logging_mixin.py:151} INFO - [2023-09-20T22:48:31.723+0000] {dagbag.py:539} INFO - Filling up the DagBag from /home/airflow/.local/lib/python3.8/site-packages/airflow/example_dags/example_dynamic_task_mapping_with_no_taskflow_operators.py
[2023-09-20T22:48:31.736+0000] {processor.py:839} INFO - DAG(s) dict_keys(['example_dynamic_task_mapping_with_no_taskflow_operators']) retrieved from /home/airflow/.local/lib/python3.8/site-packages/airflow/example_dags/example_dynamic_task_mapping_with_no_taskflow_operators.py
[2023-09-20T22:48:31.766+0000] {logging_mixin.py:151} INFO - [2023-09-20T22:48:31.766+0000] {dag.py:2915} INFO - Sync 1 DAGs
[2023-09-20T22:48:31.792+0000] {logging_mixin.py:151} INFO - [2023-09-20T22:48:31.792+0000] {dag.py:3696} INFO - Setting next_dagrun for example_dynamic_task_mapping_with_no_taskflow_operators to 2023-09-19T22:48:31.791973+00:00, run_after=2023-09-20T22:48:31.791973+00:00
[2023-09-20T22:48:31.818+0000] {processor.py:179} INFO - Processing /home/airflow/.local/lib/python3.8/site-packages/airflow/example_dags/example_dynamic_task_mapping_with_no_taskflow_operators.py took 0.107 seconds
[2023-09-20T22:49:02.669+0000] {processor.py:157} INFO - Started process (PID=2640) to work on /home/airflow/.local/lib/python3.8/site-packages/airflow/example_dags/example_dynamic_task_mapping_with_no_taskflow_operators.py
[2023-09-20T22:49:02.670+0000] {processor.py:829} INFO - Processing file /home/airflow/.local/lib/python3.8/site-packages/airflow/example_dags/example_dynamic_task_mapping_with_no_taskflow_operators.py for tasks to queue
[2023-09-20T22:49:02.675+0000] {logging_mixin.py:151} INFO - [2023-09-20T22:49:02.675+0000] {dagbag.py:539} INFO - Filling up the DagBag from /home/airflow/.local/lib/python3.8/site-packages/airflow/example_dags/example_dynamic_task_mapping_with_no_taskflow_operators.py
[2023-09-20T22:49:02.688+0000] {processor.py:839} INFO - DAG(s) dict_keys(['example_dynamic_task_mapping_with_no_taskflow_operators']) retrieved from /home/airflow/.local/lib/python3.8/site-packages/airflow/example_dags/example_dynamic_task_mapping_with_no_taskflow_operators.py
[2023-09-20T22:49:02.716+0000] {logging_mixin.py:151} INFO - [2023-09-20T22:49:02.716+0000] {dag.py:2915} INFO - Sync 1 DAGs
[2023-09-20T22:49:02.748+0000] {logging_mixin.py:151} INFO - [2023-09-20T22:49:02.747+0000] {dag.py:3696} INFO - Setting next_dagrun for example_dynamic_task_mapping_with_no_taskflow_operators to 2023-09-19T22:49:02.747606+00:00, run_after=2023-09-20T22:49:02.747606+00:00
[2023-09-20T22:49:02.772+0000] {processor.py:179} INFO - Processing /home/airflow/.local/lib/python3.8/site-packages/airflow/example_dags/example_dynamic_task_mapping_with_no_taskflow_operators.py took 0.111 seconds
[2023-09-20T22:49:33.226+0000] {processor.py:157} INFO - Started process (PID=2695) to work on /home/airflow/.local/lib/python3.8/site-packages/airflow/example_dags/example_dynamic_task_mapping_with_no_taskflow_operators.py
[2023-09-20T22:49:33.228+0000] {processor.py:829} INFO - Processing file /home/airflow/.local/lib/python3.8/site-packages/airflow/example_dags/example_dynamic_task_mapping_with_no_taskflow_operators.py for tasks to queue
[2023-09-20T22:49:33.231+0000] {logging_mixin.py:151} INFO - [2023-09-20T22:49:33.231+0000] {dagbag.py:539} INFO - Filling up the DagBag from /home/airflow/.local/lib/python3.8/site-packages/airflow/example_dags/example_dynamic_task_mapping_with_no_taskflow_operators.py
[2023-09-20T22:49:33.240+0000] {processor.py:839} INFO - DAG(s) dict_keys(['example_dynamic_task_mapping_with_no_taskflow_operators']) retrieved from /home/airflow/.local/lib/python3.8/site-packages/airflow/example_dags/example_dynamic_task_mapping_with_no_taskflow_operators.py
[2023-09-20T22:49:33.266+0000] {logging_mixin.py:151} INFO - [2023-09-20T22:49:33.266+0000] {dag.py:2915} INFO - Sync 1 DAGs
[2023-09-20T22:49:33.295+0000] {logging_mixin.py:151} INFO - [2023-09-20T22:49:33.295+0000] {dag.py:3696} INFO - Setting next_dagrun for example_dynamic_task_mapping_with_no_taskflow_operators to 2023-09-19T22:49:33.294883+00:00, run_after=2023-09-20T22:49:33.294883+00:00
[2023-09-20T22:49:33.346+0000] {processor.py:179} INFO - Processing /home/airflow/.local/lib/python3.8/site-packages/airflow/example_dags/example_dynamic_task_mapping_with_no_taskflow_operators.py took 0.124 seconds
[2023-09-20T22:50:03.450+0000] {processor.py:157} INFO - Started process (PID=2750) to work on /home/airflow/.local/lib/python3.8/site-packages/airflow/example_dags/example_dynamic_task_mapping_with_no_taskflow_operators.py
[2023-09-20T22:50:03.452+0000] {processor.py:829} INFO - Processing file /home/airflow/.local/lib/python3.8/site-packages/airflow/example_dags/example_dynamic_task_mapping_with_no_taskflow_operators.py for tasks to queue
[2023-09-20T22:50:03.455+0000] {logging_mixin.py:151} INFO - [2023-09-20T22:50:03.455+0000] {dagbag.py:539} INFO - Filling up the DagBag from /home/airflow/.local/lib/python3.8/site-packages/airflow/example_dags/example_dynamic_task_mapping_with_no_taskflow_operators.py
[2023-09-20T22:50:03.465+0000] {processor.py:839} INFO - DAG(s) dict_keys(['example_dynamic_task_mapping_with_no_taskflow_operators']) retrieved from /home/airflow/.local/lib/python3.8/site-packages/airflow/example_dags/example_dynamic_task_mapping_with_no_taskflow_operators.py
[2023-09-20T22:50:03.501+0000] {logging_mixin.py:151} INFO - [2023-09-20T22:50:03.500+0000] {dag.py:2915} INFO - Sync 1 DAGs
[2023-09-20T22:50:03.541+0000] {logging_mixin.py:151} INFO - [2023-09-20T22:50:03.541+0000] {dag.py:3696} INFO - Setting next_dagrun for example_dynamic_task_mapping_with_no_taskflow_operators to 2023-09-19T22:50:03.540609+00:00, run_after=2023-09-20T22:50:03.540609+00:00
[2023-09-20T22:50:03.576+0000] {processor.py:179} INFO - Processing /home/airflow/.local/lib/python3.8/site-packages/airflow/example_dags/example_dynamic_task_mapping_with_no_taskflow_operators.py took 0.132 seconds
[2023-09-20T22:50:33.877+0000] {processor.py:157} INFO - Started process (PID=2805) to work on /home/airflow/.local/lib/python3.8/site-packages/airflow/example_dags/example_dynamic_task_mapping_with_no_taskflow_operators.py
[2023-09-20T22:50:33.879+0000] {processor.py:829} INFO - Processing file /home/airflow/.local/lib/python3.8/site-packages/airflow/example_dags/example_dynamic_task_mapping_with_no_taskflow_operators.py for tasks to queue
[2023-09-20T22:50:33.882+0000] {logging_mixin.py:151} INFO - [2023-09-20T22:50:33.882+0000] {dagbag.py:539} INFO - Filling up the DagBag from /home/airflow/.local/lib/python3.8/site-packages/airflow/example_dags/example_dynamic_task_mapping_with_no_taskflow_operators.py
[2023-09-20T22:50:33.891+0000] {processor.py:839} INFO - DAG(s) dict_keys(['example_dynamic_task_mapping_with_no_taskflow_operators']) retrieved from /home/airflow/.local/lib/python3.8/site-packages/airflow/example_dags/example_dynamic_task_mapping_with_no_taskflow_operators.py
[2023-09-20T22:50:33.921+0000] {logging_mixin.py:151} INFO - [2023-09-20T22:50:33.920+0000] {dag.py:2915} INFO - Sync 1 DAGs
[2023-09-20T22:50:33.951+0000] {logging_mixin.py:151} INFO - [2023-09-20T22:50:33.950+0000] {dag.py:3696} INFO - Setting next_dagrun for example_dynamic_task_mapping_with_no_taskflow_operators to 2023-09-19T22:50:33.950400+00:00, run_after=2023-09-20T22:50:33.950400+00:00
[2023-09-20T22:50:33.998+0000] {processor.py:179} INFO - Processing /home/airflow/.local/lib/python3.8/site-packages/airflow/example_dags/example_dynamic_task_mapping_with_no_taskflow_operators.py took 0.127 seconds
[2023-09-20T22:51:04.472+0000] {processor.py:157} INFO - Started process (PID=2860) to work on /home/airflow/.local/lib/python3.8/site-packages/airflow/example_dags/example_dynamic_task_mapping_with_no_taskflow_operators.py
[2023-09-20T22:51:04.473+0000] {processor.py:829} INFO - Processing file /home/airflow/.local/lib/python3.8/site-packages/airflow/example_dags/example_dynamic_task_mapping_with_no_taskflow_operators.py for tasks to queue
[2023-09-20T22:51:04.477+0000] {logging_mixin.py:151} INFO - [2023-09-20T22:51:04.477+0000] {dagbag.py:539} INFO - Filling up the DagBag from /home/airflow/.local/lib/python3.8/site-packages/airflow/example_dags/example_dynamic_task_mapping_with_no_taskflow_operators.py
[2023-09-20T22:51:04.486+0000] {processor.py:839} INFO - DAG(s) dict_keys(['example_dynamic_task_mapping_with_no_taskflow_operators']) retrieved from /home/airflow/.local/lib/python3.8/site-packages/airflow/example_dags/example_dynamic_task_mapping_with_no_taskflow_operators.py
[2023-09-20T22:51:04.512+0000] {logging_mixin.py:151} INFO - [2023-09-20T22:51:04.512+0000] {dag.py:2915} INFO - Sync 1 DAGs
[2023-09-20T22:51:04.541+0000] {logging_mixin.py:151} INFO - [2023-09-20T22:51:04.541+0000] {dag.py:3696} INFO - Setting next_dagrun for example_dynamic_task_mapping_with_no_taskflow_operators to 2023-09-19T22:51:04.541273+00:00, run_after=2023-09-20T22:51:04.541273+00:00
[2023-09-20T22:51:04.679+0000] {processor.py:179} INFO - Processing /home/airflow/.local/lib/python3.8/site-packages/airflow/example_dags/example_dynamic_task_mapping_with_no_taskflow_operators.py took 0.212 seconds
[2023-09-20T22:51:34.834+0000] {processor.py:157} INFO - Started process (PID=2915) to work on /home/airflow/.local/lib/python3.8/site-packages/airflow/example_dags/example_dynamic_task_mapping_with_no_taskflow_operators.py
[2023-09-20T22:51:34.835+0000] {processor.py:829} INFO - Processing file /home/airflow/.local/lib/python3.8/site-packages/airflow/example_dags/example_dynamic_task_mapping_with_no_taskflow_operators.py for tasks to queue
[2023-09-20T22:51:34.839+0000] {logging_mixin.py:151} INFO - [2023-09-20T22:51:34.839+0000] {dagbag.py:539} INFO - Filling up the DagBag from /home/airflow/.local/lib/python3.8/site-packages/airflow/example_dags/example_dynamic_task_mapping_with_no_taskflow_operators.py
[2023-09-20T22:51:34.848+0000] {processor.py:839} INFO - DAG(s) dict_keys(['example_dynamic_task_mapping_with_no_taskflow_operators']) retrieved from /home/airflow/.local/lib/python3.8/site-packages/airflow/example_dags/example_dynamic_task_mapping_with_no_taskflow_operators.py
[2023-09-20T22:51:34.874+0000] {logging_mixin.py:151} INFO - [2023-09-20T22:51:34.874+0000] {dag.py:2915} INFO - Sync 1 DAGs
[2023-09-20T22:51:34.904+0000] {logging_mixin.py:151} INFO - [2023-09-20T22:51:34.904+0000] {dag.py:3696} INFO - Setting next_dagrun for example_dynamic_task_mapping_with_no_taskflow_operators to 2023-09-19T22:51:34.903867+00:00, run_after=2023-09-20T22:51:34.903867+00:00
[2023-09-20T22:51:34.940+0000] {processor.py:179} INFO - Processing /home/airflow/.local/lib/python3.8/site-packages/airflow/example_dags/example_dynamic_task_mapping_with_no_taskflow_operators.py took 0.111 seconds
[2023-09-20T22:52:05.195+0000] {processor.py:157} INFO - Started process (PID=2971) to work on /home/airflow/.local/lib/python3.8/site-packages/airflow/example_dags/example_dynamic_task_mapping_with_no_taskflow_operators.py
[2023-09-20T22:52:05.196+0000] {processor.py:829} INFO - Processing file /home/airflow/.local/lib/python3.8/site-packages/airflow/example_dags/example_dynamic_task_mapping_with_no_taskflow_operators.py for tasks to queue
[2023-09-20T22:52:05.199+0000] {logging_mixin.py:151} INFO - [2023-09-20T22:52:05.199+0000] {dagbag.py:539} INFO - Filling up the DagBag from /home/airflow/.local/lib/python3.8/site-packages/airflow/example_dags/example_dynamic_task_mapping_with_no_taskflow_operators.py
[2023-09-20T22:52:05.207+0000] {processor.py:839} INFO - DAG(s) dict_keys(['example_dynamic_task_mapping_with_no_taskflow_operators']) retrieved from /home/airflow/.local/lib/python3.8/site-packages/airflow/example_dags/example_dynamic_task_mapping_with_no_taskflow_operators.py
[2023-09-20T22:52:05.242+0000] {logging_mixin.py:151} INFO - [2023-09-20T22:52:05.241+0000] {dag.py:2915} INFO - Sync 1 DAGs
[2023-09-20T22:52:05.280+0000] {logging_mixin.py:151} INFO - [2023-09-20T22:52:05.279+0000] {dag.py:3696} INFO - Setting next_dagrun for example_dynamic_task_mapping_with_no_taskflow_operators to 2023-09-19T22:52:05.279295+00:00, run_after=2023-09-20T22:52:05.279295+00:00
[2023-09-20T22:52:05.316+0000] {processor.py:179} INFO - Processing /home/airflow/.local/lib/python3.8/site-packages/airflow/example_dags/example_dynamic_task_mapping_with_no_taskflow_operators.py took 0.126 seconds
[2023-09-20T23:11:32.461+0000] {processor.py:157} INFO - Started process (PID=47) to work on /home/airflow/.local/lib/python3.8/site-packages/airflow/example_dags/example_dynamic_task_mapping_with_no_taskflow_operators.py
[2023-09-20T23:11:32.463+0000] {processor.py:829} INFO - Processing file /home/airflow/.local/lib/python3.8/site-packages/airflow/example_dags/example_dynamic_task_mapping_with_no_taskflow_operators.py for tasks to queue
[2023-09-20T23:11:32.467+0000] {logging_mixin.py:151} INFO - [2023-09-20T23:11:32.467+0000] {dagbag.py:539} INFO - Filling up the DagBag from /home/airflow/.local/lib/python3.8/site-packages/airflow/example_dags/example_dynamic_task_mapping_with_no_taskflow_operators.py
[2023-09-20T23:11:32.479+0000] {processor.py:839} INFO - DAG(s) dict_keys(['example_dynamic_task_mapping_with_no_taskflow_operators']) retrieved from /home/airflow/.local/lib/python3.8/site-packages/airflow/example_dags/example_dynamic_task_mapping_with_no_taskflow_operators.py
[2023-09-20T23:11:32.498+0000] {logging_mixin.py:151} INFO - [2023-09-20T23:11:32.498+0000] {dag.py:2915} INFO - Sync 1 DAGs
[2023-09-20T23:11:32.543+0000] {logging_mixin.py:151} INFO - [2023-09-20T23:11:32.542+0000] {dag.py:3696} INFO - Setting next_dagrun for example_dynamic_task_mapping_with_no_taskflow_operators to 2023-09-19T23:11:32.542225+00:00, run_after=2023-09-20T23:11:32.542225+00:00
[2023-09-20T23:11:32.582+0000] {processor.py:179} INFO - Processing /home/airflow/.local/lib/python3.8/site-packages/airflow/example_dags/example_dynamic_task_mapping_with_no_taskflow_operators.py took 0.128 seconds
[2023-09-20T23:12:03.120+0000] {processor.py:157} INFO - Started process (PID=102) to work on /home/airflow/.local/lib/python3.8/site-packages/airflow/example_dags/example_dynamic_task_mapping_with_no_taskflow_operators.py
[2023-09-20T23:12:03.122+0000] {processor.py:829} INFO - Processing file /home/airflow/.local/lib/python3.8/site-packages/airflow/example_dags/example_dynamic_task_mapping_with_no_taskflow_operators.py for tasks to queue
[2023-09-20T23:12:03.126+0000] {logging_mixin.py:151} INFO - [2023-09-20T23:12:03.125+0000] {dagbag.py:539} INFO - Filling up the DagBag from /home/airflow/.local/lib/python3.8/site-packages/airflow/example_dags/example_dynamic_task_mapping_with_no_taskflow_operators.py
[2023-09-20T23:12:03.137+0000] {processor.py:839} INFO - DAG(s) dict_keys(['example_dynamic_task_mapping_with_no_taskflow_operators']) retrieved from /home/airflow/.local/lib/python3.8/site-packages/airflow/example_dags/example_dynamic_task_mapping_with_no_taskflow_operators.py
[2023-09-20T23:12:03.174+0000] {logging_mixin.py:151} INFO - [2023-09-20T23:12:03.173+0000] {dag.py:2915} INFO - Sync 1 DAGs
[2023-09-20T23:12:03.213+0000] {logging_mixin.py:151} INFO - [2023-09-20T23:12:03.213+0000] {dag.py:3696} INFO - Setting next_dagrun for example_dynamic_task_mapping_with_no_taskflow_operators to 2023-09-19T23:12:03.212858+00:00, run_after=2023-09-20T23:12:03.212858+00:00
[2023-09-20T23:12:03.241+0000] {processor.py:179} INFO - Processing /home/airflow/.local/lib/python3.8/site-packages/airflow/example_dags/example_dynamic_task_mapping_with_no_taskflow_operators.py took 0.128 seconds
[2023-09-20T23:12:35.188+0000] {processor.py:157} INFO - Started process (PID=157) to work on /home/airflow/.local/lib/python3.8/site-packages/airflow/example_dags/example_dynamic_task_mapping_with_no_taskflow_operators.py
[2023-09-20T23:12:35.190+0000] {processor.py:829} INFO - Processing file /home/airflow/.local/lib/python3.8/site-packages/airflow/example_dags/example_dynamic_task_mapping_with_no_taskflow_operators.py for tasks to queue
[2023-09-20T23:12:35.194+0000] {logging_mixin.py:151} INFO - [2023-09-20T23:12:35.193+0000] {dagbag.py:539} INFO - Filling up the DagBag from /home/airflow/.local/lib/python3.8/site-packages/airflow/example_dags/example_dynamic_task_mapping_with_no_taskflow_operators.py
[2023-09-20T23:12:35.203+0000] {processor.py:839} INFO - DAG(s) dict_keys(['example_dynamic_task_mapping_with_no_taskflow_operators']) retrieved from /home/airflow/.local/lib/python3.8/site-packages/airflow/example_dags/example_dynamic_task_mapping_with_no_taskflow_operators.py
[2023-09-20T23:12:35.236+0000] {logging_mixin.py:151} INFO - [2023-09-20T23:12:35.236+0000] {dag.py:2915} INFO - Sync 1 DAGs
[2023-09-20T23:12:35.267+0000] {logging_mixin.py:151} INFO - [2023-09-20T23:12:35.267+0000] {dag.py:3696} INFO - Setting next_dagrun for example_dynamic_task_mapping_with_no_taskflow_operators to 2023-09-19T23:12:35.267163+00:00, run_after=2023-09-20T23:12:35.267163+00:00
[2023-09-20T23:12:35.312+0000] {processor.py:179} INFO - Processing /home/airflow/.local/lib/python3.8/site-packages/airflow/example_dags/example_dynamic_task_mapping_with_no_taskflow_operators.py took 0.132 seconds
[2023-09-20T23:13:05.514+0000] {processor.py:157} INFO - Started process (PID=212) to work on /home/airflow/.local/lib/python3.8/site-packages/airflow/example_dags/example_dynamic_task_mapping_with_no_taskflow_operators.py
[2023-09-20T23:13:05.515+0000] {processor.py:829} INFO - Processing file /home/airflow/.local/lib/python3.8/site-packages/airflow/example_dags/example_dynamic_task_mapping_with_no_taskflow_operators.py for tasks to queue
[2023-09-20T23:13:05.519+0000] {logging_mixin.py:151} INFO - [2023-09-20T23:13:05.519+0000] {dagbag.py:539} INFO - Filling up the DagBag from /home/airflow/.local/lib/python3.8/site-packages/airflow/example_dags/example_dynamic_task_mapping_with_no_taskflow_operators.py
[2023-09-20T23:13:05.527+0000] {processor.py:839} INFO - DAG(s) dict_keys(['example_dynamic_task_mapping_with_no_taskflow_operators']) retrieved from /home/airflow/.local/lib/python3.8/site-packages/airflow/example_dags/example_dynamic_task_mapping_with_no_taskflow_operators.py
[2023-09-20T23:13:05.556+0000] {logging_mixin.py:151} INFO - [2023-09-20T23:13:05.556+0000] {dag.py:2915} INFO - Sync 1 DAGs
[2023-09-20T23:13:05.588+0000] {logging_mixin.py:151} INFO - [2023-09-20T23:13:05.588+0000] {dag.py:3696} INFO - Setting next_dagrun for example_dynamic_task_mapping_with_no_taskflow_operators to 2023-09-19T23:13:05.588341+00:00, run_after=2023-09-20T23:13:05.588341+00:00
[2023-09-20T23:13:05.626+0000] {processor.py:179} INFO - Processing /home/airflow/.local/lib/python3.8/site-packages/airflow/example_dags/example_dynamic_task_mapping_with_no_taskflow_operators.py took 0.116 seconds
