[2023-09-20T22:15:27.134+0000] {processor.py:157} INFO - Started process (PID=33) to work on /home/airflow/.local/lib/python3.8/site-packages/airflow/example_dags/example_latest_only_with_trigger.py
[2023-09-20T22:15:27.136+0000] {processor.py:829} INFO - Processing file /home/airflow/.local/lib/python3.8/site-packages/airflow/example_dags/example_latest_only_with_trigger.py for tasks to queue
[2023-09-20T22:15:27.141+0000] {logging_mixin.py:151} INFO - [2023-09-20T22:15:27.141+0000] {dagbag.py:539} INFO - Filling up the DagBag from /home/airflow/.local/lib/python3.8/site-packages/airflow/example_dags/example_latest_only_with_trigger.py
[2023-09-20T22:15:27.154+0000] {processor.py:839} INFO - DAG(s) dict_keys(['latest_only_with_trigger']) retrieved from /home/airflow/.local/lib/python3.8/site-packages/airflow/example_dags/example_latest_only_with_trigger.py
[2023-09-20T22:15:27.173+0000] {logging_mixin.py:151} INFO - [2023-09-20T22:15:27.172+0000] {dag.py:2915} INFO - Sync 1 DAGs
[2023-09-20T22:15:27.206+0000] {logging_mixin.py:151} INFO - [2023-09-20T22:15:27.206+0000] {dag.py:3696} INFO - Setting next_dagrun for latest_only_with_trigger to 2023-09-20T18:15:27.206138+00:00, run_after=2023-09-20T22:15:27.206138+00:00
[2023-09-20T22:15:27.293+0000] {processor.py:179} INFO - Processing /home/airflow/.local/lib/python3.8/site-packages/airflow/example_dags/example_latest_only_with_trigger.py took 0.164 seconds
[2023-09-20T22:15:57.458+0000] {processor.py:157} INFO - Started process (PID=86) to work on /home/airflow/.local/lib/python3.8/site-packages/airflow/example_dags/example_latest_only_with_trigger.py
[2023-09-20T22:15:57.460+0000] {processor.py:829} INFO - Processing file /home/airflow/.local/lib/python3.8/site-packages/airflow/example_dags/example_latest_only_with_trigger.py for tasks to queue
[2023-09-20T22:15:57.467+0000] {logging_mixin.py:151} INFO - [2023-09-20T22:15:57.466+0000] {dagbag.py:539} INFO - Filling up the DagBag from /home/airflow/.local/lib/python3.8/site-packages/airflow/example_dags/example_latest_only_with_trigger.py
[2023-09-20T22:15:57.483+0000] {processor.py:839} INFO - DAG(s) dict_keys(['latest_only_with_trigger']) retrieved from /home/airflow/.local/lib/python3.8/site-packages/airflow/example_dags/example_latest_only_with_trigger.py
[2023-09-20T22:15:57.528+0000] {logging_mixin.py:151} INFO - [2023-09-20T22:15:57.528+0000] {dag.py:2915} INFO - Sync 1 DAGs
[2023-09-20T22:15:57.574+0000] {logging_mixin.py:151} INFO - [2023-09-20T22:15:57.573+0000] {dag.py:3696} INFO - Setting next_dagrun for latest_only_with_trigger to 2023-09-20T18:15:57.572807+00:00, run_after=2023-09-20T22:15:57.572807+00:00
[2023-09-20T22:15:57.616+0000] {processor.py:179} INFO - Processing /home/airflow/.local/lib/python3.8/site-packages/airflow/example_dags/example_latest_only_with_trigger.py took 0.168 seconds
[2023-09-20T22:16:27.724+0000] {processor.py:157} INFO - Started process (PID=140) to work on /home/airflow/.local/lib/python3.8/site-packages/airflow/example_dags/example_latest_only_with_trigger.py
[2023-09-20T22:16:27.726+0000] {processor.py:829} INFO - Processing file /home/airflow/.local/lib/python3.8/site-packages/airflow/example_dags/example_latest_only_with_trigger.py for tasks to queue
[2023-09-20T22:16:27.730+0000] {logging_mixin.py:151} INFO - [2023-09-20T22:16:27.730+0000] {dagbag.py:539} INFO - Filling up the DagBag from /home/airflow/.local/lib/python3.8/site-packages/airflow/example_dags/example_latest_only_with_trigger.py
[2023-09-20T22:16:27.738+0000] {processor.py:839} INFO - DAG(s) dict_keys(['latest_only_with_trigger']) retrieved from /home/airflow/.local/lib/python3.8/site-packages/airflow/example_dags/example_latest_only_with_trigger.py
[2023-09-20T22:16:27.768+0000] {logging_mixin.py:151} INFO - [2023-09-20T22:16:27.767+0000] {dag.py:2915} INFO - Sync 1 DAGs
[2023-09-20T22:16:27.802+0000] {logging_mixin.py:151} INFO - [2023-09-20T22:16:27.801+0000] {dag.py:3696} INFO - Setting next_dagrun for latest_only_with_trigger to 2023-09-20T18:16:27.801464+00:00, run_after=2023-09-20T22:16:27.801464+00:00
[2023-09-20T22:16:27.830+0000] {processor.py:179} INFO - Processing /home/airflow/.local/lib/python3.8/site-packages/airflow/example_dags/example_latest_only_with_trigger.py took 0.111 seconds
[2023-09-20T22:16:58.125+0000] {processor.py:157} INFO - Started process (PID=194) to work on /home/airflow/.local/lib/python3.8/site-packages/airflow/example_dags/example_latest_only_with_trigger.py
[2023-09-20T22:16:58.126+0000] {processor.py:829} INFO - Processing file /home/airflow/.local/lib/python3.8/site-packages/airflow/example_dags/example_latest_only_with_trigger.py for tasks to queue
[2023-09-20T22:16:58.131+0000] {logging_mixin.py:151} INFO - [2023-09-20T22:16:58.130+0000] {dagbag.py:539} INFO - Filling up the DagBag from /home/airflow/.local/lib/python3.8/site-packages/airflow/example_dags/example_latest_only_with_trigger.py
[2023-09-20T22:16:58.140+0000] {processor.py:839} INFO - DAG(s) dict_keys(['latest_only_with_trigger']) retrieved from /home/airflow/.local/lib/python3.8/site-packages/airflow/example_dags/example_latest_only_with_trigger.py
[2023-09-20T22:16:58.177+0000] {logging_mixin.py:151} INFO - [2023-09-20T22:16:58.177+0000] {dag.py:2915} INFO - Sync 1 DAGs
[2023-09-20T22:16:58.209+0000] {logging_mixin.py:151} INFO - [2023-09-20T22:16:58.208+0000] {dag.py:3696} INFO - Setting next_dagrun for latest_only_with_trigger to 2023-09-20T18:16:58.208351+00:00, run_after=2023-09-20T22:16:58.208351+00:00
[2023-09-20T22:16:58.245+0000] {processor.py:179} INFO - Processing /home/airflow/.local/lib/python3.8/site-packages/airflow/example_dags/example_latest_only_with_trigger.py took 0.126 seconds
[2023-09-20T22:24:57.422+0000] {processor.py:157} INFO - Started process (PID=33) to work on /home/airflow/.local/lib/python3.8/site-packages/airflow/example_dags/example_latest_only_with_trigger.py
[2023-09-20T22:24:57.424+0000] {processor.py:829} INFO - Processing file /home/airflow/.local/lib/python3.8/site-packages/airflow/example_dags/example_latest_only_with_trigger.py for tasks to queue
[2023-09-20T22:24:57.429+0000] {logging_mixin.py:151} INFO - [2023-09-20T22:24:57.428+0000] {dagbag.py:539} INFO - Filling up the DagBag from /home/airflow/.local/lib/python3.8/site-packages/airflow/example_dags/example_latest_only_with_trigger.py
[2023-09-20T22:24:57.443+0000] {processor.py:839} INFO - DAG(s) dict_keys(['latest_only_with_trigger']) retrieved from /home/airflow/.local/lib/python3.8/site-packages/airflow/example_dags/example_latest_only_with_trigger.py
[2023-09-20T22:24:57.607+0000] {logging_mixin.py:151} INFO - [2023-09-20T22:24:57.607+0000] {dag.py:2915} INFO - Sync 1 DAGs
[2023-09-20T22:24:57.649+0000] {logging_mixin.py:151} INFO - [2023-09-20T22:24:57.648+0000] {dag.py:3696} INFO - Setting next_dagrun for latest_only_with_trigger to 2023-09-20T18:24:57.648592+00:00, run_after=2023-09-20T22:24:57.648592+00:00
[2023-09-20T22:24:57.687+0000] {processor.py:179} INFO - Processing /home/airflow/.local/lib/python3.8/site-packages/airflow/example_dags/example_latest_only_with_trigger.py took 0.272 seconds
[2023-09-20T22:25:28.495+0000] {processor.py:157} INFO - Started process (PID=88) to work on /home/airflow/.local/lib/python3.8/site-packages/airflow/example_dags/example_latest_only_with_trigger.py
[2023-09-20T22:25:28.497+0000] {processor.py:829} INFO - Processing file /home/airflow/.local/lib/python3.8/site-packages/airflow/example_dags/example_latest_only_with_trigger.py for tasks to queue
[2023-09-20T22:25:28.501+0000] {logging_mixin.py:151} INFO - [2023-09-20T22:25:28.500+0000] {dagbag.py:539} INFO - Filling up the DagBag from /home/airflow/.local/lib/python3.8/site-packages/airflow/example_dags/example_latest_only_with_trigger.py
[2023-09-20T22:25:28.510+0000] {processor.py:839} INFO - DAG(s) dict_keys(['latest_only_with_trigger']) retrieved from /home/airflow/.local/lib/python3.8/site-packages/airflow/example_dags/example_latest_only_with_trigger.py
[2023-09-20T22:25:28.543+0000] {logging_mixin.py:151} INFO - [2023-09-20T22:25:28.543+0000] {dag.py:2915} INFO - Sync 1 DAGs
[2023-09-20T22:25:28.578+0000] {logging_mixin.py:151} INFO - [2023-09-20T22:25:28.578+0000] {dag.py:3696} INFO - Setting next_dagrun for latest_only_with_trigger to 2023-09-20T18:25:28.577990+00:00, run_after=2023-09-20T22:25:28.577990+00:00
[2023-09-20T22:25:28.627+0000] {processor.py:179} INFO - Processing /home/airflow/.local/lib/python3.8/site-packages/airflow/example_dags/example_latest_only_with_trigger.py took 0.138 seconds
[2023-09-20T22:25:59.206+0000] {processor.py:157} INFO - Started process (PID=143) to work on /home/airflow/.local/lib/python3.8/site-packages/airflow/example_dags/example_latest_only_with_trigger.py
[2023-09-20T22:25:59.209+0000] {processor.py:829} INFO - Processing file /home/airflow/.local/lib/python3.8/site-packages/airflow/example_dags/example_latest_only_with_trigger.py for tasks to queue
[2023-09-20T22:25:59.213+0000] {logging_mixin.py:151} INFO - [2023-09-20T22:25:59.213+0000] {dagbag.py:539} INFO - Filling up the DagBag from /home/airflow/.local/lib/python3.8/site-packages/airflow/example_dags/example_latest_only_with_trigger.py
[2023-09-20T22:25:59.227+0000] {processor.py:839} INFO - DAG(s) dict_keys(['latest_only_with_trigger']) retrieved from /home/airflow/.local/lib/python3.8/site-packages/airflow/example_dags/example_latest_only_with_trigger.py
[2023-09-20T22:25:59.272+0000] {logging_mixin.py:151} INFO - [2023-09-20T22:25:59.272+0000] {dag.py:2915} INFO - Sync 1 DAGs
[2023-09-20T22:25:59.304+0000] {logging_mixin.py:151} INFO - [2023-09-20T22:25:59.304+0000] {dag.py:3696} INFO - Setting next_dagrun for latest_only_with_trigger to 2023-09-20T18:25:59.304210+00:00, run_after=2023-09-20T22:25:59.304210+00:00
[2023-09-20T22:25:59.348+0000] {processor.py:179} INFO - Processing /home/airflow/.local/lib/python3.8/site-packages/airflow/example_dags/example_latest_only_with_trigger.py took 0.152 seconds
[2023-09-20T22:26:29.678+0000] {processor.py:157} INFO - Started process (PID=197) to work on /home/airflow/.local/lib/python3.8/site-packages/airflow/example_dags/example_latest_only_with_trigger.py
[2023-09-20T22:26:29.680+0000] {processor.py:829} INFO - Processing file /home/airflow/.local/lib/python3.8/site-packages/airflow/example_dags/example_latest_only_with_trigger.py for tasks to queue
[2023-09-20T22:26:29.686+0000] {logging_mixin.py:151} INFO - [2023-09-20T22:26:29.685+0000] {dagbag.py:539} INFO - Filling up the DagBag from /home/airflow/.local/lib/python3.8/site-packages/airflow/example_dags/example_latest_only_with_trigger.py
[2023-09-20T22:26:29.702+0000] {processor.py:839} INFO - DAG(s) dict_keys(['latest_only_with_trigger']) retrieved from /home/airflow/.local/lib/python3.8/site-packages/airflow/example_dags/example_latest_only_with_trigger.py
[2023-09-20T22:26:29.749+0000] {logging_mixin.py:151} INFO - [2023-09-20T22:26:29.748+0000] {dag.py:2915} INFO - Sync 1 DAGs
[2023-09-20T22:26:29.792+0000] {logging_mixin.py:151} INFO - [2023-09-20T22:26:29.792+0000] {dag.py:3696} INFO - Setting next_dagrun for latest_only_with_trigger to 2023-09-20T18:26:29.791664+00:00, run_after=2023-09-20T22:26:29.791664+00:00
[2023-09-20T22:26:30.028+0000] {processor.py:179} INFO - Processing /home/airflow/.local/lib/python3.8/site-packages/airflow/example_dags/example_latest_only_with_trigger.py took 0.360 seconds
[2023-09-20T22:27:00.135+0000] {processor.py:157} INFO - Started process (PID=252) to work on /home/airflow/.local/lib/python3.8/site-packages/airflow/example_dags/example_latest_only_with_trigger.py
[2023-09-20T22:27:00.138+0000] {processor.py:829} INFO - Processing file /home/airflow/.local/lib/python3.8/site-packages/airflow/example_dags/example_latest_only_with_trigger.py for tasks to queue
[2023-09-20T22:27:00.144+0000] {logging_mixin.py:151} INFO - [2023-09-20T22:27:00.144+0000] {dagbag.py:539} INFO - Filling up the DagBag from /home/airflow/.local/lib/python3.8/site-packages/airflow/example_dags/example_latest_only_with_trigger.py
[2023-09-20T22:27:00.157+0000] {processor.py:839} INFO - DAG(s) dict_keys(['latest_only_with_trigger']) retrieved from /home/airflow/.local/lib/python3.8/site-packages/airflow/example_dags/example_latest_only_with_trigger.py
[2023-09-20T22:27:00.189+0000] {logging_mixin.py:151} INFO - [2023-09-20T22:27:00.189+0000] {dag.py:2915} INFO - Sync 1 DAGs
[2023-09-20T22:27:00.240+0000] {logging_mixin.py:151} INFO - [2023-09-20T22:27:00.240+0000] {dag.py:3696} INFO - Setting next_dagrun for latest_only_with_trigger to 2023-09-20T18:27:00.240222+00:00, run_after=2023-09-20T22:27:00.240222+00:00
[2023-09-20T22:27:00.278+0000] {processor.py:179} INFO - Processing /home/airflow/.local/lib/python3.8/site-packages/airflow/example_dags/example_latest_only_with_trigger.py took 0.153 seconds
[2023-09-20T22:27:30.773+0000] {processor.py:157} INFO - Started process (PID=307) to work on /home/airflow/.local/lib/python3.8/site-packages/airflow/example_dags/example_latest_only_with_trigger.py
[2023-09-20T22:27:30.775+0000] {processor.py:829} INFO - Processing file /home/airflow/.local/lib/python3.8/site-packages/airflow/example_dags/example_latest_only_with_trigger.py for tasks to queue
[2023-09-20T22:27:30.778+0000] {logging_mixin.py:151} INFO - [2023-09-20T22:27:30.778+0000] {dagbag.py:539} INFO - Filling up the DagBag from /home/airflow/.local/lib/python3.8/site-packages/airflow/example_dags/example_latest_only_with_trigger.py
[2023-09-20T22:27:30.786+0000] {processor.py:839} INFO - DAG(s) dict_keys(['latest_only_with_trigger']) retrieved from /home/airflow/.local/lib/python3.8/site-packages/airflow/example_dags/example_latest_only_with_trigger.py
[2023-09-20T22:27:30.816+0000] {logging_mixin.py:151} INFO - [2023-09-20T22:27:30.816+0000] {dag.py:2915} INFO - Sync 1 DAGs
[2023-09-20T22:27:30.893+0000] {logging_mixin.py:151} INFO - [2023-09-20T22:27:30.893+0000] {dag.py:3696} INFO - Setting next_dagrun for latest_only_with_trigger to 2023-09-20T18:27:30.893182+00:00, run_after=2023-09-20T22:27:30.893182+00:00
[2023-09-20T22:27:30.957+0000] {processor.py:179} INFO - Processing /home/airflow/.local/lib/python3.8/site-packages/airflow/example_dags/example_latest_only_with_trigger.py took 0.189 seconds
[2023-09-20T22:28:01.166+0000] {processor.py:157} INFO - Started process (PID=363) to work on /home/airflow/.local/lib/python3.8/site-packages/airflow/example_dags/example_latest_only_with_trigger.py
[2023-09-20T22:28:01.168+0000] {processor.py:829} INFO - Processing file /home/airflow/.local/lib/python3.8/site-packages/airflow/example_dags/example_latest_only_with_trigger.py for tasks to queue
[2023-09-20T22:28:01.172+0000] {logging_mixin.py:151} INFO - [2023-09-20T22:28:01.171+0000] {dagbag.py:539} INFO - Filling up the DagBag from /home/airflow/.local/lib/python3.8/site-packages/airflow/example_dags/example_latest_only_with_trigger.py
[2023-09-20T22:28:01.179+0000] {processor.py:839} INFO - DAG(s) dict_keys(['latest_only_with_trigger']) retrieved from /home/airflow/.local/lib/python3.8/site-packages/airflow/example_dags/example_latest_only_with_trigger.py
[2023-09-20T22:28:01.214+0000] {logging_mixin.py:151} INFO - [2023-09-20T22:28:01.214+0000] {dag.py:2915} INFO - Sync 1 DAGs
[2023-09-20T22:28:01.252+0000] {logging_mixin.py:151} INFO - [2023-09-20T22:28:01.252+0000] {dag.py:3696} INFO - Setting next_dagrun for latest_only_with_trigger to 2023-09-20T18:28:01.251855+00:00, run_after=2023-09-20T22:28:01.251855+00:00
[2023-09-20T22:28:01.295+0000] {processor.py:179} INFO - Processing /home/airflow/.local/lib/python3.8/site-packages/airflow/example_dags/example_latest_only_with_trigger.py took 0.133 seconds
[2023-09-20T22:28:31.892+0000] {processor.py:157} INFO - Started process (PID=418) to work on /home/airflow/.local/lib/python3.8/site-packages/airflow/example_dags/example_latest_only_with_trigger.py
[2023-09-20T22:28:31.894+0000] {processor.py:829} INFO - Processing file /home/airflow/.local/lib/python3.8/site-packages/airflow/example_dags/example_latest_only_with_trigger.py for tasks to queue
[2023-09-20T22:28:31.899+0000] {logging_mixin.py:151} INFO - [2023-09-20T22:28:31.899+0000] {dagbag.py:539} INFO - Filling up the DagBag from /home/airflow/.local/lib/python3.8/site-packages/airflow/example_dags/example_latest_only_with_trigger.py
[2023-09-20T22:28:31.909+0000] {processor.py:839} INFO - DAG(s) dict_keys(['latest_only_with_trigger']) retrieved from /home/airflow/.local/lib/python3.8/site-packages/airflow/example_dags/example_latest_only_with_trigger.py
[2023-09-20T22:28:31.941+0000] {logging_mixin.py:151} INFO - [2023-09-20T22:28:31.940+0000] {dag.py:2915} INFO - Sync 1 DAGs
[2023-09-20T22:28:31.973+0000] {logging_mixin.py:151} INFO - [2023-09-20T22:28:31.973+0000] {dag.py:3696} INFO - Setting next_dagrun for latest_only_with_trigger to 2023-09-20T18:28:31.973038+00:00, run_after=2023-09-20T22:28:31.973038+00:00
[2023-09-20T22:28:32.018+0000] {processor.py:179} INFO - Processing /home/airflow/.local/lib/python3.8/site-packages/airflow/example_dags/example_latest_only_with_trigger.py took 0.130 seconds
[2023-09-20T22:29:02.701+0000] {processor.py:157} INFO - Started process (PID=473) to work on /home/airflow/.local/lib/python3.8/site-packages/airflow/example_dags/example_latest_only_with_trigger.py
[2023-09-20T22:29:02.704+0000] {processor.py:829} INFO - Processing file /home/airflow/.local/lib/python3.8/site-packages/airflow/example_dags/example_latest_only_with_trigger.py for tasks to queue
[2023-09-20T22:29:02.712+0000] {logging_mixin.py:151} INFO - [2023-09-20T22:29:02.711+0000] {dagbag.py:539} INFO - Filling up the DagBag from /home/airflow/.local/lib/python3.8/site-packages/airflow/example_dags/example_latest_only_with_trigger.py
[2023-09-20T22:29:02.728+0000] {processor.py:839} INFO - DAG(s) dict_keys(['latest_only_with_trigger']) retrieved from /home/airflow/.local/lib/python3.8/site-packages/airflow/example_dags/example_latest_only_with_trigger.py
[2023-09-20T22:29:02.782+0000] {logging_mixin.py:151} INFO - [2023-09-20T22:29:02.782+0000] {dag.py:2915} INFO - Sync 1 DAGs
[2023-09-20T22:29:02.831+0000] {logging_mixin.py:151} INFO - [2023-09-20T22:29:02.831+0000] {dag.py:3696} INFO - Setting next_dagrun for latest_only_with_trigger to 2023-09-20T18:29:02.831084+00:00, run_after=2023-09-20T22:29:02.831084+00:00
[2023-09-20T22:29:02.879+0000] {processor.py:179} INFO - Processing /home/airflow/.local/lib/python3.8/site-packages/airflow/example_dags/example_latest_only_with_trigger.py took 0.193 seconds
[2023-09-20T22:29:33.405+0000] {processor.py:157} INFO - Started process (PID=528) to work on /home/airflow/.local/lib/python3.8/site-packages/airflow/example_dags/example_latest_only_with_trigger.py
[2023-09-20T22:29:33.408+0000] {processor.py:829} INFO - Processing file /home/airflow/.local/lib/python3.8/site-packages/airflow/example_dags/example_latest_only_with_trigger.py for tasks to queue
[2023-09-20T22:29:33.414+0000] {logging_mixin.py:151} INFO - [2023-09-20T22:29:33.414+0000] {dagbag.py:539} INFO - Filling up the DagBag from /home/airflow/.local/lib/python3.8/site-packages/airflow/example_dags/example_latest_only_with_trigger.py
[2023-09-20T22:29:33.429+0000] {processor.py:839} INFO - DAG(s) dict_keys(['latest_only_with_trigger']) retrieved from /home/airflow/.local/lib/python3.8/site-packages/airflow/example_dags/example_latest_only_with_trigger.py
[2023-09-20T22:29:33.483+0000] {logging_mixin.py:151} INFO - [2023-09-20T22:29:33.482+0000] {dag.py:2915} INFO - Sync 1 DAGs
[2023-09-20T22:29:33.526+0000] {logging_mixin.py:151} INFO - [2023-09-20T22:29:33.526+0000] {dag.py:3696} INFO - Setting next_dagrun for latest_only_with_trigger to 2023-09-20T18:29:33.525808+00:00, run_after=2023-09-20T22:29:33.525808+00:00
[2023-09-20T22:29:33.566+0000] {processor.py:179} INFO - Processing /home/airflow/.local/lib/python3.8/site-packages/airflow/example_dags/example_latest_only_with_trigger.py took 0.171 seconds
[2023-09-20T22:30:03.961+0000] {processor.py:157} INFO - Started process (PID=583) to work on /home/airflow/.local/lib/python3.8/site-packages/airflow/example_dags/example_latest_only_with_trigger.py
[2023-09-20T22:30:03.964+0000] {processor.py:829} INFO - Processing file /home/airflow/.local/lib/python3.8/site-packages/airflow/example_dags/example_latest_only_with_trigger.py for tasks to queue
[2023-09-20T22:30:03.973+0000] {logging_mixin.py:151} INFO - [2023-09-20T22:30:03.972+0000] {dagbag.py:539} INFO - Filling up the DagBag from /home/airflow/.local/lib/python3.8/site-packages/airflow/example_dags/example_latest_only_with_trigger.py
[2023-09-20T22:30:03.990+0000] {processor.py:839} INFO - DAG(s) dict_keys(['latest_only_with_trigger']) retrieved from /home/airflow/.local/lib/python3.8/site-packages/airflow/example_dags/example_latest_only_with_trigger.py
[2023-09-20T22:30:04.027+0000] {logging_mixin.py:151} INFO - [2023-09-20T22:30:04.027+0000] {dag.py:2915} INFO - Sync 1 DAGs
[2023-09-20T22:30:04.063+0000] {logging_mixin.py:151} INFO - [2023-09-20T22:30:04.063+0000] {dag.py:3696} INFO - Setting next_dagrun for latest_only_with_trigger to 2023-09-20T18:30:04.063274+00:00, run_after=2023-09-20T22:30:04.063274+00:00
[2023-09-20T22:30:04.093+0000] {processor.py:179} INFO - Processing /home/airflow/.local/lib/python3.8/site-packages/airflow/example_dags/example_latest_only_with_trigger.py took 0.141 seconds
[2023-09-20T22:30:35.068+0000] {processor.py:157} INFO - Started process (PID=638) to work on /home/airflow/.local/lib/python3.8/site-packages/airflow/example_dags/example_latest_only_with_trigger.py
[2023-09-20T22:30:35.071+0000] {processor.py:829} INFO - Processing file /home/airflow/.local/lib/python3.8/site-packages/airflow/example_dags/example_latest_only_with_trigger.py for tasks to queue
[2023-09-20T22:30:35.078+0000] {logging_mixin.py:151} INFO - [2023-09-20T22:30:35.077+0000] {dagbag.py:539} INFO - Filling up the DagBag from /home/airflow/.local/lib/python3.8/site-packages/airflow/example_dags/example_latest_only_with_trigger.py
[2023-09-20T22:30:35.094+0000] {processor.py:839} INFO - DAG(s) dict_keys(['latest_only_with_trigger']) retrieved from /home/airflow/.local/lib/python3.8/site-packages/airflow/example_dags/example_latest_only_with_trigger.py
[2023-09-20T22:30:35.147+0000] {logging_mixin.py:151} INFO - [2023-09-20T22:30:35.147+0000] {dag.py:2915} INFO - Sync 1 DAGs
[2023-09-20T22:30:35.190+0000] {logging_mixin.py:151} INFO - [2023-09-20T22:30:35.190+0000] {dag.py:3696} INFO - Setting next_dagrun for latest_only_with_trigger to 2023-09-20T18:30:35.189751+00:00, run_after=2023-09-20T22:30:35.189751+00:00
[2023-09-20T22:30:35.224+0000] {processor.py:179} INFO - Processing /home/airflow/.local/lib/python3.8/site-packages/airflow/example_dags/example_latest_only_with_trigger.py took 0.163 seconds
[2023-09-20T22:31:05.833+0000] {processor.py:157} INFO - Started process (PID=693) to work on /home/airflow/.local/lib/python3.8/site-packages/airflow/example_dags/example_latest_only_with_trigger.py
[2023-09-20T22:31:05.834+0000] {processor.py:829} INFO - Processing file /home/airflow/.local/lib/python3.8/site-packages/airflow/example_dags/example_latest_only_with_trigger.py for tasks to queue
[2023-09-20T22:31:05.840+0000] {logging_mixin.py:151} INFO - [2023-09-20T22:31:05.839+0000] {dagbag.py:539} INFO - Filling up the DagBag from /home/airflow/.local/lib/python3.8/site-packages/airflow/example_dags/example_latest_only_with_trigger.py
[2023-09-20T22:31:05.857+0000] {processor.py:839} INFO - DAG(s) dict_keys(['latest_only_with_trigger']) retrieved from /home/airflow/.local/lib/python3.8/site-packages/airflow/example_dags/example_latest_only_with_trigger.py
[2023-09-20T22:31:05.887+0000] {logging_mixin.py:151} INFO - [2023-09-20T22:31:05.887+0000] {dag.py:2915} INFO - Sync 1 DAGs
[2023-09-20T22:31:05.918+0000] {logging_mixin.py:151} INFO - [2023-09-20T22:31:05.918+0000] {dag.py:3696} INFO - Setting next_dagrun for latest_only_with_trigger to 2023-09-20T18:31:05.918001+00:00, run_after=2023-09-20T22:31:05.918001+00:00
[2023-09-20T22:31:05.969+0000] {processor.py:179} INFO - Processing /home/airflow/.local/lib/python3.8/site-packages/airflow/example_dags/example_latest_only_with_trigger.py took 0.141 seconds
[2023-09-20T22:31:36.846+0000] {processor.py:157} INFO - Started process (PID=748) to work on /home/airflow/.local/lib/python3.8/site-packages/airflow/example_dags/example_latest_only_with_trigger.py
[2023-09-20T22:31:36.849+0000] {processor.py:829} INFO - Processing file /home/airflow/.local/lib/python3.8/site-packages/airflow/example_dags/example_latest_only_with_trigger.py for tasks to queue
[2023-09-20T22:31:36.857+0000] {logging_mixin.py:151} INFO - [2023-09-20T22:31:36.856+0000] {dagbag.py:539} INFO - Filling up the DagBag from /home/airflow/.local/lib/python3.8/site-packages/airflow/example_dags/example_latest_only_with_trigger.py
[2023-09-20T22:31:36.876+0000] {processor.py:839} INFO - DAG(s) dict_keys(['latest_only_with_trigger']) retrieved from /home/airflow/.local/lib/python3.8/site-packages/airflow/example_dags/example_latest_only_with_trigger.py
[2023-09-20T22:31:36.923+0000] {logging_mixin.py:151} INFO - [2023-09-20T22:31:36.923+0000] {dag.py:2915} INFO - Sync 1 DAGs
[2023-09-20T22:31:36.968+0000] {logging_mixin.py:151} INFO - [2023-09-20T22:31:36.968+0000] {dag.py:3696} INFO - Setting next_dagrun for latest_only_with_trigger to 2023-09-20T18:31:36.968056+00:00, run_after=2023-09-20T22:31:36.968056+00:00
[2023-09-20T22:31:37.022+0000] {processor.py:179} INFO - Processing /home/airflow/.local/lib/python3.8/site-packages/airflow/example_dags/example_latest_only_with_trigger.py took 0.190 seconds
[2023-09-20T22:32:07.425+0000] {processor.py:157} INFO - Started process (PID=803) to work on /home/airflow/.local/lib/python3.8/site-packages/airflow/example_dags/example_latest_only_with_trigger.py
[2023-09-20T22:32:07.428+0000] {processor.py:829} INFO - Processing file /home/airflow/.local/lib/python3.8/site-packages/airflow/example_dags/example_latest_only_with_trigger.py for tasks to queue
[2023-09-20T22:32:07.436+0000] {logging_mixin.py:151} INFO - [2023-09-20T22:32:07.435+0000] {dagbag.py:539} INFO - Filling up the DagBag from /home/airflow/.local/lib/python3.8/site-packages/airflow/example_dags/example_latest_only_with_trigger.py
[2023-09-20T22:32:07.444+0000] {processor.py:839} INFO - DAG(s) dict_keys(['latest_only_with_trigger']) retrieved from /home/airflow/.local/lib/python3.8/site-packages/airflow/example_dags/example_latest_only_with_trigger.py
[2023-09-20T22:32:07.487+0000] {logging_mixin.py:151} INFO - [2023-09-20T22:32:07.487+0000] {dag.py:2915} INFO - Sync 1 DAGs
[2023-09-20T22:32:07.527+0000] {logging_mixin.py:151} INFO - [2023-09-20T22:32:07.527+0000] {dag.py:3696} INFO - Setting next_dagrun for latest_only_with_trigger to 2023-09-20T18:32:07.527378+00:00, run_after=2023-09-20T22:32:07.527378+00:00
[2023-09-20T22:32:07.558+0000] {processor.py:179} INFO - Processing /home/airflow/.local/lib/python3.8/site-packages/airflow/example_dags/example_latest_only_with_trigger.py took 0.142 seconds
[2023-09-20T22:32:38.058+0000] {processor.py:157} INFO - Started process (PID=858) to work on /home/airflow/.local/lib/python3.8/site-packages/airflow/example_dags/example_latest_only_with_trigger.py
[2023-09-20T22:32:38.061+0000] {processor.py:829} INFO - Processing file /home/airflow/.local/lib/python3.8/site-packages/airflow/example_dags/example_latest_only_with_trigger.py for tasks to queue
[2023-09-20T22:32:38.069+0000] {logging_mixin.py:151} INFO - [2023-09-20T22:32:38.068+0000] {dagbag.py:539} INFO - Filling up the DagBag from /home/airflow/.local/lib/python3.8/site-packages/airflow/example_dags/example_latest_only_with_trigger.py
[2023-09-20T22:32:38.083+0000] {processor.py:839} INFO - DAG(s) dict_keys(['latest_only_with_trigger']) retrieved from /home/airflow/.local/lib/python3.8/site-packages/airflow/example_dags/example_latest_only_with_trigger.py
[2023-09-20T22:32:38.131+0000] {logging_mixin.py:151} INFO - [2023-09-20T22:32:38.131+0000] {dag.py:2915} INFO - Sync 1 DAGs
[2023-09-20T22:32:38.171+0000] {logging_mixin.py:151} INFO - [2023-09-20T22:32:38.170+0000] {dag.py:3696} INFO - Setting next_dagrun for latest_only_with_trigger to 2023-09-20T18:32:38.170423+00:00, run_after=2023-09-20T22:32:38.170423+00:00
[2023-09-20T22:32:38.203+0000] {processor.py:179} INFO - Processing /home/airflow/.local/lib/python3.8/site-packages/airflow/example_dags/example_latest_only_with_trigger.py took 0.158 seconds
[2023-09-20T22:33:08.840+0000] {processor.py:157} INFO - Started process (PID=913) to work on /home/airflow/.local/lib/python3.8/site-packages/airflow/example_dags/example_latest_only_with_trigger.py
[2023-09-20T22:33:08.843+0000] {processor.py:829} INFO - Processing file /home/airflow/.local/lib/python3.8/site-packages/airflow/example_dags/example_latest_only_with_trigger.py for tasks to queue
[2023-09-20T22:33:08.849+0000] {logging_mixin.py:151} INFO - [2023-09-20T22:33:08.848+0000] {dagbag.py:539} INFO - Filling up the DagBag from /home/airflow/.local/lib/python3.8/site-packages/airflow/example_dags/example_latest_only_with_trigger.py
[2023-09-20T22:33:08.856+0000] {processor.py:839} INFO - DAG(s) dict_keys(['latest_only_with_trigger']) retrieved from /home/airflow/.local/lib/python3.8/site-packages/airflow/example_dags/example_latest_only_with_trigger.py
[2023-09-20T22:33:08.894+0000] {logging_mixin.py:151} INFO - [2023-09-20T22:33:08.894+0000] {dag.py:2915} INFO - Sync 1 DAGs
[2023-09-20T22:33:08.931+0000] {logging_mixin.py:151} INFO - [2023-09-20T22:33:08.930+0000] {dag.py:3696} INFO - Setting next_dagrun for latest_only_with_trigger to 2023-09-20T18:33:08.930458+00:00, run_after=2023-09-20T22:33:08.930458+00:00
[2023-09-20T22:33:08.965+0000] {processor.py:179} INFO - Processing /home/airflow/.local/lib/python3.8/site-packages/airflow/example_dags/example_latest_only_with_trigger.py took 0.130 seconds
[2023-09-20T22:33:39.111+0000] {processor.py:157} INFO - Started process (PID=968) to work on /home/airflow/.local/lib/python3.8/site-packages/airflow/example_dags/example_latest_only_with_trigger.py
[2023-09-20T22:33:39.114+0000] {processor.py:829} INFO - Processing file /home/airflow/.local/lib/python3.8/site-packages/airflow/example_dags/example_latest_only_with_trigger.py for tasks to queue
[2023-09-20T22:33:39.122+0000] {logging_mixin.py:151} INFO - [2023-09-20T22:33:39.121+0000] {dagbag.py:539} INFO - Filling up the DagBag from /home/airflow/.local/lib/python3.8/site-packages/airflow/example_dags/example_latest_only_with_trigger.py
[2023-09-20T22:33:39.137+0000] {processor.py:839} INFO - DAG(s) dict_keys(['latest_only_with_trigger']) retrieved from /home/airflow/.local/lib/python3.8/site-packages/airflow/example_dags/example_latest_only_with_trigger.py
[2023-09-20T22:33:39.187+0000] {logging_mixin.py:151} INFO - [2023-09-20T22:33:39.186+0000] {dag.py:2915} INFO - Sync 1 DAGs
[2023-09-20T22:33:39.232+0000] {logging_mixin.py:151} INFO - [2023-09-20T22:33:39.231+0000] {dag.py:3696} INFO - Setting next_dagrun for latest_only_with_trigger to 2023-09-20T18:33:39.231321+00:00, run_after=2023-09-20T22:33:39.231321+00:00
[2023-09-20T22:33:39.275+0000] {processor.py:179} INFO - Processing /home/airflow/.local/lib/python3.8/site-packages/airflow/example_dags/example_latest_only_with_trigger.py took 0.172 seconds
[2023-09-20T22:34:09.602+0000] {processor.py:157} INFO - Started process (PID=1023) to work on /home/airflow/.local/lib/python3.8/site-packages/airflow/example_dags/example_latest_only_with_trigger.py
[2023-09-20T22:34:09.604+0000] {processor.py:829} INFO - Processing file /home/airflow/.local/lib/python3.8/site-packages/airflow/example_dags/example_latest_only_with_trigger.py for tasks to queue
[2023-09-20T22:34:09.612+0000] {logging_mixin.py:151} INFO - [2023-09-20T22:34:09.612+0000] {dagbag.py:539} INFO - Filling up the DagBag from /home/airflow/.local/lib/python3.8/site-packages/airflow/example_dags/example_latest_only_with_trigger.py
[2023-09-20T22:34:09.627+0000] {processor.py:839} INFO - DAG(s) dict_keys(['latest_only_with_trigger']) retrieved from /home/airflow/.local/lib/python3.8/site-packages/airflow/example_dags/example_latest_only_with_trigger.py
[2023-09-20T22:34:09.691+0000] {logging_mixin.py:151} INFO - [2023-09-20T22:34:09.691+0000] {dag.py:2915} INFO - Sync 1 DAGs
[2023-09-20T22:34:09.733+0000] {logging_mixin.py:151} INFO - [2023-09-20T22:34:09.732+0000] {dag.py:3696} INFO - Setting next_dagrun for latest_only_with_trigger to 2023-09-20T18:34:09.732424+00:00, run_after=2023-09-20T22:34:09.732424+00:00
[2023-09-20T22:34:09.789+0000] {processor.py:179} INFO - Processing /home/airflow/.local/lib/python3.8/site-packages/airflow/example_dags/example_latest_only_with_trigger.py took 0.196 seconds
[2023-09-20T22:34:40.299+0000] {processor.py:157} INFO - Started process (PID=1078) to work on /home/airflow/.local/lib/python3.8/site-packages/airflow/example_dags/example_latest_only_with_trigger.py
[2023-09-20T22:34:40.302+0000] {processor.py:829} INFO - Processing file /home/airflow/.local/lib/python3.8/site-packages/airflow/example_dags/example_latest_only_with_trigger.py for tasks to queue
[2023-09-20T22:34:40.311+0000] {logging_mixin.py:151} INFO - [2023-09-20T22:34:40.310+0000] {dagbag.py:539} INFO - Filling up the DagBag from /home/airflow/.local/lib/python3.8/site-packages/airflow/example_dags/example_latest_only_with_trigger.py
[2023-09-20T22:34:40.327+0000] {processor.py:839} INFO - DAG(s) dict_keys(['latest_only_with_trigger']) retrieved from /home/airflow/.local/lib/python3.8/site-packages/airflow/example_dags/example_latest_only_with_trigger.py
[2023-09-20T22:34:40.382+0000] {logging_mixin.py:151} INFO - [2023-09-20T22:34:40.382+0000] {dag.py:2915} INFO - Sync 1 DAGs
[2023-09-20T22:34:40.425+0000] {logging_mixin.py:151} INFO - [2023-09-20T22:34:40.425+0000] {dag.py:3696} INFO - Setting next_dagrun for latest_only_with_trigger to 2023-09-20T18:34:40.425344+00:00, run_after=2023-09-20T22:34:40.425344+00:00
[2023-09-20T22:34:40.469+0000] {processor.py:179} INFO - Processing /home/airflow/.local/lib/python3.8/site-packages/airflow/example_dags/example_latest_only_with_trigger.py took 0.183 seconds
[2023-09-20T22:35:11.258+0000] {processor.py:157} INFO - Started process (PID=1133) to work on /home/airflow/.local/lib/python3.8/site-packages/airflow/example_dags/example_latest_only_with_trigger.py
[2023-09-20T22:35:11.261+0000] {processor.py:829} INFO - Processing file /home/airflow/.local/lib/python3.8/site-packages/airflow/example_dags/example_latest_only_with_trigger.py for tasks to queue
[2023-09-20T22:35:11.268+0000] {logging_mixin.py:151} INFO - [2023-09-20T22:35:11.267+0000] {dagbag.py:539} INFO - Filling up the DagBag from /home/airflow/.local/lib/python3.8/site-packages/airflow/example_dags/example_latest_only_with_trigger.py
[2023-09-20T22:35:11.285+0000] {processor.py:839} INFO - DAG(s) dict_keys(['latest_only_with_trigger']) retrieved from /home/airflow/.local/lib/python3.8/site-packages/airflow/example_dags/example_latest_only_with_trigger.py
[2023-09-20T22:35:11.338+0000] {logging_mixin.py:151} INFO - [2023-09-20T22:35:11.337+0000] {dag.py:2915} INFO - Sync 1 DAGs
[2023-09-20T22:35:11.376+0000] {logging_mixin.py:151} INFO - [2023-09-20T22:35:11.376+0000] {dag.py:3696} INFO - Setting next_dagrun for latest_only_with_trigger to 2023-09-20T18:35:11.375777+00:00, run_after=2023-09-20T22:35:11.375777+00:00
[2023-09-20T22:35:11.408+0000] {processor.py:179} INFO - Processing /home/airflow/.local/lib/python3.8/site-packages/airflow/example_dags/example_latest_only_with_trigger.py took 0.159 seconds
[2023-09-20T22:35:42.181+0000] {processor.py:157} INFO - Started process (PID=1188) to work on /home/airflow/.local/lib/python3.8/site-packages/airflow/example_dags/example_latest_only_with_trigger.py
[2023-09-20T22:35:42.184+0000] {processor.py:829} INFO - Processing file /home/airflow/.local/lib/python3.8/site-packages/airflow/example_dags/example_latest_only_with_trigger.py for tasks to queue
[2023-09-20T22:35:42.193+0000] {logging_mixin.py:151} INFO - [2023-09-20T22:35:42.192+0000] {dagbag.py:539} INFO - Filling up the DagBag from /home/airflow/.local/lib/python3.8/site-packages/airflow/example_dags/example_latest_only_with_trigger.py
[2023-09-20T22:35:42.208+0000] {processor.py:839} INFO - DAG(s) dict_keys(['latest_only_with_trigger']) retrieved from /home/airflow/.local/lib/python3.8/site-packages/airflow/example_dags/example_latest_only_with_trigger.py
[2023-09-20T22:35:42.268+0000] {logging_mixin.py:151} INFO - [2023-09-20T22:35:42.267+0000] {dag.py:2915} INFO - Sync 1 DAGs
[2023-09-20T22:35:42.317+0000] {logging_mixin.py:151} INFO - [2023-09-20T22:35:42.317+0000] {dag.py:3696} INFO - Setting next_dagrun for latest_only_with_trigger to 2023-09-20T18:35:42.317003+00:00, run_after=2023-09-20T22:35:42.317003+00:00
[2023-09-20T22:35:42.352+0000] {processor.py:179} INFO - Processing /home/airflow/.local/lib/python3.8/site-packages/airflow/example_dags/example_latest_only_with_trigger.py took 0.180 seconds
[2023-09-20T22:36:12.409+0000] {processor.py:157} INFO - Started process (PID=1243) to work on /home/airflow/.local/lib/python3.8/site-packages/airflow/example_dags/example_latest_only_with_trigger.py
[2023-09-20T22:36:12.411+0000] {processor.py:829} INFO - Processing file /home/airflow/.local/lib/python3.8/site-packages/airflow/example_dags/example_latest_only_with_trigger.py for tasks to queue
[2023-09-20T22:36:12.419+0000] {logging_mixin.py:151} INFO - [2023-09-20T22:36:12.419+0000] {dagbag.py:539} INFO - Filling up the DagBag from /home/airflow/.local/lib/python3.8/site-packages/airflow/example_dags/example_latest_only_with_trigger.py
[2023-09-20T22:36:12.434+0000] {processor.py:839} INFO - DAG(s) dict_keys(['latest_only_with_trigger']) retrieved from /home/airflow/.local/lib/python3.8/site-packages/airflow/example_dags/example_latest_only_with_trigger.py
[2023-09-20T22:36:12.485+0000] {logging_mixin.py:151} INFO - [2023-09-20T22:36:12.485+0000] {dag.py:2915} INFO - Sync 1 DAGs
[2023-09-20T22:36:12.524+0000] {logging_mixin.py:151} INFO - [2023-09-20T22:36:12.523+0000] {dag.py:3696} INFO - Setting next_dagrun for latest_only_with_trigger to 2023-09-20T18:36:12.523562+00:00, run_after=2023-09-20T22:36:12.523562+00:00
[2023-09-20T22:36:12.565+0000] {processor.py:179} INFO - Processing /home/airflow/.local/lib/python3.8/site-packages/airflow/example_dags/example_latest_only_with_trigger.py took 0.165 seconds
[2023-09-20T22:36:43.223+0000] {processor.py:157} INFO - Started process (PID=1298) to work on /home/airflow/.local/lib/python3.8/site-packages/airflow/example_dags/example_latest_only_with_trigger.py
[2023-09-20T22:36:43.225+0000] {processor.py:829} INFO - Processing file /home/airflow/.local/lib/python3.8/site-packages/airflow/example_dags/example_latest_only_with_trigger.py for tasks to queue
[2023-09-20T22:36:43.233+0000] {logging_mixin.py:151} INFO - [2023-09-20T22:36:43.232+0000] {dagbag.py:539} INFO - Filling up the DagBag from /home/airflow/.local/lib/python3.8/site-packages/airflow/example_dags/example_latest_only_with_trigger.py
[2023-09-20T22:36:43.245+0000] {processor.py:839} INFO - DAG(s) dict_keys(['latest_only_with_trigger']) retrieved from /home/airflow/.local/lib/python3.8/site-packages/airflow/example_dags/example_latest_only_with_trigger.py
[2023-09-20T22:36:43.294+0000] {logging_mixin.py:151} INFO - [2023-09-20T22:36:43.294+0000] {dag.py:2915} INFO - Sync 1 DAGs
[2023-09-20T22:36:43.336+0000] {logging_mixin.py:151} INFO - [2023-09-20T22:36:43.336+0000] {dag.py:3696} INFO - Setting next_dagrun for latest_only_with_trigger to 2023-09-20T18:36:43.336291+00:00, run_after=2023-09-20T22:36:43.336291+00:00
[2023-09-20T22:36:43.377+0000] {processor.py:179} INFO - Processing /home/airflow/.local/lib/python3.8/site-packages/airflow/example_dags/example_latest_only_with_trigger.py took 0.164 seconds
[2023-09-20T22:37:13.608+0000] {processor.py:157} INFO - Started process (PID=1354) to work on /home/airflow/.local/lib/python3.8/site-packages/airflow/example_dags/example_latest_only_with_trigger.py
[2023-09-20T22:37:13.613+0000] {processor.py:829} INFO - Processing file /home/airflow/.local/lib/python3.8/site-packages/airflow/example_dags/example_latest_only_with_trigger.py for tasks to queue
[2023-09-20T22:37:13.621+0000] {logging_mixin.py:151} INFO - [2023-09-20T22:37:13.620+0000] {dagbag.py:539} INFO - Filling up the DagBag from /home/airflow/.local/lib/python3.8/site-packages/airflow/example_dags/example_latest_only_with_trigger.py
[2023-09-20T22:37:13.635+0000] {processor.py:839} INFO - DAG(s) dict_keys(['latest_only_with_trigger']) retrieved from /home/airflow/.local/lib/python3.8/site-packages/airflow/example_dags/example_latest_only_with_trigger.py
[2023-09-20T22:37:13.668+0000] {logging_mixin.py:151} INFO - [2023-09-20T22:37:13.668+0000] {dag.py:2915} INFO - Sync 1 DAGs
[2023-09-20T22:37:13.697+0000] {logging_mixin.py:151} INFO - [2023-09-20T22:37:13.697+0000] {dag.py:3696} INFO - Setting next_dagrun for latest_only_with_trigger to 2023-09-20T18:37:13.697319+00:00, run_after=2023-09-20T22:37:13.697319+00:00
[2023-09-20T22:37:13.740+0000] {processor.py:179} INFO - Processing /home/airflow/.local/lib/python3.8/site-packages/airflow/example_dags/example_latest_only_with_trigger.py took 0.140 seconds
[2023-09-20T22:37:44.319+0000] {processor.py:157} INFO - Started process (PID=1409) to work on /home/airflow/.local/lib/python3.8/site-packages/airflow/example_dags/example_latest_only_with_trigger.py
[2023-09-20T22:37:44.322+0000] {processor.py:829} INFO - Processing file /home/airflow/.local/lib/python3.8/site-packages/airflow/example_dags/example_latest_only_with_trigger.py for tasks to queue
[2023-09-20T22:37:44.328+0000] {logging_mixin.py:151} INFO - [2023-09-20T22:37:44.328+0000] {dagbag.py:539} INFO - Filling up the DagBag from /home/airflow/.local/lib/python3.8/site-packages/airflow/example_dags/example_latest_only_with_trigger.py
[2023-09-20T22:37:44.344+0000] {processor.py:839} INFO - DAG(s) dict_keys(['latest_only_with_trigger']) retrieved from /home/airflow/.local/lib/python3.8/site-packages/airflow/example_dags/example_latest_only_with_trigger.py
[2023-09-20T22:37:44.390+0000] {logging_mixin.py:151} INFO - [2023-09-20T22:37:44.389+0000] {dag.py:2915} INFO - Sync 1 DAGs
[2023-09-20T22:37:44.436+0000] {logging_mixin.py:151} INFO - [2023-09-20T22:37:44.436+0000] {dag.py:3696} INFO - Setting next_dagrun for latest_only_with_trigger to 2023-09-20T18:37:44.435996+00:00, run_after=2023-09-20T22:37:44.435996+00:00
[2023-09-20T22:37:44.479+0000] {processor.py:179} INFO - Processing /home/airflow/.local/lib/python3.8/site-packages/airflow/example_dags/example_latest_only_with_trigger.py took 0.167 seconds
[2023-09-20T22:38:14.538+0000] {processor.py:157} INFO - Started process (PID=1464) to work on /home/airflow/.local/lib/python3.8/site-packages/airflow/example_dags/example_latest_only_with_trigger.py
[2023-09-20T22:38:14.540+0000] {processor.py:829} INFO - Processing file /home/airflow/.local/lib/python3.8/site-packages/airflow/example_dags/example_latest_only_with_trigger.py for tasks to queue
[2023-09-20T22:38:14.547+0000] {logging_mixin.py:151} INFO - [2023-09-20T22:38:14.546+0000] {dagbag.py:539} INFO - Filling up the DagBag from /home/airflow/.local/lib/python3.8/site-packages/airflow/example_dags/example_latest_only_with_trigger.py
[2023-09-20T22:38:14.559+0000] {processor.py:839} INFO - DAG(s) dict_keys(['latest_only_with_trigger']) retrieved from /home/airflow/.local/lib/python3.8/site-packages/airflow/example_dags/example_latest_only_with_trigger.py
[2023-09-20T22:38:14.611+0000] {logging_mixin.py:151} INFO - [2023-09-20T22:38:14.610+0000] {dag.py:2915} INFO - Sync 1 DAGs
[2023-09-20T22:38:14.659+0000] {logging_mixin.py:151} INFO - [2023-09-20T22:38:14.659+0000] {dag.py:3696} INFO - Setting next_dagrun for latest_only_with_trigger to 2023-09-20T18:38:14.658971+00:00, run_after=2023-09-20T22:38:14.658971+00:00
[2023-09-20T22:38:14.687+0000] {processor.py:179} INFO - Processing /home/airflow/.local/lib/python3.8/site-packages/airflow/example_dags/example_latest_only_with_trigger.py took 0.158 seconds
[2023-09-20T22:38:44.895+0000] {processor.py:157} INFO - Started process (PID=1519) to work on /home/airflow/.local/lib/python3.8/site-packages/airflow/example_dags/example_latest_only_with_trigger.py
[2023-09-20T22:38:44.897+0000] {processor.py:829} INFO - Processing file /home/airflow/.local/lib/python3.8/site-packages/airflow/example_dags/example_latest_only_with_trigger.py for tasks to queue
[2023-09-20T22:38:44.906+0000] {logging_mixin.py:151} INFO - [2023-09-20T22:38:44.905+0000] {dagbag.py:539} INFO - Filling up the DagBag from /home/airflow/.local/lib/python3.8/site-packages/airflow/example_dags/example_latest_only_with_trigger.py
[2023-09-20T22:38:44.920+0000] {processor.py:839} INFO - DAG(s) dict_keys(['latest_only_with_trigger']) retrieved from /home/airflow/.local/lib/python3.8/site-packages/airflow/example_dags/example_latest_only_with_trigger.py
[2023-09-20T22:38:44.985+0000] {logging_mixin.py:151} INFO - [2023-09-20T22:38:44.984+0000] {dag.py:2915} INFO - Sync 1 DAGs
[2023-09-20T22:38:45.033+0000] {logging_mixin.py:151} INFO - [2023-09-20T22:38:45.033+0000] {dag.py:3696} INFO - Setting next_dagrun for latest_only_with_trigger to 2023-09-20T18:38:45.032795+00:00, run_after=2023-09-20T22:38:45.032795+00:00
[2023-09-20T22:38:45.068+0000] {processor.py:179} INFO - Processing /home/airflow/.local/lib/python3.8/site-packages/airflow/example_dags/example_latest_only_with_trigger.py took 0.184 seconds
[2023-09-20T22:39:15.570+0000] {processor.py:157} INFO - Started process (PID=1574) to work on /home/airflow/.local/lib/python3.8/site-packages/airflow/example_dags/example_latest_only_with_trigger.py
[2023-09-20T22:39:15.573+0000] {processor.py:829} INFO - Processing file /home/airflow/.local/lib/python3.8/site-packages/airflow/example_dags/example_latest_only_with_trigger.py for tasks to queue
[2023-09-20T22:39:15.583+0000] {logging_mixin.py:151} INFO - [2023-09-20T22:39:15.582+0000] {dagbag.py:539} INFO - Filling up the DagBag from /home/airflow/.local/lib/python3.8/site-packages/airflow/example_dags/example_latest_only_with_trigger.py
[2023-09-20T22:39:15.598+0000] {processor.py:839} INFO - DAG(s) dict_keys(['latest_only_with_trigger']) retrieved from /home/airflow/.local/lib/python3.8/site-packages/airflow/example_dags/example_latest_only_with_trigger.py
[2023-09-20T22:39:15.640+0000] {logging_mixin.py:151} INFO - [2023-09-20T22:39:15.640+0000] {dag.py:2915} INFO - Sync 1 DAGs
[2023-09-20T22:39:15.678+0000] {logging_mixin.py:151} INFO - [2023-09-20T22:39:15.678+0000] {dag.py:3696} INFO - Setting next_dagrun for latest_only_with_trigger to 2023-09-20T18:39:15.678076+00:00, run_after=2023-09-20T22:39:15.678076+00:00
[2023-09-20T22:39:15.715+0000] {processor.py:179} INFO - Processing /home/airflow/.local/lib/python3.8/site-packages/airflow/example_dags/example_latest_only_with_trigger.py took 0.157 seconds
[2023-09-20T22:39:45.996+0000] {processor.py:157} INFO - Started process (PID=1629) to work on /home/airflow/.local/lib/python3.8/site-packages/airflow/example_dags/example_latest_only_with_trigger.py
[2023-09-20T22:39:45.999+0000] {processor.py:829} INFO - Processing file /home/airflow/.local/lib/python3.8/site-packages/airflow/example_dags/example_latest_only_with_trigger.py for tasks to queue
[2023-09-20T22:39:46.005+0000] {logging_mixin.py:151} INFO - [2023-09-20T22:39:46.005+0000] {dagbag.py:539} INFO - Filling up the DagBag from /home/airflow/.local/lib/python3.8/site-packages/airflow/example_dags/example_latest_only_with_trigger.py
[2023-09-20T22:39:46.018+0000] {processor.py:839} INFO - DAG(s) dict_keys(['latest_only_with_trigger']) retrieved from /home/airflow/.local/lib/python3.8/site-packages/airflow/example_dags/example_latest_only_with_trigger.py
[2023-09-20T22:39:46.049+0000] {logging_mixin.py:151} INFO - [2023-09-20T22:39:46.049+0000] {dag.py:2915} INFO - Sync 1 DAGs
[2023-09-20T22:39:46.086+0000] {logging_mixin.py:151} INFO - [2023-09-20T22:39:46.086+0000] {dag.py:3696} INFO - Setting next_dagrun for latest_only_with_trigger to 2023-09-20T18:39:46.086300+00:00, run_after=2023-09-20T22:39:46.086300+00:00
[2023-09-20T22:39:46.126+0000] {processor.py:179} INFO - Processing /home/airflow/.local/lib/python3.8/site-packages/airflow/example_dags/example_latest_only_with_trigger.py took 0.139 seconds
[2023-09-20T22:40:16.819+0000] {processor.py:157} INFO - Started process (PID=1683) to work on /home/airflow/.local/lib/python3.8/site-packages/airflow/example_dags/example_latest_only_with_trigger.py
[2023-09-20T22:40:16.821+0000] {processor.py:829} INFO - Processing file /home/airflow/.local/lib/python3.8/site-packages/airflow/example_dags/example_latest_only_with_trigger.py for tasks to queue
[2023-09-20T22:40:16.827+0000] {logging_mixin.py:151} INFO - [2023-09-20T22:40:16.826+0000] {dagbag.py:539} INFO - Filling up the DagBag from /home/airflow/.local/lib/python3.8/site-packages/airflow/example_dags/example_latest_only_with_trigger.py
[2023-09-20T22:40:16.838+0000] {processor.py:839} INFO - DAG(s) dict_keys(['latest_only_with_trigger']) retrieved from /home/airflow/.local/lib/python3.8/site-packages/airflow/example_dags/example_latest_only_with_trigger.py
[2023-09-20T22:40:16.886+0000] {logging_mixin.py:151} INFO - [2023-09-20T22:40:16.885+0000] {dag.py:2915} INFO - Sync 1 DAGs
[2023-09-20T22:40:16.921+0000] {logging_mixin.py:151} INFO - [2023-09-20T22:40:16.921+0000] {dag.py:3696} INFO - Setting next_dagrun for latest_only_with_trigger to 2023-09-20T18:40:16.920687+00:00, run_after=2023-09-20T22:40:16.920687+00:00
[2023-09-20T22:40:16.956+0000] {processor.py:179} INFO - Processing /home/airflow/.local/lib/python3.8/site-packages/airflow/example_dags/example_latest_only_with_trigger.py took 0.147 seconds
[2023-09-20T22:40:47.113+0000] {processor.py:157} INFO - Started process (PID=1738) to work on /home/airflow/.local/lib/python3.8/site-packages/airflow/example_dags/example_latest_only_with_trigger.py
[2023-09-20T22:40:47.116+0000] {processor.py:829} INFO - Processing file /home/airflow/.local/lib/python3.8/site-packages/airflow/example_dags/example_latest_only_with_trigger.py for tasks to queue
[2023-09-20T22:40:47.122+0000] {logging_mixin.py:151} INFO - [2023-09-20T22:40:47.122+0000] {dagbag.py:539} INFO - Filling up the DagBag from /home/airflow/.local/lib/python3.8/site-packages/airflow/example_dags/example_latest_only_with_trigger.py
[2023-09-20T22:40:47.136+0000] {processor.py:839} INFO - DAG(s) dict_keys(['latest_only_with_trigger']) retrieved from /home/airflow/.local/lib/python3.8/site-packages/airflow/example_dags/example_latest_only_with_trigger.py
[2023-09-20T22:40:47.187+0000] {logging_mixin.py:151} INFO - [2023-09-20T22:40:47.187+0000] {dag.py:2915} INFO - Sync 1 DAGs
[2023-09-20T22:40:47.235+0000] {logging_mixin.py:151} INFO - [2023-09-20T22:40:47.235+0000] {dag.py:3696} INFO - Setting next_dagrun for latest_only_with_trigger to 2023-09-20T18:40:47.234040+00:00, run_after=2023-09-20T22:40:47.234040+00:00
[2023-09-20T22:40:47.324+0000] {processor.py:179} INFO - Processing /home/airflow/.local/lib/python3.8/site-packages/airflow/example_dags/example_latest_only_with_trigger.py took 0.222 seconds
[2023-09-20T22:41:17.610+0000] {processor.py:157} INFO - Started process (PID=1793) to work on /home/airflow/.local/lib/python3.8/site-packages/airflow/example_dags/example_latest_only_with_trigger.py
[2023-09-20T22:41:17.611+0000] {processor.py:829} INFO - Processing file /home/airflow/.local/lib/python3.8/site-packages/airflow/example_dags/example_latest_only_with_trigger.py for tasks to queue
[2023-09-20T22:41:17.616+0000] {logging_mixin.py:151} INFO - [2023-09-20T22:41:17.615+0000] {dagbag.py:539} INFO - Filling up the DagBag from /home/airflow/.local/lib/python3.8/site-packages/airflow/example_dags/example_latest_only_with_trigger.py
[2023-09-20T22:41:17.627+0000] {processor.py:839} INFO - DAG(s) dict_keys(['latest_only_with_trigger']) retrieved from /home/airflow/.local/lib/python3.8/site-packages/airflow/example_dags/example_latest_only_with_trigger.py
[2023-09-20T22:41:17.664+0000] {logging_mixin.py:151} INFO - [2023-09-20T22:41:17.664+0000] {dag.py:2915} INFO - Sync 1 DAGs
[2023-09-20T22:41:17.697+0000] {logging_mixin.py:151} INFO - [2023-09-20T22:41:17.697+0000] {dag.py:3696} INFO - Setting next_dagrun for latest_only_with_trigger to 2023-09-20T18:41:17.697014+00:00, run_after=2023-09-20T22:41:17.697014+00:00
[2023-09-20T22:41:17.739+0000] {processor.py:179} INFO - Processing /home/airflow/.local/lib/python3.8/site-packages/airflow/example_dags/example_latest_only_with_trigger.py took 0.134 seconds
[2023-09-20T22:41:48.310+0000] {processor.py:157} INFO - Started process (PID=1848) to work on /home/airflow/.local/lib/python3.8/site-packages/airflow/example_dags/example_latest_only_with_trigger.py
[2023-09-20T22:41:48.312+0000] {processor.py:829} INFO - Processing file /home/airflow/.local/lib/python3.8/site-packages/airflow/example_dags/example_latest_only_with_trigger.py for tasks to queue
[2023-09-20T22:41:48.318+0000] {logging_mixin.py:151} INFO - [2023-09-20T22:41:48.317+0000] {dagbag.py:539} INFO - Filling up the DagBag from /home/airflow/.local/lib/python3.8/site-packages/airflow/example_dags/example_latest_only_with_trigger.py
[2023-09-20T22:41:48.334+0000] {processor.py:839} INFO - DAG(s) dict_keys(['latest_only_with_trigger']) retrieved from /home/airflow/.local/lib/python3.8/site-packages/airflow/example_dags/example_latest_only_with_trigger.py
[2023-09-20T22:41:48.373+0000] {logging_mixin.py:151} INFO - [2023-09-20T22:41:48.372+0000] {dag.py:2915} INFO - Sync 1 DAGs
[2023-09-20T22:41:48.408+0000] {logging_mixin.py:151} INFO - [2023-09-20T22:41:48.408+0000] {dag.py:3696} INFO - Setting next_dagrun for latest_only_with_trigger to 2023-09-20T18:41:48.407498+00:00, run_after=2023-09-20T22:41:48.407498+00:00
[2023-09-20T22:41:48.449+0000] {processor.py:179} INFO - Processing /home/airflow/.local/lib/python3.8/site-packages/airflow/example_dags/example_latest_only_with_trigger.py took 0.150 seconds
[2023-09-20T22:42:18.891+0000] {processor.py:157} INFO - Started process (PID=1903) to work on /home/airflow/.local/lib/python3.8/site-packages/airflow/example_dags/example_latest_only_with_trigger.py
[2023-09-20T22:42:18.893+0000] {processor.py:829} INFO - Processing file /home/airflow/.local/lib/python3.8/site-packages/airflow/example_dags/example_latest_only_with_trigger.py for tasks to queue
[2023-09-20T22:42:18.897+0000] {logging_mixin.py:151} INFO - [2023-09-20T22:42:18.897+0000] {dagbag.py:539} INFO - Filling up the DagBag from /home/airflow/.local/lib/python3.8/site-packages/airflow/example_dags/example_latest_only_with_trigger.py
[2023-09-20T22:42:18.906+0000] {processor.py:839} INFO - DAG(s) dict_keys(['latest_only_with_trigger']) retrieved from /home/airflow/.local/lib/python3.8/site-packages/airflow/example_dags/example_latest_only_with_trigger.py
[2023-09-20T22:42:18.948+0000] {logging_mixin.py:151} INFO - [2023-09-20T22:42:18.948+0000] {dag.py:2915} INFO - Sync 1 DAGs
[2023-09-20T22:42:18.980+0000] {logging_mixin.py:151} INFO - [2023-09-20T22:42:18.979+0000] {dag.py:3696} INFO - Setting next_dagrun for latest_only_with_trigger to 2023-09-20T18:42:18.979587+00:00, run_after=2023-09-20T22:42:18.979587+00:00
[2023-09-20T22:42:19.021+0000] {processor.py:179} INFO - Processing /home/airflow/.local/lib/python3.8/site-packages/airflow/example_dags/example_latest_only_with_trigger.py took 0.137 seconds
[2023-09-20T22:42:49.344+0000] {processor.py:157} INFO - Started process (PID=1958) to work on /home/airflow/.local/lib/python3.8/site-packages/airflow/example_dags/example_latest_only_with_trigger.py
[2023-09-20T22:42:49.345+0000] {processor.py:829} INFO - Processing file /home/airflow/.local/lib/python3.8/site-packages/airflow/example_dags/example_latest_only_with_trigger.py for tasks to queue
[2023-09-20T22:42:49.350+0000] {logging_mixin.py:151} INFO - [2023-09-20T22:42:49.349+0000] {dagbag.py:539} INFO - Filling up the DagBag from /home/airflow/.local/lib/python3.8/site-packages/airflow/example_dags/example_latest_only_with_trigger.py
[2023-09-20T22:42:49.362+0000] {processor.py:839} INFO - DAG(s) dict_keys(['latest_only_with_trigger']) retrieved from /home/airflow/.local/lib/python3.8/site-packages/airflow/example_dags/example_latest_only_with_trigger.py
[2023-09-20T22:42:49.400+0000] {logging_mixin.py:151} INFO - [2023-09-20T22:42:49.400+0000] {dag.py:2915} INFO - Sync 1 DAGs
[2023-09-20T22:42:49.438+0000] {logging_mixin.py:151} INFO - [2023-09-20T22:42:49.438+0000] {dag.py:3696} INFO - Setting next_dagrun for latest_only_with_trigger to 2023-09-20T18:42:49.438181+00:00, run_after=2023-09-20T22:42:49.438181+00:00
[2023-09-20T22:42:49.635+0000] {processor.py:179} INFO - Processing /home/airflow/.local/lib/python3.8/site-packages/airflow/example_dags/example_latest_only_with_trigger.py took 0.297 seconds
[2023-09-20T22:43:19.866+0000] {processor.py:157} INFO - Started process (PID=2013) to work on /home/airflow/.local/lib/python3.8/site-packages/airflow/example_dags/example_latest_only_with_trigger.py
[2023-09-20T22:43:19.868+0000] {processor.py:829} INFO - Processing file /home/airflow/.local/lib/python3.8/site-packages/airflow/example_dags/example_latest_only_with_trigger.py for tasks to queue
[2023-09-20T22:43:19.872+0000] {logging_mixin.py:151} INFO - [2023-09-20T22:43:19.872+0000] {dagbag.py:539} INFO - Filling up the DagBag from /home/airflow/.local/lib/python3.8/site-packages/airflow/example_dags/example_latest_only_with_trigger.py
[2023-09-20T22:43:19.887+0000] {processor.py:839} INFO - DAG(s) dict_keys(['latest_only_with_trigger']) retrieved from /home/airflow/.local/lib/python3.8/site-packages/airflow/example_dags/example_latest_only_with_trigger.py
[2023-09-20T22:43:19.932+0000] {logging_mixin.py:151} INFO - [2023-09-20T22:43:19.932+0000] {dag.py:2915} INFO - Sync 1 DAGs
[2023-09-20T22:43:19.978+0000] {logging_mixin.py:151} INFO - [2023-09-20T22:43:19.978+0000] {dag.py:3696} INFO - Setting next_dagrun for latest_only_with_trigger to 2023-09-20T18:43:19.977271+00:00, run_after=2023-09-20T22:43:19.977271+00:00
[2023-09-20T22:43:20.059+0000] {processor.py:179} INFO - Processing /home/airflow/.local/lib/python3.8/site-packages/airflow/example_dags/example_latest_only_with_trigger.py took 0.204 seconds
[2023-09-20T22:43:50.936+0000] {processor.py:157} INFO - Started process (PID=2068) to work on /home/airflow/.local/lib/python3.8/site-packages/airflow/example_dags/example_latest_only_with_trigger.py
[2023-09-20T22:43:50.939+0000] {processor.py:829} INFO - Processing file /home/airflow/.local/lib/python3.8/site-packages/airflow/example_dags/example_latest_only_with_trigger.py for tasks to queue
[2023-09-20T22:43:50.945+0000] {logging_mixin.py:151} INFO - [2023-09-20T22:43:50.944+0000] {dagbag.py:539} INFO - Filling up the DagBag from /home/airflow/.local/lib/python3.8/site-packages/airflow/example_dags/example_latest_only_with_trigger.py
[2023-09-20T22:43:50.957+0000] {processor.py:839} INFO - DAG(s) dict_keys(['latest_only_with_trigger']) retrieved from /home/airflow/.local/lib/python3.8/site-packages/airflow/example_dags/example_latest_only_with_trigger.py
[2023-09-20T22:43:50.998+0000] {logging_mixin.py:151} INFO - [2023-09-20T22:43:50.998+0000] {dag.py:2915} INFO - Sync 1 DAGs
[2023-09-20T22:43:51.032+0000] {logging_mixin.py:151} INFO - [2023-09-20T22:43:51.031+0000] {dag.py:3696} INFO - Setting next_dagrun for latest_only_with_trigger to 2023-09-20T18:43:51.031481+00:00, run_after=2023-09-20T22:43:51.031481+00:00
[2023-09-20T22:43:51.065+0000] {processor.py:179} INFO - Processing /home/airflow/.local/lib/python3.8/site-packages/airflow/example_dags/example_latest_only_with_trigger.py took 0.136 seconds
[2023-09-20T22:44:21.631+0000] {processor.py:157} INFO - Started process (PID=2123) to work on /home/airflow/.local/lib/python3.8/site-packages/airflow/example_dags/example_latest_only_with_trigger.py
[2023-09-20T22:44:21.633+0000] {processor.py:829} INFO - Processing file /home/airflow/.local/lib/python3.8/site-packages/airflow/example_dags/example_latest_only_with_trigger.py for tasks to queue
[2023-09-20T22:44:21.640+0000] {logging_mixin.py:151} INFO - [2023-09-20T22:44:21.639+0000] {dagbag.py:539} INFO - Filling up the DagBag from /home/airflow/.local/lib/python3.8/site-packages/airflow/example_dags/example_latest_only_with_trigger.py
[2023-09-20T22:44:21.658+0000] {processor.py:839} INFO - DAG(s) dict_keys(['latest_only_with_trigger']) retrieved from /home/airflow/.local/lib/python3.8/site-packages/airflow/example_dags/example_latest_only_with_trigger.py
[2023-09-20T22:44:21.701+0000] {logging_mixin.py:151} INFO - [2023-09-20T22:44:21.701+0000] {dag.py:2915} INFO - Sync 1 DAGs
[2023-09-20T22:44:21.749+0000] {logging_mixin.py:151} INFO - [2023-09-20T22:44:21.749+0000] {dag.py:3696} INFO - Setting next_dagrun for latest_only_with_trigger to 2023-09-20T18:44:21.749333+00:00, run_after=2023-09-20T22:44:21.749333+00:00
[2023-09-20T22:44:21.890+0000] {processor.py:179} INFO - Processing /home/airflow/.local/lib/python3.8/site-packages/airflow/example_dags/example_latest_only_with_trigger.py took 0.269 seconds
[2023-09-20T22:44:52.739+0000] {processor.py:157} INFO - Started process (PID=2179) to work on /home/airflow/.local/lib/python3.8/site-packages/airflow/example_dags/example_latest_only_with_trigger.py
[2023-09-20T22:44:52.741+0000] {processor.py:829} INFO - Processing file /home/airflow/.local/lib/python3.8/site-packages/airflow/example_dags/example_latest_only_with_trigger.py for tasks to queue
[2023-09-20T22:44:52.745+0000] {logging_mixin.py:151} INFO - [2023-09-20T22:44:52.744+0000] {dagbag.py:539} INFO - Filling up the DagBag from /home/airflow/.local/lib/python3.8/site-packages/airflow/example_dags/example_latest_only_with_trigger.py
[2023-09-20T22:44:52.754+0000] {processor.py:839} INFO - DAG(s) dict_keys(['latest_only_with_trigger']) retrieved from /home/airflow/.local/lib/python3.8/site-packages/airflow/example_dags/example_latest_only_with_trigger.py
[2023-09-20T22:44:52.795+0000] {logging_mixin.py:151} INFO - [2023-09-20T22:44:52.794+0000] {dag.py:2915} INFO - Sync 1 DAGs
[2023-09-20T22:44:52.831+0000] {logging_mixin.py:151} INFO - [2023-09-20T22:44:52.831+0000] {dag.py:3696} INFO - Setting next_dagrun for latest_only_with_trigger to 2023-09-20T18:44:52.830769+00:00, run_after=2023-09-20T22:44:52.830769+00:00
[2023-09-20T22:44:52.866+0000] {processor.py:179} INFO - Processing /home/airflow/.local/lib/python3.8/site-packages/airflow/example_dags/example_latest_only_with_trigger.py took 0.132 seconds
[2023-09-20T22:45:23.655+0000] {processor.py:157} INFO - Started process (PID=2234) to work on /home/airflow/.local/lib/python3.8/site-packages/airflow/example_dags/example_latest_only_with_trigger.py
[2023-09-20T22:45:23.657+0000] {processor.py:829} INFO - Processing file /home/airflow/.local/lib/python3.8/site-packages/airflow/example_dags/example_latest_only_with_trigger.py for tasks to queue
[2023-09-20T22:45:23.665+0000] {logging_mixin.py:151} INFO - [2023-09-20T22:45:23.664+0000] {dagbag.py:539} INFO - Filling up the DagBag from /home/airflow/.local/lib/python3.8/site-packages/airflow/example_dags/example_latest_only_with_trigger.py
[2023-09-20T22:45:23.678+0000] {processor.py:839} INFO - DAG(s) dict_keys(['latest_only_with_trigger']) retrieved from /home/airflow/.local/lib/python3.8/site-packages/airflow/example_dags/example_latest_only_with_trigger.py
[2023-09-20T22:45:23.725+0000] {logging_mixin.py:151} INFO - [2023-09-20T22:45:23.725+0000] {dag.py:2915} INFO - Sync 1 DAGs
[2023-09-20T22:45:23.758+0000] {logging_mixin.py:151} INFO - [2023-09-20T22:45:23.757+0000] {dag.py:3696} INFO - Setting next_dagrun for latest_only_with_trigger to 2023-09-20T18:45:23.757506+00:00, run_after=2023-09-20T22:45:23.757506+00:00
[2023-09-20T22:45:23.793+0000] {processor.py:179} INFO - Processing /home/airflow/.local/lib/python3.8/site-packages/airflow/example_dags/example_latest_only_with_trigger.py took 0.150 seconds
[2023-09-20T22:45:54.292+0000] {processor.py:157} INFO - Started process (PID=2289) to work on /home/airflow/.local/lib/python3.8/site-packages/airflow/example_dags/example_latest_only_with_trigger.py
[2023-09-20T22:45:54.294+0000] {processor.py:829} INFO - Processing file /home/airflow/.local/lib/python3.8/site-packages/airflow/example_dags/example_latest_only_with_trigger.py for tasks to queue
[2023-09-20T22:45:54.298+0000] {logging_mixin.py:151} INFO - [2023-09-20T22:45:54.297+0000] {dagbag.py:539} INFO - Filling up the DagBag from /home/airflow/.local/lib/python3.8/site-packages/airflow/example_dags/example_latest_only_with_trigger.py
[2023-09-20T22:45:54.305+0000] {processor.py:839} INFO - DAG(s) dict_keys(['latest_only_with_trigger']) retrieved from /home/airflow/.local/lib/python3.8/site-packages/airflow/example_dags/example_latest_only_with_trigger.py
[2023-09-20T22:45:54.333+0000] {logging_mixin.py:151} INFO - [2023-09-20T22:45:54.333+0000] {dag.py:2915} INFO - Sync 1 DAGs
[2023-09-20T22:45:54.365+0000] {logging_mixin.py:151} INFO - [2023-09-20T22:45:54.364+0000] {dag.py:3696} INFO - Setting next_dagrun for latest_only_with_trigger to 2023-09-20T18:45:54.364661+00:00, run_after=2023-09-20T22:45:54.364661+00:00
[2023-09-20T22:45:54.411+0000] {processor.py:179} INFO - Processing /home/airflow/.local/lib/python3.8/site-packages/airflow/example_dags/example_latest_only_with_trigger.py took 0.124 seconds
[2023-09-20T22:46:24.557+0000] {processor.py:157} INFO - Started process (PID=2344) to work on /home/airflow/.local/lib/python3.8/site-packages/airflow/example_dags/example_latest_only_with_trigger.py
[2023-09-20T22:46:24.561+0000] {processor.py:829} INFO - Processing file /home/airflow/.local/lib/python3.8/site-packages/airflow/example_dags/example_latest_only_with_trigger.py for tasks to queue
[2023-09-20T22:46:24.569+0000] {logging_mixin.py:151} INFO - [2023-09-20T22:46:24.568+0000] {dagbag.py:539} INFO - Filling up the DagBag from /home/airflow/.local/lib/python3.8/site-packages/airflow/example_dags/example_latest_only_with_trigger.py
[2023-09-20T22:46:24.578+0000] {processor.py:839} INFO - DAG(s) dict_keys(['latest_only_with_trigger']) retrieved from /home/airflow/.local/lib/python3.8/site-packages/airflow/example_dags/example_latest_only_with_trigger.py
[2023-09-20T22:46:24.612+0000] {logging_mixin.py:151} INFO - [2023-09-20T22:46:24.611+0000] {dag.py:2915} INFO - Sync 1 DAGs
[2023-09-20T22:46:24.652+0000] {logging_mixin.py:151} INFO - [2023-09-20T22:46:24.652+0000] {dag.py:3696} INFO - Setting next_dagrun for latest_only_with_trigger to 2023-09-20T18:46:24.651934+00:00, run_after=2023-09-20T22:46:24.651934+00:00
[2023-09-20T22:46:24.704+0000] {processor.py:179} INFO - Processing /home/airflow/.local/lib/python3.8/site-packages/airflow/example_dags/example_latest_only_with_trigger.py took 0.151 seconds
[2023-09-20T22:46:55.489+0000] {processor.py:157} INFO - Started process (PID=2406) to work on /home/airflow/.local/lib/python3.8/site-packages/airflow/example_dags/example_latest_only_with_trigger.py
[2023-09-20T22:46:55.490+0000] {processor.py:829} INFO - Processing file /home/airflow/.local/lib/python3.8/site-packages/airflow/example_dags/example_latest_only_with_trigger.py for tasks to queue
[2023-09-20T22:46:55.494+0000] {logging_mixin.py:151} INFO - [2023-09-20T22:46:55.493+0000] {dagbag.py:539} INFO - Filling up the DagBag from /home/airflow/.local/lib/python3.8/site-packages/airflow/example_dags/example_latest_only_with_trigger.py
[2023-09-20T22:46:55.502+0000] {processor.py:839} INFO - DAG(s) dict_keys(['latest_only_with_trigger']) retrieved from /home/airflow/.local/lib/python3.8/site-packages/airflow/example_dags/example_latest_only_with_trigger.py
[2023-09-20T22:46:55.533+0000] {logging_mixin.py:151} INFO - [2023-09-20T22:46:55.533+0000] {dag.py:2915} INFO - Sync 1 DAGs
[2023-09-20T22:46:55.565+0000] {logging_mixin.py:151} INFO - [2023-09-20T22:46:55.565+0000] {dag.py:3696} INFO - Setting next_dagrun for latest_only_with_trigger to 2023-09-20T18:46:55.564818+00:00, run_after=2023-09-20T22:46:55.564818+00:00
[2023-09-20T22:46:55.594+0000] {processor.py:179} INFO - Processing /home/airflow/.local/lib/python3.8/site-packages/airflow/example_dags/example_latest_only_with_trigger.py took 0.111 seconds
[2023-09-20T22:47:26.443+0000] {processor.py:157} INFO - Started process (PID=2461) to work on /home/airflow/.local/lib/python3.8/site-packages/airflow/example_dags/example_latest_only_with_trigger.py
[2023-09-20T22:47:26.445+0000] {processor.py:829} INFO - Processing file /home/airflow/.local/lib/python3.8/site-packages/airflow/example_dags/example_latest_only_with_trigger.py for tasks to queue
[2023-09-20T22:47:26.450+0000] {logging_mixin.py:151} INFO - [2023-09-20T22:47:26.449+0000] {dagbag.py:539} INFO - Filling up the DagBag from /home/airflow/.local/lib/python3.8/site-packages/airflow/example_dags/example_latest_only_with_trigger.py
[2023-09-20T22:47:26.459+0000] {processor.py:839} INFO - DAG(s) dict_keys(['latest_only_with_trigger']) retrieved from /home/airflow/.local/lib/python3.8/site-packages/airflow/example_dags/example_latest_only_with_trigger.py
[2023-09-20T22:47:26.498+0000] {logging_mixin.py:151} INFO - [2023-09-20T22:47:26.498+0000] {dag.py:2915} INFO - Sync 1 DAGs
[2023-09-20T22:47:26.530+0000] {logging_mixin.py:151} INFO - [2023-09-20T22:47:26.530+0000] {dag.py:3696} INFO - Setting next_dagrun for latest_only_with_trigger to 2023-09-20T18:47:26.529876+00:00, run_after=2023-09-20T22:47:26.529876+00:00
[2023-09-20T22:47:26.564+0000] {processor.py:179} INFO - Processing /home/airflow/.local/lib/python3.8/site-packages/airflow/example_dags/example_latest_only_with_trigger.py took 0.128 seconds
[2023-09-20T22:47:57.002+0000] {processor.py:157} INFO - Started process (PID=2516) to work on /home/airflow/.local/lib/python3.8/site-packages/airflow/example_dags/example_latest_only_with_trigger.py
[2023-09-20T22:47:57.003+0000] {processor.py:829} INFO - Processing file /home/airflow/.local/lib/python3.8/site-packages/airflow/example_dags/example_latest_only_with_trigger.py for tasks to queue
[2023-09-20T22:47:57.006+0000] {logging_mixin.py:151} INFO - [2023-09-20T22:47:57.006+0000] {dagbag.py:539} INFO - Filling up the DagBag from /home/airflow/.local/lib/python3.8/site-packages/airflow/example_dags/example_latest_only_with_trigger.py
[2023-09-20T22:47:57.015+0000] {processor.py:839} INFO - DAG(s) dict_keys(['latest_only_with_trigger']) retrieved from /home/airflow/.local/lib/python3.8/site-packages/airflow/example_dags/example_latest_only_with_trigger.py
[2023-09-20T22:47:57.049+0000] {logging_mixin.py:151} INFO - [2023-09-20T22:47:57.049+0000] {dag.py:2915} INFO - Sync 1 DAGs
[2023-09-20T22:47:57.085+0000] {logging_mixin.py:151} INFO - [2023-09-20T22:47:57.085+0000] {dag.py:3696} INFO - Setting next_dagrun for latest_only_with_trigger to 2023-09-20T18:47:57.085216+00:00, run_after=2023-09-20T22:47:57.085216+00:00
[2023-09-20T22:47:57.128+0000] {processor.py:179} INFO - Processing /home/airflow/.local/lib/python3.8/site-packages/airflow/example_dags/example_latest_only_with_trigger.py took 0.131 seconds
[2023-09-20T22:48:27.566+0000] {processor.py:157} INFO - Started process (PID=2571) to work on /home/airflow/.local/lib/python3.8/site-packages/airflow/example_dags/example_latest_only_with_trigger.py
[2023-09-20T22:48:27.568+0000] {processor.py:829} INFO - Processing file /home/airflow/.local/lib/python3.8/site-packages/airflow/example_dags/example_latest_only_with_trigger.py for tasks to queue
[2023-09-20T22:48:27.573+0000] {logging_mixin.py:151} INFO - [2023-09-20T22:48:27.572+0000] {dagbag.py:539} INFO - Filling up the DagBag from /home/airflow/.local/lib/python3.8/site-packages/airflow/example_dags/example_latest_only_with_trigger.py
[2023-09-20T22:48:27.585+0000] {processor.py:839} INFO - DAG(s) dict_keys(['latest_only_with_trigger']) retrieved from /home/airflow/.local/lib/python3.8/site-packages/airflow/example_dags/example_latest_only_with_trigger.py
[2023-09-20T22:48:27.621+0000] {logging_mixin.py:151} INFO - [2023-09-20T22:48:27.620+0000] {dag.py:2915} INFO - Sync 1 DAGs
[2023-09-20T22:48:27.652+0000] {logging_mixin.py:151} INFO - [2023-09-20T22:48:27.652+0000] {dag.py:3696} INFO - Setting next_dagrun for latest_only_with_trigger to 2023-09-20T18:48:27.651795+00:00, run_after=2023-09-20T22:48:27.651795+00:00
[2023-09-20T22:48:27.735+0000] {processor.py:179} INFO - Processing /home/airflow/.local/lib/python3.8/site-packages/airflow/example_dags/example_latest_only_with_trigger.py took 0.178 seconds
[2023-09-20T22:48:58.151+0000] {processor.py:157} INFO - Started process (PID=2626) to work on /home/airflow/.local/lib/python3.8/site-packages/airflow/example_dags/example_latest_only_with_trigger.py
[2023-09-20T22:48:58.153+0000] {processor.py:829} INFO - Processing file /home/airflow/.local/lib/python3.8/site-packages/airflow/example_dags/example_latest_only_with_trigger.py for tasks to queue
[2023-09-20T22:48:58.159+0000] {logging_mixin.py:151} INFO - [2023-09-20T22:48:58.158+0000] {dagbag.py:539} INFO - Filling up the DagBag from /home/airflow/.local/lib/python3.8/site-packages/airflow/example_dags/example_latest_only_with_trigger.py
[2023-09-20T22:48:58.174+0000] {processor.py:839} INFO - DAG(s) dict_keys(['latest_only_with_trigger']) retrieved from /home/airflow/.local/lib/python3.8/site-packages/airflow/example_dags/example_latest_only_with_trigger.py
[2023-09-20T22:48:58.243+0000] {logging_mixin.py:151} INFO - [2023-09-20T22:48:58.243+0000] {dag.py:2915} INFO - Sync 1 DAGs
[2023-09-20T22:48:58.275+0000] {logging_mixin.py:151} INFO - [2023-09-20T22:48:58.275+0000] {dag.py:3696} INFO - Setting next_dagrun for latest_only_with_trigger to 2023-09-20T18:48:58.274879+00:00, run_after=2023-09-20T22:48:58.274879+00:00
[2023-09-20T22:48:58.312+0000] {processor.py:179} INFO - Processing /home/airflow/.local/lib/python3.8/site-packages/airflow/example_dags/example_latest_only_with_trigger.py took 0.170 seconds
[2023-09-20T22:49:28.790+0000] {processor.py:157} INFO - Started process (PID=2681) to work on /home/airflow/.local/lib/python3.8/site-packages/airflow/example_dags/example_latest_only_with_trigger.py
[2023-09-20T22:49:28.791+0000] {processor.py:829} INFO - Processing file /home/airflow/.local/lib/python3.8/site-packages/airflow/example_dags/example_latest_only_with_trigger.py for tasks to queue
[2023-09-20T22:49:28.795+0000] {logging_mixin.py:151} INFO - [2023-09-20T22:49:28.795+0000] {dagbag.py:539} INFO - Filling up the DagBag from /home/airflow/.local/lib/python3.8/site-packages/airflow/example_dags/example_latest_only_with_trigger.py
[2023-09-20T22:49:28.806+0000] {processor.py:839} INFO - DAG(s) dict_keys(['latest_only_with_trigger']) retrieved from /home/airflow/.local/lib/python3.8/site-packages/airflow/example_dags/example_latest_only_with_trigger.py
[2023-09-20T22:49:28.839+0000] {logging_mixin.py:151} INFO - [2023-09-20T22:49:28.839+0000] {dag.py:2915} INFO - Sync 1 DAGs
[2023-09-20T22:49:28.870+0000] {logging_mixin.py:151} INFO - [2023-09-20T22:49:28.870+0000] {dag.py:3696} INFO - Setting next_dagrun for latest_only_with_trigger to 2023-09-20T18:49:28.870208+00:00, run_after=2023-09-20T22:49:28.870208+00:00
[2023-09-20T22:49:28.924+0000] {processor.py:179} INFO - Processing /home/airflow/.local/lib/python3.8/site-packages/airflow/example_dags/example_latest_only_with_trigger.py took 0.142 seconds
[2023-09-20T22:49:59.033+0000] {processor.py:157} INFO - Started process (PID=2736) to work on /home/airflow/.local/lib/python3.8/site-packages/airflow/example_dags/example_latest_only_with_trigger.py
[2023-09-20T22:49:59.035+0000] {processor.py:829} INFO - Processing file /home/airflow/.local/lib/python3.8/site-packages/airflow/example_dags/example_latest_only_with_trigger.py for tasks to queue
[2023-09-20T22:49:59.041+0000] {logging_mixin.py:151} INFO - [2023-09-20T22:49:59.040+0000] {dagbag.py:539} INFO - Filling up the DagBag from /home/airflow/.local/lib/python3.8/site-packages/airflow/example_dags/example_latest_only_with_trigger.py
[2023-09-20T22:49:59.053+0000] {processor.py:839} INFO - DAG(s) dict_keys(['latest_only_with_trigger']) retrieved from /home/airflow/.local/lib/python3.8/site-packages/airflow/example_dags/example_latest_only_with_trigger.py
[2023-09-20T22:49:59.093+0000] {logging_mixin.py:151} INFO - [2023-09-20T22:49:59.093+0000] {dag.py:2915} INFO - Sync 1 DAGs
[2023-09-20T22:49:59.127+0000] {logging_mixin.py:151} INFO - [2023-09-20T22:49:59.127+0000] {dag.py:3696} INFO - Setting next_dagrun for latest_only_with_trigger to 2023-09-20T18:49:59.127149+00:00, run_after=2023-09-20T22:49:59.127149+00:00
[2023-09-20T22:49:59.158+0000] {processor.py:179} INFO - Processing /home/airflow/.local/lib/python3.8/site-packages/airflow/example_dags/example_latest_only_with_trigger.py took 0.132 seconds
[2023-09-20T22:50:29.734+0000] {processor.py:157} INFO - Started process (PID=2791) to work on /home/airflow/.local/lib/python3.8/site-packages/airflow/example_dags/example_latest_only_with_trigger.py
[2023-09-20T22:50:29.736+0000] {processor.py:829} INFO - Processing file /home/airflow/.local/lib/python3.8/site-packages/airflow/example_dags/example_latest_only_with_trigger.py for tasks to queue
[2023-09-20T22:50:29.740+0000] {logging_mixin.py:151} INFO - [2023-09-20T22:50:29.739+0000] {dagbag.py:539} INFO - Filling up the DagBag from /home/airflow/.local/lib/python3.8/site-packages/airflow/example_dags/example_latest_only_with_trigger.py
[2023-09-20T22:50:29.753+0000] {processor.py:839} INFO - DAG(s) dict_keys(['latest_only_with_trigger']) retrieved from /home/airflow/.local/lib/python3.8/site-packages/airflow/example_dags/example_latest_only_with_trigger.py
[2023-09-20T22:50:29.804+0000] {logging_mixin.py:151} INFO - [2023-09-20T22:50:29.804+0000] {dag.py:2915} INFO - Sync 1 DAGs
[2023-09-20T22:50:29.847+0000] {logging_mixin.py:151} INFO - [2023-09-20T22:50:29.846+0000] {dag.py:3696} INFO - Setting next_dagrun for latest_only_with_trigger to 2023-09-20T18:50:29.846467+00:00, run_after=2023-09-20T22:50:29.846467+00:00
[2023-09-20T22:50:29.891+0000] {processor.py:179} INFO - Processing /home/airflow/.local/lib/python3.8/site-packages/airflow/example_dags/example_latest_only_with_trigger.py took 0.163 seconds
[2023-09-20T22:51:00.141+0000] {processor.py:157} INFO - Started process (PID=2846) to work on /home/airflow/.local/lib/python3.8/site-packages/airflow/example_dags/example_latest_only_with_trigger.py
[2023-09-20T22:51:00.144+0000] {processor.py:829} INFO - Processing file /home/airflow/.local/lib/python3.8/site-packages/airflow/example_dags/example_latest_only_with_trigger.py for tasks to queue
[2023-09-20T22:51:00.149+0000] {logging_mixin.py:151} INFO - [2023-09-20T22:51:00.148+0000] {dagbag.py:539} INFO - Filling up the DagBag from /home/airflow/.local/lib/python3.8/site-packages/airflow/example_dags/example_latest_only_with_trigger.py
[2023-09-20T22:51:00.165+0000] {processor.py:839} INFO - DAG(s) dict_keys(['latest_only_with_trigger']) retrieved from /home/airflow/.local/lib/python3.8/site-packages/airflow/example_dags/example_latest_only_with_trigger.py
[2023-09-20T22:51:00.215+0000] {logging_mixin.py:151} INFO - [2023-09-20T22:51:00.214+0000] {dag.py:2915} INFO - Sync 1 DAGs
[2023-09-20T22:51:00.262+0000] {logging_mixin.py:151} INFO - [2023-09-20T22:51:00.261+0000] {dag.py:3696} INFO - Setting next_dagrun for latest_only_with_trigger to 2023-09-20T18:51:00.261193+00:00, run_after=2023-09-20T22:51:00.261193+00:00
[2023-09-20T22:51:00.306+0000] {processor.py:179} INFO - Processing /home/airflow/.local/lib/python3.8/site-packages/airflow/example_dags/example_latest_only_with_trigger.py took 0.175 seconds
[2023-09-20T22:51:30.388+0000] {processor.py:157} INFO - Started process (PID=2901) to work on /home/airflow/.local/lib/python3.8/site-packages/airflow/example_dags/example_latest_only_with_trigger.py
[2023-09-20T22:51:30.390+0000] {processor.py:829} INFO - Processing file /home/airflow/.local/lib/python3.8/site-packages/airflow/example_dags/example_latest_only_with_trigger.py for tasks to queue
[2023-09-20T22:51:30.395+0000] {logging_mixin.py:151} INFO - [2023-09-20T22:51:30.394+0000] {dagbag.py:539} INFO - Filling up the DagBag from /home/airflow/.local/lib/python3.8/site-packages/airflow/example_dags/example_latest_only_with_trigger.py
[2023-09-20T22:51:30.406+0000] {processor.py:839} INFO - DAG(s) dict_keys(['latest_only_with_trigger']) retrieved from /home/airflow/.local/lib/python3.8/site-packages/airflow/example_dags/example_latest_only_with_trigger.py
[2023-09-20T22:51:30.440+0000] {logging_mixin.py:151} INFO - [2023-09-20T22:51:30.440+0000] {dag.py:2915} INFO - Sync 1 DAGs
[2023-09-20T22:51:30.472+0000] {logging_mixin.py:151} INFO - [2023-09-20T22:51:30.472+0000] {dag.py:3696} INFO - Setting next_dagrun for latest_only_with_trigger to 2023-09-20T18:51:30.472025+00:00, run_after=2023-09-20T22:51:30.472025+00:00
[2023-09-20T22:51:30.582+0000] {processor.py:179} INFO - Processing /home/airflow/.local/lib/python3.8/site-packages/airflow/example_dags/example_latest_only_with_trigger.py took 0.203 seconds
[2023-09-20T22:52:00.722+0000] {processor.py:157} INFO - Started process (PID=2957) to work on /home/airflow/.local/lib/python3.8/site-packages/airflow/example_dags/example_latest_only_with_trigger.py
[2023-09-20T22:52:00.724+0000] {processor.py:829} INFO - Processing file /home/airflow/.local/lib/python3.8/site-packages/airflow/example_dags/example_latest_only_with_trigger.py for tasks to queue
[2023-09-20T22:52:00.729+0000] {logging_mixin.py:151} INFO - [2023-09-20T22:52:00.729+0000] {dagbag.py:539} INFO - Filling up the DagBag from /home/airflow/.local/lib/python3.8/site-packages/airflow/example_dags/example_latest_only_with_trigger.py
[2023-09-20T22:52:00.742+0000] {processor.py:839} INFO - DAG(s) dict_keys(['latest_only_with_trigger']) retrieved from /home/airflow/.local/lib/python3.8/site-packages/airflow/example_dags/example_latest_only_with_trigger.py
[2023-09-20T22:52:00.789+0000] {logging_mixin.py:151} INFO - [2023-09-20T22:52:00.788+0000] {dag.py:2915} INFO - Sync 1 DAGs
[2023-09-20T22:52:00.829+0000] {logging_mixin.py:151} INFO - [2023-09-20T22:52:00.829+0000] {dag.py:3696} INFO - Setting next_dagrun for latest_only_with_trigger to 2023-09-20T18:52:00.828907+00:00, run_after=2023-09-20T22:52:00.828907+00:00
[2023-09-20T22:52:00.861+0000] {processor.py:179} INFO - Processing /home/airflow/.local/lib/python3.8/site-packages/airflow/example_dags/example_latest_only_with_trigger.py took 0.147 seconds
[2023-09-20T23:11:29.855+0000] {processor.py:157} INFO - Started process (PID=33) to work on /home/airflow/.local/lib/python3.8/site-packages/airflow/example_dags/example_latest_only_with_trigger.py
[2023-09-20T23:11:29.868+0000] {processor.py:829} INFO - Processing file /home/airflow/.local/lib/python3.8/site-packages/airflow/example_dags/example_latest_only_with_trigger.py for tasks to queue
[2023-09-20T23:11:29.877+0000] {logging_mixin.py:151} INFO - [2023-09-20T23:11:29.876+0000] {dagbag.py:539} INFO - Filling up the DagBag from /home/airflow/.local/lib/python3.8/site-packages/airflow/example_dags/example_latest_only_with_trigger.py
[2023-09-20T23:11:29.893+0000] {processor.py:839} INFO - DAG(s) dict_keys(['latest_only_with_trigger']) retrieved from /home/airflow/.local/lib/python3.8/site-packages/airflow/example_dags/example_latest_only_with_trigger.py
[2023-09-20T23:11:30.076+0000] {logging_mixin.py:151} INFO - [2023-09-20T23:11:30.075+0000] {dag.py:2915} INFO - Sync 1 DAGs
[2023-09-20T23:11:30.118+0000] {logging_mixin.py:151} INFO - [2023-09-20T23:11:30.118+0000] {dag.py:3696} INFO - Setting next_dagrun for latest_only_with_trigger to 2023-09-20T19:11:30.117926+00:00, run_after=2023-09-20T23:11:30.117926+00:00
[2023-09-20T23:11:30.155+0000] {processor.py:179} INFO - Processing /home/airflow/.local/lib/python3.8/site-packages/airflow/example_dags/example_latest_only_with_trigger.py took 0.305 seconds
[2023-09-20T23:12:00.778+0000] {processor.py:157} INFO - Started process (PID=88) to work on /home/airflow/.local/lib/python3.8/site-packages/airflow/example_dags/example_latest_only_with_trigger.py
[2023-09-20T23:12:00.780+0000] {processor.py:829} INFO - Processing file /home/airflow/.local/lib/python3.8/site-packages/airflow/example_dags/example_latest_only_with_trigger.py for tasks to queue
[2023-09-20T23:12:00.784+0000] {logging_mixin.py:151} INFO - [2023-09-20T23:12:00.784+0000] {dagbag.py:539} INFO - Filling up the DagBag from /home/airflow/.local/lib/python3.8/site-packages/airflow/example_dags/example_latest_only_with_trigger.py
[2023-09-20T23:12:00.793+0000] {processor.py:839} INFO - DAG(s) dict_keys(['latest_only_with_trigger']) retrieved from /home/airflow/.local/lib/python3.8/site-packages/airflow/example_dags/example_latest_only_with_trigger.py
[2023-09-20T23:12:00.831+0000] {logging_mixin.py:151} INFO - [2023-09-20T23:12:00.831+0000] {dag.py:2915} INFO - Sync 1 DAGs
[2023-09-20T23:12:00.866+0000] {logging_mixin.py:151} INFO - [2023-09-20T23:12:00.866+0000] {dag.py:3696} INFO - Setting next_dagrun for latest_only_with_trigger to 2023-09-20T19:12:00.866326+00:00, run_after=2023-09-20T23:12:00.866326+00:00
[2023-09-20T23:12:00.904+0000] {processor.py:179} INFO - Processing /home/airflow/.local/lib/python3.8/site-packages/airflow/example_dags/example_latest_only_with_trigger.py took 0.131 seconds
[2023-09-20T23:12:31.509+0000] {processor.py:157} INFO - Started process (PID=143) to work on /home/airflow/.local/lib/python3.8/site-packages/airflow/example_dags/example_latest_only_with_trigger.py
[2023-09-20T23:12:31.513+0000] {processor.py:829} INFO - Processing file /home/airflow/.local/lib/python3.8/site-packages/airflow/example_dags/example_latest_only_with_trigger.py for tasks to queue
[2023-09-20T23:12:31.519+0000] {logging_mixin.py:151} INFO - [2023-09-20T23:12:31.519+0000] {dagbag.py:539} INFO - Filling up the DagBag from /home/airflow/.local/lib/python3.8/site-packages/airflow/example_dags/example_latest_only_with_trigger.py
[2023-09-20T23:12:31.533+0000] {processor.py:839} INFO - DAG(s) dict_keys(['latest_only_with_trigger']) retrieved from /home/airflow/.local/lib/python3.8/site-packages/airflow/example_dags/example_latest_only_with_trigger.py
[2023-09-20T23:12:31.565+0000] {logging_mixin.py:151} INFO - [2023-09-20T23:12:31.565+0000] {dag.py:2915} INFO - Sync 1 DAGs
[2023-09-20T23:12:31.596+0000] {logging_mixin.py:151} INFO - [2023-09-20T23:12:31.596+0000] {dag.py:3696} INFO - Setting next_dagrun for latest_only_with_trigger to 2023-09-20T19:12:31.596310+00:00, run_after=2023-09-20T23:12:31.596310+00:00
[2023-09-20T23:12:31.714+0000] {processor.py:179} INFO - Processing /home/airflow/.local/lib/python3.8/site-packages/airflow/example_dags/example_latest_only_with_trigger.py took 0.213 seconds
[2023-09-20T23:13:01.824+0000] {processor.py:157} INFO - Started process (PID=197) to work on /home/airflow/.local/lib/python3.8/site-packages/airflow/example_dags/example_latest_only_with_trigger.py
[2023-09-20T23:13:01.826+0000] {processor.py:829} INFO - Processing file /home/airflow/.local/lib/python3.8/site-packages/airflow/example_dags/example_latest_only_with_trigger.py for tasks to queue
[2023-09-20T23:13:01.832+0000] {logging_mixin.py:151} INFO - [2023-09-20T23:13:01.831+0000] {dagbag.py:539} INFO - Filling up the DagBag from /home/airflow/.local/lib/python3.8/site-packages/airflow/example_dags/example_latest_only_with_trigger.py
[2023-09-20T23:13:01.843+0000] {processor.py:839} INFO - DAG(s) dict_keys(['latest_only_with_trigger']) retrieved from /home/airflow/.local/lib/python3.8/site-packages/airflow/example_dags/example_latest_only_with_trigger.py
[2023-09-20T23:13:01.883+0000] {logging_mixin.py:151} INFO - [2023-09-20T23:13:01.883+0000] {dag.py:2915} INFO - Sync 1 DAGs
[2023-09-20T23:13:01.922+0000] {logging_mixin.py:151} INFO - [2023-09-20T23:13:01.922+0000] {dag.py:3696} INFO - Setting next_dagrun for latest_only_with_trigger to 2023-09-20T19:13:01.921883+00:00, run_after=2023-09-20T23:13:01.921883+00:00
[2023-09-20T23:13:01.957+0000] {processor.py:179} INFO - Processing /home/airflow/.local/lib/python3.8/site-packages/airflow/example_dags/example_latest_only_with_trigger.py took 0.144 seconds
