[2023-09-20T22:15:31.068+0000] {processor.py:157} INFO - Started process (PID=68) to work on /home/airflow/.local/lib/python3.8/site-packages/airflow/example_dags/example_task_group_decorator.py
[2023-09-20T22:15:31.070+0000] {processor.py:829} INFO - Processing file /home/airflow/.local/lib/python3.8/site-packages/airflow/example_dags/example_task_group_decorator.py for tasks to queue
[2023-09-20T22:15:31.075+0000] {logging_mixin.py:151} INFO - [2023-09-20T22:15:31.074+0000] {dagbag.py:539} INFO - Filling up the DagBag from /home/airflow/.local/lib/python3.8/site-packages/airflow/example_dags/example_task_group_decorator.py
[2023-09-20T22:15:31.103+0000] {processor.py:839} INFO - DAG(s) dict_keys(['example_task_group_decorator']) retrieved from /home/airflow/.local/lib/python3.8/site-packages/airflow/example_dags/example_task_group_decorator.py
[2023-09-20T22:15:31.122+0000] {logging_mixin.py:151} INFO - [2023-09-20T22:15:31.121+0000] {dag.py:2915} INFO - Sync 1 DAGs
[2023-09-20T22:15:31.180+0000] {logging_mixin.py:151} INFO - [2023-09-20T22:15:31.180+0000] {dag.py:3696} INFO - Setting next_dagrun for example_task_group_decorator to 2023-09-19T22:15:31.180165+00:00, run_after=2023-09-20T22:15:31.180165+00:00
[2023-09-20T22:15:31.258+0000] {processor.py:179} INFO - Processing /home/airflow/.local/lib/python3.8/site-packages/airflow/example_dags/example_task_group_decorator.py took 0.197 seconds
[2023-09-20T22:16:01.487+0000] {processor.py:157} INFO - Started process (PID=122) to work on /home/airflow/.local/lib/python3.8/site-packages/airflow/example_dags/example_task_group_decorator.py
[2023-09-20T22:16:01.489+0000] {processor.py:829} INFO - Processing file /home/airflow/.local/lib/python3.8/site-packages/airflow/example_dags/example_task_group_decorator.py for tasks to queue
[2023-09-20T22:16:01.492+0000] {logging_mixin.py:151} INFO - [2023-09-20T22:16:01.492+0000] {dagbag.py:539} INFO - Filling up the DagBag from /home/airflow/.local/lib/python3.8/site-packages/airflow/example_dags/example_task_group_decorator.py
[2023-09-20T22:16:01.511+0000] {processor.py:839} INFO - DAG(s) dict_keys(['example_task_group_decorator']) retrieved from /home/airflow/.local/lib/python3.8/site-packages/airflow/example_dags/example_task_group_decorator.py
[2023-09-20T22:16:01.558+0000] {logging_mixin.py:151} INFO - [2023-09-20T22:16:01.557+0000] {dag.py:2915} INFO - Sync 1 DAGs
[2023-09-20T22:16:01.592+0000] {logging_mixin.py:151} INFO - [2023-09-20T22:16:01.591+0000] {dag.py:3696} INFO - Setting next_dagrun for example_task_group_decorator to 2023-09-19T22:16:01.591465+00:00, run_after=2023-09-20T22:16:01.591465+00:00
[2023-09-20T22:16:01.622+0000] {processor.py:179} INFO - Processing /home/airflow/.local/lib/python3.8/site-packages/airflow/example_dags/example_task_group_decorator.py took 0.139 seconds
[2023-09-20T22:16:32.217+0000] {processor.py:157} INFO - Started process (PID=176) to work on /home/airflow/.local/lib/python3.8/site-packages/airflow/example_dags/example_task_group_decorator.py
[2023-09-20T22:16:32.220+0000] {processor.py:829} INFO - Processing file /home/airflow/.local/lib/python3.8/site-packages/airflow/example_dags/example_task_group_decorator.py for tasks to queue
[2023-09-20T22:16:32.225+0000] {logging_mixin.py:151} INFO - [2023-09-20T22:16:32.225+0000] {dagbag.py:539} INFO - Filling up the DagBag from /home/airflow/.local/lib/python3.8/site-packages/airflow/example_dags/example_task_group_decorator.py
[2023-09-20T22:16:32.261+0000] {processor.py:839} INFO - DAG(s) dict_keys(['example_task_group_decorator']) retrieved from /home/airflow/.local/lib/python3.8/site-packages/airflow/example_dags/example_task_group_decorator.py
[2023-09-20T22:16:32.323+0000] {logging_mixin.py:151} INFO - [2023-09-20T22:16:32.323+0000] {dag.py:2915} INFO - Sync 1 DAGs
[2023-09-20T22:16:32.370+0000] {logging_mixin.py:151} INFO - [2023-09-20T22:16:32.370+0000] {dag.py:3696} INFO - Setting next_dagrun for example_task_group_decorator to 2023-09-19T22:16:32.370068+00:00, run_after=2023-09-20T22:16:32.370068+00:00
[2023-09-20T22:16:32.420+0000] {processor.py:179} INFO - Processing /home/airflow/.local/lib/python3.8/site-packages/airflow/example_dags/example_task_group_decorator.py took 0.212 seconds
[2023-09-20T22:17:03.841+0000] {processor.py:157} INFO - Started process (PID=230) to work on /home/airflow/.local/lib/python3.8/site-packages/airflow/example_dags/example_task_group_decorator.py
[2023-09-20T22:17:03.843+0000] {processor.py:829} INFO - Processing file /home/airflow/.local/lib/python3.8/site-packages/airflow/example_dags/example_task_group_decorator.py for tasks to queue
[2023-09-20T22:17:03.846+0000] {logging_mixin.py:151} INFO - [2023-09-20T22:17:03.846+0000] {dagbag.py:539} INFO - Filling up the DagBag from /home/airflow/.local/lib/python3.8/site-packages/airflow/example_dags/example_task_group_decorator.py
[2023-09-20T22:17:03.866+0000] {processor.py:839} INFO - DAG(s) dict_keys(['example_task_group_decorator']) retrieved from /home/airflow/.local/lib/python3.8/site-packages/airflow/example_dags/example_task_group_decorator.py
[2023-09-20T22:17:03.899+0000] {logging_mixin.py:151} INFO - [2023-09-20T22:17:03.899+0000] {dag.py:2915} INFO - Sync 1 DAGs
[2023-09-20T22:17:03.929+0000] {logging_mixin.py:151} INFO - [2023-09-20T22:17:03.929+0000] {dag.py:3696} INFO - Setting next_dagrun for example_task_group_decorator to 2023-09-19T22:17:03.928994+00:00, run_after=2023-09-20T22:17:03.928994+00:00
[2023-09-20T22:17:03.967+0000] {processor.py:179} INFO - Processing /home/airflow/.local/lib/python3.8/site-packages/airflow/example_dags/example_task_group_decorator.py took 0.130 seconds
[2023-09-20T22:25:02.852+0000] {processor.py:157} INFO - Started process (PID=68) to work on /home/airflow/.local/lib/python3.8/site-packages/airflow/example_dags/example_task_group_decorator.py
[2023-09-20T22:25:02.854+0000] {processor.py:829} INFO - Processing file /home/airflow/.local/lib/python3.8/site-packages/airflow/example_dags/example_task_group_decorator.py for tasks to queue
[2023-09-20T22:25:02.857+0000] {logging_mixin.py:151} INFO - [2023-09-20T22:25:02.857+0000] {dagbag.py:539} INFO - Filling up the DagBag from /home/airflow/.local/lib/python3.8/site-packages/airflow/example_dags/example_task_group_decorator.py
[2023-09-20T22:25:02.879+0000] {processor.py:839} INFO - DAG(s) dict_keys(['example_task_group_decorator']) retrieved from /home/airflow/.local/lib/python3.8/site-packages/airflow/example_dags/example_task_group_decorator.py
[2023-09-20T22:25:02.895+0000] {logging_mixin.py:151} INFO - [2023-09-20T22:25:02.894+0000] {dag.py:2915} INFO - Sync 1 DAGs
[2023-09-20T22:25:02.931+0000] {logging_mixin.py:151} INFO - [2023-09-20T22:25:02.931+0000] {dag.py:3696} INFO - Setting next_dagrun for example_task_group_decorator to 2023-09-19T22:25:02.931125+00:00, run_after=2023-09-20T22:25:02.931125+00:00
[2023-09-20T22:25:02.981+0000] {processor.py:179} INFO - Processing /home/airflow/.local/lib/python3.8/site-packages/airflow/example_dags/example_task_group_decorator.py took 0.133 seconds
[2023-09-20T22:25:33.138+0000] {processor.py:157} INFO - Started process (PID=123) to work on /home/airflow/.local/lib/python3.8/site-packages/airflow/example_dags/example_task_group_decorator.py
[2023-09-20T22:25:33.140+0000] {processor.py:829} INFO - Processing file /home/airflow/.local/lib/python3.8/site-packages/airflow/example_dags/example_task_group_decorator.py for tasks to queue
[2023-09-20T22:25:33.143+0000] {logging_mixin.py:151} INFO - [2023-09-20T22:25:33.143+0000] {dagbag.py:539} INFO - Filling up the DagBag from /home/airflow/.local/lib/python3.8/site-packages/airflow/example_dags/example_task_group_decorator.py
[2023-09-20T22:25:33.163+0000] {processor.py:839} INFO - DAG(s) dict_keys(['example_task_group_decorator']) retrieved from /home/airflow/.local/lib/python3.8/site-packages/airflow/example_dags/example_task_group_decorator.py
[2023-09-20T22:25:33.197+0000] {logging_mixin.py:151} INFO - [2023-09-20T22:25:33.197+0000] {dag.py:2915} INFO - Sync 1 DAGs
[2023-09-20T22:25:33.229+0000] {logging_mixin.py:151} INFO - [2023-09-20T22:25:33.229+0000] {dag.py:3696} INFO - Setting next_dagrun for example_task_group_decorator to 2023-09-19T22:25:33.228767+00:00, run_after=2023-09-20T22:25:33.228767+00:00
[2023-09-20T22:25:33.262+0000] {processor.py:179} INFO - Processing /home/airflow/.local/lib/python3.8/site-packages/airflow/example_dags/example_task_group_decorator.py took 0.128 seconds
[2023-09-20T22:26:03.839+0000] {processor.py:157} INFO - Started process (PID=178) to work on /home/airflow/.local/lib/python3.8/site-packages/airflow/example_dags/example_task_group_decorator.py
[2023-09-20T22:26:03.841+0000] {processor.py:829} INFO - Processing file /home/airflow/.local/lib/python3.8/site-packages/airflow/example_dags/example_task_group_decorator.py for tasks to queue
[2023-09-20T22:26:03.845+0000] {logging_mixin.py:151} INFO - [2023-09-20T22:26:03.845+0000] {dagbag.py:539} INFO - Filling up the DagBag from /home/airflow/.local/lib/python3.8/site-packages/airflow/example_dags/example_task_group_decorator.py
[2023-09-20T22:26:03.871+0000] {processor.py:839} INFO - DAG(s) dict_keys(['example_task_group_decorator']) retrieved from /home/airflow/.local/lib/python3.8/site-packages/airflow/example_dags/example_task_group_decorator.py
[2023-09-20T22:26:03.918+0000] {logging_mixin.py:151} INFO - [2023-09-20T22:26:03.918+0000] {dag.py:2915} INFO - Sync 1 DAGs
[2023-09-20T22:26:03.946+0000] {logging_mixin.py:151} INFO - [2023-09-20T22:26:03.946+0000] {dag.py:3696} INFO - Setting next_dagrun for example_task_group_decorator to 2023-09-19T22:26:03.946321+00:00, run_after=2023-09-20T22:26:03.946321+00:00
[2023-09-20T22:26:03.976+0000] {processor.py:179} INFO - Processing /home/airflow/.local/lib/python3.8/site-packages/airflow/example_dags/example_task_group_decorator.py took 0.144 seconds
[2023-09-20T22:26:35.759+0000] {processor.py:157} INFO - Started process (PID=232) to work on /home/airflow/.local/lib/python3.8/site-packages/airflow/example_dags/example_task_group_decorator.py
[2023-09-20T22:26:35.760+0000] {processor.py:829} INFO - Processing file /home/airflow/.local/lib/python3.8/site-packages/airflow/example_dags/example_task_group_decorator.py for tasks to queue
[2023-09-20T22:26:35.765+0000] {logging_mixin.py:151} INFO - [2023-09-20T22:26:35.765+0000] {dagbag.py:539} INFO - Filling up the DagBag from /home/airflow/.local/lib/python3.8/site-packages/airflow/example_dags/example_task_group_decorator.py
[2023-09-20T22:26:35.793+0000] {processor.py:839} INFO - DAG(s) dict_keys(['example_task_group_decorator']) retrieved from /home/airflow/.local/lib/python3.8/site-packages/airflow/example_dags/example_task_group_decorator.py
[2023-09-20T22:26:35.815+0000] {logging_mixin.py:151} INFO - [2023-09-20T22:26:35.815+0000] {dag.py:2915} INFO - Sync 1 DAGs
[2023-09-20T22:26:35.849+0000] {logging_mixin.py:151} INFO - [2023-09-20T22:26:35.849+0000] {dag.py:3696} INFO - Setting next_dagrun for example_task_group_decorator to 2023-09-19T22:26:35.848770+00:00, run_after=2023-09-20T22:26:35.848770+00:00
[2023-09-20T22:26:35.931+0000] {processor.py:179} INFO - Processing /home/airflow/.local/lib/python3.8/site-packages/airflow/example_dags/example_task_group_decorator.py took 0.176 seconds
[2023-09-20T22:27:06.522+0000] {processor.py:157} INFO - Started process (PID=288) to work on /home/airflow/.local/lib/python3.8/site-packages/airflow/example_dags/example_task_group_decorator.py
[2023-09-20T22:27:06.524+0000] {processor.py:829} INFO - Processing file /home/airflow/.local/lib/python3.8/site-packages/airflow/example_dags/example_task_group_decorator.py for tasks to queue
[2023-09-20T22:27:06.527+0000] {logging_mixin.py:151} INFO - [2023-09-20T22:27:06.527+0000] {dagbag.py:539} INFO - Filling up the DagBag from /home/airflow/.local/lib/python3.8/site-packages/airflow/example_dags/example_task_group_decorator.py
[2023-09-20T22:27:06.549+0000] {processor.py:839} INFO - DAG(s) dict_keys(['example_task_group_decorator']) retrieved from /home/airflow/.local/lib/python3.8/site-packages/airflow/example_dags/example_task_group_decorator.py
[2023-09-20T22:27:06.585+0000] {logging_mixin.py:151} INFO - [2023-09-20T22:27:06.584+0000] {dag.py:2915} INFO - Sync 1 DAGs
[2023-09-20T22:27:06.616+0000] {logging_mixin.py:151} INFO - [2023-09-20T22:27:06.616+0000] {dag.py:3696} INFO - Setting next_dagrun for example_task_group_decorator to 2023-09-19T22:27:06.615750+00:00, run_after=2023-09-20T22:27:06.615750+00:00
[2023-09-20T22:27:06.647+0000] {processor.py:179} INFO - Processing /home/airflow/.local/lib/python3.8/site-packages/airflow/example_dags/example_task_group_decorator.py took 0.131 seconds
[2023-09-20T22:27:36.707+0000] {processor.py:157} INFO - Started process (PID=342) to work on /home/airflow/.local/lib/python3.8/site-packages/airflow/example_dags/example_task_group_decorator.py
[2023-09-20T22:27:36.708+0000] {processor.py:829} INFO - Processing file /home/airflow/.local/lib/python3.8/site-packages/airflow/example_dags/example_task_group_decorator.py for tasks to queue
[2023-09-20T22:27:36.713+0000] {logging_mixin.py:151} INFO - [2023-09-20T22:27:36.712+0000] {dagbag.py:539} INFO - Filling up the DagBag from /home/airflow/.local/lib/python3.8/site-packages/airflow/example_dags/example_task_group_decorator.py
[2023-09-20T22:27:36.731+0000] {processor.py:839} INFO - DAG(s) dict_keys(['example_task_group_decorator']) retrieved from /home/airflow/.local/lib/python3.8/site-packages/airflow/example_dags/example_task_group_decorator.py
[2023-09-20T22:27:36.764+0000] {logging_mixin.py:151} INFO - [2023-09-20T22:27:36.764+0000] {dag.py:2915} INFO - Sync 1 DAGs
[2023-09-20T22:27:36.797+0000] {logging_mixin.py:151} INFO - [2023-09-20T22:27:36.797+0000] {dag.py:3696} INFO - Setting next_dagrun for example_task_group_decorator to 2023-09-19T22:27:36.796989+00:00, run_after=2023-09-20T22:27:36.796989+00:00
[2023-09-20T22:27:36.827+0000] {processor.py:179} INFO - Processing /home/airflow/.local/lib/python3.8/site-packages/airflow/example_dags/example_task_group_decorator.py took 0.125 seconds
[2023-09-20T22:28:07.029+0000] {processor.py:157} INFO - Started process (PID=398) to work on /home/airflow/.local/lib/python3.8/site-packages/airflow/example_dags/example_task_group_decorator.py
[2023-09-20T22:28:07.031+0000] {processor.py:829} INFO - Processing file /home/airflow/.local/lib/python3.8/site-packages/airflow/example_dags/example_task_group_decorator.py for tasks to queue
[2023-09-20T22:28:07.035+0000] {logging_mixin.py:151} INFO - [2023-09-20T22:28:07.035+0000] {dagbag.py:539} INFO - Filling up the DagBag from /home/airflow/.local/lib/python3.8/site-packages/airflow/example_dags/example_task_group_decorator.py
[2023-09-20T22:28:07.053+0000] {processor.py:839} INFO - DAG(s) dict_keys(['example_task_group_decorator']) retrieved from /home/airflow/.local/lib/python3.8/site-packages/airflow/example_dags/example_task_group_decorator.py
[2023-09-20T22:28:07.085+0000] {logging_mixin.py:151} INFO - [2023-09-20T22:28:07.084+0000] {dag.py:2915} INFO - Sync 1 DAGs
[2023-09-20T22:28:07.114+0000] {logging_mixin.py:151} INFO - [2023-09-20T22:28:07.114+0000] {dag.py:3696} INFO - Setting next_dagrun for example_task_group_decorator to 2023-09-19T22:28:07.113791+00:00, run_after=2023-09-20T22:28:07.113791+00:00
[2023-09-20T22:28:07.150+0000] {processor.py:179} INFO - Processing /home/airflow/.local/lib/python3.8/site-packages/airflow/example_dags/example_task_group_decorator.py took 0.126 seconds
[2023-09-20T22:28:37.243+0000] {processor.py:157} INFO - Started process (PID=453) to work on /home/airflow/.local/lib/python3.8/site-packages/airflow/example_dags/example_task_group_decorator.py
[2023-09-20T22:28:37.245+0000] {processor.py:829} INFO - Processing file /home/airflow/.local/lib/python3.8/site-packages/airflow/example_dags/example_task_group_decorator.py for tasks to queue
[2023-09-20T22:28:37.249+0000] {logging_mixin.py:151} INFO - [2023-09-20T22:28:37.248+0000] {dagbag.py:539} INFO - Filling up the DagBag from /home/airflow/.local/lib/python3.8/site-packages/airflow/example_dags/example_task_group_decorator.py
[2023-09-20T22:28:37.273+0000] {processor.py:839} INFO - DAG(s) dict_keys(['example_task_group_decorator']) retrieved from /home/airflow/.local/lib/python3.8/site-packages/airflow/example_dags/example_task_group_decorator.py
[2023-09-20T22:28:37.324+0000] {logging_mixin.py:151} INFO - [2023-09-20T22:28:37.324+0000] {dag.py:2915} INFO - Sync 1 DAGs
[2023-09-20T22:28:37.354+0000] {logging_mixin.py:151} INFO - [2023-09-20T22:28:37.353+0000] {dag.py:3696} INFO - Setting next_dagrun for example_task_group_decorator to 2023-09-19T22:28:37.353501+00:00, run_after=2023-09-20T22:28:37.353501+00:00
[2023-09-20T22:28:37.386+0000] {processor.py:179} INFO - Processing /home/airflow/.local/lib/python3.8/site-packages/airflow/example_dags/example_task_group_decorator.py took 0.147 seconds
[2023-09-20T22:29:08.050+0000] {processor.py:157} INFO - Started process (PID=509) to work on /home/airflow/.local/lib/python3.8/site-packages/airflow/example_dags/example_task_group_decorator.py
[2023-09-20T22:29:08.052+0000] {processor.py:829} INFO - Processing file /home/airflow/.local/lib/python3.8/site-packages/airflow/example_dags/example_task_group_decorator.py for tasks to queue
[2023-09-20T22:29:08.056+0000] {logging_mixin.py:151} INFO - [2023-09-20T22:29:08.055+0000] {dagbag.py:539} INFO - Filling up the DagBag from /home/airflow/.local/lib/python3.8/site-packages/airflow/example_dags/example_task_group_decorator.py
[2023-09-20T22:29:08.076+0000] {processor.py:839} INFO - DAG(s) dict_keys(['example_task_group_decorator']) retrieved from /home/airflow/.local/lib/python3.8/site-packages/airflow/example_dags/example_task_group_decorator.py
[2023-09-20T22:29:08.107+0000] {logging_mixin.py:151} INFO - [2023-09-20T22:29:08.107+0000] {dag.py:2915} INFO - Sync 1 DAGs
[2023-09-20T22:29:08.136+0000] {logging_mixin.py:151} INFO - [2023-09-20T22:29:08.136+0000] {dag.py:3696} INFO - Setting next_dagrun for example_task_group_decorator to 2023-09-19T22:29:08.136187+00:00, run_after=2023-09-20T22:29:08.136187+00:00
[2023-09-20T22:29:08.201+0000] {processor.py:179} INFO - Processing /home/airflow/.local/lib/python3.8/site-packages/airflow/example_dags/example_task_group_decorator.py took 0.154 seconds
[2023-09-20T22:29:39.305+0000] {processor.py:157} INFO - Started process (PID=564) to work on /home/airflow/.local/lib/python3.8/site-packages/airflow/example_dags/example_task_group_decorator.py
[2023-09-20T22:29:39.307+0000] {processor.py:829} INFO - Processing file /home/airflow/.local/lib/python3.8/site-packages/airflow/example_dags/example_task_group_decorator.py for tasks to queue
[2023-09-20T22:29:39.312+0000] {logging_mixin.py:151} INFO - [2023-09-20T22:29:39.312+0000] {dagbag.py:539} INFO - Filling up the DagBag from /home/airflow/.local/lib/python3.8/site-packages/airflow/example_dags/example_task_group_decorator.py
[2023-09-20T22:29:39.349+0000] {processor.py:839} INFO - DAG(s) dict_keys(['example_task_group_decorator']) retrieved from /home/airflow/.local/lib/python3.8/site-packages/airflow/example_dags/example_task_group_decorator.py
[2023-09-20T22:29:39.395+0000] {logging_mixin.py:151} INFO - [2023-09-20T22:29:39.395+0000] {dag.py:2915} INFO - Sync 1 DAGs
[2023-09-20T22:29:39.436+0000] {logging_mixin.py:151} INFO - [2023-09-20T22:29:39.436+0000] {dag.py:3696} INFO - Setting next_dagrun for example_task_group_decorator to 2023-09-19T22:29:39.436317+00:00, run_after=2023-09-20T22:29:39.436317+00:00
[2023-09-20T22:29:39.503+0000] {processor.py:179} INFO - Processing /home/airflow/.local/lib/python3.8/site-packages/airflow/example_dags/example_task_group_decorator.py took 0.206 seconds
[2023-09-20T22:30:09.546+0000] {processor.py:157} INFO - Started process (PID=618) to work on /home/airflow/.local/lib/python3.8/site-packages/airflow/example_dags/example_task_group_decorator.py
[2023-09-20T22:30:09.548+0000] {processor.py:829} INFO - Processing file /home/airflow/.local/lib/python3.8/site-packages/airflow/example_dags/example_task_group_decorator.py for tasks to queue
[2023-09-20T22:30:09.553+0000] {logging_mixin.py:151} INFO - [2023-09-20T22:30:09.553+0000] {dagbag.py:539} INFO - Filling up the DagBag from /home/airflow/.local/lib/python3.8/site-packages/airflow/example_dags/example_task_group_decorator.py
[2023-09-20T22:30:09.574+0000] {processor.py:839} INFO - DAG(s) dict_keys(['example_task_group_decorator']) retrieved from /home/airflow/.local/lib/python3.8/site-packages/airflow/example_dags/example_task_group_decorator.py
[2023-09-20T22:30:09.606+0000] {logging_mixin.py:151} INFO - [2023-09-20T22:30:09.606+0000] {dag.py:2915} INFO - Sync 1 DAGs
[2023-09-20T22:30:09.641+0000] {logging_mixin.py:151} INFO - [2023-09-20T22:30:09.641+0000] {dag.py:3696} INFO - Setting next_dagrun for example_task_group_decorator to 2023-09-19T22:30:09.641109+00:00, run_after=2023-09-20T22:30:09.641109+00:00
[2023-09-20T22:30:09.685+0000] {processor.py:179} INFO - Processing /home/airflow/.local/lib/python3.8/site-packages/airflow/example_dags/example_task_group_decorator.py took 0.143 seconds
[2023-09-20T22:30:40.422+0000] {processor.py:157} INFO - Started process (PID=673) to work on /home/airflow/.local/lib/python3.8/site-packages/airflow/example_dags/example_task_group_decorator.py
[2023-09-20T22:30:40.424+0000] {processor.py:829} INFO - Processing file /home/airflow/.local/lib/python3.8/site-packages/airflow/example_dags/example_task_group_decorator.py for tasks to queue
[2023-09-20T22:30:40.429+0000] {logging_mixin.py:151} INFO - [2023-09-20T22:30:40.428+0000] {dagbag.py:539} INFO - Filling up the DagBag from /home/airflow/.local/lib/python3.8/site-packages/airflow/example_dags/example_task_group_decorator.py
[2023-09-20T22:30:40.460+0000] {processor.py:839} INFO - DAG(s) dict_keys(['example_task_group_decorator']) retrieved from /home/airflow/.local/lib/python3.8/site-packages/airflow/example_dags/example_task_group_decorator.py
[2023-09-20T22:30:40.494+0000] {logging_mixin.py:151} INFO - [2023-09-20T22:30:40.494+0000] {dag.py:2915} INFO - Sync 1 DAGs
[2023-09-20T22:30:40.522+0000] {logging_mixin.py:151} INFO - [2023-09-20T22:30:40.522+0000] {dag.py:3696} INFO - Setting next_dagrun for example_task_group_decorator to 2023-09-19T22:30:40.521792+00:00, run_after=2023-09-20T22:30:40.521792+00:00
[2023-09-20T22:30:40.552+0000] {processor.py:179} INFO - Processing /home/airflow/.local/lib/python3.8/site-packages/airflow/example_dags/example_task_group_decorator.py took 0.134 seconds
[2023-09-20T22:31:11.588+0000] {processor.py:157} INFO - Started process (PID=729) to work on /home/airflow/.local/lib/python3.8/site-packages/airflow/example_dags/example_task_group_decorator.py
[2023-09-20T22:31:11.590+0000] {processor.py:829} INFO - Processing file /home/airflow/.local/lib/python3.8/site-packages/airflow/example_dags/example_task_group_decorator.py for tasks to queue
[2023-09-20T22:31:11.595+0000] {logging_mixin.py:151} INFO - [2023-09-20T22:31:11.594+0000] {dagbag.py:539} INFO - Filling up the DagBag from /home/airflow/.local/lib/python3.8/site-packages/airflow/example_dags/example_task_group_decorator.py
[2023-09-20T22:31:11.621+0000] {processor.py:839} INFO - DAG(s) dict_keys(['example_task_group_decorator']) retrieved from /home/airflow/.local/lib/python3.8/site-packages/airflow/example_dags/example_task_group_decorator.py
[2023-09-20T22:31:11.662+0000] {logging_mixin.py:151} INFO - [2023-09-20T22:31:11.661+0000] {dag.py:2915} INFO - Sync 1 DAGs
[2023-09-20T22:31:11.693+0000] {logging_mixin.py:151} INFO - [2023-09-20T22:31:11.693+0000] {dag.py:3696} INFO - Setting next_dagrun for example_task_group_decorator to 2023-09-19T22:31:11.693248+00:00, run_after=2023-09-20T22:31:11.693248+00:00
[2023-09-20T22:31:11.725+0000] {processor.py:179} INFO - Processing /home/airflow/.local/lib/python3.8/site-packages/airflow/example_dags/example_task_group_decorator.py took 0.141 seconds
[2023-09-20T22:31:43.021+0000] {processor.py:157} INFO - Started process (PID=784) to work on /home/airflow/.local/lib/python3.8/site-packages/airflow/example_dags/example_task_group_decorator.py
[2023-09-20T22:31:43.023+0000] {processor.py:829} INFO - Processing file /home/airflow/.local/lib/python3.8/site-packages/airflow/example_dags/example_task_group_decorator.py for tasks to queue
[2023-09-20T22:31:43.027+0000] {logging_mixin.py:151} INFO - [2023-09-20T22:31:43.026+0000] {dagbag.py:539} INFO - Filling up the DagBag from /home/airflow/.local/lib/python3.8/site-packages/airflow/example_dags/example_task_group_decorator.py
[2023-09-20T22:31:43.051+0000] {processor.py:839} INFO - DAG(s) dict_keys(['example_task_group_decorator']) retrieved from /home/airflow/.local/lib/python3.8/site-packages/airflow/example_dags/example_task_group_decorator.py
[2023-09-20T22:31:43.100+0000] {logging_mixin.py:151} INFO - [2023-09-20T22:31:43.099+0000] {dag.py:2915} INFO - Sync 1 DAGs
[2023-09-20T22:31:43.137+0000] {logging_mixin.py:151} INFO - [2023-09-20T22:31:43.136+0000] {dag.py:3696} INFO - Setting next_dagrun for example_task_group_decorator to 2023-09-19T22:31:43.136539+00:00, run_after=2023-09-20T22:31:43.136539+00:00
[2023-09-20T22:31:43.170+0000] {processor.py:179} INFO - Processing /home/airflow/.local/lib/python3.8/site-packages/airflow/example_dags/example_task_group_decorator.py took 0.157 seconds
[2023-09-20T22:32:13.564+0000] {processor.py:157} INFO - Started process (PID=839) to work on /home/airflow/.local/lib/python3.8/site-packages/airflow/example_dags/example_task_group_decorator.py
[2023-09-20T22:32:13.566+0000] {processor.py:829} INFO - Processing file /home/airflow/.local/lib/python3.8/site-packages/airflow/example_dags/example_task_group_decorator.py for tasks to queue
[2023-09-20T22:32:13.569+0000] {logging_mixin.py:151} INFO - [2023-09-20T22:32:13.568+0000] {dagbag.py:539} INFO - Filling up the DagBag from /home/airflow/.local/lib/python3.8/site-packages/airflow/example_dags/example_task_group_decorator.py
[2023-09-20T22:32:13.588+0000] {processor.py:839} INFO - DAG(s) dict_keys(['example_task_group_decorator']) retrieved from /home/airflow/.local/lib/python3.8/site-packages/airflow/example_dags/example_task_group_decorator.py
[2023-09-20T22:32:13.619+0000] {logging_mixin.py:151} INFO - [2023-09-20T22:32:13.619+0000] {dag.py:2915} INFO - Sync 1 DAGs
[2023-09-20T22:32:13.648+0000] {logging_mixin.py:151} INFO - [2023-09-20T22:32:13.648+0000] {dag.py:3696} INFO - Setting next_dagrun for example_task_group_decorator to 2023-09-19T22:32:13.647797+00:00, run_after=2023-09-20T22:32:13.647797+00:00
[2023-09-20T22:32:13.679+0000] {processor.py:179} INFO - Processing /home/airflow/.local/lib/python3.8/site-packages/airflow/example_dags/example_task_group_decorator.py took 0.120 seconds
[2023-09-20T22:32:44.616+0000] {processor.py:157} INFO - Started process (PID=894) to work on /home/airflow/.local/lib/python3.8/site-packages/airflow/example_dags/example_task_group_decorator.py
[2023-09-20T22:32:44.618+0000] {processor.py:829} INFO - Processing file /home/airflow/.local/lib/python3.8/site-packages/airflow/example_dags/example_task_group_decorator.py for tasks to queue
[2023-09-20T22:32:44.622+0000] {logging_mixin.py:151} INFO - [2023-09-20T22:32:44.621+0000] {dagbag.py:539} INFO - Filling up the DagBag from /home/airflow/.local/lib/python3.8/site-packages/airflow/example_dags/example_task_group_decorator.py
[2023-09-20T22:32:44.645+0000] {processor.py:839} INFO - DAG(s) dict_keys(['example_task_group_decorator']) retrieved from /home/airflow/.local/lib/python3.8/site-packages/airflow/example_dags/example_task_group_decorator.py
[2023-09-20T22:32:44.681+0000] {logging_mixin.py:151} INFO - [2023-09-20T22:32:44.680+0000] {dag.py:2915} INFO - Sync 1 DAGs
[2023-09-20T22:32:44.713+0000] {logging_mixin.py:151} INFO - [2023-09-20T22:32:44.712+0000] {dag.py:3696} INFO - Setting next_dagrun for example_task_group_decorator to 2023-09-19T22:32:44.712553+00:00, run_after=2023-09-20T22:32:44.712553+00:00
[2023-09-20T22:32:44.758+0000] {processor.py:179} INFO - Processing /home/airflow/.local/lib/python3.8/site-packages/airflow/example_dags/example_task_group_decorator.py took 0.146 seconds
[2023-09-20T22:33:15.458+0000] {processor.py:157} INFO - Started process (PID=949) to work on /home/airflow/.local/lib/python3.8/site-packages/airflow/example_dags/example_task_group_decorator.py
[2023-09-20T22:33:15.460+0000] {processor.py:829} INFO - Processing file /home/airflow/.local/lib/python3.8/site-packages/airflow/example_dags/example_task_group_decorator.py for tasks to queue
[2023-09-20T22:33:15.463+0000] {logging_mixin.py:151} INFO - [2023-09-20T22:33:15.463+0000] {dagbag.py:539} INFO - Filling up the DagBag from /home/airflow/.local/lib/python3.8/site-packages/airflow/example_dags/example_task_group_decorator.py
[2023-09-20T22:33:15.482+0000] {processor.py:839} INFO - DAG(s) dict_keys(['example_task_group_decorator']) retrieved from /home/airflow/.local/lib/python3.8/site-packages/airflow/example_dags/example_task_group_decorator.py
[2023-09-20T22:33:15.516+0000] {logging_mixin.py:151} INFO - [2023-09-20T22:33:15.516+0000] {dag.py:2915} INFO - Sync 1 DAGs
[2023-09-20T22:33:15.545+0000] {logging_mixin.py:151} INFO - [2023-09-20T22:33:15.545+0000] {dag.py:3696} INFO - Setting next_dagrun for example_task_group_decorator to 2023-09-19T22:33:15.544991+00:00, run_after=2023-09-20T22:33:15.544991+00:00
[2023-09-20T22:33:15.571+0000] {processor.py:179} INFO - Processing /home/airflow/.local/lib/python3.8/site-packages/airflow/example_dags/example_task_group_decorator.py took 0.118 seconds
[2023-09-20T22:33:46.235+0000] {processor.py:157} INFO - Started process (PID=1004) to work on /home/airflow/.local/lib/python3.8/site-packages/airflow/example_dags/example_task_group_decorator.py
[2023-09-20T22:33:46.236+0000] {processor.py:829} INFO - Processing file /home/airflow/.local/lib/python3.8/site-packages/airflow/example_dags/example_task_group_decorator.py for tasks to queue
[2023-09-20T22:33:46.241+0000] {logging_mixin.py:151} INFO - [2023-09-20T22:33:46.240+0000] {dagbag.py:539} INFO - Filling up the DagBag from /home/airflow/.local/lib/python3.8/site-packages/airflow/example_dags/example_task_group_decorator.py
[2023-09-20T22:33:46.274+0000] {processor.py:839} INFO - DAG(s) dict_keys(['example_task_group_decorator']) retrieved from /home/airflow/.local/lib/python3.8/site-packages/airflow/example_dags/example_task_group_decorator.py
[2023-09-20T22:33:46.311+0000] {logging_mixin.py:151} INFO - [2023-09-20T22:33:46.310+0000] {dag.py:2915} INFO - Sync 1 DAGs
[2023-09-20T22:33:46.350+0000] {logging_mixin.py:151} INFO - [2023-09-20T22:33:46.350+0000] {dag.py:3696} INFO - Setting next_dagrun for example_task_group_decorator to 2023-09-19T22:33:46.350356+00:00, run_after=2023-09-20T22:33:46.350356+00:00
[2023-09-20T22:33:46.383+0000] {processor.py:179} INFO - Processing /home/airflow/.local/lib/python3.8/site-packages/airflow/example_dags/example_task_group_decorator.py took 0.153 seconds
[2023-09-20T22:34:17.011+0000] {processor.py:157} INFO - Started process (PID=1059) to work on /home/airflow/.local/lib/python3.8/site-packages/airflow/example_dags/example_task_group_decorator.py
[2023-09-20T22:34:17.012+0000] {processor.py:829} INFO - Processing file /home/airflow/.local/lib/python3.8/site-packages/airflow/example_dags/example_task_group_decorator.py for tasks to queue
[2023-09-20T22:34:17.015+0000] {logging_mixin.py:151} INFO - [2023-09-20T22:34:17.014+0000] {dagbag.py:539} INFO - Filling up the DagBag from /home/airflow/.local/lib/python3.8/site-packages/airflow/example_dags/example_task_group_decorator.py
[2023-09-20T22:34:17.033+0000] {processor.py:839} INFO - DAG(s) dict_keys(['example_task_group_decorator']) retrieved from /home/airflow/.local/lib/python3.8/site-packages/airflow/example_dags/example_task_group_decorator.py
[2023-09-20T22:34:17.064+0000] {logging_mixin.py:151} INFO - [2023-09-20T22:34:17.063+0000] {dag.py:2915} INFO - Sync 1 DAGs
[2023-09-20T22:34:17.095+0000] {logging_mixin.py:151} INFO - [2023-09-20T22:34:17.095+0000] {dag.py:3696} INFO - Setting next_dagrun for example_task_group_decorator to 2023-09-19T22:34:17.094824+00:00, run_after=2023-09-20T22:34:17.094824+00:00
[2023-09-20T22:34:17.152+0000] {processor.py:179} INFO - Processing /home/airflow/.local/lib/python3.8/site-packages/airflow/example_dags/example_task_group_decorator.py took 0.146 seconds
[2023-09-20T22:34:47.814+0000] {processor.py:157} INFO - Started process (PID=1114) to work on /home/airflow/.local/lib/python3.8/site-packages/airflow/example_dags/example_task_group_decorator.py
[2023-09-20T22:34:47.816+0000] {processor.py:829} INFO - Processing file /home/airflow/.local/lib/python3.8/site-packages/airflow/example_dags/example_task_group_decorator.py for tasks to queue
[2023-09-20T22:34:47.819+0000] {logging_mixin.py:151} INFO - [2023-09-20T22:34:47.818+0000] {dagbag.py:539} INFO - Filling up the DagBag from /home/airflow/.local/lib/python3.8/site-packages/airflow/example_dags/example_task_group_decorator.py
[2023-09-20T22:34:47.838+0000] {processor.py:839} INFO - DAG(s) dict_keys(['example_task_group_decorator']) retrieved from /home/airflow/.local/lib/python3.8/site-packages/airflow/example_dags/example_task_group_decorator.py
[2023-09-20T22:34:47.868+0000] {logging_mixin.py:151} INFO - [2023-09-20T22:34:47.868+0000] {dag.py:2915} INFO - Sync 1 DAGs
[2023-09-20T22:34:47.894+0000] {logging_mixin.py:151} INFO - [2023-09-20T22:34:47.894+0000] {dag.py:3696} INFO - Setting next_dagrun for example_task_group_decorator to 2023-09-19T22:34:47.893848+00:00, run_after=2023-09-20T22:34:47.893848+00:00
[2023-09-20T22:34:47.924+0000] {processor.py:179} INFO - Processing /home/airflow/.local/lib/python3.8/site-packages/airflow/example_dags/example_task_group_decorator.py took 0.114 seconds
[2023-09-20T22:35:18.805+0000] {processor.py:157} INFO - Started process (PID=1168) to work on /home/airflow/.local/lib/python3.8/site-packages/airflow/example_dags/example_task_group_decorator.py
[2023-09-20T22:35:18.807+0000] {processor.py:829} INFO - Processing file /home/airflow/.local/lib/python3.8/site-packages/airflow/example_dags/example_task_group_decorator.py for tasks to queue
[2023-09-20T22:35:18.813+0000] {logging_mixin.py:151} INFO - [2023-09-20T22:35:18.813+0000] {dagbag.py:539} INFO - Filling up the DagBag from /home/airflow/.local/lib/python3.8/site-packages/airflow/example_dags/example_task_group_decorator.py
[2023-09-20T22:35:18.839+0000] {processor.py:839} INFO - DAG(s) dict_keys(['example_task_group_decorator']) retrieved from /home/airflow/.local/lib/python3.8/site-packages/airflow/example_dags/example_task_group_decorator.py
[2023-09-20T22:35:18.875+0000] {logging_mixin.py:151} INFO - [2023-09-20T22:35:18.874+0000] {dag.py:2915} INFO - Sync 1 DAGs
[2023-09-20T22:35:18.902+0000] {logging_mixin.py:151} INFO - [2023-09-20T22:35:18.902+0000] {dag.py:3696} INFO - Setting next_dagrun for example_task_group_decorator to 2023-09-19T22:35:18.902084+00:00, run_after=2023-09-20T22:35:18.902084+00:00
[2023-09-20T22:35:18.937+0000] {processor.py:179} INFO - Processing /home/airflow/.local/lib/python3.8/site-packages/airflow/example_dags/example_task_group_decorator.py took 0.141 seconds
[2023-09-20T22:35:49.913+0000] {processor.py:157} INFO - Started process (PID=1224) to work on /home/airflow/.local/lib/python3.8/site-packages/airflow/example_dags/example_task_group_decorator.py
[2023-09-20T22:35:49.915+0000] {processor.py:829} INFO - Processing file /home/airflow/.local/lib/python3.8/site-packages/airflow/example_dags/example_task_group_decorator.py for tasks to queue
[2023-09-20T22:35:49.919+0000] {logging_mixin.py:151} INFO - [2023-09-20T22:35:49.918+0000] {dagbag.py:539} INFO - Filling up the DagBag from /home/airflow/.local/lib/python3.8/site-packages/airflow/example_dags/example_task_group_decorator.py
[2023-09-20T22:35:49.941+0000] {processor.py:839} INFO - DAG(s) dict_keys(['example_task_group_decorator']) retrieved from /home/airflow/.local/lib/python3.8/site-packages/airflow/example_dags/example_task_group_decorator.py
[2023-09-20T22:35:49.978+0000] {logging_mixin.py:151} INFO - [2023-09-20T22:35:49.978+0000] {dag.py:2915} INFO - Sync 1 DAGs
[2023-09-20T22:35:50.024+0000] {logging_mixin.py:151} INFO - [2023-09-20T22:35:50.024+0000] {dag.py:3696} INFO - Setting next_dagrun for example_task_group_decorator to 2023-09-19T22:35:50.024075+00:00, run_after=2023-09-20T22:35:50.024075+00:00
[2023-09-20T22:35:50.199+0000] {processor.py:179} INFO - Processing /home/airflow/.local/lib/python3.8/site-packages/airflow/example_dags/example_task_group_decorator.py took 0.292 seconds
[2023-09-20T22:36:20.864+0000] {processor.py:157} INFO - Started process (PID=1279) to work on /home/airflow/.local/lib/python3.8/site-packages/airflow/example_dags/example_task_group_decorator.py
[2023-09-20T22:36:20.865+0000] {processor.py:829} INFO - Processing file /home/airflow/.local/lib/python3.8/site-packages/airflow/example_dags/example_task_group_decorator.py for tasks to queue
[2023-09-20T22:36:20.871+0000] {logging_mixin.py:151} INFO - [2023-09-20T22:36:20.870+0000] {dagbag.py:539} INFO - Filling up the DagBag from /home/airflow/.local/lib/python3.8/site-packages/airflow/example_dags/example_task_group_decorator.py
[2023-09-20T22:36:20.893+0000] {processor.py:839} INFO - DAG(s) dict_keys(['example_task_group_decorator']) retrieved from /home/airflow/.local/lib/python3.8/site-packages/airflow/example_dags/example_task_group_decorator.py
[2023-09-20T22:36:20.927+0000] {logging_mixin.py:151} INFO - [2023-09-20T22:36:20.927+0000] {dag.py:2915} INFO - Sync 1 DAGs
[2023-09-20T22:36:20.955+0000] {logging_mixin.py:151} INFO - [2023-09-20T22:36:20.955+0000] {dag.py:3696} INFO - Setting next_dagrun for example_task_group_decorator to 2023-09-19T22:36:20.954944+00:00, run_after=2023-09-20T22:36:20.954944+00:00
[2023-09-20T22:36:20.984+0000] {processor.py:179} INFO - Processing /home/airflow/.local/lib/python3.8/site-packages/airflow/example_dags/example_task_group_decorator.py took 0.128 seconds
[2023-09-20T22:36:51.353+0000] {processor.py:157} INFO - Started process (PID=1334) to work on /home/airflow/.local/lib/python3.8/site-packages/airflow/example_dags/example_task_group_decorator.py
[2023-09-20T22:36:51.355+0000] {processor.py:829} INFO - Processing file /home/airflow/.local/lib/python3.8/site-packages/airflow/example_dags/example_task_group_decorator.py for tasks to queue
[2023-09-20T22:36:51.360+0000] {logging_mixin.py:151} INFO - [2023-09-20T22:36:51.359+0000] {dagbag.py:539} INFO - Filling up the DagBag from /home/airflow/.local/lib/python3.8/site-packages/airflow/example_dags/example_task_group_decorator.py
[2023-09-20T22:36:51.386+0000] {processor.py:839} INFO - DAG(s) dict_keys(['example_task_group_decorator']) retrieved from /home/airflow/.local/lib/python3.8/site-packages/airflow/example_dags/example_task_group_decorator.py
[2023-09-20T22:36:51.419+0000] {logging_mixin.py:151} INFO - [2023-09-20T22:36:51.419+0000] {dag.py:2915} INFO - Sync 1 DAGs
[2023-09-20T22:36:51.449+0000] {logging_mixin.py:151} INFO - [2023-09-20T22:36:51.449+0000] {dag.py:3696} INFO - Setting next_dagrun for example_task_group_decorator to 2023-09-19T22:36:51.449105+00:00, run_after=2023-09-20T22:36:51.449105+00:00
[2023-09-20T22:36:51.519+0000] {processor.py:179} INFO - Processing /home/airflow/.local/lib/python3.8/site-packages/airflow/example_dags/example_task_group_decorator.py took 0.178 seconds
[2023-09-20T22:37:22.194+0000] {processor.py:157} INFO - Started process (PID=1397) to work on /home/airflow/.local/lib/python3.8/site-packages/airflow/example_dags/example_task_group_decorator.py
[2023-09-20T22:37:22.196+0000] {processor.py:829} INFO - Processing file /home/airflow/.local/lib/python3.8/site-packages/airflow/example_dags/example_task_group_decorator.py for tasks to queue
[2023-09-20T22:37:22.199+0000] {logging_mixin.py:151} INFO - [2023-09-20T22:37:22.199+0000] {dagbag.py:539} INFO - Filling up the DagBag from /home/airflow/.local/lib/python3.8/site-packages/airflow/example_dags/example_task_group_decorator.py
[2023-09-20T22:37:22.218+0000] {processor.py:839} INFO - DAG(s) dict_keys(['example_task_group_decorator']) retrieved from /home/airflow/.local/lib/python3.8/site-packages/airflow/example_dags/example_task_group_decorator.py
[2023-09-20T22:37:22.253+0000] {logging_mixin.py:151} INFO - [2023-09-20T22:37:22.252+0000] {dag.py:2915} INFO - Sync 1 DAGs
[2023-09-20T22:37:22.282+0000] {logging_mixin.py:151} INFO - [2023-09-20T22:37:22.281+0000] {dag.py:3696} INFO - Setting next_dagrun for example_task_group_decorator to 2023-09-19T22:37:22.281474+00:00, run_after=2023-09-20T22:37:22.281474+00:00
[2023-09-20T22:37:22.310+0000] {processor.py:179} INFO - Processing /home/airflow/.local/lib/python3.8/site-packages/airflow/example_dags/example_task_group_decorator.py took 0.120 seconds
[2023-09-20T22:37:53.168+0000] {processor.py:157} INFO - Started process (PID=1452) to work on /home/airflow/.local/lib/python3.8/site-packages/airflow/example_dags/example_task_group_decorator.py
[2023-09-20T22:37:53.171+0000] {processor.py:829} INFO - Processing file /home/airflow/.local/lib/python3.8/site-packages/airflow/example_dags/example_task_group_decorator.py for tasks to queue
[2023-09-20T22:37:53.177+0000] {logging_mixin.py:151} INFO - [2023-09-20T22:37:53.176+0000] {dagbag.py:539} INFO - Filling up the DagBag from /home/airflow/.local/lib/python3.8/site-packages/airflow/example_dags/example_task_group_decorator.py
[2023-09-20T22:37:53.215+0000] {processor.py:839} INFO - DAG(s) dict_keys(['example_task_group_decorator']) retrieved from /home/airflow/.local/lib/python3.8/site-packages/airflow/example_dags/example_task_group_decorator.py
[2023-09-20T22:37:53.253+0000] {logging_mixin.py:151} INFO - [2023-09-20T22:37:53.252+0000] {dag.py:2915} INFO - Sync 1 DAGs
[2023-09-20T22:37:53.280+0000] {logging_mixin.py:151} INFO - [2023-09-20T22:37:53.280+0000] {dag.py:3696} INFO - Setting next_dagrun for example_task_group_decorator to 2023-09-19T22:37:53.280096+00:00, run_after=2023-09-20T22:37:53.280096+00:00
[2023-09-20T22:37:53.311+0000] {processor.py:179} INFO - Processing /home/airflow/.local/lib/python3.8/site-packages/airflow/example_dags/example_task_group_decorator.py took 0.153 seconds
[2023-09-20T22:38:23.547+0000] {processor.py:157} INFO - Started process (PID=1507) to work on /home/airflow/.local/lib/python3.8/site-packages/airflow/example_dags/example_task_group_decorator.py
[2023-09-20T22:38:23.549+0000] {processor.py:829} INFO - Processing file /home/airflow/.local/lib/python3.8/site-packages/airflow/example_dags/example_task_group_decorator.py for tasks to queue
[2023-09-20T22:38:23.554+0000] {logging_mixin.py:151} INFO - [2023-09-20T22:38:23.553+0000] {dagbag.py:539} INFO - Filling up the DagBag from /home/airflow/.local/lib/python3.8/site-packages/airflow/example_dags/example_task_group_decorator.py
[2023-09-20T22:38:23.579+0000] {processor.py:839} INFO - DAG(s) dict_keys(['example_task_group_decorator']) retrieved from /home/airflow/.local/lib/python3.8/site-packages/airflow/example_dags/example_task_group_decorator.py
[2023-09-20T22:38:23.616+0000] {logging_mixin.py:151} INFO - [2023-09-20T22:38:23.615+0000] {dag.py:2915} INFO - Sync 1 DAGs
[2023-09-20T22:38:23.647+0000] {logging_mixin.py:151} INFO - [2023-09-20T22:38:23.647+0000] {dag.py:3696} INFO - Setting next_dagrun for example_task_group_decorator to 2023-09-19T22:38:23.647124+00:00, run_after=2023-09-20T22:38:23.647124+00:00
[2023-09-20T22:38:23.674+0000] {processor.py:179} INFO - Processing /home/airflow/.local/lib/python3.8/site-packages/airflow/example_dags/example_task_group_decorator.py took 0.136 seconds
[2023-09-20T22:38:54.404+0000] {processor.py:157} INFO - Started process (PID=1562) to work on /home/airflow/.local/lib/python3.8/site-packages/airflow/example_dags/example_task_group_decorator.py
[2023-09-20T22:38:54.406+0000] {processor.py:829} INFO - Processing file /home/airflow/.local/lib/python3.8/site-packages/airflow/example_dags/example_task_group_decorator.py for tasks to queue
[2023-09-20T22:38:54.409+0000] {logging_mixin.py:151} INFO - [2023-09-20T22:38:54.408+0000] {dagbag.py:539} INFO - Filling up the DagBag from /home/airflow/.local/lib/python3.8/site-packages/airflow/example_dags/example_task_group_decorator.py
[2023-09-20T22:38:54.428+0000] {processor.py:839} INFO - DAG(s) dict_keys(['example_task_group_decorator']) retrieved from /home/airflow/.local/lib/python3.8/site-packages/airflow/example_dags/example_task_group_decorator.py
[2023-09-20T22:38:54.461+0000] {logging_mixin.py:151} INFO - [2023-09-20T22:38:54.460+0000] {dag.py:2915} INFO - Sync 1 DAGs
[2023-09-20T22:38:54.491+0000] {logging_mixin.py:151} INFO - [2023-09-20T22:38:54.491+0000] {dag.py:3696} INFO - Setting next_dagrun for example_task_group_decorator to 2023-09-19T22:38:54.491292+00:00, run_after=2023-09-20T22:38:54.491292+00:00
[2023-09-20T22:38:54.520+0000] {processor.py:179} INFO - Processing /home/airflow/.local/lib/python3.8/site-packages/airflow/example_dags/example_task_group_decorator.py took 0.120 seconds
[2023-09-20T22:39:24.657+0000] {processor.py:157} INFO - Started process (PID=1617) to work on /home/airflow/.local/lib/python3.8/site-packages/airflow/example_dags/example_task_group_decorator.py
[2023-09-20T22:39:24.658+0000] {processor.py:829} INFO - Processing file /home/airflow/.local/lib/python3.8/site-packages/airflow/example_dags/example_task_group_decorator.py for tasks to queue
[2023-09-20T22:39:24.662+0000] {logging_mixin.py:151} INFO - [2023-09-20T22:39:24.661+0000] {dagbag.py:539} INFO - Filling up the DagBag from /home/airflow/.local/lib/python3.8/site-packages/airflow/example_dags/example_task_group_decorator.py
[2023-09-20T22:39:24.682+0000] {processor.py:839} INFO - DAG(s) dict_keys(['example_task_group_decorator']) retrieved from /home/airflow/.local/lib/python3.8/site-packages/airflow/example_dags/example_task_group_decorator.py
[2023-09-20T22:39:24.724+0000] {logging_mixin.py:151} INFO - [2023-09-20T22:39:24.724+0000] {dag.py:2915} INFO - Sync 1 DAGs
[2023-09-20T22:39:24.759+0000] {logging_mixin.py:151} INFO - [2023-09-20T22:39:24.758+0000] {dag.py:3696} INFO - Setting next_dagrun for example_task_group_decorator to 2023-09-19T22:39:24.758524+00:00, run_after=2023-09-20T22:39:24.758524+00:00
[2023-09-20T22:39:24.800+0000] {processor.py:179} INFO - Processing /home/airflow/.local/lib/python3.8/site-packages/airflow/example_dags/example_task_group_decorator.py took 0.148 seconds
[2023-09-20T22:39:54.892+0000] {processor.py:157} INFO - Started process (PID=1671) to work on /home/airflow/.local/lib/python3.8/site-packages/airflow/example_dags/example_task_group_decorator.py
[2023-09-20T22:39:54.893+0000] {processor.py:829} INFO - Processing file /home/airflow/.local/lib/python3.8/site-packages/airflow/example_dags/example_task_group_decorator.py for tasks to queue
[2023-09-20T22:39:54.898+0000] {logging_mixin.py:151} INFO - [2023-09-20T22:39:54.897+0000] {dagbag.py:539} INFO - Filling up the DagBag from /home/airflow/.local/lib/python3.8/site-packages/airflow/example_dags/example_task_group_decorator.py
[2023-09-20T22:39:54.931+0000] {processor.py:839} INFO - DAG(s) dict_keys(['example_task_group_decorator']) retrieved from /home/airflow/.local/lib/python3.8/site-packages/airflow/example_dags/example_task_group_decorator.py
[2023-09-20T22:39:54.972+0000] {logging_mixin.py:151} INFO - [2023-09-20T22:39:54.972+0000] {dag.py:2915} INFO - Sync 1 DAGs
[2023-09-20T22:39:55.003+0000] {logging_mixin.py:151} INFO - [2023-09-20T22:39:55.002+0000] {dag.py:3696} INFO - Setting next_dagrun for example_task_group_decorator to 2023-09-19T22:39:55.002477+00:00, run_after=2023-09-20T22:39:55.002477+00:00
[2023-09-20T22:39:55.038+0000] {processor.py:179} INFO - Processing /home/airflow/.local/lib/python3.8/site-packages/airflow/example_dags/example_task_group_decorator.py took 0.153 seconds
[2023-09-20T22:40:25.864+0000] {processor.py:157} INFO - Started process (PID=1726) to work on /home/airflow/.local/lib/python3.8/site-packages/airflow/example_dags/example_task_group_decorator.py
[2023-09-20T22:40:25.865+0000] {processor.py:829} INFO - Processing file /home/airflow/.local/lib/python3.8/site-packages/airflow/example_dags/example_task_group_decorator.py for tasks to queue
[2023-09-20T22:40:25.869+0000] {logging_mixin.py:151} INFO - [2023-09-20T22:40:25.869+0000] {dagbag.py:539} INFO - Filling up the DagBag from /home/airflow/.local/lib/python3.8/site-packages/airflow/example_dags/example_task_group_decorator.py
[2023-09-20T22:40:25.888+0000] {processor.py:839} INFO - DAG(s) dict_keys(['example_task_group_decorator']) retrieved from /home/airflow/.local/lib/python3.8/site-packages/airflow/example_dags/example_task_group_decorator.py
[2023-09-20T22:40:25.926+0000] {logging_mixin.py:151} INFO - [2023-09-20T22:40:25.925+0000] {dag.py:2915} INFO - Sync 1 DAGs
[2023-09-20T22:40:25.965+0000] {logging_mixin.py:151} INFO - [2023-09-20T22:40:25.965+0000] {dag.py:3696} INFO - Setting next_dagrun for example_task_group_decorator to 2023-09-19T22:40:25.964610+00:00, run_after=2023-09-20T22:40:25.964610+00:00
[2023-09-20T22:40:26.000+0000] {processor.py:179} INFO - Processing /home/airflow/.local/lib/python3.8/site-packages/airflow/example_dags/example_task_group_decorator.py took 0.140 seconds
[2023-09-20T22:40:56.292+0000] {processor.py:157} INFO - Started process (PID=1781) to work on /home/airflow/.local/lib/python3.8/site-packages/airflow/example_dags/example_task_group_decorator.py
[2023-09-20T22:40:56.294+0000] {processor.py:829} INFO - Processing file /home/airflow/.local/lib/python3.8/site-packages/airflow/example_dags/example_task_group_decorator.py for tasks to queue
[2023-09-20T22:40:56.297+0000] {logging_mixin.py:151} INFO - [2023-09-20T22:40:56.297+0000] {dagbag.py:539} INFO - Filling up the DagBag from /home/airflow/.local/lib/python3.8/site-packages/airflow/example_dags/example_task_group_decorator.py
[2023-09-20T22:40:56.316+0000] {processor.py:839} INFO - DAG(s) dict_keys(['example_task_group_decorator']) retrieved from /home/airflow/.local/lib/python3.8/site-packages/airflow/example_dags/example_task_group_decorator.py
[2023-09-20T22:40:56.349+0000] {logging_mixin.py:151} INFO - [2023-09-20T22:40:56.349+0000] {dag.py:2915} INFO - Sync 1 DAGs
[2023-09-20T22:40:56.379+0000] {logging_mixin.py:151} INFO - [2023-09-20T22:40:56.378+0000] {dag.py:3696} INFO - Setting next_dagrun for example_task_group_decorator to 2023-09-19T22:40:56.378621+00:00, run_after=2023-09-20T22:40:56.378621+00:00
[2023-09-20T22:40:56.413+0000] {processor.py:179} INFO - Processing /home/airflow/.local/lib/python3.8/site-packages/airflow/example_dags/example_task_group_decorator.py took 0.125 seconds
[2023-09-20T22:41:26.901+0000] {processor.py:157} INFO - Started process (PID=1836) to work on /home/airflow/.local/lib/python3.8/site-packages/airflow/example_dags/example_task_group_decorator.py
[2023-09-20T22:41:26.903+0000] {processor.py:829} INFO - Processing file /home/airflow/.local/lib/python3.8/site-packages/airflow/example_dags/example_task_group_decorator.py for tasks to queue
[2023-09-20T22:41:26.906+0000] {logging_mixin.py:151} INFO - [2023-09-20T22:41:26.906+0000] {dagbag.py:539} INFO - Filling up the DagBag from /home/airflow/.local/lib/python3.8/site-packages/airflow/example_dags/example_task_group_decorator.py
[2023-09-20T22:41:26.924+0000] {processor.py:839} INFO - DAG(s) dict_keys(['example_task_group_decorator']) retrieved from /home/airflow/.local/lib/python3.8/site-packages/airflow/example_dags/example_task_group_decorator.py
[2023-09-20T22:41:26.969+0000] {logging_mixin.py:151} INFO - [2023-09-20T22:41:26.968+0000] {dag.py:2915} INFO - Sync 1 DAGs
[2023-09-20T22:41:27.006+0000] {logging_mixin.py:151} INFO - [2023-09-20T22:41:27.005+0000] {dag.py:3696} INFO - Setting next_dagrun for example_task_group_decorator to 2023-09-19T22:41:27.005564+00:00, run_after=2023-09-20T22:41:27.005564+00:00
[2023-09-20T22:41:27.043+0000] {processor.py:179} INFO - Processing /home/airflow/.local/lib/python3.8/site-packages/airflow/example_dags/example_task_group_decorator.py took 0.146 seconds
[2023-09-20T22:41:57.485+0000] {processor.py:157} INFO - Started process (PID=1891) to work on /home/airflow/.local/lib/python3.8/site-packages/airflow/example_dags/example_task_group_decorator.py
[2023-09-20T22:41:57.487+0000] {processor.py:829} INFO - Processing file /home/airflow/.local/lib/python3.8/site-packages/airflow/example_dags/example_task_group_decorator.py for tasks to queue
[2023-09-20T22:41:57.491+0000] {logging_mixin.py:151} INFO - [2023-09-20T22:41:57.490+0000] {dagbag.py:539} INFO - Filling up the DagBag from /home/airflow/.local/lib/python3.8/site-packages/airflow/example_dags/example_task_group_decorator.py
[2023-09-20T22:41:57.514+0000] {processor.py:839} INFO - DAG(s) dict_keys(['example_task_group_decorator']) retrieved from /home/airflow/.local/lib/python3.8/site-packages/airflow/example_dags/example_task_group_decorator.py
[2023-09-20T22:41:57.551+0000] {logging_mixin.py:151} INFO - [2023-09-20T22:41:57.551+0000] {dag.py:2915} INFO - Sync 1 DAGs
[2023-09-20T22:41:57.581+0000] {logging_mixin.py:151} INFO - [2023-09-20T22:41:57.581+0000] {dag.py:3696} INFO - Setting next_dagrun for example_task_group_decorator to 2023-09-19T22:41:57.580884+00:00, run_after=2023-09-20T22:41:57.580884+00:00
[2023-09-20T22:41:57.628+0000] {processor.py:179} INFO - Processing /home/airflow/.local/lib/python3.8/site-packages/airflow/example_dags/example_task_group_decorator.py took 0.148 seconds
[2023-09-20T22:42:28.118+0000] {processor.py:157} INFO - Started process (PID=1946) to work on /home/airflow/.local/lib/python3.8/site-packages/airflow/example_dags/example_task_group_decorator.py
[2023-09-20T22:42:28.120+0000] {processor.py:829} INFO - Processing file /home/airflow/.local/lib/python3.8/site-packages/airflow/example_dags/example_task_group_decorator.py for tasks to queue
[2023-09-20T22:42:28.123+0000] {logging_mixin.py:151} INFO - [2023-09-20T22:42:28.123+0000] {dagbag.py:539} INFO - Filling up the DagBag from /home/airflow/.local/lib/python3.8/site-packages/airflow/example_dags/example_task_group_decorator.py
[2023-09-20T22:42:28.144+0000] {processor.py:839} INFO - DAG(s) dict_keys(['example_task_group_decorator']) retrieved from /home/airflow/.local/lib/python3.8/site-packages/airflow/example_dags/example_task_group_decorator.py
[2023-09-20T22:42:28.178+0000] {logging_mixin.py:151} INFO - [2023-09-20T22:42:28.178+0000] {dag.py:2915} INFO - Sync 1 DAGs
[2023-09-20T22:42:28.211+0000] {logging_mixin.py:151} INFO - [2023-09-20T22:42:28.210+0000] {dag.py:3696} INFO - Setting next_dagrun for example_task_group_decorator to 2023-09-19T22:42:28.210614+00:00, run_after=2023-09-20T22:42:28.210614+00:00
[2023-09-20T22:42:28.397+0000] {processor.py:179} INFO - Processing /home/airflow/.local/lib/python3.8/site-packages/airflow/example_dags/example_task_group_decorator.py took 0.284 seconds
[2023-09-20T22:42:58.931+0000] {processor.py:157} INFO - Started process (PID=2002) to work on /home/airflow/.local/lib/python3.8/site-packages/airflow/example_dags/example_task_group_decorator.py
[2023-09-20T22:42:58.933+0000] {processor.py:829} INFO - Processing file /home/airflow/.local/lib/python3.8/site-packages/airflow/example_dags/example_task_group_decorator.py for tasks to queue
[2023-09-20T22:42:58.936+0000] {logging_mixin.py:151} INFO - [2023-09-20T22:42:58.935+0000] {dagbag.py:539} INFO - Filling up the DagBag from /home/airflow/.local/lib/python3.8/site-packages/airflow/example_dags/example_task_group_decorator.py
[2023-09-20T22:42:58.955+0000] {processor.py:839} INFO - DAG(s) dict_keys(['example_task_group_decorator']) retrieved from /home/airflow/.local/lib/python3.8/site-packages/airflow/example_dags/example_task_group_decorator.py
[2023-09-20T22:42:58.994+0000] {logging_mixin.py:151} INFO - [2023-09-20T22:42:58.993+0000] {dag.py:2915} INFO - Sync 1 DAGs
[2023-09-20T22:42:59.039+0000] {logging_mixin.py:151} INFO - [2023-09-20T22:42:59.039+0000] {dag.py:3696} INFO - Setting next_dagrun for example_task_group_decorator to 2023-09-19T22:42:59.039059+00:00, run_after=2023-09-20T22:42:59.039059+00:00
[2023-09-20T22:42:59.069+0000] {processor.py:179} INFO - Processing /home/airflow/.local/lib/python3.8/site-packages/airflow/example_dags/example_task_group_decorator.py took 0.143 seconds
[2023-09-20T22:43:29.857+0000] {processor.py:157} INFO - Started process (PID=2056) to work on /home/airflow/.local/lib/python3.8/site-packages/airflow/example_dags/example_task_group_decorator.py
[2023-09-20T22:43:29.859+0000] {processor.py:829} INFO - Processing file /home/airflow/.local/lib/python3.8/site-packages/airflow/example_dags/example_task_group_decorator.py for tasks to queue
[2023-09-20T22:43:29.864+0000] {logging_mixin.py:151} INFO - [2023-09-20T22:43:29.864+0000] {dagbag.py:539} INFO - Filling up the DagBag from /home/airflow/.local/lib/python3.8/site-packages/airflow/example_dags/example_task_group_decorator.py
[2023-09-20T22:43:29.898+0000] {processor.py:839} INFO - DAG(s) dict_keys(['example_task_group_decorator']) retrieved from /home/airflow/.local/lib/python3.8/site-packages/airflow/example_dags/example_task_group_decorator.py
[2023-09-20T22:43:29.935+0000] {logging_mixin.py:151} INFO - [2023-09-20T22:43:29.935+0000] {dag.py:2915} INFO - Sync 1 DAGs
[2023-09-20T22:43:29.967+0000] {logging_mixin.py:151} INFO - [2023-09-20T22:43:29.967+0000] {dag.py:3696} INFO - Setting next_dagrun for example_task_group_decorator to 2023-09-19T22:43:29.967191+00:00, run_after=2023-09-20T22:43:29.967191+00:00
[2023-09-20T22:43:30.000+0000] {processor.py:179} INFO - Processing /home/airflow/.local/lib/python3.8/site-packages/airflow/example_dags/example_task_group_decorator.py took 0.151 seconds
[2023-09-20T22:44:00.526+0000] {processor.py:157} INFO - Started process (PID=2111) to work on /home/airflow/.local/lib/python3.8/site-packages/airflow/example_dags/example_task_group_decorator.py
[2023-09-20T22:44:00.528+0000] {processor.py:829} INFO - Processing file /home/airflow/.local/lib/python3.8/site-packages/airflow/example_dags/example_task_group_decorator.py for tasks to queue
[2023-09-20T22:44:00.531+0000] {logging_mixin.py:151} INFO - [2023-09-20T22:44:00.531+0000] {dagbag.py:539} INFO - Filling up the DagBag from /home/airflow/.local/lib/python3.8/site-packages/airflow/example_dags/example_task_group_decorator.py
[2023-09-20T22:44:00.550+0000] {processor.py:839} INFO - DAG(s) dict_keys(['example_task_group_decorator']) retrieved from /home/airflow/.local/lib/python3.8/site-packages/airflow/example_dags/example_task_group_decorator.py
[2023-09-20T22:44:00.587+0000] {logging_mixin.py:151} INFO - [2023-09-20T22:44:00.587+0000] {dag.py:2915} INFO - Sync 1 DAGs
[2023-09-20T22:44:00.620+0000] {logging_mixin.py:151} INFO - [2023-09-20T22:44:00.620+0000] {dag.py:3696} INFO - Setting next_dagrun for example_task_group_decorator to 2023-09-19T22:44:00.620163+00:00, run_after=2023-09-20T22:44:00.620163+00:00
[2023-09-20T22:44:00.652+0000] {processor.py:179} INFO - Processing /home/airflow/.local/lib/python3.8/site-packages/airflow/example_dags/example_task_group_decorator.py took 0.131 seconds
[2023-09-20T22:44:31.583+0000] {processor.py:157} INFO - Started process (PID=2167) to work on /home/airflow/.local/lib/python3.8/site-packages/airflow/example_dags/example_task_group_decorator.py
[2023-09-20T22:44:31.585+0000] {processor.py:829} INFO - Processing file /home/airflow/.local/lib/python3.8/site-packages/airflow/example_dags/example_task_group_decorator.py for tasks to queue
[2023-09-20T22:44:31.588+0000] {logging_mixin.py:151} INFO - [2023-09-20T22:44:31.588+0000] {dagbag.py:539} INFO - Filling up the DagBag from /home/airflow/.local/lib/python3.8/site-packages/airflow/example_dags/example_task_group_decorator.py
[2023-09-20T22:44:31.615+0000] {processor.py:839} INFO - DAG(s) dict_keys(['example_task_group_decorator']) retrieved from /home/airflow/.local/lib/python3.8/site-packages/airflow/example_dags/example_task_group_decorator.py
[2023-09-20T22:44:31.653+0000] {logging_mixin.py:151} INFO - [2023-09-20T22:44:31.652+0000] {dag.py:2915} INFO - Sync 1 DAGs
[2023-09-20T22:44:31.686+0000] {logging_mixin.py:151} INFO - [2023-09-20T22:44:31.686+0000] {dag.py:3696} INFO - Setting next_dagrun for example_task_group_decorator to 2023-09-19T22:44:31.685737+00:00, run_after=2023-09-20T22:44:31.685737+00:00
[2023-09-20T22:44:31.725+0000] {processor.py:179} INFO - Processing /home/airflow/.local/lib/python3.8/site-packages/airflow/example_dags/example_task_group_decorator.py took 0.148 seconds
[2023-09-20T22:45:02.218+0000] {processor.py:157} INFO - Started process (PID=2222) to work on /home/airflow/.local/lib/python3.8/site-packages/airflow/example_dags/example_task_group_decorator.py
[2023-09-20T22:45:02.220+0000] {processor.py:829} INFO - Processing file /home/airflow/.local/lib/python3.8/site-packages/airflow/example_dags/example_task_group_decorator.py for tasks to queue
[2023-09-20T22:45:02.226+0000] {logging_mixin.py:151} INFO - [2023-09-20T22:45:02.225+0000] {dagbag.py:539} INFO - Filling up the DagBag from /home/airflow/.local/lib/python3.8/site-packages/airflow/example_dags/example_task_group_decorator.py
[2023-09-20T22:45:02.252+0000] {processor.py:839} INFO - DAG(s) dict_keys(['example_task_group_decorator']) retrieved from /home/airflow/.local/lib/python3.8/site-packages/airflow/example_dags/example_task_group_decorator.py
[2023-09-20T22:45:02.290+0000] {logging_mixin.py:151} INFO - [2023-09-20T22:45:02.290+0000] {dag.py:2915} INFO - Sync 1 DAGs
[2023-09-20T22:45:02.322+0000] {logging_mixin.py:151} INFO - [2023-09-20T22:45:02.322+0000] {dag.py:3696} INFO - Setting next_dagrun for example_task_group_decorator to 2023-09-19T22:45:02.321699+00:00, run_after=2023-09-20T22:45:02.321699+00:00
[2023-09-20T22:45:02.477+0000] {processor.py:179} INFO - Processing /home/airflow/.local/lib/python3.8/site-packages/airflow/example_dags/example_task_group_decorator.py took 0.266 seconds
[2023-09-20T22:45:32.887+0000] {processor.py:157} INFO - Started process (PID=2277) to work on /home/airflow/.local/lib/python3.8/site-packages/airflow/example_dags/example_task_group_decorator.py
[2023-09-20T22:45:32.889+0000] {processor.py:829} INFO - Processing file /home/airflow/.local/lib/python3.8/site-packages/airflow/example_dags/example_task_group_decorator.py for tasks to queue
[2023-09-20T22:45:32.893+0000] {logging_mixin.py:151} INFO - [2023-09-20T22:45:32.892+0000] {dagbag.py:539} INFO - Filling up the DagBag from /home/airflow/.local/lib/python3.8/site-packages/airflow/example_dags/example_task_group_decorator.py
[2023-09-20T22:45:32.914+0000] {processor.py:839} INFO - DAG(s) dict_keys(['example_task_group_decorator']) retrieved from /home/airflow/.local/lib/python3.8/site-packages/airflow/example_dags/example_task_group_decorator.py
[2023-09-20T22:45:32.951+0000] {logging_mixin.py:151} INFO - [2023-09-20T22:45:32.951+0000] {dag.py:2915} INFO - Sync 1 DAGs
[2023-09-20T22:45:32.985+0000] {logging_mixin.py:151} INFO - [2023-09-20T22:45:32.984+0000] {dag.py:3696} INFO - Setting next_dagrun for example_task_group_decorator to 2023-09-19T22:45:32.984438+00:00, run_after=2023-09-20T22:45:32.984438+00:00
[2023-09-20T22:45:33.021+0000] {processor.py:179} INFO - Processing /home/airflow/.local/lib/python3.8/site-packages/airflow/example_dags/example_task_group_decorator.py took 0.140 seconds
[2023-09-20T22:46:03.283+0000] {processor.py:157} INFO - Started process (PID=2332) to work on /home/airflow/.local/lib/python3.8/site-packages/airflow/example_dags/example_task_group_decorator.py
[2023-09-20T22:46:03.284+0000] {processor.py:829} INFO - Processing file /home/airflow/.local/lib/python3.8/site-packages/airflow/example_dags/example_task_group_decorator.py for tasks to queue
[2023-09-20T22:46:03.287+0000] {logging_mixin.py:151} INFO - [2023-09-20T22:46:03.287+0000] {dagbag.py:539} INFO - Filling up the DagBag from /home/airflow/.local/lib/python3.8/site-packages/airflow/example_dags/example_task_group_decorator.py
[2023-09-20T22:46:03.306+0000] {processor.py:839} INFO - DAG(s) dict_keys(['example_task_group_decorator']) retrieved from /home/airflow/.local/lib/python3.8/site-packages/airflow/example_dags/example_task_group_decorator.py
[2023-09-20T22:46:03.344+0000] {logging_mixin.py:151} INFO - [2023-09-20T22:46:03.343+0000] {dag.py:2915} INFO - Sync 1 DAGs
[2023-09-20T22:46:03.374+0000] {logging_mixin.py:151} INFO - [2023-09-20T22:46:03.374+0000] {dag.py:3696} INFO - Setting next_dagrun for example_task_group_decorator to 2023-09-19T22:46:03.373876+00:00, run_after=2023-09-20T22:46:03.373876+00:00
[2023-09-20T22:46:03.409+0000] {processor.py:179} INFO - Processing /home/airflow/.local/lib/python3.8/site-packages/airflow/example_dags/example_task_group_decorator.py took 0.131 seconds
[2023-09-20T22:46:34.396+0000] {processor.py:157} INFO - Started process (PID=2387) to work on /home/airflow/.local/lib/python3.8/site-packages/airflow/example_dags/example_task_group_decorator.py
[2023-09-20T22:46:34.398+0000] {processor.py:829} INFO - Processing file /home/airflow/.local/lib/python3.8/site-packages/airflow/example_dags/example_task_group_decorator.py for tasks to queue
[2023-09-20T22:46:34.403+0000] {logging_mixin.py:151} INFO - [2023-09-20T22:46:34.403+0000] {dagbag.py:539} INFO - Filling up the DagBag from /home/airflow/.local/lib/python3.8/site-packages/airflow/example_dags/example_task_group_decorator.py
[2023-09-20T22:46:34.437+0000] {processor.py:839} INFO - DAG(s) dict_keys(['example_task_group_decorator']) retrieved from /home/airflow/.local/lib/python3.8/site-packages/airflow/example_dags/example_task_group_decorator.py
[2023-09-20T22:46:34.477+0000] {logging_mixin.py:151} INFO - [2023-09-20T22:46:34.477+0000] {dag.py:2915} INFO - Sync 1 DAGs
[2023-09-20T22:46:34.510+0000] {logging_mixin.py:151} INFO - [2023-09-20T22:46:34.510+0000] {dag.py:3696} INFO - Setting next_dagrun for example_task_group_decorator to 2023-09-19T22:46:34.510077+00:00, run_after=2023-09-20T22:46:34.510077+00:00
[2023-09-20T22:46:34.546+0000] {processor.py:179} INFO - Processing /home/airflow/.local/lib/python3.8/site-packages/airflow/example_dags/example_task_group_decorator.py took 0.154 seconds
[2023-09-20T22:47:05.102+0000] {processor.py:157} INFO - Started process (PID=2442) to work on /home/airflow/.local/lib/python3.8/site-packages/airflow/example_dags/example_task_group_decorator.py
[2023-09-20T22:47:05.103+0000] {processor.py:829} INFO - Processing file /home/airflow/.local/lib/python3.8/site-packages/airflow/example_dags/example_task_group_decorator.py for tasks to queue
[2023-09-20T22:47:05.107+0000] {logging_mixin.py:151} INFO - [2023-09-20T22:47:05.106+0000] {dagbag.py:539} INFO - Filling up the DagBag from /home/airflow/.local/lib/python3.8/site-packages/airflow/example_dags/example_task_group_decorator.py
[2023-09-20T22:47:05.126+0000] {processor.py:839} INFO - DAG(s) dict_keys(['example_task_group_decorator']) retrieved from /home/airflow/.local/lib/python3.8/site-packages/airflow/example_dags/example_task_group_decorator.py
[2023-09-20T22:47:05.158+0000] {logging_mixin.py:151} INFO - [2023-09-20T22:47:05.158+0000] {dag.py:2915} INFO - Sync 1 DAGs
[2023-09-20T22:47:05.189+0000] {logging_mixin.py:151} INFO - [2023-09-20T22:47:05.189+0000] {dag.py:3696} INFO - Setting next_dagrun for example_task_group_decorator to 2023-09-19T22:47:05.189009+00:00, run_after=2023-09-20T22:47:05.189009+00:00
[2023-09-20T22:47:05.334+0000] {processor.py:179} INFO - Processing /home/airflow/.local/lib/python3.8/site-packages/airflow/example_dags/example_task_group_decorator.py took 0.236 seconds
[2023-09-20T22:47:35.953+0000] {processor.py:157} INFO - Started process (PID=2497) to work on /home/airflow/.local/lib/python3.8/site-packages/airflow/example_dags/example_task_group_decorator.py
[2023-09-20T22:47:35.954+0000] {processor.py:829} INFO - Processing file /home/airflow/.local/lib/python3.8/site-packages/airflow/example_dags/example_task_group_decorator.py for tasks to queue
[2023-09-20T22:47:35.957+0000] {logging_mixin.py:151} INFO - [2023-09-20T22:47:35.957+0000] {dagbag.py:539} INFO - Filling up the DagBag from /home/airflow/.local/lib/python3.8/site-packages/airflow/example_dags/example_task_group_decorator.py
[2023-09-20T22:47:35.976+0000] {processor.py:839} INFO - DAG(s) dict_keys(['example_task_group_decorator']) retrieved from /home/airflow/.local/lib/python3.8/site-packages/airflow/example_dags/example_task_group_decorator.py
[2023-09-20T22:47:36.015+0000] {logging_mixin.py:151} INFO - [2023-09-20T22:47:36.015+0000] {dag.py:2915} INFO - Sync 1 DAGs
[2023-09-20T22:47:36.046+0000] {logging_mixin.py:151} INFO - [2023-09-20T22:47:36.046+0000] {dag.py:3696} INFO - Setting next_dagrun for example_task_group_decorator to 2023-09-19T22:47:36.046003+00:00, run_after=2023-09-20T22:47:36.046003+00:00
[2023-09-20T22:47:36.078+0000] {processor.py:179} INFO - Processing /home/airflow/.local/lib/python3.8/site-packages/airflow/example_dags/example_task_group_decorator.py took 0.130 seconds
[2023-09-20T22:48:06.251+0000] {processor.py:157} INFO - Started process (PID=2552) to work on /home/airflow/.local/lib/python3.8/site-packages/airflow/example_dags/example_task_group_decorator.py
[2023-09-20T22:48:06.253+0000] {processor.py:829} INFO - Processing file /home/airflow/.local/lib/python3.8/site-packages/airflow/example_dags/example_task_group_decorator.py for tasks to queue
[2023-09-20T22:48:06.258+0000] {logging_mixin.py:151} INFO - [2023-09-20T22:48:06.257+0000] {dagbag.py:539} INFO - Filling up the DagBag from /home/airflow/.local/lib/python3.8/site-packages/airflow/example_dags/example_task_group_decorator.py
[2023-09-20T22:48:06.290+0000] {processor.py:839} INFO - DAG(s) dict_keys(['example_task_group_decorator']) retrieved from /home/airflow/.local/lib/python3.8/site-packages/airflow/example_dags/example_task_group_decorator.py
[2023-09-20T22:48:06.322+0000] {logging_mixin.py:151} INFO - [2023-09-20T22:48:06.321+0000] {dag.py:2915} INFO - Sync 1 DAGs
[2023-09-20T22:48:06.349+0000] {logging_mixin.py:151} INFO - [2023-09-20T22:48:06.348+0000] {dag.py:3696} INFO - Setting next_dagrun for example_task_group_decorator to 2023-09-19T22:48:06.348665+00:00, run_after=2023-09-20T22:48:06.348665+00:00
[2023-09-20T22:48:06.380+0000] {processor.py:179} INFO - Processing /home/airflow/.local/lib/python3.8/site-packages/airflow/example_dags/example_task_group_decorator.py took 0.137 seconds
[2023-09-20T22:48:37.047+0000] {processor.py:157} INFO - Started process (PID=2607) to work on /home/airflow/.local/lib/python3.8/site-packages/airflow/example_dags/example_task_group_decorator.py
[2023-09-20T22:48:37.049+0000] {processor.py:829} INFO - Processing file /home/airflow/.local/lib/python3.8/site-packages/airflow/example_dags/example_task_group_decorator.py for tasks to queue
[2023-09-20T22:48:37.052+0000] {logging_mixin.py:151} INFO - [2023-09-20T22:48:37.052+0000] {dagbag.py:539} INFO - Filling up the DagBag from /home/airflow/.local/lib/python3.8/site-packages/airflow/example_dags/example_task_group_decorator.py
[2023-09-20T22:48:37.073+0000] {processor.py:839} INFO - DAG(s) dict_keys(['example_task_group_decorator']) retrieved from /home/airflow/.local/lib/python3.8/site-packages/airflow/example_dags/example_task_group_decorator.py
[2023-09-20T22:48:37.107+0000] {logging_mixin.py:151} INFO - [2023-09-20T22:48:37.107+0000] {dag.py:2915} INFO - Sync 1 DAGs
[2023-09-20T22:48:37.136+0000] {logging_mixin.py:151} INFO - [2023-09-20T22:48:37.135+0000] {dag.py:3696} INFO - Setting next_dagrun for example_task_group_decorator to 2023-09-19T22:48:37.135493+00:00, run_after=2023-09-20T22:48:37.135493+00:00
[2023-09-20T22:48:37.173+0000] {processor.py:179} INFO - Processing /home/airflow/.local/lib/python3.8/site-packages/airflow/example_dags/example_task_group_decorator.py took 0.133 seconds
[2023-09-20T22:49:07.648+0000] {processor.py:157} INFO - Started process (PID=2662) to work on /home/airflow/.local/lib/python3.8/site-packages/airflow/example_dags/example_task_group_decorator.py
[2023-09-20T22:49:07.651+0000] {processor.py:829} INFO - Processing file /home/airflow/.local/lib/python3.8/site-packages/airflow/example_dags/example_task_group_decorator.py for tasks to queue
[2023-09-20T22:49:07.654+0000] {logging_mixin.py:151} INFO - [2023-09-20T22:49:07.654+0000] {dagbag.py:539} INFO - Filling up the DagBag from /home/airflow/.local/lib/python3.8/site-packages/airflow/example_dags/example_task_group_decorator.py
[2023-09-20T22:49:07.678+0000] {processor.py:839} INFO - DAG(s) dict_keys(['example_task_group_decorator']) retrieved from /home/airflow/.local/lib/python3.8/site-packages/airflow/example_dags/example_task_group_decorator.py
[2023-09-20T22:49:07.716+0000] {logging_mixin.py:151} INFO - [2023-09-20T22:49:07.716+0000] {dag.py:2915} INFO - Sync 1 DAGs
[2023-09-20T22:49:07.769+0000] {logging_mixin.py:151} INFO - [2023-09-20T22:49:07.769+0000] {dag.py:3696} INFO - Setting next_dagrun for example_task_group_decorator to 2023-09-19T22:49:07.769057+00:00, run_after=2023-09-20T22:49:07.769057+00:00
[2023-09-20T22:49:07.805+0000] {processor.py:179} INFO - Processing /home/airflow/.local/lib/python3.8/site-packages/airflow/example_dags/example_task_group_decorator.py took 0.162 seconds
[2023-09-20T22:49:38.862+0000] {processor.py:157} INFO - Started process (PID=2717) to work on /home/airflow/.local/lib/python3.8/site-packages/airflow/example_dags/example_task_group_decorator.py
[2023-09-20T22:49:38.863+0000] {processor.py:829} INFO - Processing file /home/airflow/.local/lib/python3.8/site-packages/airflow/example_dags/example_task_group_decorator.py for tasks to queue
[2023-09-20T22:49:38.867+0000] {logging_mixin.py:151} INFO - [2023-09-20T22:49:38.866+0000] {dagbag.py:539} INFO - Filling up the DagBag from /home/airflow/.local/lib/python3.8/site-packages/airflow/example_dags/example_task_group_decorator.py
[2023-09-20T22:49:38.886+0000] {processor.py:839} INFO - DAG(s) dict_keys(['example_task_group_decorator']) retrieved from /home/airflow/.local/lib/python3.8/site-packages/airflow/example_dags/example_task_group_decorator.py
[2023-09-20T22:49:38.920+0000] {logging_mixin.py:151} INFO - [2023-09-20T22:49:38.919+0000] {dag.py:2915} INFO - Sync 1 DAGs
[2023-09-20T22:49:38.951+0000] {logging_mixin.py:151} INFO - [2023-09-20T22:49:38.951+0000] {dag.py:3696} INFO - Setting next_dagrun for example_task_group_decorator to 2023-09-19T22:49:38.950793+00:00, run_after=2023-09-20T22:49:38.950793+00:00
[2023-09-20T22:49:38.992+0000] {processor.py:179} INFO - Processing /home/airflow/.local/lib/python3.8/site-packages/airflow/example_dags/example_task_group_decorator.py took 0.135 seconds
[2023-09-20T22:50:09.488+0000] {processor.py:157} INFO - Started process (PID=2772) to work on /home/airflow/.local/lib/python3.8/site-packages/airflow/example_dags/example_task_group_decorator.py
[2023-09-20T22:50:09.490+0000] {processor.py:829} INFO - Processing file /home/airflow/.local/lib/python3.8/site-packages/airflow/example_dags/example_task_group_decorator.py for tasks to queue
[2023-09-20T22:50:09.494+0000] {logging_mixin.py:151} INFO - [2023-09-20T22:50:09.493+0000] {dagbag.py:539} INFO - Filling up the DagBag from /home/airflow/.local/lib/python3.8/site-packages/airflow/example_dags/example_task_group_decorator.py
[2023-09-20T22:50:09.513+0000] {processor.py:839} INFO - DAG(s) dict_keys(['example_task_group_decorator']) retrieved from /home/airflow/.local/lib/python3.8/site-packages/airflow/example_dags/example_task_group_decorator.py
[2023-09-20T22:50:09.550+0000] {logging_mixin.py:151} INFO - [2023-09-20T22:50:09.550+0000] {dag.py:2915} INFO - Sync 1 DAGs
[2023-09-20T22:50:09.581+0000] {logging_mixin.py:151} INFO - [2023-09-20T22:50:09.581+0000] {dag.py:3696} INFO - Setting next_dagrun for example_task_group_decorator to 2023-09-19T22:50:09.581376+00:00, run_after=2023-09-20T22:50:09.581376+00:00
[2023-09-20T22:50:09.658+0000] {processor.py:179} INFO - Processing /home/airflow/.local/lib/python3.8/site-packages/airflow/example_dags/example_task_group_decorator.py took 0.174 seconds
[2023-09-20T22:50:39.918+0000] {processor.py:157} INFO - Started process (PID=2827) to work on /home/airflow/.local/lib/python3.8/site-packages/airflow/example_dags/example_task_group_decorator.py
[2023-09-20T22:50:39.920+0000] {processor.py:829} INFO - Processing file /home/airflow/.local/lib/python3.8/site-packages/airflow/example_dags/example_task_group_decorator.py for tasks to queue
[2023-09-20T22:50:39.925+0000] {logging_mixin.py:151} INFO - [2023-09-20T22:50:39.924+0000] {dagbag.py:539} INFO - Filling up the DagBag from /home/airflow/.local/lib/python3.8/site-packages/airflow/example_dags/example_task_group_decorator.py
[2023-09-20T22:50:39.949+0000] {processor.py:839} INFO - DAG(s) dict_keys(['example_task_group_decorator']) retrieved from /home/airflow/.local/lib/python3.8/site-packages/airflow/example_dags/example_task_group_decorator.py
[2023-09-20T22:50:39.988+0000] {logging_mixin.py:151} INFO - [2023-09-20T22:50:39.988+0000] {dag.py:2915} INFO - Sync 1 DAGs
[2023-09-20T22:50:40.030+0000] {logging_mixin.py:151} INFO - [2023-09-20T22:50:40.030+0000] {dag.py:3696} INFO - Setting next_dagrun for example_task_group_decorator to 2023-09-19T22:50:40.029716+00:00, run_after=2023-09-20T22:50:40.029716+00:00
[2023-09-20T22:50:40.070+0000] {processor.py:179} INFO - Processing /home/airflow/.local/lib/python3.8/site-packages/airflow/example_dags/example_task_group_decorator.py took 0.159 seconds
[2023-09-20T22:51:11.117+0000] {processor.py:157} INFO - Started process (PID=2882) to work on /home/airflow/.local/lib/python3.8/site-packages/airflow/example_dags/example_task_group_decorator.py
[2023-09-20T22:51:11.118+0000] {processor.py:829} INFO - Processing file /home/airflow/.local/lib/python3.8/site-packages/airflow/example_dags/example_task_group_decorator.py for tasks to queue
[2023-09-20T22:51:11.122+0000] {logging_mixin.py:151} INFO - [2023-09-20T22:51:11.122+0000] {dagbag.py:539} INFO - Filling up the DagBag from /home/airflow/.local/lib/python3.8/site-packages/airflow/example_dags/example_task_group_decorator.py
[2023-09-20T22:51:11.144+0000] {processor.py:839} INFO - DAG(s) dict_keys(['example_task_group_decorator']) retrieved from /home/airflow/.local/lib/python3.8/site-packages/airflow/example_dags/example_task_group_decorator.py
[2023-09-20T22:51:11.192+0000] {logging_mixin.py:151} INFO - [2023-09-20T22:51:11.192+0000] {dag.py:2915} INFO - Sync 1 DAGs
[2023-09-20T22:51:11.226+0000] {logging_mixin.py:151} INFO - [2023-09-20T22:51:11.225+0000] {dag.py:3696} INFO - Setting next_dagrun for example_task_group_decorator to 2023-09-19T22:51:11.225534+00:00, run_after=2023-09-20T22:51:11.225534+00:00
[2023-09-20T22:51:11.254+0000] {processor.py:179} INFO - Processing /home/airflow/.local/lib/python3.8/site-packages/airflow/example_dags/example_task_group_decorator.py took 0.142 seconds
[2023-09-20T22:51:41.335+0000] {processor.py:157} INFO - Started process (PID=2937) to work on /home/airflow/.local/lib/python3.8/site-packages/airflow/example_dags/example_task_group_decorator.py
[2023-09-20T22:51:41.338+0000] {processor.py:829} INFO - Processing file /home/airflow/.local/lib/python3.8/site-packages/airflow/example_dags/example_task_group_decorator.py for tasks to queue
[2023-09-20T22:51:41.343+0000] {logging_mixin.py:151} INFO - [2023-09-20T22:51:41.342+0000] {dagbag.py:539} INFO - Filling up the DagBag from /home/airflow/.local/lib/python3.8/site-packages/airflow/example_dags/example_task_group_decorator.py
[2023-09-20T22:51:41.362+0000] {processor.py:839} INFO - DAG(s) dict_keys(['example_task_group_decorator']) retrieved from /home/airflow/.local/lib/python3.8/site-packages/airflow/example_dags/example_task_group_decorator.py
[2023-09-20T22:51:41.396+0000] {logging_mixin.py:151} INFO - [2023-09-20T22:51:41.396+0000] {dag.py:2915} INFO - Sync 1 DAGs
[2023-09-20T22:51:41.427+0000] {logging_mixin.py:151} INFO - [2023-09-20T22:51:41.427+0000] {dag.py:3696} INFO - Setting next_dagrun for example_task_group_decorator to 2023-09-19T22:51:41.426918+00:00, run_after=2023-09-20T22:51:41.426918+00:00
[2023-09-20T22:51:41.465+0000] {processor.py:179} INFO - Processing /home/airflow/.local/lib/python3.8/site-packages/airflow/example_dags/example_task_group_decorator.py took 0.134 seconds
[2023-09-20T23:11:34.001+0000] {processor.py:157} INFO - Started process (PID=68) to work on /home/airflow/.local/lib/python3.8/site-packages/airflow/example_dags/example_task_group_decorator.py
[2023-09-20T23:11:34.002+0000] {processor.py:829} INFO - Processing file /home/airflow/.local/lib/python3.8/site-packages/airflow/example_dags/example_task_group_decorator.py for tasks to queue
[2023-09-20T23:11:34.005+0000] {logging_mixin.py:151} INFO - [2023-09-20T23:11:34.005+0000] {dagbag.py:539} INFO - Filling up the DagBag from /home/airflow/.local/lib/python3.8/site-packages/airflow/example_dags/example_task_group_decorator.py
[2023-09-20T23:11:34.026+0000] {processor.py:839} INFO - DAG(s) dict_keys(['example_task_group_decorator']) retrieved from /home/airflow/.local/lib/python3.8/site-packages/airflow/example_dags/example_task_group_decorator.py
[2023-09-20T23:11:34.043+0000] {logging_mixin.py:151} INFO - [2023-09-20T23:11:34.043+0000] {dag.py:2915} INFO - Sync 1 DAGs
[2023-09-20T23:11:34.074+0000] {logging_mixin.py:151} INFO - [2023-09-20T23:11:34.074+0000] {dag.py:3696} INFO - Setting next_dagrun for example_task_group_decorator to 2023-09-19T23:11:34.073659+00:00, run_after=2023-09-20T23:11:34.073659+00:00
[2023-09-20T23:11:34.170+0000] {processor.py:179} INFO - Processing /home/airflow/.local/lib/python3.8/site-packages/airflow/example_dags/example_task_group_decorator.py took 0.175 seconds
[2023-09-20T23:12:04.794+0000] {processor.py:157} INFO - Started process (PID=123) to work on /home/airflow/.local/lib/python3.8/site-packages/airflow/example_dags/example_task_group_decorator.py
[2023-09-20T23:12:04.795+0000] {processor.py:829} INFO - Processing file /home/airflow/.local/lib/python3.8/site-packages/airflow/example_dags/example_task_group_decorator.py for tasks to queue
[2023-09-20T23:12:04.798+0000] {logging_mixin.py:151} INFO - [2023-09-20T23:12:04.798+0000] {dagbag.py:539} INFO - Filling up the DagBag from /home/airflow/.local/lib/python3.8/site-packages/airflow/example_dags/example_task_group_decorator.py
[2023-09-20T23:12:04.817+0000] {processor.py:839} INFO - DAG(s) dict_keys(['example_task_group_decorator']) retrieved from /home/airflow/.local/lib/python3.8/site-packages/airflow/example_dags/example_task_group_decorator.py
[2023-09-20T23:12:04.851+0000] {logging_mixin.py:151} INFO - [2023-09-20T23:12:04.850+0000] {dag.py:2915} INFO - Sync 1 DAGs
[2023-09-20T23:12:04.887+0000] {logging_mixin.py:151} INFO - [2023-09-20T23:12:04.887+0000] {dag.py:3696} INFO - Setting next_dagrun for example_task_group_decorator to 2023-09-19T23:12:04.887029+00:00, run_after=2023-09-20T23:12:04.887029+00:00
[2023-09-20T23:12:04.926+0000] {processor.py:179} INFO - Processing /home/airflow/.local/lib/python3.8/site-packages/airflow/example_dags/example_task_group_decorator.py took 0.137 seconds
[2023-09-20T23:12:37.361+0000] {processor.py:157} INFO - Started process (PID=178) to work on /home/airflow/.local/lib/python3.8/site-packages/airflow/example_dags/example_task_group_decorator.py
[2023-09-20T23:12:37.363+0000] {processor.py:829} INFO - Processing file /home/airflow/.local/lib/python3.8/site-packages/airflow/example_dags/example_task_group_decorator.py for tasks to queue
[2023-09-20T23:12:37.366+0000] {logging_mixin.py:151} INFO - [2023-09-20T23:12:37.365+0000] {dagbag.py:539} INFO - Filling up the DagBag from /home/airflow/.local/lib/python3.8/site-packages/airflow/example_dags/example_task_group_decorator.py
[2023-09-20T23:12:37.386+0000] {processor.py:839} INFO - DAG(s) dict_keys(['example_task_group_decorator']) retrieved from /home/airflow/.local/lib/python3.8/site-packages/airflow/example_dags/example_task_group_decorator.py
[2023-09-20T23:12:37.432+0000] {logging_mixin.py:151} INFO - [2023-09-20T23:12:37.431+0000] {dag.py:2915} INFO - Sync 1 DAGs
[2023-09-20T23:12:37.461+0000] {logging_mixin.py:151} INFO - [2023-09-20T23:12:37.461+0000] {dag.py:3696} INFO - Setting next_dagrun for example_task_group_decorator to 2023-09-19T23:12:37.461105+00:00, run_after=2023-09-20T23:12:37.461105+00:00
[2023-09-20T23:12:37.496+0000] {processor.py:179} INFO - Processing /home/airflow/.local/lib/python3.8/site-packages/airflow/example_dags/example_task_group_decorator.py took 0.139 seconds
[2023-09-20T23:13:08.615+0000] {processor.py:157} INFO - Started process (PID=233) to work on /home/airflow/.local/lib/python3.8/site-packages/airflow/example_dags/example_task_group_decorator.py
[2023-09-20T23:13:08.617+0000] {processor.py:829} INFO - Processing file /home/airflow/.local/lib/python3.8/site-packages/airflow/example_dags/example_task_group_decorator.py for tasks to queue
[2023-09-20T23:13:08.620+0000] {logging_mixin.py:151} INFO - [2023-09-20T23:13:08.619+0000] {dagbag.py:539} INFO - Filling up the DagBag from /home/airflow/.local/lib/python3.8/site-packages/airflow/example_dags/example_task_group_decorator.py
[2023-09-20T23:13:08.640+0000] {processor.py:839} INFO - DAG(s) dict_keys(['example_task_group_decorator']) retrieved from /home/airflow/.local/lib/python3.8/site-packages/airflow/example_dags/example_task_group_decorator.py
[2023-09-20T23:13:08.674+0000] {logging_mixin.py:151} INFO - [2023-09-20T23:13:08.673+0000] {dag.py:2915} INFO - Sync 1 DAGs
[2023-09-20T23:13:08.703+0000] {logging_mixin.py:151} INFO - [2023-09-20T23:13:08.703+0000] {dag.py:3696} INFO - Setting next_dagrun for example_task_group_decorator to 2023-09-19T23:13:08.702778+00:00, run_after=2023-09-20T23:13:08.702778+00:00
[2023-09-20T23:13:08.730+0000] {processor.py:179} INFO - Processing /home/airflow/.local/lib/python3.8/site-packages/airflow/example_dags/example_task_group_decorator.py took 0.119 seconds
