[2023-09-20T22:15:30.321+0000] {processor.py:157} INFO - Started process (PID=61) to work on /home/airflow/.local/lib/python3.8/site-packages/airflow/example_dags/example_external_task_marker_dag.py
[2023-09-20T22:15:30.323+0000] {processor.py:829} INFO - Processing file /home/airflow/.local/lib/python3.8/site-packages/airflow/example_dags/example_external_task_marker_dag.py for tasks to queue
[2023-09-20T22:15:30.327+0000] {logging_mixin.py:151} INFO - [2023-09-20T22:15:30.326+0000] {dagbag.py:539} INFO - Filling up the DagBag from /home/airflow/.local/lib/python3.8/site-packages/airflow/example_dags/example_external_task_marker_dag.py
[2023-09-20T22:15:30.336+0000] {processor.py:839} INFO - DAG(s) dict_keys(['example_external_task_marker_parent', 'example_external_task_marker_child']) retrieved from /home/airflow/.local/lib/python3.8/site-packages/airflow/example_dags/example_external_task_marker_dag.py
[2023-09-20T22:15:30.357+0000] {logging_mixin.py:151} INFO - [2023-09-20T22:15:30.356+0000] {dag.py:2915} INFO - Sync 2 DAGs
[2023-09-20T22:15:30.376+0000] {logging_mixin.py:151} INFO - [2023-09-20T22:15:30.376+0000] {dag.py:3696} INFO - Setting next_dagrun for example_external_task_marker_child to None, run_after=None
[2023-09-20T22:15:30.383+0000] {logging_mixin.py:151} INFO - [2023-09-20T22:15:30.382+0000] {dag.py:3696} INFO - Setting next_dagrun for example_external_task_marker_parent to None, run_after=None
[2023-09-20T22:15:30.428+0000] {processor.py:179} INFO - Processing /home/airflow/.local/lib/python3.8/site-packages/airflow/example_dags/example_external_task_marker_dag.py took 0.111 seconds
[2023-09-20T22:16:00.890+0000] {processor.py:157} INFO - Started process (PID=115) to work on /home/airflow/.local/lib/python3.8/site-packages/airflow/example_dags/example_external_task_marker_dag.py
[2023-09-20T22:16:00.892+0000] {processor.py:829} INFO - Processing file /home/airflow/.local/lib/python3.8/site-packages/airflow/example_dags/example_external_task_marker_dag.py for tasks to queue
[2023-09-20T22:16:00.895+0000] {logging_mixin.py:151} INFO - [2023-09-20T22:16:00.895+0000] {dagbag.py:539} INFO - Filling up the DagBag from /home/airflow/.local/lib/python3.8/site-packages/airflow/example_dags/example_external_task_marker_dag.py
[2023-09-20T22:16:00.903+0000] {processor.py:839} INFO - DAG(s) dict_keys(['example_external_task_marker_child', 'example_external_task_marker_parent']) retrieved from /home/airflow/.local/lib/python3.8/site-packages/airflow/example_dags/example_external_task_marker_dag.py
[2023-09-20T22:16:00.947+0000] {logging_mixin.py:151} INFO - [2023-09-20T22:16:00.947+0000] {dag.py:2915} INFO - Sync 2 DAGs
[2023-09-20T22:16:00.970+0000] {logging_mixin.py:151} INFO - [2023-09-20T22:16:00.970+0000] {dag.py:3696} INFO - Setting next_dagrun for example_external_task_marker_child to None, run_after=None
[2023-09-20T22:16:00.977+0000] {logging_mixin.py:151} INFO - [2023-09-20T22:16:00.977+0000] {dag.py:3696} INFO - Setting next_dagrun for example_external_task_marker_parent to None, run_after=None
[2023-09-20T22:16:01.029+0000] {processor.py:179} INFO - Processing /home/airflow/.local/lib/python3.8/site-packages/airflow/example_dags/example_external_task_marker_dag.py took 0.147 seconds
[2023-09-20T22:16:31.477+0000] {processor.py:157} INFO - Started process (PID=169) to work on /home/airflow/.local/lib/python3.8/site-packages/airflow/example_dags/example_external_task_marker_dag.py
[2023-09-20T22:16:31.478+0000] {processor.py:829} INFO - Processing file /home/airflow/.local/lib/python3.8/site-packages/airflow/example_dags/example_external_task_marker_dag.py for tasks to queue
[2023-09-20T22:16:31.482+0000] {logging_mixin.py:151} INFO - [2023-09-20T22:16:31.481+0000] {dagbag.py:539} INFO - Filling up the DagBag from /home/airflow/.local/lib/python3.8/site-packages/airflow/example_dags/example_external_task_marker_dag.py
[2023-09-20T22:16:31.492+0000] {processor.py:839} INFO - DAG(s) dict_keys(['example_external_task_marker_parent', 'example_external_task_marker_child']) retrieved from /home/airflow/.local/lib/python3.8/site-packages/airflow/example_dags/example_external_task_marker_dag.py
[2023-09-20T22:16:31.532+0000] {logging_mixin.py:151} INFO - [2023-09-20T22:16:31.532+0000] {dag.py:2915} INFO - Sync 2 DAGs
[2023-09-20T22:16:31.553+0000] {logging_mixin.py:151} INFO - [2023-09-20T22:16:31.553+0000] {dag.py:3696} INFO - Setting next_dagrun for example_external_task_marker_child to None, run_after=None
[2023-09-20T22:16:31.559+0000] {logging_mixin.py:151} INFO - [2023-09-20T22:16:31.559+0000] {dag.py:3696} INFO - Setting next_dagrun for example_external_task_marker_parent to None, run_after=None
[2023-09-20T22:16:31.588+0000] {processor.py:179} INFO - Processing /home/airflow/.local/lib/python3.8/site-packages/airflow/example_dags/example_external_task_marker_dag.py took 0.116 seconds
[2023-09-20T22:17:03.088+0000] {processor.py:157} INFO - Started process (PID=223) to work on /home/airflow/.local/lib/python3.8/site-packages/airflow/example_dags/example_external_task_marker_dag.py
[2023-09-20T22:17:03.090+0000] {processor.py:829} INFO - Processing file /home/airflow/.local/lib/python3.8/site-packages/airflow/example_dags/example_external_task_marker_dag.py for tasks to queue
[2023-09-20T22:17:03.093+0000] {logging_mixin.py:151} INFO - [2023-09-20T22:17:03.093+0000] {dagbag.py:539} INFO - Filling up the DagBag from /home/airflow/.local/lib/python3.8/site-packages/airflow/example_dags/example_external_task_marker_dag.py
[2023-09-20T22:17:03.103+0000] {processor.py:839} INFO - DAG(s) dict_keys(['example_external_task_marker_child', 'example_external_task_marker_parent']) retrieved from /home/airflow/.local/lib/python3.8/site-packages/airflow/example_dags/example_external_task_marker_dag.py
[2023-09-20T22:17:03.150+0000] {logging_mixin.py:151} INFO - [2023-09-20T22:17:03.149+0000] {dag.py:2915} INFO - Sync 2 DAGs
[2023-09-20T22:17:03.172+0000] {logging_mixin.py:151} INFO - [2023-09-20T22:17:03.172+0000] {dag.py:3696} INFO - Setting next_dagrun for example_external_task_marker_child to None, run_after=None
[2023-09-20T22:17:03.178+0000] {logging_mixin.py:151} INFO - [2023-09-20T22:17:03.178+0000] {dag.py:3696} INFO - Setting next_dagrun for example_external_task_marker_parent to None, run_after=None
[2023-09-20T22:17:03.209+0000] {processor.py:179} INFO - Processing /home/airflow/.local/lib/python3.8/site-packages/airflow/example_dags/example_external_task_marker_dag.py took 0.126 seconds
[2023-09-20T22:25:02.091+0000] {processor.py:157} INFO - Started process (PID=61) to work on /home/airflow/.local/lib/python3.8/site-packages/airflow/example_dags/example_external_task_marker_dag.py
[2023-09-20T22:25:02.093+0000] {processor.py:829} INFO - Processing file /home/airflow/.local/lib/python3.8/site-packages/airflow/example_dags/example_external_task_marker_dag.py for tasks to queue
[2023-09-20T22:25:02.098+0000] {logging_mixin.py:151} INFO - [2023-09-20T22:25:02.097+0000] {dagbag.py:539} INFO - Filling up the DagBag from /home/airflow/.local/lib/python3.8/site-packages/airflow/example_dags/example_external_task_marker_dag.py
[2023-09-20T22:25:02.108+0000] {processor.py:839} INFO - DAG(s) dict_keys(['example_external_task_marker_parent', 'example_external_task_marker_child']) retrieved from /home/airflow/.local/lib/python3.8/site-packages/airflow/example_dags/example_external_task_marker_dag.py
[2023-09-20T22:25:02.129+0000] {logging_mixin.py:151} INFO - [2023-09-20T22:25:02.129+0000] {dag.py:2915} INFO - Sync 2 DAGs
[2023-09-20T22:25:02.152+0000] {logging_mixin.py:151} INFO - [2023-09-20T22:25:02.152+0000] {dag.py:3696} INFO - Setting next_dagrun for example_external_task_marker_child to None, run_after=None
[2023-09-20T22:25:02.160+0000] {logging_mixin.py:151} INFO - [2023-09-20T22:25:02.160+0000] {dag.py:3696} INFO - Setting next_dagrun for example_external_task_marker_parent to None, run_after=None
[2023-09-20T22:25:02.287+0000] {processor.py:179} INFO - Processing /home/airflow/.local/lib/python3.8/site-packages/airflow/example_dags/example_external_task_marker_dag.py took 0.201 seconds
[2023-09-20T22:25:32.400+0000] {processor.py:157} INFO - Started process (PID=116) to work on /home/airflow/.local/lib/python3.8/site-packages/airflow/example_dags/example_external_task_marker_dag.py
[2023-09-20T22:25:32.401+0000] {processor.py:829} INFO - Processing file /home/airflow/.local/lib/python3.8/site-packages/airflow/example_dags/example_external_task_marker_dag.py for tasks to queue
[2023-09-20T22:25:32.405+0000] {logging_mixin.py:151} INFO - [2023-09-20T22:25:32.404+0000] {dagbag.py:539} INFO - Filling up the DagBag from /home/airflow/.local/lib/python3.8/site-packages/airflow/example_dags/example_external_task_marker_dag.py
[2023-09-20T22:25:32.413+0000] {processor.py:839} INFO - DAG(s) dict_keys(['example_external_task_marker_parent', 'example_external_task_marker_child']) retrieved from /home/airflow/.local/lib/python3.8/site-packages/airflow/example_dags/example_external_task_marker_dag.py
[2023-09-20T22:25:32.444+0000] {logging_mixin.py:151} INFO - [2023-09-20T22:25:32.444+0000] {dag.py:2915} INFO - Sync 2 DAGs
[2023-09-20T22:25:32.462+0000] {logging_mixin.py:151} INFO - [2023-09-20T22:25:32.462+0000] {dag.py:3696} INFO - Setting next_dagrun for example_external_task_marker_child to None, run_after=None
[2023-09-20T22:25:32.467+0000] {logging_mixin.py:151} INFO - [2023-09-20T22:25:32.467+0000] {dag.py:3696} INFO - Setting next_dagrun for example_external_task_marker_parent to None, run_after=None
[2023-09-20T22:25:32.497+0000] {processor.py:179} INFO - Processing /home/airflow/.local/lib/python3.8/site-packages/airflow/example_dags/example_external_task_marker_dag.py took 0.102 seconds
[2023-09-20T22:26:03.354+0000] {processor.py:157} INFO - Started process (PID=171) to work on /home/airflow/.local/lib/python3.8/site-packages/airflow/example_dags/example_external_task_marker_dag.py
[2023-09-20T22:26:03.356+0000] {processor.py:829} INFO - Processing file /home/airflow/.local/lib/python3.8/site-packages/airflow/example_dags/example_external_task_marker_dag.py for tasks to queue
[2023-09-20T22:26:03.361+0000] {logging_mixin.py:151} INFO - [2023-09-20T22:26:03.361+0000] {dagbag.py:539} INFO - Filling up the DagBag from /home/airflow/.local/lib/python3.8/site-packages/airflow/example_dags/example_external_task_marker_dag.py
[2023-09-20T22:26:03.373+0000] {processor.py:839} INFO - DAG(s) dict_keys(['example_external_task_marker_parent', 'example_external_task_marker_child']) retrieved from /home/airflow/.local/lib/python3.8/site-packages/airflow/example_dags/example_external_task_marker_dag.py
[2023-09-20T22:26:03.412+0000] {logging_mixin.py:151} INFO - [2023-09-20T22:26:03.412+0000] {dag.py:2915} INFO - Sync 2 DAGs
[2023-09-20T22:26:03.433+0000] {logging_mixin.py:151} INFO - [2023-09-20T22:26:03.432+0000] {dag.py:3696} INFO - Setting next_dagrun for example_external_task_marker_child to None, run_after=None
[2023-09-20T22:26:03.437+0000] {logging_mixin.py:151} INFO - [2023-09-20T22:26:03.437+0000] {dag.py:3696} INFO - Setting next_dagrun for example_external_task_marker_parent to None, run_after=None
[2023-09-20T22:26:03.466+0000] {processor.py:179} INFO - Processing /home/airflow/.local/lib/python3.8/site-packages/airflow/example_dags/example_external_task_marker_dag.py took 0.119 seconds
[2023-09-20T22:26:35.282+0000] {processor.py:157} INFO - Started process (PID=226) to work on /home/airflow/.local/lib/python3.8/site-packages/airflow/example_dags/example_external_task_marker_dag.py
[2023-09-20T22:26:35.284+0000] {processor.py:829} INFO - Processing file /home/airflow/.local/lib/python3.8/site-packages/airflow/example_dags/example_external_task_marker_dag.py for tasks to queue
[2023-09-20T22:26:35.289+0000] {logging_mixin.py:151} INFO - [2023-09-20T22:26:35.288+0000] {dagbag.py:539} INFO - Filling up the DagBag from /home/airflow/.local/lib/python3.8/site-packages/airflow/example_dags/example_external_task_marker_dag.py
[2023-09-20T22:26:35.303+0000] {processor.py:839} INFO - DAG(s) dict_keys(['example_external_task_marker_child', 'example_external_task_marker_parent']) retrieved from /home/airflow/.local/lib/python3.8/site-packages/airflow/example_dags/example_external_task_marker_dag.py
[2023-09-20T22:26:35.327+0000] {logging_mixin.py:151} INFO - [2023-09-20T22:26:35.326+0000] {dag.py:2915} INFO - Sync 2 DAGs
[2023-09-20T22:26:35.350+0000] {logging_mixin.py:151} INFO - [2023-09-20T22:26:35.349+0000] {dag.py:3696} INFO - Setting next_dagrun for example_external_task_marker_child to None, run_after=None
[2023-09-20T22:26:35.356+0000] {logging_mixin.py:151} INFO - [2023-09-20T22:26:35.355+0000] {dag.py:3696} INFO - Setting next_dagrun for example_external_task_marker_parent to None, run_after=None
[2023-09-20T22:26:35.388+0000] {processor.py:179} INFO - Processing /home/airflow/.local/lib/python3.8/site-packages/airflow/example_dags/example_external_task_marker_dag.py took 0.110 seconds
[2023-09-20T22:27:05.906+0000] {processor.py:157} INFO - Started process (PID=281) to work on /home/airflow/.local/lib/python3.8/site-packages/airflow/example_dags/example_external_task_marker_dag.py
[2023-09-20T22:27:05.907+0000] {processor.py:829} INFO - Processing file /home/airflow/.local/lib/python3.8/site-packages/airflow/example_dags/example_external_task_marker_dag.py for tasks to queue
[2023-09-20T22:27:05.910+0000] {logging_mixin.py:151} INFO - [2023-09-20T22:27:05.910+0000] {dagbag.py:539} INFO - Filling up the DagBag from /home/airflow/.local/lib/python3.8/site-packages/airflow/example_dags/example_external_task_marker_dag.py
[2023-09-20T22:27:05.919+0000] {processor.py:839} INFO - DAG(s) dict_keys(['example_external_task_marker_child', 'example_external_task_marker_parent']) retrieved from /home/airflow/.local/lib/python3.8/site-packages/airflow/example_dags/example_external_task_marker_dag.py
[2023-09-20T22:27:05.962+0000] {logging_mixin.py:151} INFO - [2023-09-20T22:27:05.961+0000] {dag.py:2915} INFO - Sync 2 DAGs
[2023-09-20T22:27:05.988+0000] {logging_mixin.py:151} INFO - [2023-09-20T22:27:05.987+0000] {dag.py:3696} INFO - Setting next_dagrun for example_external_task_marker_child to None, run_after=None
[2023-09-20T22:27:05.992+0000] {logging_mixin.py:151} INFO - [2023-09-20T22:27:05.992+0000] {dag.py:3696} INFO - Setting next_dagrun for example_external_task_marker_parent to None, run_after=None
[2023-09-20T22:27:06.046+0000] {processor.py:179} INFO - Processing /home/airflow/.local/lib/python3.8/site-packages/airflow/example_dags/example_external_task_marker_dag.py took 0.145 seconds
[2023-09-20T22:27:36.115+0000] {processor.py:157} INFO - Started process (PID=336) to work on /home/airflow/.local/lib/python3.8/site-packages/airflow/example_dags/example_external_task_marker_dag.py
[2023-09-20T22:27:36.116+0000] {processor.py:829} INFO - Processing file /home/airflow/.local/lib/python3.8/site-packages/airflow/example_dags/example_external_task_marker_dag.py for tasks to queue
[2023-09-20T22:27:36.120+0000] {logging_mixin.py:151} INFO - [2023-09-20T22:27:36.119+0000] {dagbag.py:539} INFO - Filling up the DagBag from /home/airflow/.local/lib/python3.8/site-packages/airflow/example_dags/example_external_task_marker_dag.py
[2023-09-20T22:27:36.129+0000] {processor.py:839} INFO - DAG(s) dict_keys(['example_external_task_marker_parent', 'example_external_task_marker_child']) retrieved from /home/airflow/.local/lib/python3.8/site-packages/airflow/example_dags/example_external_task_marker_dag.py
[2023-09-20T22:27:36.163+0000] {logging_mixin.py:151} INFO - [2023-09-20T22:27:36.163+0000] {dag.py:2915} INFO - Sync 2 DAGs
[2023-09-20T22:27:36.182+0000] {logging_mixin.py:151} INFO - [2023-09-20T22:27:36.182+0000] {dag.py:3696} INFO - Setting next_dagrun for example_external_task_marker_child to None, run_after=None
[2023-09-20T22:27:36.188+0000] {logging_mixin.py:151} INFO - [2023-09-20T22:27:36.188+0000] {dag.py:3696} INFO - Setting next_dagrun for example_external_task_marker_parent to None, run_after=None
[2023-09-20T22:27:36.220+0000] {processor.py:179} INFO - Processing /home/airflow/.local/lib/python3.8/site-packages/airflow/example_dags/example_external_task_marker_dag.py took 0.110 seconds
[2023-09-20T22:28:06.420+0000] {processor.py:157} INFO - Started process (PID=392) to work on /home/airflow/.local/lib/python3.8/site-packages/airflow/example_dags/example_external_task_marker_dag.py
[2023-09-20T22:28:06.421+0000] {processor.py:829} INFO - Processing file /home/airflow/.local/lib/python3.8/site-packages/airflow/example_dags/example_external_task_marker_dag.py for tasks to queue
[2023-09-20T22:28:06.425+0000] {logging_mixin.py:151} INFO - [2023-09-20T22:28:06.424+0000] {dagbag.py:539} INFO - Filling up the DagBag from /home/airflow/.local/lib/python3.8/site-packages/airflow/example_dags/example_external_task_marker_dag.py
[2023-09-20T22:28:06.433+0000] {processor.py:839} INFO - DAG(s) dict_keys(['example_external_task_marker_parent', 'example_external_task_marker_child']) retrieved from /home/airflow/.local/lib/python3.8/site-packages/airflow/example_dags/example_external_task_marker_dag.py
[2023-09-20T22:28:06.466+0000] {logging_mixin.py:151} INFO - [2023-09-20T22:28:06.466+0000] {dag.py:2915} INFO - Sync 2 DAGs
[2023-09-20T22:28:06.485+0000] {logging_mixin.py:151} INFO - [2023-09-20T22:28:06.484+0000] {dag.py:3696} INFO - Setting next_dagrun for example_external_task_marker_child to None, run_after=None
[2023-09-20T22:28:06.490+0000] {logging_mixin.py:151} INFO - [2023-09-20T22:28:06.490+0000] {dag.py:3696} INFO - Setting next_dagrun for example_external_task_marker_parent to None, run_after=None
[2023-09-20T22:28:06.516+0000] {processor.py:179} INFO - Processing /home/airflow/.local/lib/python3.8/site-packages/airflow/example_dags/example_external_task_marker_dag.py took 0.101 seconds
[2023-09-20T22:28:36.735+0000] {processor.py:157} INFO - Started process (PID=447) to work on /home/airflow/.local/lib/python3.8/site-packages/airflow/example_dags/example_external_task_marker_dag.py
[2023-09-20T22:28:36.737+0000] {processor.py:829} INFO - Processing file /home/airflow/.local/lib/python3.8/site-packages/airflow/example_dags/example_external_task_marker_dag.py for tasks to queue
[2023-09-20T22:28:36.741+0000] {logging_mixin.py:151} INFO - [2023-09-20T22:28:36.740+0000] {dagbag.py:539} INFO - Filling up the DagBag from /home/airflow/.local/lib/python3.8/site-packages/airflow/example_dags/example_external_task_marker_dag.py
[2023-09-20T22:28:36.750+0000] {processor.py:839} INFO - DAG(s) dict_keys(['example_external_task_marker_parent', 'example_external_task_marker_child']) retrieved from /home/airflow/.local/lib/python3.8/site-packages/airflow/example_dags/example_external_task_marker_dag.py
[2023-09-20T22:28:36.782+0000] {logging_mixin.py:151} INFO - [2023-09-20T22:28:36.782+0000] {dag.py:2915} INFO - Sync 2 DAGs
[2023-09-20T22:28:36.803+0000] {logging_mixin.py:151} INFO - [2023-09-20T22:28:36.802+0000] {dag.py:3696} INFO - Setting next_dagrun for example_external_task_marker_child to None, run_after=None
[2023-09-20T22:28:36.808+0000] {logging_mixin.py:151} INFO - [2023-09-20T22:28:36.808+0000] {dag.py:3696} INFO - Setting next_dagrun for example_external_task_marker_parent to None, run_after=None
[2023-09-20T22:28:36.837+0000] {processor.py:179} INFO - Processing /home/airflow/.local/lib/python3.8/site-packages/airflow/example_dags/example_external_task_marker_dag.py took 0.107 seconds
[2023-09-20T22:29:07.561+0000] {processor.py:157} INFO - Started process (PID=502) to work on /home/airflow/.local/lib/python3.8/site-packages/airflow/example_dags/example_external_task_marker_dag.py
[2023-09-20T22:29:07.563+0000] {processor.py:829} INFO - Processing file /home/airflow/.local/lib/python3.8/site-packages/airflow/example_dags/example_external_task_marker_dag.py for tasks to queue
[2023-09-20T22:29:07.568+0000] {logging_mixin.py:151} INFO - [2023-09-20T22:29:07.567+0000] {dagbag.py:539} INFO - Filling up the DagBag from /home/airflow/.local/lib/python3.8/site-packages/airflow/example_dags/example_external_task_marker_dag.py
[2023-09-20T22:29:07.578+0000] {processor.py:839} INFO - DAG(s) dict_keys(['example_external_task_marker_parent', 'example_external_task_marker_child']) retrieved from /home/airflow/.local/lib/python3.8/site-packages/airflow/example_dags/example_external_task_marker_dag.py
[2023-09-20T22:29:07.617+0000] {logging_mixin.py:151} INFO - [2023-09-20T22:29:07.616+0000] {dag.py:2915} INFO - Sync 2 DAGs
[2023-09-20T22:29:07.638+0000] {logging_mixin.py:151} INFO - [2023-09-20T22:29:07.638+0000] {dag.py:3696} INFO - Setting next_dagrun for example_external_task_marker_child to None, run_after=None
[2023-09-20T22:29:07.643+0000] {logging_mixin.py:151} INFO - [2023-09-20T22:29:07.643+0000] {dag.py:3696} INFO - Setting next_dagrun for example_external_task_marker_parent to None, run_after=None
[2023-09-20T22:29:07.679+0000] {processor.py:179} INFO - Processing /home/airflow/.local/lib/python3.8/site-packages/airflow/example_dags/example_external_task_marker_dag.py took 0.123 seconds
[2023-09-20T22:29:38.545+0000] {processor.py:157} INFO - Started process (PID=557) to work on /home/airflow/.local/lib/python3.8/site-packages/airflow/example_dags/example_external_task_marker_dag.py
[2023-09-20T22:29:38.547+0000] {processor.py:829} INFO - Processing file /home/airflow/.local/lib/python3.8/site-packages/airflow/example_dags/example_external_task_marker_dag.py for tasks to queue
[2023-09-20T22:29:38.551+0000] {logging_mixin.py:151} INFO - [2023-09-20T22:29:38.550+0000] {dagbag.py:539} INFO - Filling up the DagBag from /home/airflow/.local/lib/python3.8/site-packages/airflow/example_dags/example_external_task_marker_dag.py
[2023-09-20T22:29:38.567+0000] {processor.py:839} INFO - DAG(s) dict_keys(['example_external_task_marker_parent', 'example_external_task_marker_child']) retrieved from /home/airflow/.local/lib/python3.8/site-packages/airflow/example_dags/example_external_task_marker_dag.py
[2023-09-20T22:29:38.603+0000] {logging_mixin.py:151} INFO - [2023-09-20T22:29:38.603+0000] {dag.py:2915} INFO - Sync 2 DAGs
[2023-09-20T22:29:38.623+0000] {logging_mixin.py:151} INFO - [2023-09-20T22:29:38.623+0000] {dag.py:3696} INFO - Setting next_dagrun for example_external_task_marker_child to None, run_after=None
[2023-09-20T22:29:38.629+0000] {logging_mixin.py:151} INFO - [2023-09-20T22:29:38.628+0000] {dag.py:3696} INFO - Setting next_dagrun for example_external_task_marker_parent to None, run_after=None
[2023-09-20T22:29:38.662+0000] {processor.py:179} INFO - Processing /home/airflow/.local/lib/python3.8/site-packages/airflow/example_dags/example_external_task_marker_dag.py took 0.123 seconds
[2023-09-20T22:30:09.047+0000] {processor.py:157} INFO - Started process (PID=612) to work on /home/airflow/.local/lib/python3.8/site-packages/airflow/example_dags/example_external_task_marker_dag.py
[2023-09-20T22:30:09.048+0000] {processor.py:829} INFO - Processing file /home/airflow/.local/lib/python3.8/site-packages/airflow/example_dags/example_external_task_marker_dag.py for tasks to queue
[2023-09-20T22:30:09.053+0000] {logging_mixin.py:151} INFO - [2023-09-20T22:30:09.052+0000] {dagbag.py:539} INFO - Filling up the DagBag from /home/airflow/.local/lib/python3.8/site-packages/airflow/example_dags/example_external_task_marker_dag.py
[2023-09-20T22:30:09.063+0000] {processor.py:839} INFO - DAG(s) dict_keys(['example_external_task_marker_child', 'example_external_task_marker_parent']) retrieved from /home/airflow/.local/lib/python3.8/site-packages/airflow/example_dags/example_external_task_marker_dag.py
[2023-09-20T22:30:09.100+0000] {logging_mixin.py:151} INFO - [2023-09-20T22:30:09.100+0000] {dag.py:2915} INFO - Sync 2 DAGs
[2023-09-20T22:30:09.118+0000] {logging_mixin.py:151} INFO - [2023-09-20T22:30:09.118+0000] {dag.py:3696} INFO - Setting next_dagrun for example_external_task_marker_child to None, run_after=None
[2023-09-20T22:30:09.123+0000] {logging_mixin.py:151} INFO - [2023-09-20T22:30:09.122+0000] {dag.py:3696} INFO - Setting next_dagrun for example_external_task_marker_parent to None, run_after=None
[2023-09-20T22:30:09.149+0000] {processor.py:179} INFO - Processing /home/airflow/.local/lib/python3.8/site-packages/airflow/example_dags/example_external_task_marker_dag.py took 0.110 seconds
[2023-09-20T22:30:39.489+0000] {processor.py:157} INFO - Started process (PID=667) to work on /home/airflow/.local/lib/python3.8/site-packages/airflow/example_dags/example_external_task_marker_dag.py
[2023-09-20T22:30:39.490+0000] {processor.py:829} INFO - Processing file /home/airflow/.local/lib/python3.8/site-packages/airflow/example_dags/example_external_task_marker_dag.py for tasks to queue
[2023-09-20T22:30:39.493+0000] {logging_mixin.py:151} INFO - [2023-09-20T22:30:39.493+0000] {dagbag.py:539} INFO - Filling up the DagBag from /home/airflow/.local/lib/python3.8/site-packages/airflow/example_dags/example_external_task_marker_dag.py
[2023-09-20T22:30:39.501+0000] {processor.py:839} INFO - DAG(s) dict_keys(['example_external_task_marker_parent', 'example_external_task_marker_child']) retrieved from /home/airflow/.local/lib/python3.8/site-packages/airflow/example_dags/example_external_task_marker_dag.py
[2023-09-20T22:30:39.534+0000] {logging_mixin.py:151} INFO - [2023-09-20T22:30:39.534+0000] {dag.py:2915} INFO - Sync 2 DAGs
[2023-09-20T22:30:39.555+0000] {logging_mixin.py:151} INFO - [2023-09-20T22:30:39.554+0000] {dag.py:3696} INFO - Setting next_dagrun for example_external_task_marker_child to None, run_after=None
[2023-09-20T22:30:39.560+0000] {logging_mixin.py:151} INFO - [2023-09-20T22:30:39.560+0000] {dag.py:3696} INFO - Setting next_dagrun for example_external_task_marker_parent to None, run_after=None
[2023-09-20T22:30:39.845+0000] {processor.py:179} INFO - Processing /home/airflow/.local/lib/python3.8/site-packages/airflow/example_dags/example_external_task_marker_dag.py took 0.361 seconds
[2023-09-20T22:31:10.856+0000] {processor.py:157} INFO - Started process (PID=722) to work on /home/airflow/.local/lib/python3.8/site-packages/airflow/example_dags/example_external_task_marker_dag.py
[2023-09-20T22:31:10.858+0000] {processor.py:829} INFO - Processing file /home/airflow/.local/lib/python3.8/site-packages/airflow/example_dags/example_external_task_marker_dag.py for tasks to queue
[2023-09-20T22:31:10.864+0000] {logging_mixin.py:151} INFO - [2023-09-20T22:31:10.863+0000] {dagbag.py:539} INFO - Filling up the DagBag from /home/airflow/.local/lib/python3.8/site-packages/airflow/example_dags/example_external_task_marker_dag.py
[2023-09-20T22:31:10.879+0000] {processor.py:839} INFO - DAG(s) dict_keys(['example_external_task_marker_child', 'example_external_task_marker_parent']) retrieved from /home/airflow/.local/lib/python3.8/site-packages/airflow/example_dags/example_external_task_marker_dag.py
[2023-09-20T22:31:10.931+0000] {logging_mixin.py:151} INFO - [2023-09-20T22:31:10.931+0000] {dag.py:2915} INFO - Sync 2 DAGs
[2023-09-20T22:31:10.952+0000] {logging_mixin.py:151} INFO - [2023-09-20T22:31:10.952+0000] {dag.py:3696} INFO - Setting next_dagrun for example_external_task_marker_child to None, run_after=None
[2023-09-20T22:31:10.959+0000] {logging_mixin.py:151} INFO - [2023-09-20T22:31:10.959+0000] {dag.py:3696} INFO - Setting next_dagrun for example_external_task_marker_parent to None, run_after=None
[2023-09-20T22:31:10.993+0000] {processor.py:179} INFO - Processing /home/airflow/.local/lib/python3.8/site-packages/airflow/example_dags/example_external_task_marker_dag.py took 0.147 seconds
[2023-09-20T22:31:42.219+0000] {processor.py:157} INFO - Started process (PID=777) to work on /home/airflow/.local/lib/python3.8/site-packages/airflow/example_dags/example_external_task_marker_dag.py
[2023-09-20T22:31:42.221+0000] {processor.py:829} INFO - Processing file /home/airflow/.local/lib/python3.8/site-packages/airflow/example_dags/example_external_task_marker_dag.py for tasks to queue
[2023-09-20T22:31:42.224+0000] {logging_mixin.py:151} INFO - [2023-09-20T22:31:42.224+0000] {dagbag.py:539} INFO - Filling up the DagBag from /home/airflow/.local/lib/python3.8/site-packages/airflow/example_dags/example_external_task_marker_dag.py
[2023-09-20T22:31:42.232+0000] {processor.py:839} INFO - DAG(s) dict_keys(['example_external_task_marker_child', 'example_external_task_marker_parent']) retrieved from /home/airflow/.local/lib/python3.8/site-packages/airflow/example_dags/example_external_task_marker_dag.py
[2023-09-20T22:31:42.265+0000] {logging_mixin.py:151} INFO - [2023-09-20T22:31:42.265+0000] {dag.py:2915} INFO - Sync 2 DAGs
[2023-09-20T22:31:42.285+0000] {logging_mixin.py:151} INFO - [2023-09-20T22:31:42.285+0000] {dag.py:3696} INFO - Setting next_dagrun for example_external_task_marker_child to None, run_after=None
[2023-09-20T22:31:42.292+0000] {logging_mixin.py:151} INFO - [2023-09-20T22:31:42.291+0000] {dag.py:3696} INFO - Setting next_dagrun for example_external_task_marker_parent to None, run_after=None
[2023-09-20T22:31:42.318+0000] {processor.py:179} INFO - Processing /home/airflow/.local/lib/python3.8/site-packages/airflow/example_dags/example_external_task_marker_dag.py took 0.104 seconds
[2023-09-20T22:32:13.092+0000] {processor.py:157} INFO - Started process (PID=832) to work on /home/airflow/.local/lib/python3.8/site-packages/airflow/example_dags/example_external_task_marker_dag.py
[2023-09-20T22:32:13.094+0000] {processor.py:829} INFO - Processing file /home/airflow/.local/lib/python3.8/site-packages/airflow/example_dags/example_external_task_marker_dag.py for tasks to queue
[2023-09-20T22:32:13.098+0000] {logging_mixin.py:151} INFO - [2023-09-20T22:32:13.097+0000] {dagbag.py:539} INFO - Filling up the DagBag from /home/airflow/.local/lib/python3.8/site-packages/airflow/example_dags/example_external_task_marker_dag.py
[2023-09-20T22:32:13.109+0000] {processor.py:839} INFO - DAG(s) dict_keys(['example_external_task_marker_parent', 'example_external_task_marker_child']) retrieved from /home/airflow/.local/lib/python3.8/site-packages/airflow/example_dags/example_external_task_marker_dag.py
[2023-09-20T22:32:13.142+0000] {logging_mixin.py:151} INFO - [2023-09-20T22:32:13.142+0000] {dag.py:2915} INFO - Sync 2 DAGs
[2023-09-20T22:32:13.160+0000] {logging_mixin.py:151} INFO - [2023-09-20T22:32:13.160+0000] {dag.py:3696} INFO - Setting next_dagrun for example_external_task_marker_child to None, run_after=None
[2023-09-20T22:32:13.165+0000] {logging_mixin.py:151} INFO - [2023-09-20T22:32:13.165+0000] {dag.py:3696} INFO - Setting next_dagrun for example_external_task_marker_parent to None, run_after=None
[2023-09-20T22:32:13.188+0000] {processor.py:179} INFO - Processing /home/airflow/.local/lib/python3.8/site-packages/airflow/example_dags/example_external_task_marker_dag.py took 0.100 seconds
[2023-09-20T22:32:44.048+0000] {processor.py:157} INFO - Started process (PID=887) to work on /home/airflow/.local/lib/python3.8/site-packages/airflow/example_dags/example_external_task_marker_dag.py
[2023-09-20T22:32:44.049+0000] {processor.py:829} INFO - Processing file /home/airflow/.local/lib/python3.8/site-packages/airflow/example_dags/example_external_task_marker_dag.py for tasks to queue
[2023-09-20T22:32:44.053+0000] {logging_mixin.py:151} INFO - [2023-09-20T22:32:44.052+0000] {dagbag.py:539} INFO - Filling up the DagBag from /home/airflow/.local/lib/python3.8/site-packages/airflow/example_dags/example_external_task_marker_dag.py
[2023-09-20T22:32:44.062+0000] {processor.py:839} INFO - DAG(s) dict_keys(['example_external_task_marker_parent', 'example_external_task_marker_child']) retrieved from /home/airflow/.local/lib/python3.8/site-packages/airflow/example_dags/example_external_task_marker_dag.py
[2023-09-20T22:32:44.098+0000] {logging_mixin.py:151} INFO - [2023-09-20T22:32:44.097+0000] {dag.py:2915} INFO - Sync 2 DAGs
[2023-09-20T22:32:44.116+0000] {logging_mixin.py:151} INFO - [2023-09-20T22:32:44.116+0000] {dag.py:3696} INFO - Setting next_dagrun for example_external_task_marker_child to None, run_after=None
[2023-09-20T22:32:44.121+0000] {logging_mixin.py:151} INFO - [2023-09-20T22:32:44.121+0000] {dag.py:3696} INFO - Setting next_dagrun for example_external_task_marker_parent to None, run_after=None
[2023-09-20T22:32:44.152+0000] {processor.py:179} INFO - Processing /home/airflow/.local/lib/python3.8/site-packages/airflow/example_dags/example_external_task_marker_dag.py took 0.108 seconds
[2023-09-20T22:33:14.968+0000] {processor.py:157} INFO - Started process (PID=942) to work on /home/airflow/.local/lib/python3.8/site-packages/airflow/example_dags/example_external_task_marker_dag.py
[2023-09-20T22:33:14.969+0000] {processor.py:829} INFO - Processing file /home/airflow/.local/lib/python3.8/site-packages/airflow/example_dags/example_external_task_marker_dag.py for tasks to queue
[2023-09-20T22:33:14.973+0000] {logging_mixin.py:151} INFO - [2023-09-20T22:33:14.973+0000] {dagbag.py:539} INFO - Filling up the DagBag from /home/airflow/.local/lib/python3.8/site-packages/airflow/example_dags/example_external_task_marker_dag.py
[2023-09-20T22:33:14.982+0000] {processor.py:839} INFO - DAG(s) dict_keys(['example_external_task_marker_child', 'example_external_task_marker_parent']) retrieved from /home/airflow/.local/lib/python3.8/site-packages/airflow/example_dags/example_external_task_marker_dag.py
[2023-09-20T22:33:15.015+0000] {logging_mixin.py:151} INFO - [2023-09-20T22:33:15.015+0000] {dag.py:2915} INFO - Sync 2 DAGs
[2023-09-20T22:33:15.037+0000] {logging_mixin.py:151} INFO - [2023-09-20T22:33:15.036+0000] {dag.py:3696} INFO - Setting next_dagrun for example_external_task_marker_child to None, run_after=None
[2023-09-20T22:33:15.042+0000] {logging_mixin.py:151} INFO - [2023-09-20T22:33:15.041+0000] {dag.py:3696} INFO - Setting next_dagrun for example_external_task_marker_parent to None, run_after=None
[2023-09-20T22:33:15.073+0000] {processor.py:179} INFO - Processing /home/airflow/.local/lib/python3.8/site-packages/airflow/example_dags/example_external_task_marker_dag.py took 0.110 seconds
[2023-09-20T22:33:45.731+0000] {processor.py:157} INFO - Started process (PID=997) to work on /home/airflow/.local/lib/python3.8/site-packages/airflow/example_dags/example_external_task_marker_dag.py
[2023-09-20T22:33:45.732+0000] {processor.py:829} INFO - Processing file /home/airflow/.local/lib/python3.8/site-packages/airflow/example_dags/example_external_task_marker_dag.py for tasks to queue
[2023-09-20T22:33:45.736+0000] {logging_mixin.py:151} INFO - [2023-09-20T22:33:45.735+0000] {dagbag.py:539} INFO - Filling up the DagBag from /home/airflow/.local/lib/python3.8/site-packages/airflow/example_dags/example_external_task_marker_dag.py
[2023-09-20T22:33:45.744+0000] {processor.py:839} INFO - DAG(s) dict_keys(['example_external_task_marker_child', 'example_external_task_marker_parent']) retrieved from /home/airflow/.local/lib/python3.8/site-packages/airflow/example_dags/example_external_task_marker_dag.py
[2023-09-20T22:33:45.780+0000] {logging_mixin.py:151} INFO - [2023-09-20T22:33:45.779+0000] {dag.py:2915} INFO - Sync 2 DAGs
[2023-09-20T22:33:45.798+0000] {logging_mixin.py:151} INFO - [2023-09-20T22:33:45.798+0000] {dag.py:3696} INFO - Setting next_dagrun for example_external_task_marker_child to None, run_after=None
[2023-09-20T22:33:45.804+0000] {logging_mixin.py:151} INFO - [2023-09-20T22:33:45.803+0000] {dag.py:3696} INFO - Setting next_dagrun for example_external_task_marker_parent to None, run_after=None
[2023-09-20T22:33:45.835+0000] {processor.py:179} INFO - Processing /home/airflow/.local/lib/python3.8/site-packages/airflow/example_dags/example_external_task_marker_dag.py took 0.109 seconds
[2023-09-20T22:34:16.408+0000] {processor.py:157} INFO - Started process (PID=1052) to work on /home/airflow/.local/lib/python3.8/site-packages/airflow/example_dags/example_external_task_marker_dag.py
[2023-09-20T22:34:16.411+0000] {processor.py:829} INFO - Processing file /home/airflow/.local/lib/python3.8/site-packages/airflow/example_dags/example_external_task_marker_dag.py for tasks to queue
[2023-09-20T22:34:16.418+0000] {logging_mixin.py:151} INFO - [2023-09-20T22:34:16.417+0000] {dagbag.py:539} INFO - Filling up the DagBag from /home/airflow/.local/lib/python3.8/site-packages/airflow/example_dags/example_external_task_marker_dag.py
[2023-09-20T22:34:16.434+0000] {processor.py:839} INFO - DAG(s) dict_keys(['example_external_task_marker_child', 'example_external_task_marker_parent']) retrieved from /home/airflow/.local/lib/python3.8/site-packages/airflow/example_dags/example_external_task_marker_dag.py
[2023-09-20T22:34:16.486+0000] {logging_mixin.py:151} INFO - [2023-09-20T22:34:16.486+0000] {dag.py:2915} INFO - Sync 2 DAGs
[2023-09-20T22:34:16.512+0000] {logging_mixin.py:151} INFO - [2023-09-20T22:34:16.512+0000] {dag.py:3696} INFO - Setting next_dagrun for example_external_task_marker_child to None, run_after=None
[2023-09-20T22:34:16.519+0000] {logging_mixin.py:151} INFO - [2023-09-20T22:34:16.519+0000] {dag.py:3696} INFO - Setting next_dagrun for example_external_task_marker_parent to None, run_after=None
[2023-09-20T22:34:16.560+0000] {processor.py:179} INFO - Processing /home/airflow/.local/lib/python3.8/site-packages/airflow/example_dags/example_external_task_marker_dag.py took 0.162 seconds
[2023-09-20T22:34:47.237+0000] {processor.py:157} INFO - Started process (PID=1107) to work on /home/airflow/.local/lib/python3.8/site-packages/airflow/example_dags/example_external_task_marker_dag.py
[2023-09-20T22:34:47.238+0000] {processor.py:829} INFO - Processing file /home/airflow/.local/lib/python3.8/site-packages/airflow/example_dags/example_external_task_marker_dag.py for tasks to queue
[2023-09-20T22:34:47.243+0000] {logging_mixin.py:151} INFO - [2023-09-20T22:34:47.242+0000] {dagbag.py:539} INFO - Filling up the DagBag from /home/airflow/.local/lib/python3.8/site-packages/airflow/example_dags/example_external_task_marker_dag.py
[2023-09-20T22:34:47.255+0000] {processor.py:839} INFO - DAG(s) dict_keys(['example_external_task_marker_parent', 'example_external_task_marker_child']) retrieved from /home/airflow/.local/lib/python3.8/site-packages/airflow/example_dags/example_external_task_marker_dag.py
[2023-09-20T22:34:47.298+0000] {logging_mixin.py:151} INFO - [2023-09-20T22:34:47.298+0000] {dag.py:2915} INFO - Sync 2 DAGs
[2023-09-20T22:34:47.317+0000] {logging_mixin.py:151} INFO - [2023-09-20T22:34:47.317+0000] {dag.py:3696} INFO - Setting next_dagrun for example_external_task_marker_child to None, run_after=None
[2023-09-20T22:34:47.323+0000] {logging_mixin.py:151} INFO - [2023-09-20T22:34:47.323+0000] {dag.py:3696} INFO - Setting next_dagrun for example_external_task_marker_parent to None, run_after=None
[2023-09-20T22:34:47.418+0000] {processor.py:179} INFO - Processing /home/airflow/.local/lib/python3.8/site-packages/airflow/example_dags/example_external_task_marker_dag.py took 0.188 seconds
[2023-09-20T22:35:17.882+0000] {processor.py:157} INFO - Started process (PID=1162) to work on /home/airflow/.local/lib/python3.8/site-packages/airflow/example_dags/example_external_task_marker_dag.py
[2023-09-20T22:35:17.883+0000] {processor.py:829} INFO - Processing file /home/airflow/.local/lib/python3.8/site-packages/airflow/example_dags/example_external_task_marker_dag.py for tasks to queue
[2023-09-20T22:35:17.887+0000] {logging_mixin.py:151} INFO - [2023-09-20T22:35:17.887+0000] {dagbag.py:539} INFO - Filling up the DagBag from /home/airflow/.local/lib/python3.8/site-packages/airflow/example_dags/example_external_task_marker_dag.py
[2023-09-20T22:35:17.896+0000] {processor.py:839} INFO - DAG(s) dict_keys(['example_external_task_marker_child', 'example_external_task_marker_parent']) retrieved from /home/airflow/.local/lib/python3.8/site-packages/airflow/example_dags/example_external_task_marker_dag.py
[2023-09-20T22:35:17.927+0000] {logging_mixin.py:151} INFO - [2023-09-20T22:35:17.927+0000] {dag.py:2915} INFO - Sync 2 DAGs
[2023-09-20T22:35:17.949+0000] {logging_mixin.py:151} INFO - [2023-09-20T22:35:17.949+0000] {dag.py:3696} INFO - Setting next_dagrun for example_external_task_marker_child to None, run_after=None
[2023-09-20T22:35:17.955+0000] {logging_mixin.py:151} INFO - [2023-09-20T22:35:17.955+0000] {dag.py:3696} INFO - Setting next_dagrun for example_external_task_marker_parent to None, run_after=None
[2023-09-20T22:35:17.996+0000] {processor.py:179} INFO - Processing /home/airflow/.local/lib/python3.8/site-packages/airflow/example_dags/example_external_task_marker_dag.py took 0.119 seconds
[2023-09-20T22:35:48.241+0000] {processor.py:157} INFO - Started process (PID=1217) to work on /home/airflow/.local/lib/python3.8/site-packages/airflow/example_dags/example_external_task_marker_dag.py
[2023-09-20T22:35:48.243+0000] {processor.py:829} INFO - Processing file /home/airflow/.local/lib/python3.8/site-packages/airflow/example_dags/example_external_task_marker_dag.py for tasks to queue
[2023-09-20T22:35:48.246+0000] {logging_mixin.py:151} INFO - [2023-09-20T22:35:48.246+0000] {dagbag.py:539} INFO - Filling up the DagBag from /home/airflow/.local/lib/python3.8/site-packages/airflow/example_dags/example_external_task_marker_dag.py
[2023-09-20T22:35:48.255+0000] {processor.py:839} INFO - DAG(s) dict_keys(['example_external_task_marker_child', 'example_external_task_marker_parent']) retrieved from /home/airflow/.local/lib/python3.8/site-packages/airflow/example_dags/example_external_task_marker_dag.py
[2023-09-20T22:35:48.289+0000] {logging_mixin.py:151} INFO - [2023-09-20T22:35:48.289+0000] {dag.py:2915} INFO - Sync 2 DAGs
[2023-09-20T22:35:48.315+0000] {logging_mixin.py:151} INFO - [2023-09-20T22:35:48.315+0000] {dag.py:3696} INFO - Setting next_dagrun for example_external_task_marker_child to None, run_after=None
[2023-09-20T22:35:48.321+0000] {logging_mixin.py:151} INFO - [2023-09-20T22:35:48.321+0000] {dag.py:3696} INFO - Setting next_dagrun for example_external_task_marker_parent to None, run_after=None
[2023-09-20T22:35:48.349+0000] {processor.py:179} INFO - Processing /home/airflow/.local/lib/python3.8/site-packages/airflow/example_dags/example_external_task_marker_dag.py took 0.114 seconds
[2023-09-20T22:36:19.139+0000] {processor.py:157} INFO - Started process (PID=1272) to work on /home/airflow/.local/lib/python3.8/site-packages/airflow/example_dags/example_external_task_marker_dag.py
[2023-09-20T22:36:19.141+0000] {processor.py:829} INFO - Processing file /home/airflow/.local/lib/python3.8/site-packages/airflow/example_dags/example_external_task_marker_dag.py for tasks to queue
[2023-09-20T22:36:19.146+0000] {logging_mixin.py:151} INFO - [2023-09-20T22:36:19.145+0000] {dagbag.py:539} INFO - Filling up the DagBag from /home/airflow/.local/lib/python3.8/site-packages/airflow/example_dags/example_external_task_marker_dag.py
[2023-09-20T22:36:19.156+0000] {processor.py:839} INFO - DAG(s) dict_keys(['example_external_task_marker_child', 'example_external_task_marker_parent']) retrieved from /home/airflow/.local/lib/python3.8/site-packages/airflow/example_dags/example_external_task_marker_dag.py
[2023-09-20T22:36:19.199+0000] {logging_mixin.py:151} INFO - [2023-09-20T22:36:19.199+0000] {dag.py:2915} INFO - Sync 2 DAGs
[2023-09-20T22:36:19.219+0000] {logging_mixin.py:151} INFO - [2023-09-20T22:36:19.218+0000] {dag.py:3696} INFO - Setting next_dagrun for example_external_task_marker_child to None, run_after=None
[2023-09-20T22:36:19.224+0000] {logging_mixin.py:151} INFO - [2023-09-20T22:36:19.223+0000] {dag.py:3696} INFO - Setting next_dagrun for example_external_task_marker_parent to None, run_after=None
[2023-09-20T22:36:19.255+0000] {processor.py:179} INFO - Processing /home/airflow/.local/lib/python3.8/site-packages/airflow/example_dags/example_external_task_marker_dag.py took 0.122 seconds
[2023-09-20T22:36:49.595+0000] {processor.py:157} INFO - Started process (PID=1327) to work on /home/airflow/.local/lib/python3.8/site-packages/airflow/example_dags/example_external_task_marker_dag.py
[2023-09-20T22:36:49.597+0000] {processor.py:829} INFO - Processing file /home/airflow/.local/lib/python3.8/site-packages/airflow/example_dags/example_external_task_marker_dag.py for tasks to queue
[2023-09-20T22:36:49.600+0000] {logging_mixin.py:151} INFO - [2023-09-20T22:36:49.600+0000] {dagbag.py:539} INFO - Filling up the DagBag from /home/airflow/.local/lib/python3.8/site-packages/airflow/example_dags/example_external_task_marker_dag.py
[2023-09-20T22:36:49.608+0000] {processor.py:839} INFO - DAG(s) dict_keys(['example_external_task_marker_child', 'example_external_task_marker_parent']) retrieved from /home/airflow/.local/lib/python3.8/site-packages/airflow/example_dags/example_external_task_marker_dag.py
[2023-09-20T22:36:49.640+0000] {logging_mixin.py:151} INFO - [2023-09-20T22:36:49.640+0000] {dag.py:2915} INFO - Sync 2 DAGs
[2023-09-20T22:36:49.658+0000] {logging_mixin.py:151} INFO - [2023-09-20T22:36:49.658+0000] {dag.py:3696} INFO - Setting next_dagrun for example_external_task_marker_child to None, run_after=None
[2023-09-20T22:36:49.663+0000] {logging_mixin.py:151} INFO - [2023-09-20T22:36:49.663+0000] {dag.py:3696} INFO - Setting next_dagrun for example_external_task_marker_parent to None, run_after=None
[2023-09-20T22:36:49.691+0000] {processor.py:179} INFO - Processing /home/airflow/.local/lib/python3.8/site-packages/airflow/example_dags/example_external_task_marker_dag.py took 0.101 seconds
[2023-09-20T22:37:20.633+0000] {processor.py:157} INFO - Started process (PID=1383) to work on /home/airflow/.local/lib/python3.8/site-packages/airflow/example_dags/example_external_task_marker_dag.py
[2023-09-20T22:37:20.634+0000] {processor.py:829} INFO - Processing file /home/airflow/.local/lib/python3.8/site-packages/airflow/example_dags/example_external_task_marker_dag.py for tasks to queue
[2023-09-20T22:37:20.638+0000] {logging_mixin.py:151} INFO - [2023-09-20T22:37:20.637+0000] {dagbag.py:539} INFO - Filling up the DagBag from /home/airflow/.local/lib/python3.8/site-packages/airflow/example_dags/example_external_task_marker_dag.py
[2023-09-20T22:37:20.647+0000] {processor.py:839} INFO - DAG(s) dict_keys(['example_external_task_marker_parent', 'example_external_task_marker_child']) retrieved from /home/airflow/.local/lib/python3.8/site-packages/airflow/example_dags/example_external_task_marker_dag.py
[2023-09-20T22:37:20.683+0000] {logging_mixin.py:151} INFO - [2023-09-20T22:37:20.683+0000] {dag.py:2915} INFO - Sync 2 DAGs
[2023-09-20T22:37:20.707+0000] {logging_mixin.py:151} INFO - [2023-09-20T22:37:20.706+0000] {dag.py:3696} INFO - Setting next_dagrun for example_external_task_marker_child to None, run_after=None
[2023-09-20T22:37:20.712+0000] {logging_mixin.py:151} INFO - [2023-09-20T22:37:20.712+0000] {dag.py:3696} INFO - Setting next_dagrun for example_external_task_marker_parent to None, run_after=None
[2023-09-20T22:37:20.743+0000] {processor.py:179} INFO - Processing /home/airflow/.local/lib/python3.8/site-packages/airflow/example_dags/example_external_task_marker_dag.py took 0.114 seconds
[2023-09-20T22:37:51.435+0000] {processor.py:157} INFO - Started process (PID=1438) to work on /home/airflow/.local/lib/python3.8/site-packages/airflow/example_dags/example_external_task_marker_dag.py
[2023-09-20T22:37:51.436+0000] {processor.py:829} INFO - Processing file /home/airflow/.local/lib/python3.8/site-packages/airflow/example_dags/example_external_task_marker_dag.py for tasks to queue
[2023-09-20T22:37:51.439+0000] {logging_mixin.py:151} INFO - [2023-09-20T22:37:51.438+0000] {dagbag.py:539} INFO - Filling up the DagBag from /home/airflow/.local/lib/python3.8/site-packages/airflow/example_dags/example_external_task_marker_dag.py
[2023-09-20T22:37:51.451+0000] {processor.py:839} INFO - DAG(s) dict_keys(['example_external_task_marker_child', 'example_external_task_marker_parent']) retrieved from /home/airflow/.local/lib/python3.8/site-packages/airflow/example_dags/example_external_task_marker_dag.py
[2023-09-20T22:37:51.491+0000] {logging_mixin.py:151} INFO - [2023-09-20T22:37:51.491+0000] {dag.py:2915} INFO - Sync 2 DAGs
[2023-09-20T22:37:51.514+0000] {logging_mixin.py:151} INFO - [2023-09-20T22:37:51.514+0000] {dag.py:3696} INFO - Setting next_dagrun for example_external_task_marker_child to None, run_after=None
[2023-09-20T22:37:51.519+0000] {logging_mixin.py:151} INFO - [2023-09-20T22:37:51.519+0000] {dag.py:3696} INFO - Setting next_dagrun for example_external_task_marker_parent to None, run_after=None
[2023-09-20T22:37:51.549+0000] {processor.py:179} INFO - Processing /home/airflow/.local/lib/python3.8/site-packages/airflow/example_dags/example_external_task_marker_dag.py took 0.119 seconds
[2023-09-20T22:38:21.825+0000] {processor.py:157} INFO - Started process (PID=1493) to work on /home/airflow/.local/lib/python3.8/site-packages/airflow/example_dags/example_external_task_marker_dag.py
[2023-09-20T22:38:21.826+0000] {processor.py:829} INFO - Processing file /home/airflow/.local/lib/python3.8/site-packages/airflow/example_dags/example_external_task_marker_dag.py for tasks to queue
[2023-09-20T22:38:21.830+0000] {logging_mixin.py:151} INFO - [2023-09-20T22:38:21.829+0000] {dagbag.py:539} INFO - Filling up the DagBag from /home/airflow/.local/lib/python3.8/site-packages/airflow/example_dags/example_external_task_marker_dag.py
[2023-09-20T22:38:21.839+0000] {processor.py:839} INFO - DAG(s) dict_keys(['example_external_task_marker_child', 'example_external_task_marker_parent']) retrieved from /home/airflow/.local/lib/python3.8/site-packages/airflow/example_dags/example_external_task_marker_dag.py
[2023-09-20T22:38:21.885+0000] {logging_mixin.py:151} INFO - [2023-09-20T22:38:21.885+0000] {dag.py:2915} INFO - Sync 2 DAGs
[2023-09-20T22:38:21.904+0000] {logging_mixin.py:151} INFO - [2023-09-20T22:38:21.904+0000] {dag.py:3696} INFO - Setting next_dagrun for example_external_task_marker_child to None, run_after=None
[2023-09-20T22:38:21.909+0000] {logging_mixin.py:151} INFO - [2023-09-20T22:38:21.909+0000] {dag.py:3696} INFO - Setting next_dagrun for example_external_task_marker_parent to None, run_after=None
[2023-09-20T22:38:21.945+0000] {processor.py:179} INFO - Processing /home/airflow/.local/lib/python3.8/site-packages/airflow/example_dags/example_external_task_marker_dag.py took 0.126 seconds
[2023-09-20T22:38:52.581+0000] {processor.py:157} INFO - Started process (PID=1555) to work on /home/airflow/.local/lib/python3.8/site-packages/airflow/example_dags/example_external_task_marker_dag.py
[2023-09-20T22:38:52.583+0000] {processor.py:829} INFO - Processing file /home/airflow/.local/lib/python3.8/site-packages/airflow/example_dags/example_external_task_marker_dag.py for tasks to queue
[2023-09-20T22:38:52.586+0000] {logging_mixin.py:151} INFO - [2023-09-20T22:38:52.586+0000] {dagbag.py:539} INFO - Filling up the DagBag from /home/airflow/.local/lib/python3.8/site-packages/airflow/example_dags/example_external_task_marker_dag.py
[2023-09-20T22:38:52.594+0000] {processor.py:839} INFO - DAG(s) dict_keys(['example_external_task_marker_child', 'example_external_task_marker_parent']) retrieved from /home/airflow/.local/lib/python3.8/site-packages/airflow/example_dags/example_external_task_marker_dag.py
[2023-09-20T22:38:52.626+0000] {logging_mixin.py:151} INFO - [2023-09-20T22:38:52.626+0000] {dag.py:2915} INFO - Sync 2 DAGs
[2023-09-20T22:38:52.644+0000] {logging_mixin.py:151} INFO - [2023-09-20T22:38:52.644+0000] {dag.py:3696} INFO - Setting next_dagrun for example_external_task_marker_child to None, run_after=None
[2023-09-20T22:38:52.649+0000] {logging_mixin.py:151} INFO - [2023-09-20T22:38:52.649+0000] {dag.py:3696} INFO - Setting next_dagrun for example_external_task_marker_parent to None, run_after=None
[2023-09-20T22:38:52.834+0000] {processor.py:179} INFO - Processing /home/airflow/.local/lib/python3.8/site-packages/airflow/example_dags/example_external_task_marker_dag.py took 0.257 seconds
[2023-09-20T22:39:22.948+0000] {processor.py:157} INFO - Started process (PID=1610) to work on /home/airflow/.local/lib/python3.8/site-packages/airflow/example_dags/example_external_task_marker_dag.py
[2023-09-20T22:39:22.951+0000] {processor.py:829} INFO - Processing file /home/airflow/.local/lib/python3.8/site-packages/airflow/example_dags/example_external_task_marker_dag.py for tasks to queue
[2023-09-20T22:39:22.956+0000] {logging_mixin.py:151} INFO - [2023-09-20T22:39:22.956+0000] {dagbag.py:539} INFO - Filling up the DagBag from /home/airflow/.local/lib/python3.8/site-packages/airflow/example_dags/example_external_task_marker_dag.py
[2023-09-20T22:39:22.965+0000] {processor.py:839} INFO - DAG(s) dict_keys(['example_external_task_marker_child', 'example_external_task_marker_parent']) retrieved from /home/airflow/.local/lib/python3.8/site-packages/airflow/example_dags/example_external_task_marker_dag.py
[2023-09-20T22:39:23.000+0000] {logging_mixin.py:151} INFO - [2023-09-20T22:39:22.999+0000] {dag.py:2915} INFO - Sync 2 DAGs
[2023-09-20T22:39:23.016+0000] {logging_mixin.py:151} INFO - [2023-09-20T22:39:23.016+0000] {dag.py:3696} INFO - Setting next_dagrun for example_external_task_marker_child to None, run_after=None
[2023-09-20T22:39:23.022+0000] {logging_mixin.py:151} INFO - [2023-09-20T22:39:23.022+0000] {dag.py:3696} INFO - Setting next_dagrun for example_external_task_marker_parent to None, run_after=None
[2023-09-20T22:39:23.054+0000] {processor.py:179} INFO - Processing /home/airflow/.local/lib/python3.8/site-packages/airflow/example_dags/example_external_task_marker_dag.py took 0.111 seconds
[2023-09-20T22:39:53.228+0000] {processor.py:157} INFO - Started process (PID=1664) to work on /home/airflow/.local/lib/python3.8/site-packages/airflow/example_dags/example_external_task_marker_dag.py
[2023-09-20T22:39:53.230+0000] {processor.py:829} INFO - Processing file /home/airflow/.local/lib/python3.8/site-packages/airflow/example_dags/example_external_task_marker_dag.py for tasks to queue
[2023-09-20T22:39:53.233+0000] {logging_mixin.py:151} INFO - [2023-09-20T22:39:53.233+0000] {dagbag.py:539} INFO - Filling up the DagBag from /home/airflow/.local/lib/python3.8/site-packages/airflow/example_dags/example_external_task_marker_dag.py
[2023-09-20T22:39:53.241+0000] {processor.py:839} INFO - DAG(s) dict_keys(['example_external_task_marker_child', 'example_external_task_marker_parent']) retrieved from /home/airflow/.local/lib/python3.8/site-packages/airflow/example_dags/example_external_task_marker_dag.py
[2023-09-20T22:39:53.274+0000] {logging_mixin.py:151} INFO - [2023-09-20T22:39:53.274+0000] {dag.py:2915} INFO - Sync 2 DAGs
[2023-09-20T22:39:53.292+0000] {logging_mixin.py:151} INFO - [2023-09-20T22:39:53.292+0000] {dag.py:3696} INFO - Setting next_dagrun for example_external_task_marker_child to None, run_after=None
[2023-09-20T22:39:53.297+0000] {logging_mixin.py:151} INFO - [2023-09-20T22:39:53.297+0000] {dag.py:3696} INFO - Setting next_dagrun for example_external_task_marker_parent to None, run_after=None
[2023-09-20T22:39:53.329+0000] {processor.py:179} INFO - Processing /home/airflow/.local/lib/python3.8/site-packages/airflow/example_dags/example_external_task_marker_dag.py took 0.106 seconds
[2023-09-20T22:40:24.222+0000] {processor.py:157} INFO - Started process (PID=1719) to work on /home/airflow/.local/lib/python3.8/site-packages/airflow/example_dags/example_external_task_marker_dag.py
[2023-09-20T22:40:24.224+0000] {processor.py:829} INFO - Processing file /home/airflow/.local/lib/python3.8/site-packages/airflow/example_dags/example_external_task_marker_dag.py for tasks to queue
[2023-09-20T22:40:24.229+0000] {logging_mixin.py:151} INFO - [2023-09-20T22:40:24.228+0000] {dagbag.py:539} INFO - Filling up the DagBag from /home/airflow/.local/lib/python3.8/site-packages/airflow/example_dags/example_external_task_marker_dag.py
[2023-09-20T22:40:24.242+0000] {processor.py:839} INFO - DAG(s) dict_keys(['example_external_task_marker_child', 'example_external_task_marker_parent']) retrieved from /home/airflow/.local/lib/python3.8/site-packages/airflow/example_dags/example_external_task_marker_dag.py
[2023-09-20T22:40:24.279+0000] {logging_mixin.py:151} INFO - [2023-09-20T22:40:24.278+0000] {dag.py:2915} INFO - Sync 2 DAGs
[2023-09-20T22:40:24.298+0000] {logging_mixin.py:151} INFO - [2023-09-20T22:40:24.298+0000] {dag.py:3696} INFO - Setting next_dagrun for example_external_task_marker_child to None, run_after=None
[2023-09-20T22:40:24.303+0000] {logging_mixin.py:151} INFO - [2023-09-20T22:40:24.303+0000] {dag.py:3696} INFO - Setting next_dagrun for example_external_task_marker_parent to None, run_after=None
[2023-09-20T22:40:24.337+0000] {processor.py:179} INFO - Processing /home/airflow/.local/lib/python3.8/site-packages/airflow/example_dags/example_external_task_marker_dag.py took 0.123 seconds
[2023-09-20T22:40:54.615+0000] {processor.py:157} INFO - Started process (PID=1774) to work on /home/airflow/.local/lib/python3.8/site-packages/airflow/example_dags/example_external_task_marker_dag.py
[2023-09-20T22:40:54.616+0000] {processor.py:829} INFO - Processing file /home/airflow/.local/lib/python3.8/site-packages/airflow/example_dags/example_external_task_marker_dag.py for tasks to queue
[2023-09-20T22:40:54.620+0000] {logging_mixin.py:151} INFO - [2023-09-20T22:40:54.619+0000] {dagbag.py:539} INFO - Filling up the DagBag from /home/airflow/.local/lib/python3.8/site-packages/airflow/example_dags/example_external_task_marker_dag.py
[2023-09-20T22:40:54.628+0000] {processor.py:839} INFO - DAG(s) dict_keys(['example_external_task_marker_parent', 'example_external_task_marker_child']) retrieved from /home/airflow/.local/lib/python3.8/site-packages/airflow/example_dags/example_external_task_marker_dag.py
[2023-09-20T22:40:54.662+0000] {logging_mixin.py:151} INFO - [2023-09-20T22:40:54.662+0000] {dag.py:2915} INFO - Sync 2 DAGs
[2023-09-20T22:40:54.682+0000] {logging_mixin.py:151} INFO - [2023-09-20T22:40:54.682+0000] {dag.py:3696} INFO - Setting next_dagrun for example_external_task_marker_child to None, run_after=None
[2023-09-20T22:40:54.687+0000] {logging_mixin.py:151} INFO - [2023-09-20T22:40:54.687+0000] {dag.py:3696} INFO - Setting next_dagrun for example_external_task_marker_parent to None, run_after=None
[2023-09-20T22:40:54.713+0000] {processor.py:179} INFO - Processing /home/airflow/.local/lib/python3.8/site-packages/airflow/example_dags/example_external_task_marker_dag.py took 0.103 seconds
[2023-09-20T22:41:25.289+0000] {processor.py:157} INFO - Started process (PID=1829) to work on /home/airflow/.local/lib/python3.8/site-packages/airflow/example_dags/example_external_task_marker_dag.py
[2023-09-20T22:41:25.291+0000] {processor.py:829} INFO - Processing file /home/airflow/.local/lib/python3.8/site-packages/airflow/example_dags/example_external_task_marker_dag.py for tasks to queue
[2023-09-20T22:41:25.294+0000] {logging_mixin.py:151} INFO - [2023-09-20T22:41:25.294+0000] {dagbag.py:539} INFO - Filling up the DagBag from /home/airflow/.local/lib/python3.8/site-packages/airflow/example_dags/example_external_task_marker_dag.py
[2023-09-20T22:41:25.306+0000] {processor.py:839} INFO - DAG(s) dict_keys(['example_external_task_marker_parent', 'example_external_task_marker_child']) retrieved from /home/airflow/.local/lib/python3.8/site-packages/airflow/example_dags/example_external_task_marker_dag.py
[2023-09-20T22:41:25.348+0000] {logging_mixin.py:151} INFO - [2023-09-20T22:41:25.347+0000] {dag.py:2915} INFO - Sync 2 DAGs
[2023-09-20T22:41:25.368+0000] {logging_mixin.py:151} INFO - [2023-09-20T22:41:25.367+0000] {dag.py:3696} INFO - Setting next_dagrun for example_external_task_marker_child to None, run_after=None
[2023-09-20T22:41:25.373+0000] {logging_mixin.py:151} INFO - [2023-09-20T22:41:25.373+0000] {dag.py:3696} INFO - Setting next_dagrun for example_external_task_marker_parent to None, run_after=None
[2023-09-20T22:41:25.400+0000] {processor.py:179} INFO - Processing /home/airflow/.local/lib/python3.8/site-packages/airflow/example_dags/example_external_task_marker_dag.py took 0.117 seconds
[2023-09-20T22:41:55.788+0000] {processor.py:157} INFO - Started process (PID=1884) to work on /home/airflow/.local/lib/python3.8/site-packages/airflow/example_dags/example_external_task_marker_dag.py
[2023-09-20T22:41:55.789+0000] {processor.py:829} INFO - Processing file /home/airflow/.local/lib/python3.8/site-packages/airflow/example_dags/example_external_task_marker_dag.py for tasks to queue
[2023-09-20T22:41:55.794+0000] {logging_mixin.py:151} INFO - [2023-09-20T22:41:55.793+0000] {dagbag.py:539} INFO - Filling up the DagBag from /home/airflow/.local/lib/python3.8/site-packages/airflow/example_dags/example_external_task_marker_dag.py
[2023-09-20T22:41:55.804+0000] {processor.py:839} INFO - DAG(s) dict_keys(['example_external_task_marker_parent', 'example_external_task_marker_child']) retrieved from /home/airflow/.local/lib/python3.8/site-packages/airflow/example_dags/example_external_task_marker_dag.py
[2023-09-20T22:41:55.837+0000] {logging_mixin.py:151} INFO - [2023-09-20T22:41:55.837+0000] {dag.py:2915} INFO - Sync 2 DAGs
[2023-09-20T22:41:55.855+0000] {logging_mixin.py:151} INFO - [2023-09-20T22:41:55.855+0000] {dag.py:3696} INFO - Setting next_dagrun for example_external_task_marker_child to None, run_after=None
[2023-09-20T22:41:55.861+0000] {logging_mixin.py:151} INFO - [2023-09-20T22:41:55.861+0000] {dag.py:3696} INFO - Setting next_dagrun for example_external_task_marker_parent to None, run_after=None
[2023-09-20T22:41:55.887+0000] {processor.py:179} INFO - Processing /home/airflow/.local/lib/python3.8/site-packages/airflow/example_dags/example_external_task_marker_dag.py took 0.104 seconds
[2023-09-20T22:42:26.404+0000] {processor.py:157} INFO - Started process (PID=1939) to work on /home/airflow/.local/lib/python3.8/site-packages/airflow/example_dags/example_external_task_marker_dag.py
[2023-09-20T22:42:26.405+0000] {processor.py:829} INFO - Processing file /home/airflow/.local/lib/python3.8/site-packages/airflow/example_dags/example_external_task_marker_dag.py for tasks to queue
[2023-09-20T22:42:26.409+0000] {logging_mixin.py:151} INFO - [2023-09-20T22:42:26.408+0000] {dagbag.py:539} INFO - Filling up the DagBag from /home/airflow/.local/lib/python3.8/site-packages/airflow/example_dags/example_external_task_marker_dag.py
[2023-09-20T22:42:26.421+0000] {processor.py:839} INFO - DAG(s) dict_keys(['example_external_task_marker_parent', 'example_external_task_marker_child']) retrieved from /home/airflow/.local/lib/python3.8/site-packages/airflow/example_dags/example_external_task_marker_dag.py
[2023-09-20T22:42:26.458+0000] {logging_mixin.py:151} INFO - [2023-09-20T22:42:26.458+0000] {dag.py:2915} INFO - Sync 2 DAGs
[2023-09-20T22:42:26.479+0000] {logging_mixin.py:151} INFO - [2023-09-20T22:42:26.478+0000] {dag.py:3696} INFO - Setting next_dagrun for example_external_task_marker_child to None, run_after=None
[2023-09-20T22:42:26.484+0000] {logging_mixin.py:151} INFO - [2023-09-20T22:42:26.484+0000] {dag.py:3696} INFO - Setting next_dagrun for example_external_task_marker_parent to None, run_after=None
[2023-09-20T22:42:26.518+0000] {processor.py:179} INFO - Processing /home/airflow/.local/lib/python3.8/site-packages/airflow/example_dags/example_external_task_marker_dag.py took 0.120 seconds
[2023-09-20T22:42:57.223+0000] {processor.py:157} INFO - Started process (PID=1994) to work on /home/airflow/.local/lib/python3.8/site-packages/airflow/example_dags/example_external_task_marker_dag.py
[2023-09-20T22:42:57.224+0000] {processor.py:829} INFO - Processing file /home/airflow/.local/lib/python3.8/site-packages/airflow/example_dags/example_external_task_marker_dag.py for tasks to queue
[2023-09-20T22:42:57.227+0000] {logging_mixin.py:151} INFO - [2023-09-20T22:42:57.227+0000] {dagbag.py:539} INFO - Filling up the DagBag from /home/airflow/.local/lib/python3.8/site-packages/airflow/example_dags/example_external_task_marker_dag.py
[2023-09-20T22:42:57.236+0000] {processor.py:839} INFO - DAG(s) dict_keys(['example_external_task_marker_parent', 'example_external_task_marker_child']) retrieved from /home/airflow/.local/lib/python3.8/site-packages/airflow/example_dags/example_external_task_marker_dag.py
[2023-09-20T22:42:57.280+0000] {logging_mixin.py:151} INFO - [2023-09-20T22:42:57.280+0000] {dag.py:2915} INFO - Sync 2 DAGs
[2023-09-20T22:42:57.306+0000] {logging_mixin.py:151} INFO - [2023-09-20T22:42:57.306+0000] {dag.py:3696} INFO - Setting next_dagrun for example_external_task_marker_child to None, run_after=None
[2023-09-20T22:42:57.313+0000] {logging_mixin.py:151} INFO - [2023-09-20T22:42:57.313+0000] {dag.py:3696} INFO - Setting next_dagrun for example_external_task_marker_parent to None, run_after=None
[2023-09-20T22:42:57.358+0000] {processor.py:179} INFO - Processing /home/airflow/.local/lib/python3.8/site-packages/airflow/example_dags/example_external_task_marker_dag.py took 0.139 seconds
[2023-09-20T22:43:27.968+0000] {processor.py:157} INFO - Started process (PID=2049) to work on /home/airflow/.local/lib/python3.8/site-packages/airflow/example_dags/example_external_task_marker_dag.py
[2023-09-20T22:43:27.969+0000] {processor.py:829} INFO - Processing file /home/airflow/.local/lib/python3.8/site-packages/airflow/example_dags/example_external_task_marker_dag.py for tasks to queue
[2023-09-20T22:43:27.972+0000] {logging_mixin.py:151} INFO - [2023-09-20T22:43:27.972+0000] {dagbag.py:539} INFO - Filling up the DagBag from /home/airflow/.local/lib/python3.8/site-packages/airflow/example_dags/example_external_task_marker_dag.py
[2023-09-20T22:43:27.980+0000] {processor.py:839} INFO - DAG(s) dict_keys(['example_external_task_marker_child', 'example_external_task_marker_parent']) retrieved from /home/airflow/.local/lib/python3.8/site-packages/airflow/example_dags/example_external_task_marker_dag.py
[2023-09-20T22:43:28.018+0000] {logging_mixin.py:151} INFO - [2023-09-20T22:43:28.018+0000] {dag.py:2915} INFO - Sync 2 DAGs
[2023-09-20T22:43:28.037+0000] {logging_mixin.py:151} INFO - [2023-09-20T22:43:28.036+0000] {dag.py:3696} INFO - Setting next_dagrun for example_external_task_marker_child to None, run_after=None
[2023-09-20T22:43:28.043+0000] {logging_mixin.py:151} INFO - [2023-09-20T22:43:28.043+0000] {dag.py:3696} INFO - Setting next_dagrun for example_external_task_marker_parent to None, run_after=None
[2023-09-20T22:43:28.254+0000] {processor.py:179} INFO - Processing /home/airflow/.local/lib/python3.8/site-packages/airflow/example_dags/example_external_task_marker_dag.py took 0.291 seconds
[2023-09-20T22:43:58.892+0000] {processor.py:157} INFO - Started process (PID=2104) to work on /home/airflow/.local/lib/python3.8/site-packages/airflow/example_dags/example_external_task_marker_dag.py
[2023-09-20T22:43:58.893+0000] {processor.py:829} INFO - Processing file /home/airflow/.local/lib/python3.8/site-packages/airflow/example_dags/example_external_task_marker_dag.py for tasks to queue
[2023-09-20T22:43:58.898+0000] {logging_mixin.py:151} INFO - [2023-09-20T22:43:58.897+0000] {dagbag.py:539} INFO - Filling up the DagBag from /home/airflow/.local/lib/python3.8/site-packages/airflow/example_dags/example_external_task_marker_dag.py
[2023-09-20T22:43:58.908+0000] {processor.py:839} INFO - DAG(s) dict_keys(['example_external_task_marker_child', 'example_external_task_marker_parent']) retrieved from /home/airflow/.local/lib/python3.8/site-packages/airflow/example_dags/example_external_task_marker_dag.py
[2023-09-20T22:43:58.946+0000] {logging_mixin.py:151} INFO - [2023-09-20T22:43:58.946+0000] {dag.py:2915} INFO - Sync 2 DAGs
[2023-09-20T22:43:58.972+0000] {logging_mixin.py:151} INFO - [2023-09-20T22:43:58.972+0000] {dag.py:3696} INFO - Setting next_dagrun for example_external_task_marker_child to None, run_after=None
[2023-09-20T22:43:58.978+0000] {logging_mixin.py:151} INFO - [2023-09-20T22:43:58.978+0000] {dag.py:3696} INFO - Setting next_dagrun for example_external_task_marker_parent to None, run_after=None
[2023-09-20T22:43:59.012+0000] {processor.py:179} INFO - Processing /home/airflow/.local/lib/python3.8/site-packages/airflow/example_dags/example_external_task_marker_dag.py took 0.126 seconds
[2023-09-20T22:44:29.806+0000] {processor.py:157} INFO - Started process (PID=2160) to work on /home/airflow/.local/lib/python3.8/site-packages/airflow/example_dags/example_external_task_marker_dag.py
[2023-09-20T22:44:29.807+0000] {processor.py:829} INFO - Processing file /home/airflow/.local/lib/python3.8/site-packages/airflow/example_dags/example_external_task_marker_dag.py for tasks to queue
[2023-09-20T22:44:29.810+0000] {logging_mixin.py:151} INFO - [2023-09-20T22:44:29.810+0000] {dagbag.py:539} INFO - Filling up the DagBag from /home/airflow/.local/lib/python3.8/site-packages/airflow/example_dags/example_external_task_marker_dag.py
[2023-09-20T22:44:29.818+0000] {processor.py:839} INFO - DAG(s) dict_keys(['example_external_task_marker_parent', 'example_external_task_marker_child']) retrieved from /home/airflow/.local/lib/python3.8/site-packages/airflow/example_dags/example_external_task_marker_dag.py
[2023-09-20T22:44:29.848+0000] {logging_mixin.py:151} INFO - [2023-09-20T22:44:29.848+0000] {dag.py:2915} INFO - Sync 2 DAGs
[2023-09-20T22:44:29.867+0000] {logging_mixin.py:151} INFO - [2023-09-20T22:44:29.867+0000] {dag.py:3696} INFO - Setting next_dagrun for example_external_task_marker_child to None, run_after=None
[2023-09-20T22:44:29.873+0000] {logging_mixin.py:151} INFO - [2023-09-20T22:44:29.872+0000] {dag.py:3696} INFO - Setting next_dagrun for example_external_task_marker_parent to None, run_after=None
[2023-09-20T22:44:29.903+0000] {processor.py:179} INFO - Processing /home/airflow/.local/lib/python3.8/site-packages/airflow/example_dags/example_external_task_marker_dag.py took 0.101 seconds
[2023-09-20T22:45:00.483+0000] {processor.py:157} INFO - Started process (PID=2215) to work on /home/airflow/.local/lib/python3.8/site-packages/airflow/example_dags/example_external_task_marker_dag.py
[2023-09-20T22:45:00.485+0000] {processor.py:829} INFO - Processing file /home/airflow/.local/lib/python3.8/site-packages/airflow/example_dags/example_external_task_marker_dag.py for tasks to queue
[2023-09-20T22:45:00.490+0000] {logging_mixin.py:151} INFO - [2023-09-20T22:45:00.489+0000] {dagbag.py:539} INFO - Filling up the DagBag from /home/airflow/.local/lib/python3.8/site-packages/airflow/example_dags/example_external_task_marker_dag.py
[2023-09-20T22:45:00.498+0000] {processor.py:839} INFO - DAG(s) dict_keys(['example_external_task_marker_child', 'example_external_task_marker_parent']) retrieved from /home/airflow/.local/lib/python3.8/site-packages/airflow/example_dags/example_external_task_marker_dag.py
[2023-09-20T22:45:00.533+0000] {logging_mixin.py:151} INFO - [2023-09-20T22:45:00.532+0000] {dag.py:2915} INFO - Sync 2 DAGs
[2023-09-20T22:45:00.551+0000] {logging_mixin.py:151} INFO - [2023-09-20T22:45:00.551+0000] {dag.py:3696} INFO - Setting next_dagrun for example_external_task_marker_child to None, run_after=None
[2023-09-20T22:45:00.556+0000] {logging_mixin.py:151} INFO - [2023-09-20T22:45:00.556+0000] {dag.py:3696} INFO - Setting next_dagrun for example_external_task_marker_parent to None, run_after=None
[2023-09-20T22:45:00.587+0000] {processor.py:179} INFO - Processing /home/airflow/.local/lib/python3.8/site-packages/airflow/example_dags/example_external_task_marker_dag.py took 0.108 seconds
[2023-09-20T22:45:31.195+0000] {processor.py:157} INFO - Started process (PID=2270) to work on /home/airflow/.local/lib/python3.8/site-packages/airflow/example_dags/example_external_task_marker_dag.py
[2023-09-20T22:45:31.196+0000] {processor.py:829} INFO - Processing file /home/airflow/.local/lib/python3.8/site-packages/airflow/example_dags/example_external_task_marker_dag.py for tasks to queue
[2023-09-20T22:45:31.199+0000] {logging_mixin.py:151} INFO - [2023-09-20T22:45:31.199+0000] {dagbag.py:539} INFO - Filling up the DagBag from /home/airflow/.local/lib/python3.8/site-packages/airflow/example_dags/example_external_task_marker_dag.py
[2023-09-20T22:45:31.208+0000] {processor.py:839} INFO - DAG(s) dict_keys(['example_external_task_marker_child', 'example_external_task_marker_parent']) retrieved from /home/airflow/.local/lib/python3.8/site-packages/airflow/example_dags/example_external_task_marker_dag.py
[2023-09-20T22:45:31.245+0000] {logging_mixin.py:151} INFO - [2023-09-20T22:45:31.245+0000] {dag.py:2915} INFO - Sync 2 DAGs
[2023-09-20T22:45:31.265+0000] {logging_mixin.py:151} INFO - [2023-09-20T22:45:31.265+0000] {dag.py:3696} INFO - Setting next_dagrun for example_external_task_marker_child to None, run_after=None
[2023-09-20T22:45:31.271+0000] {logging_mixin.py:151} INFO - [2023-09-20T22:45:31.271+0000] {dag.py:3696} INFO - Setting next_dagrun for example_external_task_marker_parent to None, run_after=None
[2023-09-20T22:45:31.298+0000] {processor.py:179} INFO - Processing /home/airflow/.local/lib/python3.8/site-packages/airflow/example_dags/example_external_task_marker_dag.py took 0.108 seconds
[2023-09-20T22:46:01.654+0000] {processor.py:157} INFO - Started process (PID=2325) to work on /home/airflow/.local/lib/python3.8/site-packages/airflow/example_dags/example_external_task_marker_dag.py
[2023-09-20T22:46:01.655+0000] {processor.py:829} INFO - Processing file /home/airflow/.local/lib/python3.8/site-packages/airflow/example_dags/example_external_task_marker_dag.py for tasks to queue
[2023-09-20T22:46:01.659+0000] {logging_mixin.py:151} INFO - [2023-09-20T22:46:01.658+0000] {dagbag.py:539} INFO - Filling up the DagBag from /home/airflow/.local/lib/python3.8/site-packages/airflow/example_dags/example_external_task_marker_dag.py
[2023-09-20T22:46:01.667+0000] {processor.py:839} INFO - DAG(s) dict_keys(['example_external_task_marker_child', 'example_external_task_marker_parent']) retrieved from /home/airflow/.local/lib/python3.8/site-packages/airflow/example_dags/example_external_task_marker_dag.py
[2023-09-20T22:46:01.700+0000] {logging_mixin.py:151} INFO - [2023-09-20T22:46:01.700+0000] {dag.py:2915} INFO - Sync 2 DAGs
[2023-09-20T22:46:01.719+0000] {logging_mixin.py:151} INFO - [2023-09-20T22:46:01.718+0000] {dag.py:3696} INFO - Setting next_dagrun for example_external_task_marker_child to None, run_after=None
[2023-09-20T22:46:01.724+0000] {logging_mixin.py:151} INFO - [2023-09-20T22:46:01.723+0000] {dag.py:3696} INFO - Setting next_dagrun for example_external_task_marker_parent to None, run_after=None
[2023-09-20T22:46:01.750+0000] {processor.py:179} INFO - Processing /home/airflow/.local/lib/python3.8/site-packages/airflow/example_dags/example_external_task_marker_dag.py took 0.101 seconds
[2023-09-20T22:46:32.794+0000] {processor.py:157} INFO - Started process (PID=2380) to work on /home/airflow/.local/lib/python3.8/site-packages/airflow/example_dags/example_external_task_marker_dag.py
[2023-09-20T22:46:32.796+0000] {processor.py:829} INFO - Processing file /home/airflow/.local/lib/python3.8/site-packages/airflow/example_dags/example_external_task_marker_dag.py for tasks to queue
[2023-09-20T22:46:32.800+0000] {logging_mixin.py:151} INFO - [2023-09-20T22:46:32.799+0000] {dagbag.py:539} INFO - Filling up the DagBag from /home/airflow/.local/lib/python3.8/site-packages/airflow/example_dags/example_external_task_marker_dag.py
[2023-09-20T22:46:32.812+0000] {processor.py:839} INFO - DAG(s) dict_keys(['example_external_task_marker_parent', 'example_external_task_marker_child']) retrieved from /home/airflow/.local/lib/python3.8/site-packages/airflow/example_dags/example_external_task_marker_dag.py
[2023-09-20T22:46:32.849+0000] {logging_mixin.py:151} INFO - [2023-09-20T22:46:32.849+0000] {dag.py:2915} INFO - Sync 2 DAGs
[2023-09-20T22:46:32.875+0000] {logging_mixin.py:151} INFO - [2023-09-20T22:46:32.875+0000] {dag.py:3696} INFO - Setting next_dagrun for example_external_task_marker_child to None, run_after=None
[2023-09-20T22:46:32.882+0000] {logging_mixin.py:151} INFO - [2023-09-20T22:46:32.881+0000] {dag.py:3696} INFO - Setting next_dagrun for example_external_task_marker_parent to None, run_after=None
[2023-09-20T22:46:32.913+0000] {processor.py:179} INFO - Processing /home/airflow/.local/lib/python3.8/site-packages/airflow/example_dags/example_external_task_marker_dag.py took 0.123 seconds
[2023-09-20T22:47:03.365+0000] {processor.py:157} INFO - Started process (PID=2435) to work on /home/airflow/.local/lib/python3.8/site-packages/airflow/example_dags/example_external_task_marker_dag.py
[2023-09-20T22:47:03.367+0000] {processor.py:829} INFO - Processing file /home/airflow/.local/lib/python3.8/site-packages/airflow/example_dags/example_external_task_marker_dag.py for tasks to queue
[2023-09-20T22:47:03.371+0000] {logging_mixin.py:151} INFO - [2023-09-20T22:47:03.370+0000] {dagbag.py:539} INFO - Filling up the DagBag from /home/airflow/.local/lib/python3.8/site-packages/airflow/example_dags/example_external_task_marker_dag.py
[2023-09-20T22:47:03.384+0000] {processor.py:839} INFO - DAG(s) dict_keys(['example_external_task_marker_child', 'example_external_task_marker_parent']) retrieved from /home/airflow/.local/lib/python3.8/site-packages/airflow/example_dags/example_external_task_marker_dag.py
[2023-09-20T22:47:03.416+0000] {logging_mixin.py:151} INFO - [2023-09-20T22:47:03.416+0000] {dag.py:2915} INFO - Sync 2 DAGs
[2023-09-20T22:47:03.434+0000] {logging_mixin.py:151} INFO - [2023-09-20T22:47:03.434+0000] {dag.py:3696} INFO - Setting next_dagrun for example_external_task_marker_child to None, run_after=None
[2023-09-20T22:47:03.440+0000] {logging_mixin.py:151} INFO - [2023-09-20T22:47:03.439+0000] {dag.py:3696} INFO - Setting next_dagrun for example_external_task_marker_parent to None, run_after=None
[2023-09-20T22:47:03.701+0000] {processor.py:179} INFO - Processing /home/airflow/.local/lib/python3.8/site-packages/airflow/example_dags/example_external_task_marker_dag.py took 0.343 seconds
[2023-09-20T22:47:34.307+0000] {processor.py:157} INFO - Started process (PID=2490) to work on /home/airflow/.local/lib/python3.8/site-packages/airflow/example_dags/example_external_task_marker_dag.py
[2023-09-20T22:47:34.309+0000] {processor.py:829} INFO - Processing file /home/airflow/.local/lib/python3.8/site-packages/airflow/example_dags/example_external_task_marker_dag.py for tasks to queue
[2023-09-20T22:47:34.314+0000] {logging_mixin.py:151} INFO - [2023-09-20T22:47:34.313+0000] {dagbag.py:539} INFO - Filling up the DagBag from /home/airflow/.local/lib/python3.8/site-packages/airflow/example_dags/example_external_task_marker_dag.py
[2023-09-20T22:47:34.326+0000] {processor.py:839} INFO - DAG(s) dict_keys(['example_external_task_marker_child', 'example_external_task_marker_parent']) retrieved from /home/airflow/.local/lib/python3.8/site-packages/airflow/example_dags/example_external_task_marker_dag.py
[2023-09-20T22:47:34.361+0000] {logging_mixin.py:151} INFO - [2023-09-20T22:47:34.361+0000] {dag.py:2915} INFO - Sync 2 DAGs
[2023-09-20T22:47:34.380+0000] {logging_mixin.py:151} INFO - [2023-09-20T22:47:34.379+0000] {dag.py:3696} INFO - Setting next_dagrun for example_external_task_marker_child to None, run_after=None
[2023-09-20T22:47:34.385+0000] {logging_mixin.py:151} INFO - [2023-09-20T22:47:34.384+0000] {dag.py:3696} INFO - Setting next_dagrun for example_external_task_marker_parent to None, run_after=None
[2023-09-20T22:47:34.427+0000] {processor.py:179} INFO - Processing /home/airflow/.local/lib/python3.8/site-packages/airflow/example_dags/example_external_task_marker_dag.py took 0.127 seconds
[2023-09-20T22:48:04.741+0000] {processor.py:157} INFO - Started process (PID=2545) to work on /home/airflow/.local/lib/python3.8/site-packages/airflow/example_dags/example_external_task_marker_dag.py
[2023-09-20T22:48:04.742+0000] {processor.py:829} INFO - Processing file /home/airflow/.local/lib/python3.8/site-packages/airflow/example_dags/example_external_task_marker_dag.py for tasks to queue
[2023-09-20T22:48:04.746+0000] {logging_mixin.py:151} INFO - [2023-09-20T22:48:04.745+0000] {dagbag.py:539} INFO - Filling up the DagBag from /home/airflow/.local/lib/python3.8/site-packages/airflow/example_dags/example_external_task_marker_dag.py
[2023-09-20T22:48:04.755+0000] {processor.py:839} INFO - DAG(s) dict_keys(['example_external_task_marker_parent', 'example_external_task_marker_child']) retrieved from /home/airflow/.local/lib/python3.8/site-packages/airflow/example_dags/example_external_task_marker_dag.py
[2023-09-20T22:48:04.790+0000] {logging_mixin.py:151} INFO - [2023-09-20T22:48:04.790+0000] {dag.py:2915} INFO - Sync 2 DAGs
[2023-09-20T22:48:04.813+0000] {logging_mixin.py:151} INFO - [2023-09-20T22:48:04.812+0000] {dag.py:3696} INFO - Setting next_dagrun for example_external_task_marker_child to None, run_after=None
[2023-09-20T22:48:04.818+0000] {logging_mixin.py:151} INFO - [2023-09-20T22:48:04.818+0000] {dag.py:3696} INFO - Setting next_dagrun for example_external_task_marker_parent to None, run_after=None
[2023-09-20T22:48:04.868+0000] {processor.py:179} INFO - Processing /home/airflow/.local/lib/python3.8/site-packages/airflow/example_dags/example_external_task_marker_dag.py took 0.132 seconds
[2023-09-20T22:48:35.369+0000] {processor.py:157} INFO - Started process (PID=2600) to work on /home/airflow/.local/lib/python3.8/site-packages/airflow/example_dags/example_external_task_marker_dag.py
[2023-09-20T22:48:35.372+0000] {processor.py:829} INFO - Processing file /home/airflow/.local/lib/python3.8/site-packages/airflow/example_dags/example_external_task_marker_dag.py for tasks to queue
[2023-09-20T22:48:35.377+0000] {logging_mixin.py:151} INFO - [2023-09-20T22:48:35.376+0000] {dagbag.py:539} INFO - Filling up the DagBag from /home/airflow/.local/lib/python3.8/site-packages/airflow/example_dags/example_external_task_marker_dag.py
[2023-09-20T22:48:35.390+0000] {processor.py:839} INFO - DAG(s) dict_keys(['example_external_task_marker_child', 'example_external_task_marker_parent']) retrieved from /home/airflow/.local/lib/python3.8/site-packages/airflow/example_dags/example_external_task_marker_dag.py
[2023-09-20T22:48:35.432+0000] {logging_mixin.py:151} INFO - [2023-09-20T22:48:35.431+0000] {dag.py:2915} INFO - Sync 2 DAGs
[2023-09-20T22:48:35.451+0000] {logging_mixin.py:151} INFO - [2023-09-20T22:48:35.451+0000] {dag.py:3696} INFO - Setting next_dagrun for example_external_task_marker_child to None, run_after=None
[2023-09-20T22:48:35.456+0000] {logging_mixin.py:151} INFO - [2023-09-20T22:48:35.456+0000] {dag.py:3696} INFO - Setting next_dagrun for example_external_task_marker_parent to None, run_after=None
[2023-09-20T22:48:35.494+0000] {processor.py:179} INFO - Processing /home/airflow/.local/lib/python3.8/site-packages/airflow/example_dags/example_external_task_marker_dag.py took 0.132 seconds
[2023-09-20T22:49:05.986+0000] {processor.py:157} INFO - Started process (PID=2655) to work on /home/airflow/.local/lib/python3.8/site-packages/airflow/example_dags/example_external_task_marker_dag.py
[2023-09-20T22:49:05.987+0000] {processor.py:829} INFO - Processing file /home/airflow/.local/lib/python3.8/site-packages/airflow/example_dags/example_external_task_marker_dag.py for tasks to queue
[2023-09-20T22:49:05.990+0000] {logging_mixin.py:151} INFO - [2023-09-20T22:49:05.990+0000] {dagbag.py:539} INFO - Filling up the DagBag from /home/airflow/.local/lib/python3.8/site-packages/airflow/example_dags/example_external_task_marker_dag.py
[2023-09-20T22:49:05.998+0000] {processor.py:839} INFO - DAG(s) dict_keys(['example_external_task_marker_child', 'example_external_task_marker_parent']) retrieved from /home/airflow/.local/lib/python3.8/site-packages/airflow/example_dags/example_external_task_marker_dag.py
[2023-09-20T22:49:06.029+0000] {logging_mixin.py:151} INFO - [2023-09-20T22:49:06.029+0000] {dag.py:2915} INFO - Sync 2 DAGs
[2023-09-20T22:49:06.046+0000] {logging_mixin.py:151} INFO - [2023-09-20T22:49:06.046+0000] {dag.py:3696} INFO - Setting next_dagrun for example_external_task_marker_child to None, run_after=None
[2023-09-20T22:49:06.051+0000] {logging_mixin.py:151} INFO - [2023-09-20T22:49:06.051+0000] {dag.py:3696} INFO - Setting next_dagrun for example_external_task_marker_parent to None, run_after=None
[2023-09-20T22:49:06.080+0000] {processor.py:179} INFO - Processing /home/airflow/.local/lib/python3.8/site-packages/airflow/example_dags/example_external_task_marker_dag.py took 0.098 seconds
[2023-09-20T22:49:36.885+0000] {processor.py:157} INFO - Started process (PID=2709) to work on /home/airflow/.local/lib/python3.8/site-packages/airflow/example_dags/example_external_task_marker_dag.py
[2023-09-20T22:49:36.886+0000] {processor.py:829} INFO - Processing file /home/airflow/.local/lib/python3.8/site-packages/airflow/example_dags/example_external_task_marker_dag.py for tasks to queue
[2023-09-20T22:49:36.889+0000] {logging_mixin.py:151} INFO - [2023-09-20T22:49:36.889+0000] {dagbag.py:539} INFO - Filling up the DagBag from /home/airflow/.local/lib/python3.8/site-packages/airflow/example_dags/example_external_task_marker_dag.py
[2023-09-20T22:49:36.897+0000] {processor.py:839} INFO - DAG(s) dict_keys(['example_external_task_marker_child', 'example_external_task_marker_parent']) retrieved from /home/airflow/.local/lib/python3.8/site-packages/airflow/example_dags/example_external_task_marker_dag.py
[2023-09-20T22:49:36.931+0000] {logging_mixin.py:151} INFO - [2023-09-20T22:49:36.931+0000] {dag.py:2915} INFO - Sync 2 DAGs
[2023-09-20T22:49:36.950+0000] {logging_mixin.py:151} INFO - [2023-09-20T22:49:36.950+0000] {dag.py:3696} INFO - Setting next_dagrun for example_external_task_marker_child to None, run_after=None
[2023-09-20T22:49:36.956+0000] {logging_mixin.py:151} INFO - [2023-09-20T22:49:36.955+0000] {dag.py:3696} INFO - Setting next_dagrun for example_external_task_marker_parent to None, run_after=None
[2023-09-20T22:49:36.984+0000] {processor.py:179} INFO - Processing /home/airflow/.local/lib/python3.8/site-packages/airflow/example_dags/example_external_task_marker_dag.py took 0.103 seconds
[2023-09-20T22:50:07.567+0000] {processor.py:157} INFO - Started process (PID=2765) to work on /home/airflow/.local/lib/python3.8/site-packages/airflow/example_dags/example_external_task_marker_dag.py
[2023-09-20T22:50:07.569+0000] {processor.py:829} INFO - Processing file /home/airflow/.local/lib/python3.8/site-packages/airflow/example_dags/example_external_task_marker_dag.py for tasks to queue
[2023-09-20T22:50:07.572+0000] {logging_mixin.py:151} INFO - [2023-09-20T22:50:07.572+0000] {dagbag.py:539} INFO - Filling up the DagBag from /home/airflow/.local/lib/python3.8/site-packages/airflow/example_dags/example_external_task_marker_dag.py
[2023-09-20T22:50:07.585+0000] {processor.py:839} INFO - DAG(s) dict_keys(['example_external_task_marker_child', 'example_external_task_marker_parent']) retrieved from /home/airflow/.local/lib/python3.8/site-packages/airflow/example_dags/example_external_task_marker_dag.py
[2023-09-20T22:50:07.629+0000] {logging_mixin.py:151} INFO - [2023-09-20T22:50:07.629+0000] {dag.py:2915} INFO - Sync 2 DAGs
[2023-09-20T22:50:07.652+0000] {logging_mixin.py:151} INFO - [2023-09-20T22:50:07.652+0000] {dag.py:3696} INFO - Setting next_dagrun for example_external_task_marker_child to None, run_after=None
[2023-09-20T22:50:07.658+0000] {logging_mixin.py:151} INFO - [2023-09-20T22:50:07.657+0000] {dag.py:3696} INFO - Setting next_dagrun for example_external_task_marker_parent to None, run_after=None
[2023-09-20T22:50:07.883+0000] {processor.py:179} INFO - Processing /home/airflow/.local/lib/python3.8/site-packages/airflow/example_dags/example_external_task_marker_dag.py took 0.321 seconds
[2023-09-20T22:50:38.739+0000] {processor.py:157} INFO - Started process (PID=2820) to work on /home/airflow/.local/lib/python3.8/site-packages/airflow/example_dags/example_external_task_marker_dag.py
[2023-09-20T22:50:38.740+0000] {processor.py:829} INFO - Processing file /home/airflow/.local/lib/python3.8/site-packages/airflow/example_dags/example_external_task_marker_dag.py for tasks to queue
[2023-09-20T22:50:38.745+0000] {logging_mixin.py:151} INFO - [2023-09-20T22:50:38.744+0000] {dagbag.py:539} INFO - Filling up the DagBag from /home/airflow/.local/lib/python3.8/site-packages/airflow/example_dags/example_external_task_marker_dag.py
[2023-09-20T22:50:38.754+0000] {processor.py:839} INFO - DAG(s) dict_keys(['example_external_task_marker_child', 'example_external_task_marker_parent']) retrieved from /home/airflow/.local/lib/python3.8/site-packages/airflow/example_dags/example_external_task_marker_dag.py
[2023-09-20T22:50:38.801+0000] {logging_mixin.py:151} INFO - [2023-09-20T22:50:38.800+0000] {dag.py:2915} INFO - Sync 2 DAGs
[2023-09-20T22:50:38.832+0000] {logging_mixin.py:151} INFO - [2023-09-20T22:50:38.832+0000] {dag.py:3696} INFO - Setting next_dagrun for example_external_task_marker_child to None, run_after=None
[2023-09-20T22:50:38.840+0000] {logging_mixin.py:151} INFO - [2023-09-20T22:50:38.840+0000] {dag.py:3696} INFO - Setting next_dagrun for example_external_task_marker_parent to None, run_after=None
[2023-09-20T22:50:38.882+0000] {processor.py:179} INFO - Processing /home/airflow/.local/lib/python3.8/site-packages/airflow/example_dags/example_external_task_marker_dag.py took 0.149 seconds
[2023-09-20T22:51:08.989+0000] {processor.py:157} INFO - Started process (PID=2874) to work on /home/airflow/.local/lib/python3.8/site-packages/airflow/example_dags/example_external_task_marker_dag.py
[2023-09-20T22:51:08.991+0000] {processor.py:829} INFO - Processing file /home/airflow/.local/lib/python3.8/site-packages/airflow/example_dags/example_external_task_marker_dag.py for tasks to queue
[2023-09-20T22:51:08.996+0000] {logging_mixin.py:151} INFO - [2023-09-20T22:51:08.995+0000] {dagbag.py:539} INFO - Filling up the DagBag from /home/airflow/.local/lib/python3.8/site-packages/airflow/example_dags/example_external_task_marker_dag.py
[2023-09-20T22:51:09.005+0000] {processor.py:839} INFO - DAG(s) dict_keys(['example_external_task_marker_child', 'example_external_task_marker_parent']) retrieved from /home/airflow/.local/lib/python3.8/site-packages/airflow/example_dags/example_external_task_marker_dag.py
[2023-09-20T22:51:09.043+0000] {logging_mixin.py:151} INFO - [2023-09-20T22:51:09.043+0000] {dag.py:2915} INFO - Sync 2 DAGs
[2023-09-20T22:51:09.061+0000] {logging_mixin.py:151} INFO - [2023-09-20T22:51:09.060+0000] {dag.py:3696} INFO - Setting next_dagrun for example_external_task_marker_child to None, run_after=None
[2023-09-20T22:51:09.067+0000] {logging_mixin.py:151} INFO - [2023-09-20T22:51:09.067+0000] {dag.py:3696} INFO - Setting next_dagrun for example_external_task_marker_parent to None, run_after=None
[2023-09-20T22:51:09.119+0000] {processor.py:179} INFO - Processing /home/airflow/.local/lib/python3.8/site-packages/airflow/example_dags/example_external_task_marker_dag.py took 0.135 seconds
[2023-09-20T22:51:39.402+0000] {processor.py:157} INFO - Started process (PID=2929) to work on /home/airflow/.local/lib/python3.8/site-packages/airflow/example_dags/example_external_task_marker_dag.py
[2023-09-20T22:51:39.405+0000] {processor.py:829} INFO - Processing file /home/airflow/.local/lib/python3.8/site-packages/airflow/example_dags/example_external_task_marker_dag.py for tasks to queue
[2023-09-20T22:51:39.411+0000] {logging_mixin.py:151} INFO - [2023-09-20T22:51:39.410+0000] {dagbag.py:539} INFO - Filling up the DagBag from /home/airflow/.local/lib/python3.8/site-packages/airflow/example_dags/example_external_task_marker_dag.py
[2023-09-20T22:51:39.427+0000] {processor.py:839} INFO - DAG(s) dict_keys(['example_external_task_marker_child', 'example_external_task_marker_parent']) retrieved from /home/airflow/.local/lib/python3.8/site-packages/airflow/example_dags/example_external_task_marker_dag.py
[2023-09-20T22:51:39.490+0000] {logging_mixin.py:151} INFO - [2023-09-20T22:51:39.489+0000] {dag.py:2915} INFO - Sync 2 DAGs
[2023-09-20T22:51:39.519+0000] {logging_mixin.py:151} INFO - [2023-09-20T22:51:39.518+0000] {dag.py:3696} INFO - Setting next_dagrun for example_external_task_marker_child to None, run_after=None
[2023-09-20T22:51:39.528+0000] {logging_mixin.py:151} INFO - [2023-09-20T22:51:39.527+0000] {dag.py:3696} INFO - Setting next_dagrun for example_external_task_marker_parent to None, run_after=None
[2023-09-20T22:51:39.565+0000] {processor.py:179} INFO - Processing /home/airflow/.local/lib/python3.8/site-packages/airflow/example_dags/example_external_task_marker_dag.py took 0.172 seconds
[2023-09-20T23:11:33.511+0000] {processor.py:157} INFO - Started process (PID=61) to work on /home/airflow/.local/lib/python3.8/site-packages/airflow/example_dags/example_external_task_marker_dag.py
[2023-09-20T23:11:33.512+0000] {processor.py:829} INFO - Processing file /home/airflow/.local/lib/python3.8/site-packages/airflow/example_dags/example_external_task_marker_dag.py for tasks to queue
[2023-09-20T23:11:33.517+0000] {logging_mixin.py:151} INFO - [2023-09-20T23:11:33.516+0000] {dagbag.py:539} INFO - Filling up the DagBag from /home/airflow/.local/lib/python3.8/site-packages/airflow/example_dags/example_external_task_marker_dag.py
[2023-09-20T23:11:33.525+0000] {processor.py:839} INFO - DAG(s) dict_keys(['example_external_task_marker_parent', 'example_external_task_marker_child']) retrieved from /home/airflow/.local/lib/python3.8/site-packages/airflow/example_dags/example_external_task_marker_dag.py
[2023-09-20T23:11:33.544+0000] {logging_mixin.py:151} INFO - [2023-09-20T23:11:33.544+0000] {dag.py:2915} INFO - Sync 2 DAGs
[2023-09-20T23:11:33.563+0000] {logging_mixin.py:151} INFO - [2023-09-20T23:11:33.563+0000] {dag.py:3696} INFO - Setting next_dagrun for example_external_task_marker_child to None, run_after=None
[2023-09-20T23:11:33.568+0000] {logging_mixin.py:151} INFO - [2023-09-20T23:11:33.568+0000] {dag.py:3696} INFO - Setting next_dagrun for example_external_task_marker_parent to None, run_after=None
[2023-09-20T23:11:33.606+0000] {processor.py:179} INFO - Processing /home/airflow/.local/lib/python3.8/site-packages/airflow/example_dags/example_external_task_marker_dag.py took 0.100 seconds
[2023-09-20T23:12:04.293+0000] {processor.py:157} INFO - Started process (PID=116) to work on /home/airflow/.local/lib/python3.8/site-packages/airflow/example_dags/example_external_task_marker_dag.py
[2023-09-20T23:12:04.296+0000] {processor.py:829} INFO - Processing file /home/airflow/.local/lib/python3.8/site-packages/airflow/example_dags/example_external_task_marker_dag.py for tasks to queue
[2023-09-20T23:12:04.300+0000] {logging_mixin.py:151} INFO - [2023-09-20T23:12:04.299+0000] {dagbag.py:539} INFO - Filling up the DagBag from /home/airflow/.local/lib/python3.8/site-packages/airflow/example_dags/example_external_task_marker_dag.py
[2023-09-20T23:12:04.312+0000] {processor.py:839} INFO - DAG(s) dict_keys(['example_external_task_marker_child', 'example_external_task_marker_parent']) retrieved from /home/airflow/.local/lib/python3.8/site-packages/airflow/example_dags/example_external_task_marker_dag.py
[2023-09-20T23:12:04.346+0000] {logging_mixin.py:151} INFO - [2023-09-20T23:12:04.346+0000] {dag.py:2915} INFO - Sync 2 DAGs
[2023-09-20T23:12:04.365+0000] {logging_mixin.py:151} INFO - [2023-09-20T23:12:04.365+0000] {dag.py:3696} INFO - Setting next_dagrun for example_external_task_marker_child to None, run_after=None
[2023-09-20T23:12:04.370+0000] {logging_mixin.py:151} INFO - [2023-09-20T23:12:04.370+0000] {dag.py:3696} INFO - Setting next_dagrun for example_external_task_marker_parent to None, run_after=None
[2023-09-20T23:12:04.400+0000] {processor.py:179} INFO - Processing /home/airflow/.local/lib/python3.8/site-packages/airflow/example_dags/example_external_task_marker_dag.py took 0.114 seconds
[2023-09-20T23:12:36.673+0000] {processor.py:157} INFO - Started process (PID=171) to work on /home/airflow/.local/lib/python3.8/site-packages/airflow/example_dags/example_external_task_marker_dag.py
[2023-09-20T23:12:36.675+0000] {processor.py:829} INFO - Processing file /home/airflow/.local/lib/python3.8/site-packages/airflow/example_dags/example_external_task_marker_dag.py for tasks to queue
[2023-09-20T23:12:36.680+0000] {logging_mixin.py:151} INFO - [2023-09-20T23:12:36.679+0000] {dagbag.py:539} INFO - Filling up the DagBag from /home/airflow/.local/lib/python3.8/site-packages/airflow/example_dags/example_external_task_marker_dag.py
[2023-09-20T23:12:36.691+0000] {processor.py:839} INFO - DAG(s) dict_keys(['example_external_task_marker_child', 'example_external_task_marker_parent']) retrieved from /home/airflow/.local/lib/python3.8/site-packages/airflow/example_dags/example_external_task_marker_dag.py
[2023-09-20T23:12:36.727+0000] {logging_mixin.py:151} INFO - [2023-09-20T23:12:36.727+0000] {dag.py:2915} INFO - Sync 2 DAGs
[2023-09-20T23:12:36.749+0000] {logging_mixin.py:151} INFO - [2023-09-20T23:12:36.749+0000] {dag.py:3696} INFO - Setting next_dagrun for example_external_task_marker_child to None, run_after=None
[2023-09-20T23:12:36.756+0000] {logging_mixin.py:151} INFO - [2023-09-20T23:12:36.756+0000] {dag.py:3696} INFO - Setting next_dagrun for example_external_task_marker_parent to None, run_after=None
[2023-09-20T23:12:36.803+0000] {processor.py:179} INFO - Processing /home/airflow/.local/lib/python3.8/site-packages/airflow/example_dags/example_external_task_marker_dag.py took 0.137 seconds
[2023-09-20T23:13:08.022+0000] {processor.py:157} INFO - Started process (PID=226) to work on /home/airflow/.local/lib/python3.8/site-packages/airflow/example_dags/example_external_task_marker_dag.py
[2023-09-20T23:13:08.024+0000] {processor.py:829} INFO - Processing file /home/airflow/.local/lib/python3.8/site-packages/airflow/example_dags/example_external_task_marker_dag.py for tasks to queue
[2023-09-20T23:13:08.028+0000] {logging_mixin.py:151} INFO - [2023-09-20T23:13:08.027+0000] {dagbag.py:539} INFO - Filling up the DagBag from /home/airflow/.local/lib/python3.8/site-packages/airflow/example_dags/example_external_task_marker_dag.py
[2023-09-20T23:13:08.038+0000] {processor.py:839} INFO - DAG(s) dict_keys(['example_external_task_marker_parent', 'example_external_task_marker_child']) retrieved from /home/airflow/.local/lib/python3.8/site-packages/airflow/example_dags/example_external_task_marker_dag.py
[2023-09-20T23:13:08.077+0000] {logging_mixin.py:151} INFO - [2023-09-20T23:13:08.077+0000] {dag.py:2915} INFO - Sync 2 DAGs
[2023-09-20T23:13:08.103+0000] {logging_mixin.py:151} INFO - [2023-09-20T23:13:08.102+0000] {dag.py:3696} INFO - Setting next_dagrun for example_external_task_marker_child to None, run_after=None
[2023-09-20T23:13:08.109+0000] {logging_mixin.py:151} INFO - [2023-09-20T23:13:08.109+0000] {dag.py:3696} INFO - Setting next_dagrun for example_external_task_marker_parent to None, run_after=None
[2023-09-20T23:13:08.151+0000] {processor.py:179} INFO - Processing /home/airflow/.local/lib/python3.8/site-packages/airflow/example_dags/example_external_task_marker_dag.py took 0.134 seconds
