[2023-09-20T22:15:26.592+0000] {processor.py:157} INFO - Started process (PID=32) to work on /home/airflow/.local/lib/python3.8/site-packages/airflow/example_dags/example_local_kubernetes_executor.py
[2023-09-20T22:15:26.598+0000] {processor.py:829} INFO - Processing file /home/airflow/.local/lib/python3.8/site-packages/airflow/example_dags/example_local_kubernetes_executor.py for tasks to queue
[2023-09-20T22:15:26.604+0000] {logging_mixin.py:151} INFO - [2023-09-20T22:15:26.603+0000] {dagbag.py:539} INFO - Filling up the DagBag from /home/airflow/.local/lib/python3.8/site-packages/airflow/example_dags/example_local_kubernetes_executor.py
[2023-09-20T22:15:28.454+0000] {processor.py:839} INFO - DAG(s) dict_keys(['example_local_kubernetes_executor']) retrieved from /home/airflow/.local/lib/python3.8/site-packages/airflow/example_dags/example_local_kubernetes_executor.py
[2023-09-20T22:15:28.490+0000] {logging_mixin.py:151} INFO - [2023-09-20T22:15:28.490+0000] {dag.py:2915} INFO - Sync 1 DAGs
[2023-09-20T22:15:28.507+0000] {logging_mixin.py:151} INFO - [2023-09-20T22:15:28.507+0000] {dag.py:3696} INFO - Setting next_dagrun for example_local_kubernetes_executor to None, run_after=None
[2023-09-20T22:15:28.532+0000] {processor.py:179} INFO - Processing /home/airflow/.local/lib/python3.8/site-packages/airflow/example_dags/example_local_kubernetes_executor.py took 1.944 seconds
[2023-09-20T22:15:58.571+0000] {processor.py:157} INFO - Started process (PID=93) to work on /home/airflow/.local/lib/python3.8/site-packages/airflow/example_dags/example_local_kubernetes_executor.py
[2023-09-20T22:15:58.572+0000] {processor.py:829} INFO - Processing file /home/airflow/.local/lib/python3.8/site-packages/airflow/example_dags/example_local_kubernetes_executor.py for tasks to queue
[2023-09-20T22:15:58.576+0000] {logging_mixin.py:151} INFO - [2023-09-20T22:15:58.576+0000] {dagbag.py:539} INFO - Filling up the DagBag from /home/airflow/.local/lib/python3.8/site-packages/airflow/example_dags/example_local_kubernetes_executor.py
[2023-09-20T22:15:59.025+0000] {processor.py:839} INFO - DAG(s) dict_keys(['example_local_kubernetes_executor']) retrieved from /home/airflow/.local/lib/python3.8/site-packages/airflow/example_dags/example_local_kubernetes_executor.py
[2023-09-20T22:15:59.069+0000] {logging_mixin.py:151} INFO - [2023-09-20T22:15:59.068+0000] {dag.py:2915} INFO - Sync 1 DAGs
[2023-09-20T22:15:59.087+0000] {logging_mixin.py:151} INFO - [2023-09-20T22:15:59.087+0000] {dag.py:3696} INFO - Setting next_dagrun for example_local_kubernetes_executor to None, run_after=None
[2023-09-20T22:15:59.114+0000] {processor.py:179} INFO - Processing /home/airflow/.local/lib/python3.8/site-packages/airflow/example_dags/example_local_kubernetes_executor.py took 0.548 seconds
[2023-09-20T22:16:29.641+0000] {processor.py:157} INFO - Started process (PID=149) to work on /home/airflow/.local/lib/python3.8/site-packages/airflow/example_dags/example_local_kubernetes_executor.py
[2023-09-20T22:16:29.643+0000] {processor.py:829} INFO - Processing file /home/airflow/.local/lib/python3.8/site-packages/airflow/example_dags/example_local_kubernetes_executor.py for tasks to queue
[2023-09-20T22:16:29.647+0000] {logging_mixin.py:151} INFO - [2023-09-20T22:16:29.646+0000] {dagbag.py:539} INFO - Filling up the DagBag from /home/airflow/.local/lib/python3.8/site-packages/airflow/example_dags/example_local_kubernetes_executor.py
[2023-09-20T22:16:29.988+0000] {processor.py:839} INFO - DAG(s) dict_keys(['example_local_kubernetes_executor']) retrieved from /home/airflow/.local/lib/python3.8/site-packages/airflow/example_dags/example_local_kubernetes_executor.py
[2023-09-20T22:16:30.033+0000] {logging_mixin.py:151} INFO - [2023-09-20T22:16:30.032+0000] {dag.py:2915} INFO - Sync 1 DAGs
[2023-09-20T22:16:30.054+0000] {logging_mixin.py:151} INFO - [2023-09-20T22:16:30.053+0000] {dag.py:3696} INFO - Setting next_dagrun for example_local_kubernetes_executor to None, run_after=None
[2023-09-20T22:16:30.088+0000] {processor.py:179} INFO - Processing /home/airflow/.local/lib/python3.8/site-packages/airflow/example_dags/example_local_kubernetes_executor.py took 0.454 seconds
[2023-09-20T22:17:00.654+0000] {processor.py:157} INFO - Started process (PID=204) to work on /home/airflow/.local/lib/python3.8/site-packages/airflow/example_dags/example_local_kubernetes_executor.py
[2023-09-20T22:17:00.657+0000] {processor.py:829} INFO - Processing file /home/airflow/.local/lib/python3.8/site-packages/airflow/example_dags/example_local_kubernetes_executor.py for tasks to queue
[2023-09-20T22:17:00.664+0000] {logging_mixin.py:151} INFO - [2023-09-20T22:17:00.663+0000] {dagbag.py:539} INFO - Filling up the DagBag from /home/airflow/.local/lib/python3.8/site-packages/airflow/example_dags/example_local_kubernetes_executor.py
[2023-09-20T22:17:01.038+0000] {processor.py:839} INFO - DAG(s) dict_keys(['example_local_kubernetes_executor']) retrieved from /home/airflow/.local/lib/python3.8/site-packages/airflow/example_dags/example_local_kubernetes_executor.py
[2023-09-20T22:17:01.082+0000] {logging_mixin.py:151} INFO - [2023-09-20T22:17:01.081+0000] {dag.py:2915} INFO - Sync 1 DAGs
[2023-09-20T22:17:01.103+0000] {logging_mixin.py:151} INFO - [2023-09-20T22:17:01.103+0000] {dag.py:3696} INFO - Setting next_dagrun for example_local_kubernetes_executor to None, run_after=None
[2023-09-20T22:17:01.207+0000] {processor.py:179} INFO - Processing /home/airflow/.local/lib/python3.8/site-packages/airflow/example_dags/example_local_kubernetes_executor.py took 0.560 seconds
[2023-09-20T22:24:57.168+0000] {processor.py:157} INFO - Started process (PID=32) to work on /home/airflow/.local/lib/python3.8/site-packages/airflow/example_dags/example_local_kubernetes_executor.py
[2023-09-20T22:24:57.171+0000] {processor.py:829} INFO - Processing file /home/airflow/.local/lib/python3.8/site-packages/airflow/example_dags/example_local_kubernetes_executor.py for tasks to queue
[2023-09-20T22:24:57.176+0000] {logging_mixin.py:151} INFO - [2023-09-20T22:24:57.176+0000] {dagbag.py:539} INFO - Filling up the DagBag from /home/airflow/.local/lib/python3.8/site-packages/airflow/example_dags/example_local_kubernetes_executor.py
[2023-09-20T22:24:57.862+0000] {processor.py:839} INFO - DAG(s) dict_keys(['example_local_kubernetes_executor']) retrieved from /home/airflow/.local/lib/python3.8/site-packages/airflow/example_dags/example_local_kubernetes_executor.py
[2023-09-20T22:24:57.880+0000] {logging_mixin.py:151} INFO - [2023-09-20T22:24:57.879+0000] {dag.py:2915} INFO - Sync 1 DAGs
[2023-09-20T22:24:57.896+0000] {logging_mixin.py:151} INFO - [2023-09-20T22:24:57.896+0000] {dag.py:3696} INFO - Setting next_dagrun for example_local_kubernetes_executor to None, run_after=None
[2023-09-20T22:24:57.930+0000] {processor.py:179} INFO - Processing /home/airflow/.local/lib/python3.8/site-packages/airflow/example_dags/example_local_kubernetes_executor.py took 0.769 seconds
[2023-09-20T22:25:28.486+0000] {processor.py:157} INFO - Started process (PID=87) to work on /home/airflow/.local/lib/python3.8/site-packages/airflow/example_dags/example_local_kubernetes_executor.py
[2023-09-20T22:25:28.488+0000] {processor.py:829} INFO - Processing file /home/airflow/.local/lib/python3.8/site-packages/airflow/example_dags/example_local_kubernetes_executor.py for tasks to queue
[2023-09-20T22:25:28.492+0000] {logging_mixin.py:151} INFO - [2023-09-20T22:25:28.492+0000] {dagbag.py:539} INFO - Filling up the DagBag from /home/airflow/.local/lib/python3.8/site-packages/airflow/example_dags/example_local_kubernetes_executor.py
[2023-09-20T22:25:28.887+0000] {processor.py:839} INFO - DAG(s) dict_keys(['example_local_kubernetes_executor']) retrieved from /home/airflow/.local/lib/python3.8/site-packages/airflow/example_dags/example_local_kubernetes_executor.py
[2023-09-20T22:25:28.932+0000] {logging_mixin.py:151} INFO - [2023-09-20T22:25:28.931+0000] {dag.py:2915} INFO - Sync 1 DAGs
[2023-09-20T22:25:28.948+0000] {logging_mixin.py:151} INFO - [2023-09-20T22:25:28.948+0000] {dag.py:3696} INFO - Setting next_dagrun for example_local_kubernetes_executor to None, run_after=None
[2023-09-20T22:25:29.018+0000] {processor.py:179} INFO - Processing /home/airflow/.local/lib/python3.8/site-packages/airflow/example_dags/example_local_kubernetes_executor.py took 0.539 seconds
[2023-09-20T22:25:59.191+0000] {processor.py:157} INFO - Started process (PID=142) to work on /home/airflow/.local/lib/python3.8/site-packages/airflow/example_dags/example_local_kubernetes_executor.py
[2023-09-20T22:25:59.194+0000] {processor.py:829} INFO - Processing file /home/airflow/.local/lib/python3.8/site-packages/airflow/example_dags/example_local_kubernetes_executor.py for tasks to queue
[2023-09-20T22:25:59.201+0000] {logging_mixin.py:151} INFO - [2023-09-20T22:25:59.200+0000] {dagbag.py:539} INFO - Filling up the DagBag from /home/airflow/.local/lib/python3.8/site-packages/airflow/example_dags/example_local_kubernetes_executor.py
[2023-09-20T22:25:59.555+0000] {processor.py:839} INFO - DAG(s) dict_keys(['example_local_kubernetes_executor']) retrieved from /home/airflow/.local/lib/python3.8/site-packages/airflow/example_dags/example_local_kubernetes_executor.py
[2023-09-20T22:25:59.606+0000] {logging_mixin.py:151} INFO - [2023-09-20T22:25:59.605+0000] {dag.py:2915} INFO - Sync 1 DAGs
[2023-09-20T22:25:59.624+0000] {logging_mixin.py:151} INFO - [2023-09-20T22:25:59.623+0000] {dag.py:3696} INFO - Setting next_dagrun for example_local_kubernetes_executor to None, run_after=None
[2023-09-20T22:25:59.650+0000] {processor.py:179} INFO - Processing /home/airflow/.local/lib/python3.8/site-packages/airflow/example_dags/example_local_kubernetes_executor.py took 0.468 seconds
[2023-09-20T22:26:30.137+0000] {processor.py:157} INFO - Started process (PID=200) to work on /home/airflow/.local/lib/python3.8/site-packages/airflow/example_dags/example_local_kubernetes_executor.py
[2023-09-20T22:26:30.139+0000] {processor.py:829} INFO - Processing file /home/airflow/.local/lib/python3.8/site-packages/airflow/example_dags/example_local_kubernetes_executor.py for tasks to queue
[2023-09-20T22:26:30.143+0000] {logging_mixin.py:151} INFO - [2023-09-20T22:26:30.142+0000] {dagbag.py:539} INFO - Filling up the DagBag from /home/airflow/.local/lib/python3.8/site-packages/airflow/example_dags/example_local_kubernetes_executor.py
[2023-09-20T22:26:30.516+0000] {processor.py:839} INFO - DAG(s) dict_keys(['example_local_kubernetes_executor']) retrieved from /home/airflow/.local/lib/python3.8/site-packages/airflow/example_dags/example_local_kubernetes_executor.py
[2023-09-20T22:26:30.557+0000] {logging_mixin.py:151} INFO - [2023-09-20T22:26:30.557+0000] {dag.py:2915} INFO - Sync 1 DAGs
[2023-09-20T22:26:30.585+0000] {logging_mixin.py:151} INFO - [2023-09-20T22:26:30.584+0000] {dag.py:3696} INFO - Setting next_dagrun for example_local_kubernetes_executor to None, run_after=None
[2023-09-20T22:26:30.755+0000] {processor.py:179} INFO - Processing /home/airflow/.local/lib/python3.8/site-packages/airflow/example_dags/example_local_kubernetes_executor.py took 0.625 seconds
[2023-09-20T22:27:01.512+0000] {processor.py:157} INFO - Started process (PID=256) to work on /home/airflow/.local/lib/python3.8/site-packages/airflow/example_dags/example_local_kubernetes_executor.py
[2023-09-20T22:27:01.515+0000] {processor.py:829} INFO - Processing file /home/airflow/.local/lib/python3.8/site-packages/airflow/example_dags/example_local_kubernetes_executor.py for tasks to queue
[2023-09-20T22:27:01.520+0000] {logging_mixin.py:151} INFO - [2023-09-20T22:27:01.519+0000] {dagbag.py:539} INFO - Filling up the DagBag from /home/airflow/.local/lib/python3.8/site-packages/airflow/example_dags/example_local_kubernetes_executor.py
[2023-09-20T22:27:01.913+0000] {processor.py:839} INFO - DAG(s) dict_keys(['example_local_kubernetes_executor']) retrieved from /home/airflow/.local/lib/python3.8/site-packages/airflow/example_dags/example_local_kubernetes_executor.py
[2023-09-20T22:27:01.935+0000] {logging_mixin.py:151} INFO - [2023-09-20T22:27:01.934+0000] {dag.py:2915} INFO - Sync 1 DAGs
[2023-09-20T22:27:01.956+0000] {logging_mixin.py:151} INFO - [2023-09-20T22:27:01.955+0000] {dag.py:3696} INFO - Setting next_dagrun for example_local_kubernetes_executor to None, run_after=None
[2023-09-20T22:27:01.994+0000] {processor.py:179} INFO - Processing /home/airflow/.local/lib/python3.8/site-packages/airflow/example_dags/example_local_kubernetes_executor.py took 0.489 seconds
[2023-09-20T22:27:32.351+0000] {processor.py:157} INFO - Started process (PID=311) to work on /home/airflow/.local/lib/python3.8/site-packages/airflow/example_dags/example_local_kubernetes_executor.py
[2023-09-20T22:27:32.353+0000] {processor.py:829} INFO - Processing file /home/airflow/.local/lib/python3.8/site-packages/airflow/example_dags/example_local_kubernetes_executor.py for tasks to queue
[2023-09-20T22:27:32.357+0000] {logging_mixin.py:151} INFO - [2023-09-20T22:27:32.357+0000] {dagbag.py:539} INFO - Filling up the DagBag from /home/airflow/.local/lib/python3.8/site-packages/airflow/example_dags/example_local_kubernetes_executor.py
[2023-09-20T22:27:32.720+0000] {processor.py:839} INFO - DAG(s) dict_keys(['example_local_kubernetes_executor']) retrieved from /home/airflow/.local/lib/python3.8/site-packages/airflow/example_dags/example_local_kubernetes_executor.py
[2023-09-20T22:27:32.767+0000] {logging_mixin.py:151} INFO - [2023-09-20T22:27:32.766+0000] {dag.py:2915} INFO - Sync 1 DAGs
[2023-09-20T22:27:32.784+0000] {logging_mixin.py:151} INFO - [2023-09-20T22:27:32.784+0000] {dag.py:3696} INFO - Setting next_dagrun for example_local_kubernetes_executor to None, run_after=None
[2023-09-20T22:27:32.930+0000] {processor.py:179} INFO - Processing /home/airflow/.local/lib/python3.8/site-packages/airflow/example_dags/example_local_kubernetes_executor.py took 0.586 seconds
[2023-09-20T22:28:03.393+0000] {processor.py:157} INFO - Started process (PID=367) to work on /home/airflow/.local/lib/python3.8/site-packages/airflow/example_dags/example_local_kubernetes_executor.py
[2023-09-20T22:28:03.394+0000] {processor.py:829} INFO - Processing file /home/airflow/.local/lib/python3.8/site-packages/airflow/example_dags/example_local_kubernetes_executor.py for tasks to queue
[2023-09-20T22:28:03.399+0000] {logging_mixin.py:151} INFO - [2023-09-20T22:28:03.398+0000] {dagbag.py:539} INFO - Filling up the DagBag from /home/airflow/.local/lib/python3.8/site-packages/airflow/example_dags/example_local_kubernetes_executor.py
[2023-09-20T22:28:03.729+0000] {processor.py:839} INFO - DAG(s) dict_keys(['example_local_kubernetes_executor']) retrieved from /home/airflow/.local/lib/python3.8/site-packages/airflow/example_dags/example_local_kubernetes_executor.py
[2023-09-20T22:28:03.796+0000] {logging_mixin.py:151} INFO - [2023-09-20T22:28:03.795+0000] {dag.py:2915} INFO - Sync 1 DAGs
[2023-09-20T22:28:03.821+0000] {logging_mixin.py:151} INFO - [2023-09-20T22:28:03.820+0000] {dag.py:3696} INFO - Setting next_dagrun for example_local_kubernetes_executor to None, run_after=None
[2023-09-20T22:28:03.863+0000] {processor.py:179} INFO - Processing /home/airflow/.local/lib/python3.8/site-packages/airflow/example_dags/example_local_kubernetes_executor.py took 0.474 seconds
[2023-09-20T22:28:34.216+0000] {processor.py:157} INFO - Started process (PID=422) to work on /home/airflow/.local/lib/python3.8/site-packages/airflow/example_dags/example_local_kubernetes_executor.py
[2023-09-20T22:28:34.219+0000] {processor.py:829} INFO - Processing file /home/airflow/.local/lib/python3.8/site-packages/airflow/example_dags/example_local_kubernetes_executor.py for tasks to queue
[2023-09-20T22:28:34.225+0000] {logging_mixin.py:151} INFO - [2023-09-20T22:28:34.224+0000] {dagbag.py:539} INFO - Filling up the DagBag from /home/airflow/.local/lib/python3.8/site-packages/airflow/example_dags/example_local_kubernetes_executor.py
[2023-09-20T22:28:34.582+0000] {processor.py:839} INFO - DAG(s) dict_keys(['example_local_kubernetes_executor']) retrieved from /home/airflow/.local/lib/python3.8/site-packages/airflow/example_dags/example_local_kubernetes_executor.py
[2023-09-20T22:28:34.623+0000] {logging_mixin.py:151} INFO - [2023-09-20T22:28:34.623+0000] {dag.py:2915} INFO - Sync 1 DAGs
[2023-09-20T22:28:34.641+0000] {logging_mixin.py:151} INFO - [2023-09-20T22:28:34.641+0000] {dag.py:3696} INFO - Setting next_dagrun for example_local_kubernetes_executor to None, run_after=None
[2023-09-20T22:28:34.671+0000] {processor.py:179} INFO - Processing /home/airflow/.local/lib/python3.8/site-packages/airflow/example_dags/example_local_kubernetes_executor.py took 0.460 seconds
[2023-09-20T22:29:05.099+0000] {processor.py:157} INFO - Started process (PID=477) to work on /home/airflow/.local/lib/python3.8/site-packages/airflow/example_dags/example_local_kubernetes_executor.py
[2023-09-20T22:29:05.100+0000] {processor.py:829} INFO - Processing file /home/airflow/.local/lib/python3.8/site-packages/airflow/example_dags/example_local_kubernetes_executor.py for tasks to queue
[2023-09-20T22:29:05.105+0000] {logging_mixin.py:151} INFO - [2023-09-20T22:29:05.105+0000] {dagbag.py:539} INFO - Filling up the DagBag from /home/airflow/.local/lib/python3.8/site-packages/airflow/example_dags/example_local_kubernetes_executor.py
[2023-09-20T22:29:05.473+0000] {processor.py:839} INFO - DAG(s) dict_keys(['example_local_kubernetes_executor']) retrieved from /home/airflow/.local/lib/python3.8/site-packages/airflow/example_dags/example_local_kubernetes_executor.py
[2023-09-20T22:29:05.519+0000] {logging_mixin.py:151} INFO - [2023-09-20T22:29:05.516+0000] {dag.py:2915} INFO - Sync 1 DAGs
[2023-09-20T22:29:05.537+0000] {logging_mixin.py:151} INFO - [2023-09-20T22:29:05.536+0000] {dag.py:3696} INFO - Setting next_dagrun for example_local_kubernetes_executor to None, run_after=None
[2023-09-20T22:29:05.843+0000] {processor.py:179} INFO - Processing /home/airflow/.local/lib/python3.8/site-packages/airflow/example_dags/example_local_kubernetes_executor.py took 0.749 seconds
[2023-09-20T22:29:36.074+0000] {processor.py:157} INFO - Started process (PID=535) to work on /home/airflow/.local/lib/python3.8/site-packages/airflow/example_dags/example_local_kubernetes_executor.py
[2023-09-20T22:29:36.077+0000] {processor.py:829} INFO - Processing file /home/airflow/.local/lib/python3.8/site-packages/airflow/example_dags/example_local_kubernetes_executor.py for tasks to queue
[2023-09-20T22:29:36.082+0000] {logging_mixin.py:151} INFO - [2023-09-20T22:29:36.081+0000] {dagbag.py:539} INFO - Filling up the DagBag from /home/airflow/.local/lib/python3.8/site-packages/airflow/example_dags/example_local_kubernetes_executor.py
[2023-09-20T22:29:36.429+0000] {processor.py:839} INFO - DAG(s) dict_keys(['example_local_kubernetes_executor']) retrieved from /home/airflow/.local/lib/python3.8/site-packages/airflow/example_dags/example_local_kubernetes_executor.py
[2023-09-20T22:29:36.477+0000] {logging_mixin.py:151} INFO - [2023-09-20T22:29:36.476+0000] {dag.py:2915} INFO - Sync 1 DAGs
[2023-09-20T22:29:36.494+0000] {logging_mixin.py:151} INFO - [2023-09-20T22:29:36.494+0000] {dag.py:3696} INFO - Setting next_dagrun for example_local_kubernetes_executor to None, run_after=None
[2023-09-20T22:29:36.522+0000] {processor.py:179} INFO - Processing /home/airflow/.local/lib/python3.8/site-packages/airflow/example_dags/example_local_kubernetes_executor.py took 0.457 seconds
[2023-09-20T22:30:06.835+0000] {processor.py:157} INFO - Started process (PID=591) to work on /home/airflow/.local/lib/python3.8/site-packages/airflow/example_dags/example_local_kubernetes_executor.py
[2023-09-20T22:30:06.837+0000] {processor.py:829} INFO - Processing file /home/airflow/.local/lib/python3.8/site-packages/airflow/example_dags/example_local_kubernetes_executor.py for tasks to queue
[2023-09-20T22:30:06.840+0000] {logging_mixin.py:151} INFO - [2023-09-20T22:30:06.840+0000] {dagbag.py:539} INFO - Filling up the DagBag from /home/airflow/.local/lib/python3.8/site-packages/airflow/example_dags/example_local_kubernetes_executor.py
[2023-09-20T22:30:07.170+0000] {processor.py:839} INFO - DAG(s) dict_keys(['example_local_kubernetes_executor']) retrieved from /home/airflow/.local/lib/python3.8/site-packages/airflow/example_dags/example_local_kubernetes_executor.py
[2023-09-20T22:30:07.220+0000] {logging_mixin.py:151} INFO - [2023-09-20T22:30:07.220+0000] {dag.py:2915} INFO - Sync 1 DAGs
[2023-09-20T22:30:07.244+0000] {logging_mixin.py:151} INFO - [2023-09-20T22:30:07.243+0000] {dag.py:3696} INFO - Setting next_dagrun for example_local_kubernetes_executor to None, run_after=None
[2023-09-20T22:30:07.296+0000] {processor.py:179} INFO - Processing /home/airflow/.local/lib/python3.8/site-packages/airflow/example_dags/example_local_kubernetes_executor.py took 0.465 seconds
[2023-09-20T22:30:37.444+0000] {processor.py:157} INFO - Started process (PID=642) to work on /home/airflow/.local/lib/python3.8/site-packages/airflow/example_dags/example_local_kubernetes_executor.py
[2023-09-20T22:30:37.445+0000] {processor.py:829} INFO - Processing file /home/airflow/.local/lib/python3.8/site-packages/airflow/example_dags/example_local_kubernetes_executor.py for tasks to queue
[2023-09-20T22:30:37.449+0000] {logging_mixin.py:151} INFO - [2023-09-20T22:30:37.448+0000] {dagbag.py:539} INFO - Filling up the DagBag from /home/airflow/.local/lib/python3.8/site-packages/airflow/example_dags/example_local_kubernetes_executor.py
[2023-09-20T22:30:37.795+0000] {processor.py:839} INFO - DAG(s) dict_keys(['example_local_kubernetes_executor']) retrieved from /home/airflow/.local/lib/python3.8/site-packages/airflow/example_dags/example_local_kubernetes_executor.py
[2023-09-20T22:30:37.840+0000] {logging_mixin.py:151} INFO - [2023-09-20T22:30:37.837+0000] {dag.py:2915} INFO - Sync 1 DAGs
[2023-09-20T22:30:37.856+0000] {logging_mixin.py:151} INFO - [2023-09-20T22:30:37.856+0000] {dag.py:3696} INFO - Setting next_dagrun for example_local_kubernetes_executor to None, run_after=None
[2023-09-20T22:30:37.887+0000] {processor.py:179} INFO - Processing /home/airflow/.local/lib/python3.8/site-packages/airflow/example_dags/example_local_kubernetes_executor.py took 0.452 seconds
[2023-09-20T22:31:08.224+0000] {processor.py:157} INFO - Started process (PID=697) to work on /home/airflow/.local/lib/python3.8/site-packages/airflow/example_dags/example_local_kubernetes_executor.py
[2023-09-20T22:31:08.227+0000] {processor.py:829} INFO - Processing file /home/airflow/.local/lib/python3.8/site-packages/airflow/example_dags/example_local_kubernetes_executor.py for tasks to queue
[2023-09-20T22:31:08.233+0000] {logging_mixin.py:151} INFO - [2023-09-20T22:31:08.232+0000] {dagbag.py:539} INFO - Filling up the DagBag from /home/airflow/.local/lib/python3.8/site-packages/airflow/example_dags/example_local_kubernetes_executor.py
[2023-09-20T22:31:08.614+0000] {processor.py:839} INFO - DAG(s) dict_keys(['example_local_kubernetes_executor']) retrieved from /home/airflow/.local/lib/python3.8/site-packages/airflow/example_dags/example_local_kubernetes_executor.py
[2023-09-20T22:31:08.665+0000] {logging_mixin.py:151} INFO - [2023-09-20T22:31:08.664+0000] {dag.py:2915} INFO - Sync 1 DAGs
[2023-09-20T22:31:08.689+0000] {logging_mixin.py:151} INFO - [2023-09-20T22:31:08.689+0000] {dag.py:3696} INFO - Setting next_dagrun for example_local_kubernetes_executor to None, run_after=None
[2023-09-20T22:31:08.726+0000] {processor.py:179} INFO - Processing /home/airflow/.local/lib/python3.8/site-packages/airflow/example_dags/example_local_kubernetes_executor.py took 0.511 seconds
[2023-09-20T22:31:39.328+0000] {processor.py:157} INFO - Started process (PID=752) to work on /home/airflow/.local/lib/python3.8/site-packages/airflow/example_dags/example_local_kubernetes_executor.py
[2023-09-20T22:31:39.331+0000] {processor.py:829} INFO - Processing file /home/airflow/.local/lib/python3.8/site-packages/airflow/example_dags/example_local_kubernetes_executor.py for tasks to queue
[2023-09-20T22:31:39.337+0000] {logging_mixin.py:151} INFO - [2023-09-20T22:31:39.336+0000] {dagbag.py:539} INFO - Filling up the DagBag from /home/airflow/.local/lib/python3.8/site-packages/airflow/example_dags/example_local_kubernetes_executor.py
[2023-09-20T22:31:39.713+0000] {processor.py:839} INFO - DAG(s) dict_keys(['example_local_kubernetes_executor']) retrieved from /home/airflow/.local/lib/python3.8/site-packages/airflow/example_dags/example_local_kubernetes_executor.py
[2023-09-20T22:31:39.756+0000] {logging_mixin.py:151} INFO - [2023-09-20T22:31:39.755+0000] {dag.py:2915} INFO - Sync 1 DAGs
[2023-09-20T22:31:39.773+0000] {logging_mixin.py:151} INFO - [2023-09-20T22:31:39.772+0000] {dag.py:3696} INFO - Setting next_dagrun for example_local_kubernetes_executor to None, run_after=None
[2023-09-20T22:31:39.824+0000] {processor.py:179} INFO - Processing /home/airflow/.local/lib/python3.8/site-packages/airflow/example_dags/example_local_kubernetes_executor.py took 0.505 seconds
[2023-09-20T22:32:10.129+0000] {processor.py:157} INFO - Started process (PID=810) to work on /home/airflow/.local/lib/python3.8/site-packages/airflow/example_dags/example_local_kubernetes_executor.py
[2023-09-20T22:32:10.131+0000] {processor.py:829} INFO - Processing file /home/airflow/.local/lib/python3.8/site-packages/airflow/example_dags/example_local_kubernetes_executor.py for tasks to queue
[2023-09-20T22:32:10.136+0000] {logging_mixin.py:151} INFO - [2023-09-20T22:32:10.136+0000] {dagbag.py:539} INFO - Filling up the DagBag from /home/airflow/.local/lib/python3.8/site-packages/airflow/example_dags/example_local_kubernetes_executor.py
[2023-09-20T22:32:10.503+0000] {processor.py:839} INFO - DAG(s) dict_keys(['example_local_kubernetes_executor']) retrieved from /home/airflow/.local/lib/python3.8/site-packages/airflow/example_dags/example_local_kubernetes_executor.py
[2023-09-20T22:32:10.554+0000] {logging_mixin.py:151} INFO - [2023-09-20T22:32:10.554+0000] {dag.py:2915} INFO - Sync 1 DAGs
[2023-09-20T22:32:10.577+0000] {logging_mixin.py:151} INFO - [2023-09-20T22:32:10.577+0000] {dag.py:3696} INFO - Setting next_dagrun for example_local_kubernetes_executor to None, run_after=None
[2023-09-20T22:32:10.614+0000] {processor.py:179} INFO - Processing /home/airflow/.local/lib/python3.8/site-packages/airflow/example_dags/example_local_kubernetes_executor.py took 0.492 seconds
[2023-09-20T22:32:41.040+0000] {processor.py:157} INFO - Started process (PID=866) to work on /home/airflow/.local/lib/python3.8/site-packages/airflow/example_dags/example_local_kubernetes_executor.py
[2023-09-20T22:32:41.042+0000] {processor.py:829} INFO - Processing file /home/airflow/.local/lib/python3.8/site-packages/airflow/example_dags/example_local_kubernetes_executor.py for tasks to queue
[2023-09-20T22:32:41.047+0000] {logging_mixin.py:151} INFO - [2023-09-20T22:32:41.047+0000] {dagbag.py:539} INFO - Filling up the DagBag from /home/airflow/.local/lib/python3.8/site-packages/airflow/example_dags/example_local_kubernetes_executor.py
[2023-09-20T22:32:41.408+0000] {processor.py:839} INFO - DAG(s) dict_keys(['example_local_kubernetes_executor']) retrieved from /home/airflow/.local/lib/python3.8/site-packages/airflow/example_dags/example_local_kubernetes_executor.py
[2023-09-20T22:32:41.468+0000] {logging_mixin.py:151} INFO - [2023-09-20T22:32:41.467+0000] {dag.py:2915} INFO - Sync 1 DAGs
[2023-09-20T22:32:41.487+0000] {logging_mixin.py:151} INFO - [2023-09-20T22:32:41.487+0000] {dag.py:3696} INFO - Setting next_dagrun for example_local_kubernetes_executor to None, run_after=None
[2023-09-20T22:32:41.550+0000] {processor.py:179} INFO - Processing /home/airflow/.local/lib/python3.8/site-packages/airflow/example_dags/example_local_kubernetes_executor.py took 0.519 seconds
[2023-09-20T22:33:11.941+0000] {processor.py:157} INFO - Started process (PID=923) to work on /home/airflow/.local/lib/python3.8/site-packages/airflow/example_dags/example_local_kubernetes_executor.py
[2023-09-20T22:33:11.942+0000] {processor.py:829} INFO - Processing file /home/airflow/.local/lib/python3.8/site-packages/airflow/example_dags/example_local_kubernetes_executor.py for tasks to queue
[2023-09-20T22:33:11.945+0000] {logging_mixin.py:151} INFO - [2023-09-20T22:33:11.945+0000] {dagbag.py:539} INFO - Filling up the DagBag from /home/airflow/.local/lib/python3.8/site-packages/airflow/example_dags/example_local_kubernetes_executor.py
[2023-09-20T22:33:12.282+0000] {processor.py:839} INFO - DAG(s) dict_keys(['example_local_kubernetes_executor']) retrieved from /home/airflow/.local/lib/python3.8/site-packages/airflow/example_dags/example_local_kubernetes_executor.py
[2023-09-20T22:33:12.322+0000] {logging_mixin.py:151} INFO - [2023-09-20T22:33:12.321+0000] {dag.py:2915} INFO - Sync 1 DAGs
[2023-09-20T22:33:12.337+0000] {logging_mixin.py:151} INFO - [2023-09-20T22:33:12.337+0000] {dag.py:3696} INFO - Setting next_dagrun for example_local_kubernetes_executor to None, run_after=None
[2023-09-20T22:33:12.364+0000] {processor.py:179} INFO - Processing /home/airflow/.local/lib/python3.8/site-packages/airflow/example_dags/example_local_kubernetes_executor.py took 0.428 seconds
[2023-09-20T22:33:42.599+0000] {processor.py:157} INFO - Started process (PID=980) to work on /home/airflow/.local/lib/python3.8/site-packages/airflow/example_dags/example_local_kubernetes_executor.py
[2023-09-20T22:33:42.602+0000] {processor.py:829} INFO - Processing file /home/airflow/.local/lib/python3.8/site-packages/airflow/example_dags/example_local_kubernetes_executor.py for tasks to queue
[2023-09-20T22:33:42.608+0000] {logging_mixin.py:151} INFO - [2023-09-20T22:33:42.606+0000] {dagbag.py:539} INFO - Filling up the DagBag from /home/airflow/.local/lib/python3.8/site-packages/airflow/example_dags/example_local_kubernetes_executor.py
[2023-09-20T22:33:42.917+0000] {processor.py:839} INFO - DAG(s) dict_keys(['example_local_kubernetes_executor']) retrieved from /home/airflow/.local/lib/python3.8/site-packages/airflow/example_dags/example_local_kubernetes_executor.py
[2023-09-20T22:33:42.986+0000] {logging_mixin.py:151} INFO - [2023-09-20T22:33:42.985+0000] {dag.py:2915} INFO - Sync 1 DAGs
[2023-09-20T22:33:43.013+0000] {logging_mixin.py:151} INFO - [2023-09-20T22:33:43.012+0000] {dag.py:3696} INFO - Setting next_dagrun for example_local_kubernetes_executor to None, run_after=None
[2023-09-20T22:33:43.057+0000] {processor.py:179} INFO - Processing /home/airflow/.local/lib/python3.8/site-packages/airflow/example_dags/example_local_kubernetes_executor.py took 0.467 seconds
[2023-09-20T22:34:13.672+0000] {processor.py:157} INFO - Started process (PID=1035) to work on /home/airflow/.local/lib/python3.8/site-packages/airflow/example_dags/example_local_kubernetes_executor.py
[2023-09-20T22:34:13.676+0000] {processor.py:829} INFO - Processing file /home/airflow/.local/lib/python3.8/site-packages/airflow/example_dags/example_local_kubernetes_executor.py for tasks to queue
[2023-09-20T22:34:13.685+0000] {logging_mixin.py:151} INFO - [2023-09-20T22:34:13.684+0000] {dagbag.py:539} INFO - Filling up the DagBag from /home/airflow/.local/lib/python3.8/site-packages/airflow/example_dags/example_local_kubernetes_executor.py
[2023-09-20T22:34:14.043+0000] {processor.py:839} INFO - DAG(s) dict_keys(['example_local_kubernetes_executor']) retrieved from /home/airflow/.local/lib/python3.8/site-packages/airflow/example_dags/example_local_kubernetes_executor.py
[2023-09-20T22:34:14.084+0000] {logging_mixin.py:151} INFO - [2023-09-20T22:34:14.083+0000] {dag.py:2915} INFO - Sync 1 DAGs
[2023-09-20T22:34:14.100+0000] {logging_mixin.py:151} INFO - [2023-09-20T22:34:14.100+0000] {dag.py:3696} INFO - Setting next_dagrun for example_local_kubernetes_executor to None, run_after=None
[2023-09-20T22:34:14.129+0000] {processor.py:179} INFO - Processing /home/airflow/.local/lib/python3.8/site-packages/airflow/example_dags/example_local_kubernetes_executor.py took 0.466 seconds
[2023-09-20T22:34:44.685+0000] {processor.py:157} INFO - Started process (PID=1090) to work on /home/airflow/.local/lib/python3.8/site-packages/airflow/example_dags/example_local_kubernetes_executor.py
[2023-09-20T22:34:44.688+0000] {processor.py:829} INFO - Processing file /home/airflow/.local/lib/python3.8/site-packages/airflow/example_dags/example_local_kubernetes_executor.py for tasks to queue
[2023-09-20T22:34:44.696+0000] {logging_mixin.py:151} INFO - [2023-09-20T22:34:44.695+0000] {dagbag.py:539} INFO - Filling up the DagBag from /home/airflow/.local/lib/python3.8/site-packages/airflow/example_dags/example_local_kubernetes_executor.py
[2023-09-20T22:34:45.042+0000] {processor.py:839} INFO - DAG(s) dict_keys(['example_local_kubernetes_executor']) retrieved from /home/airflow/.local/lib/python3.8/site-packages/airflow/example_dags/example_local_kubernetes_executor.py
[2023-09-20T22:34:45.090+0000] {logging_mixin.py:151} INFO - [2023-09-20T22:34:45.089+0000] {dag.py:2915} INFO - Sync 1 DAGs
[2023-09-20T22:34:45.108+0000] {logging_mixin.py:151} INFO - [2023-09-20T22:34:45.108+0000] {dag.py:3696} INFO - Setting next_dagrun for example_local_kubernetes_executor to None, run_after=None
[2023-09-20T22:34:45.133+0000] {processor.py:179} INFO - Processing /home/airflow/.local/lib/python3.8/site-packages/airflow/example_dags/example_local_kubernetes_executor.py took 0.459 seconds
[2023-09-20T22:35:15.341+0000] {processor.py:157} INFO - Started process (PID=1145) to work on /home/airflow/.local/lib/python3.8/site-packages/airflow/example_dags/example_local_kubernetes_executor.py
[2023-09-20T22:35:15.342+0000] {processor.py:829} INFO - Processing file /home/airflow/.local/lib/python3.8/site-packages/airflow/example_dags/example_local_kubernetes_executor.py for tasks to queue
[2023-09-20T22:35:15.347+0000] {logging_mixin.py:151} INFO - [2023-09-20T22:35:15.347+0000] {dagbag.py:539} INFO - Filling up the DagBag from /home/airflow/.local/lib/python3.8/site-packages/airflow/example_dags/example_local_kubernetes_executor.py
[2023-09-20T22:35:15.667+0000] {processor.py:839} INFO - DAG(s) dict_keys(['example_local_kubernetes_executor']) retrieved from /home/airflow/.local/lib/python3.8/site-packages/airflow/example_dags/example_local_kubernetes_executor.py
[2023-09-20T22:35:15.710+0000] {logging_mixin.py:151} INFO - [2023-09-20T22:35:15.709+0000] {dag.py:2915} INFO - Sync 1 DAGs
[2023-09-20T22:35:15.728+0000] {logging_mixin.py:151} INFO - [2023-09-20T22:35:15.728+0000] {dag.py:3696} INFO - Setting next_dagrun for example_local_kubernetes_executor to None, run_after=None
[2023-09-20T22:35:15.762+0000] {processor.py:179} INFO - Processing /home/airflow/.local/lib/python3.8/site-packages/airflow/example_dags/example_local_kubernetes_executor.py took 0.425 seconds
[2023-09-20T22:35:45.952+0000] {processor.py:157} INFO - Started process (PID=1202) to work on /home/airflow/.local/lib/python3.8/site-packages/airflow/example_dags/example_local_kubernetes_executor.py
[2023-09-20T22:35:45.955+0000] {processor.py:829} INFO - Processing file /home/airflow/.local/lib/python3.8/site-packages/airflow/example_dags/example_local_kubernetes_executor.py for tasks to queue
[2023-09-20T22:35:45.963+0000] {logging_mixin.py:151} INFO - [2023-09-20T22:35:45.963+0000] {dagbag.py:539} INFO - Filling up the DagBag from /home/airflow/.local/lib/python3.8/site-packages/airflow/example_dags/example_local_kubernetes_executor.py
[2023-09-20T22:35:46.320+0000] {processor.py:839} INFO - DAG(s) dict_keys(['example_local_kubernetes_executor']) retrieved from /home/airflow/.local/lib/python3.8/site-packages/airflow/example_dags/example_local_kubernetes_executor.py
[2023-09-20T22:35:46.360+0000] {logging_mixin.py:151} INFO - [2023-09-20T22:35:46.360+0000] {dag.py:2915} INFO - Sync 1 DAGs
[2023-09-20T22:35:46.376+0000] {logging_mixin.py:151} INFO - [2023-09-20T22:35:46.376+0000] {dag.py:3696} INFO - Setting next_dagrun for example_local_kubernetes_executor to None, run_after=None
[2023-09-20T22:35:46.407+0000] {processor.py:179} INFO - Processing /home/airflow/.local/lib/python3.8/site-packages/airflow/example_dags/example_local_kubernetes_executor.py took 0.465 seconds
[2023-09-20T22:36:16.593+0000] {processor.py:157} INFO - Started process (PID=1259) to work on /home/airflow/.local/lib/python3.8/site-packages/airflow/example_dags/example_local_kubernetes_executor.py
[2023-09-20T22:36:16.596+0000] {processor.py:829} INFO - Processing file /home/airflow/.local/lib/python3.8/site-packages/airflow/example_dags/example_local_kubernetes_executor.py for tasks to queue
[2023-09-20T22:36:16.605+0000] {logging_mixin.py:151} INFO - [2023-09-20T22:36:16.604+0000] {dagbag.py:539} INFO - Filling up the DagBag from /home/airflow/.local/lib/python3.8/site-packages/airflow/example_dags/example_local_kubernetes_executor.py
[2023-09-20T22:36:16.953+0000] {processor.py:839} INFO - DAG(s) dict_keys(['example_local_kubernetes_executor']) retrieved from /home/airflow/.local/lib/python3.8/site-packages/airflow/example_dags/example_local_kubernetes_executor.py
[2023-09-20T22:36:16.995+0000] {logging_mixin.py:151} INFO - [2023-09-20T22:36:16.994+0000] {dag.py:2915} INFO - Sync 1 DAGs
[2023-09-20T22:36:17.011+0000] {logging_mixin.py:151} INFO - [2023-09-20T22:36:17.010+0000] {dag.py:3696} INFO - Setting next_dagrun for example_local_kubernetes_executor to None, run_after=None
[2023-09-20T22:36:17.036+0000] {processor.py:179} INFO - Processing /home/airflow/.local/lib/python3.8/site-packages/airflow/example_dags/example_local_kubernetes_executor.py took 0.455 seconds
[2023-09-20T22:36:47.173+0000] {processor.py:157} INFO - Started process (PID=1314) to work on /home/airflow/.local/lib/python3.8/site-packages/airflow/example_dags/example_local_kubernetes_executor.py
[2023-09-20T22:36:47.175+0000] {processor.py:829} INFO - Processing file /home/airflow/.local/lib/python3.8/site-packages/airflow/example_dags/example_local_kubernetes_executor.py for tasks to queue
[2023-09-20T22:36:47.182+0000] {logging_mixin.py:151} INFO - [2023-09-20T22:36:47.181+0000] {dagbag.py:539} INFO - Filling up the DagBag from /home/airflow/.local/lib/python3.8/site-packages/airflow/example_dags/example_local_kubernetes_executor.py
[2023-09-20T22:36:47.502+0000] {processor.py:839} INFO - DAG(s) dict_keys(['example_local_kubernetes_executor']) retrieved from /home/airflow/.local/lib/python3.8/site-packages/airflow/example_dags/example_local_kubernetes_executor.py
[2023-09-20T22:36:47.586+0000] {logging_mixin.py:151} INFO - [2023-09-20T22:36:47.585+0000] {dag.py:2915} INFO - Sync 1 DAGs
[2023-09-20T22:36:47.608+0000] {logging_mixin.py:151} INFO - [2023-09-20T22:36:47.608+0000] {dag.py:3696} INFO - Setting next_dagrun for example_local_kubernetes_executor to None, run_after=None
[2023-09-20T22:36:47.650+0000] {processor.py:179} INFO - Processing /home/airflow/.local/lib/python3.8/site-packages/airflow/example_dags/example_local_kubernetes_executor.py took 0.487 seconds
[2023-09-20T22:37:18.255+0000] {processor.py:157} INFO - Started process (PID=1370) to work on /home/airflow/.local/lib/python3.8/site-packages/airflow/example_dags/example_local_kubernetes_executor.py
[2023-09-20T22:37:18.257+0000] {processor.py:829} INFO - Processing file /home/airflow/.local/lib/python3.8/site-packages/airflow/example_dags/example_local_kubernetes_executor.py for tasks to queue
[2023-09-20T22:37:18.264+0000] {logging_mixin.py:151} INFO - [2023-09-20T22:37:18.263+0000] {dagbag.py:539} INFO - Filling up the DagBag from /home/airflow/.local/lib/python3.8/site-packages/airflow/example_dags/example_local_kubernetes_executor.py
[2023-09-20T22:37:18.609+0000] {processor.py:839} INFO - DAG(s) dict_keys(['example_local_kubernetes_executor']) retrieved from /home/airflow/.local/lib/python3.8/site-packages/airflow/example_dags/example_local_kubernetes_executor.py
[2023-09-20T22:37:18.655+0000] {logging_mixin.py:151} INFO - [2023-09-20T22:37:18.654+0000] {dag.py:2915} INFO - Sync 1 DAGs
[2023-09-20T22:37:18.671+0000] {logging_mixin.py:151} INFO - [2023-09-20T22:37:18.671+0000] {dag.py:3696} INFO - Setting next_dagrun for example_local_kubernetes_executor to None, run_after=None
[2023-09-20T22:37:18.809+0000] {processor.py:179} INFO - Processing /home/airflow/.local/lib/python3.8/site-packages/airflow/example_dags/example_local_kubernetes_executor.py took 0.559 seconds
[2023-09-20T22:37:49.069+0000] {processor.py:157} INFO - Started process (PID=1425) to work on /home/airflow/.local/lib/python3.8/site-packages/airflow/example_dags/example_local_kubernetes_executor.py
[2023-09-20T22:37:49.072+0000] {processor.py:829} INFO - Processing file /home/airflow/.local/lib/python3.8/site-packages/airflow/example_dags/example_local_kubernetes_executor.py for tasks to queue
[2023-09-20T22:37:49.078+0000] {logging_mixin.py:151} INFO - [2023-09-20T22:37:49.077+0000] {dagbag.py:539} INFO - Filling up the DagBag from /home/airflow/.local/lib/python3.8/site-packages/airflow/example_dags/example_local_kubernetes_executor.py
[2023-09-20T22:37:49.418+0000] {processor.py:839} INFO - DAG(s) dict_keys(['example_local_kubernetes_executor']) retrieved from /home/airflow/.local/lib/python3.8/site-packages/airflow/example_dags/example_local_kubernetes_executor.py
[2023-09-20T22:37:49.460+0000] {logging_mixin.py:151} INFO - [2023-09-20T22:37:49.460+0000] {dag.py:2915} INFO - Sync 1 DAGs
[2023-09-20T22:37:49.479+0000] {logging_mixin.py:151} INFO - [2023-09-20T22:37:49.479+0000] {dag.py:3696} INFO - Setting next_dagrun for example_local_kubernetes_executor to None, run_after=None
[2023-09-20T22:37:49.507+0000] {processor.py:179} INFO - Processing /home/airflow/.local/lib/python3.8/site-packages/airflow/example_dags/example_local_kubernetes_executor.py took 0.447 seconds
[2023-09-20T22:38:19.609+0000] {processor.py:157} INFO - Started process (PID=1480) to work on /home/airflow/.local/lib/python3.8/site-packages/airflow/example_dags/example_local_kubernetes_executor.py
[2023-09-20T22:38:19.611+0000] {processor.py:829} INFO - Processing file /home/airflow/.local/lib/python3.8/site-packages/airflow/example_dags/example_local_kubernetes_executor.py for tasks to queue
[2023-09-20T22:38:19.618+0000] {logging_mixin.py:151} INFO - [2023-09-20T22:38:19.617+0000] {dagbag.py:539} INFO - Filling up the DagBag from /home/airflow/.local/lib/python3.8/site-packages/airflow/example_dags/example_local_kubernetes_executor.py
[2023-09-20T22:38:19.960+0000] {processor.py:839} INFO - DAG(s) dict_keys(['example_local_kubernetes_executor']) retrieved from /home/airflow/.local/lib/python3.8/site-packages/airflow/example_dags/example_local_kubernetes_executor.py
[2023-09-20T22:38:20.001+0000] {logging_mixin.py:151} INFO - [2023-09-20T22:38:20.000+0000] {dag.py:2915} INFO - Sync 1 DAGs
[2023-09-20T22:38:20.017+0000] {logging_mixin.py:151} INFO - [2023-09-20T22:38:20.017+0000] {dag.py:3696} INFO - Setting next_dagrun for example_local_kubernetes_executor to None, run_after=None
[2023-09-20T22:38:20.042+0000] {processor.py:179} INFO - Processing /home/airflow/.local/lib/python3.8/site-packages/airflow/example_dags/example_local_kubernetes_executor.py took 0.447 seconds
[2023-09-20T22:38:50.146+0000] {processor.py:157} INFO - Started process (PID=1537) to work on /home/airflow/.local/lib/python3.8/site-packages/airflow/example_dags/example_local_kubernetes_executor.py
[2023-09-20T22:38:50.148+0000] {processor.py:829} INFO - Processing file /home/airflow/.local/lib/python3.8/site-packages/airflow/example_dags/example_local_kubernetes_executor.py for tasks to queue
[2023-09-20T22:38:50.151+0000] {logging_mixin.py:151} INFO - [2023-09-20T22:38:50.151+0000] {dagbag.py:539} INFO - Filling up the DagBag from /home/airflow/.local/lib/python3.8/site-packages/airflow/example_dags/example_local_kubernetes_executor.py
[2023-09-20T22:38:50.471+0000] {processor.py:839} INFO - DAG(s) dict_keys(['example_local_kubernetes_executor']) retrieved from /home/airflow/.local/lib/python3.8/site-packages/airflow/example_dags/example_local_kubernetes_executor.py
[2023-09-20T22:38:50.519+0000] {logging_mixin.py:151} INFO - [2023-09-20T22:38:50.518+0000] {dag.py:2915} INFO - Sync 1 DAGs
[2023-09-20T22:38:50.537+0000] {logging_mixin.py:151} INFO - [2023-09-20T22:38:50.537+0000] {dag.py:3696} INFO - Setting next_dagrun for example_local_kubernetes_executor to None, run_after=None
[2023-09-20T22:38:50.564+0000] {processor.py:179} INFO - Processing /home/airflow/.local/lib/python3.8/site-packages/airflow/example_dags/example_local_kubernetes_executor.py took 0.421 seconds
[2023-09-20T22:39:21.528+0000] {processor.py:157} INFO - Started process (PID=1592) to work on /home/airflow/.local/lib/python3.8/site-packages/airflow/example_dags/example_local_kubernetes_executor.py
[2023-09-20T22:39:21.531+0000] {processor.py:829} INFO - Processing file /home/airflow/.local/lib/python3.8/site-packages/airflow/example_dags/example_local_kubernetes_executor.py for tasks to queue
[2023-09-20T22:39:21.540+0000] {logging_mixin.py:151} INFO - [2023-09-20T22:39:21.538+0000] {dagbag.py:539} INFO - Filling up the DagBag from /home/airflow/.local/lib/python3.8/site-packages/airflow/example_dags/example_local_kubernetes_executor.py
[2023-09-20T22:39:21.934+0000] {processor.py:839} INFO - DAG(s) dict_keys(['example_local_kubernetes_executor']) retrieved from /home/airflow/.local/lib/python3.8/site-packages/airflow/example_dags/example_local_kubernetes_executor.py
[2023-09-20T22:39:21.982+0000] {logging_mixin.py:151} INFO - [2023-09-20T22:39:21.981+0000] {dag.py:2915} INFO - Sync 1 DAGs
[2023-09-20T22:39:21.998+0000] {logging_mixin.py:151} INFO - [2023-09-20T22:39:21.998+0000] {dag.py:3696} INFO - Setting next_dagrun for example_local_kubernetes_executor to None, run_after=None
[2023-09-20T22:39:22.028+0000] {processor.py:179} INFO - Processing /home/airflow/.local/lib/python3.8/site-packages/airflow/example_dags/example_local_kubernetes_executor.py took 0.509 seconds
[2023-09-20T22:39:52.341+0000] {processor.py:157} INFO - Started process (PID=1648) to work on /home/airflow/.local/lib/python3.8/site-packages/airflow/example_dags/example_local_kubernetes_executor.py
[2023-09-20T22:39:52.343+0000] {processor.py:829} INFO - Processing file /home/airflow/.local/lib/python3.8/site-packages/airflow/example_dags/example_local_kubernetes_executor.py for tasks to queue
[2023-09-20T22:39:52.348+0000] {logging_mixin.py:151} INFO - [2023-09-20T22:39:52.347+0000] {dagbag.py:539} INFO - Filling up the DagBag from /home/airflow/.local/lib/python3.8/site-packages/airflow/example_dags/example_local_kubernetes_executor.py
[2023-09-20T22:39:52.703+0000] {processor.py:839} INFO - DAG(s) dict_keys(['example_local_kubernetes_executor']) retrieved from /home/airflow/.local/lib/python3.8/site-packages/airflow/example_dags/example_local_kubernetes_executor.py
[2023-09-20T22:39:52.746+0000] {logging_mixin.py:151} INFO - [2023-09-20T22:39:52.746+0000] {dag.py:2915} INFO - Sync 1 DAGs
[2023-09-20T22:39:52.763+0000] {logging_mixin.py:151} INFO - [2023-09-20T22:39:52.763+0000] {dag.py:3696} INFO - Setting next_dagrun for example_local_kubernetes_executor to None, run_after=None
[2023-09-20T22:39:52.800+0000] {processor.py:179} INFO - Processing /home/airflow/.local/lib/python3.8/site-packages/airflow/example_dags/example_local_kubernetes_executor.py took 0.471 seconds
[2023-09-20T22:40:23.069+0000] {processor.py:157} INFO - Started process (PID=1711) to work on /home/airflow/.local/lib/python3.8/site-packages/airflow/example_dags/example_local_kubernetes_executor.py
[2023-09-20T22:40:23.070+0000] {processor.py:829} INFO - Processing file /home/airflow/.local/lib/python3.8/site-packages/airflow/example_dags/example_local_kubernetes_executor.py for tasks to queue
[2023-09-20T22:40:23.074+0000] {logging_mixin.py:151} INFO - [2023-09-20T22:40:23.074+0000] {dagbag.py:539} INFO - Filling up the DagBag from /home/airflow/.local/lib/python3.8/site-packages/airflow/example_dags/example_local_kubernetes_executor.py
[2023-09-20T22:40:23.368+0000] {processor.py:839} INFO - DAG(s) dict_keys(['example_local_kubernetes_executor']) retrieved from /home/airflow/.local/lib/python3.8/site-packages/airflow/example_dags/example_local_kubernetes_executor.py
[2023-09-20T22:40:23.413+0000] {logging_mixin.py:151} INFO - [2023-09-20T22:40:23.412+0000] {dag.py:2915} INFO - Sync 1 DAGs
[2023-09-20T22:40:23.433+0000] {logging_mixin.py:151} INFO - [2023-09-20T22:40:23.433+0000] {dag.py:3696} INFO - Setting next_dagrun for example_local_kubernetes_executor to None, run_after=None
[2023-09-20T22:40:23.476+0000] {processor.py:179} INFO - Processing /home/airflow/.local/lib/python3.8/site-packages/airflow/example_dags/example_local_kubernetes_executor.py took 0.411 seconds
[2023-09-20T22:40:53.527+0000] {processor.py:157} INFO - Started process (PID=1766) to work on /home/airflow/.local/lib/python3.8/site-packages/airflow/example_dags/example_local_kubernetes_executor.py
[2023-09-20T22:40:53.528+0000] {processor.py:829} INFO - Processing file /home/airflow/.local/lib/python3.8/site-packages/airflow/example_dags/example_local_kubernetes_executor.py for tasks to queue
[2023-09-20T22:40:53.533+0000] {logging_mixin.py:151} INFO - [2023-09-20T22:40:53.533+0000] {dagbag.py:539} INFO - Filling up the DagBag from /home/airflow/.local/lib/python3.8/site-packages/airflow/example_dags/example_local_kubernetes_executor.py
[2023-09-20T22:40:53.825+0000] {processor.py:839} INFO - DAG(s) dict_keys(['example_local_kubernetes_executor']) retrieved from /home/airflow/.local/lib/python3.8/site-packages/airflow/example_dags/example_local_kubernetes_executor.py
[2023-09-20T22:40:53.882+0000] {logging_mixin.py:151} INFO - [2023-09-20T22:40:53.881+0000] {dag.py:2915} INFO - Sync 1 DAGs
[2023-09-20T22:40:53.900+0000] {logging_mixin.py:151} INFO - [2023-09-20T22:40:53.899+0000] {dag.py:3696} INFO - Setting next_dagrun for example_local_kubernetes_executor to None, run_after=None
[2023-09-20T22:40:53.931+0000] {processor.py:179} INFO - Processing /home/airflow/.local/lib/python3.8/site-packages/airflow/example_dags/example_local_kubernetes_executor.py took 0.408 seconds
[2023-09-20T22:41:24.061+0000] {processor.py:157} INFO - Started process (PID=1821) to work on /home/airflow/.local/lib/python3.8/site-packages/airflow/example_dags/example_local_kubernetes_executor.py
[2023-09-20T22:41:24.062+0000] {processor.py:829} INFO - Processing file /home/airflow/.local/lib/python3.8/site-packages/airflow/example_dags/example_local_kubernetes_executor.py for tasks to queue
[2023-09-20T22:41:24.067+0000] {logging_mixin.py:151} INFO - [2023-09-20T22:41:24.066+0000] {dagbag.py:539} INFO - Filling up the DagBag from /home/airflow/.local/lib/python3.8/site-packages/airflow/example_dags/example_local_kubernetes_executor.py
[2023-09-20T22:41:24.354+0000] {processor.py:839} INFO - DAG(s) dict_keys(['example_local_kubernetes_executor']) retrieved from /home/airflow/.local/lib/python3.8/site-packages/airflow/example_dags/example_local_kubernetes_executor.py
[2023-09-20T22:41:24.432+0000] {logging_mixin.py:151} INFO - [2023-09-20T22:41:24.431+0000] {dag.py:2915} INFO - Sync 1 DAGs
[2023-09-20T22:41:24.457+0000] {logging_mixin.py:151} INFO - [2023-09-20T22:41:24.456+0000] {dag.py:3696} INFO - Setting next_dagrun for example_local_kubernetes_executor to None, run_after=None
[2023-09-20T22:41:24.498+0000] {processor.py:179} INFO - Processing /home/airflow/.local/lib/python3.8/site-packages/airflow/example_dags/example_local_kubernetes_executor.py took 0.442 seconds
[2023-09-20T22:41:54.552+0000] {processor.py:157} INFO - Started process (PID=1876) to work on /home/airflow/.local/lib/python3.8/site-packages/airflow/example_dags/example_local_kubernetes_executor.py
[2023-09-20T22:41:54.554+0000] {processor.py:829} INFO - Processing file /home/airflow/.local/lib/python3.8/site-packages/airflow/example_dags/example_local_kubernetes_executor.py for tasks to queue
[2023-09-20T22:41:54.562+0000] {logging_mixin.py:151} INFO - [2023-09-20T22:41:54.561+0000] {dagbag.py:539} INFO - Filling up the DagBag from /home/airflow/.local/lib/python3.8/site-packages/airflow/example_dags/example_local_kubernetes_executor.py
[2023-09-20T22:41:54.879+0000] {processor.py:839} INFO - DAG(s) dict_keys(['example_local_kubernetes_executor']) retrieved from /home/airflow/.local/lib/python3.8/site-packages/airflow/example_dags/example_local_kubernetes_executor.py
[2023-09-20T22:41:54.955+0000] {logging_mixin.py:151} INFO - [2023-09-20T22:41:54.954+0000] {dag.py:2915} INFO - Sync 1 DAGs
[2023-09-20T22:41:54.982+0000] {logging_mixin.py:151} INFO - [2023-09-20T22:41:54.981+0000] {dag.py:3696} INFO - Setting next_dagrun for example_local_kubernetes_executor to None, run_after=None
[2023-09-20T22:41:55.049+0000] {processor.py:179} INFO - Processing /home/airflow/.local/lib/python3.8/site-packages/airflow/example_dags/example_local_kubernetes_executor.py took 0.507 seconds
[2023-09-20T22:42:25.620+0000] {processor.py:157} INFO - Started process (PID=1931) to work on /home/airflow/.local/lib/python3.8/site-packages/airflow/example_dags/example_local_kubernetes_executor.py
[2023-09-20T22:42:25.623+0000] {processor.py:829} INFO - Processing file /home/airflow/.local/lib/python3.8/site-packages/airflow/example_dags/example_local_kubernetes_executor.py for tasks to queue
[2023-09-20T22:42:25.627+0000] {logging_mixin.py:151} INFO - [2023-09-20T22:42:25.626+0000] {dagbag.py:539} INFO - Filling up the DagBag from /home/airflow/.local/lib/python3.8/site-packages/airflow/example_dags/example_local_kubernetes_executor.py
[2023-09-20T22:42:25.995+0000] {processor.py:839} INFO - DAG(s) dict_keys(['example_local_kubernetes_executor']) retrieved from /home/airflow/.local/lib/python3.8/site-packages/airflow/example_dags/example_local_kubernetes_executor.py
[2023-09-20T22:42:26.041+0000] {logging_mixin.py:151} INFO - [2023-09-20T22:42:26.041+0000] {dag.py:2915} INFO - Sync 1 DAGs
[2023-09-20T22:42:26.060+0000] {logging_mixin.py:151} INFO - [2023-09-20T22:42:26.060+0000] {dag.py:3696} INFO - Setting next_dagrun for example_local_kubernetes_executor to None, run_after=None
[2023-09-20T22:42:26.092+0000] {processor.py:179} INFO - Processing /home/airflow/.local/lib/python3.8/site-packages/airflow/example_dags/example_local_kubernetes_executor.py took 0.480 seconds
[2023-09-20T22:42:56.463+0000] {processor.py:157} INFO - Started process (PID=1986) to work on /home/airflow/.local/lib/python3.8/site-packages/airflow/example_dags/example_local_kubernetes_executor.py
[2023-09-20T22:42:56.466+0000] {processor.py:829} INFO - Processing file /home/airflow/.local/lib/python3.8/site-packages/airflow/example_dags/example_local_kubernetes_executor.py for tasks to queue
[2023-09-20T22:42:56.473+0000] {logging_mixin.py:151} INFO - [2023-09-20T22:42:56.472+0000] {dagbag.py:539} INFO - Filling up the DagBag from /home/airflow/.local/lib/python3.8/site-packages/airflow/example_dags/example_local_kubernetes_executor.py
[2023-09-20T22:42:56.823+0000] {processor.py:839} INFO - DAG(s) dict_keys(['example_local_kubernetes_executor']) retrieved from /home/airflow/.local/lib/python3.8/site-packages/airflow/example_dags/example_local_kubernetes_executor.py
[2023-09-20T22:42:56.862+0000] {logging_mixin.py:151} INFO - [2023-09-20T22:42:56.862+0000] {dag.py:2915} INFO - Sync 1 DAGs
[2023-09-20T22:42:56.881+0000] {logging_mixin.py:151} INFO - [2023-09-20T22:42:56.880+0000] {dag.py:3696} INFO - Setting next_dagrun for example_local_kubernetes_executor to None, run_after=None
[2023-09-20T22:42:56.912+0000] {processor.py:179} INFO - Processing /home/airflow/.local/lib/python3.8/site-packages/airflow/example_dags/example_local_kubernetes_executor.py took 0.459 seconds
[2023-09-20T22:43:27.199+0000] {processor.py:157} INFO - Started process (PID=2041) to work on /home/airflow/.local/lib/python3.8/site-packages/airflow/example_dags/example_local_kubernetes_executor.py
[2023-09-20T22:43:27.202+0000] {processor.py:829} INFO - Processing file /home/airflow/.local/lib/python3.8/site-packages/airflow/example_dags/example_local_kubernetes_executor.py for tasks to queue
[2023-09-20T22:43:27.209+0000] {logging_mixin.py:151} INFO - [2023-09-20T22:43:27.209+0000] {dagbag.py:539} INFO - Filling up the DagBag from /home/airflow/.local/lib/python3.8/site-packages/airflow/example_dags/example_local_kubernetes_executor.py
[2023-09-20T22:43:27.554+0000] {processor.py:839} INFO - DAG(s) dict_keys(['example_local_kubernetes_executor']) retrieved from /home/airflow/.local/lib/python3.8/site-packages/airflow/example_dags/example_local_kubernetes_executor.py
[2023-09-20T22:43:27.600+0000] {logging_mixin.py:151} INFO - [2023-09-20T22:43:27.599+0000] {dag.py:2915} INFO - Sync 1 DAGs
[2023-09-20T22:43:27.616+0000] {logging_mixin.py:151} INFO - [2023-09-20T22:43:27.616+0000] {dag.py:3696} INFO - Setting next_dagrun for example_local_kubernetes_executor to None, run_after=None
[2023-09-20T22:43:27.651+0000] {processor.py:179} INFO - Processing /home/airflow/.local/lib/python3.8/site-packages/airflow/example_dags/example_local_kubernetes_executor.py took 0.462 seconds
[2023-09-20T22:43:57.735+0000] {processor.py:157} INFO - Started process (PID=2098) to work on /home/airflow/.local/lib/python3.8/site-packages/airflow/example_dags/example_local_kubernetes_executor.py
[2023-09-20T22:43:57.737+0000] {processor.py:829} INFO - Processing file /home/airflow/.local/lib/python3.8/site-packages/airflow/example_dags/example_local_kubernetes_executor.py for tasks to queue
[2023-09-20T22:43:57.742+0000] {logging_mixin.py:151} INFO - [2023-09-20T22:43:57.742+0000] {dagbag.py:539} INFO - Filling up the DagBag from /home/airflow/.local/lib/python3.8/site-packages/airflow/example_dags/example_local_kubernetes_executor.py
[2023-09-20T22:43:58.094+0000] {processor.py:839} INFO - DAG(s) dict_keys(['example_local_kubernetes_executor']) retrieved from /home/airflow/.local/lib/python3.8/site-packages/airflow/example_dags/example_local_kubernetes_executor.py
[2023-09-20T22:43:58.160+0000] {logging_mixin.py:151} INFO - [2023-09-20T22:43:58.159+0000] {dag.py:2915} INFO - Sync 1 DAGs
[2023-09-20T22:43:58.180+0000] {logging_mixin.py:151} INFO - [2023-09-20T22:43:58.179+0000] {dag.py:3696} INFO - Setting next_dagrun for example_local_kubernetes_executor to None, run_after=None
[2023-09-20T22:43:58.271+0000] {processor.py:179} INFO - Processing /home/airflow/.local/lib/python3.8/site-packages/airflow/example_dags/example_local_kubernetes_executor.py took 0.543 seconds
[2023-09-20T22:44:29.150+0000] {processor.py:157} INFO - Started process (PID=2154) to work on /home/airflow/.local/lib/python3.8/site-packages/airflow/example_dags/example_local_kubernetes_executor.py
[2023-09-20T22:44:29.154+0000] {processor.py:829} INFO - Processing file /home/airflow/.local/lib/python3.8/site-packages/airflow/example_dags/example_local_kubernetes_executor.py for tasks to queue
[2023-09-20T22:44:29.165+0000] {logging_mixin.py:151} INFO - [2023-09-20T22:44:29.164+0000] {dagbag.py:539} INFO - Filling up the DagBag from /home/airflow/.local/lib/python3.8/site-packages/airflow/example_dags/example_local_kubernetes_executor.py
[2023-09-20T22:44:29.517+0000] {processor.py:839} INFO - DAG(s) dict_keys(['example_local_kubernetes_executor']) retrieved from /home/airflow/.local/lib/python3.8/site-packages/airflow/example_dags/example_local_kubernetes_executor.py
[2023-09-20T22:44:29.560+0000] {logging_mixin.py:151} INFO - [2023-09-20T22:44:29.559+0000] {dag.py:2915} INFO - Sync 1 DAGs
[2023-09-20T22:44:29.576+0000] {logging_mixin.py:151} INFO - [2023-09-20T22:44:29.576+0000] {dag.py:3696} INFO - Setting next_dagrun for example_local_kubernetes_executor to None, run_after=None
[2023-09-20T22:44:29.606+0000] {processor.py:179} INFO - Processing /home/airflow/.local/lib/python3.8/site-packages/airflow/example_dags/example_local_kubernetes_executor.py took 0.466 seconds
[2023-09-20T22:44:59.810+0000] {processor.py:157} INFO - Started process (PID=2209) to work on /home/airflow/.local/lib/python3.8/site-packages/airflow/example_dags/example_local_kubernetes_executor.py
[2023-09-20T22:44:59.812+0000] {processor.py:829} INFO - Processing file /home/airflow/.local/lib/python3.8/site-packages/airflow/example_dags/example_local_kubernetes_executor.py for tasks to queue
[2023-09-20T22:44:59.816+0000] {logging_mixin.py:151} INFO - [2023-09-20T22:44:59.815+0000] {dagbag.py:539} INFO - Filling up the DagBag from /home/airflow/.local/lib/python3.8/site-packages/airflow/example_dags/example_local_kubernetes_executor.py
[2023-09-20T22:45:00.212+0000] {processor.py:839} INFO - DAG(s) dict_keys(['example_local_kubernetes_executor']) retrieved from /home/airflow/.local/lib/python3.8/site-packages/airflow/example_dags/example_local_kubernetes_executor.py
[2023-09-20T22:45:00.253+0000] {logging_mixin.py:151} INFO - [2023-09-20T22:45:00.252+0000] {dag.py:2915} INFO - Sync 1 DAGs
[2023-09-20T22:45:00.268+0000] {logging_mixin.py:151} INFO - [2023-09-20T22:45:00.268+0000] {dag.py:3696} INFO - Setting next_dagrun for example_local_kubernetes_executor to None, run_after=None
[2023-09-20T22:45:00.302+0000] {processor.py:179} INFO - Processing /home/airflow/.local/lib/python3.8/site-packages/airflow/example_dags/example_local_kubernetes_executor.py took 0.498 seconds
[2023-09-20T22:45:30.566+0000] {processor.py:157} INFO - Started process (PID=2264) to work on /home/airflow/.local/lib/python3.8/site-packages/airflow/example_dags/example_local_kubernetes_executor.py
[2023-09-20T22:45:30.568+0000] {processor.py:829} INFO - Processing file /home/airflow/.local/lib/python3.8/site-packages/airflow/example_dags/example_local_kubernetes_executor.py for tasks to queue
[2023-09-20T22:45:30.574+0000] {logging_mixin.py:151} INFO - [2023-09-20T22:45:30.574+0000] {dagbag.py:539} INFO - Filling up the DagBag from /home/airflow/.local/lib/python3.8/site-packages/airflow/example_dags/example_local_kubernetes_executor.py
[2023-09-20T22:45:30.894+0000] {processor.py:839} INFO - DAG(s) dict_keys(['example_local_kubernetes_executor']) retrieved from /home/airflow/.local/lib/python3.8/site-packages/airflow/example_dags/example_local_kubernetes_executor.py
[2023-09-20T22:45:30.937+0000] {logging_mixin.py:151} INFO - [2023-09-20T22:45:30.934+0000] {dag.py:2915} INFO - Sync 1 DAGs
[2023-09-20T22:45:30.953+0000] {logging_mixin.py:151} INFO - [2023-09-20T22:45:30.953+0000] {dag.py:3696} INFO - Setting next_dagrun for example_local_kubernetes_executor to None, run_after=None
[2023-09-20T22:45:30.989+0000] {processor.py:179} INFO - Processing /home/airflow/.local/lib/python3.8/site-packages/airflow/example_dags/example_local_kubernetes_executor.py took 0.430 seconds
[2023-09-20T22:46:01.131+0000] {processor.py:157} INFO - Started process (PID=2320) to work on /home/airflow/.local/lib/python3.8/site-packages/airflow/example_dags/example_local_kubernetes_executor.py
[2023-09-20T22:46:01.133+0000] {processor.py:829} INFO - Processing file /home/airflow/.local/lib/python3.8/site-packages/airflow/example_dags/example_local_kubernetes_executor.py for tasks to queue
[2023-09-20T22:46:01.138+0000] {logging_mixin.py:151} INFO - [2023-09-20T22:46:01.137+0000] {dagbag.py:539} INFO - Filling up the DagBag from /home/airflow/.local/lib/python3.8/site-packages/airflow/example_dags/example_local_kubernetes_executor.py
[2023-09-20T22:46:01.511+0000] {processor.py:839} INFO - DAG(s) dict_keys(['example_local_kubernetes_executor']) retrieved from /home/airflow/.local/lib/python3.8/site-packages/airflow/example_dags/example_local_kubernetes_executor.py
[2023-09-20T22:46:01.556+0000] {logging_mixin.py:151} INFO - [2023-09-20T22:46:01.555+0000] {dag.py:2915} INFO - Sync 1 DAGs
[2023-09-20T22:46:01.577+0000] {logging_mixin.py:151} INFO - [2023-09-20T22:46:01.577+0000] {dag.py:3696} INFO - Setting next_dagrun for example_local_kubernetes_executor to None, run_after=None
[2023-09-20T22:46:01.614+0000] {processor.py:179} INFO - Processing /home/airflow/.local/lib/python3.8/site-packages/airflow/example_dags/example_local_kubernetes_executor.py took 0.488 seconds
[2023-09-20T22:46:32.182+0000] {processor.py:157} INFO - Started process (PID=2374) to work on /home/airflow/.local/lib/python3.8/site-packages/airflow/example_dags/example_local_kubernetes_executor.py
[2023-09-20T22:46:32.184+0000] {processor.py:829} INFO - Processing file /home/airflow/.local/lib/python3.8/site-packages/airflow/example_dags/example_local_kubernetes_executor.py for tasks to queue
[2023-09-20T22:46:32.189+0000] {logging_mixin.py:151} INFO - [2023-09-20T22:46:32.189+0000] {dagbag.py:539} INFO - Filling up the DagBag from /home/airflow/.local/lib/python3.8/site-packages/airflow/example_dags/example_local_kubernetes_executor.py
[2023-09-20T22:46:32.509+0000] {processor.py:839} INFO - DAG(s) dict_keys(['example_local_kubernetes_executor']) retrieved from /home/airflow/.local/lib/python3.8/site-packages/airflow/example_dags/example_local_kubernetes_executor.py
[2023-09-20T22:46:32.557+0000] {logging_mixin.py:151} INFO - [2023-09-20T22:46:32.556+0000] {dag.py:2915} INFO - Sync 1 DAGs
[2023-09-20T22:46:32.573+0000] {logging_mixin.py:151} INFO - [2023-09-20T22:46:32.573+0000] {dag.py:3696} INFO - Setting next_dagrun for example_local_kubernetes_executor to None, run_after=None
[2023-09-20T22:46:32.603+0000] {processor.py:179} INFO - Processing /home/airflow/.local/lib/python3.8/site-packages/airflow/example_dags/example_local_kubernetes_executor.py took 0.429 seconds
[2023-09-20T22:47:02.763+0000] {processor.py:157} INFO - Started process (PID=2430) to work on /home/airflow/.local/lib/python3.8/site-packages/airflow/example_dags/example_local_kubernetes_executor.py
[2023-09-20T22:47:02.764+0000] {processor.py:829} INFO - Processing file /home/airflow/.local/lib/python3.8/site-packages/airflow/example_dags/example_local_kubernetes_executor.py for tasks to queue
[2023-09-20T22:47:02.768+0000] {logging_mixin.py:151} INFO - [2023-09-20T22:47:02.767+0000] {dagbag.py:539} INFO - Filling up the DagBag from /home/airflow/.local/lib/python3.8/site-packages/airflow/example_dags/example_local_kubernetes_executor.py
[2023-09-20T22:47:03.149+0000] {processor.py:839} INFO - DAG(s) dict_keys(['example_local_kubernetes_executor']) retrieved from /home/airflow/.local/lib/python3.8/site-packages/airflow/example_dags/example_local_kubernetes_executor.py
[2023-09-20T22:47:03.195+0000] {logging_mixin.py:151} INFO - [2023-09-20T22:47:03.194+0000] {dag.py:2915} INFO - Sync 1 DAGs
[2023-09-20T22:47:03.213+0000] {logging_mixin.py:151} INFO - [2023-09-20T22:47:03.213+0000] {dag.py:3696} INFO - Setting next_dagrun for example_local_kubernetes_executor to None, run_after=None
[2023-09-20T22:47:03.287+0000] {processor.py:179} INFO - Processing /home/airflow/.local/lib/python3.8/site-packages/airflow/example_dags/example_local_kubernetes_executor.py took 0.530 seconds
[2023-09-20T22:47:33.727+0000] {processor.py:157} INFO - Started process (PID=2485) to work on /home/airflow/.local/lib/python3.8/site-packages/airflow/example_dags/example_local_kubernetes_executor.py
[2023-09-20T22:47:33.729+0000] {processor.py:829} INFO - Processing file /home/airflow/.local/lib/python3.8/site-packages/airflow/example_dags/example_local_kubernetes_executor.py for tasks to queue
[2023-09-20T22:47:33.734+0000] {logging_mixin.py:151} INFO - [2023-09-20T22:47:33.733+0000] {dagbag.py:539} INFO - Filling up the DagBag from /home/airflow/.local/lib/python3.8/site-packages/airflow/example_dags/example_local_kubernetes_executor.py
[2023-09-20T22:47:34.108+0000] {processor.py:839} INFO - DAG(s) dict_keys(['example_local_kubernetes_executor']) retrieved from /home/airflow/.local/lib/python3.8/site-packages/airflow/example_dags/example_local_kubernetes_executor.py
[2023-09-20T22:47:34.157+0000] {logging_mixin.py:151} INFO - [2023-09-20T22:47:34.156+0000] {dag.py:2915} INFO - Sync 1 DAGs
[2023-09-20T22:47:34.173+0000] {logging_mixin.py:151} INFO - [2023-09-20T22:47:34.173+0000] {dag.py:3696} INFO - Setting next_dagrun for example_local_kubernetes_executor to None, run_after=None
[2023-09-20T22:47:34.205+0000] {processor.py:179} INFO - Processing /home/airflow/.local/lib/python3.8/site-packages/airflow/example_dags/example_local_kubernetes_executor.py took 0.485 seconds
[2023-09-20T22:48:04.360+0000] {processor.py:157} INFO - Started process (PID=2542) to work on /home/airflow/.local/lib/python3.8/site-packages/airflow/example_dags/example_local_kubernetes_executor.py
[2023-09-20T22:48:04.361+0000] {processor.py:829} INFO - Processing file /home/airflow/.local/lib/python3.8/site-packages/airflow/example_dags/example_local_kubernetes_executor.py for tasks to queue
[2023-09-20T22:48:04.365+0000] {logging_mixin.py:151} INFO - [2023-09-20T22:48:04.365+0000] {dagbag.py:539} INFO - Filling up the DagBag from /home/airflow/.local/lib/python3.8/site-packages/airflow/example_dags/example_local_kubernetes_executor.py
[2023-09-20T22:48:04.702+0000] {processor.py:839} INFO - DAG(s) dict_keys(['example_local_kubernetes_executor']) retrieved from /home/airflow/.local/lib/python3.8/site-packages/airflow/example_dags/example_local_kubernetes_executor.py
[2023-09-20T22:48:04.750+0000] {logging_mixin.py:151} INFO - [2023-09-20T22:48:04.747+0000] {dag.py:2915} INFO - Sync 1 DAGs
[2023-09-20T22:48:04.767+0000] {logging_mixin.py:151} INFO - [2023-09-20T22:48:04.766+0000] {dag.py:3696} INFO - Setting next_dagrun for example_local_kubernetes_executor to None, run_after=None
[2023-09-20T22:48:04.808+0000] {processor.py:179} INFO - Processing /home/airflow/.local/lib/python3.8/site-packages/airflow/example_dags/example_local_kubernetes_executor.py took 0.453 seconds
[2023-09-20T22:48:35.107+0000] {processor.py:157} INFO - Started process (PID=2598) to work on /home/airflow/.local/lib/python3.8/site-packages/airflow/example_dags/example_local_kubernetes_executor.py
[2023-09-20T22:48:35.109+0000] {processor.py:829} INFO - Processing file /home/airflow/.local/lib/python3.8/site-packages/airflow/example_dags/example_local_kubernetes_executor.py for tasks to queue
[2023-09-20T22:48:35.112+0000] {logging_mixin.py:151} INFO - [2023-09-20T22:48:35.112+0000] {dagbag.py:539} INFO - Filling up the DagBag from /home/airflow/.local/lib/python3.8/site-packages/airflow/example_dags/example_local_kubernetes_executor.py
[2023-09-20T22:48:35.490+0000] {processor.py:839} INFO - DAG(s) dict_keys(['example_local_kubernetes_executor']) retrieved from /home/airflow/.local/lib/python3.8/site-packages/airflow/example_dags/example_local_kubernetes_executor.py
[2023-09-20T22:48:35.536+0000] {logging_mixin.py:151} INFO - [2023-09-20T22:48:35.535+0000] {dag.py:2915} INFO - Sync 1 DAGs
[2023-09-20T22:48:35.557+0000] {logging_mixin.py:151} INFO - [2023-09-20T22:48:35.557+0000] {dag.py:3696} INFO - Setting next_dagrun for example_local_kubernetes_executor to None, run_after=None
[2023-09-20T22:48:35.591+0000] {processor.py:179} INFO - Processing /home/airflow/.local/lib/python3.8/site-packages/airflow/example_dags/example_local_kubernetes_executor.py took 0.489 seconds
[2023-09-20T22:49:05.894+0000] {processor.py:157} INFO - Started process (PID=2654) to work on /home/airflow/.local/lib/python3.8/site-packages/airflow/example_dags/example_local_kubernetes_executor.py
[2023-09-20T22:49:05.896+0000] {processor.py:829} INFO - Processing file /home/airflow/.local/lib/python3.8/site-packages/airflow/example_dags/example_local_kubernetes_executor.py for tasks to queue
[2023-09-20T22:49:05.899+0000] {logging_mixin.py:151} INFO - [2023-09-20T22:49:05.899+0000] {dagbag.py:539} INFO - Filling up the DagBag from /home/airflow/.local/lib/python3.8/site-packages/airflow/example_dags/example_local_kubernetes_executor.py
[2023-09-20T22:49:06.219+0000] {processor.py:839} INFO - DAG(s) dict_keys(['example_local_kubernetes_executor']) retrieved from /home/airflow/.local/lib/python3.8/site-packages/airflow/example_dags/example_local_kubernetes_executor.py
[2023-09-20T22:49:06.278+0000] {logging_mixin.py:151} INFO - [2023-09-20T22:49:06.278+0000] {dag.py:2915} INFO - Sync 1 DAGs
[2023-09-20T22:49:06.299+0000] {logging_mixin.py:151} INFO - [2023-09-20T22:49:06.299+0000] {dag.py:3696} INFO - Setting next_dagrun for example_local_kubernetes_executor to None, run_after=None
[2023-09-20T22:49:06.332+0000] {processor.py:179} INFO - Processing /home/airflow/.local/lib/python3.8/site-packages/airflow/example_dags/example_local_kubernetes_executor.py took 0.443 seconds
[2023-09-20T22:49:36.903+0000] {processor.py:157} INFO - Started process (PID=2710) to work on /home/airflow/.local/lib/python3.8/site-packages/airflow/example_dags/example_local_kubernetes_executor.py
[2023-09-20T22:49:36.904+0000] {processor.py:829} INFO - Processing file /home/airflow/.local/lib/python3.8/site-packages/airflow/example_dags/example_local_kubernetes_executor.py for tasks to queue
[2023-09-20T22:49:36.908+0000] {logging_mixin.py:151} INFO - [2023-09-20T22:49:36.907+0000] {dagbag.py:539} INFO - Filling up the DagBag from /home/airflow/.local/lib/python3.8/site-packages/airflow/example_dags/example_local_kubernetes_executor.py
[2023-09-20T22:49:37.233+0000] {processor.py:839} INFO - DAG(s) dict_keys(['example_local_kubernetes_executor']) retrieved from /home/airflow/.local/lib/python3.8/site-packages/airflow/example_dags/example_local_kubernetes_executor.py
[2023-09-20T22:49:37.277+0000] {logging_mixin.py:151} INFO - [2023-09-20T22:49:37.277+0000] {dag.py:2915} INFO - Sync 1 DAGs
[2023-09-20T22:49:37.295+0000] {logging_mixin.py:151} INFO - [2023-09-20T22:49:37.295+0000] {dag.py:3696} INFO - Setting next_dagrun for example_local_kubernetes_executor to None, run_after=None
[2023-09-20T22:49:37.327+0000] {processor.py:179} INFO - Processing /home/airflow/.local/lib/python3.8/site-packages/airflow/example_dags/example_local_kubernetes_executor.py took 0.429 seconds
[2023-09-20T22:50:07.506+0000] {processor.py:157} INFO - Started process (PID=2764) to work on /home/airflow/.local/lib/python3.8/site-packages/airflow/example_dags/example_local_kubernetes_executor.py
[2023-09-20T22:50:07.559+0000] {processor.py:829} INFO - Processing file /home/airflow/.local/lib/python3.8/site-packages/airflow/example_dags/example_local_kubernetes_executor.py for tasks to queue
[2023-09-20T22:50:07.563+0000] {logging_mixin.py:151} INFO - [2023-09-20T22:50:07.562+0000] {dagbag.py:539} INFO - Filling up the DagBag from /home/airflow/.local/lib/python3.8/site-packages/airflow/example_dags/example_local_kubernetes_executor.py
[2023-09-20T22:50:07.948+0000] {processor.py:839} INFO - DAG(s) dict_keys(['example_local_kubernetes_executor']) retrieved from /home/airflow/.local/lib/python3.8/site-packages/airflow/example_dags/example_local_kubernetes_executor.py
[2023-09-20T22:50:08.001+0000] {logging_mixin.py:151} INFO - [2023-09-20T22:50:08.000+0000] {dag.py:2915} INFO - Sync 1 DAGs
[2023-09-20T22:50:08.023+0000] {logging_mixin.py:151} INFO - [2023-09-20T22:50:08.023+0000] {dag.py:3696} INFO - Setting next_dagrun for example_local_kubernetes_executor to None, run_after=None
[2023-09-20T22:50:08.146+0000] {processor.py:179} INFO - Processing /home/airflow/.local/lib/python3.8/site-packages/airflow/example_dags/example_local_kubernetes_executor.py took 0.645 seconds
[2023-09-20T22:50:38.728+0000] {processor.py:157} INFO - Started process (PID=2819) to work on /home/airflow/.local/lib/python3.8/site-packages/airflow/example_dags/example_local_kubernetes_executor.py
[2023-09-20T22:50:38.731+0000] {processor.py:829} INFO - Processing file /home/airflow/.local/lib/python3.8/site-packages/airflow/example_dags/example_local_kubernetes_executor.py for tasks to queue
[2023-09-20T22:50:38.736+0000] {logging_mixin.py:151} INFO - [2023-09-20T22:50:38.735+0000] {dagbag.py:539} INFO - Filling up the DagBag from /home/airflow/.local/lib/python3.8/site-packages/airflow/example_dags/example_local_kubernetes_executor.py
[2023-09-20T22:50:39.139+0000] {processor.py:839} INFO - DAG(s) dict_keys(['example_local_kubernetes_executor']) retrieved from /home/airflow/.local/lib/python3.8/site-packages/airflow/example_dags/example_local_kubernetes_executor.py
[2023-09-20T22:50:39.186+0000] {logging_mixin.py:151} INFO - [2023-09-20T22:50:39.185+0000] {dag.py:2915} INFO - Sync 1 DAGs
[2023-09-20T22:50:39.209+0000] {logging_mixin.py:151} INFO - [2023-09-20T22:50:39.209+0000] {dag.py:3696} INFO - Setting next_dagrun for example_local_kubernetes_executor to None, run_after=None
[2023-09-20T22:50:39.353+0000] {processor.py:179} INFO - Processing /home/airflow/.local/lib/python3.8/site-packages/airflow/example_dags/example_local_kubernetes_executor.py took 0.631 seconds
[2023-09-20T22:51:10.025+0000] {processor.py:157} INFO - Started process (PID=2875) to work on /home/airflow/.local/lib/python3.8/site-packages/airflow/example_dags/example_local_kubernetes_executor.py
[2023-09-20T22:51:10.028+0000] {processor.py:829} INFO - Processing file /home/airflow/.local/lib/python3.8/site-packages/airflow/example_dags/example_local_kubernetes_executor.py for tasks to queue
[2023-09-20T22:51:10.034+0000] {logging_mixin.py:151} INFO - [2023-09-20T22:51:10.033+0000] {dagbag.py:539} INFO - Filling up the DagBag from /home/airflow/.local/lib/python3.8/site-packages/airflow/example_dags/example_local_kubernetes_executor.py
[2023-09-20T22:51:10.388+0000] {processor.py:839} INFO - DAG(s) dict_keys(['example_local_kubernetes_executor']) retrieved from /home/airflow/.local/lib/python3.8/site-packages/airflow/example_dags/example_local_kubernetes_executor.py
[2023-09-20T22:51:10.431+0000] {logging_mixin.py:151} INFO - [2023-09-20T22:51:10.430+0000] {dag.py:2915} INFO - Sync 1 DAGs
[2023-09-20T22:51:10.447+0000] {logging_mixin.py:151} INFO - [2023-09-20T22:51:10.446+0000] {dag.py:3696} INFO - Setting next_dagrun for example_local_kubernetes_executor to None, run_after=None
[2023-09-20T22:51:10.479+0000] {processor.py:179} INFO - Processing /home/airflow/.local/lib/python3.8/site-packages/airflow/example_dags/example_local_kubernetes_executor.py took 0.469 seconds
[2023-09-20T22:51:40.538+0000] {processor.py:157} INFO - Started process (PID=2930) to work on /home/airflow/.local/lib/python3.8/site-packages/airflow/example_dags/example_local_kubernetes_executor.py
[2023-09-20T22:51:40.542+0000] {processor.py:829} INFO - Processing file /home/airflow/.local/lib/python3.8/site-packages/airflow/example_dags/example_local_kubernetes_executor.py for tasks to queue
[2023-09-20T22:51:40.546+0000] {logging_mixin.py:151} INFO - [2023-09-20T22:51:40.545+0000] {dagbag.py:539} INFO - Filling up the DagBag from /home/airflow/.local/lib/python3.8/site-packages/airflow/example_dags/example_local_kubernetes_executor.py
[2023-09-20T22:51:40.946+0000] {processor.py:839} INFO - DAG(s) dict_keys(['example_local_kubernetes_executor']) retrieved from /home/airflow/.local/lib/python3.8/site-packages/airflow/example_dags/example_local_kubernetes_executor.py
[2023-09-20T22:51:41.003+0000] {logging_mixin.py:151} INFO - [2023-09-20T22:51:41.002+0000] {dag.py:2915} INFO - Sync 1 DAGs
[2023-09-20T22:51:41.019+0000] {logging_mixin.py:151} INFO - [2023-09-20T22:51:41.018+0000] {dag.py:3696} INFO - Setting next_dagrun for example_local_kubernetes_executor to None, run_after=None
[2023-09-20T22:51:41.078+0000] {processor.py:179} INFO - Processing /home/airflow/.local/lib/python3.8/site-packages/airflow/example_dags/example_local_kubernetes_executor.py took 0.549 seconds
[2023-09-20T23:11:29.587+0000] {processor.py:157} INFO - Started process (PID=32) to work on /home/airflow/.local/lib/python3.8/site-packages/airflow/example_dags/example_local_kubernetes_executor.py
[2023-09-20T23:11:29.590+0000] {processor.py:829} INFO - Processing file /home/airflow/.local/lib/python3.8/site-packages/airflow/example_dags/example_local_kubernetes_executor.py for tasks to queue
[2023-09-20T23:11:29.593+0000] {logging_mixin.py:151} INFO - [2023-09-20T23:11:29.593+0000] {dagbag.py:539} INFO - Filling up the DagBag from /home/airflow/.local/lib/python3.8/site-packages/airflow/example_dags/example_local_kubernetes_executor.py
[2023-09-20T23:11:30.239+0000] {processor.py:839} INFO - DAG(s) dict_keys(['example_local_kubernetes_executor']) retrieved from /home/airflow/.local/lib/python3.8/site-packages/airflow/example_dags/example_local_kubernetes_executor.py
[2023-09-20T23:11:30.262+0000] {logging_mixin.py:151} INFO - [2023-09-20T23:11:30.262+0000] {dag.py:2915} INFO - Sync 1 DAGs
[2023-09-20T23:11:30.288+0000] {logging_mixin.py:151} INFO - [2023-09-20T23:11:30.287+0000] {dag.py:3696} INFO - Setting next_dagrun for example_local_kubernetes_executor to None, run_after=None
[2023-09-20T23:11:30.333+0000] {processor.py:179} INFO - Processing /home/airflow/.local/lib/python3.8/site-packages/airflow/example_dags/example_local_kubernetes_executor.py took 0.752 seconds
[2023-09-20T23:12:00.656+0000] {processor.py:157} INFO - Started process (PID=87) to work on /home/airflow/.local/lib/python3.8/site-packages/airflow/example_dags/example_local_kubernetes_executor.py
[2023-09-20T23:12:00.659+0000] {processor.py:829} INFO - Processing file /home/airflow/.local/lib/python3.8/site-packages/airflow/example_dags/example_local_kubernetes_executor.py for tasks to queue
[2023-09-20T23:12:00.667+0000] {logging_mixin.py:151} INFO - [2023-09-20T23:12:00.665+0000] {dagbag.py:539} INFO - Filling up the DagBag from /home/airflow/.local/lib/python3.8/site-packages/airflow/example_dags/example_local_kubernetes_executor.py
[2023-09-20T23:12:01.102+0000] {processor.py:839} INFO - DAG(s) dict_keys(['example_local_kubernetes_executor']) retrieved from /home/airflow/.local/lib/python3.8/site-packages/airflow/example_dags/example_local_kubernetes_executor.py
[2023-09-20T23:12:01.147+0000] {logging_mixin.py:151} INFO - [2023-09-20T23:12:01.146+0000] {dag.py:2915} INFO - Sync 1 DAGs
[2023-09-20T23:12:01.164+0000] {logging_mixin.py:151} INFO - [2023-09-20T23:12:01.164+0000] {dag.py:3696} INFO - Setting next_dagrun for example_local_kubernetes_executor to None, run_after=None
[2023-09-20T23:12:01.195+0000] {processor.py:179} INFO - Processing /home/airflow/.local/lib/python3.8/site-packages/airflow/example_dags/example_local_kubernetes_executor.py took 0.553 seconds
[2023-09-20T23:12:31.390+0000] {processor.py:157} INFO - Started process (PID=142) to work on /home/airflow/.local/lib/python3.8/site-packages/airflow/example_dags/example_local_kubernetes_executor.py
[2023-09-20T23:12:31.391+0000] {processor.py:829} INFO - Processing file /home/airflow/.local/lib/python3.8/site-packages/airflow/example_dags/example_local_kubernetes_executor.py for tasks to queue
[2023-09-20T23:12:31.395+0000] {logging_mixin.py:151} INFO - [2023-09-20T23:12:31.395+0000] {dagbag.py:539} INFO - Filling up the DagBag from /home/airflow/.local/lib/python3.8/site-packages/airflow/example_dags/example_local_kubernetes_executor.py
[2023-09-20T23:12:31.732+0000] {processor.py:839} INFO - DAG(s) dict_keys(['example_local_kubernetes_executor']) retrieved from /home/airflow/.local/lib/python3.8/site-packages/airflow/example_dags/example_local_kubernetes_executor.py
[2023-09-20T23:12:31.786+0000] {logging_mixin.py:151} INFO - [2023-09-20T23:12:31.784+0000] {dag.py:2915} INFO - Sync 1 DAGs
[2023-09-20T23:12:31.814+0000] {logging_mixin.py:151} INFO - [2023-09-20T23:12:31.814+0000] {dag.py:3696} INFO - Setting next_dagrun for example_local_kubernetes_executor to None, run_after=None
[2023-09-20T23:12:31.909+0000] {processor.py:179} INFO - Processing /home/airflow/.local/lib/python3.8/site-packages/airflow/example_dags/example_local_kubernetes_executor.py took 0.525 seconds
[2023-09-20T23:13:02.002+0000] {processor.py:157} INFO - Started process (PID=198) to work on /home/airflow/.local/lib/python3.8/site-packages/airflow/example_dags/example_local_kubernetes_executor.py
[2023-09-20T23:13:02.005+0000] {processor.py:829} INFO - Processing file /home/airflow/.local/lib/python3.8/site-packages/airflow/example_dags/example_local_kubernetes_executor.py for tasks to queue
[2023-09-20T23:13:02.012+0000] {logging_mixin.py:151} INFO - [2023-09-20T23:13:02.011+0000] {dagbag.py:539} INFO - Filling up the DagBag from /home/airflow/.local/lib/python3.8/site-packages/airflow/example_dags/example_local_kubernetes_executor.py
[2023-09-20T23:13:02.320+0000] {processor.py:839} INFO - DAG(s) dict_keys(['example_local_kubernetes_executor']) retrieved from /home/airflow/.local/lib/python3.8/site-packages/airflow/example_dags/example_local_kubernetes_executor.py
[2023-09-20T23:13:02.366+0000] {logging_mixin.py:151} INFO - [2023-09-20T23:13:02.365+0000] {dag.py:2915} INFO - Sync 1 DAGs
[2023-09-20T23:13:02.386+0000] {logging_mixin.py:151} INFO - [2023-09-20T23:13:02.385+0000] {dag.py:3696} INFO - Setting next_dagrun for example_local_kubernetes_executor to None, run_after=None
[2023-09-20T23:13:02.429+0000] {processor.py:179} INFO - Processing /home/airflow/.local/lib/python3.8/site-packages/airflow/example_dags/example_local_kubernetes_executor.py took 0.436 seconds
