[2023-09-20T22:15:29.752+0000] {processor.py:157} INFO - Started process (PID=54) to work on /home/airflow/.local/lib/python3.8/site-packages/airflow/example_dags/example_setup_teardown.py
[2023-09-20T22:15:29.755+0000] {processor.py:829} INFO - Processing file /home/airflow/.local/lib/python3.8/site-packages/airflow/example_dags/example_setup_teardown.py for tasks to queue
[2023-09-20T22:15:29.762+0000] {logging_mixin.py:151} INFO - [2023-09-20T22:15:29.761+0000] {dagbag.py:539} INFO - Filling up the DagBag from /home/airflow/.local/lib/python3.8/site-packages/airflow/example_dags/example_setup_teardown.py
[2023-09-20T22:15:29.776+0000] {processor.py:839} INFO - DAG(s) dict_keys(['example_setup_teardown']) retrieved from /home/airflow/.local/lib/python3.8/site-packages/airflow/example_dags/example_setup_teardown.py
[2023-09-20T22:15:29.804+0000] {logging_mixin.py:151} INFO - [2023-09-20T22:15:29.804+0000] {dag.py:2915} INFO - Sync 1 DAGs
[2023-09-20T22:15:29.854+0000] {logging_mixin.py:151} INFO - [2023-09-20T22:15:29.854+0000] {dag.py:3696} INFO - Setting next_dagrun for example_setup_teardown to 2023-09-19T22:15:29.853598+00:00, run_after=2023-09-20T22:15:29.853598+00:00
[2023-09-20T22:15:29.892+0000] {processor.py:179} INFO - Processing /home/airflow/.local/lib/python3.8/site-packages/airflow/example_dags/example_setup_teardown.py took 0.149 seconds
[2023-09-20T22:16:00.235+0000] {processor.py:157} INFO - Started process (PID=108) to work on /home/airflow/.local/lib/python3.8/site-packages/airflow/example_dags/example_setup_teardown.py
[2023-09-20T22:16:00.237+0000] {processor.py:829} INFO - Processing file /home/airflow/.local/lib/python3.8/site-packages/airflow/example_dags/example_setup_teardown.py for tasks to queue
[2023-09-20T22:16:00.241+0000] {logging_mixin.py:151} INFO - [2023-09-20T22:16:00.240+0000] {dagbag.py:539} INFO - Filling up the DagBag from /home/airflow/.local/lib/python3.8/site-packages/airflow/example_dags/example_setup_teardown.py
[2023-09-20T22:16:00.250+0000] {processor.py:839} INFO - DAG(s) dict_keys(['example_setup_teardown']) retrieved from /home/airflow/.local/lib/python3.8/site-packages/airflow/example_dags/example_setup_teardown.py
[2023-09-20T22:16:00.280+0000] {logging_mixin.py:151} INFO - [2023-09-20T22:16:00.279+0000] {dag.py:2915} INFO - Sync 1 DAGs
[2023-09-20T22:16:00.310+0000] {logging_mixin.py:151} INFO - [2023-09-20T22:16:00.310+0000] {dag.py:3696} INFO - Setting next_dagrun for example_setup_teardown to 2023-09-19T22:16:00.309935+00:00, run_after=2023-09-20T22:16:00.309935+00:00
[2023-09-20T22:16:00.340+0000] {processor.py:179} INFO - Processing /home/airflow/.local/lib/python3.8/site-packages/airflow/example_dags/example_setup_teardown.py took 0.109 seconds
[2023-09-20T22:16:30.952+0000] {processor.py:157} INFO - Started process (PID=162) to work on /home/airflow/.local/lib/python3.8/site-packages/airflow/example_dags/example_setup_teardown.py
[2023-09-20T22:16:30.954+0000] {processor.py:829} INFO - Processing file /home/airflow/.local/lib/python3.8/site-packages/airflow/example_dags/example_setup_teardown.py for tasks to queue
[2023-09-20T22:16:30.957+0000] {logging_mixin.py:151} INFO - [2023-09-20T22:16:30.956+0000] {dagbag.py:539} INFO - Filling up the DagBag from /home/airflow/.local/lib/python3.8/site-packages/airflow/example_dags/example_setup_teardown.py
[2023-09-20T22:16:30.966+0000] {processor.py:839} INFO - DAG(s) dict_keys(['example_setup_teardown']) retrieved from /home/airflow/.local/lib/python3.8/site-packages/airflow/example_dags/example_setup_teardown.py
[2023-09-20T22:16:30.999+0000] {logging_mixin.py:151} INFO - [2023-09-20T22:16:30.998+0000] {dag.py:2915} INFO - Sync 1 DAGs
[2023-09-20T22:16:31.032+0000] {logging_mixin.py:151} INFO - [2023-09-20T22:16:31.032+0000] {dag.py:3696} INFO - Setting next_dagrun for example_setup_teardown to 2023-09-19T22:16:31.032057+00:00, run_after=2023-09-20T22:16:31.032057+00:00
[2023-09-20T22:16:31.062+0000] {processor.py:179} INFO - Processing /home/airflow/.local/lib/python3.8/site-packages/airflow/example_dags/example_setup_teardown.py took 0.115 seconds
[2023-09-20T22:17:02.421+0000] {processor.py:157} INFO - Started process (PID=216) to work on /home/airflow/.local/lib/python3.8/site-packages/airflow/example_dags/example_setup_teardown.py
[2023-09-20T22:17:02.422+0000] {processor.py:829} INFO - Processing file /home/airflow/.local/lib/python3.8/site-packages/airflow/example_dags/example_setup_teardown.py for tasks to queue
[2023-09-20T22:17:02.426+0000] {logging_mixin.py:151} INFO - [2023-09-20T22:17:02.425+0000] {dagbag.py:539} INFO - Filling up the DagBag from /home/airflow/.local/lib/python3.8/site-packages/airflow/example_dags/example_setup_teardown.py
[2023-09-20T22:17:02.437+0000] {processor.py:839} INFO - DAG(s) dict_keys(['example_setup_teardown']) retrieved from /home/airflow/.local/lib/python3.8/site-packages/airflow/example_dags/example_setup_teardown.py
[2023-09-20T22:17:02.471+0000] {logging_mixin.py:151} INFO - [2023-09-20T22:17:02.470+0000] {dag.py:2915} INFO - Sync 1 DAGs
[2023-09-20T22:17:02.514+0000] {logging_mixin.py:151} INFO - [2023-09-20T22:17:02.513+0000] {dag.py:3696} INFO - Setting next_dagrun for example_setup_teardown to 2023-09-19T22:17:02.513001+00:00, run_after=2023-09-20T22:17:02.513001+00:00
[2023-09-20T22:17:02.557+0000] {processor.py:179} INFO - Processing /home/airflow/.local/lib/python3.8/site-packages/airflow/example_dags/example_setup_teardown.py took 0.143 seconds
[2023-09-20T22:25:00.987+0000] {processor.py:157} INFO - Started process (PID=54) to work on /home/airflow/.local/lib/python3.8/site-packages/airflow/example_dags/example_setup_teardown.py
[2023-09-20T22:25:00.990+0000] {processor.py:829} INFO - Processing file /home/airflow/.local/lib/python3.8/site-packages/airflow/example_dags/example_setup_teardown.py for tasks to queue
[2023-09-20T22:25:01.001+0000] {logging_mixin.py:151} INFO - [2023-09-20T22:25:01.001+0000] {dagbag.py:539} INFO - Filling up the DagBag from /home/airflow/.local/lib/python3.8/site-packages/airflow/example_dags/example_setup_teardown.py
[2023-09-20T22:25:01.017+0000] {processor.py:839} INFO - DAG(s) dict_keys(['example_setup_teardown']) retrieved from /home/airflow/.local/lib/python3.8/site-packages/airflow/example_dags/example_setup_teardown.py
[2023-09-20T22:25:01.053+0000] {logging_mixin.py:151} INFO - [2023-09-20T22:25:01.053+0000] {dag.py:2915} INFO - Sync 1 DAGs
[2023-09-20T22:25:01.102+0000] {logging_mixin.py:151} INFO - [2023-09-20T22:25:01.101+0000] {dag.py:3696} INFO - Setting next_dagrun for example_setup_teardown to 2023-09-19T22:25:01.101483+00:00, run_after=2023-09-20T22:25:01.101483+00:00
[2023-09-20T22:25:01.130+0000] {processor.py:179} INFO - Processing /home/airflow/.local/lib/python3.8/site-packages/airflow/example_dags/example_setup_teardown.py took 0.150 seconds
[2023-09-20T22:25:31.740+0000] {processor.py:157} INFO - Started process (PID=109) to work on /home/airflow/.local/lib/python3.8/site-packages/airflow/example_dags/example_setup_teardown.py
[2023-09-20T22:25:31.741+0000] {processor.py:829} INFO - Processing file /home/airflow/.local/lib/python3.8/site-packages/airflow/example_dags/example_setup_teardown.py for tasks to queue
[2023-09-20T22:25:31.744+0000] {logging_mixin.py:151} INFO - [2023-09-20T22:25:31.744+0000] {dagbag.py:539} INFO - Filling up the DagBag from /home/airflow/.local/lib/python3.8/site-packages/airflow/example_dags/example_setup_teardown.py
[2023-09-20T22:25:31.755+0000] {processor.py:839} INFO - DAG(s) dict_keys(['example_setup_teardown']) retrieved from /home/airflow/.local/lib/python3.8/site-packages/airflow/example_dags/example_setup_teardown.py
[2023-09-20T22:25:31.783+0000] {logging_mixin.py:151} INFO - [2023-09-20T22:25:31.782+0000] {dag.py:2915} INFO - Sync 1 DAGs
[2023-09-20T22:25:31.815+0000] {logging_mixin.py:151} INFO - [2023-09-20T22:25:31.814+0000] {dag.py:3696} INFO - Setting next_dagrun for example_setup_teardown to 2023-09-19T22:25:31.814537+00:00, run_after=2023-09-20T22:25:31.814537+00:00
[2023-09-20T22:25:31.853+0000] {processor.py:179} INFO - Processing /home/airflow/.local/lib/python3.8/site-packages/airflow/example_dags/example_setup_teardown.py took 0.119 seconds
[2023-09-20T22:26:02.809+0000] {processor.py:157} INFO - Started process (PID=164) to work on /home/airflow/.local/lib/python3.8/site-packages/airflow/example_dags/example_setup_teardown.py
[2023-09-20T22:26:02.810+0000] {processor.py:829} INFO - Processing file /home/airflow/.local/lib/python3.8/site-packages/airflow/example_dags/example_setup_teardown.py for tasks to queue
[2023-09-20T22:26:02.813+0000] {logging_mixin.py:151} INFO - [2023-09-20T22:26:02.813+0000] {dagbag.py:539} INFO - Filling up the DagBag from /home/airflow/.local/lib/python3.8/site-packages/airflow/example_dags/example_setup_teardown.py
[2023-09-20T22:26:02.822+0000] {processor.py:839} INFO - DAG(s) dict_keys(['example_setup_teardown']) retrieved from /home/airflow/.local/lib/python3.8/site-packages/airflow/example_dags/example_setup_teardown.py
[2023-09-20T22:26:02.853+0000] {logging_mixin.py:151} INFO - [2023-09-20T22:26:02.853+0000] {dag.py:2915} INFO - Sync 1 DAGs
[2023-09-20T22:26:02.889+0000] {logging_mixin.py:151} INFO - [2023-09-20T22:26:02.889+0000] {dag.py:3696} INFO - Setting next_dagrun for example_setup_teardown to 2023-09-19T22:26:02.889003+00:00, run_after=2023-09-20T22:26:02.889003+00:00
[2023-09-20T22:26:02.923+0000] {processor.py:179} INFO - Processing /home/airflow/.local/lib/python3.8/site-packages/airflow/example_dags/example_setup_teardown.py took 0.120 seconds
[2023-09-20T22:26:33.733+0000] {processor.py:157} INFO - Started process (PID=219) to work on /home/airflow/.local/lib/python3.8/site-packages/airflow/example_dags/example_setup_teardown.py
[2023-09-20T22:26:33.734+0000] {processor.py:829} INFO - Processing file /home/airflow/.local/lib/python3.8/site-packages/airflow/example_dags/example_setup_teardown.py for tasks to queue
[2023-09-20T22:26:33.739+0000] {logging_mixin.py:151} INFO - [2023-09-20T22:26:33.738+0000] {dagbag.py:539} INFO - Filling up the DagBag from /home/airflow/.local/lib/python3.8/site-packages/airflow/example_dags/example_setup_teardown.py
[2023-09-20T22:26:33.748+0000] {processor.py:839} INFO - DAG(s) dict_keys(['example_setup_teardown']) retrieved from /home/airflow/.local/lib/python3.8/site-packages/airflow/example_dags/example_setup_teardown.py
[2023-09-20T22:26:33.777+0000] {logging_mixin.py:151} INFO - [2023-09-20T22:26:33.777+0000] {dag.py:2915} INFO - Sync 1 DAGs
[2023-09-20T22:26:33.809+0000] {logging_mixin.py:151} INFO - [2023-09-20T22:26:33.808+0000] {dag.py:3696} INFO - Setting next_dagrun for example_setup_teardown to 2023-09-19T22:26:33.808474+00:00, run_after=2023-09-20T22:26:33.808474+00:00
[2023-09-20T22:26:33.844+0000] {processor.py:179} INFO - Processing /home/airflow/.local/lib/python3.8/site-packages/airflow/example_dags/example_setup_teardown.py took 0.116 seconds
[2023-09-20T22:27:04.570+0000] {processor.py:157} INFO - Started process (PID=273) to work on /home/airflow/.local/lib/python3.8/site-packages/airflow/example_dags/example_setup_teardown.py
[2023-09-20T22:27:04.572+0000] {processor.py:829} INFO - Processing file /home/airflow/.local/lib/python3.8/site-packages/airflow/example_dags/example_setup_teardown.py for tasks to queue
[2023-09-20T22:27:04.576+0000] {logging_mixin.py:151} INFO - [2023-09-20T22:27:04.575+0000] {dagbag.py:539} INFO - Filling up the DagBag from /home/airflow/.local/lib/python3.8/site-packages/airflow/example_dags/example_setup_teardown.py
[2023-09-20T22:27:04.586+0000] {processor.py:839} INFO - DAG(s) dict_keys(['example_setup_teardown']) retrieved from /home/airflow/.local/lib/python3.8/site-packages/airflow/example_dags/example_setup_teardown.py
[2023-09-20T22:27:04.617+0000] {logging_mixin.py:151} INFO - [2023-09-20T22:27:04.617+0000] {dag.py:2915} INFO - Sync 1 DAGs
[2023-09-20T22:27:04.665+0000] {logging_mixin.py:151} INFO - [2023-09-20T22:27:04.665+0000] {dag.py:3696} INFO - Setting next_dagrun for example_setup_teardown to 2023-09-19T22:27:04.664832+00:00, run_after=2023-09-20T22:27:04.664832+00:00
[2023-09-20T22:27:04.698+0000] {processor.py:179} INFO - Processing /home/airflow/.local/lib/python3.8/site-packages/airflow/example_dags/example_setup_teardown.py took 0.133 seconds
[2023-09-20T22:27:35.131+0000] {processor.py:157} INFO - Started process (PID=328) to work on /home/airflow/.local/lib/python3.8/site-packages/airflow/example_dags/example_setup_teardown.py
[2023-09-20T22:27:35.132+0000] {processor.py:829} INFO - Processing file /home/airflow/.local/lib/python3.8/site-packages/airflow/example_dags/example_setup_teardown.py for tasks to queue
[2023-09-20T22:27:35.136+0000] {logging_mixin.py:151} INFO - [2023-09-20T22:27:35.135+0000] {dagbag.py:539} INFO - Filling up the DagBag from /home/airflow/.local/lib/python3.8/site-packages/airflow/example_dags/example_setup_teardown.py
[2023-09-20T22:27:35.148+0000] {processor.py:839} INFO - DAG(s) dict_keys(['example_setup_teardown']) retrieved from /home/airflow/.local/lib/python3.8/site-packages/airflow/example_dags/example_setup_teardown.py
[2023-09-20T22:27:35.178+0000] {logging_mixin.py:151} INFO - [2023-09-20T22:27:35.178+0000] {dag.py:2915} INFO - Sync 1 DAGs
[2023-09-20T22:27:35.208+0000] {logging_mixin.py:151} INFO - [2023-09-20T22:27:35.208+0000] {dag.py:3696} INFO - Setting next_dagrun for example_setup_teardown to 2023-09-19T22:27:35.208188+00:00, run_after=2023-09-20T22:27:35.208188+00:00
[2023-09-20T22:27:35.236+0000] {processor.py:179} INFO - Processing /home/airflow/.local/lib/python3.8/site-packages/airflow/example_dags/example_setup_teardown.py took 0.110 seconds
[2023-09-20T22:28:05.432+0000] {processor.py:157} INFO - Started process (PID=384) to work on /home/airflow/.local/lib/python3.8/site-packages/airflow/example_dags/example_setup_teardown.py
[2023-09-20T22:28:05.435+0000] {processor.py:829} INFO - Processing file /home/airflow/.local/lib/python3.8/site-packages/airflow/example_dags/example_setup_teardown.py for tasks to queue
[2023-09-20T22:28:05.438+0000] {logging_mixin.py:151} INFO - [2023-09-20T22:28:05.437+0000] {dagbag.py:539} INFO - Filling up the DagBag from /home/airflow/.local/lib/python3.8/site-packages/airflow/example_dags/example_setup_teardown.py
[2023-09-20T22:28:05.450+0000] {processor.py:839} INFO - DAG(s) dict_keys(['example_setup_teardown']) retrieved from /home/airflow/.local/lib/python3.8/site-packages/airflow/example_dags/example_setup_teardown.py
[2023-09-20T22:28:05.493+0000] {logging_mixin.py:151} INFO - [2023-09-20T22:28:05.493+0000] {dag.py:2915} INFO - Sync 1 DAGs
[2023-09-20T22:28:05.533+0000] {logging_mixin.py:151} INFO - [2023-09-20T22:28:05.533+0000] {dag.py:3696} INFO - Setting next_dagrun for example_setup_teardown to 2023-09-19T22:28:05.532684+00:00, run_after=2023-09-20T22:28:05.532684+00:00
[2023-09-20T22:28:05.568+0000] {processor.py:179} INFO - Processing /home/airflow/.local/lib/python3.8/site-packages/airflow/example_dags/example_setup_teardown.py took 0.143 seconds
[2023-09-20T22:28:35.873+0000] {processor.py:157} INFO - Started process (PID=439) to work on /home/airflow/.local/lib/python3.8/site-packages/airflow/example_dags/example_setup_teardown.py
[2023-09-20T22:28:35.874+0000] {processor.py:829} INFO - Processing file /home/airflow/.local/lib/python3.8/site-packages/airflow/example_dags/example_setup_teardown.py for tasks to queue
[2023-09-20T22:28:35.879+0000] {logging_mixin.py:151} INFO - [2023-09-20T22:28:35.878+0000] {dagbag.py:539} INFO - Filling up the DagBag from /home/airflow/.local/lib/python3.8/site-packages/airflow/example_dags/example_setup_teardown.py
[2023-09-20T22:28:35.892+0000] {processor.py:839} INFO - DAG(s) dict_keys(['example_setup_teardown']) retrieved from /home/airflow/.local/lib/python3.8/site-packages/airflow/example_dags/example_setup_teardown.py
[2023-09-20T22:28:35.927+0000] {logging_mixin.py:151} INFO - [2023-09-20T22:28:35.927+0000] {dag.py:2915} INFO - Sync 1 DAGs
[2023-09-20T22:28:35.963+0000] {logging_mixin.py:151} INFO - [2023-09-20T22:28:35.963+0000] {dag.py:3696} INFO - Setting next_dagrun for example_setup_teardown to 2023-09-19T22:28:35.963171+00:00, run_after=2023-09-20T22:28:35.963171+00:00
[2023-09-20T22:28:35.995+0000] {processor.py:179} INFO - Processing /home/airflow/.local/lib/python3.8/site-packages/airflow/example_dags/example_setup_teardown.py took 0.126 seconds
[2023-09-20T22:29:06.854+0000] {processor.py:157} INFO - Started process (PID=494) to work on /home/airflow/.local/lib/python3.8/site-packages/airflow/example_dags/example_setup_teardown.py
[2023-09-20T22:29:06.855+0000] {processor.py:829} INFO - Processing file /home/airflow/.local/lib/python3.8/site-packages/airflow/example_dags/example_setup_teardown.py for tasks to queue
[2023-09-20T22:29:06.859+0000] {logging_mixin.py:151} INFO - [2023-09-20T22:29:06.858+0000] {dagbag.py:539} INFO - Filling up the DagBag from /home/airflow/.local/lib/python3.8/site-packages/airflow/example_dags/example_setup_teardown.py
[2023-09-20T22:29:06.868+0000] {processor.py:839} INFO - DAG(s) dict_keys(['example_setup_teardown']) retrieved from /home/airflow/.local/lib/python3.8/site-packages/airflow/example_dags/example_setup_teardown.py
[2023-09-20T22:29:06.896+0000] {logging_mixin.py:151} INFO - [2023-09-20T22:29:06.896+0000] {dag.py:2915} INFO - Sync 1 DAGs
[2023-09-20T22:29:06.925+0000] {logging_mixin.py:151} INFO - [2023-09-20T22:29:06.924+0000] {dag.py:3696} INFO - Setting next_dagrun for example_setup_teardown to 2023-09-19T22:29:06.924663+00:00, run_after=2023-09-20T22:29:06.924663+00:00
[2023-09-20T22:29:07.024+0000] {processor.py:179} INFO - Processing /home/airflow/.local/lib/python3.8/site-packages/airflow/example_dags/example_setup_teardown.py took 0.176 seconds
[2023-09-20T22:29:37.694+0000] {processor.py:157} INFO - Started process (PID=549) to work on /home/airflow/.local/lib/python3.8/site-packages/airflow/example_dags/example_setup_teardown.py
[2023-09-20T22:29:37.696+0000] {processor.py:829} INFO - Processing file /home/airflow/.local/lib/python3.8/site-packages/airflow/example_dags/example_setup_teardown.py for tasks to queue
[2023-09-20T22:29:37.701+0000] {logging_mixin.py:151} INFO - [2023-09-20T22:29:37.701+0000] {dagbag.py:539} INFO - Filling up the DagBag from /home/airflow/.local/lib/python3.8/site-packages/airflow/example_dags/example_setup_teardown.py
[2023-09-20T22:29:37.722+0000] {processor.py:839} INFO - DAG(s) dict_keys(['example_setup_teardown']) retrieved from /home/airflow/.local/lib/python3.8/site-packages/airflow/example_dags/example_setup_teardown.py
[2023-09-20T22:29:37.814+0000] {logging_mixin.py:151} INFO - [2023-09-20T22:29:37.814+0000] {dag.py:2915} INFO - Sync 1 DAGs
[2023-09-20T22:29:37.863+0000] {logging_mixin.py:151} INFO - [2023-09-20T22:29:37.863+0000] {dag.py:3696} INFO - Setting next_dagrun for example_setup_teardown to 2023-09-19T22:29:37.863221+00:00, run_after=2023-09-20T22:29:37.863221+00:00
[2023-09-20T22:29:37.912+0000] {processor.py:179} INFO - Processing /home/airflow/.local/lib/python3.8/site-packages/airflow/example_dags/example_setup_teardown.py took 0.227 seconds
[2023-09-20T22:30:07.983+0000] {processor.py:157} INFO - Started process (PID=604) to work on /home/airflow/.local/lib/python3.8/site-packages/airflow/example_dags/example_setup_teardown.py
[2023-09-20T22:30:07.985+0000] {processor.py:829} INFO - Processing file /home/airflow/.local/lib/python3.8/site-packages/airflow/example_dags/example_setup_teardown.py for tasks to queue
[2023-09-20T22:30:07.988+0000] {logging_mixin.py:151} INFO - [2023-09-20T22:30:07.987+0000] {dagbag.py:539} INFO - Filling up the DagBag from /home/airflow/.local/lib/python3.8/site-packages/airflow/example_dags/example_setup_teardown.py
[2023-09-20T22:30:07.997+0000] {processor.py:839} INFO - DAG(s) dict_keys(['example_setup_teardown']) retrieved from /home/airflow/.local/lib/python3.8/site-packages/airflow/example_dags/example_setup_teardown.py
[2023-09-20T22:30:08.027+0000] {logging_mixin.py:151} INFO - [2023-09-20T22:30:08.027+0000] {dag.py:2915} INFO - Sync 1 DAGs
[2023-09-20T22:30:08.059+0000] {logging_mixin.py:151} INFO - [2023-09-20T22:30:08.059+0000] {dag.py:3696} INFO - Setting next_dagrun for example_setup_teardown to 2023-09-19T22:30:08.058899+00:00, run_after=2023-09-20T22:30:08.058899+00:00
[2023-09-20T22:30:08.133+0000] {processor.py:179} INFO - Processing /home/airflow/.local/lib/python3.8/site-packages/airflow/example_dags/example_setup_teardown.py took 0.155 seconds
[2023-09-20T22:30:38.800+0000] {processor.py:157} INFO - Started process (PID=659) to work on /home/airflow/.local/lib/python3.8/site-packages/airflow/example_dags/example_setup_teardown.py
[2023-09-20T22:30:38.802+0000] {processor.py:829} INFO - Processing file /home/airflow/.local/lib/python3.8/site-packages/airflow/example_dags/example_setup_teardown.py for tasks to queue
[2023-09-20T22:30:38.805+0000] {logging_mixin.py:151} INFO - [2023-09-20T22:30:38.804+0000] {dagbag.py:539} INFO - Filling up the DagBag from /home/airflow/.local/lib/python3.8/site-packages/airflow/example_dags/example_setup_teardown.py
[2023-09-20T22:30:38.813+0000] {processor.py:839} INFO - DAG(s) dict_keys(['example_setup_teardown']) retrieved from /home/airflow/.local/lib/python3.8/site-packages/airflow/example_dags/example_setup_teardown.py
[2023-09-20T22:30:38.841+0000] {logging_mixin.py:151} INFO - [2023-09-20T22:30:38.841+0000] {dag.py:2915} INFO - Sync 1 DAGs
[2023-09-20T22:30:38.871+0000] {logging_mixin.py:151} INFO - [2023-09-20T22:30:38.871+0000] {dag.py:3696} INFO - Setting next_dagrun for example_setup_teardown to 2023-09-19T22:30:38.870768+00:00, run_after=2023-09-20T22:30:38.870768+00:00
[2023-09-20T22:30:38.903+0000] {processor.py:179} INFO - Processing /home/airflow/.local/lib/python3.8/site-packages/airflow/example_dags/example_setup_teardown.py took 0.107 seconds
[2023-09-20T22:31:09.737+0000] {processor.py:157} INFO - Started process (PID=714) to work on /home/airflow/.local/lib/python3.8/site-packages/airflow/example_dags/example_setup_teardown.py
[2023-09-20T22:31:09.738+0000] {processor.py:829} INFO - Processing file /home/airflow/.local/lib/python3.8/site-packages/airflow/example_dags/example_setup_teardown.py for tasks to queue
[2023-09-20T22:31:09.742+0000] {logging_mixin.py:151} INFO - [2023-09-20T22:31:09.741+0000] {dagbag.py:539} INFO - Filling up the DagBag from /home/airflow/.local/lib/python3.8/site-packages/airflow/example_dags/example_setup_teardown.py
[2023-09-20T22:31:09.751+0000] {processor.py:839} INFO - DAG(s) dict_keys(['example_setup_teardown']) retrieved from /home/airflow/.local/lib/python3.8/site-packages/airflow/example_dags/example_setup_teardown.py
[2023-09-20T22:31:09.781+0000] {logging_mixin.py:151} INFO - [2023-09-20T22:31:09.781+0000] {dag.py:2915} INFO - Sync 1 DAGs
[2023-09-20T22:31:09.814+0000] {logging_mixin.py:151} INFO - [2023-09-20T22:31:09.813+0000] {dag.py:3696} INFO - Setting next_dagrun for example_setup_teardown to 2023-09-19T22:31:09.813611+00:00, run_after=2023-09-20T22:31:09.813611+00:00
[2023-09-20T22:31:09.847+0000] {processor.py:179} INFO - Processing /home/airflow/.local/lib/python3.8/site-packages/airflow/example_dags/example_setup_teardown.py took 0.115 seconds
[2023-09-20T22:31:41.308+0000] {processor.py:157} INFO - Started process (PID=770) to work on /home/airflow/.local/lib/python3.8/site-packages/airflow/example_dags/example_setup_teardown.py
[2023-09-20T22:31:41.310+0000] {processor.py:829} INFO - Processing file /home/airflow/.local/lib/python3.8/site-packages/airflow/example_dags/example_setup_teardown.py for tasks to queue
[2023-09-20T22:31:41.314+0000] {logging_mixin.py:151} INFO - [2023-09-20T22:31:41.313+0000] {dagbag.py:539} INFO - Filling up the DagBag from /home/airflow/.local/lib/python3.8/site-packages/airflow/example_dags/example_setup_teardown.py
[2023-09-20T22:31:41.325+0000] {processor.py:839} INFO - DAG(s) dict_keys(['example_setup_teardown']) retrieved from /home/airflow/.local/lib/python3.8/site-packages/airflow/example_dags/example_setup_teardown.py
[2023-09-20T22:31:41.355+0000] {logging_mixin.py:151} INFO - [2023-09-20T22:31:41.354+0000] {dag.py:2915} INFO - Sync 1 DAGs
[2023-09-20T22:31:41.385+0000] {logging_mixin.py:151} INFO - [2023-09-20T22:31:41.385+0000] {dag.py:3696} INFO - Setting next_dagrun for example_setup_teardown to 2023-09-19T22:31:41.384711+00:00, run_after=2023-09-20T22:31:41.384711+00:00
[2023-09-20T22:31:41.419+0000] {processor.py:179} INFO - Processing /home/airflow/.local/lib/python3.8/site-packages/airflow/example_dags/example_setup_teardown.py took 0.115 seconds
[2023-09-20T22:32:11.560+0000] {processor.py:157} INFO - Started process (PID=825) to work on /home/airflow/.local/lib/python3.8/site-packages/airflow/example_dags/example_setup_teardown.py
[2023-09-20T22:32:11.561+0000] {processor.py:829} INFO - Processing file /home/airflow/.local/lib/python3.8/site-packages/airflow/example_dags/example_setup_teardown.py for tasks to queue
[2023-09-20T22:32:11.565+0000] {logging_mixin.py:151} INFO - [2023-09-20T22:32:11.564+0000] {dagbag.py:539} INFO - Filling up the DagBag from /home/airflow/.local/lib/python3.8/site-packages/airflow/example_dags/example_setup_teardown.py
[2023-09-20T22:32:11.574+0000] {processor.py:839} INFO - DAG(s) dict_keys(['example_setup_teardown']) retrieved from /home/airflow/.local/lib/python3.8/site-packages/airflow/example_dags/example_setup_teardown.py
[2023-09-20T22:32:11.602+0000] {logging_mixin.py:151} INFO - [2023-09-20T22:32:11.601+0000] {dag.py:2915} INFO - Sync 1 DAGs
[2023-09-20T22:32:11.637+0000] {logging_mixin.py:151} INFO - [2023-09-20T22:32:11.637+0000] {dag.py:3696} INFO - Setting next_dagrun for example_setup_teardown to 2023-09-19T22:32:11.637063+00:00, run_after=2023-09-20T22:32:11.637063+00:00
[2023-09-20T22:32:11.671+0000] {processor.py:179} INFO - Processing /home/airflow/.local/lib/python3.8/site-packages/airflow/example_dags/example_setup_teardown.py took 0.116 seconds
[2023-09-20T22:32:42.503+0000] {processor.py:157} INFO - Started process (PID=880) to work on /home/airflow/.local/lib/python3.8/site-packages/airflow/example_dags/example_setup_teardown.py
[2023-09-20T22:32:42.504+0000] {processor.py:829} INFO - Processing file /home/airflow/.local/lib/python3.8/site-packages/airflow/example_dags/example_setup_teardown.py for tasks to queue
[2023-09-20T22:32:42.508+0000] {logging_mixin.py:151} INFO - [2023-09-20T22:32:42.507+0000] {dagbag.py:539} INFO - Filling up the DagBag from /home/airflow/.local/lib/python3.8/site-packages/airflow/example_dags/example_setup_teardown.py
[2023-09-20T22:32:42.517+0000] {processor.py:839} INFO - DAG(s) dict_keys(['example_setup_teardown']) retrieved from /home/airflow/.local/lib/python3.8/site-packages/airflow/example_dags/example_setup_teardown.py
[2023-09-20T22:32:42.545+0000] {logging_mixin.py:151} INFO - [2023-09-20T22:32:42.545+0000] {dag.py:2915} INFO - Sync 1 DAGs
[2023-09-20T22:32:42.580+0000] {logging_mixin.py:151} INFO - [2023-09-20T22:32:42.579+0000] {dag.py:3696} INFO - Setting next_dagrun for example_setup_teardown to 2023-09-19T22:32:42.579212+00:00, run_after=2023-09-20T22:32:42.579212+00:00
[2023-09-20T22:32:42.610+0000] {processor.py:179} INFO - Processing /home/airflow/.local/lib/python3.8/site-packages/airflow/example_dags/example_setup_teardown.py took 0.111 seconds
[2023-09-20T22:33:13.425+0000] {processor.py:157} INFO - Started process (PID=935) to work on /home/airflow/.local/lib/python3.8/site-packages/airflow/example_dags/example_setup_teardown.py
[2023-09-20T22:33:13.426+0000] {processor.py:829} INFO - Processing file /home/airflow/.local/lib/python3.8/site-packages/airflow/example_dags/example_setup_teardown.py for tasks to queue
[2023-09-20T22:33:13.430+0000] {logging_mixin.py:151} INFO - [2023-09-20T22:33:13.430+0000] {dagbag.py:539} INFO - Filling up the DagBag from /home/airflow/.local/lib/python3.8/site-packages/airflow/example_dags/example_setup_teardown.py
[2023-09-20T22:33:13.440+0000] {processor.py:839} INFO - DAG(s) dict_keys(['example_setup_teardown']) retrieved from /home/airflow/.local/lib/python3.8/site-packages/airflow/example_dags/example_setup_teardown.py
[2023-09-20T22:33:13.468+0000] {logging_mixin.py:151} INFO - [2023-09-20T22:33:13.468+0000] {dag.py:2915} INFO - Sync 1 DAGs
[2023-09-20T22:33:13.498+0000] {logging_mixin.py:151} INFO - [2023-09-20T22:33:13.498+0000] {dag.py:3696} INFO - Setting next_dagrun for example_setup_teardown to 2023-09-19T22:33:13.497779+00:00, run_after=2023-09-20T22:33:13.497779+00:00
[2023-09-20T22:33:13.530+0000] {processor.py:179} INFO - Processing /home/airflow/.local/lib/python3.8/site-packages/airflow/example_dags/example_setup_teardown.py took 0.112 seconds
[2023-09-20T22:33:44.183+0000] {processor.py:157} INFO - Started process (PID=990) to work on /home/airflow/.local/lib/python3.8/site-packages/airflow/example_dags/example_setup_teardown.py
[2023-09-20T22:33:44.184+0000] {processor.py:829} INFO - Processing file /home/airflow/.local/lib/python3.8/site-packages/airflow/example_dags/example_setup_teardown.py for tasks to queue
[2023-09-20T22:33:44.188+0000] {logging_mixin.py:151} INFO - [2023-09-20T22:33:44.187+0000] {dagbag.py:539} INFO - Filling up the DagBag from /home/airflow/.local/lib/python3.8/site-packages/airflow/example_dags/example_setup_teardown.py
[2023-09-20T22:33:44.199+0000] {processor.py:839} INFO - DAG(s) dict_keys(['example_setup_teardown']) retrieved from /home/airflow/.local/lib/python3.8/site-packages/airflow/example_dags/example_setup_teardown.py
[2023-09-20T22:33:44.230+0000] {logging_mixin.py:151} INFO - [2023-09-20T22:33:44.229+0000] {dag.py:2915} INFO - Sync 1 DAGs
[2023-09-20T22:33:44.258+0000] {logging_mixin.py:151} INFO - [2023-09-20T22:33:44.258+0000] {dag.py:3696} INFO - Setting next_dagrun for example_setup_teardown to 2023-09-19T22:33:44.258079+00:00, run_after=2023-09-20T22:33:44.258079+00:00
[2023-09-20T22:33:44.293+0000] {processor.py:179} INFO - Processing /home/airflow/.local/lib/python3.8/site-packages/airflow/example_dags/example_setup_teardown.py took 0.116 seconds
[2023-09-20T22:34:14.576+0000] {processor.py:157} INFO - Started process (PID=1045) to work on /home/airflow/.local/lib/python3.8/site-packages/airflow/example_dags/example_setup_teardown.py
[2023-09-20T22:34:14.577+0000] {processor.py:829} INFO - Processing file /home/airflow/.local/lib/python3.8/site-packages/airflow/example_dags/example_setup_teardown.py for tasks to queue
[2023-09-20T22:34:14.581+0000] {logging_mixin.py:151} INFO - [2023-09-20T22:34:14.581+0000] {dagbag.py:539} INFO - Filling up the DagBag from /home/airflow/.local/lib/python3.8/site-packages/airflow/example_dags/example_setup_teardown.py
[2023-09-20T22:34:14.591+0000] {processor.py:839} INFO - DAG(s) dict_keys(['example_setup_teardown']) retrieved from /home/airflow/.local/lib/python3.8/site-packages/airflow/example_dags/example_setup_teardown.py
[2023-09-20T22:34:14.627+0000] {logging_mixin.py:151} INFO - [2023-09-20T22:34:14.627+0000] {dag.py:2915} INFO - Sync 1 DAGs
[2023-09-20T22:34:14.660+0000] {logging_mixin.py:151} INFO - [2023-09-20T22:34:14.659+0000] {dag.py:3696} INFO - Setting next_dagrun for example_setup_teardown to 2023-09-19T22:34:14.659698+00:00, run_after=2023-09-20T22:34:14.659698+00:00
[2023-09-20T22:34:14.690+0000] {processor.py:179} INFO - Processing /home/airflow/.local/lib/python3.8/site-packages/airflow/example_dags/example_setup_teardown.py took 0.118 seconds
[2023-09-20T22:34:45.699+0000] {processor.py:157} INFO - Started process (PID=1100) to work on /home/airflow/.local/lib/python3.8/site-packages/airflow/example_dags/example_setup_teardown.py
[2023-09-20T22:34:45.701+0000] {processor.py:829} INFO - Processing file /home/airflow/.local/lib/python3.8/site-packages/airflow/example_dags/example_setup_teardown.py for tasks to queue
[2023-09-20T22:34:45.705+0000] {logging_mixin.py:151} INFO - [2023-09-20T22:34:45.704+0000] {dagbag.py:539} INFO - Filling up the DagBag from /home/airflow/.local/lib/python3.8/site-packages/airflow/example_dags/example_setup_teardown.py
[2023-09-20T22:34:45.715+0000] {processor.py:839} INFO - DAG(s) dict_keys(['example_setup_teardown']) retrieved from /home/airflow/.local/lib/python3.8/site-packages/airflow/example_dags/example_setup_teardown.py
[2023-09-20T22:34:45.743+0000] {logging_mixin.py:151} INFO - [2023-09-20T22:34:45.743+0000] {dag.py:2915} INFO - Sync 1 DAGs
[2023-09-20T22:34:45.773+0000] {logging_mixin.py:151} INFO - [2023-09-20T22:34:45.773+0000] {dag.py:3696} INFO - Setting next_dagrun for example_setup_teardown to 2023-09-19T22:34:45.772710+00:00, run_after=2023-09-20T22:34:45.772710+00:00
[2023-09-20T22:34:45.800+0000] {processor.py:179} INFO - Processing /home/airflow/.local/lib/python3.8/site-packages/airflow/example_dags/example_setup_teardown.py took 0.107 seconds
[2023-09-20T22:35:16.326+0000] {processor.py:157} INFO - Started process (PID=1155) to work on /home/airflow/.local/lib/python3.8/site-packages/airflow/example_dags/example_setup_teardown.py
[2023-09-20T22:35:16.328+0000] {processor.py:829} INFO - Processing file /home/airflow/.local/lib/python3.8/site-packages/airflow/example_dags/example_setup_teardown.py for tasks to queue
[2023-09-20T22:35:16.332+0000] {logging_mixin.py:151} INFO - [2023-09-20T22:35:16.332+0000] {dagbag.py:539} INFO - Filling up the DagBag from /home/airflow/.local/lib/python3.8/site-packages/airflow/example_dags/example_setup_teardown.py
[2023-09-20T22:35:16.344+0000] {processor.py:839} INFO - DAG(s) dict_keys(['example_setup_teardown']) retrieved from /home/airflow/.local/lib/python3.8/site-packages/airflow/example_dags/example_setup_teardown.py
[2023-09-20T22:35:16.379+0000] {logging_mixin.py:151} INFO - [2023-09-20T22:35:16.379+0000] {dag.py:2915} INFO - Sync 1 DAGs
[2023-09-20T22:35:16.409+0000] {logging_mixin.py:151} INFO - [2023-09-20T22:35:16.409+0000] {dag.py:3696} INFO - Setting next_dagrun for example_setup_teardown to 2023-09-19T22:35:16.408876+00:00, run_after=2023-09-20T22:35:16.408876+00:00
[2023-09-20T22:35:16.447+0000] {processor.py:179} INFO - Processing /home/airflow/.local/lib/python3.8/site-packages/airflow/example_dags/example_setup_teardown.py took 0.127 seconds
[2023-09-20T22:35:46.711+0000] {processor.py:157} INFO - Started process (PID=1210) to work on /home/airflow/.local/lib/python3.8/site-packages/airflow/example_dags/example_setup_teardown.py
[2023-09-20T22:35:46.713+0000] {processor.py:829} INFO - Processing file /home/airflow/.local/lib/python3.8/site-packages/airflow/example_dags/example_setup_teardown.py for tasks to queue
[2023-09-20T22:35:46.717+0000] {logging_mixin.py:151} INFO - [2023-09-20T22:35:46.717+0000] {dagbag.py:539} INFO - Filling up the DagBag from /home/airflow/.local/lib/python3.8/site-packages/airflow/example_dags/example_setup_teardown.py
[2023-09-20T22:35:46.731+0000] {processor.py:839} INFO - DAG(s) dict_keys(['example_setup_teardown']) retrieved from /home/airflow/.local/lib/python3.8/site-packages/airflow/example_dags/example_setup_teardown.py
[2023-09-20T22:35:46.760+0000] {logging_mixin.py:151} INFO - [2023-09-20T22:35:46.759+0000] {dag.py:2915} INFO - Sync 1 DAGs
[2023-09-20T22:35:46.789+0000] {logging_mixin.py:151} INFO - [2023-09-20T22:35:46.789+0000] {dag.py:3696} INFO - Setting next_dagrun for example_setup_teardown to 2023-09-19T22:35:46.788734+00:00, run_after=2023-09-20T22:35:46.788734+00:00
[2023-09-20T22:35:46.818+0000] {processor.py:179} INFO - Processing /home/airflow/.local/lib/python3.8/site-packages/airflow/example_dags/example_setup_teardown.py took 0.111 seconds
[2023-09-20T22:36:17.267+0000] {processor.py:157} INFO - Started process (PID=1265) to work on /home/airflow/.local/lib/python3.8/site-packages/airflow/example_dags/example_setup_teardown.py
[2023-09-20T22:36:17.268+0000] {processor.py:829} INFO - Processing file /home/airflow/.local/lib/python3.8/site-packages/airflow/example_dags/example_setup_teardown.py for tasks to queue
[2023-09-20T22:36:17.273+0000] {logging_mixin.py:151} INFO - [2023-09-20T22:36:17.272+0000] {dagbag.py:539} INFO - Filling up the DagBag from /home/airflow/.local/lib/python3.8/site-packages/airflow/example_dags/example_setup_teardown.py
[2023-09-20T22:36:17.288+0000] {processor.py:839} INFO - DAG(s) dict_keys(['example_setup_teardown']) retrieved from /home/airflow/.local/lib/python3.8/site-packages/airflow/example_dags/example_setup_teardown.py
[2023-09-20T22:36:17.326+0000] {logging_mixin.py:151} INFO - [2023-09-20T22:36:17.325+0000] {dag.py:2915} INFO - Sync 1 DAGs
[2023-09-20T22:36:17.358+0000] {logging_mixin.py:151} INFO - [2023-09-20T22:36:17.358+0000] {dag.py:3696} INFO - Setting next_dagrun for example_setup_teardown to 2023-09-19T22:36:17.357657+00:00, run_after=2023-09-20T22:36:17.357657+00:00
[2023-09-20T22:36:17.413+0000] {processor.py:179} INFO - Processing /home/airflow/.local/lib/python3.8/site-packages/airflow/example_dags/example_setup_teardown.py took 0.150 seconds
[2023-09-20T22:36:48.015+0000] {processor.py:157} INFO - Started process (PID=1320) to work on /home/airflow/.local/lib/python3.8/site-packages/airflow/example_dags/example_setup_teardown.py
[2023-09-20T22:36:48.017+0000] {processor.py:829} INFO - Processing file /home/airflow/.local/lib/python3.8/site-packages/airflow/example_dags/example_setup_teardown.py for tasks to queue
[2023-09-20T22:36:48.021+0000] {logging_mixin.py:151} INFO - [2023-09-20T22:36:48.021+0000] {dagbag.py:539} INFO - Filling up the DagBag from /home/airflow/.local/lib/python3.8/site-packages/airflow/example_dags/example_setup_teardown.py
[2023-09-20T22:36:48.032+0000] {processor.py:839} INFO - DAG(s) dict_keys(['example_setup_teardown']) retrieved from /home/airflow/.local/lib/python3.8/site-packages/airflow/example_dags/example_setup_teardown.py
[2023-09-20T22:36:48.062+0000] {logging_mixin.py:151} INFO - [2023-09-20T22:36:48.062+0000] {dag.py:2915} INFO - Sync 1 DAGs
[2023-09-20T22:36:48.090+0000] {logging_mixin.py:151} INFO - [2023-09-20T22:36:48.090+0000] {dag.py:3696} INFO - Setting next_dagrun for example_setup_teardown to 2023-09-19T22:36:48.090162+00:00, run_after=2023-09-20T22:36:48.090162+00:00
[2023-09-20T22:36:48.115+0000] {processor.py:179} INFO - Processing /home/airflow/.local/lib/python3.8/site-packages/airflow/example_dags/example_setup_teardown.py took 0.105 seconds
[2023-09-20T22:37:19.051+0000] {processor.py:157} INFO - Started process (PID=1376) to work on /home/airflow/.local/lib/python3.8/site-packages/airflow/example_dags/example_setup_teardown.py
[2023-09-20T22:37:19.052+0000] {processor.py:829} INFO - Processing file /home/airflow/.local/lib/python3.8/site-packages/airflow/example_dags/example_setup_teardown.py for tasks to queue
[2023-09-20T22:37:19.056+0000] {logging_mixin.py:151} INFO - [2023-09-20T22:37:19.055+0000] {dagbag.py:539} INFO - Filling up the DagBag from /home/airflow/.local/lib/python3.8/site-packages/airflow/example_dags/example_setup_teardown.py
[2023-09-20T22:37:19.064+0000] {processor.py:839} INFO - DAG(s) dict_keys(['example_setup_teardown']) retrieved from /home/airflow/.local/lib/python3.8/site-packages/airflow/example_dags/example_setup_teardown.py
[2023-09-20T22:37:19.102+0000] {logging_mixin.py:151} INFO - [2023-09-20T22:37:19.101+0000] {dag.py:2915} INFO - Sync 1 DAGs
[2023-09-20T22:37:19.132+0000] {logging_mixin.py:151} INFO - [2023-09-20T22:37:19.132+0000] {dag.py:3696} INFO - Setting next_dagrun for example_setup_teardown to 2023-09-19T22:37:19.131750+00:00, run_after=2023-09-20T22:37:19.131750+00:00
[2023-09-20T22:37:19.172+0000] {processor.py:179} INFO - Processing /home/airflow/.local/lib/python3.8/site-packages/airflow/example_dags/example_setup_teardown.py took 0.126 seconds
[2023-09-20T22:37:49.862+0000] {processor.py:157} INFO - Started process (PID=1431) to work on /home/airflow/.local/lib/python3.8/site-packages/airflow/example_dags/example_setup_teardown.py
[2023-09-20T22:37:49.864+0000] {processor.py:829} INFO - Processing file /home/airflow/.local/lib/python3.8/site-packages/airflow/example_dags/example_setup_teardown.py for tasks to queue
[2023-09-20T22:37:49.868+0000] {logging_mixin.py:151} INFO - [2023-09-20T22:37:49.868+0000] {dagbag.py:539} INFO - Filling up the DagBag from /home/airflow/.local/lib/python3.8/site-packages/airflow/example_dags/example_setup_teardown.py
[2023-09-20T22:37:49.882+0000] {processor.py:839} INFO - DAG(s) dict_keys(['example_setup_teardown']) retrieved from /home/airflow/.local/lib/python3.8/site-packages/airflow/example_dags/example_setup_teardown.py
[2023-09-20T22:37:49.915+0000] {logging_mixin.py:151} INFO - [2023-09-20T22:37:49.915+0000] {dag.py:2915} INFO - Sync 1 DAGs
[2023-09-20T22:37:49.946+0000] {logging_mixin.py:151} INFO - [2023-09-20T22:37:49.946+0000] {dag.py:3696} INFO - Setting next_dagrun for example_setup_teardown to 2023-09-19T22:37:49.945816+00:00, run_after=2023-09-20T22:37:49.945816+00:00
[2023-09-20T22:37:49.972+0000] {processor.py:179} INFO - Processing /home/airflow/.local/lib/python3.8/site-packages/airflow/example_dags/example_setup_teardown.py took 0.117 seconds
[2023-09-20T22:38:20.206+0000] {processor.py:157} INFO - Started process (PID=1486) to work on /home/airflow/.local/lib/python3.8/site-packages/airflow/example_dags/example_setup_teardown.py
[2023-09-20T22:38:20.208+0000] {processor.py:829} INFO - Processing file /home/airflow/.local/lib/python3.8/site-packages/airflow/example_dags/example_setup_teardown.py for tasks to queue
[2023-09-20T22:38:20.212+0000] {logging_mixin.py:151} INFO - [2023-09-20T22:38:20.212+0000] {dagbag.py:539} INFO - Filling up the DagBag from /home/airflow/.local/lib/python3.8/site-packages/airflow/example_dags/example_setup_teardown.py
[2023-09-20T22:38:20.225+0000] {processor.py:839} INFO - DAG(s) dict_keys(['example_setup_teardown']) retrieved from /home/airflow/.local/lib/python3.8/site-packages/airflow/example_dags/example_setup_teardown.py
[2023-09-20T22:38:20.257+0000] {logging_mixin.py:151} INFO - [2023-09-20T22:38:20.257+0000] {dag.py:2915} INFO - Sync 1 DAGs
[2023-09-20T22:38:20.295+0000] {logging_mixin.py:151} INFO - [2023-09-20T22:38:20.295+0000] {dag.py:3696} INFO - Setting next_dagrun for example_setup_teardown to 2023-09-19T22:38:20.295137+00:00, run_after=2023-09-20T22:38:20.295137+00:00
[2023-09-20T22:38:20.333+0000] {processor.py:179} INFO - Processing /home/airflow/.local/lib/python3.8/site-packages/airflow/example_dags/example_setup_teardown.py took 0.131 seconds
[2023-09-20T22:38:50.982+0000] {processor.py:157} INFO - Started process (PID=1541) to work on /home/airflow/.local/lib/python3.8/site-packages/airflow/example_dags/example_setup_teardown.py
[2023-09-20T22:38:50.983+0000] {processor.py:829} INFO - Processing file /home/airflow/.local/lib/python3.8/site-packages/airflow/example_dags/example_setup_teardown.py for tasks to queue
[2023-09-20T22:38:50.987+0000] {logging_mixin.py:151} INFO - [2023-09-20T22:38:50.987+0000] {dagbag.py:539} INFO - Filling up the DagBag from /home/airflow/.local/lib/python3.8/site-packages/airflow/example_dags/example_setup_teardown.py
[2023-09-20T22:38:51.003+0000] {processor.py:839} INFO - DAG(s) dict_keys(['example_setup_teardown']) retrieved from /home/airflow/.local/lib/python3.8/site-packages/airflow/example_dags/example_setup_teardown.py
[2023-09-20T22:38:51.043+0000] {logging_mixin.py:151} INFO - [2023-09-20T22:38:51.042+0000] {dag.py:2915} INFO - Sync 1 DAGs
[2023-09-20T22:38:51.076+0000] {logging_mixin.py:151} INFO - [2023-09-20T22:38:51.076+0000] {dag.py:3696} INFO - Setting next_dagrun for example_setup_teardown to 2023-09-19T22:38:51.076119+00:00, run_after=2023-09-20T22:38:51.076119+00:00
[2023-09-20T22:38:51.150+0000] {processor.py:179} INFO - Processing /home/airflow/.local/lib/python3.8/site-packages/airflow/example_dags/example_setup_teardown.py took 0.171 seconds
[2023-09-20T22:39:22.073+0000] {processor.py:157} INFO - Started process (PID=1596) to work on /home/airflow/.local/lib/python3.8/site-packages/airflow/example_dags/example_setup_teardown.py
[2023-09-20T22:39:22.075+0000] {processor.py:829} INFO - Processing file /home/airflow/.local/lib/python3.8/site-packages/airflow/example_dags/example_setup_teardown.py for tasks to queue
[2023-09-20T22:39:22.081+0000] {logging_mixin.py:151} INFO - [2023-09-20T22:39:22.080+0000] {dagbag.py:539} INFO - Filling up the DagBag from /home/airflow/.local/lib/python3.8/site-packages/airflow/example_dags/example_setup_teardown.py
[2023-09-20T22:39:22.094+0000] {processor.py:839} INFO - DAG(s) dict_keys(['example_setup_teardown']) retrieved from /home/airflow/.local/lib/python3.8/site-packages/airflow/example_dags/example_setup_teardown.py
[2023-09-20T22:39:22.123+0000] {logging_mixin.py:151} INFO - [2023-09-20T22:39:22.122+0000] {dag.py:2915} INFO - Sync 1 DAGs
[2023-09-20T22:39:22.153+0000] {logging_mixin.py:151} INFO - [2023-09-20T22:39:22.153+0000] {dag.py:3696} INFO - Setting next_dagrun for example_setup_teardown to 2023-09-19T22:39:22.152882+00:00, run_after=2023-09-20T22:39:22.152882+00:00
[2023-09-20T22:39:22.188+0000] {processor.py:179} INFO - Processing /home/airflow/.local/lib/python3.8/site-packages/airflow/example_dags/example_setup_teardown.py took 0.121 seconds
[2023-09-20T22:39:52.650+0000] {processor.py:157} INFO - Started process (PID=1657) to work on /home/airflow/.local/lib/python3.8/site-packages/airflow/example_dags/example_setup_teardown.py
[2023-09-20T22:39:52.651+0000] {processor.py:829} INFO - Processing file /home/airflow/.local/lib/python3.8/site-packages/airflow/example_dags/example_setup_teardown.py for tasks to queue
[2023-09-20T22:39:52.656+0000] {logging_mixin.py:151} INFO - [2023-09-20T22:39:52.655+0000] {dagbag.py:539} INFO - Filling up the DagBag from /home/airflow/.local/lib/python3.8/site-packages/airflow/example_dags/example_setup_teardown.py
[2023-09-20T22:39:52.664+0000] {processor.py:839} INFO - DAG(s) dict_keys(['example_setup_teardown']) retrieved from /home/airflow/.local/lib/python3.8/site-packages/airflow/example_dags/example_setup_teardown.py
[2023-09-20T22:39:52.694+0000] {logging_mixin.py:151} INFO - [2023-09-20T22:39:52.694+0000] {dag.py:2915} INFO - Sync 1 DAGs
[2023-09-20T22:39:52.724+0000] {logging_mixin.py:151} INFO - [2023-09-20T22:39:52.724+0000] {dag.py:3696} INFO - Setting next_dagrun for example_setup_teardown to 2023-09-19T22:39:52.724227+00:00, run_after=2023-09-20T22:39:52.724227+00:00
[2023-09-20T22:39:52.774+0000] {processor.py:179} INFO - Processing /home/airflow/.local/lib/python3.8/site-packages/airflow/example_dags/example_setup_teardown.py took 0.129 seconds
[2023-09-20T22:40:23.514+0000] {processor.py:157} INFO - Started process (PID=1712) to work on /home/airflow/.local/lib/python3.8/site-packages/airflow/example_dags/example_setup_teardown.py
[2023-09-20T22:40:23.516+0000] {processor.py:829} INFO - Processing file /home/airflow/.local/lib/python3.8/site-packages/airflow/example_dags/example_setup_teardown.py for tasks to queue
[2023-09-20T22:40:23.522+0000] {logging_mixin.py:151} INFO - [2023-09-20T22:40:23.522+0000] {dagbag.py:539} INFO - Filling up the DagBag from /home/airflow/.local/lib/python3.8/site-packages/airflow/example_dags/example_setup_teardown.py
[2023-09-20T22:40:23.536+0000] {processor.py:839} INFO - DAG(s) dict_keys(['example_setup_teardown']) retrieved from /home/airflow/.local/lib/python3.8/site-packages/airflow/example_dags/example_setup_teardown.py
[2023-09-20T22:40:23.575+0000] {logging_mixin.py:151} INFO - [2023-09-20T22:40:23.575+0000] {dag.py:2915} INFO - Sync 1 DAGs
[2023-09-20T22:40:23.611+0000] {logging_mixin.py:151} INFO - [2023-09-20T22:40:23.611+0000] {dag.py:3696} INFO - Setting next_dagrun for example_setup_teardown to 2023-09-19T22:40:23.610767+00:00, run_after=2023-09-20T22:40:23.610767+00:00
[2023-09-20T22:40:23.643+0000] {processor.py:179} INFO - Processing /home/airflow/.local/lib/python3.8/site-packages/airflow/example_dags/example_setup_teardown.py took 0.136 seconds
[2023-09-20T22:40:53.961+0000] {processor.py:157} INFO - Started process (PID=1767) to work on /home/airflow/.local/lib/python3.8/site-packages/airflow/example_dags/example_setup_teardown.py
[2023-09-20T22:40:53.963+0000] {processor.py:829} INFO - Processing file /home/airflow/.local/lib/python3.8/site-packages/airflow/example_dags/example_setup_teardown.py for tasks to queue
[2023-09-20T22:40:53.967+0000] {logging_mixin.py:151} INFO - [2023-09-20T22:40:53.967+0000] {dagbag.py:539} INFO - Filling up the DagBag from /home/airflow/.local/lib/python3.8/site-packages/airflow/example_dags/example_setup_teardown.py
[2023-09-20T22:40:53.975+0000] {processor.py:839} INFO - DAG(s) dict_keys(['example_setup_teardown']) retrieved from /home/airflow/.local/lib/python3.8/site-packages/airflow/example_dags/example_setup_teardown.py
[2023-09-20T22:40:54.009+0000] {logging_mixin.py:151} INFO - [2023-09-20T22:40:54.008+0000] {dag.py:2915} INFO - Sync 1 DAGs
[2023-09-20T22:40:54.042+0000] {logging_mixin.py:151} INFO - [2023-09-20T22:40:54.041+0000] {dag.py:3696} INFO - Setting next_dagrun for example_setup_teardown to 2023-09-19T22:40:54.041447+00:00, run_after=2023-09-20T22:40:54.041447+00:00
[2023-09-20T22:40:54.079+0000] {processor.py:179} INFO - Processing /home/airflow/.local/lib/python3.8/site-packages/airflow/example_dags/example_setup_teardown.py took 0.122 seconds
[2023-09-20T22:41:24.545+0000] {processor.py:157} INFO - Started process (PID=1822) to work on /home/airflow/.local/lib/python3.8/site-packages/airflow/example_dags/example_setup_teardown.py
[2023-09-20T22:41:24.547+0000] {processor.py:829} INFO - Processing file /home/airflow/.local/lib/python3.8/site-packages/airflow/example_dags/example_setup_teardown.py for tasks to queue
[2023-09-20T22:41:24.553+0000] {logging_mixin.py:151} INFO - [2023-09-20T22:41:24.552+0000] {dagbag.py:539} INFO - Filling up the DagBag from /home/airflow/.local/lib/python3.8/site-packages/airflow/example_dags/example_setup_teardown.py
[2023-09-20T22:41:24.567+0000] {processor.py:839} INFO - DAG(s) dict_keys(['example_setup_teardown']) retrieved from /home/airflow/.local/lib/python3.8/site-packages/airflow/example_dags/example_setup_teardown.py
[2023-09-20T22:41:24.618+0000] {logging_mixin.py:151} INFO - [2023-09-20T22:41:24.617+0000] {dag.py:2915} INFO - Sync 1 DAGs
[2023-09-20T22:41:24.658+0000] {logging_mixin.py:151} INFO - [2023-09-20T22:41:24.658+0000] {dag.py:3696} INFO - Setting next_dagrun for example_setup_teardown to 2023-09-19T22:41:24.658005+00:00, run_after=2023-09-20T22:41:24.658005+00:00
[2023-09-20T22:41:24.696+0000] {processor.py:179} INFO - Processing /home/airflow/.local/lib/python3.8/site-packages/airflow/example_dags/example_setup_teardown.py took 0.157 seconds
[2023-09-20T22:41:55.096+0000] {processor.py:157} INFO - Started process (PID=1877) to work on /home/airflow/.local/lib/python3.8/site-packages/airflow/example_dags/example_setup_teardown.py
[2023-09-20T22:41:55.098+0000] {processor.py:829} INFO - Processing file /home/airflow/.local/lib/python3.8/site-packages/airflow/example_dags/example_setup_teardown.py for tasks to queue
[2023-09-20T22:41:55.108+0000] {logging_mixin.py:151} INFO - [2023-09-20T22:41:55.107+0000] {dagbag.py:539} INFO - Filling up the DagBag from /home/airflow/.local/lib/python3.8/site-packages/airflow/example_dags/example_setup_teardown.py
[2023-09-20T22:41:55.127+0000] {processor.py:839} INFO - DAG(s) dict_keys(['example_setup_teardown']) retrieved from /home/airflow/.local/lib/python3.8/site-packages/airflow/example_dags/example_setup_teardown.py
[2023-09-20T22:41:55.155+0000] {logging_mixin.py:151} INFO - [2023-09-20T22:41:55.155+0000] {dag.py:2915} INFO - Sync 1 DAGs
[2023-09-20T22:41:55.194+0000] {logging_mixin.py:151} INFO - [2023-09-20T22:41:55.194+0000] {dag.py:3696} INFO - Setting next_dagrun for example_setup_teardown to 2023-09-19T22:41:55.193905+00:00, run_after=2023-09-20T22:41:55.193905+00:00
[2023-09-20T22:41:55.231+0000] {processor.py:179} INFO - Processing /home/airflow/.local/lib/python3.8/site-packages/airflow/example_dags/example_setup_teardown.py took 0.142 seconds
[2023-09-20T22:42:25.634+0000] {processor.py:157} INFO - Started process (PID=1932) to work on /home/airflow/.local/lib/python3.8/site-packages/airflow/example_dags/example_setup_teardown.py
[2023-09-20T22:42:25.637+0000] {processor.py:829} INFO - Processing file /home/airflow/.local/lib/python3.8/site-packages/airflow/example_dags/example_setup_teardown.py for tasks to queue
[2023-09-20T22:42:25.643+0000] {logging_mixin.py:151} INFO - [2023-09-20T22:42:25.642+0000] {dagbag.py:539} INFO - Filling up the DagBag from /home/airflow/.local/lib/python3.8/site-packages/airflow/example_dags/example_setup_teardown.py
[2023-09-20T22:42:25.657+0000] {processor.py:839} INFO - DAG(s) dict_keys(['example_setup_teardown']) retrieved from /home/airflow/.local/lib/python3.8/site-packages/airflow/example_dags/example_setup_teardown.py
[2023-09-20T22:42:25.693+0000] {logging_mixin.py:151} INFO - [2023-09-20T22:42:25.693+0000] {dag.py:2915} INFO - Sync 1 DAGs
[2023-09-20T22:42:25.733+0000] {logging_mixin.py:151} INFO - [2023-09-20T22:42:25.733+0000] {dag.py:3696} INFO - Setting next_dagrun for example_setup_teardown to 2023-09-19T22:42:25.732797+00:00, run_after=2023-09-20T22:42:25.732797+00:00
[2023-09-20T22:42:25.773+0000] {processor.py:179} INFO - Processing /home/airflow/.local/lib/python3.8/site-packages/airflow/example_dags/example_setup_teardown.py took 0.148 seconds
[2023-09-20T22:42:56.484+0000] {processor.py:157} INFO - Started process (PID=1987) to work on /home/airflow/.local/lib/python3.8/site-packages/airflow/example_dags/example_setup_teardown.py
[2023-09-20T22:42:56.486+0000] {processor.py:829} INFO - Processing file /home/airflow/.local/lib/python3.8/site-packages/airflow/example_dags/example_setup_teardown.py for tasks to queue
[2023-09-20T22:42:56.494+0000] {logging_mixin.py:151} INFO - [2023-09-20T22:42:56.493+0000] {dagbag.py:539} INFO - Filling up the DagBag from /home/airflow/.local/lib/python3.8/site-packages/airflow/example_dags/example_setup_teardown.py
[2023-09-20T22:42:56.509+0000] {processor.py:839} INFO - DAG(s) dict_keys(['example_setup_teardown']) retrieved from /home/airflow/.local/lib/python3.8/site-packages/airflow/example_dags/example_setup_teardown.py
[2023-09-20T22:42:56.543+0000] {logging_mixin.py:151} INFO - [2023-09-20T22:42:56.543+0000] {dag.py:2915} INFO - Sync 1 DAGs
[2023-09-20T22:42:56.573+0000] {logging_mixin.py:151} INFO - [2023-09-20T22:42:56.572+0000] {dag.py:3696} INFO - Setting next_dagrun for example_setup_teardown to 2023-09-19T22:42:56.572275+00:00, run_after=2023-09-20T22:42:56.572275+00:00
[2023-09-20T22:42:56.601+0000] {processor.py:179} INFO - Processing /home/airflow/.local/lib/python3.8/site-packages/airflow/example_dags/example_setup_teardown.py took 0.128 seconds
[2023-09-20T22:43:27.216+0000] {processor.py:157} INFO - Started process (PID=2042) to work on /home/airflow/.local/lib/python3.8/site-packages/airflow/example_dags/example_setup_teardown.py
[2023-09-20T22:43:27.218+0000] {processor.py:829} INFO - Processing file /home/airflow/.local/lib/python3.8/site-packages/airflow/example_dags/example_setup_teardown.py for tasks to queue
[2023-09-20T22:43:27.222+0000] {logging_mixin.py:151} INFO - [2023-09-20T22:43:27.222+0000] {dagbag.py:539} INFO - Filling up the DagBag from /home/airflow/.local/lib/python3.8/site-packages/airflow/example_dags/example_setup_teardown.py
[2023-09-20T22:43:27.232+0000] {processor.py:839} INFO - DAG(s) dict_keys(['example_setup_teardown']) retrieved from /home/airflow/.local/lib/python3.8/site-packages/airflow/example_dags/example_setup_teardown.py
[2023-09-20T22:43:27.268+0000] {logging_mixin.py:151} INFO - [2023-09-20T22:43:27.268+0000] {dag.py:2915} INFO - Sync 1 DAGs
[2023-09-20T22:43:27.296+0000] {logging_mixin.py:151} INFO - [2023-09-20T22:43:27.296+0000] {dag.py:3696} INFO - Setting next_dagrun for example_setup_teardown to 2023-09-19T22:43:27.296288+00:00, run_after=2023-09-20T22:43:27.296288+00:00
[2023-09-20T22:43:27.322+0000] {processor.py:179} INFO - Processing /home/airflow/.local/lib/python3.8/site-packages/airflow/example_dags/example_setup_teardown.py took 0.115 seconds
[2023-09-20T22:43:57.565+0000] {processor.py:157} INFO - Started process (PID=2096) to work on /home/airflow/.local/lib/python3.8/site-packages/airflow/example_dags/example_setup_teardown.py
[2023-09-20T22:43:57.566+0000] {processor.py:829} INFO - Processing file /home/airflow/.local/lib/python3.8/site-packages/airflow/example_dags/example_setup_teardown.py for tasks to queue
[2023-09-20T22:43:57.571+0000] {logging_mixin.py:151} INFO - [2023-09-20T22:43:57.570+0000] {dagbag.py:539} INFO - Filling up the DagBag from /home/airflow/.local/lib/python3.8/site-packages/airflow/example_dags/example_setup_teardown.py
[2023-09-20T22:43:57.583+0000] {processor.py:839} INFO - DAG(s) dict_keys(['example_setup_teardown']) retrieved from /home/airflow/.local/lib/python3.8/site-packages/airflow/example_dags/example_setup_teardown.py
[2023-09-20T22:43:57.622+0000] {logging_mixin.py:151} INFO - [2023-09-20T22:43:57.622+0000] {dag.py:2915} INFO - Sync 1 DAGs
[2023-09-20T22:43:57.671+0000] {logging_mixin.py:151} INFO - [2023-09-20T22:43:57.671+0000] {dag.py:3696} INFO - Setting next_dagrun for example_setup_teardown to 2023-09-19T22:43:57.670776+00:00, run_after=2023-09-20T22:43:57.670776+00:00
[2023-09-20T22:43:57.707+0000] {processor.py:179} INFO - Processing /home/airflow/.local/lib/python3.8/site-packages/airflow/example_dags/example_setup_teardown.py took 0.147 seconds
[2023-09-20T22:44:27.927+0000] {processor.py:157} INFO - Started process (PID=2152) to work on /home/airflow/.local/lib/python3.8/site-packages/airflow/example_dags/example_setup_teardown.py
[2023-09-20T22:44:27.928+0000] {processor.py:829} INFO - Processing file /home/airflow/.local/lib/python3.8/site-packages/airflow/example_dags/example_setup_teardown.py for tasks to queue
[2023-09-20T22:44:27.935+0000] {logging_mixin.py:151} INFO - [2023-09-20T22:44:27.934+0000] {dagbag.py:539} INFO - Filling up the DagBag from /home/airflow/.local/lib/python3.8/site-packages/airflow/example_dags/example_setup_teardown.py
[2023-09-20T22:44:27.950+0000] {processor.py:839} INFO - DAG(s) dict_keys(['example_setup_teardown']) retrieved from /home/airflow/.local/lib/python3.8/site-packages/airflow/example_dags/example_setup_teardown.py
[2023-09-20T22:44:27.991+0000] {logging_mixin.py:151} INFO - [2023-09-20T22:44:27.991+0000] {dag.py:2915} INFO - Sync 1 DAGs
[2023-09-20T22:44:28.029+0000] {logging_mixin.py:151} INFO - [2023-09-20T22:44:28.029+0000] {dag.py:3696} INFO - Setting next_dagrun for example_setup_teardown to 2023-09-19T22:44:28.028543+00:00, run_after=2023-09-20T22:44:28.028543+00:00
[2023-09-20T22:44:28.123+0000] {processor.py:179} INFO - Processing /home/airflow/.local/lib/python3.8/site-packages/airflow/example_dags/example_setup_teardown.py took 0.204 seconds
[2023-09-20T22:44:58.321+0000] {processor.py:157} INFO - Started process (PID=2208) to work on /home/airflow/.local/lib/python3.8/site-packages/airflow/example_dags/example_setup_teardown.py
[2023-09-20T22:44:58.324+0000] {processor.py:829} INFO - Processing file /home/airflow/.local/lib/python3.8/site-packages/airflow/example_dags/example_setup_teardown.py for tasks to queue
[2023-09-20T22:44:58.329+0000] {logging_mixin.py:151} INFO - [2023-09-20T22:44:58.329+0000] {dagbag.py:539} INFO - Filling up the DagBag from /home/airflow/.local/lib/python3.8/site-packages/airflow/example_dags/example_setup_teardown.py
[2023-09-20T22:44:58.347+0000] {processor.py:839} INFO - DAG(s) dict_keys(['example_setup_teardown']) retrieved from /home/airflow/.local/lib/python3.8/site-packages/airflow/example_dags/example_setup_teardown.py
[2023-09-20T22:44:58.400+0000] {logging_mixin.py:151} INFO - [2023-09-20T22:44:58.399+0000] {dag.py:2915} INFO - Sync 1 DAGs
[2023-09-20T22:44:58.447+0000] {logging_mixin.py:151} INFO - [2023-09-20T22:44:58.447+0000] {dag.py:3696} INFO - Setting next_dagrun for example_setup_teardown to 2023-09-19T22:44:58.446957+00:00, run_after=2023-09-20T22:44:58.446957+00:00
[2023-09-20T22:44:58.746+0000] {processor.py:179} INFO - Processing /home/airflow/.local/lib/python3.8/site-packages/airflow/example_dags/example_setup_teardown.py took 0.434 seconds
[2023-09-20T22:45:29.378+0000] {processor.py:157} INFO - Started process (PID=2262) to work on /home/airflow/.local/lib/python3.8/site-packages/airflow/example_dags/example_setup_teardown.py
[2023-09-20T22:45:29.381+0000] {processor.py:829} INFO - Processing file /home/airflow/.local/lib/python3.8/site-packages/airflow/example_dags/example_setup_teardown.py for tasks to queue
[2023-09-20T22:45:29.386+0000] {logging_mixin.py:151} INFO - [2023-09-20T22:45:29.385+0000] {dagbag.py:539} INFO - Filling up the DagBag from /home/airflow/.local/lib/python3.8/site-packages/airflow/example_dags/example_setup_teardown.py
[2023-09-20T22:45:29.405+0000] {processor.py:839} INFO - DAG(s) dict_keys(['example_setup_teardown']) retrieved from /home/airflow/.local/lib/python3.8/site-packages/airflow/example_dags/example_setup_teardown.py
[2023-09-20T22:45:29.444+0000] {logging_mixin.py:151} INFO - [2023-09-20T22:45:29.444+0000] {dag.py:2915} INFO - Sync 1 DAGs
[2023-09-20T22:45:29.477+0000] {logging_mixin.py:151} INFO - [2023-09-20T22:45:29.477+0000] {dag.py:3696} INFO - Setting next_dagrun for example_setup_teardown to 2023-09-19T22:45:29.477131+00:00, run_after=2023-09-20T22:45:29.477131+00:00
[2023-09-20T22:45:29.525+0000] {processor.py:179} INFO - Processing /home/airflow/.local/lib/python3.8/site-packages/airflow/example_dags/example_setup_teardown.py took 0.154 seconds
[2023-09-20T22:46:00.359+0000] {processor.py:157} INFO - Started process (PID=2317) to work on /home/airflow/.local/lib/python3.8/site-packages/airflow/example_dags/example_setup_teardown.py
[2023-09-20T22:46:00.361+0000] {processor.py:829} INFO - Processing file /home/airflow/.local/lib/python3.8/site-packages/airflow/example_dags/example_setup_teardown.py for tasks to queue
[2023-09-20T22:46:00.366+0000] {logging_mixin.py:151} INFO - [2023-09-20T22:46:00.365+0000] {dagbag.py:539} INFO - Filling up the DagBag from /home/airflow/.local/lib/python3.8/site-packages/airflow/example_dags/example_setup_teardown.py
[2023-09-20T22:46:00.375+0000] {processor.py:839} INFO - DAG(s) dict_keys(['example_setup_teardown']) retrieved from /home/airflow/.local/lib/python3.8/site-packages/airflow/example_dags/example_setup_teardown.py
[2023-09-20T22:46:00.409+0000] {logging_mixin.py:151} INFO - [2023-09-20T22:46:00.409+0000] {dag.py:2915} INFO - Sync 1 DAGs
[2023-09-20T22:46:00.437+0000] {logging_mixin.py:151} INFO - [2023-09-20T22:46:00.437+0000] {dag.py:3696} INFO - Setting next_dagrun for example_setup_teardown to 2023-09-19T22:46:00.437312+00:00, run_after=2023-09-20T22:46:00.437312+00:00
[2023-09-20T22:46:00.877+0000] {processor.py:179} INFO - Processing /home/airflow/.local/lib/python3.8/site-packages/airflow/example_dags/example_setup_teardown.py took 0.523 seconds
[2023-09-20T22:46:31.930+0000] {processor.py:157} INFO - Started process (PID=2372) to work on /home/airflow/.local/lib/python3.8/site-packages/airflow/example_dags/example_setup_teardown.py
[2023-09-20T22:46:31.932+0000] {processor.py:829} INFO - Processing file /home/airflow/.local/lib/python3.8/site-packages/airflow/example_dags/example_setup_teardown.py for tasks to queue
[2023-09-20T22:46:31.939+0000] {logging_mixin.py:151} INFO - [2023-09-20T22:46:31.938+0000] {dagbag.py:539} INFO - Filling up the DagBag from /home/airflow/.local/lib/python3.8/site-packages/airflow/example_dags/example_setup_teardown.py
[2023-09-20T22:46:31.952+0000] {processor.py:839} INFO - DAG(s) dict_keys(['example_setup_teardown']) retrieved from /home/airflow/.local/lib/python3.8/site-packages/airflow/example_dags/example_setup_teardown.py
[2023-09-20T22:46:32.004+0000] {logging_mixin.py:151} INFO - [2023-09-20T22:46:32.004+0000] {dag.py:2915} INFO - Sync 1 DAGs
[2023-09-20T22:46:32.051+0000] {logging_mixin.py:151} INFO - [2023-09-20T22:46:32.050+0000] {dag.py:3696} INFO - Setting next_dagrun for example_setup_teardown to 2023-09-19T22:46:32.050451+00:00, run_after=2023-09-20T22:46:32.050451+00:00
[2023-09-20T22:46:32.142+0000] {processor.py:179} INFO - Processing /home/airflow/.local/lib/python3.8/site-packages/airflow/example_dags/example_setup_teardown.py took 0.222 seconds
[2023-09-20T22:47:02.442+0000] {processor.py:157} INFO - Started process (PID=2427) to work on /home/airflow/.local/lib/python3.8/site-packages/airflow/example_dags/example_setup_teardown.py
[2023-09-20T22:47:02.444+0000] {processor.py:829} INFO - Processing file /home/airflow/.local/lib/python3.8/site-packages/airflow/example_dags/example_setup_teardown.py for tasks to queue
[2023-09-20T22:47:02.449+0000] {logging_mixin.py:151} INFO - [2023-09-20T22:47:02.448+0000] {dagbag.py:539} INFO - Filling up the DagBag from /home/airflow/.local/lib/python3.8/site-packages/airflow/example_dags/example_setup_teardown.py
[2023-09-20T22:47:02.461+0000] {processor.py:839} INFO - DAG(s) dict_keys(['example_setup_teardown']) retrieved from /home/airflow/.local/lib/python3.8/site-packages/airflow/example_dags/example_setup_teardown.py
[2023-09-20T22:47:02.494+0000] {logging_mixin.py:151} INFO - [2023-09-20T22:47:02.493+0000] {dag.py:2915} INFO - Sync 1 DAGs
[2023-09-20T22:47:02.530+0000] {logging_mixin.py:151} INFO - [2023-09-20T22:47:02.529+0000] {dag.py:3696} INFO - Setting next_dagrun for example_setup_teardown to 2023-09-19T22:47:02.529523+00:00, run_after=2023-09-20T22:47:02.529523+00:00
[2023-09-20T22:47:02.592+0000] {processor.py:179} INFO - Processing /home/airflow/.local/lib/python3.8/site-packages/airflow/example_dags/example_setup_teardown.py took 0.156 seconds
[2023-09-20T22:47:33.302+0000] {processor.py:157} INFO - Started process (PID=2482) to work on /home/airflow/.local/lib/python3.8/site-packages/airflow/example_dags/example_setup_teardown.py
[2023-09-20T22:47:33.304+0000] {processor.py:829} INFO - Processing file /home/airflow/.local/lib/python3.8/site-packages/airflow/example_dags/example_setup_teardown.py for tasks to queue
[2023-09-20T22:47:33.309+0000] {logging_mixin.py:151} INFO - [2023-09-20T22:47:33.309+0000] {dagbag.py:539} INFO - Filling up the DagBag from /home/airflow/.local/lib/python3.8/site-packages/airflow/example_dags/example_setup_teardown.py
[2023-09-20T22:47:33.318+0000] {processor.py:839} INFO - DAG(s) dict_keys(['example_setup_teardown']) retrieved from /home/airflow/.local/lib/python3.8/site-packages/airflow/example_dags/example_setup_teardown.py
[2023-09-20T22:47:33.347+0000] {logging_mixin.py:151} INFO - [2023-09-20T22:47:33.347+0000] {dag.py:2915} INFO - Sync 1 DAGs
[2023-09-20T22:47:33.379+0000] {logging_mixin.py:151} INFO - [2023-09-20T22:47:33.378+0000] {dag.py:3696} INFO - Setting next_dagrun for example_setup_teardown to 2023-09-19T22:47:33.378629+00:00, run_after=2023-09-20T22:47:33.378629+00:00
[2023-09-20T22:47:33.536+0000] {processor.py:179} INFO - Processing /home/airflow/.local/lib/python3.8/site-packages/airflow/example_dags/example_setup_teardown.py took 0.239 seconds
[2023-09-20T22:48:03.810+0000] {processor.py:157} INFO - Started process (PID=2537) to work on /home/airflow/.local/lib/python3.8/site-packages/airflow/example_dags/example_setup_teardown.py
[2023-09-20T22:48:03.811+0000] {processor.py:829} INFO - Processing file /home/airflow/.local/lib/python3.8/site-packages/airflow/example_dags/example_setup_teardown.py for tasks to queue
[2023-09-20T22:48:03.815+0000] {logging_mixin.py:151} INFO - [2023-09-20T22:48:03.815+0000] {dagbag.py:539} INFO - Filling up the DagBag from /home/airflow/.local/lib/python3.8/site-packages/airflow/example_dags/example_setup_teardown.py
[2023-09-20T22:48:03.824+0000] {processor.py:839} INFO - DAG(s) dict_keys(['example_setup_teardown']) retrieved from /home/airflow/.local/lib/python3.8/site-packages/airflow/example_dags/example_setup_teardown.py
[2023-09-20T22:48:03.855+0000] {logging_mixin.py:151} INFO - [2023-09-20T22:48:03.855+0000] {dag.py:2915} INFO - Sync 1 DAGs
[2023-09-20T22:48:03.887+0000] {logging_mixin.py:151} INFO - [2023-09-20T22:48:03.887+0000] {dag.py:3696} INFO - Setting next_dagrun for example_setup_teardown to 2023-09-19T22:48:03.887361+00:00, run_after=2023-09-20T22:48:03.887361+00:00
[2023-09-20T22:48:03.926+0000] {processor.py:179} INFO - Processing /home/airflow/.local/lib/python3.8/site-packages/airflow/example_dags/example_setup_teardown.py took 0.122 seconds
[2023-09-20T22:48:34.554+0000] {processor.py:157} INFO - Started process (PID=2592) to work on /home/airflow/.local/lib/python3.8/site-packages/airflow/example_dags/example_setup_teardown.py
[2023-09-20T22:48:34.555+0000] {processor.py:829} INFO - Processing file /home/airflow/.local/lib/python3.8/site-packages/airflow/example_dags/example_setup_teardown.py for tasks to queue
[2023-09-20T22:48:34.559+0000] {logging_mixin.py:151} INFO - [2023-09-20T22:48:34.559+0000] {dagbag.py:539} INFO - Filling up the DagBag from /home/airflow/.local/lib/python3.8/site-packages/airflow/example_dags/example_setup_teardown.py
[2023-09-20T22:48:34.567+0000] {processor.py:839} INFO - DAG(s) dict_keys(['example_setup_teardown']) retrieved from /home/airflow/.local/lib/python3.8/site-packages/airflow/example_dags/example_setup_teardown.py
[2023-09-20T22:48:34.593+0000] {logging_mixin.py:151} INFO - [2023-09-20T22:48:34.593+0000] {dag.py:2915} INFO - Sync 1 DAGs
[2023-09-20T22:48:34.621+0000] {logging_mixin.py:151} INFO - [2023-09-20T22:48:34.621+0000] {dag.py:3696} INFO - Setting next_dagrun for example_setup_teardown to 2023-09-19T22:48:34.621243+00:00, run_after=2023-09-20T22:48:34.621243+00:00
[2023-09-20T22:48:34.653+0000] {processor.py:179} INFO - Processing /home/airflow/.local/lib/python3.8/site-packages/airflow/example_dags/example_setup_teardown.py took 0.104 seconds
[2023-09-20T22:49:05.309+0000] {processor.py:157} INFO - Started process (PID=2647) to work on /home/airflow/.local/lib/python3.8/site-packages/airflow/example_dags/example_setup_teardown.py
[2023-09-20T22:49:05.310+0000] {processor.py:829} INFO - Processing file /home/airflow/.local/lib/python3.8/site-packages/airflow/example_dags/example_setup_teardown.py for tasks to queue
[2023-09-20T22:49:05.314+0000] {logging_mixin.py:151} INFO - [2023-09-20T22:49:05.314+0000] {dagbag.py:539} INFO - Filling up the DagBag from /home/airflow/.local/lib/python3.8/site-packages/airflow/example_dags/example_setup_teardown.py
[2023-09-20T22:49:05.322+0000] {processor.py:839} INFO - DAG(s) dict_keys(['example_setup_teardown']) retrieved from /home/airflow/.local/lib/python3.8/site-packages/airflow/example_dags/example_setup_teardown.py
[2023-09-20T22:49:05.350+0000] {logging_mixin.py:151} INFO - [2023-09-20T22:49:05.349+0000] {dag.py:2915} INFO - Sync 1 DAGs
[2023-09-20T22:49:05.379+0000] {logging_mixin.py:151} INFO - [2023-09-20T22:49:05.379+0000] {dag.py:3696} INFO - Setting next_dagrun for example_setup_teardown to 2023-09-19T22:49:05.379210+00:00, run_after=2023-09-20T22:49:05.379210+00:00
[2023-09-20T22:49:05.405+0000] {processor.py:179} INFO - Processing /home/airflow/.local/lib/python3.8/site-packages/airflow/example_dags/example_setup_teardown.py took 0.101 seconds
[2023-09-20T22:49:35.917+0000] {processor.py:157} INFO - Started process (PID=2702) to work on /home/airflow/.local/lib/python3.8/site-packages/airflow/example_dags/example_setup_teardown.py
[2023-09-20T22:49:35.920+0000] {processor.py:829} INFO - Processing file /home/airflow/.local/lib/python3.8/site-packages/airflow/example_dags/example_setup_teardown.py for tasks to queue
[2023-09-20T22:49:35.927+0000] {logging_mixin.py:151} INFO - [2023-09-20T22:49:35.926+0000] {dagbag.py:539} INFO - Filling up the DagBag from /home/airflow/.local/lib/python3.8/site-packages/airflow/example_dags/example_setup_teardown.py
[2023-09-20T22:49:35.939+0000] {processor.py:839} INFO - DAG(s) dict_keys(['example_setup_teardown']) retrieved from /home/airflow/.local/lib/python3.8/site-packages/airflow/example_dags/example_setup_teardown.py
[2023-09-20T22:49:35.985+0000] {logging_mixin.py:151} INFO - [2023-09-20T22:49:35.985+0000] {dag.py:2915} INFO - Sync 1 DAGs
[2023-09-20T22:49:36.021+0000] {logging_mixin.py:151} INFO - [2023-09-20T22:49:36.020+0000] {dag.py:3696} INFO - Setting next_dagrun for example_setup_teardown to 2023-09-19T22:49:36.020251+00:00, run_after=2023-09-20T22:49:36.020251+00:00
[2023-09-20T22:49:36.088+0000] {processor.py:179} INFO - Processing /home/airflow/.local/lib/python3.8/site-packages/airflow/example_dags/example_setup_teardown.py took 0.178 seconds
[2023-09-20T22:50:06.376+0000] {processor.py:157} INFO - Started process (PID=2757) to work on /home/airflow/.local/lib/python3.8/site-packages/airflow/example_dags/example_setup_teardown.py
[2023-09-20T22:50:06.377+0000] {processor.py:829} INFO - Processing file /home/airflow/.local/lib/python3.8/site-packages/airflow/example_dags/example_setup_teardown.py for tasks to queue
[2023-09-20T22:50:06.381+0000] {logging_mixin.py:151} INFO - [2023-09-20T22:50:06.381+0000] {dagbag.py:539} INFO - Filling up the DagBag from /home/airflow/.local/lib/python3.8/site-packages/airflow/example_dags/example_setup_teardown.py
[2023-09-20T22:50:06.391+0000] {processor.py:839} INFO - DAG(s) dict_keys(['example_setup_teardown']) retrieved from /home/airflow/.local/lib/python3.8/site-packages/airflow/example_dags/example_setup_teardown.py
[2023-09-20T22:50:06.427+0000] {logging_mixin.py:151} INFO - [2023-09-20T22:50:06.426+0000] {dag.py:2915} INFO - Sync 1 DAGs
[2023-09-20T22:50:06.459+0000] {logging_mixin.py:151} INFO - [2023-09-20T22:50:06.459+0000] {dag.py:3696} INFO - Setting next_dagrun for example_setup_teardown to 2023-09-19T22:50:06.459074+00:00, run_after=2023-09-20T22:50:06.459074+00:00
[2023-09-20T22:50:06.508+0000] {processor.py:179} INFO - Processing /home/airflow/.local/lib/python3.8/site-packages/airflow/example_dags/example_setup_teardown.py took 0.137 seconds
[2023-09-20T22:50:36.800+0000] {processor.py:157} INFO - Started process (PID=2812) to work on /home/airflow/.local/lib/python3.8/site-packages/airflow/example_dags/example_setup_teardown.py
[2023-09-20T22:50:36.801+0000] {processor.py:829} INFO - Processing file /home/airflow/.local/lib/python3.8/site-packages/airflow/example_dags/example_setup_teardown.py for tasks to queue
[2023-09-20T22:50:36.805+0000] {logging_mixin.py:151} INFO - [2023-09-20T22:50:36.805+0000] {dagbag.py:539} INFO - Filling up the DagBag from /home/airflow/.local/lib/python3.8/site-packages/airflow/example_dags/example_setup_teardown.py
[2023-09-20T22:50:36.815+0000] {processor.py:839} INFO - DAG(s) dict_keys(['example_setup_teardown']) retrieved from /home/airflow/.local/lib/python3.8/site-packages/airflow/example_dags/example_setup_teardown.py
[2023-09-20T22:50:36.846+0000] {logging_mixin.py:151} INFO - [2023-09-20T22:50:36.846+0000] {dag.py:2915} INFO - Sync 1 DAGs
[2023-09-20T22:50:36.886+0000] {logging_mixin.py:151} INFO - [2023-09-20T22:50:36.885+0000] {dag.py:3696} INFO - Setting next_dagrun for example_setup_teardown to 2023-09-19T22:50:36.885164+00:00, run_after=2023-09-20T22:50:36.885164+00:00
[2023-09-20T22:50:36.945+0000] {processor.py:179} INFO - Processing /home/airflow/.local/lib/python3.8/site-packages/airflow/example_dags/example_setup_teardown.py took 0.150 seconds
[2023-09-20T22:51:07.245+0000] {processor.py:157} INFO - Started process (PID=2867) to work on /home/airflow/.local/lib/python3.8/site-packages/airflow/example_dags/example_setup_teardown.py
[2023-09-20T22:51:07.246+0000] {processor.py:829} INFO - Processing file /home/airflow/.local/lib/python3.8/site-packages/airflow/example_dags/example_setup_teardown.py for tasks to queue
[2023-09-20T22:51:07.250+0000] {logging_mixin.py:151} INFO - [2023-09-20T22:51:07.250+0000] {dagbag.py:539} INFO - Filling up the DagBag from /home/airflow/.local/lib/python3.8/site-packages/airflow/example_dags/example_setup_teardown.py
[2023-09-20T22:51:07.264+0000] {processor.py:839} INFO - DAG(s) dict_keys(['example_setup_teardown']) retrieved from /home/airflow/.local/lib/python3.8/site-packages/airflow/example_dags/example_setup_teardown.py
[2023-09-20T22:51:07.295+0000] {logging_mixin.py:151} INFO - [2023-09-20T22:51:07.295+0000] {dag.py:2915} INFO - Sync 1 DAGs
[2023-09-20T22:51:07.332+0000] {logging_mixin.py:151} INFO - [2023-09-20T22:51:07.331+0000] {dag.py:3696} INFO - Setting next_dagrun for example_setup_teardown to 2023-09-19T22:51:07.331280+00:00, run_after=2023-09-20T22:51:07.331280+00:00
[2023-09-20T22:51:07.370+0000] {processor.py:179} INFO - Processing /home/airflow/.local/lib/python3.8/site-packages/airflow/example_dags/example_setup_teardown.py took 0.131 seconds
[2023-09-20T22:51:37.686+0000] {processor.py:157} INFO - Started process (PID=2922) to work on /home/airflow/.local/lib/python3.8/site-packages/airflow/example_dags/example_setup_teardown.py
[2023-09-20T22:51:37.687+0000] {processor.py:829} INFO - Processing file /home/airflow/.local/lib/python3.8/site-packages/airflow/example_dags/example_setup_teardown.py for tasks to queue
[2023-09-20T22:51:37.692+0000] {logging_mixin.py:151} INFO - [2023-09-20T22:51:37.691+0000] {dagbag.py:539} INFO - Filling up the DagBag from /home/airflow/.local/lib/python3.8/site-packages/airflow/example_dags/example_setup_teardown.py
[2023-09-20T22:51:37.705+0000] {processor.py:839} INFO - DAG(s) dict_keys(['example_setup_teardown']) retrieved from /home/airflow/.local/lib/python3.8/site-packages/airflow/example_dags/example_setup_teardown.py
[2023-09-20T22:51:37.746+0000] {logging_mixin.py:151} INFO - [2023-09-20T22:51:37.746+0000] {dag.py:2915} INFO - Sync 1 DAGs
[2023-09-20T22:51:37.792+0000] {logging_mixin.py:151} INFO - [2023-09-20T22:51:37.791+0000] {dag.py:3696} INFO - Setting next_dagrun for example_setup_teardown to 2023-09-19T22:51:37.791490+00:00, run_after=2023-09-20T22:51:37.791490+00:00
[2023-09-20T22:51:37.824+0000] {processor.py:179} INFO - Processing /home/airflow/.local/lib/python3.8/site-packages/airflow/example_dags/example_setup_teardown.py took 0.143 seconds
[2023-09-20T22:52:08.237+0000] {processor.py:157} INFO - Started process (PID=2978) to work on /home/airflow/.local/lib/python3.8/site-packages/airflow/example_dags/example_setup_teardown.py
[2023-09-20T22:52:08.239+0000] {processor.py:829} INFO - Processing file /home/airflow/.local/lib/python3.8/site-packages/airflow/example_dags/example_setup_teardown.py for tasks to queue
[2023-09-20T22:52:08.244+0000] {logging_mixin.py:151} INFO - [2023-09-20T22:52:08.243+0000] {dagbag.py:539} INFO - Filling up the DagBag from /home/airflow/.local/lib/python3.8/site-packages/airflow/example_dags/example_setup_teardown.py
[2023-09-20T22:52:08.269+0000] {processor.py:839} INFO - DAG(s) dict_keys(['example_setup_teardown']) retrieved from /home/airflow/.local/lib/python3.8/site-packages/airflow/example_dags/example_setup_teardown.py
[2023-09-20T22:52:08.308+0000] {logging_mixin.py:151} INFO - [2023-09-20T22:52:08.308+0000] {dag.py:2915} INFO - Sync 1 DAGs
[2023-09-20T22:52:08.353+0000] {logging_mixin.py:151} INFO - [2023-09-20T22:52:08.352+0000] {dag.py:3696} INFO - Setting next_dagrun for example_setup_teardown to 2023-09-19T22:52:08.352456+00:00, run_after=2023-09-20T22:52:08.352456+00:00
[2023-09-20T22:52:08.503+0000] {processor.py:179} INFO - Processing /home/airflow/.local/lib/python3.8/site-packages/airflow/example_dags/example_setup_teardown.py took 0.270 seconds
[2023-09-20T23:11:33.044+0000] {processor.py:157} INFO - Started process (PID=54) to work on /home/airflow/.local/lib/python3.8/site-packages/airflow/example_dags/example_setup_teardown.py
[2023-09-20T23:11:33.046+0000] {processor.py:829} INFO - Processing file /home/airflow/.local/lib/python3.8/site-packages/airflow/example_dags/example_setup_teardown.py for tasks to queue
[2023-09-20T23:11:33.053+0000] {logging_mixin.py:151} INFO - [2023-09-20T23:11:33.052+0000] {dagbag.py:539} INFO - Filling up the DagBag from /home/airflow/.local/lib/python3.8/site-packages/airflow/example_dags/example_setup_teardown.py
[2023-09-20T23:11:33.067+0000] {processor.py:839} INFO - DAG(s) dict_keys(['example_setup_teardown']) retrieved from /home/airflow/.local/lib/python3.8/site-packages/airflow/example_dags/example_setup_teardown.py
[2023-09-20T23:11:33.088+0000] {logging_mixin.py:151} INFO - [2023-09-20T23:11:33.088+0000] {dag.py:2915} INFO - Sync 1 DAGs
[2023-09-20T23:11:33.124+0000] {logging_mixin.py:151} INFO - [2023-09-20T23:11:33.124+0000] {dag.py:3696} INFO - Setting next_dagrun for example_setup_teardown to 2023-09-19T23:11:33.124008+00:00, run_after=2023-09-20T23:11:33.124008+00:00
[2023-09-20T23:11:33.151+0000] {processor.py:179} INFO - Processing /home/airflow/.local/lib/python3.8/site-packages/airflow/example_dags/example_setup_teardown.py took 0.112 seconds
[2023-09-20T23:12:03.739+0000] {processor.py:157} INFO - Started process (PID=109) to work on /home/airflow/.local/lib/python3.8/site-packages/airflow/example_dags/example_setup_teardown.py
[2023-09-20T23:12:03.740+0000] {processor.py:829} INFO - Processing file /home/airflow/.local/lib/python3.8/site-packages/airflow/example_dags/example_setup_teardown.py for tasks to queue
[2023-09-20T23:12:03.744+0000] {logging_mixin.py:151} INFO - [2023-09-20T23:12:03.744+0000] {dagbag.py:539} INFO - Filling up the DagBag from /home/airflow/.local/lib/python3.8/site-packages/airflow/example_dags/example_setup_teardown.py
[2023-09-20T23:12:03.754+0000] {processor.py:839} INFO - DAG(s) dict_keys(['example_setup_teardown']) retrieved from /home/airflow/.local/lib/python3.8/site-packages/airflow/example_dags/example_setup_teardown.py
[2023-09-20T23:12:03.783+0000] {logging_mixin.py:151} INFO - [2023-09-20T23:12:03.783+0000] {dag.py:2915} INFO - Sync 1 DAGs
[2023-09-20T23:12:03.814+0000] {logging_mixin.py:151} INFO - [2023-09-20T23:12:03.813+0000] {dag.py:3696} INFO - Setting next_dagrun for example_setup_teardown to 2023-09-19T23:12:03.813588+00:00, run_after=2023-09-20T23:12:03.813588+00:00
[2023-09-20T23:12:03.841+0000] {processor.py:179} INFO - Processing /home/airflow/.local/lib/python3.8/site-packages/airflow/example_dags/example_setup_teardown.py took 0.107 seconds
[2023-09-20T23:12:36.040+0000] {processor.py:157} INFO - Started process (PID=164) to work on /home/airflow/.local/lib/python3.8/site-packages/airflow/example_dags/example_setup_teardown.py
[2023-09-20T23:12:36.043+0000] {processor.py:829} INFO - Processing file /home/airflow/.local/lib/python3.8/site-packages/airflow/example_dags/example_setup_teardown.py for tasks to queue
[2023-09-20T23:12:36.047+0000] {logging_mixin.py:151} INFO - [2023-09-20T23:12:36.047+0000] {dagbag.py:539} INFO - Filling up the DagBag from /home/airflow/.local/lib/python3.8/site-packages/airflow/example_dags/example_setup_teardown.py
[2023-09-20T23:12:36.058+0000] {processor.py:839} INFO - DAG(s) dict_keys(['example_setup_teardown']) retrieved from /home/airflow/.local/lib/python3.8/site-packages/airflow/example_dags/example_setup_teardown.py
[2023-09-20T23:12:36.093+0000] {logging_mixin.py:151} INFO - [2023-09-20T23:12:36.092+0000] {dag.py:2915} INFO - Sync 1 DAGs
[2023-09-20T23:12:36.135+0000] {logging_mixin.py:151} INFO - [2023-09-20T23:12:36.135+0000] {dag.py:3696} INFO - Setting next_dagrun for example_setup_teardown to 2023-09-19T23:12:36.134885+00:00, run_after=2023-09-20T23:12:36.134885+00:00
[2023-09-20T23:12:36.179+0000] {processor.py:179} INFO - Processing /home/airflow/.local/lib/python3.8/site-packages/airflow/example_dags/example_setup_teardown.py took 0.148 seconds
[2023-09-20T23:13:07.057+0000] {processor.py:157} INFO - Started process (PID=219) to work on /home/airflow/.local/lib/python3.8/site-packages/airflow/example_dags/example_setup_teardown.py
[2023-09-20T23:13:07.059+0000] {processor.py:829} INFO - Processing file /home/airflow/.local/lib/python3.8/site-packages/airflow/example_dags/example_setup_teardown.py for tasks to queue
[2023-09-20T23:13:07.062+0000] {logging_mixin.py:151} INFO - [2023-09-20T23:13:07.062+0000] {dagbag.py:539} INFO - Filling up the DagBag from /home/airflow/.local/lib/python3.8/site-packages/airflow/example_dags/example_setup_teardown.py
[2023-09-20T23:13:07.073+0000] {processor.py:839} INFO - DAG(s) dict_keys(['example_setup_teardown']) retrieved from /home/airflow/.local/lib/python3.8/site-packages/airflow/example_dags/example_setup_teardown.py
[2023-09-20T23:13:07.101+0000] {logging_mixin.py:151} INFO - [2023-09-20T23:13:07.101+0000] {dag.py:2915} INFO - Sync 1 DAGs
[2023-09-20T23:13:07.132+0000] {logging_mixin.py:151} INFO - [2023-09-20T23:13:07.131+0000] {dag.py:3696} INFO - Setting next_dagrun for example_setup_teardown to 2023-09-19T23:13:07.131648+00:00, run_after=2023-09-20T23:13:07.131648+00:00
[2023-09-20T23:13:07.164+0000] {processor.py:179} INFO - Processing /home/airflow/.local/lib/python3.8/site-packages/airflow/example_dags/example_setup_teardown.py took 0.111 seconds
