[2023-09-20T22:15:30.044+0000] {processor.py:157} INFO - Started process (PID=58) to work on /home/airflow/.local/lib/python3.8/site-packages/airflow/example_dags/example_branch_labels.py
[2023-09-20T22:15:30.046+0000] {processor.py:829} INFO - Processing file /home/airflow/.local/lib/python3.8/site-packages/airflow/example_dags/example_branch_labels.py for tasks to queue
[2023-09-20T22:15:30.051+0000] {logging_mixin.py:151} INFO - [2023-09-20T22:15:30.050+0000] {dagbag.py:539} INFO - Filling up the DagBag from /home/airflow/.local/lib/python3.8/site-packages/airflow/example_dags/example_branch_labels.py
[2023-09-20T22:15:30.064+0000] {processor.py:839} INFO - DAG(s) dict_keys(['example_branch_labels']) retrieved from /home/airflow/.local/lib/python3.8/site-packages/airflow/example_dags/example_branch_labels.py
[2023-09-20T22:15:30.082+0000] {logging_mixin.py:151} INFO - [2023-09-20T22:15:30.082+0000] {dag.py:2915} INFO - Sync 1 DAGs
[2023-09-20T22:15:30.126+0000] {logging_mixin.py:151} INFO - [2023-09-20T22:15:30.126+0000] {dag.py:3696} INFO - Setting next_dagrun for example_branch_labels to 2023-09-19T00:00:00+00:00, run_after=2023-09-20T00:00:00+00:00
[2023-09-20T22:15:30.209+0000] {processor.py:179} INFO - Processing /home/airflow/.local/lib/python3.8/site-packages/airflow/example_dags/example_branch_labels.py took 0.170 seconds
[2023-09-20T22:16:00.591+0000] {processor.py:157} INFO - Started process (PID=112) to work on /home/airflow/.local/lib/python3.8/site-packages/airflow/example_dags/example_branch_labels.py
[2023-09-20T22:16:00.592+0000] {processor.py:829} INFO - Processing file /home/airflow/.local/lib/python3.8/site-packages/airflow/example_dags/example_branch_labels.py for tasks to queue
[2023-09-20T22:16:00.596+0000] {logging_mixin.py:151} INFO - [2023-09-20T22:16:00.596+0000] {dagbag.py:539} INFO - Filling up the DagBag from /home/airflow/.local/lib/python3.8/site-packages/airflow/example_dags/example_branch_labels.py
[2023-09-20T22:16:00.608+0000] {processor.py:839} INFO - DAG(s) dict_keys(['example_branch_labels']) retrieved from /home/airflow/.local/lib/python3.8/site-packages/airflow/example_dags/example_branch_labels.py
[2023-09-20T22:16:00.638+0000] {logging_mixin.py:151} INFO - [2023-09-20T22:16:00.638+0000] {dag.py:2915} INFO - Sync 1 DAGs
[2023-09-20T22:16:00.672+0000] {logging_mixin.py:151} INFO - [2023-09-20T22:16:00.672+0000] {dag.py:3696} INFO - Setting next_dagrun for example_branch_labels to 2023-09-19T00:00:00+00:00, run_after=2023-09-20T00:00:00+00:00
[2023-09-20T22:16:00.706+0000] {processor.py:179} INFO - Processing /home/airflow/.local/lib/python3.8/site-packages/airflow/example_dags/example_branch_labels.py took 0.119 seconds
[2023-09-20T22:16:31.274+0000] {processor.py:157} INFO - Started process (PID=166) to work on /home/airflow/.local/lib/python3.8/site-packages/airflow/example_dags/example_branch_labels.py
[2023-09-20T22:16:31.275+0000] {processor.py:829} INFO - Processing file /home/airflow/.local/lib/python3.8/site-packages/airflow/example_dags/example_branch_labels.py for tasks to queue
[2023-09-20T22:16:31.278+0000] {logging_mixin.py:151} INFO - [2023-09-20T22:16:31.278+0000] {dagbag.py:539} INFO - Filling up the DagBag from /home/airflow/.local/lib/python3.8/site-packages/airflow/example_dags/example_branch_labels.py
[2023-09-20T22:16:31.290+0000] {processor.py:839} INFO - DAG(s) dict_keys(['example_branch_labels']) retrieved from /home/airflow/.local/lib/python3.8/site-packages/airflow/example_dags/example_branch_labels.py
[2023-09-20T22:16:31.318+0000] {logging_mixin.py:151} INFO - [2023-09-20T22:16:31.318+0000] {dag.py:2915} INFO - Sync 1 DAGs
[2023-09-20T22:16:31.358+0000] {logging_mixin.py:151} INFO - [2023-09-20T22:16:31.357+0000] {dag.py:3696} INFO - Setting next_dagrun for example_branch_labels to 2023-09-19T00:00:00+00:00, run_after=2023-09-20T00:00:00+00:00
[2023-09-20T22:16:31.387+0000] {processor.py:179} INFO - Processing /home/airflow/.local/lib/python3.8/site-packages/airflow/example_dags/example_branch_labels.py took 0.118 seconds
[2023-09-20T22:17:02.781+0000] {processor.py:157} INFO - Started process (PID=220) to work on /home/airflow/.local/lib/python3.8/site-packages/airflow/example_dags/example_branch_labels.py
[2023-09-20T22:17:02.783+0000] {processor.py:829} INFO - Processing file /home/airflow/.local/lib/python3.8/site-packages/airflow/example_dags/example_branch_labels.py for tasks to queue
[2023-09-20T22:17:02.786+0000] {logging_mixin.py:151} INFO - [2023-09-20T22:17:02.785+0000] {dagbag.py:539} INFO - Filling up the DagBag from /home/airflow/.local/lib/python3.8/site-packages/airflow/example_dags/example_branch_labels.py
[2023-09-20T22:17:02.797+0000] {processor.py:839} INFO - DAG(s) dict_keys(['example_branch_labels']) retrieved from /home/airflow/.local/lib/python3.8/site-packages/airflow/example_dags/example_branch_labels.py
[2023-09-20T22:17:02.825+0000] {logging_mixin.py:151} INFO - [2023-09-20T22:17:02.825+0000] {dag.py:2915} INFO - Sync 1 DAGs
[2023-09-20T22:17:02.855+0000] {logging_mixin.py:151} INFO - [2023-09-20T22:17:02.855+0000] {dag.py:3696} INFO - Setting next_dagrun for example_branch_labels to 2023-09-19T00:00:00+00:00, run_after=2023-09-20T00:00:00+00:00
[2023-09-20T22:17:02.892+0000] {processor.py:179} INFO - Processing /home/airflow/.local/lib/python3.8/site-packages/airflow/example_dags/example_branch_labels.py took 0.116 seconds
[2023-09-20T22:25:01.529+0000] {processor.py:157} INFO - Started process (PID=58) to work on /home/airflow/.local/lib/python3.8/site-packages/airflow/example_dags/example_branch_labels.py
[2023-09-20T22:25:01.531+0000] {processor.py:829} INFO - Processing file /home/airflow/.local/lib/python3.8/site-packages/airflow/example_dags/example_branch_labels.py for tasks to queue
[2023-09-20T22:25:01.535+0000] {logging_mixin.py:151} INFO - [2023-09-20T22:25:01.534+0000] {dagbag.py:539} INFO - Filling up the DagBag from /home/airflow/.local/lib/python3.8/site-packages/airflow/example_dags/example_branch_labels.py
[2023-09-20T22:25:01.552+0000] {processor.py:839} INFO - DAG(s) dict_keys(['example_branch_labels']) retrieved from /home/airflow/.local/lib/python3.8/site-packages/airflow/example_dags/example_branch_labels.py
[2023-09-20T22:25:01.573+0000] {logging_mixin.py:151} INFO - [2023-09-20T22:25:01.573+0000] {dag.py:2915} INFO - Sync 1 DAGs
[2023-09-20T22:25:01.625+0000] {logging_mixin.py:151} INFO - [2023-09-20T22:25:01.624+0000] {dag.py:3696} INFO - Setting next_dagrun for example_branch_labels to 2023-09-19T00:00:00+00:00, run_after=2023-09-20T00:00:00+00:00
[2023-09-20T22:25:01.920+0000] {processor.py:179} INFO - Processing /home/airflow/.local/lib/python3.8/site-packages/airflow/example_dags/example_branch_labels.py took 0.399 seconds
[2023-09-20T22:25:32.240+0000] {processor.py:157} INFO - Started process (PID=113) to work on /home/airflow/.local/lib/python3.8/site-packages/airflow/example_dags/example_branch_labels.py
[2023-09-20T22:25:32.242+0000] {processor.py:829} INFO - Processing file /home/airflow/.local/lib/python3.8/site-packages/airflow/example_dags/example_branch_labels.py for tasks to queue
[2023-09-20T22:25:32.247+0000] {logging_mixin.py:151} INFO - [2023-09-20T22:25:32.247+0000] {dagbag.py:539} INFO - Filling up the DagBag from /home/airflow/.local/lib/python3.8/site-packages/airflow/example_dags/example_branch_labels.py
[2023-09-20T22:25:32.262+0000] {processor.py:839} INFO - DAG(s) dict_keys(['example_branch_labels']) retrieved from /home/airflow/.local/lib/python3.8/site-packages/airflow/example_dags/example_branch_labels.py
[2023-09-20T22:25:32.294+0000] {logging_mixin.py:151} INFO - [2023-09-20T22:25:32.294+0000] {dag.py:2915} INFO - Sync 1 DAGs
[2023-09-20T22:25:32.326+0000] {logging_mixin.py:151} INFO - [2023-09-20T22:25:32.326+0000] {dag.py:3696} INFO - Setting next_dagrun for example_branch_labels to 2023-09-19T00:00:00+00:00, run_after=2023-09-20T00:00:00+00:00
[2023-09-20T22:25:32.353+0000] {processor.py:179} INFO - Processing /home/airflow/.local/lib/python3.8/site-packages/airflow/example_dags/example_branch_labels.py took 0.125 seconds
[2023-09-20T22:26:03.143+0000] {processor.py:157} INFO - Started process (PID=168) to work on /home/airflow/.local/lib/python3.8/site-packages/airflow/example_dags/example_branch_labels.py
[2023-09-20T22:26:03.144+0000] {processor.py:829} INFO - Processing file /home/airflow/.local/lib/python3.8/site-packages/airflow/example_dags/example_branch_labels.py for tasks to queue
[2023-09-20T22:26:03.148+0000] {logging_mixin.py:151} INFO - [2023-09-20T22:26:03.147+0000] {dagbag.py:539} INFO - Filling up the DagBag from /home/airflow/.local/lib/python3.8/site-packages/airflow/example_dags/example_branch_labels.py
[2023-09-20T22:26:03.160+0000] {processor.py:839} INFO - DAG(s) dict_keys(['example_branch_labels']) retrieved from /home/airflow/.local/lib/python3.8/site-packages/airflow/example_dags/example_branch_labels.py
[2023-09-20T22:26:03.191+0000] {logging_mixin.py:151} INFO - [2023-09-20T22:26:03.191+0000] {dag.py:2915} INFO - Sync 1 DAGs
[2023-09-20T22:26:03.230+0000] {logging_mixin.py:151} INFO - [2023-09-20T22:26:03.230+0000] {dag.py:3696} INFO - Setting next_dagrun for example_branch_labels to 2023-09-19T00:00:00+00:00, run_after=2023-09-20T00:00:00+00:00
[2023-09-20T22:26:03.264+0000] {processor.py:179} INFO - Processing /home/airflow/.local/lib/python3.8/site-packages/airflow/example_dags/example_branch_labels.py took 0.126 seconds
[2023-09-20T22:26:34.932+0000] {processor.py:157} INFO - Started process (PID=223) to work on /home/airflow/.local/lib/python3.8/site-packages/airflow/example_dags/example_branch_labels.py
[2023-09-20T22:26:34.933+0000] {processor.py:829} INFO - Processing file /home/airflow/.local/lib/python3.8/site-packages/airflow/example_dags/example_branch_labels.py for tasks to queue
[2023-09-20T22:26:34.937+0000] {logging_mixin.py:151} INFO - [2023-09-20T22:26:34.937+0000] {dagbag.py:539} INFO - Filling up the DagBag from /home/airflow/.local/lib/python3.8/site-packages/airflow/example_dags/example_branch_labels.py
[2023-09-20T22:26:34.956+0000] {processor.py:839} INFO - DAG(s) dict_keys(['example_branch_labels']) retrieved from /home/airflow/.local/lib/python3.8/site-packages/airflow/example_dags/example_branch_labels.py
[2023-09-20T22:26:34.977+0000] {logging_mixin.py:151} INFO - [2023-09-20T22:26:34.976+0000] {dag.py:2915} INFO - Sync 1 DAGs
[2023-09-20T22:26:35.031+0000] {logging_mixin.py:151} INFO - [2023-09-20T22:26:35.030+0000] {dag.py:3696} INFO - Setting next_dagrun for example_branch_labels to 2023-09-19T00:00:00+00:00, run_after=2023-09-20T00:00:00+00:00
[2023-09-20T22:26:35.095+0000] {processor.py:179} INFO - Processing /home/airflow/.local/lib/python3.8/site-packages/airflow/example_dags/example_branch_labels.py took 0.168 seconds
[2023-09-20T22:27:05.271+0000] {processor.py:157} INFO - Started process (PID=278) to work on /home/airflow/.local/lib/python3.8/site-packages/airflow/example_dags/example_branch_labels.py
[2023-09-20T22:27:05.273+0000] {processor.py:829} INFO - Processing file /home/airflow/.local/lib/python3.8/site-packages/airflow/example_dags/example_branch_labels.py for tasks to queue
[2023-09-20T22:27:05.279+0000] {logging_mixin.py:151} INFO - [2023-09-20T22:27:05.278+0000] {dagbag.py:539} INFO - Filling up the DagBag from /home/airflow/.local/lib/python3.8/site-packages/airflow/example_dags/example_branch_labels.py
[2023-09-20T22:27:05.297+0000] {processor.py:839} INFO - DAG(s) dict_keys(['example_branch_labels']) retrieved from /home/airflow/.local/lib/python3.8/site-packages/airflow/example_dags/example_branch_labels.py
[2023-09-20T22:27:05.343+0000] {logging_mixin.py:151} INFO - [2023-09-20T22:27:05.342+0000] {dag.py:2915} INFO - Sync 1 DAGs
[2023-09-20T22:27:05.384+0000] {logging_mixin.py:151} INFO - [2023-09-20T22:27:05.384+0000] {dag.py:3696} INFO - Setting next_dagrun for example_branch_labels to 2023-09-19T00:00:00+00:00, run_after=2023-09-20T00:00:00+00:00
[2023-09-20T22:27:05.721+0000] {processor.py:179} INFO - Processing /home/airflow/.local/lib/python3.8/site-packages/airflow/example_dags/example_branch_labels.py took 0.459 seconds
[2023-09-20T22:27:35.936+0000] {processor.py:157} INFO - Started process (PID=333) to work on /home/airflow/.local/lib/python3.8/site-packages/airflow/example_dags/example_branch_labels.py
[2023-09-20T22:27:35.938+0000] {processor.py:829} INFO - Processing file /home/airflow/.local/lib/python3.8/site-packages/airflow/example_dags/example_branch_labels.py for tasks to queue
[2023-09-20T22:27:35.943+0000] {logging_mixin.py:151} INFO - [2023-09-20T22:27:35.942+0000] {dagbag.py:539} INFO - Filling up the DagBag from /home/airflow/.local/lib/python3.8/site-packages/airflow/example_dags/example_branch_labels.py
[2023-09-20T22:27:35.960+0000] {processor.py:839} INFO - DAG(s) dict_keys(['example_branch_labels']) retrieved from /home/airflow/.local/lib/python3.8/site-packages/airflow/example_dags/example_branch_labels.py
[2023-09-20T22:27:35.997+0000] {logging_mixin.py:151} INFO - [2023-09-20T22:27:35.997+0000] {dag.py:2915} INFO - Sync 1 DAGs
[2023-09-20T22:27:36.031+0000] {logging_mixin.py:151} INFO - [2023-09-20T22:27:36.030+0000] {dag.py:3696} INFO - Setting next_dagrun for example_branch_labels to 2023-09-19T00:00:00+00:00, run_after=2023-09-20T00:00:00+00:00
[2023-09-20T22:27:36.062+0000] {processor.py:179} INFO - Processing /home/airflow/.local/lib/python3.8/site-packages/airflow/example_dags/example_branch_labels.py took 0.132 seconds
[2023-09-20T22:28:06.236+0000] {processor.py:157} INFO - Started process (PID=389) to work on /home/airflow/.local/lib/python3.8/site-packages/airflow/example_dags/example_branch_labels.py
[2023-09-20T22:28:06.238+0000] {processor.py:829} INFO - Processing file /home/airflow/.local/lib/python3.8/site-packages/airflow/example_dags/example_branch_labels.py for tasks to queue
[2023-09-20T22:28:06.242+0000] {logging_mixin.py:151} INFO - [2023-09-20T22:28:06.241+0000] {dagbag.py:539} INFO - Filling up the DagBag from /home/airflow/.local/lib/python3.8/site-packages/airflow/example_dags/example_branch_labels.py
[2023-09-20T22:28:06.259+0000] {processor.py:839} INFO - DAG(s) dict_keys(['example_branch_labels']) retrieved from /home/airflow/.local/lib/python3.8/site-packages/airflow/example_dags/example_branch_labels.py
[2023-09-20T22:28:06.293+0000] {logging_mixin.py:151} INFO - [2023-09-20T22:28:06.292+0000] {dag.py:2915} INFO - Sync 1 DAGs
[2023-09-20T22:28:06.332+0000] {logging_mixin.py:151} INFO - [2023-09-20T22:28:06.332+0000] {dag.py:3696} INFO - Setting next_dagrun for example_branch_labels to 2023-09-19T00:00:00+00:00, run_after=2023-09-20T00:00:00+00:00
[2023-09-20T22:28:06.357+0000] {processor.py:179} INFO - Processing /home/airflow/.local/lib/python3.8/site-packages/airflow/example_dags/example_branch_labels.py took 0.126 seconds
[2023-09-20T22:28:36.553+0000] {processor.py:157} INFO - Started process (PID=444) to work on /home/airflow/.local/lib/python3.8/site-packages/airflow/example_dags/example_branch_labels.py
[2023-09-20T22:28:36.554+0000] {processor.py:829} INFO - Processing file /home/airflow/.local/lib/python3.8/site-packages/airflow/example_dags/example_branch_labels.py for tasks to queue
[2023-09-20T22:28:36.558+0000] {logging_mixin.py:151} INFO - [2023-09-20T22:28:36.557+0000] {dagbag.py:539} INFO - Filling up the DagBag from /home/airflow/.local/lib/python3.8/site-packages/airflow/example_dags/example_branch_labels.py
[2023-09-20T22:28:36.577+0000] {processor.py:839} INFO - DAG(s) dict_keys(['example_branch_labels']) retrieved from /home/airflow/.local/lib/python3.8/site-packages/airflow/example_dags/example_branch_labels.py
[2023-09-20T22:28:36.616+0000] {logging_mixin.py:151} INFO - [2023-09-20T22:28:36.616+0000] {dag.py:2915} INFO - Sync 1 DAGs
[2023-09-20T22:28:36.658+0000] {logging_mixin.py:151} INFO - [2023-09-20T22:28:36.658+0000] {dag.py:3696} INFO - Setting next_dagrun for example_branch_labels to 2023-09-19T00:00:00+00:00, run_after=2023-09-20T00:00:00+00:00
[2023-09-20T22:28:36.685+0000] {processor.py:179} INFO - Processing /home/airflow/.local/lib/python3.8/site-packages/airflow/example_dags/example_branch_labels.py took 0.137 seconds
[2023-09-20T22:29:07.360+0000] {processor.py:157} INFO - Started process (PID=499) to work on /home/airflow/.local/lib/python3.8/site-packages/airflow/example_dags/example_branch_labels.py
[2023-09-20T22:29:07.362+0000] {processor.py:829} INFO - Processing file /home/airflow/.local/lib/python3.8/site-packages/airflow/example_dags/example_branch_labels.py for tasks to queue
[2023-09-20T22:29:07.366+0000] {logging_mixin.py:151} INFO - [2023-09-20T22:29:07.365+0000] {dagbag.py:539} INFO - Filling up the DagBag from /home/airflow/.local/lib/python3.8/site-packages/airflow/example_dags/example_branch_labels.py
[2023-09-20T22:29:07.378+0000] {processor.py:839} INFO - DAG(s) dict_keys(['example_branch_labels']) retrieved from /home/airflow/.local/lib/python3.8/site-packages/airflow/example_dags/example_branch_labels.py
[2023-09-20T22:29:07.415+0000] {logging_mixin.py:151} INFO - [2023-09-20T22:29:07.415+0000] {dag.py:2915} INFO - Sync 1 DAGs
[2023-09-20T22:29:07.452+0000] {logging_mixin.py:151} INFO - [2023-09-20T22:29:07.452+0000] {dag.py:3696} INFO - Setting next_dagrun for example_branch_labels to 2023-09-19T00:00:00+00:00, run_after=2023-09-20T00:00:00+00:00
[2023-09-20T22:29:07.481+0000] {processor.py:179} INFO - Processing /home/airflow/.local/lib/python3.8/site-packages/airflow/example_dags/example_branch_labels.py took 0.126 seconds
[2023-09-20T22:29:38.323+0000] {processor.py:157} INFO - Started process (PID=554) to work on /home/airflow/.local/lib/python3.8/site-packages/airflow/example_dags/example_branch_labels.py
[2023-09-20T22:29:38.325+0000] {processor.py:829} INFO - Processing file /home/airflow/.local/lib/python3.8/site-packages/airflow/example_dags/example_branch_labels.py for tasks to queue
[2023-09-20T22:29:38.330+0000] {logging_mixin.py:151} INFO - [2023-09-20T22:29:38.330+0000] {dagbag.py:539} INFO - Filling up the DagBag from /home/airflow/.local/lib/python3.8/site-packages/airflow/example_dags/example_branch_labels.py
[2023-09-20T22:29:38.345+0000] {processor.py:839} INFO - DAG(s) dict_keys(['example_branch_labels']) retrieved from /home/airflow/.local/lib/python3.8/site-packages/airflow/example_dags/example_branch_labels.py
[2023-09-20T22:29:38.378+0000] {logging_mixin.py:151} INFO - [2023-09-20T22:29:38.378+0000] {dag.py:2915} INFO - Sync 1 DAGs
[2023-09-20T22:29:38.411+0000] {logging_mixin.py:151} INFO - [2023-09-20T22:29:38.410+0000] {dag.py:3696} INFO - Setting next_dagrun for example_branch_labels to 2023-09-19T00:00:00+00:00, run_after=2023-09-20T00:00:00+00:00
[2023-09-20T22:29:38.437+0000] {processor.py:179} INFO - Processing /home/airflow/.local/lib/python3.8/site-packages/airflow/example_dags/example_branch_labels.py took 0.121 seconds
[2023-09-20T22:30:08.718+0000] {processor.py:157} INFO - Started process (PID=609) to work on /home/airflow/.local/lib/python3.8/site-packages/airflow/example_dags/example_branch_labels.py
[2023-09-20T22:30:08.720+0000] {processor.py:829} INFO - Processing file /home/airflow/.local/lib/python3.8/site-packages/airflow/example_dags/example_branch_labels.py for tasks to queue
[2023-09-20T22:30:08.725+0000] {logging_mixin.py:151} INFO - [2023-09-20T22:30:08.724+0000] {dagbag.py:539} INFO - Filling up the DagBag from /home/airflow/.local/lib/python3.8/site-packages/airflow/example_dags/example_branch_labels.py
[2023-09-20T22:30:08.737+0000] {processor.py:839} INFO - DAG(s) dict_keys(['example_branch_labels']) retrieved from /home/airflow/.local/lib/python3.8/site-packages/airflow/example_dags/example_branch_labels.py
[2023-09-20T22:30:08.764+0000] {logging_mixin.py:151} INFO - [2023-09-20T22:30:08.764+0000] {dag.py:2915} INFO - Sync 1 DAGs
[2023-09-20T22:30:08.797+0000] {logging_mixin.py:151} INFO - [2023-09-20T22:30:08.797+0000] {dag.py:3696} INFO - Setting next_dagrun for example_branch_labels to 2023-09-19T00:00:00+00:00, run_after=2023-09-20T00:00:00+00:00
[2023-09-20T22:30:08.834+0000] {processor.py:179} INFO - Processing /home/airflow/.local/lib/python3.8/site-packages/airflow/example_dags/example_branch_labels.py took 0.127 seconds
[2023-09-20T22:30:39.257+0000] {processor.py:157} INFO - Started process (PID=664) to work on /home/airflow/.local/lib/python3.8/site-packages/airflow/example_dags/example_branch_labels.py
[2023-09-20T22:30:39.258+0000] {processor.py:829} INFO - Processing file /home/airflow/.local/lib/python3.8/site-packages/airflow/example_dags/example_branch_labels.py for tasks to queue
[2023-09-20T22:30:39.261+0000] {logging_mixin.py:151} INFO - [2023-09-20T22:30:39.261+0000] {dagbag.py:539} INFO - Filling up the DagBag from /home/airflow/.local/lib/python3.8/site-packages/airflow/example_dags/example_branch_labels.py
[2023-09-20T22:30:39.272+0000] {processor.py:839} INFO - DAG(s) dict_keys(['example_branch_labels']) retrieved from /home/airflow/.local/lib/python3.8/site-packages/airflow/example_dags/example_branch_labels.py
[2023-09-20T22:30:39.302+0000] {logging_mixin.py:151} INFO - [2023-09-20T22:30:39.302+0000] {dag.py:2915} INFO - Sync 1 DAGs
[2023-09-20T22:30:39.333+0000] {logging_mixin.py:151} INFO - [2023-09-20T22:30:39.333+0000] {dag.py:3696} INFO - Setting next_dagrun for example_branch_labels to 2023-09-19T00:00:00+00:00, run_after=2023-09-20T00:00:00+00:00
[2023-09-20T22:30:39.363+0000] {processor.py:179} INFO - Processing /home/airflow/.local/lib/python3.8/site-packages/airflow/example_dags/example_branch_labels.py took 0.111 seconds
[2023-09-20T22:31:10.254+0000] {processor.py:157} INFO - Started process (PID=719) to work on /home/airflow/.local/lib/python3.8/site-packages/airflow/example_dags/example_branch_labels.py
[2023-09-20T22:31:10.255+0000] {processor.py:829} INFO - Processing file /home/airflow/.local/lib/python3.8/site-packages/airflow/example_dags/example_branch_labels.py for tasks to queue
[2023-09-20T22:31:10.259+0000] {logging_mixin.py:151} INFO - [2023-09-20T22:31:10.259+0000] {dagbag.py:539} INFO - Filling up the DagBag from /home/airflow/.local/lib/python3.8/site-packages/airflow/example_dags/example_branch_labels.py
[2023-09-20T22:31:10.270+0000] {processor.py:839} INFO - DAG(s) dict_keys(['example_branch_labels']) retrieved from /home/airflow/.local/lib/python3.8/site-packages/airflow/example_dags/example_branch_labels.py
[2023-09-20T22:31:10.301+0000] {logging_mixin.py:151} INFO - [2023-09-20T22:31:10.300+0000] {dag.py:2915} INFO - Sync 1 DAGs
[2023-09-20T22:31:10.333+0000] {logging_mixin.py:151} INFO - [2023-09-20T22:31:10.333+0000] {dag.py:3696} INFO - Setting next_dagrun for example_branch_labels to 2023-09-19T00:00:00+00:00, run_after=2023-09-20T00:00:00+00:00
[2023-09-20T22:31:10.385+0000] {processor.py:179} INFO - Processing /home/airflow/.local/lib/python3.8/site-packages/airflow/example_dags/example_branch_labels.py took 0.136 seconds
[2023-09-20T22:31:42.017+0000] {processor.py:157} INFO - Started process (PID=774) to work on /home/airflow/.local/lib/python3.8/site-packages/airflow/example_dags/example_branch_labels.py
[2023-09-20T22:31:42.019+0000] {processor.py:829} INFO - Processing file /home/airflow/.local/lib/python3.8/site-packages/airflow/example_dags/example_branch_labels.py for tasks to queue
[2023-09-20T22:31:42.023+0000] {logging_mixin.py:151} INFO - [2023-09-20T22:31:42.022+0000] {dagbag.py:539} INFO - Filling up the DagBag from /home/airflow/.local/lib/python3.8/site-packages/airflow/example_dags/example_branch_labels.py
[2023-09-20T22:31:42.053+0000] {processor.py:839} INFO - DAG(s) dict_keys(['example_branch_labels']) retrieved from /home/airflow/.local/lib/python3.8/site-packages/airflow/example_dags/example_branch_labels.py
[2023-09-20T22:31:42.097+0000] {logging_mixin.py:151} INFO - [2023-09-20T22:31:42.097+0000] {dag.py:2915} INFO - Sync 1 DAGs
[2023-09-20T22:31:42.136+0000] {logging_mixin.py:151} INFO - [2023-09-20T22:31:42.136+0000] {dag.py:3696} INFO - Setting next_dagrun for example_branch_labels to 2023-09-19T00:00:00+00:00, run_after=2023-09-20T00:00:00+00:00
[2023-09-20T22:31:42.169+0000] {processor.py:179} INFO - Processing /home/airflow/.local/lib/python3.8/site-packages/airflow/example_dags/example_branch_labels.py took 0.159 seconds
[2023-09-20T22:32:12.905+0000] {processor.py:157} INFO - Started process (PID=829) to work on /home/airflow/.local/lib/python3.8/site-packages/airflow/example_dags/example_branch_labels.py
[2023-09-20T22:32:12.907+0000] {processor.py:829} INFO - Processing file /home/airflow/.local/lib/python3.8/site-packages/airflow/example_dags/example_branch_labels.py for tasks to queue
[2023-09-20T22:32:12.910+0000] {logging_mixin.py:151} INFO - [2023-09-20T22:32:12.910+0000] {dagbag.py:539} INFO - Filling up the DagBag from /home/airflow/.local/lib/python3.8/site-packages/airflow/example_dags/example_branch_labels.py
[2023-09-20T22:32:12.921+0000] {processor.py:839} INFO - DAG(s) dict_keys(['example_branch_labels']) retrieved from /home/airflow/.local/lib/python3.8/site-packages/airflow/example_dags/example_branch_labels.py
[2023-09-20T22:32:12.950+0000] {logging_mixin.py:151} INFO - [2023-09-20T22:32:12.950+0000] {dag.py:2915} INFO - Sync 1 DAGs
[2023-09-20T22:32:12.987+0000] {logging_mixin.py:151} INFO - [2023-09-20T22:32:12.987+0000] {dag.py:3696} INFO - Setting next_dagrun for example_branch_labels to 2023-09-19T00:00:00+00:00, run_after=2023-09-20T00:00:00+00:00
[2023-09-20T22:32:13.012+0000] {processor.py:179} INFO - Processing /home/airflow/.local/lib/python3.8/site-packages/airflow/example_dags/example_branch_labels.py took 0.111 seconds
[2023-09-20T22:32:43.869+0000] {processor.py:157} INFO - Started process (PID=884) to work on /home/airflow/.local/lib/python3.8/site-packages/airflow/example_dags/example_branch_labels.py
[2023-09-20T22:32:43.870+0000] {processor.py:829} INFO - Processing file /home/airflow/.local/lib/python3.8/site-packages/airflow/example_dags/example_branch_labels.py for tasks to queue
[2023-09-20T22:32:43.875+0000] {logging_mixin.py:151} INFO - [2023-09-20T22:32:43.875+0000] {dagbag.py:539} INFO - Filling up the DagBag from /home/airflow/.local/lib/python3.8/site-packages/airflow/example_dags/example_branch_labels.py
[2023-09-20T22:32:43.887+0000] {processor.py:839} INFO - DAG(s) dict_keys(['example_branch_labels']) retrieved from /home/airflow/.local/lib/python3.8/site-packages/airflow/example_dags/example_branch_labels.py
[2023-09-20T22:32:43.919+0000] {logging_mixin.py:151} INFO - [2023-09-20T22:32:43.919+0000] {dag.py:2915} INFO - Sync 1 DAGs
[2023-09-20T22:32:43.953+0000] {logging_mixin.py:151} INFO - [2023-09-20T22:32:43.952+0000] {dag.py:3696} INFO - Setting next_dagrun for example_branch_labels to 2023-09-19T00:00:00+00:00, run_after=2023-09-20T00:00:00+00:00
[2023-09-20T22:32:43.984+0000] {processor.py:179} INFO - Processing /home/airflow/.local/lib/python3.8/site-packages/airflow/example_dags/example_branch_labels.py took 0.121 seconds
[2023-09-20T22:33:14.783+0000] {processor.py:157} INFO - Started process (PID=939) to work on /home/airflow/.local/lib/python3.8/site-packages/airflow/example_dags/example_branch_labels.py
[2023-09-20T22:33:14.784+0000] {processor.py:829} INFO - Processing file /home/airflow/.local/lib/python3.8/site-packages/airflow/example_dags/example_branch_labels.py for tasks to queue
[2023-09-20T22:33:14.788+0000] {logging_mixin.py:151} INFO - [2023-09-20T22:33:14.787+0000] {dagbag.py:539} INFO - Filling up the DagBag from /home/airflow/.local/lib/python3.8/site-packages/airflow/example_dags/example_branch_labels.py
[2023-09-20T22:33:14.800+0000] {processor.py:839} INFO - DAG(s) dict_keys(['example_branch_labels']) retrieved from /home/airflow/.local/lib/python3.8/site-packages/airflow/example_dags/example_branch_labels.py
[2023-09-20T22:33:14.831+0000] {logging_mixin.py:151} INFO - [2023-09-20T22:33:14.831+0000] {dag.py:2915} INFO - Sync 1 DAGs
[2023-09-20T22:33:14.863+0000] {logging_mixin.py:151} INFO - [2023-09-20T22:33:14.863+0000] {dag.py:3696} INFO - Setting next_dagrun for example_branch_labels to 2023-09-19T00:00:00+00:00, run_after=2023-09-20T00:00:00+00:00
[2023-09-20T22:33:14.896+0000] {processor.py:179} INFO - Processing /home/airflow/.local/lib/python3.8/site-packages/airflow/example_dags/example_branch_labels.py took 0.118 seconds
[2023-09-20T22:33:45.526+0000] {processor.py:157} INFO - Started process (PID=994) to work on /home/airflow/.local/lib/python3.8/site-packages/airflow/example_dags/example_branch_labels.py
[2023-09-20T22:33:45.528+0000] {processor.py:829} INFO - Processing file /home/airflow/.local/lib/python3.8/site-packages/airflow/example_dags/example_branch_labels.py for tasks to queue
[2023-09-20T22:33:45.533+0000] {logging_mixin.py:151} INFO - [2023-09-20T22:33:45.532+0000] {dagbag.py:539} INFO - Filling up the DagBag from /home/airflow/.local/lib/python3.8/site-packages/airflow/example_dags/example_branch_labels.py
[2023-09-20T22:33:45.544+0000] {processor.py:839} INFO - DAG(s) dict_keys(['example_branch_labels']) retrieved from /home/airflow/.local/lib/python3.8/site-packages/airflow/example_dags/example_branch_labels.py
[2023-09-20T22:33:45.575+0000] {logging_mixin.py:151} INFO - [2023-09-20T22:33:45.575+0000] {dag.py:2915} INFO - Sync 1 DAGs
[2023-09-20T22:33:45.614+0000] {logging_mixin.py:151} INFO - [2023-09-20T22:33:45.613+0000] {dag.py:3696} INFO - Setting next_dagrun for example_branch_labels to 2023-09-19T00:00:00+00:00, run_after=2023-09-20T00:00:00+00:00
[2023-09-20T22:33:45.652+0000] {processor.py:179} INFO - Processing /home/airflow/.local/lib/python3.8/site-packages/airflow/example_dags/example_branch_labels.py took 0.130 seconds
[2023-09-20T22:34:15.948+0000] {processor.py:157} INFO - Started process (PID=1049) to work on /home/airflow/.local/lib/python3.8/site-packages/airflow/example_dags/example_branch_labels.py
[2023-09-20T22:34:15.950+0000] {processor.py:829} INFO - Processing file /home/airflow/.local/lib/python3.8/site-packages/airflow/example_dags/example_branch_labels.py for tasks to queue
[2023-09-20T22:34:15.953+0000] {logging_mixin.py:151} INFO - [2023-09-20T22:34:15.953+0000] {dagbag.py:539} INFO - Filling up the DagBag from /home/airflow/.local/lib/python3.8/site-packages/airflow/example_dags/example_branch_labels.py
[2023-09-20T22:34:15.964+0000] {processor.py:839} INFO - DAG(s) dict_keys(['example_branch_labels']) retrieved from /home/airflow/.local/lib/python3.8/site-packages/airflow/example_dags/example_branch_labels.py
[2023-09-20T22:34:15.996+0000] {logging_mixin.py:151} INFO - [2023-09-20T22:34:15.995+0000] {dag.py:2915} INFO - Sync 1 DAGs
[2023-09-20T22:34:16.027+0000] {logging_mixin.py:151} INFO - [2023-09-20T22:34:16.026+0000] {dag.py:3696} INFO - Setting next_dagrun for example_branch_labels to 2023-09-19T00:00:00+00:00, run_after=2023-09-20T00:00:00+00:00
[2023-09-20T22:34:16.053+0000] {processor.py:179} INFO - Processing /home/airflow/.local/lib/python3.8/site-packages/airflow/example_dags/example_branch_labels.py took 0.112 seconds
[2023-09-20T22:34:47.032+0000] {processor.py:157} INFO - Started process (PID=1104) to work on /home/airflow/.local/lib/python3.8/site-packages/airflow/example_dags/example_branch_labels.py
[2023-09-20T22:34:47.033+0000] {processor.py:829} INFO - Processing file /home/airflow/.local/lib/python3.8/site-packages/airflow/example_dags/example_branch_labels.py for tasks to queue
[2023-09-20T22:34:47.036+0000] {logging_mixin.py:151} INFO - [2023-09-20T22:34:47.036+0000] {dagbag.py:539} INFO - Filling up the DagBag from /home/airflow/.local/lib/python3.8/site-packages/airflow/example_dags/example_branch_labels.py
[2023-09-20T22:34:47.050+0000] {processor.py:839} INFO - DAG(s) dict_keys(['example_branch_labels']) retrieved from /home/airflow/.local/lib/python3.8/site-packages/airflow/example_dags/example_branch_labels.py
[2023-09-20T22:34:47.088+0000] {logging_mixin.py:151} INFO - [2023-09-20T22:34:47.088+0000] {dag.py:2915} INFO - Sync 1 DAGs
[2023-09-20T22:34:47.125+0000] {logging_mixin.py:151} INFO - [2023-09-20T22:34:47.125+0000] {dag.py:3696} INFO - Setting next_dagrun for example_branch_labels to 2023-09-19T00:00:00+00:00, run_after=2023-09-20T00:00:00+00:00
[2023-09-20T22:34:47.150+0000] {processor.py:179} INFO - Processing /home/airflow/.local/lib/python3.8/site-packages/airflow/example_dags/example_branch_labels.py took 0.124 seconds
[2023-09-20T22:35:17.672+0000] {processor.py:157} INFO - Started process (PID=1159) to work on /home/airflow/.local/lib/python3.8/site-packages/airflow/example_dags/example_branch_labels.py
[2023-09-20T22:35:17.674+0000] {processor.py:829} INFO - Processing file /home/airflow/.local/lib/python3.8/site-packages/airflow/example_dags/example_branch_labels.py for tasks to queue
[2023-09-20T22:35:17.677+0000] {logging_mixin.py:151} INFO - [2023-09-20T22:35:17.677+0000] {dagbag.py:539} INFO - Filling up the DagBag from /home/airflow/.local/lib/python3.8/site-packages/airflow/example_dags/example_branch_labels.py
[2023-09-20T22:35:17.691+0000] {processor.py:839} INFO - DAG(s) dict_keys(['example_branch_labels']) retrieved from /home/airflow/.local/lib/python3.8/site-packages/airflow/example_dags/example_branch_labels.py
[2023-09-20T22:35:17.726+0000] {logging_mixin.py:151} INFO - [2023-09-20T22:35:17.726+0000] {dag.py:2915} INFO - Sync 1 DAGs
[2023-09-20T22:35:17.763+0000] {logging_mixin.py:151} INFO - [2023-09-20T22:35:17.762+0000] {dag.py:3696} INFO - Setting next_dagrun for example_branch_labels to 2023-09-19T00:00:00+00:00, run_after=2023-09-20T00:00:00+00:00
[2023-09-20T22:35:17.795+0000] {processor.py:179} INFO - Processing /home/airflow/.local/lib/python3.8/site-packages/airflow/example_dags/example_branch_labels.py took 0.127 seconds
[2023-09-20T22:35:48.067+0000] {processor.py:157} INFO - Started process (PID=1214) to work on /home/airflow/.local/lib/python3.8/site-packages/airflow/example_dags/example_branch_labels.py
[2023-09-20T22:35:48.069+0000] {processor.py:829} INFO - Processing file /home/airflow/.local/lib/python3.8/site-packages/airflow/example_dags/example_branch_labels.py for tasks to queue
[2023-09-20T22:35:48.073+0000] {logging_mixin.py:151} INFO - [2023-09-20T22:35:48.072+0000] {dagbag.py:539} INFO - Filling up the DagBag from /home/airflow/.local/lib/python3.8/site-packages/airflow/example_dags/example_branch_labels.py
[2023-09-20T22:35:48.089+0000] {processor.py:839} INFO - DAG(s) dict_keys(['example_branch_labels']) retrieved from /home/airflow/.local/lib/python3.8/site-packages/airflow/example_dags/example_branch_labels.py
[2023-09-20T22:35:48.121+0000] {logging_mixin.py:151} INFO - [2023-09-20T22:35:48.121+0000] {dag.py:2915} INFO - Sync 1 DAGs
[2023-09-20T22:35:48.153+0000] {logging_mixin.py:151} INFO - [2023-09-20T22:35:48.153+0000] {dag.py:3696} INFO - Setting next_dagrun for example_branch_labels to 2023-09-19T00:00:00+00:00, run_after=2023-09-20T00:00:00+00:00
[2023-09-20T22:35:48.183+0000] {processor.py:179} INFO - Processing /home/airflow/.local/lib/python3.8/site-packages/airflow/example_dags/example_branch_labels.py took 0.122 seconds
[2023-09-20T22:36:18.684+0000] {processor.py:157} INFO - Started process (PID=1269) to work on /home/airflow/.local/lib/python3.8/site-packages/airflow/example_dags/example_branch_labels.py
[2023-09-20T22:36:18.685+0000] {processor.py:829} INFO - Processing file /home/airflow/.local/lib/python3.8/site-packages/airflow/example_dags/example_branch_labels.py for tasks to queue
[2023-09-20T22:36:18.689+0000] {logging_mixin.py:151} INFO - [2023-09-20T22:36:18.688+0000] {dagbag.py:539} INFO - Filling up the DagBag from /home/airflow/.local/lib/python3.8/site-packages/airflow/example_dags/example_branch_labels.py
[2023-09-20T22:36:18.699+0000] {processor.py:839} INFO - DAG(s) dict_keys(['example_branch_labels']) retrieved from /home/airflow/.local/lib/python3.8/site-packages/airflow/example_dags/example_branch_labels.py
[2023-09-20T22:36:18.734+0000] {logging_mixin.py:151} INFO - [2023-09-20T22:36:18.733+0000] {dag.py:2915} INFO - Sync 1 DAGs
[2023-09-20T22:36:18.767+0000] {logging_mixin.py:151} INFO - [2023-09-20T22:36:18.767+0000] {dag.py:3696} INFO - Setting next_dagrun for example_branch_labels to 2023-09-19T00:00:00+00:00, run_after=2023-09-20T00:00:00+00:00
[2023-09-20T22:36:18.906+0000] {processor.py:179} INFO - Processing /home/airflow/.local/lib/python3.8/site-packages/airflow/example_dags/example_branch_labels.py took 0.227 seconds
[2023-09-20T22:36:49.391+0000] {processor.py:157} INFO - Started process (PID=1324) to work on /home/airflow/.local/lib/python3.8/site-packages/airflow/example_dags/example_branch_labels.py
[2023-09-20T22:36:49.393+0000] {processor.py:829} INFO - Processing file /home/airflow/.local/lib/python3.8/site-packages/airflow/example_dags/example_branch_labels.py for tasks to queue
[2023-09-20T22:36:49.397+0000] {logging_mixin.py:151} INFO - [2023-09-20T22:36:49.397+0000] {dagbag.py:539} INFO - Filling up the DagBag from /home/airflow/.local/lib/python3.8/site-packages/airflow/example_dags/example_branch_labels.py
[2023-09-20T22:36:49.411+0000] {processor.py:839} INFO - DAG(s) dict_keys(['example_branch_labels']) retrieved from /home/airflow/.local/lib/python3.8/site-packages/airflow/example_dags/example_branch_labels.py
[2023-09-20T22:36:49.447+0000] {logging_mixin.py:151} INFO - [2023-09-20T22:36:49.447+0000] {dag.py:2915} INFO - Sync 1 DAGs
[2023-09-20T22:36:49.482+0000] {logging_mixin.py:151} INFO - [2023-09-20T22:36:49.481+0000] {dag.py:3696} INFO - Setting next_dagrun for example_branch_labels to 2023-09-19T00:00:00+00:00, run_after=2023-09-20T00:00:00+00:00
[2023-09-20T22:36:49.517+0000] {processor.py:179} INFO - Processing /home/airflow/.local/lib/python3.8/site-packages/airflow/example_dags/example_branch_labels.py took 0.132 seconds
[2023-09-20T22:37:20.412+0000] {processor.py:157} INFO - Started process (PID=1380) to work on /home/airflow/.local/lib/python3.8/site-packages/airflow/example_dags/example_branch_labels.py
[2023-09-20T22:37:20.414+0000] {processor.py:829} INFO - Processing file /home/airflow/.local/lib/python3.8/site-packages/airflow/example_dags/example_branch_labels.py for tasks to queue
[2023-09-20T22:37:20.417+0000] {logging_mixin.py:151} INFO - [2023-09-20T22:37:20.417+0000] {dagbag.py:539} INFO - Filling up the DagBag from /home/airflow/.local/lib/python3.8/site-packages/airflow/example_dags/example_branch_labels.py
[2023-09-20T22:37:20.431+0000] {processor.py:839} INFO - DAG(s) dict_keys(['example_branch_labels']) retrieved from /home/airflow/.local/lib/python3.8/site-packages/airflow/example_dags/example_branch_labels.py
[2023-09-20T22:37:20.460+0000] {logging_mixin.py:151} INFO - [2023-09-20T22:37:20.459+0000] {dag.py:2915} INFO - Sync 1 DAGs
[2023-09-20T22:37:20.498+0000] {logging_mixin.py:151} INFO - [2023-09-20T22:37:20.498+0000] {dag.py:3696} INFO - Setting next_dagrun for example_branch_labels to 2023-09-19T00:00:00+00:00, run_after=2023-09-20T00:00:00+00:00
[2023-09-20T22:37:20.529+0000] {processor.py:179} INFO - Processing /home/airflow/.local/lib/python3.8/site-packages/airflow/example_dags/example_branch_labels.py took 0.121 seconds
[2023-09-20T22:37:51.226+0000] {processor.py:157} INFO - Started process (PID=1435) to work on /home/airflow/.local/lib/python3.8/site-packages/airflow/example_dags/example_branch_labels.py
[2023-09-20T22:37:51.228+0000] {processor.py:829} INFO - Processing file /home/airflow/.local/lib/python3.8/site-packages/airflow/example_dags/example_branch_labels.py for tasks to queue
[2023-09-20T22:37:51.232+0000] {logging_mixin.py:151} INFO - [2023-09-20T22:37:51.232+0000] {dagbag.py:539} INFO - Filling up the DagBag from /home/airflow/.local/lib/python3.8/site-packages/airflow/example_dags/example_branch_labels.py
[2023-09-20T22:37:51.245+0000] {processor.py:839} INFO - DAG(s) dict_keys(['example_branch_labels']) retrieved from /home/airflow/.local/lib/python3.8/site-packages/airflow/example_dags/example_branch_labels.py
[2023-09-20T22:37:51.280+0000] {logging_mixin.py:151} INFO - [2023-09-20T22:37:51.279+0000] {dag.py:2915} INFO - Sync 1 DAGs
[2023-09-20T22:37:51.316+0000] {logging_mixin.py:151} INFO - [2023-09-20T22:37:51.316+0000] {dag.py:3696} INFO - Setting next_dagrun for example_branch_labels to 2023-09-19T00:00:00+00:00, run_after=2023-09-20T00:00:00+00:00
[2023-09-20T22:37:51.348+0000] {processor.py:179} INFO - Processing /home/airflow/.local/lib/python3.8/site-packages/airflow/example_dags/example_branch_labels.py took 0.128 seconds
[2023-09-20T22:38:21.614+0000] {processor.py:157} INFO - Started process (PID=1490) to work on /home/airflow/.local/lib/python3.8/site-packages/airflow/example_dags/example_branch_labels.py
[2023-09-20T22:38:21.615+0000] {processor.py:829} INFO - Processing file /home/airflow/.local/lib/python3.8/site-packages/airflow/example_dags/example_branch_labels.py for tasks to queue
[2023-09-20T22:38:21.619+0000] {logging_mixin.py:151} INFO - [2023-09-20T22:38:21.618+0000] {dagbag.py:539} INFO - Filling up the DagBag from /home/airflow/.local/lib/python3.8/site-packages/airflow/example_dags/example_branch_labels.py
[2023-09-20T22:38:21.635+0000] {processor.py:839} INFO - DAG(s) dict_keys(['example_branch_labels']) retrieved from /home/airflow/.local/lib/python3.8/site-packages/airflow/example_dags/example_branch_labels.py
[2023-09-20T22:38:21.671+0000] {logging_mixin.py:151} INFO - [2023-09-20T22:38:21.670+0000] {dag.py:2915} INFO - Sync 1 DAGs
[2023-09-20T22:38:21.711+0000] {logging_mixin.py:151} INFO - [2023-09-20T22:38:21.710+0000] {dag.py:3696} INFO - Setting next_dagrun for example_branch_labels to 2023-09-19T00:00:00+00:00, run_after=2023-09-20T00:00:00+00:00
[2023-09-20T22:38:21.744+0000] {processor.py:179} INFO - Processing /home/airflow/.local/lib/python3.8/site-packages/airflow/example_dags/example_branch_labels.py took 0.136 seconds
[2023-09-20T22:38:52.361+0000] {processor.py:157} INFO - Started process (PID=1552) to work on /home/airflow/.local/lib/python3.8/site-packages/airflow/example_dags/example_branch_labels.py
[2023-09-20T22:38:52.362+0000] {processor.py:829} INFO - Processing file /home/airflow/.local/lib/python3.8/site-packages/airflow/example_dags/example_branch_labels.py for tasks to queue
[2023-09-20T22:38:52.366+0000] {logging_mixin.py:151} INFO - [2023-09-20T22:38:52.365+0000] {dagbag.py:539} INFO - Filling up the DagBag from /home/airflow/.local/lib/python3.8/site-packages/airflow/example_dags/example_branch_labels.py
[2023-09-20T22:38:52.379+0000] {processor.py:839} INFO - DAG(s) dict_keys(['example_branch_labels']) retrieved from /home/airflow/.local/lib/python3.8/site-packages/airflow/example_dags/example_branch_labels.py
[2023-09-20T22:38:52.408+0000] {logging_mixin.py:151} INFO - [2023-09-20T22:38:52.408+0000] {dag.py:2915} INFO - Sync 1 DAGs
[2023-09-20T22:38:52.441+0000] {logging_mixin.py:151} INFO - [2023-09-20T22:38:52.440+0000] {dag.py:3696} INFO - Setting next_dagrun for example_branch_labels to 2023-09-19T00:00:00+00:00, run_after=2023-09-20T00:00:00+00:00
[2023-09-20T22:38:52.488+0000] {processor.py:179} INFO - Processing /home/airflow/.local/lib/python3.8/site-packages/airflow/example_dags/example_branch_labels.py took 0.132 seconds
[2023-09-20T22:39:22.606+0000] {processor.py:157} INFO - Started process (PID=1607) to work on /home/airflow/.local/lib/python3.8/site-packages/airflow/example_dags/example_branch_labels.py
[2023-09-20T22:39:22.609+0000] {processor.py:829} INFO - Processing file /home/airflow/.local/lib/python3.8/site-packages/airflow/example_dags/example_branch_labels.py for tasks to queue
[2023-09-20T22:39:22.616+0000] {logging_mixin.py:151} INFO - [2023-09-20T22:39:22.615+0000] {dagbag.py:539} INFO - Filling up the DagBag from /home/airflow/.local/lib/python3.8/site-packages/airflow/example_dags/example_branch_labels.py
[2023-09-20T22:39:22.634+0000] {processor.py:839} INFO - DAG(s) dict_keys(['example_branch_labels']) retrieved from /home/airflow/.local/lib/python3.8/site-packages/airflow/example_dags/example_branch_labels.py
[2023-09-20T22:39:22.673+0000] {logging_mixin.py:151} INFO - [2023-09-20T22:39:22.672+0000] {dag.py:2915} INFO - Sync 1 DAGs
[2023-09-20T22:39:22.705+0000] {logging_mixin.py:151} INFO - [2023-09-20T22:39:22.705+0000] {dag.py:3696} INFO - Setting next_dagrun for example_branch_labels to 2023-09-19T00:00:00+00:00, run_after=2023-09-20T00:00:00+00:00
[2023-09-20T22:39:22.749+0000] {processor.py:179} INFO - Processing /home/airflow/.local/lib/python3.8/site-packages/airflow/example_dags/example_branch_labels.py took 0.151 seconds
[2023-09-20T22:39:53.021+0000] {processor.py:157} INFO - Started process (PID=1661) to work on /home/airflow/.local/lib/python3.8/site-packages/airflow/example_dags/example_branch_labels.py
[2023-09-20T22:39:53.022+0000] {processor.py:829} INFO - Processing file /home/airflow/.local/lib/python3.8/site-packages/airflow/example_dags/example_branch_labels.py for tasks to queue
[2023-09-20T22:39:53.025+0000] {logging_mixin.py:151} INFO - [2023-09-20T22:39:53.025+0000] {dagbag.py:539} INFO - Filling up the DagBag from /home/airflow/.local/lib/python3.8/site-packages/airflow/example_dags/example_branch_labels.py
[2023-09-20T22:39:53.036+0000] {processor.py:839} INFO - DAG(s) dict_keys(['example_branch_labels']) retrieved from /home/airflow/.local/lib/python3.8/site-packages/airflow/example_dags/example_branch_labels.py
[2023-09-20T22:39:53.065+0000] {logging_mixin.py:151} INFO - [2023-09-20T22:39:53.065+0000] {dag.py:2915} INFO - Sync 1 DAGs
[2023-09-20T22:39:53.098+0000] {logging_mixin.py:151} INFO - [2023-09-20T22:39:53.097+0000] {dag.py:3696} INFO - Setting next_dagrun for example_branch_labels to 2023-09-19T00:00:00+00:00, run_after=2023-09-20T00:00:00+00:00
[2023-09-20T22:39:53.130+0000] {processor.py:179} INFO - Processing /home/airflow/.local/lib/python3.8/site-packages/airflow/example_dags/example_branch_labels.py took 0.114 seconds
[2023-09-20T22:40:23.895+0000] {processor.py:157} INFO - Started process (PID=1716) to work on /home/airflow/.local/lib/python3.8/site-packages/airflow/example_dags/example_branch_labels.py
[2023-09-20T22:40:23.897+0000] {processor.py:829} INFO - Processing file /home/airflow/.local/lib/python3.8/site-packages/airflow/example_dags/example_branch_labels.py for tasks to queue
[2023-09-20T22:40:23.901+0000] {logging_mixin.py:151} INFO - [2023-09-20T22:40:23.901+0000] {dagbag.py:539} INFO - Filling up the DagBag from /home/airflow/.local/lib/python3.8/site-packages/airflow/example_dags/example_branch_labels.py
[2023-09-20T22:40:23.917+0000] {processor.py:839} INFO - DAG(s) dict_keys(['example_branch_labels']) retrieved from /home/airflow/.local/lib/python3.8/site-packages/airflow/example_dags/example_branch_labels.py
[2023-09-20T22:40:23.958+0000] {logging_mixin.py:151} INFO - [2023-09-20T22:40:23.958+0000] {dag.py:2915} INFO - Sync 1 DAGs
[2023-09-20T22:40:23.992+0000] {logging_mixin.py:151} INFO - [2023-09-20T22:40:23.992+0000] {dag.py:3696} INFO - Setting next_dagrun for example_branch_labels to 2023-09-19T00:00:00+00:00, run_after=2023-09-20T00:00:00+00:00
[2023-09-20T22:40:24.028+0000] {processor.py:179} INFO - Processing /home/airflow/.local/lib/python3.8/site-packages/airflow/example_dags/example_branch_labels.py took 0.142 seconds
[2023-09-20T22:40:54.306+0000] {processor.py:157} INFO - Started process (PID=1771) to work on /home/airflow/.local/lib/python3.8/site-packages/airflow/example_dags/example_branch_labels.py
[2023-09-20T22:40:54.307+0000] {processor.py:829} INFO - Processing file /home/airflow/.local/lib/python3.8/site-packages/airflow/example_dags/example_branch_labels.py for tasks to queue
[2023-09-20T22:40:54.311+0000] {logging_mixin.py:151} INFO - [2023-09-20T22:40:54.310+0000] {dagbag.py:539} INFO - Filling up the DagBag from /home/airflow/.local/lib/python3.8/site-packages/airflow/example_dags/example_branch_labels.py
[2023-09-20T22:40:54.338+0000] {processor.py:839} INFO - DAG(s) dict_keys(['example_branch_labels']) retrieved from /home/airflow/.local/lib/python3.8/site-packages/airflow/example_dags/example_branch_labels.py
[2023-09-20T22:40:54.375+0000] {logging_mixin.py:151} INFO - [2023-09-20T22:40:54.374+0000] {dag.py:2915} INFO - Sync 1 DAGs
[2023-09-20T22:40:54.407+0000] {logging_mixin.py:151} INFO - [2023-09-20T22:40:54.406+0000] {dag.py:3696} INFO - Setting next_dagrun for example_branch_labels to 2023-09-19T00:00:00+00:00, run_after=2023-09-20T00:00:00+00:00
[2023-09-20T22:40:54.438+0000] {processor.py:179} INFO - Processing /home/airflow/.local/lib/python3.8/site-packages/airflow/example_dags/example_branch_labels.py took 0.138 seconds
[2023-09-20T22:41:24.950+0000] {processor.py:157} INFO - Started process (PID=1826) to work on /home/airflow/.local/lib/python3.8/site-packages/airflow/example_dags/example_branch_labels.py
[2023-09-20T22:41:24.951+0000] {processor.py:829} INFO - Processing file /home/airflow/.local/lib/python3.8/site-packages/airflow/example_dags/example_branch_labels.py for tasks to queue
[2023-09-20T22:41:24.956+0000] {logging_mixin.py:151} INFO - [2023-09-20T22:41:24.955+0000] {dagbag.py:539} INFO - Filling up the DagBag from /home/airflow/.local/lib/python3.8/site-packages/airflow/example_dags/example_branch_labels.py
[2023-09-20T22:41:24.970+0000] {processor.py:839} INFO - DAG(s) dict_keys(['example_branch_labels']) retrieved from /home/airflow/.local/lib/python3.8/site-packages/airflow/example_dags/example_branch_labels.py
[2023-09-20T22:41:25.005+0000] {logging_mixin.py:151} INFO - [2023-09-20T22:41:25.005+0000] {dag.py:2915} INFO - Sync 1 DAGs
[2023-09-20T22:41:25.038+0000] {logging_mixin.py:151} INFO - [2023-09-20T22:41:25.038+0000] {dag.py:3696} INFO - Setting next_dagrun for example_branch_labels to 2023-09-19T00:00:00+00:00, run_after=2023-09-20T00:00:00+00:00
[2023-09-20T22:41:25.066+0000] {processor.py:179} INFO - Processing /home/airflow/.local/lib/python3.8/site-packages/airflow/example_dags/example_branch_labels.py took 0.123 seconds
[2023-09-20T22:41:55.597+0000] {processor.py:157} INFO - Started process (PID=1881) to work on /home/airflow/.local/lib/python3.8/site-packages/airflow/example_dags/example_branch_labels.py
[2023-09-20T22:41:55.598+0000] {processor.py:829} INFO - Processing file /home/airflow/.local/lib/python3.8/site-packages/airflow/example_dags/example_branch_labels.py for tasks to queue
[2023-09-20T22:41:55.603+0000] {logging_mixin.py:151} INFO - [2023-09-20T22:41:55.602+0000] {dagbag.py:539} INFO - Filling up the DagBag from /home/airflow/.local/lib/python3.8/site-packages/airflow/example_dags/example_branch_labels.py
[2023-09-20T22:41:55.620+0000] {processor.py:839} INFO - DAG(s) dict_keys(['example_branch_labels']) retrieved from /home/airflow/.local/lib/python3.8/site-packages/airflow/example_dags/example_branch_labels.py
[2023-09-20T22:41:55.664+0000] {logging_mixin.py:151} INFO - [2023-09-20T22:41:55.663+0000] {dag.py:2915} INFO - Sync 1 DAGs
[2023-09-20T22:41:55.706+0000] {logging_mixin.py:151} INFO - [2023-09-20T22:41:55.706+0000] {dag.py:3696} INFO - Setting next_dagrun for example_branch_labels to 2023-09-19T00:00:00+00:00, run_after=2023-09-20T00:00:00+00:00
[2023-09-20T22:41:55.738+0000] {processor.py:179} INFO - Processing /home/airflow/.local/lib/python3.8/site-packages/airflow/example_dags/example_branch_labels.py took 0.146 seconds
[2023-09-20T22:42:26.136+0000] {processor.py:157} INFO - Started process (PID=1936) to work on /home/airflow/.local/lib/python3.8/site-packages/airflow/example_dags/example_branch_labels.py
[2023-09-20T22:42:26.138+0000] {processor.py:829} INFO - Processing file /home/airflow/.local/lib/python3.8/site-packages/airflow/example_dags/example_branch_labels.py for tasks to queue
[2023-09-20T22:42:26.141+0000] {logging_mixin.py:151} INFO - [2023-09-20T22:42:26.141+0000] {dagbag.py:539} INFO - Filling up the DagBag from /home/airflow/.local/lib/python3.8/site-packages/airflow/example_dags/example_branch_labels.py
[2023-09-20T22:42:26.152+0000] {processor.py:839} INFO - DAG(s) dict_keys(['example_branch_labels']) retrieved from /home/airflow/.local/lib/python3.8/site-packages/airflow/example_dags/example_branch_labels.py
[2023-09-20T22:42:26.184+0000] {logging_mixin.py:151} INFO - [2023-09-20T22:42:26.184+0000] {dag.py:2915} INFO - Sync 1 DAGs
[2023-09-20T22:42:26.217+0000] {logging_mixin.py:151} INFO - [2023-09-20T22:42:26.216+0000] {dag.py:3696} INFO - Setting next_dagrun for example_branch_labels to 2023-09-19T00:00:00+00:00, run_after=2023-09-20T00:00:00+00:00
[2023-09-20T22:42:26.250+0000] {processor.py:179} INFO - Processing /home/airflow/.local/lib/python3.8/site-packages/airflow/example_dags/example_branch_labels.py took 0.119 seconds
[2023-09-20T22:42:56.949+0000] {processor.py:157} INFO - Started process (PID=1991) to work on /home/airflow/.local/lib/python3.8/site-packages/airflow/example_dags/example_branch_labels.py
[2023-09-20T22:42:56.950+0000] {processor.py:829} INFO - Processing file /home/airflow/.local/lib/python3.8/site-packages/airflow/example_dags/example_branch_labels.py for tasks to queue
[2023-09-20T22:42:56.954+0000] {logging_mixin.py:151} INFO - [2023-09-20T22:42:56.953+0000] {dagbag.py:539} INFO - Filling up the DagBag from /home/airflow/.local/lib/python3.8/site-packages/airflow/example_dags/example_branch_labels.py
[2023-09-20T22:42:56.965+0000] {processor.py:839} INFO - DAG(s) dict_keys(['example_branch_labels']) retrieved from /home/airflow/.local/lib/python3.8/site-packages/airflow/example_dags/example_branch_labels.py
[2023-09-20T22:42:56.994+0000] {logging_mixin.py:151} INFO - [2023-09-20T22:42:56.994+0000] {dag.py:2915} INFO - Sync 1 DAGs
[2023-09-20T22:42:57.026+0000] {logging_mixin.py:151} INFO - [2023-09-20T22:42:57.026+0000] {dag.py:3696} INFO - Setting next_dagrun for example_branch_labels to 2023-09-19T00:00:00+00:00, run_after=2023-09-20T00:00:00+00:00
[2023-09-20T22:42:57.053+0000] {processor.py:179} INFO - Processing /home/airflow/.local/lib/python3.8/site-packages/airflow/example_dags/example_branch_labels.py took 0.109 seconds
[2023-09-20T22:43:27.693+0000] {processor.py:157} INFO - Started process (PID=2046) to work on /home/airflow/.local/lib/python3.8/site-packages/airflow/example_dags/example_branch_labels.py
[2023-09-20T22:43:27.694+0000] {processor.py:829} INFO - Processing file /home/airflow/.local/lib/python3.8/site-packages/airflow/example_dags/example_branch_labels.py for tasks to queue
[2023-09-20T22:43:27.698+0000] {logging_mixin.py:151} INFO - [2023-09-20T22:43:27.697+0000] {dagbag.py:539} INFO - Filling up the DagBag from /home/airflow/.local/lib/python3.8/site-packages/airflow/example_dags/example_branch_labels.py
[2023-09-20T22:43:27.711+0000] {processor.py:839} INFO - DAG(s) dict_keys(['example_branch_labels']) retrieved from /home/airflow/.local/lib/python3.8/site-packages/airflow/example_dags/example_branch_labels.py
[2023-09-20T22:43:27.757+0000] {logging_mixin.py:151} INFO - [2023-09-20T22:43:27.757+0000] {dag.py:2915} INFO - Sync 1 DAGs
[2023-09-20T22:43:27.790+0000] {logging_mixin.py:151} INFO - [2023-09-20T22:43:27.790+0000] {dag.py:3696} INFO - Setting next_dagrun for example_branch_labels to 2023-09-19T00:00:00+00:00, run_after=2023-09-20T00:00:00+00:00
[2023-09-20T22:43:27.823+0000] {processor.py:179} INFO - Processing /home/airflow/.local/lib/python3.8/site-packages/airflow/example_dags/example_branch_labels.py took 0.135 seconds
[2023-09-20T22:43:58.533+0000] {processor.py:157} INFO - Started process (PID=2101) to work on /home/airflow/.local/lib/python3.8/site-packages/airflow/example_dags/example_branch_labels.py
[2023-09-20T22:43:58.535+0000] {processor.py:829} INFO - Processing file /home/airflow/.local/lib/python3.8/site-packages/airflow/example_dags/example_branch_labels.py for tasks to queue
[2023-09-20T22:43:58.540+0000] {logging_mixin.py:151} INFO - [2023-09-20T22:43:58.539+0000] {dagbag.py:539} INFO - Filling up the DagBag from /home/airflow/.local/lib/python3.8/site-packages/airflow/example_dags/example_branch_labels.py
[2023-09-20T22:43:58.554+0000] {processor.py:839} INFO - DAG(s) dict_keys(['example_branch_labels']) retrieved from /home/airflow/.local/lib/python3.8/site-packages/airflow/example_dags/example_branch_labels.py
[2023-09-20T22:43:58.589+0000] {logging_mixin.py:151} INFO - [2023-09-20T22:43:58.589+0000] {dag.py:2915} INFO - Sync 1 DAGs
[2023-09-20T22:43:58.636+0000] {logging_mixin.py:151} INFO - [2023-09-20T22:43:58.635+0000] {dag.py:3696} INFO - Setting next_dagrun for example_branch_labels to 2023-09-19T00:00:00+00:00, run_after=2023-09-20T00:00:00+00:00
[2023-09-20T22:43:58.677+0000] {processor.py:179} INFO - Processing /home/airflow/.local/lib/python3.8/site-packages/airflow/example_dags/example_branch_labels.py took 0.151 seconds
[2023-09-20T22:44:29.516+0000] {processor.py:157} INFO - Started process (PID=2157) to work on /home/airflow/.local/lib/python3.8/site-packages/airflow/example_dags/example_branch_labels.py
[2023-09-20T22:44:29.518+0000] {processor.py:829} INFO - Processing file /home/airflow/.local/lib/python3.8/site-packages/airflow/example_dags/example_branch_labels.py for tasks to queue
[2023-09-20T22:44:29.521+0000] {logging_mixin.py:151} INFO - [2023-09-20T22:44:29.521+0000] {dagbag.py:539} INFO - Filling up the DagBag from /home/airflow/.local/lib/python3.8/site-packages/airflow/example_dags/example_branch_labels.py
[2023-09-20T22:44:29.532+0000] {processor.py:839} INFO - DAG(s) dict_keys(['example_branch_labels']) retrieved from /home/airflow/.local/lib/python3.8/site-packages/airflow/example_dags/example_branch_labels.py
[2023-09-20T22:44:29.561+0000] {logging_mixin.py:151} INFO - [2023-09-20T22:44:29.561+0000] {dag.py:2915} INFO - Sync 1 DAGs
[2023-09-20T22:44:29.592+0000] {logging_mixin.py:151} INFO - [2023-09-20T22:44:29.592+0000] {dag.py:3696} INFO - Setting next_dagrun for example_branch_labels to 2023-09-19T00:00:00+00:00, run_after=2023-09-20T00:00:00+00:00
[2023-09-20T22:44:29.625+0000] {processor.py:179} INFO - Processing /home/airflow/.local/lib/python3.8/site-packages/airflow/example_dags/example_branch_labels.py took 0.113 seconds
[2023-09-20T22:45:00.173+0000] {processor.py:157} INFO - Started process (PID=2212) to work on /home/airflow/.local/lib/python3.8/site-packages/airflow/example_dags/example_branch_labels.py
[2023-09-20T22:45:00.175+0000] {processor.py:829} INFO - Processing file /home/airflow/.local/lib/python3.8/site-packages/airflow/example_dags/example_branch_labels.py for tasks to queue
[2023-09-20T22:45:00.179+0000] {logging_mixin.py:151} INFO - [2023-09-20T22:45:00.178+0000] {dagbag.py:539} INFO - Filling up the DagBag from /home/airflow/.local/lib/python3.8/site-packages/airflow/example_dags/example_branch_labels.py
[2023-09-20T22:45:00.191+0000] {processor.py:839} INFO - DAG(s) dict_keys(['example_branch_labels']) retrieved from /home/airflow/.local/lib/python3.8/site-packages/airflow/example_dags/example_branch_labels.py
[2023-09-20T22:45:00.221+0000] {logging_mixin.py:151} INFO - [2023-09-20T22:45:00.220+0000] {dag.py:2915} INFO - Sync 1 DAGs
[2023-09-20T22:45:00.251+0000] {logging_mixin.py:151} INFO - [2023-09-20T22:45:00.250+0000] {dag.py:3696} INFO - Setting next_dagrun for example_branch_labels to 2023-09-19T00:00:00+00:00, run_after=2023-09-20T00:00:00+00:00
[2023-09-20T22:45:00.276+0000] {processor.py:179} INFO - Processing /home/airflow/.local/lib/python3.8/site-packages/airflow/example_dags/example_branch_labels.py took 0.107 seconds
[2023-09-20T22:45:30.968+0000] {processor.py:157} INFO - Started process (PID=2267) to work on /home/airflow/.local/lib/python3.8/site-packages/airflow/example_dags/example_branch_labels.py
[2023-09-20T22:45:30.970+0000] {processor.py:829} INFO - Processing file /home/airflow/.local/lib/python3.8/site-packages/airflow/example_dags/example_branch_labels.py for tasks to queue
[2023-09-20T22:45:30.974+0000] {logging_mixin.py:151} INFO - [2023-09-20T22:45:30.973+0000] {dagbag.py:539} INFO - Filling up the DagBag from /home/airflow/.local/lib/python3.8/site-packages/airflow/example_dags/example_branch_labels.py
[2023-09-20T22:45:30.986+0000] {processor.py:839} INFO - DAG(s) dict_keys(['example_branch_labels']) retrieved from /home/airflow/.local/lib/python3.8/site-packages/airflow/example_dags/example_branch_labels.py
[2023-09-20T22:45:31.022+0000] {logging_mixin.py:151} INFO - [2023-09-20T22:45:31.022+0000] {dag.py:2915} INFO - Sync 1 DAGs
[2023-09-20T22:45:31.067+0000] {logging_mixin.py:151} INFO - [2023-09-20T22:45:31.067+0000] {dag.py:3696} INFO - Setting next_dagrun for example_branch_labels to 2023-09-19T00:00:00+00:00, run_after=2023-09-20T00:00:00+00:00
[2023-09-20T22:45:31.105+0000] {processor.py:179} INFO - Processing /home/airflow/.local/lib/python3.8/site-packages/airflow/example_dags/example_branch_labels.py took 0.142 seconds
[2023-09-20T22:46:01.317+0000] {processor.py:157} INFO - Started process (PID=2322) to work on /home/airflow/.local/lib/python3.8/site-packages/airflow/example_dags/example_branch_labels.py
[2023-09-20T22:46:01.318+0000] {processor.py:829} INFO - Processing file /home/airflow/.local/lib/python3.8/site-packages/airflow/example_dags/example_branch_labels.py for tasks to queue
[2023-09-20T22:46:01.322+0000] {logging_mixin.py:151} INFO - [2023-09-20T22:46:01.322+0000] {dagbag.py:539} INFO - Filling up the DagBag from /home/airflow/.local/lib/python3.8/site-packages/airflow/example_dags/example_branch_labels.py
[2023-09-20T22:46:01.337+0000] {processor.py:839} INFO - DAG(s) dict_keys(['example_branch_labels']) retrieved from /home/airflow/.local/lib/python3.8/site-packages/airflow/example_dags/example_branch_labels.py
[2023-09-20T22:46:01.371+0000] {logging_mixin.py:151} INFO - [2023-09-20T22:46:01.371+0000] {dag.py:2915} INFO - Sync 1 DAGs
[2023-09-20T22:46:01.403+0000] {logging_mixin.py:151} INFO - [2023-09-20T22:46:01.403+0000] {dag.py:3696} INFO - Setting next_dagrun for example_branch_labels to 2023-09-19T00:00:00+00:00, run_after=2023-09-20T00:00:00+00:00
[2023-09-20T22:46:01.441+0000] {processor.py:179} INFO - Processing /home/airflow/.local/lib/python3.8/site-packages/airflow/example_dags/example_branch_labels.py took 0.129 seconds
[2023-09-20T22:46:32.530+0000] {processor.py:157} INFO - Started process (PID=2377) to work on /home/airflow/.local/lib/python3.8/site-packages/airflow/example_dags/example_branch_labels.py
[2023-09-20T22:46:32.531+0000] {processor.py:829} INFO - Processing file /home/airflow/.local/lib/python3.8/site-packages/airflow/example_dags/example_branch_labels.py for tasks to queue
[2023-09-20T22:46:32.534+0000] {logging_mixin.py:151} INFO - [2023-09-20T22:46:32.534+0000] {dagbag.py:539} INFO - Filling up the DagBag from /home/airflow/.local/lib/python3.8/site-packages/airflow/example_dags/example_branch_labels.py
[2023-09-20T22:46:32.547+0000] {processor.py:839} INFO - DAG(s) dict_keys(['example_branch_labels']) retrieved from /home/airflow/.local/lib/python3.8/site-packages/airflow/example_dags/example_branch_labels.py
[2023-09-20T22:46:32.577+0000] {logging_mixin.py:151} INFO - [2023-09-20T22:46:32.577+0000] {dag.py:2915} INFO - Sync 1 DAGs
[2023-09-20T22:46:32.609+0000] {logging_mixin.py:151} INFO - [2023-09-20T22:46:32.609+0000] {dag.py:3696} INFO - Setting next_dagrun for example_branch_labels to 2023-09-19T00:00:00+00:00, run_after=2023-09-20T00:00:00+00:00
[2023-09-20T22:46:32.638+0000] {processor.py:179} INFO - Processing /home/airflow/.local/lib/python3.8/site-packages/airflow/example_dags/example_branch_labels.py took 0.112 seconds
[2023-09-20T22:47:02.988+0000] {processor.py:157} INFO - Started process (PID=2432) to work on /home/airflow/.local/lib/python3.8/site-packages/airflow/example_dags/example_branch_labels.py
[2023-09-20T22:47:02.990+0000] {processor.py:829} INFO - Processing file /home/airflow/.local/lib/python3.8/site-packages/airflow/example_dags/example_branch_labels.py for tasks to queue
[2023-09-20T22:47:02.993+0000] {logging_mixin.py:151} INFO - [2023-09-20T22:47:02.993+0000] {dagbag.py:539} INFO - Filling up the DagBag from /home/airflow/.local/lib/python3.8/site-packages/airflow/example_dags/example_branch_labels.py
[2023-09-20T22:47:03.005+0000] {processor.py:839} INFO - DAG(s) dict_keys(['example_branch_labels']) retrieved from /home/airflow/.local/lib/python3.8/site-packages/airflow/example_dags/example_branch_labels.py
[2023-09-20T22:47:03.045+0000] {logging_mixin.py:151} INFO - [2023-09-20T22:47:03.045+0000] {dag.py:2915} INFO - Sync 1 DAGs
[2023-09-20T22:47:03.077+0000] {logging_mixin.py:151} INFO - [2023-09-20T22:47:03.077+0000] {dag.py:3696} INFO - Setting next_dagrun for example_branch_labels to 2023-09-19T00:00:00+00:00, run_after=2023-09-20T00:00:00+00:00
[2023-09-20T22:47:03.112+0000] {processor.py:179} INFO - Processing /home/airflow/.local/lib/python3.8/site-packages/airflow/example_dags/example_branch_labels.py took 0.129 seconds
[2023-09-20T22:47:33.978+0000] {processor.py:157} INFO - Started process (PID=2487) to work on /home/airflow/.local/lib/python3.8/site-packages/airflow/example_dags/example_branch_labels.py
[2023-09-20T22:47:33.979+0000] {processor.py:829} INFO - Processing file /home/airflow/.local/lib/python3.8/site-packages/airflow/example_dags/example_branch_labels.py for tasks to queue
[2023-09-20T22:47:33.983+0000] {logging_mixin.py:151} INFO - [2023-09-20T22:47:33.982+0000] {dagbag.py:539} INFO - Filling up the DagBag from /home/airflow/.local/lib/python3.8/site-packages/airflow/example_dags/example_branch_labels.py
[2023-09-20T22:47:33.994+0000] {processor.py:839} INFO - DAG(s) dict_keys(['example_branch_labels']) retrieved from /home/airflow/.local/lib/python3.8/site-packages/airflow/example_dags/example_branch_labels.py
[2023-09-20T22:47:34.033+0000] {logging_mixin.py:151} INFO - [2023-09-20T22:47:34.032+0000] {dag.py:2915} INFO - Sync 1 DAGs
[2023-09-20T22:47:34.067+0000] {logging_mixin.py:151} INFO - [2023-09-20T22:47:34.067+0000] {dag.py:3696} INFO - Setting next_dagrun for example_branch_labels to 2023-09-19T00:00:00+00:00, run_after=2023-09-20T00:00:00+00:00
[2023-09-20T22:47:34.115+0000] {processor.py:179} INFO - Processing /home/airflow/.local/lib/python3.8/site-packages/airflow/example_dags/example_branch_labels.py took 0.142 seconds
[2023-09-20T22:48:04.264+0000] {processor.py:157} INFO - Started process (PID=2541) to work on /home/airflow/.local/lib/python3.8/site-packages/airflow/example_dags/example_branch_labels.py
[2023-09-20T22:48:04.266+0000] {processor.py:829} INFO - Processing file /home/airflow/.local/lib/python3.8/site-packages/airflow/example_dags/example_branch_labels.py for tasks to queue
[2023-09-20T22:48:04.270+0000] {logging_mixin.py:151} INFO - [2023-09-20T22:48:04.270+0000] {dagbag.py:539} INFO - Filling up the DagBag from /home/airflow/.local/lib/python3.8/site-packages/airflow/example_dags/example_branch_labels.py
[2023-09-20T22:48:04.283+0000] {processor.py:839} INFO - DAG(s) dict_keys(['example_branch_labels']) retrieved from /home/airflow/.local/lib/python3.8/site-packages/airflow/example_dags/example_branch_labels.py
[2023-09-20T22:48:04.313+0000] {logging_mixin.py:151} INFO - [2023-09-20T22:48:04.312+0000] {dag.py:2915} INFO - Sync 1 DAGs
[2023-09-20T22:48:04.346+0000] {logging_mixin.py:151} INFO - [2023-09-20T22:48:04.346+0000] {dag.py:3696} INFO - Setting next_dagrun for example_branch_labels to 2023-09-19T00:00:00+00:00, run_after=2023-09-20T00:00:00+00:00
[2023-09-20T22:48:04.410+0000] {processor.py:179} INFO - Processing /home/airflow/.local/lib/python3.8/site-packages/airflow/example_dags/example_branch_labels.py took 0.151 seconds
[2023-09-20T22:48:34.883+0000] {processor.py:157} INFO - Started process (PID=2596) to work on /home/airflow/.local/lib/python3.8/site-packages/airflow/example_dags/example_branch_labels.py
[2023-09-20T22:48:34.886+0000] {processor.py:829} INFO - Processing file /home/airflow/.local/lib/python3.8/site-packages/airflow/example_dags/example_branch_labels.py for tasks to queue
[2023-09-20T22:48:34.891+0000] {logging_mixin.py:151} INFO - [2023-09-20T22:48:34.890+0000] {dagbag.py:539} INFO - Filling up the DagBag from /home/airflow/.local/lib/python3.8/site-packages/airflow/example_dags/example_branch_labels.py
[2023-09-20T22:48:34.905+0000] {processor.py:839} INFO - DAG(s) dict_keys(['example_branch_labels']) retrieved from /home/airflow/.local/lib/python3.8/site-packages/airflow/example_dags/example_branch_labels.py
[2023-09-20T22:48:34.940+0000] {logging_mixin.py:151} INFO - [2023-09-20T22:48:34.940+0000] {dag.py:2915} INFO - Sync 1 DAGs
[2023-09-20T22:48:34.975+0000] {logging_mixin.py:151} INFO - [2023-09-20T22:48:34.974+0000] {dag.py:3696} INFO - Setting next_dagrun for example_branch_labels to 2023-09-19T00:00:00+00:00, run_after=2023-09-20T00:00:00+00:00
[2023-09-20T22:48:35.072+0000] {processor.py:179} INFO - Processing /home/airflow/.local/lib/python3.8/site-packages/airflow/example_dags/example_branch_labels.py took 0.194 seconds
[2023-09-20T22:49:05.643+0000] {processor.py:157} INFO - Started process (PID=2651) to work on /home/airflow/.local/lib/python3.8/site-packages/airflow/example_dags/example_branch_labels.py
[2023-09-20T22:49:05.644+0000] {processor.py:829} INFO - Processing file /home/airflow/.local/lib/python3.8/site-packages/airflow/example_dags/example_branch_labels.py for tasks to queue
[2023-09-20T22:49:05.647+0000] {logging_mixin.py:151} INFO - [2023-09-20T22:49:05.646+0000] {dagbag.py:539} INFO - Filling up the DagBag from /home/airflow/.local/lib/python3.8/site-packages/airflow/example_dags/example_branch_labels.py
[2023-09-20T22:49:05.658+0000] {processor.py:839} INFO - DAG(s) dict_keys(['example_branch_labels']) retrieved from /home/airflow/.local/lib/python3.8/site-packages/airflow/example_dags/example_branch_labels.py
[2023-09-20T22:49:05.689+0000] {logging_mixin.py:151} INFO - [2023-09-20T22:49:05.689+0000] {dag.py:2915} INFO - Sync 1 DAGs
[2023-09-20T22:49:05.732+0000] {logging_mixin.py:151} INFO - [2023-09-20T22:49:05.732+0000] {dag.py:3696} INFO - Setting next_dagrun for example_branch_labels to 2023-09-19T00:00:00+00:00, run_after=2023-09-20T00:00:00+00:00
[2023-09-20T22:49:05.776+0000] {processor.py:179} INFO - Processing /home/airflow/.local/lib/python3.8/site-packages/airflow/example_dags/example_branch_labels.py took 0.138 seconds
[2023-09-20T22:49:36.412+0000] {processor.py:157} INFO - Started process (PID=2706) to work on /home/airflow/.local/lib/python3.8/site-packages/airflow/example_dags/example_branch_labels.py
[2023-09-20T22:49:36.414+0000] {processor.py:829} INFO - Processing file /home/airflow/.local/lib/python3.8/site-packages/airflow/example_dags/example_branch_labels.py for tasks to queue
[2023-09-20T22:49:36.418+0000] {logging_mixin.py:151} INFO - [2023-09-20T22:49:36.418+0000] {dagbag.py:539} INFO - Filling up the DagBag from /home/airflow/.local/lib/python3.8/site-packages/airflow/example_dags/example_branch_labels.py
[2023-09-20T22:49:36.432+0000] {processor.py:839} INFO - DAG(s) dict_keys(['example_branch_labels']) retrieved from /home/airflow/.local/lib/python3.8/site-packages/airflow/example_dags/example_branch_labels.py
[2023-09-20T22:49:36.462+0000] {logging_mixin.py:151} INFO - [2023-09-20T22:49:36.462+0000] {dag.py:2915} INFO - Sync 1 DAGs
[2023-09-20T22:49:36.502+0000] {logging_mixin.py:151} INFO - [2023-09-20T22:49:36.501+0000] {dag.py:3696} INFO - Setting next_dagrun for example_branch_labels to 2023-09-19T00:00:00+00:00, run_after=2023-09-20T00:00:00+00:00
[2023-09-20T22:49:36.689+0000] {processor.py:179} INFO - Processing /home/airflow/.local/lib/python3.8/site-packages/airflow/example_dags/example_branch_labels.py took 0.281 seconds
[2023-09-20T22:50:06.749+0000] {processor.py:157} INFO - Started process (PID=2761) to work on /home/airflow/.local/lib/python3.8/site-packages/airflow/example_dags/example_branch_labels.py
[2023-09-20T22:50:06.750+0000] {processor.py:829} INFO - Processing file /home/airflow/.local/lib/python3.8/site-packages/airflow/example_dags/example_branch_labels.py for tasks to queue
[2023-09-20T22:50:06.753+0000] {logging_mixin.py:151} INFO - [2023-09-20T22:50:06.753+0000] {dagbag.py:539} INFO - Filling up the DagBag from /home/airflow/.local/lib/python3.8/site-packages/airflow/example_dags/example_branch_labels.py
[2023-09-20T22:50:06.766+0000] {processor.py:839} INFO - DAG(s) dict_keys(['example_branch_labels']) retrieved from /home/airflow/.local/lib/python3.8/site-packages/airflow/example_dags/example_branch_labels.py
[2023-09-20T22:50:06.798+0000] {logging_mixin.py:151} INFO - [2023-09-20T22:50:06.797+0000] {dag.py:2915} INFO - Sync 1 DAGs
[2023-09-20T22:50:06.833+0000] {logging_mixin.py:151} INFO - [2023-09-20T22:50:06.833+0000] {dag.py:3696} INFO - Setting next_dagrun for example_branch_labels to 2023-09-19T00:00:00+00:00, run_after=2023-09-20T00:00:00+00:00
[2023-09-20T22:50:06.872+0000] {processor.py:179} INFO - Processing /home/airflow/.local/lib/python3.8/site-packages/airflow/example_dags/example_branch_labels.py took 0.129 seconds
[2023-09-20T22:50:37.306+0000] {processor.py:157} INFO - Started process (PID=2816) to work on /home/airflow/.local/lib/python3.8/site-packages/airflow/example_dags/example_branch_labels.py
[2023-09-20T22:50:37.308+0000] {processor.py:829} INFO - Processing file /home/airflow/.local/lib/python3.8/site-packages/airflow/example_dags/example_branch_labels.py for tasks to queue
[2023-09-20T22:50:37.313+0000] {logging_mixin.py:151} INFO - [2023-09-20T22:50:37.313+0000] {dagbag.py:539} INFO - Filling up the DagBag from /home/airflow/.local/lib/python3.8/site-packages/airflow/example_dags/example_branch_labels.py
[2023-09-20T22:50:37.326+0000] {processor.py:839} INFO - DAG(s) dict_keys(['example_branch_labels']) retrieved from /home/airflow/.local/lib/python3.8/site-packages/airflow/example_dags/example_branch_labels.py
[2023-09-20T22:50:37.364+0000] {logging_mixin.py:151} INFO - [2023-09-20T22:50:37.364+0000] {dag.py:2915} INFO - Sync 1 DAGs
[2023-09-20T22:50:37.415+0000] {logging_mixin.py:151} INFO - [2023-09-20T22:50:37.414+0000] {dag.py:3696} INFO - Setting next_dagrun for example_branch_labels to 2023-09-19T00:00:00+00:00, run_after=2023-09-20T00:00:00+00:00
[2023-09-20T22:50:37.490+0000] {processor.py:179} INFO - Processing /home/airflow/.local/lib/python3.8/site-packages/airflow/example_dags/example_branch_labels.py took 0.191 seconds
[2023-09-20T22:51:07.612+0000] {processor.py:157} INFO - Started process (PID=2871) to work on /home/airflow/.local/lib/python3.8/site-packages/airflow/example_dags/example_branch_labels.py
[2023-09-20T22:51:07.613+0000] {processor.py:829} INFO - Processing file /home/airflow/.local/lib/python3.8/site-packages/airflow/example_dags/example_branch_labels.py for tasks to queue
[2023-09-20T22:51:07.617+0000] {logging_mixin.py:151} INFO - [2023-09-20T22:51:07.616+0000] {dagbag.py:539} INFO - Filling up the DagBag from /home/airflow/.local/lib/python3.8/site-packages/airflow/example_dags/example_branch_labels.py
[2023-09-20T22:51:07.630+0000] {processor.py:839} INFO - DAG(s) dict_keys(['example_branch_labels']) retrieved from /home/airflow/.local/lib/python3.8/site-packages/airflow/example_dags/example_branch_labels.py
[2023-09-20T22:51:07.661+0000] {logging_mixin.py:151} INFO - [2023-09-20T22:51:07.661+0000] {dag.py:2915} INFO - Sync 1 DAGs
[2023-09-20T22:51:07.692+0000] {logging_mixin.py:151} INFO - [2023-09-20T22:51:07.692+0000] {dag.py:3696} INFO - Setting next_dagrun for example_branch_labels to 2023-09-19T00:00:00+00:00, run_after=2023-09-20T00:00:00+00:00
[2023-09-20T22:51:07.724+0000] {processor.py:179} INFO - Processing /home/airflow/.local/lib/python3.8/site-packages/airflow/example_dags/example_branch_labels.py took 0.119 seconds
[2023-09-20T22:51:38.189+0000] {processor.py:157} INFO - Started process (PID=2926) to work on /home/airflow/.local/lib/python3.8/site-packages/airflow/example_dags/example_branch_labels.py
[2023-09-20T22:51:38.191+0000] {processor.py:829} INFO - Processing file /home/airflow/.local/lib/python3.8/site-packages/airflow/example_dags/example_branch_labels.py for tasks to queue
[2023-09-20T22:51:38.194+0000] {logging_mixin.py:151} INFO - [2023-09-20T22:51:38.194+0000] {dagbag.py:539} INFO - Filling up the DagBag from /home/airflow/.local/lib/python3.8/site-packages/airflow/example_dags/example_branch_labels.py
[2023-09-20T22:51:38.207+0000] {processor.py:839} INFO - DAG(s) dict_keys(['example_branch_labels']) retrieved from /home/airflow/.local/lib/python3.8/site-packages/airflow/example_dags/example_branch_labels.py
[2023-09-20T22:51:38.252+0000] {logging_mixin.py:151} INFO - [2023-09-20T22:51:38.251+0000] {dag.py:2915} INFO - Sync 1 DAGs
[2023-09-20T22:51:38.289+0000] {logging_mixin.py:151} INFO - [2023-09-20T22:51:38.289+0000] {dag.py:3696} INFO - Setting next_dagrun for example_branch_labels to 2023-09-19T00:00:00+00:00, run_after=2023-09-20T00:00:00+00:00
[2023-09-20T22:51:38.317+0000] {processor.py:179} INFO - Processing /home/airflow/.local/lib/python3.8/site-packages/airflow/example_dags/example_branch_labels.py took 0.133 seconds
[2023-09-20T23:11:33.322+0000] {processor.py:157} INFO - Started process (PID=58) to work on /home/airflow/.local/lib/python3.8/site-packages/airflow/example_dags/example_branch_labels.py
[2023-09-20T23:11:33.323+0000] {processor.py:829} INFO - Processing file /home/airflow/.local/lib/python3.8/site-packages/airflow/example_dags/example_branch_labels.py for tasks to queue
[2023-09-20T23:11:33.327+0000] {logging_mixin.py:151} INFO - [2023-09-20T23:11:33.327+0000] {dagbag.py:539} INFO - Filling up the DagBag from /home/airflow/.local/lib/python3.8/site-packages/airflow/example_dags/example_branch_labels.py
[2023-09-20T23:11:33.340+0000] {processor.py:839} INFO - DAG(s) dict_keys(['example_branch_labels']) retrieved from /home/airflow/.local/lib/python3.8/site-packages/airflow/example_dags/example_branch_labels.py
[2023-09-20T23:11:33.357+0000] {logging_mixin.py:151} INFO - [2023-09-20T23:11:33.357+0000] {dag.py:2915} INFO - Sync 1 DAGs
[2023-09-20T23:11:33.396+0000] {logging_mixin.py:151} INFO - [2023-09-20T23:11:33.396+0000] {dag.py:3696} INFO - Setting next_dagrun for example_branch_labels to 2023-09-19T00:00:00+00:00, run_after=2023-09-20T00:00:00+00:00
[2023-09-20T23:11:33.427+0000] {processor.py:179} INFO - Processing /home/airflow/.local/lib/python3.8/site-packages/airflow/example_dags/example_branch_labels.py took 0.110 seconds
[2023-09-20T23:12:04.056+0000] {processor.py:157} INFO - Started process (PID=113) to work on /home/airflow/.local/lib/python3.8/site-packages/airflow/example_dags/example_branch_labels.py
[2023-09-20T23:12:04.058+0000] {processor.py:829} INFO - Processing file /home/airflow/.local/lib/python3.8/site-packages/airflow/example_dags/example_branch_labels.py for tasks to queue
[2023-09-20T23:12:04.063+0000] {logging_mixin.py:151} INFO - [2023-09-20T23:12:04.062+0000] {dagbag.py:539} INFO - Filling up the DagBag from /home/airflow/.local/lib/python3.8/site-packages/airflow/example_dags/example_branch_labels.py
[2023-09-20T23:12:04.077+0000] {processor.py:839} INFO - DAG(s) dict_keys(['example_branch_labels']) retrieved from /home/airflow/.local/lib/python3.8/site-packages/airflow/example_dags/example_branch_labels.py
[2023-09-20T23:12:04.109+0000] {logging_mixin.py:151} INFO - [2023-09-20T23:12:04.108+0000] {dag.py:2915} INFO - Sync 1 DAGs
[2023-09-20T23:12:04.144+0000] {logging_mixin.py:151} INFO - [2023-09-20T23:12:04.143+0000] {dag.py:3696} INFO - Setting next_dagrun for example_branch_labels to 2023-09-19T00:00:00+00:00, run_after=2023-09-20T00:00:00+00:00
[2023-09-20T23:12:04.190+0000] {processor.py:179} INFO - Processing /home/airflow/.local/lib/python3.8/site-packages/airflow/example_dags/example_branch_labels.py took 0.142 seconds
[2023-09-20T23:12:36.425+0000] {processor.py:157} INFO - Started process (PID=168) to work on /home/airflow/.local/lib/python3.8/site-packages/airflow/example_dags/example_branch_labels.py
[2023-09-20T23:12:36.426+0000] {processor.py:829} INFO - Processing file /home/airflow/.local/lib/python3.8/site-packages/airflow/example_dags/example_branch_labels.py for tasks to queue
[2023-09-20T23:12:36.430+0000] {logging_mixin.py:151} INFO - [2023-09-20T23:12:36.429+0000] {dagbag.py:539} INFO - Filling up the DagBag from /home/airflow/.local/lib/python3.8/site-packages/airflow/example_dags/example_branch_labels.py
[2023-09-20T23:12:36.442+0000] {processor.py:839} INFO - DAG(s) dict_keys(['example_branch_labels']) retrieved from /home/airflow/.local/lib/python3.8/site-packages/airflow/example_dags/example_branch_labels.py
[2023-09-20T23:12:36.480+0000] {logging_mixin.py:151} INFO - [2023-09-20T23:12:36.480+0000] {dag.py:2915} INFO - Sync 1 DAGs
[2023-09-20T23:12:36.518+0000] {logging_mixin.py:151} INFO - [2023-09-20T23:12:36.518+0000] {dag.py:3696} INFO - Setting next_dagrun for example_branch_labels to 2023-09-19T00:00:00+00:00, run_after=2023-09-20T00:00:00+00:00
[2023-09-20T23:12:36.552+0000] {processor.py:179} INFO - Processing /home/airflow/.local/lib/python3.8/site-packages/airflow/example_dags/example_branch_labels.py took 0.132 seconds
[2023-09-20T23:13:07.389+0000] {processor.py:157} INFO - Started process (PID=223) to work on /home/airflow/.local/lib/python3.8/site-packages/airflow/example_dags/example_branch_labels.py
[2023-09-20T23:13:07.390+0000] {processor.py:829} INFO - Processing file /home/airflow/.local/lib/python3.8/site-packages/airflow/example_dags/example_branch_labels.py for tasks to queue
[2023-09-20T23:13:07.394+0000] {logging_mixin.py:151} INFO - [2023-09-20T23:13:07.394+0000] {dagbag.py:539} INFO - Filling up the DagBag from /home/airflow/.local/lib/python3.8/site-packages/airflow/example_dags/example_branch_labels.py
[2023-09-20T23:13:07.405+0000] {processor.py:839} INFO - DAG(s) dict_keys(['example_branch_labels']) retrieved from /home/airflow/.local/lib/python3.8/site-packages/airflow/example_dags/example_branch_labels.py
[2023-09-20T23:13:07.435+0000] {logging_mixin.py:151} INFO - [2023-09-20T23:13:07.434+0000] {dag.py:2915} INFO - Sync 1 DAGs
[2023-09-20T23:13:07.469+0000] {logging_mixin.py:151} INFO - [2023-09-20T23:13:07.468+0000] {dag.py:3696} INFO - Setting next_dagrun for example_branch_labels to 2023-09-19T00:00:00+00:00, run_after=2023-09-20T00:00:00+00:00
[2023-09-20T23:13:07.767+0000] {processor.py:179} INFO - Processing /home/airflow/.local/lib/python3.8/site-packages/airflow/example_dags/example_branch_labels.py took 0.382 seconds
