[2023-09-20T22:15:28.019+0000] {processor.py:157} INFO - Started process (PID=38) to work on /home/airflow/.local/lib/python3.8/site-packages/airflow/example_dags/example_xcomargs.py
[2023-09-20T22:15:28.021+0000] {processor.py:829} INFO - Processing file /home/airflow/.local/lib/python3.8/site-packages/airflow/example_dags/example_xcomargs.py for tasks to queue
[2023-09-20T22:15:28.024+0000] {logging_mixin.py:151} INFO - [2023-09-20T22:15:28.024+0000] {dagbag.py:539} INFO - Filling up the DagBag from /home/airflow/.local/lib/python3.8/site-packages/airflow/example_dags/example_xcomargs.py
[2023-09-20T22:15:28.036+0000] {processor.py:839} INFO - DAG(s) dict_keys(['example_xcom_args', 'example_xcom_args_with_operators']) retrieved from /home/airflow/.local/lib/python3.8/site-packages/airflow/example_dags/example_xcomargs.py
[2023-09-20T22:15:28.057+0000] {logging_mixin.py:151} INFO - [2023-09-20T22:15:28.056+0000] {dag.py:2915} INFO - Sync 2 DAGs
[2023-09-20T22:15:28.078+0000] {logging_mixin.py:151} INFO - [2023-09-20T22:15:28.078+0000] {dag.py:3696} INFO - Setting next_dagrun for example_xcom_args to None, run_after=None
[2023-09-20T22:15:28.084+0000] {logging_mixin.py:151} INFO - [2023-09-20T22:15:28.084+0000] {dag.py:3696} INFO - Setting next_dagrun for example_xcom_args_with_operators to None, run_after=None
[2023-09-20T22:15:28.107+0000] {processor.py:179} INFO - Processing /home/airflow/.local/lib/python3.8/site-packages/airflow/example_dags/example_xcomargs.py took 0.093 seconds
[2023-09-20T22:15:58.216+0000] {processor.py:157} INFO - Started process (PID=91) to work on /home/airflow/.local/lib/python3.8/site-packages/airflow/example_dags/example_xcomargs.py
[2023-09-20T22:15:58.217+0000] {processor.py:829} INFO - Processing file /home/airflow/.local/lib/python3.8/site-packages/airflow/example_dags/example_xcomargs.py for tasks to queue
[2023-09-20T22:15:58.221+0000] {logging_mixin.py:151} INFO - [2023-09-20T22:15:58.220+0000] {dagbag.py:539} INFO - Filling up the DagBag from /home/airflow/.local/lib/python3.8/site-packages/airflow/example_dags/example_xcomargs.py
[2023-09-20T22:15:58.238+0000] {processor.py:839} INFO - DAG(s) dict_keys(['example_xcom_args_with_operators', 'example_xcom_args']) retrieved from /home/airflow/.local/lib/python3.8/site-packages/airflow/example_dags/example_xcomargs.py
[2023-09-20T22:15:58.273+0000] {logging_mixin.py:151} INFO - [2023-09-20T22:15:58.273+0000] {dag.py:2915} INFO - Sync 2 DAGs
[2023-09-20T22:15:58.290+0000] {logging_mixin.py:151} INFO - [2023-09-20T22:15:58.289+0000] {dag.py:3696} INFO - Setting next_dagrun for example_xcom_args to None, run_after=None
[2023-09-20T22:15:58.295+0000] {logging_mixin.py:151} INFO - [2023-09-20T22:15:58.294+0000] {dag.py:3696} INFO - Setting next_dagrun for example_xcom_args_with_operators to None, run_after=None
[2023-09-20T22:15:58.376+0000] {processor.py:179} INFO - Processing /home/airflow/.local/lib/python3.8/site-packages/airflow/example_dags/example_xcomargs.py took 0.166 seconds
[2023-09-20T22:16:29.198+0000] {processor.py:157} INFO - Started process (PID=145) to work on /home/airflow/.local/lib/python3.8/site-packages/airflow/example_dags/example_xcomargs.py
[2023-09-20T22:16:29.199+0000] {processor.py:829} INFO - Processing file /home/airflow/.local/lib/python3.8/site-packages/airflow/example_dags/example_xcomargs.py for tasks to queue
[2023-09-20T22:16:29.202+0000] {logging_mixin.py:151} INFO - [2023-09-20T22:16:29.202+0000] {dagbag.py:539} INFO - Filling up the DagBag from /home/airflow/.local/lib/python3.8/site-packages/airflow/example_dags/example_xcomargs.py
[2023-09-20T22:16:29.215+0000] {processor.py:839} INFO - DAG(s) dict_keys(['example_xcom_args', 'example_xcom_args_with_operators']) retrieved from /home/airflow/.local/lib/python3.8/site-packages/airflow/example_dags/example_xcomargs.py
[2023-09-20T22:16:29.253+0000] {logging_mixin.py:151} INFO - [2023-09-20T22:16:29.253+0000] {dag.py:2915} INFO - Sync 2 DAGs
[2023-09-20T22:16:29.273+0000] {logging_mixin.py:151} INFO - [2023-09-20T22:16:29.273+0000] {dag.py:3696} INFO - Setting next_dagrun for example_xcom_args to None, run_after=None
[2023-09-20T22:16:29.280+0000] {logging_mixin.py:151} INFO - [2023-09-20T22:16:29.280+0000] {dag.py:3696} INFO - Setting next_dagrun for example_xcom_args_with_operators to None, run_after=None
[2023-09-20T22:16:29.327+0000] {processor.py:179} INFO - Processing /home/airflow/.local/lib/python3.8/site-packages/airflow/example_dags/example_xcomargs.py took 0.134 seconds
[2023-09-20T22:16:59.497+0000] {processor.py:157} INFO - Started process (PID=199) to work on /home/airflow/.local/lib/python3.8/site-packages/airflow/example_dags/example_xcomargs.py
[2023-09-20T22:16:59.499+0000] {processor.py:829} INFO - Processing file /home/airflow/.local/lib/python3.8/site-packages/airflow/example_dags/example_xcomargs.py for tasks to queue
[2023-09-20T22:16:59.502+0000] {logging_mixin.py:151} INFO - [2023-09-20T22:16:59.502+0000] {dagbag.py:539} INFO - Filling up the DagBag from /home/airflow/.local/lib/python3.8/site-packages/airflow/example_dags/example_xcomargs.py
[2023-09-20T22:16:59.514+0000] {processor.py:839} INFO - DAG(s) dict_keys(['example_xcom_args_with_operators', 'example_xcom_args']) retrieved from /home/airflow/.local/lib/python3.8/site-packages/airflow/example_dags/example_xcomargs.py
[2023-09-20T22:16:59.554+0000] {logging_mixin.py:151} INFO - [2023-09-20T22:16:59.553+0000] {dag.py:2915} INFO - Sync 2 DAGs
[2023-09-20T22:16:59.572+0000] {logging_mixin.py:151} INFO - [2023-09-20T22:16:59.572+0000] {dag.py:3696} INFO - Setting next_dagrun for example_xcom_args to None, run_after=None
[2023-09-20T22:16:59.579+0000] {logging_mixin.py:151} INFO - [2023-09-20T22:16:59.579+0000] {dag.py:3696} INFO - Setting next_dagrun for example_xcom_args_with_operators to None, run_after=None
[2023-09-20T22:16:59.688+0000] {processor.py:179} INFO - Processing /home/airflow/.local/lib/python3.8/site-packages/airflow/example_dags/example_xcomargs.py took 0.195 seconds
[2023-09-20T22:24:58.824+0000] {processor.py:157} INFO - Started process (PID=38) to work on /home/airflow/.local/lib/python3.8/site-packages/airflow/example_dags/example_xcomargs.py
[2023-09-20T22:24:58.826+0000] {processor.py:829} INFO - Processing file /home/airflow/.local/lib/python3.8/site-packages/airflow/example_dags/example_xcomargs.py for tasks to queue
[2023-09-20T22:24:58.831+0000] {logging_mixin.py:151} INFO - [2023-09-20T22:24:58.830+0000] {dagbag.py:539} INFO - Filling up the DagBag from /home/airflow/.local/lib/python3.8/site-packages/airflow/example_dags/example_xcomargs.py
[2023-09-20T22:24:59.052+0000] {processor.py:839} INFO - DAG(s) dict_keys(['example_xcom_args', 'example_xcom_args_with_operators']) retrieved from /home/airflow/.local/lib/python3.8/site-packages/airflow/example_dags/example_xcomargs.py
[2023-09-20T22:24:59.068+0000] {logging_mixin.py:151} INFO - [2023-09-20T22:24:59.067+0000] {dag.py:2915} INFO - Sync 2 DAGs
[2023-09-20T22:24:59.084+0000] {logging_mixin.py:151} INFO - [2023-09-20T22:24:59.084+0000] {dag.py:3696} INFO - Setting next_dagrun for example_xcom_args to None, run_after=None
[2023-09-20T22:24:59.089+0000] {logging_mixin.py:151} INFO - [2023-09-20T22:24:59.089+0000] {dag.py:3696} INFO - Setting next_dagrun for example_xcom_args_with_operators to None, run_after=None
[2023-09-20T22:24:59.131+0000] {processor.py:179} INFO - Processing /home/airflow/.local/lib/python3.8/site-packages/airflow/example_dags/example_xcomargs.py took 0.315 seconds
[2023-09-20T22:25:29.216+0000] {processor.py:157} INFO - Started process (PID=93) to work on /home/airflow/.local/lib/python3.8/site-packages/airflow/example_dags/example_xcomargs.py
[2023-09-20T22:25:29.218+0000] {processor.py:829} INFO - Processing file /home/airflow/.local/lib/python3.8/site-packages/airflow/example_dags/example_xcomargs.py for tasks to queue
[2023-09-20T22:25:29.222+0000] {logging_mixin.py:151} INFO - [2023-09-20T22:25:29.221+0000] {dagbag.py:539} INFO - Filling up the DagBag from /home/airflow/.local/lib/python3.8/site-packages/airflow/example_dags/example_xcomargs.py
[2023-09-20T22:25:29.232+0000] {processor.py:839} INFO - DAG(s) dict_keys(['example_xcom_args', 'example_xcom_args_with_operators']) retrieved from /home/airflow/.local/lib/python3.8/site-packages/airflow/example_dags/example_xcomargs.py
[2023-09-20T22:25:29.277+0000] {logging_mixin.py:151} INFO - [2023-09-20T22:25:29.277+0000] {dag.py:2915} INFO - Sync 2 DAGs
[2023-09-20T22:25:29.296+0000] {logging_mixin.py:151} INFO - [2023-09-20T22:25:29.295+0000] {dag.py:3696} INFO - Setting next_dagrun for example_xcom_args to None, run_after=None
[2023-09-20T22:25:29.300+0000] {logging_mixin.py:151} INFO - [2023-09-20T22:25:29.300+0000] {dag.py:3696} INFO - Setting next_dagrun for example_xcom_args_with_operators to None, run_after=None
[2023-09-20T22:25:29.329+0000] {processor.py:179} INFO - Processing /home/airflow/.local/lib/python3.8/site-packages/airflow/example_dags/example_xcomargs.py took 0.117 seconds
[2023-09-20T22:25:59.812+0000] {processor.py:157} INFO - Started process (PID=148) to work on /home/airflow/.local/lib/python3.8/site-packages/airflow/example_dags/example_xcomargs.py
[2023-09-20T22:25:59.814+0000] {processor.py:829} INFO - Processing file /home/airflow/.local/lib/python3.8/site-packages/airflow/example_dags/example_xcomargs.py for tasks to queue
[2023-09-20T22:25:59.818+0000] {logging_mixin.py:151} INFO - [2023-09-20T22:25:59.817+0000] {dagbag.py:539} INFO - Filling up the DagBag from /home/airflow/.local/lib/python3.8/site-packages/airflow/example_dags/example_xcomargs.py
[2023-09-20T22:25:59.829+0000] {processor.py:839} INFO - DAG(s) dict_keys(['example_xcom_args_with_operators', 'example_xcom_args']) retrieved from /home/airflow/.local/lib/python3.8/site-packages/airflow/example_dags/example_xcomargs.py
[2023-09-20T22:25:59.859+0000] {logging_mixin.py:151} INFO - [2023-09-20T22:25:59.859+0000] {dag.py:2915} INFO - Sync 2 DAGs
[2023-09-20T22:25:59.876+0000] {logging_mixin.py:151} INFO - [2023-09-20T22:25:59.876+0000] {dag.py:3696} INFO - Setting next_dagrun for example_xcom_args to None, run_after=None
[2023-09-20T22:25:59.882+0000] {logging_mixin.py:151} INFO - [2023-09-20T22:25:59.882+0000] {dag.py:3696} INFO - Setting next_dagrun for example_xcom_args_with_operators to None, run_after=None
[2023-09-20T22:25:59.925+0000] {processor.py:179} INFO - Processing /home/airflow/.local/lib/python3.8/site-packages/airflow/example_dags/example_xcomargs.py took 0.120 seconds
[2023-09-20T22:26:30.708+0000] {processor.py:157} INFO - Started process (PID=203) to work on /home/airflow/.local/lib/python3.8/site-packages/airflow/example_dags/example_xcomargs.py
[2023-09-20T22:26:30.709+0000] {processor.py:829} INFO - Processing file /home/airflow/.local/lib/python3.8/site-packages/airflow/example_dags/example_xcomargs.py for tasks to queue
[2023-09-20T22:26:30.712+0000] {logging_mixin.py:151} INFO - [2023-09-20T22:26:30.712+0000] {dagbag.py:539} INFO - Filling up the DagBag from /home/airflow/.local/lib/python3.8/site-packages/airflow/example_dags/example_xcomargs.py
[2023-09-20T22:26:30.724+0000] {processor.py:839} INFO - DAG(s) dict_keys(['example_xcom_args', 'example_xcom_args_with_operators']) retrieved from /home/airflow/.local/lib/python3.8/site-packages/airflow/example_dags/example_xcomargs.py
[2023-09-20T22:26:30.769+0000] {logging_mixin.py:151} INFO - [2023-09-20T22:26:30.768+0000] {dag.py:2915} INFO - Sync 2 DAGs
[2023-09-20T22:26:30.790+0000] {logging_mixin.py:151} INFO - [2023-09-20T22:26:30.789+0000] {dag.py:3696} INFO - Setting next_dagrun for example_xcom_args to None, run_after=None
[2023-09-20T22:26:30.796+0000] {logging_mixin.py:151} INFO - [2023-09-20T22:26:30.795+0000] {dag.py:3696} INFO - Setting next_dagrun for example_xcom_args_with_operators to None, run_after=None
[2023-09-20T22:26:30.824+0000] {processor.py:179} INFO - Processing /home/airflow/.local/lib/python3.8/site-packages/airflow/example_dags/example_xcomargs.py took 0.121 seconds
[2023-09-20T22:27:01.676+0000] {processor.py:157} INFO - Started process (PID=258) to work on /home/airflow/.local/lib/python3.8/site-packages/airflow/example_dags/example_xcomargs.py
[2023-09-20T22:27:01.678+0000] {processor.py:829} INFO - Processing file /home/airflow/.local/lib/python3.8/site-packages/airflow/example_dags/example_xcomargs.py for tasks to queue
[2023-09-20T22:27:01.682+0000] {logging_mixin.py:151} INFO - [2023-09-20T22:27:01.682+0000] {dagbag.py:539} INFO - Filling up the DagBag from /home/airflow/.local/lib/python3.8/site-packages/airflow/example_dags/example_xcomargs.py
[2023-09-20T22:27:01.694+0000] {processor.py:839} INFO - DAG(s) dict_keys(['example_xcom_args_with_operators', 'example_xcom_args']) retrieved from /home/airflow/.local/lib/python3.8/site-packages/airflow/example_dags/example_xcomargs.py
[2023-09-20T22:27:01.712+0000] {logging_mixin.py:151} INFO - [2023-09-20T22:27:01.712+0000] {dag.py:2915} INFO - Sync 2 DAGs
[2023-09-20T22:27:01.733+0000] {logging_mixin.py:151} INFO - [2023-09-20T22:27:01.733+0000] {dag.py:3696} INFO - Setting next_dagrun for example_xcom_args to None, run_after=None
[2023-09-20T22:27:01.739+0000] {logging_mixin.py:151} INFO - [2023-09-20T22:27:01.739+0000] {dag.py:3696} INFO - Setting next_dagrun for example_xcom_args_with_operators to None, run_after=None
[2023-09-20T22:27:01.781+0000] {processor.py:179} INFO - Processing /home/airflow/.local/lib/python3.8/site-packages/airflow/example_dags/example_xcomargs.py took 0.111 seconds
[2023-09-20T22:27:32.515+0000] {processor.py:157} INFO - Started process (PID=313) to work on /home/airflow/.local/lib/python3.8/site-packages/airflow/example_dags/example_xcomargs.py
[2023-09-20T22:27:32.516+0000] {processor.py:829} INFO - Processing file /home/airflow/.local/lib/python3.8/site-packages/airflow/example_dags/example_xcomargs.py for tasks to queue
[2023-09-20T22:27:32.521+0000] {logging_mixin.py:151} INFO - [2023-09-20T22:27:32.520+0000] {dagbag.py:539} INFO - Filling up the DagBag from /home/airflow/.local/lib/python3.8/site-packages/airflow/example_dags/example_xcomargs.py
[2023-09-20T22:27:32.532+0000] {processor.py:839} INFO - DAG(s) dict_keys(['example_xcom_args', 'example_xcom_args_with_operators']) retrieved from /home/airflow/.local/lib/python3.8/site-packages/airflow/example_dags/example_xcomargs.py
[2023-09-20T22:27:32.573+0000] {logging_mixin.py:151} INFO - [2023-09-20T22:27:32.572+0000] {dag.py:2915} INFO - Sync 2 DAGs
[2023-09-20T22:27:32.591+0000] {logging_mixin.py:151} INFO - [2023-09-20T22:27:32.590+0000] {dag.py:3696} INFO - Setting next_dagrun for example_xcom_args to None, run_after=None
[2023-09-20T22:27:32.597+0000] {logging_mixin.py:151} INFO - [2023-09-20T22:27:32.597+0000] {dag.py:3696} INFO - Setting next_dagrun for example_xcom_args_with_operators to None, run_after=None
[2023-09-20T22:27:32.630+0000] {processor.py:179} INFO - Processing /home/airflow/.local/lib/python3.8/site-packages/airflow/example_dags/example_xcomargs.py took 0.119 seconds
[2023-09-20T22:28:03.549+0000] {processor.py:157} INFO - Started process (PID=369) to work on /home/airflow/.local/lib/python3.8/site-packages/airflow/example_dags/example_xcomargs.py
[2023-09-20T22:28:03.551+0000] {processor.py:829} INFO - Processing file /home/airflow/.local/lib/python3.8/site-packages/airflow/example_dags/example_xcomargs.py for tasks to queue
[2023-09-20T22:28:03.553+0000] {logging_mixin.py:151} INFO - [2023-09-20T22:28:03.553+0000] {dagbag.py:539} INFO - Filling up the DagBag from /home/airflow/.local/lib/python3.8/site-packages/airflow/example_dags/example_xcomargs.py
[2023-09-20T22:28:03.564+0000] {processor.py:839} INFO - DAG(s) dict_keys(['example_xcom_args', 'example_xcom_args_with_operators']) retrieved from /home/airflow/.local/lib/python3.8/site-packages/airflow/example_dags/example_xcomargs.py
[2023-09-20T22:28:03.594+0000] {logging_mixin.py:151} INFO - [2023-09-20T22:28:03.594+0000] {dag.py:2915} INFO - Sync 2 DAGs
[2023-09-20T22:28:03.611+0000] {logging_mixin.py:151} INFO - [2023-09-20T22:28:03.610+0000] {dag.py:3696} INFO - Setting next_dagrun for example_xcom_args to None, run_after=None
[2023-09-20T22:28:03.615+0000] {logging_mixin.py:151} INFO - [2023-09-20T22:28:03.615+0000] {dag.py:3696} INFO - Setting next_dagrun for example_xcom_args_with_operators to None, run_after=None
[2023-09-20T22:28:03.640+0000] {processor.py:179} INFO - Processing /home/airflow/.local/lib/python3.8/site-packages/airflow/example_dags/example_xcomargs.py took 0.095 seconds
[2023-09-20T22:28:34.385+0000] {processor.py:157} INFO - Started process (PID=424) to work on /home/airflow/.local/lib/python3.8/site-packages/airflow/example_dags/example_xcomargs.py
[2023-09-20T22:28:34.386+0000] {processor.py:829} INFO - Processing file /home/airflow/.local/lib/python3.8/site-packages/airflow/example_dags/example_xcomargs.py for tasks to queue
[2023-09-20T22:28:34.389+0000] {logging_mixin.py:151} INFO - [2023-09-20T22:28:34.389+0000] {dagbag.py:539} INFO - Filling up the DagBag from /home/airflow/.local/lib/python3.8/site-packages/airflow/example_dags/example_xcomargs.py
[2023-09-20T22:28:34.399+0000] {processor.py:839} INFO - DAG(s) dict_keys(['example_xcom_args_with_operators', 'example_xcom_args']) retrieved from /home/airflow/.local/lib/python3.8/site-packages/airflow/example_dags/example_xcomargs.py
[2023-09-20T22:28:34.430+0000] {logging_mixin.py:151} INFO - [2023-09-20T22:28:34.429+0000] {dag.py:2915} INFO - Sync 2 DAGs
[2023-09-20T22:28:34.446+0000] {logging_mixin.py:151} INFO - [2023-09-20T22:28:34.446+0000] {dag.py:3696} INFO - Setting next_dagrun for example_xcom_args to None, run_after=None
[2023-09-20T22:28:34.450+0000] {logging_mixin.py:151} INFO - [2023-09-20T22:28:34.450+0000] {dag.py:3696} INFO - Setting next_dagrun for example_xcom_args_with_operators to None, run_after=None
[2023-09-20T22:28:34.481+0000] {processor.py:179} INFO - Processing /home/airflow/.local/lib/python3.8/site-packages/airflow/example_dags/example_xcomargs.py took 0.101 seconds
[2023-09-20T22:29:05.294+0000] {processor.py:157} INFO - Started process (PID=479) to work on /home/airflow/.local/lib/python3.8/site-packages/airflow/example_dags/example_xcomargs.py
[2023-09-20T22:29:05.297+0000] {processor.py:829} INFO - Processing file /home/airflow/.local/lib/python3.8/site-packages/airflow/example_dags/example_xcomargs.py for tasks to queue
[2023-09-20T22:29:05.300+0000] {logging_mixin.py:151} INFO - [2023-09-20T22:29:05.300+0000] {dagbag.py:539} INFO - Filling up the DagBag from /home/airflow/.local/lib/python3.8/site-packages/airflow/example_dags/example_xcomargs.py
[2023-09-20T22:29:05.311+0000] {processor.py:839} INFO - DAG(s) dict_keys(['example_xcom_args_with_operators', 'example_xcom_args']) retrieved from /home/airflow/.local/lib/python3.8/site-packages/airflow/example_dags/example_xcomargs.py
[2023-09-20T22:29:05.346+0000] {logging_mixin.py:151} INFO - [2023-09-20T22:29:05.346+0000] {dag.py:2915} INFO - Sync 2 DAGs
[2023-09-20T22:29:05.363+0000] {logging_mixin.py:151} INFO - [2023-09-20T22:29:05.363+0000] {dag.py:3696} INFO - Setting next_dagrun for example_xcom_args to None, run_after=None
[2023-09-20T22:29:05.368+0000] {logging_mixin.py:151} INFO - [2023-09-20T22:29:05.368+0000] {dag.py:3696} INFO - Setting next_dagrun for example_xcom_args_with_operators to None, run_after=None
[2023-09-20T22:29:05.408+0000] {processor.py:179} INFO - Processing /home/airflow/.local/lib/python3.8/site-packages/airflow/example_dags/example_xcomargs.py took 0.118 seconds
[2023-09-20T22:29:35.863+0000] {processor.py:157} INFO - Started process (PID=533) to work on /home/airflow/.local/lib/python3.8/site-packages/airflow/example_dags/example_xcomargs.py
[2023-09-20T22:29:35.865+0000] {processor.py:829} INFO - Processing file /home/airflow/.local/lib/python3.8/site-packages/airflow/example_dags/example_xcomargs.py for tasks to queue
[2023-09-20T22:29:35.871+0000] {logging_mixin.py:151} INFO - [2023-09-20T22:29:35.871+0000] {dagbag.py:539} INFO - Filling up the DagBag from /home/airflow/.local/lib/python3.8/site-packages/airflow/example_dags/example_xcomargs.py
[2023-09-20T22:29:35.892+0000] {processor.py:839} INFO - DAG(s) dict_keys(['example_xcom_args', 'example_xcom_args_with_operators']) retrieved from /home/airflow/.local/lib/python3.8/site-packages/airflow/example_dags/example_xcomargs.py
[2023-09-20T22:29:35.945+0000] {logging_mixin.py:151} INFO - [2023-09-20T22:29:35.945+0000] {dag.py:2915} INFO - Sync 2 DAGs
[2023-09-20T22:29:35.977+0000] {logging_mixin.py:151} INFO - [2023-09-20T22:29:35.977+0000] {dag.py:3696} INFO - Setting next_dagrun for example_xcom_args to None, run_after=None
[2023-09-20T22:29:35.985+0000] {logging_mixin.py:151} INFO - [2023-09-20T22:29:35.984+0000] {dag.py:3696} INFO - Setting next_dagrun for example_xcom_args_with_operators to None, run_after=None
[2023-09-20T22:29:36.015+0000] {processor.py:179} INFO - Processing /home/airflow/.local/lib/python3.8/site-packages/airflow/example_dags/example_xcomargs.py took 0.162 seconds
[2023-09-20T22:30:06.340+0000] {processor.py:157} INFO - Started process (PID=588) to work on /home/airflow/.local/lib/python3.8/site-packages/airflow/example_dags/example_xcomargs.py
[2023-09-20T22:30:06.342+0000] {processor.py:829} INFO - Processing file /home/airflow/.local/lib/python3.8/site-packages/airflow/example_dags/example_xcomargs.py for tasks to queue
[2023-09-20T22:30:06.345+0000] {logging_mixin.py:151} INFO - [2023-09-20T22:30:06.345+0000] {dagbag.py:539} INFO - Filling up the DagBag from /home/airflow/.local/lib/python3.8/site-packages/airflow/example_dags/example_xcomargs.py
[2023-09-20T22:30:06.356+0000] {processor.py:839} INFO - DAG(s) dict_keys(['example_xcom_args', 'example_xcom_args_with_operators']) retrieved from /home/airflow/.local/lib/python3.8/site-packages/airflow/example_dags/example_xcomargs.py
[2023-09-20T22:30:06.390+0000] {logging_mixin.py:151} INFO - [2023-09-20T22:30:06.390+0000] {dag.py:2915} INFO - Sync 2 DAGs
[2023-09-20T22:30:06.414+0000] {logging_mixin.py:151} INFO - [2023-09-20T22:30:06.414+0000] {dag.py:3696} INFO - Setting next_dagrun for example_xcom_args to None, run_after=None
[2023-09-20T22:30:06.420+0000] {logging_mixin.py:151} INFO - [2023-09-20T22:30:06.420+0000] {dag.py:3696} INFO - Setting next_dagrun for example_xcom_args_with_operators to None, run_after=None
[2023-09-20T22:30:06.483+0000] {processor.py:179} INFO - Processing /home/airflow/.local/lib/python3.8/site-packages/airflow/example_dags/example_xcomargs.py took 0.151 seconds
[2023-09-20T22:30:37.601+0000] {processor.py:157} INFO - Started process (PID=644) to work on /home/airflow/.local/lib/python3.8/site-packages/airflow/example_dags/example_xcomargs.py
[2023-09-20T22:30:37.602+0000] {processor.py:829} INFO - Processing file /home/airflow/.local/lib/python3.8/site-packages/airflow/example_dags/example_xcomargs.py for tasks to queue
[2023-09-20T22:30:37.606+0000] {logging_mixin.py:151} INFO - [2023-09-20T22:30:37.605+0000] {dagbag.py:539} INFO - Filling up the DagBag from /home/airflow/.local/lib/python3.8/site-packages/airflow/example_dags/example_xcomargs.py
[2023-09-20T22:30:37.616+0000] {processor.py:839} INFO - DAG(s) dict_keys(['example_xcom_args_with_operators', 'example_xcom_args']) retrieved from /home/airflow/.local/lib/python3.8/site-packages/airflow/example_dags/example_xcomargs.py
[2023-09-20T22:30:37.655+0000] {logging_mixin.py:151} INFO - [2023-09-20T22:30:37.655+0000] {dag.py:2915} INFO - Sync 2 DAGs
[2023-09-20T22:30:37.672+0000] {logging_mixin.py:151} INFO - [2023-09-20T22:30:37.672+0000] {dag.py:3696} INFO - Setting next_dagrun for example_xcom_args to None, run_after=None
[2023-09-20T22:30:37.679+0000] {logging_mixin.py:151} INFO - [2023-09-20T22:30:37.679+0000] {dag.py:3696} INFO - Setting next_dagrun for example_xcom_args_with_operators to None, run_after=None
[2023-09-20T22:30:37.728+0000] {processor.py:179} INFO - Processing /home/airflow/.local/lib/python3.8/site-packages/airflow/example_dags/example_xcomargs.py took 0.132 seconds
[2023-09-20T22:31:08.408+0000] {processor.py:157} INFO - Started process (PID=699) to work on /home/airflow/.local/lib/python3.8/site-packages/airflow/example_dags/example_xcomargs.py
[2023-09-20T22:31:08.409+0000] {processor.py:829} INFO - Processing file /home/airflow/.local/lib/python3.8/site-packages/airflow/example_dags/example_xcomargs.py for tasks to queue
[2023-09-20T22:31:08.412+0000] {logging_mixin.py:151} INFO - [2023-09-20T22:31:08.412+0000] {dagbag.py:539} INFO - Filling up the DagBag from /home/airflow/.local/lib/python3.8/site-packages/airflow/example_dags/example_xcomargs.py
[2023-09-20T22:31:08.423+0000] {processor.py:839} INFO - DAG(s) dict_keys(['example_xcom_args_with_operators', 'example_xcom_args']) retrieved from /home/airflow/.local/lib/python3.8/site-packages/airflow/example_dags/example_xcomargs.py
[2023-09-20T22:31:08.454+0000] {logging_mixin.py:151} INFO - [2023-09-20T22:31:08.453+0000] {dag.py:2915} INFO - Sync 2 DAGs
[2023-09-20T22:31:08.471+0000] {logging_mixin.py:151} INFO - [2023-09-20T22:31:08.470+0000] {dag.py:3696} INFO - Setting next_dagrun for example_xcom_args to None, run_after=None
[2023-09-20T22:31:08.476+0000] {logging_mixin.py:151} INFO - [2023-09-20T22:31:08.475+0000] {dag.py:3696} INFO - Setting next_dagrun for example_xcom_args_with_operators to None, run_after=None
[2023-09-20T22:31:08.498+0000] {processor.py:179} INFO - Processing /home/airflow/.local/lib/python3.8/site-packages/airflow/example_dags/example_xcomargs.py took 0.095 seconds
[2023-09-20T22:31:39.500+0000] {processor.py:157} INFO - Started process (PID=754) to work on /home/airflow/.local/lib/python3.8/site-packages/airflow/example_dags/example_xcomargs.py
[2023-09-20T22:31:39.501+0000] {processor.py:829} INFO - Processing file /home/airflow/.local/lib/python3.8/site-packages/airflow/example_dags/example_xcomargs.py for tasks to queue
[2023-09-20T22:31:39.504+0000] {logging_mixin.py:151} INFO - [2023-09-20T22:31:39.504+0000] {dagbag.py:539} INFO - Filling up the DagBag from /home/airflow/.local/lib/python3.8/site-packages/airflow/example_dags/example_xcomargs.py
[2023-09-20T22:31:39.515+0000] {processor.py:839} INFO - DAG(s) dict_keys(['example_xcom_args', 'example_xcom_args_with_operators']) retrieved from /home/airflow/.local/lib/python3.8/site-packages/airflow/example_dags/example_xcomargs.py
[2023-09-20T22:31:39.548+0000] {logging_mixin.py:151} INFO - [2023-09-20T22:31:39.548+0000] {dag.py:2915} INFO - Sync 2 DAGs
[2023-09-20T22:31:39.566+0000] {logging_mixin.py:151} INFO - [2023-09-20T22:31:39.566+0000] {dag.py:3696} INFO - Setting next_dagrun for example_xcom_args to None, run_after=None
[2023-09-20T22:31:39.571+0000] {logging_mixin.py:151} INFO - [2023-09-20T22:31:39.571+0000] {dag.py:3696} INFO - Setting next_dagrun for example_xcom_args_with_operators to None, run_after=None
[2023-09-20T22:31:39.605+0000] {processor.py:179} INFO - Processing /home/airflow/.local/lib/python3.8/site-packages/airflow/example_dags/example_xcomargs.py took 0.110 seconds
[2023-09-20T22:32:09.841+0000] {processor.py:157} INFO - Started process (PID=808) to work on /home/airflow/.local/lib/python3.8/site-packages/airflow/example_dags/example_xcomargs.py
[2023-09-20T22:32:09.843+0000] {processor.py:829} INFO - Processing file /home/airflow/.local/lib/python3.8/site-packages/airflow/example_dags/example_xcomargs.py for tasks to queue
[2023-09-20T22:32:09.849+0000] {logging_mixin.py:151} INFO - [2023-09-20T22:32:09.848+0000] {dagbag.py:539} INFO - Filling up the DagBag from /home/airflow/.local/lib/python3.8/site-packages/airflow/example_dags/example_xcomargs.py
[2023-09-20T22:32:09.870+0000] {processor.py:839} INFO - DAG(s) dict_keys(['example_xcom_args_with_operators', 'example_xcom_args']) retrieved from /home/airflow/.local/lib/python3.8/site-packages/airflow/example_dags/example_xcomargs.py
[2023-09-20T22:32:09.927+0000] {logging_mixin.py:151} INFO - [2023-09-20T22:32:09.926+0000] {dag.py:2915} INFO - Sync 2 DAGs
[2023-09-20T22:32:09.952+0000] {logging_mixin.py:151} INFO - [2023-09-20T22:32:09.952+0000] {dag.py:3696} INFO - Setting next_dagrun for example_xcom_args to None, run_after=None
[2023-09-20T22:32:09.961+0000] {logging_mixin.py:151} INFO - [2023-09-20T22:32:09.960+0000] {dag.py:3696} INFO - Setting next_dagrun for example_xcom_args_with_operators to None, run_after=None
[2023-09-20T22:32:10.044+0000] {processor.py:179} INFO - Processing /home/airflow/.local/lib/python3.8/site-packages/airflow/example_dags/example_xcomargs.py took 0.213 seconds
[2023-09-20T22:32:40.474+0000] {processor.py:157} INFO - Started process (PID=863) to work on /home/airflow/.local/lib/python3.8/site-packages/airflow/example_dags/example_xcomargs.py
[2023-09-20T22:32:40.477+0000] {processor.py:829} INFO - Processing file /home/airflow/.local/lib/python3.8/site-packages/airflow/example_dags/example_xcomargs.py for tasks to queue
[2023-09-20T22:32:40.482+0000] {logging_mixin.py:151} INFO - [2023-09-20T22:32:40.482+0000] {dagbag.py:539} INFO - Filling up the DagBag from /home/airflow/.local/lib/python3.8/site-packages/airflow/example_dags/example_xcomargs.py
[2023-09-20T22:32:40.500+0000] {processor.py:839} INFO - DAG(s) dict_keys(['example_xcom_args_with_operators', 'example_xcom_args']) retrieved from /home/airflow/.local/lib/python3.8/site-packages/airflow/example_dags/example_xcomargs.py
[2023-09-20T22:32:40.543+0000] {logging_mixin.py:151} INFO - [2023-09-20T22:32:40.543+0000] {dag.py:2915} INFO - Sync 2 DAGs
[2023-09-20T22:32:40.563+0000] {logging_mixin.py:151} INFO - [2023-09-20T22:32:40.563+0000] {dag.py:3696} INFO - Setting next_dagrun for example_xcom_args to None, run_after=None
[2023-09-20T22:32:40.569+0000] {logging_mixin.py:151} INFO - [2023-09-20T22:32:40.569+0000] {dag.py:3696} INFO - Setting next_dagrun for example_xcom_args_with_operators to None, run_after=None
[2023-09-20T22:32:40.606+0000] {processor.py:179} INFO - Processing /home/airflow/.local/lib/python3.8/site-packages/airflow/example_dags/example_xcomargs.py took 0.140 seconds
[2023-09-20T22:33:11.215+0000] {processor.py:157} INFO - Started process (PID=918) to work on /home/airflow/.local/lib/python3.8/site-packages/airflow/example_dags/example_xcomargs.py
[2023-09-20T22:33:11.217+0000] {processor.py:829} INFO - Processing file /home/airflow/.local/lib/python3.8/site-packages/airflow/example_dags/example_xcomargs.py for tasks to queue
[2023-09-20T22:33:11.223+0000] {logging_mixin.py:151} INFO - [2023-09-20T22:33:11.223+0000] {dagbag.py:539} INFO - Filling up the DagBag from /home/airflow/.local/lib/python3.8/site-packages/airflow/example_dags/example_xcomargs.py
[2023-09-20T22:33:11.242+0000] {processor.py:839} INFO - DAG(s) dict_keys(['example_xcom_args', 'example_xcom_args_with_operators']) retrieved from /home/airflow/.local/lib/python3.8/site-packages/airflow/example_dags/example_xcomargs.py
[2023-09-20T22:33:11.287+0000] {logging_mixin.py:151} INFO - [2023-09-20T22:33:11.287+0000] {dag.py:2915} INFO - Sync 2 DAGs
[2023-09-20T22:33:11.310+0000] {logging_mixin.py:151} INFO - [2023-09-20T22:33:11.310+0000] {dag.py:3696} INFO - Setting next_dagrun for example_xcom_args to None, run_after=None
[2023-09-20T22:33:11.316+0000] {logging_mixin.py:151} INFO - [2023-09-20T22:33:11.316+0000] {dag.py:3696} INFO - Setting next_dagrun for example_xcom_args_with_operators to None, run_after=None
[2023-09-20T22:33:11.351+0000] {processor.py:179} INFO - Processing /home/airflow/.local/lib/python3.8/site-packages/airflow/example_dags/example_xcomargs.py took 0.146 seconds
[2023-09-20T22:33:41.516+0000] {processor.py:157} INFO - Started process (PID=973) to work on /home/airflow/.local/lib/python3.8/site-packages/airflow/example_dags/example_xcomargs.py
[2023-09-20T22:33:41.518+0000] {processor.py:829} INFO - Processing file /home/airflow/.local/lib/python3.8/site-packages/airflow/example_dags/example_xcomargs.py for tasks to queue
[2023-09-20T22:33:41.524+0000] {logging_mixin.py:151} INFO - [2023-09-20T22:33:41.523+0000] {dagbag.py:539} INFO - Filling up the DagBag from /home/airflow/.local/lib/python3.8/site-packages/airflow/example_dags/example_xcomargs.py
[2023-09-20T22:33:41.545+0000] {processor.py:839} INFO - DAG(s) dict_keys(['example_xcom_args', 'example_xcom_args_with_operators']) retrieved from /home/airflow/.local/lib/python3.8/site-packages/airflow/example_dags/example_xcomargs.py
[2023-09-20T22:33:41.597+0000] {logging_mixin.py:151} INFO - [2023-09-20T22:33:41.596+0000] {dag.py:2915} INFO - Sync 2 DAGs
[2023-09-20T22:33:41.620+0000] {logging_mixin.py:151} INFO - [2023-09-20T22:33:41.620+0000] {dag.py:3696} INFO - Setting next_dagrun for example_xcom_args to None, run_after=None
[2023-09-20T22:33:41.626+0000] {logging_mixin.py:151} INFO - [2023-09-20T22:33:41.625+0000] {dag.py:3696} INFO - Setting next_dagrun for example_xcom_args_with_operators to None, run_after=None
[2023-09-20T22:33:41.664+0000] {processor.py:179} INFO - Processing /home/airflow/.local/lib/python3.8/site-packages/airflow/example_dags/example_xcomargs.py took 0.158 seconds
[2023-09-20T22:34:12.089+0000] {processor.py:157} INFO - Started process (PID=1028) to work on /home/airflow/.local/lib/python3.8/site-packages/airflow/example_dags/example_xcomargs.py
[2023-09-20T22:34:12.091+0000] {processor.py:829} INFO - Processing file /home/airflow/.local/lib/python3.8/site-packages/airflow/example_dags/example_xcomargs.py for tasks to queue
[2023-09-20T22:34:12.099+0000] {logging_mixin.py:151} INFO - [2023-09-20T22:34:12.098+0000] {dagbag.py:539} INFO - Filling up the DagBag from /home/airflow/.local/lib/python3.8/site-packages/airflow/example_dags/example_xcomargs.py
[2023-09-20T22:34:12.121+0000] {processor.py:839} INFO - DAG(s) dict_keys(['example_xcom_args', 'example_xcom_args_with_operators']) retrieved from /home/airflow/.local/lib/python3.8/site-packages/airflow/example_dags/example_xcomargs.py
[2023-09-20T22:34:12.167+0000] {logging_mixin.py:151} INFO - [2023-09-20T22:34:12.167+0000] {dag.py:2915} INFO - Sync 2 DAGs
[2023-09-20T22:34:12.196+0000] {logging_mixin.py:151} INFO - [2023-09-20T22:34:12.196+0000] {dag.py:3696} INFO - Setting next_dagrun for example_xcom_args to None, run_after=None
[2023-09-20T22:34:12.203+0000] {logging_mixin.py:151} INFO - [2023-09-20T22:34:12.202+0000] {dag.py:3696} INFO - Setting next_dagrun for example_xcom_args_with_operators to None, run_after=None
[2023-09-20T22:34:12.232+0000] {processor.py:179} INFO - Processing /home/airflow/.local/lib/python3.8/site-packages/airflow/example_dags/example_xcomargs.py took 0.153 seconds
[2023-09-20T22:34:42.758+0000] {processor.py:157} INFO - Started process (PID=1083) to work on /home/airflow/.local/lib/python3.8/site-packages/airflow/example_dags/example_xcomargs.py
[2023-09-20T22:34:42.760+0000] {processor.py:829} INFO - Processing file /home/airflow/.local/lib/python3.8/site-packages/airflow/example_dags/example_xcomargs.py for tasks to queue
[2023-09-20T22:34:42.766+0000] {logging_mixin.py:151} INFO - [2023-09-20T22:34:42.765+0000] {dagbag.py:539} INFO - Filling up the DagBag from /home/airflow/.local/lib/python3.8/site-packages/airflow/example_dags/example_xcomargs.py
[2023-09-20T22:34:42.782+0000] {processor.py:839} INFO - DAG(s) dict_keys(['example_xcom_args', 'example_xcom_args_with_operators']) retrieved from /home/airflow/.local/lib/python3.8/site-packages/airflow/example_dags/example_xcomargs.py
[2023-09-20T22:34:42.830+0000] {logging_mixin.py:151} INFO - [2023-09-20T22:34:42.829+0000] {dag.py:2915} INFO - Sync 2 DAGs
[2023-09-20T22:34:42.857+0000] {logging_mixin.py:151} INFO - [2023-09-20T22:34:42.857+0000] {dag.py:3696} INFO - Setting next_dagrun for example_xcom_args to None, run_after=None
[2023-09-20T22:34:42.863+0000] {logging_mixin.py:151} INFO - [2023-09-20T22:34:42.863+0000] {dag.py:3696} INFO - Setting next_dagrun for example_xcom_args_with_operators to None, run_after=None
[2023-09-20T22:34:42.909+0000] {processor.py:179} INFO - Processing /home/airflow/.local/lib/python3.8/site-packages/airflow/example_dags/example_xcomargs.py took 0.159 seconds
[2023-09-20T22:35:13.702+0000] {processor.py:157} INFO - Started process (PID=1138) to work on /home/airflow/.local/lib/python3.8/site-packages/airflow/example_dags/example_xcomargs.py
[2023-09-20T22:35:13.704+0000] {processor.py:829} INFO - Processing file /home/airflow/.local/lib/python3.8/site-packages/airflow/example_dags/example_xcomargs.py for tasks to queue
[2023-09-20T22:35:13.711+0000] {logging_mixin.py:151} INFO - [2023-09-20T22:35:13.710+0000] {dagbag.py:539} INFO - Filling up the DagBag from /home/airflow/.local/lib/python3.8/site-packages/airflow/example_dags/example_xcomargs.py
[2023-09-20T22:35:13.731+0000] {processor.py:839} INFO - DAG(s) dict_keys(['example_xcom_args', 'example_xcom_args_with_operators']) retrieved from /home/airflow/.local/lib/python3.8/site-packages/airflow/example_dags/example_xcomargs.py
[2023-09-20T22:35:13.785+0000] {logging_mixin.py:151} INFO - [2023-09-20T22:35:13.785+0000] {dag.py:2915} INFO - Sync 2 DAGs
[2023-09-20T22:35:13.813+0000] {logging_mixin.py:151} INFO - [2023-09-20T22:35:13.812+0000] {dag.py:3696} INFO - Setting next_dagrun for example_xcom_args to None, run_after=None
[2023-09-20T22:35:13.819+0000] {logging_mixin.py:151} INFO - [2023-09-20T22:35:13.819+0000] {dag.py:3696} INFO - Setting next_dagrun for example_xcom_args_with_operators to None, run_after=None
[2023-09-20T22:35:13.865+0000] {processor.py:179} INFO - Processing /home/airflow/.local/lib/python3.8/site-packages/airflow/example_dags/example_xcomargs.py took 0.171 seconds
[2023-09-20T22:35:44.633+0000] {processor.py:157} INFO - Started process (PID=1193) to work on /home/airflow/.local/lib/python3.8/site-packages/airflow/example_dags/example_xcomargs.py
[2023-09-20T22:35:44.636+0000] {processor.py:829} INFO - Processing file /home/airflow/.local/lib/python3.8/site-packages/airflow/example_dags/example_xcomargs.py for tasks to queue
[2023-09-20T22:35:44.643+0000] {logging_mixin.py:151} INFO - [2023-09-20T22:35:44.642+0000] {dagbag.py:539} INFO - Filling up the DagBag from /home/airflow/.local/lib/python3.8/site-packages/airflow/example_dags/example_xcomargs.py
[2023-09-20T22:35:44.662+0000] {processor.py:839} INFO - DAG(s) dict_keys(['example_xcom_args', 'example_xcom_args_with_operators']) retrieved from /home/airflow/.local/lib/python3.8/site-packages/airflow/example_dags/example_xcomargs.py
[2023-09-20T22:35:44.722+0000] {logging_mixin.py:151} INFO - [2023-09-20T22:35:44.722+0000] {dag.py:2915} INFO - Sync 2 DAGs
[2023-09-20T22:35:44.743+0000] {logging_mixin.py:151} INFO - [2023-09-20T22:35:44.742+0000] {dag.py:3696} INFO - Setting next_dagrun for example_xcom_args to None, run_after=None
[2023-09-20T22:35:44.749+0000] {logging_mixin.py:151} INFO - [2023-09-20T22:35:44.748+0000] {dag.py:3696} INFO - Setting next_dagrun for example_xcom_args_with_operators to None, run_after=None
[2023-09-20T22:35:44.778+0000] {processor.py:179} INFO - Processing /home/airflow/.local/lib/python3.8/site-packages/airflow/example_dags/example_xcomargs.py took 0.157 seconds
[2023-09-20T22:36:14.865+0000] {processor.py:157} INFO - Started process (PID=1248) to work on /home/airflow/.local/lib/python3.8/site-packages/airflow/example_dags/example_xcomargs.py
[2023-09-20T22:36:14.867+0000] {processor.py:829} INFO - Processing file /home/airflow/.local/lib/python3.8/site-packages/airflow/example_dags/example_xcomargs.py for tasks to queue
[2023-09-20T22:36:14.873+0000] {logging_mixin.py:151} INFO - [2023-09-20T22:36:14.873+0000] {dagbag.py:539} INFO - Filling up the DagBag from /home/airflow/.local/lib/python3.8/site-packages/airflow/example_dags/example_xcomargs.py
[2023-09-20T22:36:14.893+0000] {processor.py:839} INFO - DAG(s) dict_keys(['example_xcom_args', 'example_xcom_args_with_operators']) retrieved from /home/airflow/.local/lib/python3.8/site-packages/airflow/example_dags/example_xcomargs.py
[2023-09-20T22:36:14.943+0000] {logging_mixin.py:151} INFO - [2023-09-20T22:36:14.942+0000] {dag.py:2915} INFO - Sync 2 DAGs
[2023-09-20T22:36:14.969+0000] {logging_mixin.py:151} INFO - [2023-09-20T22:36:14.968+0000] {dag.py:3696} INFO - Setting next_dagrun for example_xcom_args to None, run_after=None
[2023-09-20T22:36:14.977+0000] {logging_mixin.py:151} INFO - [2023-09-20T22:36:14.977+0000] {dag.py:3696} INFO - Setting next_dagrun for example_xcom_args_with_operators to None, run_after=None
[2023-09-20T22:36:15.019+0000] {processor.py:179} INFO - Processing /home/airflow/.local/lib/python3.8/site-packages/airflow/example_dags/example_xcomargs.py took 0.166 seconds
[2023-09-20T22:36:45.507+0000] {processor.py:157} INFO - Started process (PID=1303) to work on /home/airflow/.local/lib/python3.8/site-packages/airflow/example_dags/example_xcomargs.py
[2023-09-20T22:36:45.510+0000] {processor.py:829} INFO - Processing file /home/airflow/.local/lib/python3.8/site-packages/airflow/example_dags/example_xcomargs.py for tasks to queue
[2023-09-20T22:36:45.518+0000] {logging_mixin.py:151} INFO - [2023-09-20T22:36:45.518+0000] {dagbag.py:539} INFO - Filling up the DagBag from /home/airflow/.local/lib/python3.8/site-packages/airflow/example_dags/example_xcomargs.py
[2023-09-20T22:36:45.539+0000] {processor.py:839} INFO - DAG(s) dict_keys(['example_xcom_args_with_operators', 'example_xcom_args']) retrieved from /home/airflow/.local/lib/python3.8/site-packages/airflow/example_dags/example_xcomargs.py
[2023-09-20T22:36:45.598+0000] {logging_mixin.py:151} INFO - [2023-09-20T22:36:45.597+0000] {dag.py:2915} INFO - Sync 2 DAGs
[2023-09-20T22:36:45.624+0000] {logging_mixin.py:151} INFO - [2023-09-20T22:36:45.624+0000] {dag.py:3696} INFO - Setting next_dagrun for example_xcom_args to None, run_after=None
[2023-09-20T22:36:45.632+0000] {logging_mixin.py:151} INFO - [2023-09-20T22:36:45.632+0000] {dag.py:3696} INFO - Setting next_dagrun for example_xcom_args_with_operators to None, run_after=None
[2023-09-20T22:36:45.676+0000] {processor.py:179} INFO - Processing /home/airflow/.local/lib/python3.8/site-packages/airflow/example_dags/example_xcomargs.py took 0.179 seconds
[2023-09-20T22:37:16.065+0000] {processor.py:157} INFO - Started process (PID=1359) to work on /home/airflow/.local/lib/python3.8/site-packages/airflow/example_dags/example_xcomargs.py
[2023-09-20T22:37:16.067+0000] {processor.py:829} INFO - Processing file /home/airflow/.local/lib/python3.8/site-packages/airflow/example_dags/example_xcomargs.py for tasks to queue
[2023-09-20T22:37:16.073+0000] {logging_mixin.py:151} INFO - [2023-09-20T22:37:16.072+0000] {dagbag.py:539} INFO - Filling up the DagBag from /home/airflow/.local/lib/python3.8/site-packages/airflow/example_dags/example_xcomargs.py
[2023-09-20T22:37:16.095+0000] {processor.py:839} INFO - DAG(s) dict_keys(['example_xcom_args_with_operators', 'example_xcom_args']) retrieved from /home/airflow/.local/lib/python3.8/site-packages/airflow/example_dags/example_xcomargs.py
[2023-09-20T22:37:16.150+0000] {logging_mixin.py:151} INFO - [2023-09-20T22:37:16.150+0000] {dag.py:2915} INFO - Sync 2 DAGs
[2023-09-20T22:37:16.177+0000] {logging_mixin.py:151} INFO - [2023-09-20T22:37:16.177+0000] {dag.py:3696} INFO - Setting next_dagrun for example_xcom_args to None, run_after=None
[2023-09-20T22:37:16.184+0000] {logging_mixin.py:151} INFO - [2023-09-20T22:37:16.184+0000] {dag.py:3696} INFO - Setting next_dagrun for example_xcom_args_with_operators to None, run_after=None
[2023-09-20T22:37:16.228+0000] {processor.py:179} INFO - Processing /home/airflow/.local/lib/python3.8/site-packages/airflow/example_dags/example_xcomargs.py took 0.174 seconds
[2023-09-20T22:37:46.692+0000] {processor.py:157} INFO - Started process (PID=1414) to work on /home/airflow/.local/lib/python3.8/site-packages/airflow/example_dags/example_xcomargs.py
[2023-09-20T22:37:46.695+0000] {processor.py:829} INFO - Processing file /home/airflow/.local/lib/python3.8/site-packages/airflow/example_dags/example_xcomargs.py for tasks to queue
[2023-09-20T22:37:46.702+0000] {logging_mixin.py:151} INFO - [2023-09-20T22:37:46.701+0000] {dagbag.py:539} INFO - Filling up the DagBag from /home/airflow/.local/lib/python3.8/site-packages/airflow/example_dags/example_xcomargs.py
[2023-09-20T22:37:46.721+0000] {processor.py:839} INFO - DAG(s) dict_keys(['example_xcom_args_with_operators', 'example_xcom_args']) retrieved from /home/airflow/.local/lib/python3.8/site-packages/airflow/example_dags/example_xcomargs.py
[2023-09-20T22:37:46.774+0000] {logging_mixin.py:151} INFO - [2023-09-20T22:37:46.774+0000] {dag.py:2915} INFO - Sync 2 DAGs
[2023-09-20T22:37:46.798+0000] {logging_mixin.py:151} INFO - [2023-09-20T22:37:46.798+0000] {dag.py:3696} INFO - Setting next_dagrun for example_xcom_args to None, run_after=None
[2023-09-20T22:37:46.806+0000] {logging_mixin.py:151} INFO - [2023-09-20T22:37:46.806+0000] {dag.py:3696} INFO - Setting next_dagrun for example_xcom_args_with_operators to None, run_after=None
[2023-09-20T22:37:46.856+0000] {processor.py:179} INFO - Processing /home/airflow/.local/lib/python3.8/site-packages/airflow/example_dags/example_xcomargs.py took 0.175 seconds
[2023-09-20T22:38:16.962+0000] {processor.py:157} INFO - Started process (PID=1469) to work on /home/airflow/.local/lib/python3.8/site-packages/airflow/example_dags/example_xcomargs.py
[2023-09-20T22:38:16.964+0000] {processor.py:829} INFO - Processing file /home/airflow/.local/lib/python3.8/site-packages/airflow/example_dags/example_xcomargs.py for tasks to queue
[2023-09-20T22:38:16.967+0000] {logging_mixin.py:151} INFO - [2023-09-20T22:38:16.966+0000] {dagbag.py:539} INFO - Filling up the DagBag from /home/airflow/.local/lib/python3.8/site-packages/airflow/example_dags/example_xcomargs.py
[2023-09-20T22:38:16.978+0000] {processor.py:839} INFO - DAG(s) dict_keys(['example_xcom_args', 'example_xcom_args_with_operators']) retrieved from /home/airflow/.local/lib/python3.8/site-packages/airflow/example_dags/example_xcomargs.py
[2023-09-20T22:38:17.010+0000] {logging_mixin.py:151} INFO - [2023-09-20T22:38:17.010+0000] {dag.py:2915} INFO - Sync 2 DAGs
[2023-09-20T22:38:17.028+0000] {logging_mixin.py:151} INFO - [2023-09-20T22:38:17.028+0000] {dag.py:3696} INFO - Setting next_dagrun for example_xcom_args to None, run_after=None
[2023-09-20T22:38:17.034+0000] {logging_mixin.py:151} INFO - [2023-09-20T22:38:17.034+0000] {dag.py:3696} INFO - Setting next_dagrun for example_xcom_args_with_operators to None, run_after=None
[2023-09-20T22:38:17.212+0000] {processor.py:179} INFO - Processing /home/airflow/.local/lib/python3.8/site-packages/airflow/example_dags/example_xcomargs.py took 0.254 seconds
[2023-09-20T22:38:47.432+0000] {processor.py:157} INFO - Started process (PID=1524) to work on /home/airflow/.local/lib/python3.8/site-packages/airflow/example_dags/example_xcomargs.py
[2023-09-20T22:38:47.435+0000] {processor.py:829} INFO - Processing file /home/airflow/.local/lib/python3.8/site-packages/airflow/example_dags/example_xcomargs.py for tasks to queue
[2023-09-20T22:38:47.441+0000] {logging_mixin.py:151} INFO - [2023-09-20T22:38:47.441+0000] {dagbag.py:539} INFO - Filling up the DagBag from /home/airflow/.local/lib/python3.8/site-packages/airflow/example_dags/example_xcomargs.py
[2023-09-20T22:38:47.459+0000] {processor.py:839} INFO - DAG(s) dict_keys(['example_xcom_args_with_operators', 'example_xcom_args']) retrieved from /home/airflow/.local/lib/python3.8/site-packages/airflow/example_dags/example_xcomargs.py
[2023-09-20T22:38:47.506+0000] {logging_mixin.py:151} INFO - [2023-09-20T22:38:47.505+0000] {dag.py:2915} INFO - Sync 2 DAGs
[2023-09-20T22:38:47.531+0000] {logging_mixin.py:151} INFO - [2023-09-20T22:38:47.530+0000] {dag.py:3696} INFO - Setting next_dagrun for example_xcom_args to None, run_after=None
[2023-09-20T22:38:47.536+0000] {logging_mixin.py:151} INFO - [2023-09-20T22:38:47.536+0000] {dag.py:3696} INFO - Setting next_dagrun for example_xcom_args_with_operators to None, run_after=None
[2023-09-20T22:38:47.578+0000] {processor.py:179} INFO - Processing /home/airflow/.local/lib/python3.8/site-packages/airflow/example_dags/example_xcomargs.py took 0.157 seconds
[2023-09-20T22:39:18.034+0000] {processor.py:157} INFO - Started process (PID=1579) to work on /home/airflow/.local/lib/python3.8/site-packages/airflow/example_dags/example_xcomargs.py
[2023-09-20T22:39:18.036+0000] {processor.py:829} INFO - Processing file /home/airflow/.local/lib/python3.8/site-packages/airflow/example_dags/example_xcomargs.py for tasks to queue
[2023-09-20T22:39:18.044+0000] {logging_mixin.py:151} INFO - [2023-09-20T22:39:18.043+0000] {dagbag.py:539} INFO - Filling up the DagBag from /home/airflow/.local/lib/python3.8/site-packages/airflow/example_dags/example_xcomargs.py
[2023-09-20T22:39:18.066+0000] {processor.py:839} INFO - DAG(s) dict_keys(['example_xcom_args_with_operators', 'example_xcom_args']) retrieved from /home/airflow/.local/lib/python3.8/site-packages/airflow/example_dags/example_xcomargs.py
[2023-09-20T22:39:18.124+0000] {logging_mixin.py:151} INFO - [2023-09-20T22:39:18.123+0000] {dag.py:2915} INFO - Sync 2 DAGs
[2023-09-20T22:39:18.152+0000] {logging_mixin.py:151} INFO - [2023-09-20T22:39:18.151+0000] {dag.py:3696} INFO - Setting next_dagrun for example_xcom_args to None, run_after=None
[2023-09-20T22:39:18.158+0000] {logging_mixin.py:151} INFO - [2023-09-20T22:39:18.158+0000] {dag.py:3696} INFO - Setting next_dagrun for example_xcom_args_with_operators to None, run_after=None
[2023-09-20T22:39:18.190+0000] {processor.py:179} INFO - Processing /home/airflow/.local/lib/python3.8/site-packages/airflow/example_dags/example_xcomargs.py took 0.169 seconds
[2023-09-20T22:39:48.430+0000] {processor.py:157} INFO - Started process (PID=1634) to work on /home/airflow/.local/lib/python3.8/site-packages/airflow/example_dags/example_xcomargs.py
[2023-09-20T22:39:48.432+0000] {processor.py:829} INFO - Processing file /home/airflow/.local/lib/python3.8/site-packages/airflow/example_dags/example_xcomargs.py for tasks to queue
[2023-09-20T22:39:48.437+0000] {logging_mixin.py:151} INFO - [2023-09-20T22:39:48.436+0000] {dagbag.py:539} INFO - Filling up the DagBag from /home/airflow/.local/lib/python3.8/site-packages/airflow/example_dags/example_xcomargs.py
[2023-09-20T22:39:48.458+0000] {processor.py:839} INFO - DAG(s) dict_keys(['example_xcom_args_with_operators', 'example_xcom_args']) retrieved from /home/airflow/.local/lib/python3.8/site-packages/airflow/example_dags/example_xcomargs.py
[2023-09-20T22:39:48.504+0000] {logging_mixin.py:151} INFO - [2023-09-20T22:39:48.504+0000] {dag.py:2915} INFO - Sync 2 DAGs
[2023-09-20T22:39:48.527+0000] {logging_mixin.py:151} INFO - [2023-09-20T22:39:48.527+0000] {dag.py:3696} INFO - Setting next_dagrun for example_xcom_args to None, run_after=None
[2023-09-20T22:39:48.533+0000] {logging_mixin.py:151} INFO - [2023-09-20T22:39:48.532+0000] {dag.py:3696} INFO - Setting next_dagrun for example_xcom_args_with_operators to None, run_after=None
[2023-09-20T22:39:48.569+0000] {processor.py:179} INFO - Processing /home/airflow/.local/lib/python3.8/site-packages/airflow/example_dags/example_xcomargs.py took 0.150 seconds
[2023-09-20T22:40:19.168+0000] {processor.py:157} INFO - Started process (PID=1688) to work on /home/airflow/.local/lib/python3.8/site-packages/airflow/example_dags/example_xcomargs.py
[2023-09-20T22:40:19.170+0000] {processor.py:829} INFO - Processing file /home/airflow/.local/lib/python3.8/site-packages/airflow/example_dags/example_xcomargs.py for tasks to queue
[2023-09-20T22:40:19.176+0000] {logging_mixin.py:151} INFO - [2023-09-20T22:40:19.175+0000] {dagbag.py:539} INFO - Filling up the DagBag from /home/airflow/.local/lib/python3.8/site-packages/airflow/example_dags/example_xcomargs.py
[2023-09-20T22:40:19.193+0000] {processor.py:839} INFO - DAG(s) dict_keys(['example_xcom_args', 'example_xcom_args_with_operators']) retrieved from /home/airflow/.local/lib/python3.8/site-packages/airflow/example_dags/example_xcomargs.py
[2023-09-20T22:40:19.240+0000] {logging_mixin.py:151} INFO - [2023-09-20T22:40:19.240+0000] {dag.py:2915} INFO - Sync 2 DAGs
[2023-09-20T22:40:19.268+0000] {logging_mixin.py:151} INFO - [2023-09-20T22:40:19.267+0000] {dag.py:3696} INFO - Setting next_dagrun for example_xcom_args to None, run_after=None
[2023-09-20T22:40:19.274+0000] {logging_mixin.py:151} INFO - [2023-09-20T22:40:19.274+0000] {dag.py:3696} INFO - Setting next_dagrun for example_xcom_args_with_operators to None, run_after=None
[2023-09-20T22:40:19.315+0000] {processor.py:179} INFO - Processing /home/airflow/.local/lib/python3.8/site-packages/airflow/example_dags/example_xcomargs.py took 0.154 seconds
[2023-09-20T22:40:49.597+0000] {processor.py:157} INFO - Started process (PID=1743) to work on /home/airflow/.local/lib/python3.8/site-packages/airflow/example_dags/example_xcomargs.py
[2023-09-20T22:40:49.599+0000] {processor.py:829} INFO - Processing file /home/airflow/.local/lib/python3.8/site-packages/airflow/example_dags/example_xcomargs.py for tasks to queue
[2023-09-20T22:40:49.607+0000] {logging_mixin.py:151} INFO - [2023-09-20T22:40:49.606+0000] {dagbag.py:539} INFO - Filling up the DagBag from /home/airflow/.local/lib/python3.8/site-packages/airflow/example_dags/example_xcomargs.py
[2023-09-20T22:40:49.620+0000] {processor.py:839} INFO - DAG(s) dict_keys(['example_xcom_args', 'example_xcom_args_with_operators']) retrieved from /home/airflow/.local/lib/python3.8/site-packages/airflow/example_dags/example_xcomargs.py
[2023-09-20T22:40:49.653+0000] {logging_mixin.py:151} INFO - [2023-09-20T22:40:49.653+0000] {dag.py:2915} INFO - Sync 2 DAGs
[2023-09-20T22:40:49.673+0000] {logging_mixin.py:151} INFO - [2023-09-20T22:40:49.673+0000] {dag.py:3696} INFO - Setting next_dagrun for example_xcom_args to None, run_after=None
[2023-09-20T22:40:49.680+0000] {logging_mixin.py:151} INFO - [2023-09-20T22:40:49.680+0000] {dag.py:3696} INFO - Setting next_dagrun for example_xcom_args_with_operators to None, run_after=None
[2023-09-20T22:40:49.720+0000] {processor.py:179} INFO - Processing /home/airflow/.local/lib/python3.8/site-packages/airflow/example_dags/example_xcomargs.py took 0.132 seconds
[2023-09-20T22:41:20.031+0000] {processor.py:157} INFO - Started process (PID=1798) to work on /home/airflow/.local/lib/python3.8/site-packages/airflow/example_dags/example_xcomargs.py
[2023-09-20T22:41:20.032+0000] {processor.py:829} INFO - Processing file /home/airflow/.local/lib/python3.8/site-packages/airflow/example_dags/example_xcomargs.py for tasks to queue
[2023-09-20T22:41:20.036+0000] {logging_mixin.py:151} INFO - [2023-09-20T22:41:20.036+0000] {dagbag.py:539} INFO - Filling up the DagBag from /home/airflow/.local/lib/python3.8/site-packages/airflow/example_dags/example_xcomargs.py
[2023-09-20T22:41:20.051+0000] {processor.py:839} INFO - DAG(s) dict_keys(['example_xcom_args_with_operators', 'example_xcom_args']) retrieved from /home/airflow/.local/lib/python3.8/site-packages/airflow/example_dags/example_xcomargs.py
[2023-09-20T22:41:20.104+0000] {logging_mixin.py:151} INFO - [2023-09-20T22:41:20.104+0000] {dag.py:2915} INFO - Sync 2 DAGs
[2023-09-20T22:41:20.125+0000] {logging_mixin.py:151} INFO - [2023-09-20T22:41:20.125+0000] {dag.py:3696} INFO - Setting next_dagrun for example_xcom_args to None, run_after=None
[2023-09-20T22:41:20.130+0000] {logging_mixin.py:151} INFO - [2023-09-20T22:41:20.130+0000] {dag.py:3696} INFO - Setting next_dagrun for example_xcom_args_with_operators to None, run_after=None
[2023-09-20T22:41:20.162+0000] {processor.py:179} INFO - Processing /home/airflow/.local/lib/python3.8/site-packages/airflow/example_dags/example_xcomargs.py took 0.138 seconds
[2023-09-20T22:41:50.725+0000] {processor.py:157} INFO - Started process (PID=1853) to work on /home/airflow/.local/lib/python3.8/site-packages/airflow/example_dags/example_xcomargs.py
[2023-09-20T22:41:50.727+0000] {processor.py:829} INFO - Processing file /home/airflow/.local/lib/python3.8/site-packages/airflow/example_dags/example_xcomargs.py for tasks to queue
[2023-09-20T22:41:50.732+0000] {logging_mixin.py:151} INFO - [2023-09-20T22:41:50.731+0000] {dagbag.py:539} INFO - Filling up the DagBag from /home/airflow/.local/lib/python3.8/site-packages/airflow/example_dags/example_xcomargs.py
[2023-09-20T22:41:50.753+0000] {processor.py:839} INFO - DAG(s) dict_keys(['example_xcom_args', 'example_xcom_args_with_operators']) retrieved from /home/airflow/.local/lib/python3.8/site-packages/airflow/example_dags/example_xcomargs.py
[2023-09-20T22:41:50.787+0000] {logging_mixin.py:151} INFO - [2023-09-20T22:41:50.787+0000] {dag.py:2915} INFO - Sync 2 DAGs
[2023-09-20T22:41:50.806+0000] {logging_mixin.py:151} INFO - [2023-09-20T22:41:50.806+0000] {dag.py:3696} INFO - Setting next_dagrun for example_xcom_args to None, run_after=None
[2023-09-20T22:41:50.812+0000] {logging_mixin.py:151} INFO - [2023-09-20T22:41:50.812+0000] {dag.py:3696} INFO - Setting next_dagrun for example_xcom_args_with_operators to None, run_after=None
[2023-09-20T22:41:50.856+0000] {processor.py:179} INFO - Processing /home/airflow/.local/lib/python3.8/site-packages/airflow/example_dags/example_xcomargs.py took 0.137 seconds
[2023-09-20T22:42:21.290+0000] {processor.py:157} INFO - Started process (PID=1908) to work on /home/airflow/.local/lib/python3.8/site-packages/airflow/example_dags/example_xcomargs.py
[2023-09-20T22:42:21.292+0000] {processor.py:829} INFO - Processing file /home/airflow/.local/lib/python3.8/site-packages/airflow/example_dags/example_xcomargs.py for tasks to queue
[2023-09-20T22:42:21.299+0000] {logging_mixin.py:151} INFO - [2023-09-20T22:42:21.298+0000] {dagbag.py:539} INFO - Filling up the DagBag from /home/airflow/.local/lib/python3.8/site-packages/airflow/example_dags/example_xcomargs.py
[2023-09-20T22:42:21.317+0000] {processor.py:839} INFO - DAG(s) dict_keys(['example_xcom_args', 'example_xcom_args_with_operators']) retrieved from /home/airflow/.local/lib/python3.8/site-packages/airflow/example_dags/example_xcomargs.py
[2023-09-20T22:42:21.369+0000] {logging_mixin.py:151} INFO - [2023-09-20T22:42:21.368+0000] {dag.py:2915} INFO - Sync 2 DAGs
[2023-09-20T22:42:21.403+0000] {logging_mixin.py:151} INFO - [2023-09-20T22:42:21.402+0000] {dag.py:3696} INFO - Setting next_dagrun for example_xcom_args to None, run_after=None
[2023-09-20T22:42:21.411+0000] {logging_mixin.py:151} INFO - [2023-09-20T22:42:21.411+0000] {dag.py:3696} INFO - Setting next_dagrun for example_xcom_args_with_operators to None, run_after=None
[2023-09-20T22:42:21.460+0000] {processor.py:179} INFO - Processing /home/airflow/.local/lib/python3.8/site-packages/airflow/example_dags/example_xcomargs.py took 0.179 seconds
[2023-09-20T22:42:51.915+0000] {processor.py:157} INFO - Started process (PID=1963) to work on /home/airflow/.local/lib/python3.8/site-packages/airflow/example_dags/example_xcomargs.py
[2023-09-20T22:42:51.917+0000] {processor.py:829} INFO - Processing file /home/airflow/.local/lib/python3.8/site-packages/airflow/example_dags/example_xcomargs.py for tasks to queue
[2023-09-20T22:42:51.920+0000] {logging_mixin.py:151} INFO - [2023-09-20T22:42:51.920+0000] {dagbag.py:539} INFO - Filling up the DagBag from /home/airflow/.local/lib/python3.8/site-packages/airflow/example_dags/example_xcomargs.py
[2023-09-20T22:42:51.930+0000] {processor.py:839} INFO - DAG(s) dict_keys(['example_xcom_args', 'example_xcom_args_with_operators']) retrieved from /home/airflow/.local/lib/python3.8/site-packages/airflow/example_dags/example_xcomargs.py
[2023-09-20T22:42:51.963+0000] {logging_mixin.py:151} INFO - [2023-09-20T22:42:51.963+0000] {dag.py:2915} INFO - Sync 2 DAGs
[2023-09-20T22:42:51.980+0000] {logging_mixin.py:151} INFO - [2023-09-20T22:42:51.980+0000] {dag.py:3696} INFO - Setting next_dagrun for example_xcom_args to None, run_after=None
[2023-09-20T22:42:51.986+0000] {logging_mixin.py:151} INFO - [2023-09-20T22:42:51.985+0000] {dag.py:3696} INFO - Setting next_dagrun for example_xcom_args_with_operators to None, run_after=None
[2023-09-20T22:42:52.033+0000] {processor.py:179} INFO - Processing /home/airflow/.local/lib/python3.8/site-packages/airflow/example_dags/example_xcomargs.py took 0.123 seconds
[2023-09-20T22:43:22.344+0000] {processor.py:157} INFO - Started process (PID=2018) to work on /home/airflow/.local/lib/python3.8/site-packages/airflow/example_dags/example_xcomargs.py
[2023-09-20T22:43:22.346+0000] {processor.py:829} INFO - Processing file /home/airflow/.local/lib/python3.8/site-packages/airflow/example_dags/example_xcomargs.py for tasks to queue
[2023-09-20T22:43:22.350+0000] {logging_mixin.py:151} INFO - [2023-09-20T22:43:22.350+0000] {dagbag.py:539} INFO - Filling up the DagBag from /home/airflow/.local/lib/python3.8/site-packages/airflow/example_dags/example_xcomargs.py
[2023-09-20T22:43:22.366+0000] {processor.py:839} INFO - DAG(s) dict_keys(['example_xcom_args', 'example_xcom_args_with_operators']) retrieved from /home/airflow/.local/lib/python3.8/site-packages/airflow/example_dags/example_xcomargs.py
[2023-09-20T22:43:22.414+0000] {logging_mixin.py:151} INFO - [2023-09-20T22:43:22.413+0000] {dag.py:2915} INFO - Sync 2 DAGs
[2023-09-20T22:43:22.435+0000] {logging_mixin.py:151} INFO - [2023-09-20T22:43:22.435+0000] {dag.py:3696} INFO - Setting next_dagrun for example_xcom_args to None, run_after=None
[2023-09-20T22:43:22.440+0000] {logging_mixin.py:151} INFO - [2023-09-20T22:43:22.440+0000] {dag.py:3696} INFO - Setting next_dagrun for example_xcom_args_with_operators to None, run_after=None
[2023-09-20T22:43:22.489+0000] {processor.py:179} INFO - Processing /home/airflow/.local/lib/python3.8/site-packages/airflow/example_dags/example_xcomargs.py took 0.152 seconds
[2023-09-20T22:43:53.319+0000] {processor.py:157} INFO - Started process (PID=2073) to work on /home/airflow/.local/lib/python3.8/site-packages/airflow/example_dags/example_xcomargs.py
[2023-09-20T22:43:53.321+0000] {processor.py:829} INFO - Processing file /home/airflow/.local/lib/python3.8/site-packages/airflow/example_dags/example_xcomargs.py for tasks to queue
[2023-09-20T22:43:53.327+0000] {logging_mixin.py:151} INFO - [2023-09-20T22:43:53.326+0000] {dagbag.py:539} INFO - Filling up the DagBag from /home/airflow/.local/lib/python3.8/site-packages/airflow/example_dags/example_xcomargs.py
[2023-09-20T22:43:53.346+0000] {processor.py:839} INFO - DAG(s) dict_keys(['example_xcom_args', 'example_xcom_args_with_operators']) retrieved from /home/airflow/.local/lib/python3.8/site-packages/airflow/example_dags/example_xcomargs.py
[2023-09-20T22:43:53.401+0000] {logging_mixin.py:151} INFO - [2023-09-20T22:43:53.401+0000] {dag.py:2915} INFO - Sync 2 DAGs
[2023-09-20T22:43:53.427+0000] {logging_mixin.py:151} INFO - [2023-09-20T22:43:53.426+0000] {dag.py:3696} INFO - Setting next_dagrun for example_xcom_args to None, run_after=None
[2023-09-20T22:43:53.435+0000] {logging_mixin.py:151} INFO - [2023-09-20T22:43:53.434+0000] {dag.py:3696} INFO - Setting next_dagrun for example_xcom_args_with_operators to None, run_after=None
[2023-09-20T22:43:53.480+0000] {processor.py:179} INFO - Processing /home/airflow/.local/lib/python3.8/site-packages/airflow/example_dags/example_xcomargs.py took 0.171 seconds
[2023-09-20T22:44:24.215+0000] {processor.py:157} INFO - Started process (PID=2128) to work on /home/airflow/.local/lib/python3.8/site-packages/airflow/example_dags/example_xcomargs.py
[2023-09-20T22:44:24.220+0000] {processor.py:829} INFO - Processing file /home/airflow/.local/lib/python3.8/site-packages/airflow/example_dags/example_xcomargs.py for tasks to queue
[2023-09-20T22:44:24.226+0000] {logging_mixin.py:151} INFO - [2023-09-20T22:44:24.226+0000] {dagbag.py:539} INFO - Filling up the DagBag from /home/airflow/.local/lib/python3.8/site-packages/airflow/example_dags/example_xcomargs.py
[2023-09-20T22:44:24.255+0000] {processor.py:839} INFO - DAG(s) dict_keys(['example_xcom_args', 'example_xcom_args_with_operators']) retrieved from /home/airflow/.local/lib/python3.8/site-packages/airflow/example_dags/example_xcomargs.py
[2023-09-20T22:44:24.308+0000] {logging_mixin.py:151} INFO - [2023-09-20T22:44:24.308+0000] {dag.py:2915} INFO - Sync 2 DAGs
[2023-09-20T22:44:24.327+0000] {logging_mixin.py:151} INFO - [2023-09-20T22:44:24.326+0000] {dag.py:3696} INFO - Setting next_dagrun for example_xcom_args to None, run_after=None
[2023-09-20T22:44:24.332+0000] {logging_mixin.py:151} INFO - [2023-09-20T22:44:24.331+0000] {dag.py:3696} INFO - Setting next_dagrun for example_xcom_args_with_operators to None, run_after=None
[2023-09-20T22:44:24.395+0000] {processor.py:179} INFO - Processing /home/airflow/.local/lib/python3.8/site-packages/airflow/example_dags/example_xcomargs.py took 0.194 seconds
[2023-09-20T22:44:55.117+0000] {processor.py:157} INFO - Started process (PID=2191) to work on /home/airflow/.local/lib/python3.8/site-packages/airflow/example_dags/example_xcomargs.py
[2023-09-20T22:44:55.119+0000] {processor.py:829} INFO - Processing file /home/airflow/.local/lib/python3.8/site-packages/airflow/example_dags/example_xcomargs.py for tasks to queue
[2023-09-20T22:44:55.123+0000] {logging_mixin.py:151} INFO - [2023-09-20T22:44:55.123+0000] {dagbag.py:539} INFO - Filling up the DagBag from /home/airflow/.local/lib/python3.8/site-packages/airflow/example_dags/example_xcomargs.py
[2023-09-20T22:44:55.137+0000] {processor.py:839} INFO - DAG(s) dict_keys(['example_xcom_args', 'example_xcom_args_with_operators']) retrieved from /home/airflow/.local/lib/python3.8/site-packages/airflow/example_dags/example_xcomargs.py
[2023-09-20T22:44:55.172+0000] {logging_mixin.py:151} INFO - [2023-09-20T22:44:55.172+0000] {dag.py:2915} INFO - Sync 2 DAGs
[2023-09-20T22:44:55.190+0000] {logging_mixin.py:151} INFO - [2023-09-20T22:44:55.190+0000] {dag.py:3696} INFO - Setting next_dagrun for example_xcom_args to None, run_after=None
[2023-09-20T22:44:55.195+0000] {logging_mixin.py:151} INFO - [2023-09-20T22:44:55.195+0000] {dag.py:3696} INFO - Setting next_dagrun for example_xcom_args_with_operators to None, run_after=None
[2023-09-20T22:44:55.220+0000] {processor.py:179} INFO - Processing /home/airflow/.local/lib/python3.8/site-packages/airflow/example_dags/example_xcomargs.py took 0.110 seconds
[2023-09-20T22:45:26.086+0000] {processor.py:157} INFO - Started process (PID=2246) to work on /home/airflow/.local/lib/python3.8/site-packages/airflow/example_dags/example_xcomargs.py
[2023-09-20T22:45:26.088+0000] {processor.py:829} INFO - Processing file /home/airflow/.local/lib/python3.8/site-packages/airflow/example_dags/example_xcomargs.py for tasks to queue
[2023-09-20T22:45:26.092+0000] {logging_mixin.py:151} INFO - [2023-09-20T22:45:26.092+0000] {dagbag.py:539} INFO - Filling up the DagBag from /home/airflow/.local/lib/python3.8/site-packages/airflow/example_dags/example_xcomargs.py
[2023-09-20T22:45:26.109+0000] {processor.py:839} INFO - DAG(s) dict_keys(['example_xcom_args', 'example_xcom_args_with_operators']) retrieved from /home/airflow/.local/lib/python3.8/site-packages/airflow/example_dags/example_xcomargs.py
[2023-09-20T22:45:26.148+0000] {logging_mixin.py:151} INFO - [2023-09-20T22:45:26.147+0000] {dag.py:2915} INFO - Sync 2 DAGs
[2023-09-20T22:45:26.166+0000] {logging_mixin.py:151} INFO - [2023-09-20T22:45:26.166+0000] {dag.py:3696} INFO - Setting next_dagrun for example_xcom_args to None, run_after=None
[2023-09-20T22:45:26.171+0000] {logging_mixin.py:151} INFO - [2023-09-20T22:45:26.171+0000] {dag.py:3696} INFO - Setting next_dagrun for example_xcom_args_with_operators to None, run_after=None
[2023-09-20T22:45:26.210+0000] {processor.py:179} INFO - Processing /home/airflow/.local/lib/python3.8/site-packages/airflow/example_dags/example_xcomargs.py took 0.134 seconds
[2023-09-20T22:45:56.711+0000] {processor.py:157} INFO - Started process (PID=2301) to work on /home/airflow/.local/lib/python3.8/site-packages/airflow/example_dags/example_xcomargs.py
[2023-09-20T22:45:56.714+0000] {processor.py:829} INFO - Processing file /home/airflow/.local/lib/python3.8/site-packages/airflow/example_dags/example_xcomargs.py for tasks to queue
[2023-09-20T22:45:56.720+0000] {logging_mixin.py:151} INFO - [2023-09-20T22:45:56.719+0000] {dagbag.py:539} INFO - Filling up the DagBag from /home/airflow/.local/lib/python3.8/site-packages/airflow/example_dags/example_xcomargs.py
[2023-09-20T22:45:56.740+0000] {processor.py:839} INFO - DAG(s) dict_keys(['example_xcom_args_with_operators', 'example_xcom_args']) retrieved from /home/airflow/.local/lib/python3.8/site-packages/airflow/example_dags/example_xcomargs.py
[2023-09-20T22:45:56.800+0000] {logging_mixin.py:151} INFO - [2023-09-20T22:45:56.799+0000] {dag.py:2915} INFO - Sync 2 DAGs
[2023-09-20T22:45:56.828+0000] {logging_mixin.py:151} INFO - [2023-09-20T22:45:56.827+0000] {dag.py:3696} INFO - Setting next_dagrun for example_xcom_args to None, run_after=None
[2023-09-20T22:45:56.834+0000] {logging_mixin.py:151} INFO - [2023-09-20T22:45:56.834+0000] {dag.py:3696} INFO - Setting next_dagrun for example_xcom_args_with_operators to None, run_after=None
[2023-09-20T22:45:56.886+0000] {processor.py:179} INFO - Processing /home/airflow/.local/lib/python3.8/site-packages/airflow/example_dags/example_xcomargs.py took 0.184 seconds
[2023-09-20T22:46:26.916+0000] {processor.py:157} INFO - Started process (PID=2355) to work on /home/airflow/.local/lib/python3.8/site-packages/airflow/example_dags/example_xcomargs.py
[2023-09-20T22:46:26.918+0000] {processor.py:829} INFO - Processing file /home/airflow/.local/lib/python3.8/site-packages/airflow/example_dags/example_xcomargs.py for tasks to queue
[2023-09-20T22:46:26.922+0000] {logging_mixin.py:151} INFO - [2023-09-20T22:46:26.921+0000] {dagbag.py:539} INFO - Filling up the DagBag from /home/airflow/.local/lib/python3.8/site-packages/airflow/example_dags/example_xcomargs.py
[2023-09-20T22:46:26.932+0000] {processor.py:839} INFO - DAG(s) dict_keys(['example_xcom_args_with_operators', 'example_xcom_args']) retrieved from /home/airflow/.local/lib/python3.8/site-packages/airflow/example_dags/example_xcomargs.py
[2023-09-20T22:46:26.969+0000] {logging_mixin.py:151} INFO - [2023-09-20T22:46:26.969+0000] {dag.py:2915} INFO - Sync 2 DAGs
[2023-09-20T22:46:26.987+0000] {logging_mixin.py:151} INFO - [2023-09-20T22:46:26.987+0000] {dag.py:3696} INFO - Setting next_dagrun for example_xcom_args to None, run_after=None
[2023-09-20T22:46:26.992+0000] {logging_mixin.py:151} INFO - [2023-09-20T22:46:26.992+0000] {dag.py:3696} INFO - Setting next_dagrun for example_xcom_args_with_operators to None, run_after=None
[2023-09-20T22:46:27.032+0000] {processor.py:179} INFO - Processing /home/airflow/.local/lib/python3.8/site-packages/airflow/example_dags/example_xcomargs.py took 0.120 seconds
[2023-09-20T22:46:57.785+0000] {processor.py:157} INFO - Started process (PID=2411) to work on /home/airflow/.local/lib/python3.8/site-packages/airflow/example_dags/example_xcomargs.py
[2023-09-20T22:46:57.787+0000] {processor.py:829} INFO - Processing file /home/airflow/.local/lib/python3.8/site-packages/airflow/example_dags/example_xcomargs.py for tasks to queue
[2023-09-20T22:46:57.792+0000] {logging_mixin.py:151} INFO - [2023-09-20T22:46:57.792+0000] {dagbag.py:539} INFO - Filling up the DagBag from /home/airflow/.local/lib/python3.8/site-packages/airflow/example_dags/example_xcomargs.py
[2023-09-20T22:46:57.809+0000] {processor.py:839} INFO - DAG(s) dict_keys(['example_xcom_args_with_operators', 'example_xcom_args']) retrieved from /home/airflow/.local/lib/python3.8/site-packages/airflow/example_dags/example_xcomargs.py
[2023-09-20T22:46:57.865+0000] {logging_mixin.py:151} INFO - [2023-09-20T22:46:57.864+0000] {dag.py:2915} INFO - Sync 2 DAGs
[2023-09-20T22:46:57.884+0000] {logging_mixin.py:151} INFO - [2023-09-20T22:46:57.884+0000] {dag.py:3696} INFO - Setting next_dagrun for example_xcom_args to None, run_after=None
[2023-09-20T22:46:57.890+0000] {logging_mixin.py:151} INFO - [2023-09-20T22:46:57.889+0000] {dag.py:3696} INFO - Setting next_dagrun for example_xcom_args_with_operators to None, run_after=None
[2023-09-20T22:46:57.918+0000] {processor.py:179} INFO - Processing /home/airflow/.local/lib/python3.8/site-packages/airflow/example_dags/example_xcomargs.py took 0.139 seconds
[2023-09-20T22:47:28.886+0000] {processor.py:157} INFO - Started process (PID=2466) to work on /home/airflow/.local/lib/python3.8/site-packages/airflow/example_dags/example_xcomargs.py
[2023-09-20T22:47:28.888+0000] {processor.py:829} INFO - Processing file /home/airflow/.local/lib/python3.8/site-packages/airflow/example_dags/example_xcomargs.py for tasks to queue
[2023-09-20T22:47:28.891+0000] {logging_mixin.py:151} INFO - [2023-09-20T22:47:28.891+0000] {dagbag.py:539} INFO - Filling up the DagBag from /home/airflow/.local/lib/python3.8/site-packages/airflow/example_dags/example_xcomargs.py
[2023-09-20T22:47:28.901+0000] {processor.py:839} INFO - DAG(s) dict_keys(['example_xcom_args', 'example_xcom_args_with_operators']) retrieved from /home/airflow/.local/lib/python3.8/site-packages/airflow/example_dags/example_xcomargs.py
[2023-09-20T22:47:28.953+0000] {logging_mixin.py:151} INFO - [2023-09-20T22:47:28.953+0000] {dag.py:2915} INFO - Sync 2 DAGs
[2023-09-20T22:47:28.970+0000] {logging_mixin.py:151} INFO - [2023-09-20T22:47:28.969+0000] {dag.py:3696} INFO - Setting next_dagrun for example_xcom_args to None, run_after=None
[2023-09-20T22:47:28.975+0000] {logging_mixin.py:151} INFO - [2023-09-20T22:47:28.974+0000] {dag.py:3696} INFO - Setting next_dagrun for example_xcom_args_with_operators to None, run_after=None
[2023-09-20T22:47:29.006+0000] {processor.py:179} INFO - Processing /home/airflow/.local/lib/python3.8/site-packages/airflow/example_dags/example_xcomargs.py took 0.129 seconds
[2023-09-20T22:47:59.426+0000] {processor.py:157} INFO - Started process (PID=2521) to work on /home/airflow/.local/lib/python3.8/site-packages/airflow/example_dags/example_xcomargs.py
[2023-09-20T22:47:59.429+0000] {processor.py:829} INFO - Processing file /home/airflow/.local/lib/python3.8/site-packages/airflow/example_dags/example_xcomargs.py for tasks to queue
[2023-09-20T22:47:59.436+0000] {logging_mixin.py:151} INFO - [2023-09-20T22:47:59.435+0000] {dagbag.py:539} INFO - Filling up the DagBag from /home/airflow/.local/lib/python3.8/site-packages/airflow/example_dags/example_xcomargs.py
[2023-09-20T22:47:59.452+0000] {processor.py:839} INFO - DAG(s) dict_keys(['example_xcom_args', 'example_xcom_args_with_operators']) retrieved from /home/airflow/.local/lib/python3.8/site-packages/airflow/example_dags/example_xcomargs.py
[2023-09-20T22:47:59.492+0000] {logging_mixin.py:151} INFO - [2023-09-20T22:47:59.492+0000] {dag.py:2915} INFO - Sync 2 DAGs
[2023-09-20T22:47:59.516+0000] {logging_mixin.py:151} INFO - [2023-09-20T22:47:59.516+0000] {dag.py:3696} INFO - Setting next_dagrun for example_xcom_args to None, run_after=None
[2023-09-20T22:47:59.522+0000] {logging_mixin.py:151} INFO - [2023-09-20T22:47:59.521+0000] {dag.py:3696} INFO - Setting next_dagrun for example_xcom_args_with_operators to None, run_after=None
[2023-09-20T22:47:59.560+0000] {processor.py:179} INFO - Processing /home/airflow/.local/lib/python3.8/site-packages/airflow/example_dags/example_xcomargs.py took 0.141 seconds
[2023-09-20T22:48:29.899+0000] {processor.py:157} INFO - Started process (PID=2576) to work on /home/airflow/.local/lib/python3.8/site-packages/airflow/example_dags/example_xcomargs.py
[2023-09-20T22:48:29.901+0000] {processor.py:829} INFO - Processing file /home/airflow/.local/lib/python3.8/site-packages/airflow/example_dags/example_xcomargs.py for tasks to queue
[2023-09-20T22:48:29.906+0000] {logging_mixin.py:151} INFO - [2023-09-20T22:48:29.905+0000] {dagbag.py:539} INFO - Filling up the DagBag from /home/airflow/.local/lib/python3.8/site-packages/airflow/example_dags/example_xcomargs.py
[2023-09-20T22:48:29.920+0000] {processor.py:839} INFO - DAG(s) dict_keys(['example_xcom_args', 'example_xcom_args_with_operators']) retrieved from /home/airflow/.local/lib/python3.8/site-packages/airflow/example_dags/example_xcomargs.py
[2023-09-20T22:48:29.955+0000] {logging_mixin.py:151} INFO - [2023-09-20T22:48:29.955+0000] {dag.py:2915} INFO - Sync 2 DAGs
[2023-09-20T22:48:29.975+0000] {logging_mixin.py:151} INFO - [2023-09-20T22:48:29.975+0000] {dag.py:3696} INFO - Setting next_dagrun for example_xcom_args to None, run_after=None
[2023-09-20T22:48:29.981+0000] {logging_mixin.py:151} INFO - [2023-09-20T22:48:29.981+0000] {dag.py:3696} INFO - Setting next_dagrun for example_xcom_args_with_operators to None, run_after=None
[2023-09-20T22:48:30.065+0000] {processor.py:179} INFO - Processing /home/airflow/.local/lib/python3.8/site-packages/airflow/example_dags/example_xcomargs.py took 0.172 seconds
[2023-09-20T22:49:00.603+0000] {processor.py:157} INFO - Started process (PID=2631) to work on /home/airflow/.local/lib/python3.8/site-packages/airflow/example_dags/example_xcomargs.py
[2023-09-20T22:49:00.606+0000] {processor.py:829} INFO - Processing file /home/airflow/.local/lib/python3.8/site-packages/airflow/example_dags/example_xcomargs.py for tasks to queue
[2023-09-20T22:49:00.615+0000] {logging_mixin.py:151} INFO - [2023-09-20T22:49:00.614+0000] {dagbag.py:539} INFO - Filling up the DagBag from /home/airflow/.local/lib/python3.8/site-packages/airflow/example_dags/example_xcomargs.py
[2023-09-20T22:49:00.636+0000] {processor.py:839} INFO - DAG(s) dict_keys(['example_xcom_args', 'example_xcom_args_with_operators']) retrieved from /home/airflow/.local/lib/python3.8/site-packages/airflow/example_dags/example_xcomargs.py
[2023-09-20T22:49:00.674+0000] {logging_mixin.py:151} INFO - [2023-09-20T22:49:00.674+0000] {dag.py:2915} INFO - Sync 2 DAGs
[2023-09-20T22:49:00.695+0000] {logging_mixin.py:151} INFO - [2023-09-20T22:49:00.695+0000] {dag.py:3696} INFO - Setting next_dagrun for example_xcom_args to None, run_after=None
[2023-09-20T22:49:00.700+0000] {logging_mixin.py:151} INFO - [2023-09-20T22:49:00.700+0000] {dag.py:3696} INFO - Setting next_dagrun for example_xcom_args_with_operators to None, run_after=None
[2023-09-20T22:49:00.743+0000] {processor.py:179} INFO - Processing /home/airflow/.local/lib/python3.8/site-packages/airflow/example_dags/example_xcomargs.py took 0.152 seconds
[2023-09-20T22:49:31.163+0000] {processor.py:157} INFO - Started process (PID=2686) to work on /home/airflow/.local/lib/python3.8/site-packages/airflow/example_dags/example_xcomargs.py
[2023-09-20T22:49:31.164+0000] {processor.py:829} INFO - Processing file /home/airflow/.local/lib/python3.8/site-packages/airflow/example_dags/example_xcomargs.py for tasks to queue
[2023-09-20T22:49:31.170+0000] {logging_mixin.py:151} INFO - [2023-09-20T22:49:31.170+0000] {dagbag.py:539} INFO - Filling up the DagBag from /home/airflow/.local/lib/python3.8/site-packages/airflow/example_dags/example_xcomargs.py
[2023-09-20T22:49:31.183+0000] {processor.py:839} INFO - DAG(s) dict_keys(['example_xcom_args', 'example_xcom_args_with_operators']) retrieved from /home/airflow/.local/lib/python3.8/site-packages/airflow/example_dags/example_xcomargs.py
[2023-09-20T22:49:31.225+0000] {logging_mixin.py:151} INFO - [2023-09-20T22:49:31.225+0000] {dag.py:2915} INFO - Sync 2 DAGs
[2023-09-20T22:49:31.245+0000] {logging_mixin.py:151} INFO - [2023-09-20T22:49:31.245+0000] {dag.py:3696} INFO - Setting next_dagrun for example_xcom_args to None, run_after=None
[2023-09-20T22:49:31.251+0000] {logging_mixin.py:151} INFO - [2023-09-20T22:49:31.251+0000] {dag.py:3696} INFO - Setting next_dagrun for example_xcom_args_with_operators to None, run_after=None
[2023-09-20T22:49:31.289+0000] {processor.py:179} INFO - Processing /home/airflow/.local/lib/python3.8/site-packages/airflow/example_dags/example_xcomargs.py took 0.133 seconds
[2023-09-20T22:50:01.376+0000] {processor.py:157} INFO - Started process (PID=2741) to work on /home/airflow/.local/lib/python3.8/site-packages/airflow/example_dags/example_xcomargs.py
[2023-09-20T22:50:01.378+0000] {processor.py:829} INFO - Processing file /home/airflow/.local/lib/python3.8/site-packages/airflow/example_dags/example_xcomargs.py for tasks to queue
[2023-09-20T22:50:01.381+0000] {logging_mixin.py:151} INFO - [2023-09-20T22:50:01.381+0000] {dagbag.py:539} INFO - Filling up the DagBag from /home/airflow/.local/lib/python3.8/site-packages/airflow/example_dags/example_xcomargs.py
[2023-09-20T22:50:01.392+0000] {processor.py:839} INFO - DAG(s) dict_keys(['example_xcom_args', 'example_xcom_args_with_operators']) retrieved from /home/airflow/.local/lib/python3.8/site-packages/airflow/example_dags/example_xcomargs.py
[2023-09-20T22:50:01.423+0000] {logging_mixin.py:151} INFO - [2023-09-20T22:50:01.423+0000] {dag.py:2915} INFO - Sync 2 DAGs
[2023-09-20T22:50:01.440+0000] {logging_mixin.py:151} INFO - [2023-09-20T22:50:01.439+0000] {dag.py:3696} INFO - Setting next_dagrun for example_xcom_args to None, run_after=None
[2023-09-20T22:50:01.445+0000] {logging_mixin.py:151} INFO - [2023-09-20T22:50:01.444+0000] {dag.py:3696} INFO - Setting next_dagrun for example_xcom_args_with_operators to None, run_after=None
[2023-09-20T22:50:01.543+0000] {processor.py:179} INFO - Processing /home/airflow/.local/lib/python3.8/site-packages/airflow/example_dags/example_xcomargs.py took 0.171 seconds
[2023-09-20T22:50:32.161+0000] {processor.py:157} INFO - Started process (PID=2796) to work on /home/airflow/.local/lib/python3.8/site-packages/airflow/example_dags/example_xcomargs.py
[2023-09-20T22:50:32.163+0000] {processor.py:829} INFO - Processing file /home/airflow/.local/lib/python3.8/site-packages/airflow/example_dags/example_xcomargs.py for tasks to queue
[2023-09-20T22:50:32.169+0000] {logging_mixin.py:151} INFO - [2023-09-20T22:50:32.169+0000] {dagbag.py:539} INFO - Filling up the DagBag from /home/airflow/.local/lib/python3.8/site-packages/airflow/example_dags/example_xcomargs.py
[2023-09-20T22:50:32.186+0000] {processor.py:839} INFO - DAG(s) dict_keys(['example_xcom_args', 'example_xcom_args_with_operators']) retrieved from /home/airflow/.local/lib/python3.8/site-packages/airflow/example_dags/example_xcomargs.py
[2023-09-20T22:50:32.221+0000] {logging_mixin.py:151} INFO - [2023-09-20T22:50:32.221+0000] {dag.py:2915} INFO - Sync 2 DAGs
[2023-09-20T22:50:32.239+0000] {logging_mixin.py:151} INFO - [2023-09-20T22:50:32.239+0000] {dag.py:3696} INFO - Setting next_dagrun for example_xcom_args to None, run_after=None
[2023-09-20T22:50:32.244+0000] {logging_mixin.py:151} INFO - [2023-09-20T22:50:32.244+0000] {dag.py:3696} INFO - Setting next_dagrun for example_xcom_args_with_operators to None, run_after=None
[2023-09-20T22:50:32.280+0000] {processor.py:179} INFO - Processing /home/airflow/.local/lib/python3.8/site-packages/airflow/example_dags/example_xcomargs.py took 0.126 seconds
[2023-09-20T22:51:02.575+0000] {processor.py:157} INFO - Started process (PID=2851) to work on /home/airflow/.local/lib/python3.8/site-packages/airflow/example_dags/example_xcomargs.py
[2023-09-20T22:51:02.576+0000] {processor.py:829} INFO - Processing file /home/airflow/.local/lib/python3.8/site-packages/airflow/example_dags/example_xcomargs.py for tasks to queue
[2023-09-20T22:51:02.581+0000] {logging_mixin.py:151} INFO - [2023-09-20T22:51:02.580+0000] {dagbag.py:539} INFO - Filling up the DagBag from /home/airflow/.local/lib/python3.8/site-packages/airflow/example_dags/example_xcomargs.py
[2023-09-20T22:51:02.597+0000] {processor.py:839} INFO - DAG(s) dict_keys(['example_xcom_args', 'example_xcom_args_with_operators']) retrieved from /home/airflow/.local/lib/python3.8/site-packages/airflow/example_dags/example_xcomargs.py
[2023-09-20T22:51:02.638+0000] {logging_mixin.py:151} INFO - [2023-09-20T22:51:02.637+0000] {dag.py:2915} INFO - Sync 2 DAGs
[2023-09-20T22:51:02.659+0000] {logging_mixin.py:151} INFO - [2023-09-20T22:51:02.659+0000] {dag.py:3696} INFO - Setting next_dagrun for example_xcom_args to None, run_after=None
[2023-09-20T22:51:02.664+0000] {logging_mixin.py:151} INFO - [2023-09-20T22:51:02.664+0000] {dag.py:3696} INFO - Setting next_dagrun for example_xcom_args_with_operators to None, run_after=None
[2023-09-20T22:51:02.773+0000] {processor.py:179} INFO - Processing /home/airflow/.local/lib/python3.8/site-packages/airflow/example_dags/example_xcomargs.py took 0.204 seconds
[2023-09-20T22:51:32.868+0000] {processor.py:157} INFO - Started process (PID=2906) to work on /home/airflow/.local/lib/python3.8/site-packages/airflow/example_dags/example_xcomargs.py
[2023-09-20T22:51:32.871+0000] {processor.py:829} INFO - Processing file /home/airflow/.local/lib/python3.8/site-packages/airflow/example_dags/example_xcomargs.py for tasks to queue
[2023-09-20T22:51:32.879+0000] {logging_mixin.py:151} INFO - [2023-09-20T22:51:32.878+0000] {dagbag.py:539} INFO - Filling up the DagBag from /home/airflow/.local/lib/python3.8/site-packages/airflow/example_dags/example_xcomargs.py
[2023-09-20T22:51:32.897+0000] {processor.py:839} INFO - DAG(s) dict_keys(['example_xcom_args_with_operators', 'example_xcom_args']) retrieved from /home/airflow/.local/lib/python3.8/site-packages/airflow/example_dags/example_xcomargs.py
[2023-09-20T22:51:32.948+0000] {logging_mixin.py:151} INFO - [2023-09-20T22:51:32.948+0000] {dag.py:2915} INFO - Sync 2 DAGs
[2023-09-20T22:51:32.973+0000] {logging_mixin.py:151} INFO - [2023-09-20T22:51:32.972+0000] {dag.py:3696} INFO - Setting next_dagrun for example_xcom_args to None, run_after=None
[2023-09-20T22:51:32.980+0000] {logging_mixin.py:151} INFO - [2023-09-20T22:51:32.979+0000] {dag.py:3696} INFO - Setting next_dagrun for example_xcom_args_with_operators to None, run_after=None
[2023-09-20T22:51:33.020+0000] {processor.py:179} INFO - Processing /home/airflow/.local/lib/python3.8/site-packages/airflow/example_dags/example_xcomargs.py took 0.163 seconds
[2023-09-20T22:52:03.146+0000] {processor.py:157} INFO - Started process (PID=2962) to work on /home/airflow/.local/lib/python3.8/site-packages/airflow/example_dags/example_xcomargs.py
[2023-09-20T22:52:03.148+0000] {processor.py:829} INFO - Processing file /home/airflow/.local/lib/python3.8/site-packages/airflow/example_dags/example_xcomargs.py for tasks to queue
[2023-09-20T22:52:03.152+0000] {logging_mixin.py:151} INFO - [2023-09-20T22:52:03.151+0000] {dagbag.py:539} INFO - Filling up the DagBag from /home/airflow/.local/lib/python3.8/site-packages/airflow/example_dags/example_xcomargs.py
[2023-09-20T22:52:03.171+0000] {processor.py:839} INFO - DAG(s) dict_keys(['example_xcom_args', 'example_xcom_args_with_operators']) retrieved from /home/airflow/.local/lib/python3.8/site-packages/airflow/example_dags/example_xcomargs.py
[2023-09-20T22:52:03.217+0000] {logging_mixin.py:151} INFO - [2023-09-20T22:52:03.217+0000] {dag.py:2915} INFO - Sync 2 DAGs
[2023-09-20T22:52:03.240+0000] {logging_mixin.py:151} INFO - [2023-09-20T22:52:03.240+0000] {dag.py:3696} INFO - Setting next_dagrun for example_xcom_args to None, run_after=None
[2023-09-20T22:52:03.247+0000] {logging_mixin.py:151} INFO - [2023-09-20T22:52:03.246+0000] {dag.py:3696} INFO - Setting next_dagrun for example_xcom_args_with_operators to None, run_after=None
[2023-09-20T22:52:03.285+0000] {processor.py:179} INFO - Processing /home/airflow/.local/lib/python3.8/site-packages/airflow/example_dags/example_xcomargs.py took 0.149 seconds
[2023-09-20T23:11:30.992+0000] {processor.py:157} INFO - Started process (PID=38) to work on /home/airflow/.local/lib/python3.8/site-packages/airflow/example_dags/example_xcomargs.py
[2023-09-20T23:11:30.994+0000] {processor.py:829} INFO - Processing file /home/airflow/.local/lib/python3.8/site-packages/airflow/example_dags/example_xcomargs.py for tasks to queue
[2023-09-20T23:11:30.998+0000] {logging_mixin.py:151} INFO - [2023-09-20T23:11:30.997+0000] {dagbag.py:539} INFO - Filling up the DagBag from /home/airflow/.local/lib/python3.8/site-packages/airflow/example_dags/example_xcomargs.py
[2023-09-20T23:11:31.203+0000] {processor.py:839} INFO - DAG(s) dict_keys(['example_xcom_args', 'example_xcom_args_with_operators']) retrieved from /home/airflow/.local/lib/python3.8/site-packages/airflow/example_dags/example_xcomargs.py
[2023-09-20T23:11:31.219+0000] {logging_mixin.py:151} INFO - [2023-09-20T23:11:31.219+0000] {dag.py:2915} INFO - Sync 2 DAGs
[2023-09-20T23:11:31.237+0000] {logging_mixin.py:151} INFO - [2023-09-20T23:11:31.236+0000] {dag.py:3696} INFO - Setting next_dagrun for example_xcom_args to None, run_after=None
[2023-09-20T23:11:31.244+0000] {logging_mixin.py:151} INFO - [2023-09-20T23:11:31.243+0000] {dag.py:3696} INFO - Setting next_dagrun for example_xcom_args_with_operators to None, run_after=None
[2023-09-20T23:11:31.518+0000] {processor.py:179} INFO - Processing /home/airflow/.local/lib/python3.8/site-packages/airflow/example_dags/example_xcomargs.py took 0.530 seconds
[2023-09-20T23:12:02.284+0000] {processor.py:157} INFO - Started process (PID=93) to work on /home/airflow/.local/lib/python3.8/site-packages/airflow/example_dags/example_xcomargs.py
[2023-09-20T23:12:02.285+0000] {processor.py:829} INFO - Processing file /home/airflow/.local/lib/python3.8/site-packages/airflow/example_dags/example_xcomargs.py for tasks to queue
[2023-09-20T23:12:02.288+0000] {logging_mixin.py:151} INFO - [2023-09-20T23:12:02.288+0000] {dagbag.py:539} INFO - Filling up the DagBag from /home/airflow/.local/lib/python3.8/site-packages/airflow/example_dags/example_xcomargs.py
[2023-09-20T23:12:02.302+0000] {processor.py:839} INFO - DAG(s) dict_keys(['example_xcom_args_with_operators', 'example_xcom_args']) retrieved from /home/airflow/.local/lib/python3.8/site-packages/airflow/example_dags/example_xcomargs.py
[2023-09-20T23:12:02.339+0000] {logging_mixin.py:151} INFO - [2023-09-20T23:12:02.339+0000] {dag.py:2915} INFO - Sync 2 DAGs
[2023-09-20T23:12:02.359+0000] {logging_mixin.py:151} INFO - [2023-09-20T23:12:02.358+0000] {dag.py:3696} INFO - Setting next_dagrun for example_xcom_args to None, run_after=None
[2023-09-20T23:12:02.364+0000] {logging_mixin.py:151} INFO - [2023-09-20T23:12:02.364+0000] {dag.py:3696} INFO - Setting next_dagrun for example_xcom_args_with_operators to None, run_after=None
[2023-09-20T23:12:02.435+0000] {processor.py:179} INFO - Processing /home/airflow/.local/lib/python3.8/site-packages/airflow/example_dags/example_xcomargs.py took 0.158 seconds
[2023-09-20T23:12:33.251+0000] {processor.py:157} INFO - Started process (PID=148) to work on /home/airflow/.local/lib/python3.8/site-packages/airflow/example_dags/example_xcomargs.py
[2023-09-20T23:12:33.256+0000] {processor.py:829} INFO - Processing file /home/airflow/.local/lib/python3.8/site-packages/airflow/example_dags/example_xcomargs.py for tasks to queue
[2023-09-20T23:12:33.266+0000] {logging_mixin.py:151} INFO - [2023-09-20T23:12:33.264+0000] {dagbag.py:539} INFO - Filling up the DagBag from /home/airflow/.local/lib/python3.8/site-packages/airflow/example_dags/example_xcomargs.py
[2023-09-20T23:12:33.284+0000] {processor.py:839} INFO - DAG(s) dict_keys(['example_xcom_args_with_operators', 'example_xcom_args']) retrieved from /home/airflow/.local/lib/python3.8/site-packages/airflow/example_dags/example_xcomargs.py
[2023-09-20T23:12:33.342+0000] {logging_mixin.py:151} INFO - [2023-09-20T23:12:33.342+0000] {dag.py:2915} INFO - Sync 2 DAGs
[2023-09-20T23:12:33.361+0000] {logging_mixin.py:151} INFO - [2023-09-20T23:12:33.360+0000] {dag.py:3696} INFO - Setting next_dagrun for example_xcom_args to None, run_after=None
[2023-09-20T23:12:33.368+0000] {logging_mixin.py:151} INFO - [2023-09-20T23:12:33.367+0000] {dag.py:3696} INFO - Setting next_dagrun for example_xcom_args_with_operators to None, run_after=None
[2023-09-20T23:12:33.441+0000] {processor.py:179} INFO - Processing /home/airflow/.local/lib/python3.8/site-packages/airflow/example_dags/example_xcomargs.py took 0.202 seconds
[2023-09-20T23:13:03.723+0000] {processor.py:157} INFO - Started process (PID=203) to work on /home/airflow/.local/lib/python3.8/site-packages/airflow/example_dags/example_xcomargs.py
[2023-09-20T23:13:03.725+0000] {processor.py:829} INFO - Processing file /home/airflow/.local/lib/python3.8/site-packages/airflow/example_dags/example_xcomargs.py for tasks to queue
[2023-09-20T23:13:03.730+0000] {logging_mixin.py:151} INFO - [2023-09-20T23:13:03.730+0000] {dagbag.py:539} INFO - Filling up the DagBag from /home/airflow/.local/lib/python3.8/site-packages/airflow/example_dags/example_xcomargs.py
[2023-09-20T23:13:03.745+0000] {processor.py:839} INFO - DAG(s) dict_keys(['example_xcom_args', 'example_xcom_args_with_operators']) retrieved from /home/airflow/.local/lib/python3.8/site-packages/airflow/example_dags/example_xcomargs.py
[2023-09-20T23:13:03.784+0000] {logging_mixin.py:151} INFO - [2023-09-20T23:13:03.783+0000] {dag.py:2915} INFO - Sync 2 DAGs
[2023-09-20T23:13:03.803+0000] {logging_mixin.py:151} INFO - [2023-09-20T23:13:03.803+0000] {dag.py:3696} INFO - Setting next_dagrun for example_xcom_args to None, run_after=None
[2023-09-20T23:13:03.808+0000] {logging_mixin.py:151} INFO - [2023-09-20T23:13:03.808+0000] {dag.py:3696} INFO - Setting next_dagrun for example_xcom_args_with_operators to None, run_after=None
[2023-09-20T23:13:03.876+0000] {processor.py:179} INFO - Processing /home/airflow/.local/lib/python3.8/site-packages/airflow/example_dags/example_xcomargs.py took 0.162 seconds
