[2023-09-20T22:15:28.752+0000] {processor.py:157} INFO - Started process (PID=44) to work on /home/airflow/.local/lib/python3.8/site-packages/airflow/example_dags/example_setup_teardown_taskflow.py
[2023-09-20T22:15:28.756+0000] {processor.py:829} INFO - Processing file /home/airflow/.local/lib/python3.8/site-packages/airflow/example_dags/example_setup_teardown_taskflow.py for tasks to queue
[2023-09-20T22:15:28.759+0000] {logging_mixin.py:151} INFO - [2023-09-20T22:15:28.759+0000] {dagbag.py:539} INFO - Filling up the DagBag from /home/airflow/.local/lib/python3.8/site-packages/airflow/example_dags/example_setup_teardown_taskflow.py
[2023-09-20T22:15:28.778+0000] {processor.py:839} INFO - DAG(s) dict_keys(['example_setup_teardown_taskflow']) retrieved from /home/airflow/.local/lib/python3.8/site-packages/airflow/example_dags/example_setup_teardown_taskflow.py
[2023-09-20T22:15:28.796+0000] {logging_mixin.py:151} INFO - [2023-09-20T22:15:28.795+0000] {dag.py:2915} INFO - Sync 1 DAGs
[2023-09-20T22:15:28.850+0000] {logging_mixin.py:151} INFO - [2023-09-20T22:15:28.850+0000] {dag.py:3696} INFO - Setting next_dagrun for example_setup_teardown_taskflow to 2023-09-19T22:15:28.850143+00:00, run_after=2023-09-20T22:15:28.850143+00:00
[2023-09-20T22:15:28.883+0000] {processor.py:179} INFO - Processing /home/airflow/.local/lib/python3.8/site-packages/airflow/example_dags/example_setup_teardown_taskflow.py took 0.136 seconds
[2023-09-20T22:15:59.152+0000] {processor.py:157} INFO - Started process (PID=98) to work on /home/airflow/.local/lib/python3.8/site-packages/airflow/example_dags/example_setup_teardown_taskflow.py
[2023-09-20T22:15:59.154+0000] {processor.py:829} INFO - Processing file /home/airflow/.local/lib/python3.8/site-packages/airflow/example_dags/example_setup_teardown_taskflow.py for tasks to queue
[2023-09-20T22:15:59.158+0000] {logging_mixin.py:151} INFO - [2023-09-20T22:15:59.157+0000] {dagbag.py:539} INFO - Filling up the DagBag from /home/airflow/.local/lib/python3.8/site-packages/airflow/example_dags/example_setup_teardown_taskflow.py
[2023-09-20T22:15:59.175+0000] {processor.py:839} INFO - DAG(s) dict_keys(['example_setup_teardown_taskflow']) retrieved from /home/airflow/.local/lib/python3.8/site-packages/airflow/example_dags/example_setup_teardown_taskflow.py
[2023-09-20T22:15:59.204+0000] {logging_mixin.py:151} INFO - [2023-09-20T22:15:59.204+0000] {dag.py:2915} INFO - Sync 1 DAGs
[2023-09-20T22:15:59.232+0000] {logging_mixin.py:151} INFO - [2023-09-20T22:15:59.231+0000] {dag.py:3696} INFO - Setting next_dagrun for example_setup_teardown_taskflow to 2023-09-19T22:15:59.231492+00:00, run_after=2023-09-20T22:15:59.231492+00:00
[2023-09-20T22:15:59.269+0000] {processor.py:179} INFO - Processing /home/airflow/.local/lib/python3.8/site-packages/airflow/example_dags/example_setup_teardown_taskflow.py took 0.123 seconds
[2023-09-20T22:16:29.964+0000] {processor.py:157} INFO - Started process (PID=152) to work on /home/airflow/.local/lib/python3.8/site-packages/airflow/example_dags/example_setup_teardown_taskflow.py
[2023-09-20T22:16:29.965+0000] {processor.py:829} INFO - Processing file /home/airflow/.local/lib/python3.8/site-packages/airflow/example_dags/example_setup_teardown_taskflow.py for tasks to queue
[2023-09-20T22:16:29.969+0000] {logging_mixin.py:151} INFO - [2023-09-20T22:16:29.968+0000] {dagbag.py:539} INFO - Filling up the DagBag from /home/airflow/.local/lib/python3.8/site-packages/airflow/example_dags/example_setup_teardown_taskflow.py
[2023-09-20T22:16:29.983+0000] {processor.py:839} INFO - DAG(s) dict_keys(['example_setup_teardown_taskflow']) retrieved from /home/airflow/.local/lib/python3.8/site-packages/airflow/example_dags/example_setup_teardown_taskflow.py
[2023-09-20T22:16:30.014+0000] {logging_mixin.py:151} INFO - [2023-09-20T22:16:30.013+0000] {dag.py:2915} INFO - Sync 1 DAGs
[2023-09-20T22:16:30.045+0000] {logging_mixin.py:151} INFO - [2023-09-20T22:16:30.045+0000] {dag.py:3696} INFO - Setting next_dagrun for example_setup_teardown_taskflow to 2023-09-19T22:16:30.044679+00:00, run_after=2023-09-20T22:16:30.044679+00:00
[2023-09-20T22:16:30.081+0000] {processor.py:179} INFO - Processing /home/airflow/.local/lib/python3.8/site-packages/airflow/example_dags/example_setup_teardown_taskflow.py took 0.122 seconds
[2023-09-20T22:17:00.820+0000] {processor.py:157} INFO - Started process (PID=206) to work on /home/airflow/.local/lib/python3.8/site-packages/airflow/example_dags/example_setup_teardown_taskflow.py
[2023-09-20T22:17:00.823+0000] {processor.py:829} INFO - Processing file /home/airflow/.local/lib/python3.8/site-packages/airflow/example_dags/example_setup_teardown_taskflow.py for tasks to queue
[2023-09-20T22:17:00.826+0000] {logging_mixin.py:151} INFO - [2023-09-20T22:17:00.826+0000] {dagbag.py:539} INFO - Filling up the DagBag from /home/airflow/.local/lib/python3.8/site-packages/airflow/example_dags/example_setup_teardown_taskflow.py
[2023-09-20T22:17:00.840+0000] {processor.py:839} INFO - DAG(s) dict_keys(['example_setup_teardown_taskflow']) retrieved from /home/airflow/.local/lib/python3.8/site-packages/airflow/example_dags/example_setup_teardown_taskflow.py
[2023-09-20T22:17:00.872+0000] {logging_mixin.py:151} INFO - [2023-09-20T22:17:00.872+0000] {dag.py:2915} INFO - Sync 1 DAGs
[2023-09-20T22:17:00.915+0000] {logging_mixin.py:151} INFO - [2023-09-20T22:17:00.915+0000] {dag.py:3696} INFO - Setting next_dagrun for example_setup_teardown_taskflow to 2023-09-19T22:17:00.914653+00:00, run_after=2023-09-20T22:17:00.914653+00:00
[2023-09-20T22:17:01.051+0000] {processor.py:179} INFO - Processing /home/airflow/.local/lib/python3.8/site-packages/airflow/example_dags/example_setup_teardown_taskflow.py took 0.235 seconds
[2023-09-20T22:24:59.948+0000] {processor.py:157} INFO - Started process (PID=44) to work on /home/airflow/.local/lib/python3.8/site-packages/airflow/example_dags/example_setup_teardown_taskflow.py
[2023-09-20T22:24:59.951+0000] {processor.py:829} INFO - Processing file /home/airflow/.local/lib/python3.8/site-packages/airflow/example_dags/example_setup_teardown_taskflow.py for tasks to queue
[2023-09-20T22:24:59.956+0000] {logging_mixin.py:151} INFO - [2023-09-20T22:24:59.956+0000] {dagbag.py:539} INFO - Filling up the DagBag from /home/airflow/.local/lib/python3.8/site-packages/airflow/example_dags/example_setup_teardown_taskflow.py
[2023-09-20T22:24:59.971+0000] {processor.py:839} INFO - DAG(s) dict_keys(['example_setup_teardown_taskflow']) retrieved from /home/airflow/.local/lib/python3.8/site-packages/airflow/example_dags/example_setup_teardown_taskflow.py
[2023-09-20T22:24:59.996+0000] {logging_mixin.py:151} INFO - [2023-09-20T22:24:59.995+0000] {dag.py:2915} INFO - Sync 1 DAGs
[2023-09-20T22:25:00.028+0000] {logging_mixin.py:151} INFO - [2023-09-20T22:25:00.028+0000] {dag.py:3696} INFO - Setting next_dagrun for example_setup_teardown_taskflow to 2023-09-19T22:25:00.027914+00:00, run_after=2023-09-20T22:25:00.027914+00:00
[2023-09-20T22:25:00.077+0000] {processor.py:179} INFO - Processing /home/airflow/.local/lib/python3.8/site-packages/airflow/example_dags/example_setup_teardown_taskflow.py took 0.135 seconds
[2023-09-20T22:25:30.674+0000] {processor.py:157} INFO - Started process (PID=99) to work on /home/airflow/.local/lib/python3.8/site-packages/airflow/example_dags/example_setup_teardown_taskflow.py
[2023-09-20T22:25:30.676+0000] {processor.py:829} INFO - Processing file /home/airflow/.local/lib/python3.8/site-packages/airflow/example_dags/example_setup_teardown_taskflow.py for tasks to queue
[2023-09-20T22:25:30.680+0000] {logging_mixin.py:151} INFO - [2023-09-20T22:25:30.679+0000] {dagbag.py:539} INFO - Filling up the DagBag from /home/airflow/.local/lib/python3.8/site-packages/airflow/example_dags/example_setup_teardown_taskflow.py
[2023-09-20T22:25:30.695+0000] {processor.py:839} INFO - DAG(s) dict_keys(['example_setup_teardown_taskflow']) retrieved from /home/airflow/.local/lib/python3.8/site-packages/airflow/example_dags/example_setup_teardown_taskflow.py
[2023-09-20T22:25:30.728+0000] {logging_mixin.py:151} INFO - [2023-09-20T22:25:30.727+0000] {dag.py:2915} INFO - Sync 1 DAGs
[2023-09-20T22:25:30.759+0000] {logging_mixin.py:151} INFO - [2023-09-20T22:25:30.759+0000] {dag.py:3696} INFO - Setting next_dagrun for example_setup_teardown_taskflow to 2023-09-19T22:25:30.759050+00:00, run_after=2023-09-20T22:25:30.759050+00:00
[2023-09-20T22:25:30.867+0000] {processor.py:179} INFO - Processing /home/airflow/.local/lib/python3.8/site-packages/airflow/example_dags/example_setup_teardown_taskflow.py took 0.198 seconds
[2023-09-20T22:26:01.670+0000] {processor.py:157} INFO - Started process (PID=154) to work on /home/airflow/.local/lib/python3.8/site-packages/airflow/example_dags/example_setup_teardown_taskflow.py
[2023-09-20T22:26:01.671+0000] {processor.py:829} INFO - Processing file /home/airflow/.local/lib/python3.8/site-packages/airflow/example_dags/example_setup_teardown_taskflow.py for tasks to queue
[2023-09-20T22:26:01.675+0000] {logging_mixin.py:151} INFO - [2023-09-20T22:26:01.674+0000] {dagbag.py:539} INFO - Filling up the DagBag from /home/airflow/.local/lib/python3.8/site-packages/airflow/example_dags/example_setup_teardown_taskflow.py
[2023-09-20T22:26:01.686+0000] {processor.py:839} INFO - DAG(s) dict_keys(['example_setup_teardown_taskflow']) retrieved from /home/airflow/.local/lib/python3.8/site-packages/airflow/example_dags/example_setup_teardown_taskflow.py
[2023-09-20T22:26:01.725+0000] {logging_mixin.py:151} INFO - [2023-09-20T22:26:01.725+0000] {dag.py:2915} INFO - Sync 1 DAGs
[2023-09-20T22:26:01.762+0000] {logging_mixin.py:151} INFO - [2023-09-20T22:26:01.762+0000] {dag.py:3696} INFO - Setting next_dagrun for example_setup_teardown_taskflow to 2023-09-19T22:26:01.762037+00:00, run_after=2023-09-20T22:26:01.762037+00:00
[2023-09-20T22:26:01.811+0000] {processor.py:179} INFO - Processing /home/airflow/.local/lib/python3.8/site-packages/airflow/example_dags/example_setup_teardown_taskflow.py took 0.145 seconds
[2023-09-20T22:26:32.601+0000] {processor.py:157} INFO - Started process (PID=209) to work on /home/airflow/.local/lib/python3.8/site-packages/airflow/example_dags/example_setup_teardown_taskflow.py
[2023-09-20T22:26:32.603+0000] {processor.py:829} INFO - Processing file /home/airflow/.local/lib/python3.8/site-packages/airflow/example_dags/example_setup_teardown_taskflow.py for tasks to queue
[2023-09-20T22:26:32.608+0000] {logging_mixin.py:151} INFO - [2023-09-20T22:26:32.607+0000] {dagbag.py:539} INFO - Filling up the DagBag from /home/airflow/.local/lib/python3.8/site-packages/airflow/example_dags/example_setup_teardown_taskflow.py
[2023-09-20T22:26:32.630+0000] {processor.py:839} INFO - DAG(s) dict_keys(['example_setup_teardown_taskflow']) retrieved from /home/airflow/.local/lib/python3.8/site-packages/airflow/example_dags/example_setup_teardown_taskflow.py
[2023-09-20T22:26:32.671+0000] {logging_mixin.py:151} INFO - [2023-09-20T22:26:32.671+0000] {dag.py:2915} INFO - Sync 1 DAGs
[2023-09-20T22:26:32.731+0000] {logging_mixin.py:151} INFO - [2023-09-20T22:26:32.730+0000] {dag.py:3696} INFO - Setting next_dagrun for example_setup_teardown_taskflow to 2023-09-19T22:26:32.730108+00:00, run_after=2023-09-20T22:26:32.730108+00:00
[2023-09-20T22:26:32.769+0000] {processor.py:179} INFO - Processing /home/airflow/.local/lib/python3.8/site-packages/airflow/example_dags/example_setup_teardown_taskflow.py took 0.176 seconds
[2023-09-20T22:27:03.473+0000] {processor.py:157} INFO - Started process (PID=264) to work on /home/airflow/.local/lib/python3.8/site-packages/airflow/example_dags/example_setup_teardown_taskflow.py
[2023-09-20T22:27:03.475+0000] {processor.py:829} INFO - Processing file /home/airflow/.local/lib/python3.8/site-packages/airflow/example_dags/example_setup_teardown_taskflow.py for tasks to queue
[2023-09-20T22:27:03.480+0000] {logging_mixin.py:151} INFO - [2023-09-20T22:27:03.479+0000] {dagbag.py:539} INFO - Filling up the DagBag from /home/airflow/.local/lib/python3.8/site-packages/airflow/example_dags/example_setup_teardown_taskflow.py
[2023-09-20T22:27:03.506+0000] {processor.py:839} INFO - DAG(s) dict_keys(['example_setup_teardown_taskflow']) retrieved from /home/airflow/.local/lib/python3.8/site-packages/airflow/example_dags/example_setup_teardown_taskflow.py
[2023-09-20T22:27:03.550+0000] {logging_mixin.py:151} INFO - [2023-09-20T22:27:03.549+0000] {dag.py:2915} INFO - Sync 1 DAGs
[2023-09-20T22:27:03.608+0000] {logging_mixin.py:151} INFO - [2023-09-20T22:27:03.608+0000] {dag.py:3696} INFO - Setting next_dagrun for example_setup_teardown_taskflow to 2023-09-19T22:27:03.607657+00:00, run_after=2023-09-20T22:27:03.607657+00:00
[2023-09-20T22:27:03.669+0000] {processor.py:179} INFO - Processing /home/airflow/.local/lib/python3.8/site-packages/airflow/example_dags/example_setup_teardown_taskflow.py took 0.203 seconds
[2023-09-20T22:27:34.216+0000] {processor.py:157} INFO - Started process (PID=319) to work on /home/airflow/.local/lib/python3.8/site-packages/airflow/example_dags/example_setup_teardown_taskflow.py
[2023-09-20T22:27:34.218+0000] {processor.py:829} INFO - Processing file /home/airflow/.local/lib/python3.8/site-packages/airflow/example_dags/example_setup_teardown_taskflow.py for tasks to queue
[2023-09-20T22:27:34.221+0000] {logging_mixin.py:151} INFO - [2023-09-20T22:27:34.221+0000] {dagbag.py:539} INFO - Filling up the DagBag from /home/airflow/.local/lib/python3.8/site-packages/airflow/example_dags/example_setup_teardown_taskflow.py
[2023-09-20T22:27:34.234+0000] {processor.py:839} INFO - DAG(s) dict_keys(['example_setup_teardown_taskflow']) retrieved from /home/airflow/.local/lib/python3.8/site-packages/airflow/example_dags/example_setup_teardown_taskflow.py
[2023-09-20T22:27:34.264+0000] {logging_mixin.py:151} INFO - [2023-09-20T22:27:34.263+0000] {dag.py:2915} INFO - Sync 1 DAGs
[2023-09-20T22:27:34.294+0000] {logging_mixin.py:151} INFO - [2023-09-20T22:27:34.294+0000] {dag.py:3696} INFO - Setting next_dagrun for example_setup_teardown_taskflow to 2023-09-19T22:27:34.293702+00:00, run_after=2023-09-20T22:27:34.293702+00:00
[2023-09-20T22:27:34.331+0000] {processor.py:179} INFO - Processing /home/airflow/.local/lib/python3.8/site-packages/airflow/example_dags/example_setup_teardown_taskflow.py took 0.119 seconds
[2023-09-20T22:28:04.571+0000] {processor.py:157} INFO - Started process (PID=375) to work on /home/airflow/.local/lib/python3.8/site-packages/airflow/example_dags/example_setup_teardown_taskflow.py
[2023-09-20T22:28:04.573+0000] {processor.py:829} INFO - Processing file /home/airflow/.local/lib/python3.8/site-packages/airflow/example_dags/example_setup_teardown_taskflow.py for tasks to queue
[2023-09-20T22:28:04.576+0000] {logging_mixin.py:151} INFO - [2023-09-20T22:28:04.576+0000] {dagbag.py:539} INFO - Filling up the DagBag from /home/airflow/.local/lib/python3.8/site-packages/airflow/example_dags/example_setup_teardown_taskflow.py
[2023-09-20T22:28:04.588+0000] {processor.py:839} INFO - DAG(s) dict_keys(['example_setup_teardown_taskflow']) retrieved from /home/airflow/.local/lib/python3.8/site-packages/airflow/example_dags/example_setup_teardown_taskflow.py
[2023-09-20T22:28:04.625+0000] {logging_mixin.py:151} INFO - [2023-09-20T22:28:04.624+0000] {dag.py:2915} INFO - Sync 1 DAGs
[2023-09-20T22:28:04.662+0000] {logging_mixin.py:151} INFO - [2023-09-20T22:28:04.662+0000] {dag.py:3696} INFO - Setting next_dagrun for example_setup_teardown_taskflow to 2023-09-19T22:28:04.661779+00:00, run_after=2023-09-20T22:28:04.661779+00:00
[2023-09-20T22:28:04.693+0000] {processor.py:179} INFO - Processing /home/airflow/.local/lib/python3.8/site-packages/airflow/example_dags/example_setup_teardown_taskflow.py took 0.126 seconds
[2023-09-20T22:28:34.964+0000] {processor.py:157} INFO - Started process (PID=430) to work on /home/airflow/.local/lib/python3.8/site-packages/airflow/example_dags/example_setup_teardown_taskflow.py
[2023-09-20T22:28:34.966+0000] {processor.py:829} INFO - Processing file /home/airflow/.local/lib/python3.8/site-packages/airflow/example_dags/example_setup_teardown_taskflow.py for tasks to queue
[2023-09-20T22:28:34.969+0000] {logging_mixin.py:151} INFO - [2023-09-20T22:28:34.968+0000] {dagbag.py:539} INFO - Filling up the DagBag from /home/airflow/.local/lib/python3.8/site-packages/airflow/example_dags/example_setup_teardown_taskflow.py
[2023-09-20T22:28:34.981+0000] {processor.py:839} INFO - DAG(s) dict_keys(['example_setup_teardown_taskflow']) retrieved from /home/airflow/.local/lib/python3.8/site-packages/airflow/example_dags/example_setup_teardown_taskflow.py
[2023-09-20T22:28:35.009+0000] {logging_mixin.py:151} INFO - [2023-09-20T22:28:35.009+0000] {dag.py:2915} INFO - Sync 1 DAGs
[2023-09-20T22:28:35.038+0000] {logging_mixin.py:151} INFO - [2023-09-20T22:28:35.038+0000] {dag.py:3696} INFO - Setting next_dagrun for example_setup_teardown_taskflow to 2023-09-19T22:28:35.038224+00:00, run_after=2023-09-20T22:28:35.038224+00:00
[2023-09-20T22:28:35.107+0000] {processor.py:179} INFO - Processing /home/airflow/.local/lib/python3.8/site-packages/airflow/example_dags/example_setup_teardown_taskflow.py took 0.147 seconds
[2023-09-20T22:29:06.150+0000] {processor.py:157} INFO - Started process (PID=485) to work on /home/airflow/.local/lib/python3.8/site-packages/airflow/example_dags/example_setup_teardown_taskflow.py
[2023-09-20T22:29:06.151+0000] {processor.py:829} INFO - Processing file /home/airflow/.local/lib/python3.8/site-packages/airflow/example_dags/example_setup_teardown_taskflow.py for tasks to queue
[2023-09-20T22:29:06.155+0000] {logging_mixin.py:151} INFO - [2023-09-20T22:29:06.155+0000] {dagbag.py:539} INFO - Filling up the DagBag from /home/airflow/.local/lib/python3.8/site-packages/airflow/example_dags/example_setup_teardown_taskflow.py
[2023-09-20T22:29:06.168+0000] {processor.py:839} INFO - DAG(s) dict_keys(['example_setup_teardown_taskflow']) retrieved from /home/airflow/.local/lib/python3.8/site-packages/airflow/example_dags/example_setup_teardown_taskflow.py
[2023-09-20T22:29:06.199+0000] {logging_mixin.py:151} INFO - [2023-09-20T22:29:06.199+0000] {dag.py:2915} INFO - Sync 1 DAGs
[2023-09-20T22:29:06.233+0000] {logging_mixin.py:151} INFO - [2023-09-20T22:29:06.233+0000] {dag.py:3696} INFO - Setting next_dagrun for example_setup_teardown_taskflow to 2023-09-19T22:29:06.233276+00:00, run_after=2023-09-20T22:29:06.233276+00:00
[2023-09-20T22:29:06.267+0000] {processor.py:179} INFO - Processing /home/airflow/.local/lib/python3.8/site-packages/airflow/example_dags/example_setup_teardown_taskflow.py took 0.122 seconds
[2023-09-20T22:29:36.625+0000] {processor.py:157} INFO - Started process (PID=540) to work on /home/airflow/.local/lib/python3.8/site-packages/airflow/example_dags/example_setup_teardown_taskflow.py
[2023-09-20T22:29:36.627+0000] {processor.py:829} INFO - Processing file /home/airflow/.local/lib/python3.8/site-packages/airflow/example_dags/example_setup_teardown_taskflow.py for tasks to queue
[2023-09-20T22:29:36.633+0000] {logging_mixin.py:151} INFO - [2023-09-20T22:29:36.632+0000] {dagbag.py:539} INFO - Filling up the DagBag from /home/airflow/.local/lib/python3.8/site-packages/airflow/example_dags/example_setup_teardown_taskflow.py
[2023-09-20T22:29:36.654+0000] {processor.py:839} INFO - DAG(s) dict_keys(['example_setup_teardown_taskflow']) retrieved from /home/airflow/.local/lib/python3.8/site-packages/airflow/example_dags/example_setup_teardown_taskflow.py
[2023-09-20T22:29:36.696+0000] {logging_mixin.py:151} INFO - [2023-09-20T22:29:36.696+0000] {dag.py:2915} INFO - Sync 1 DAGs
[2023-09-20T22:29:36.741+0000] {logging_mixin.py:151} INFO - [2023-09-20T22:29:36.741+0000] {dag.py:3696} INFO - Setting next_dagrun for example_setup_teardown_taskflow to 2023-09-19T22:29:36.740814+00:00, run_after=2023-09-20T22:29:36.740814+00:00
[2023-09-20T22:29:36.779+0000] {processor.py:179} INFO - Processing /home/airflow/.local/lib/python3.8/site-packages/airflow/example_dags/example_setup_teardown_taskflow.py took 0.161 seconds
[2023-09-20T22:30:07.267+0000] {processor.py:157} INFO - Started process (PID=595) to work on /home/airflow/.local/lib/python3.8/site-packages/airflow/example_dags/example_setup_teardown_taskflow.py
[2023-09-20T22:30:07.268+0000] {processor.py:829} INFO - Processing file /home/airflow/.local/lib/python3.8/site-packages/airflow/example_dags/example_setup_teardown_taskflow.py for tasks to queue
[2023-09-20T22:30:07.273+0000] {logging_mixin.py:151} INFO - [2023-09-20T22:30:07.272+0000] {dagbag.py:539} INFO - Filling up the DagBag from /home/airflow/.local/lib/python3.8/site-packages/airflow/example_dags/example_setup_teardown_taskflow.py
[2023-09-20T22:30:07.291+0000] {processor.py:839} INFO - DAG(s) dict_keys(['example_setup_teardown_taskflow']) retrieved from /home/airflow/.local/lib/python3.8/site-packages/airflow/example_dags/example_setup_teardown_taskflow.py
[2023-09-20T22:30:07.326+0000] {logging_mixin.py:151} INFO - [2023-09-20T22:30:07.326+0000] {dag.py:2915} INFO - Sync 1 DAGs
[2023-09-20T22:30:07.358+0000] {logging_mixin.py:151} INFO - [2023-09-20T22:30:07.358+0000] {dag.py:3696} INFO - Setting next_dagrun for example_setup_teardown_taskflow to 2023-09-19T22:30:07.357735+00:00, run_after=2023-09-20T22:30:07.357735+00:00
[2023-09-20T22:30:07.390+0000] {processor.py:179} INFO - Processing /home/airflow/.local/lib/python3.8/site-packages/airflow/example_dags/example_setup_teardown_taskflow.py took 0.129 seconds
[2023-09-20T22:30:38.173+0000] {processor.py:157} INFO - Started process (PID=650) to work on /home/airflow/.local/lib/python3.8/site-packages/airflow/example_dags/example_setup_teardown_taskflow.py
[2023-09-20T22:30:38.174+0000] {processor.py:829} INFO - Processing file /home/airflow/.local/lib/python3.8/site-packages/airflow/example_dags/example_setup_teardown_taskflow.py for tasks to queue
[2023-09-20T22:30:38.178+0000] {logging_mixin.py:151} INFO - [2023-09-20T22:30:38.177+0000] {dagbag.py:539} INFO - Filling up the DagBag from /home/airflow/.local/lib/python3.8/site-packages/airflow/example_dags/example_setup_teardown_taskflow.py
[2023-09-20T22:30:38.195+0000] {processor.py:839} INFO - DAG(s) dict_keys(['example_setup_teardown_taskflow']) retrieved from /home/airflow/.local/lib/python3.8/site-packages/airflow/example_dags/example_setup_teardown_taskflow.py
[2023-09-20T22:30:38.227+0000] {logging_mixin.py:151} INFO - [2023-09-20T22:30:38.227+0000] {dag.py:2915} INFO - Sync 1 DAGs
[2023-09-20T22:30:38.255+0000] {logging_mixin.py:151} INFO - [2023-09-20T22:30:38.255+0000] {dag.py:3696} INFO - Setting next_dagrun for example_setup_teardown_taskflow to 2023-09-19T22:30:38.254794+00:00, run_after=2023-09-20T22:30:38.254794+00:00
[2023-09-20T22:30:38.289+0000] {processor.py:179} INFO - Processing /home/airflow/.local/lib/python3.8/site-packages/airflow/example_dags/example_setup_teardown_taskflow.py took 0.122 seconds
[2023-09-20T22:31:09.015+0000] {processor.py:157} INFO - Started process (PID=705) to work on /home/airflow/.local/lib/python3.8/site-packages/airflow/example_dags/example_setup_teardown_taskflow.py
[2023-09-20T22:31:09.016+0000] {processor.py:829} INFO - Processing file /home/airflow/.local/lib/python3.8/site-packages/airflow/example_dags/example_setup_teardown_taskflow.py for tasks to queue
[2023-09-20T22:31:09.020+0000] {logging_mixin.py:151} INFO - [2023-09-20T22:31:09.020+0000] {dagbag.py:539} INFO - Filling up the DagBag from /home/airflow/.local/lib/python3.8/site-packages/airflow/example_dags/example_setup_teardown_taskflow.py
[2023-09-20T22:31:09.042+0000] {processor.py:839} INFO - DAG(s) dict_keys(['example_setup_teardown_taskflow']) retrieved from /home/airflow/.local/lib/python3.8/site-packages/airflow/example_dags/example_setup_teardown_taskflow.py
[2023-09-20T22:31:09.076+0000] {logging_mixin.py:151} INFO - [2023-09-20T22:31:09.075+0000] {dag.py:2915} INFO - Sync 1 DAGs
[2023-09-20T22:31:09.114+0000] {logging_mixin.py:151} INFO - [2023-09-20T22:31:09.113+0000] {dag.py:3696} INFO - Setting next_dagrun for example_setup_teardown_taskflow to 2023-09-19T22:31:09.113483+00:00, run_after=2023-09-20T22:31:09.113483+00:00
[2023-09-20T22:31:09.151+0000] {processor.py:179} INFO - Processing /home/airflow/.local/lib/python3.8/site-packages/airflow/example_dags/example_setup_teardown_taskflow.py took 0.141 seconds
[2023-09-20T22:31:40.140+0000] {processor.py:157} INFO - Started process (PID=760) to work on /home/airflow/.local/lib/python3.8/site-packages/airflow/example_dags/example_setup_teardown_taskflow.py
[2023-09-20T22:31:40.141+0000] {processor.py:829} INFO - Processing file /home/airflow/.local/lib/python3.8/site-packages/airflow/example_dags/example_setup_teardown_taskflow.py for tasks to queue
[2023-09-20T22:31:40.144+0000] {logging_mixin.py:151} INFO - [2023-09-20T22:31:40.144+0000] {dagbag.py:539} INFO - Filling up the DagBag from /home/airflow/.local/lib/python3.8/site-packages/airflow/example_dags/example_setup_teardown_taskflow.py
[2023-09-20T22:31:40.164+0000] {processor.py:839} INFO - DAG(s) dict_keys(['example_setup_teardown_taskflow']) retrieved from /home/airflow/.local/lib/python3.8/site-packages/airflow/example_dags/example_setup_teardown_taskflow.py
[2023-09-20T22:31:40.199+0000] {logging_mixin.py:151} INFO - [2023-09-20T22:31:40.199+0000] {dag.py:2915} INFO - Sync 1 DAGs
[2023-09-20T22:31:40.230+0000] {logging_mixin.py:151} INFO - [2023-09-20T22:31:40.229+0000] {dag.py:3696} INFO - Setting next_dagrun for example_setup_teardown_taskflow to 2023-09-19T22:31:40.229568+00:00, run_after=2023-09-20T22:31:40.229568+00:00
[2023-09-20T22:31:40.278+0000] {processor.py:179} INFO - Processing /home/airflow/.local/lib/python3.8/site-packages/airflow/example_dags/example_setup_teardown_taskflow.py took 0.142 seconds
[2023-09-20T22:32:10.746+0000] {processor.py:157} INFO - Started process (PID=815) to work on /home/airflow/.local/lib/python3.8/site-packages/airflow/example_dags/example_setup_teardown_taskflow.py
[2023-09-20T22:32:10.748+0000] {processor.py:829} INFO - Processing file /home/airflow/.local/lib/python3.8/site-packages/airflow/example_dags/example_setup_teardown_taskflow.py for tasks to queue
[2023-09-20T22:32:10.752+0000] {logging_mixin.py:151} INFO - [2023-09-20T22:32:10.751+0000] {dagbag.py:539} INFO - Filling up the DagBag from /home/airflow/.local/lib/python3.8/site-packages/airflow/example_dags/example_setup_teardown_taskflow.py
[2023-09-20T22:32:10.764+0000] {processor.py:839} INFO - DAG(s) dict_keys(['example_setup_teardown_taskflow']) retrieved from /home/airflow/.local/lib/python3.8/site-packages/airflow/example_dags/example_setup_teardown_taskflow.py
[2023-09-20T22:32:10.792+0000] {logging_mixin.py:151} INFO - [2023-09-20T22:32:10.791+0000] {dag.py:2915} INFO - Sync 1 DAGs
[2023-09-20T22:32:10.822+0000] {logging_mixin.py:151} INFO - [2023-09-20T22:32:10.821+0000] {dag.py:3696} INFO - Setting next_dagrun for example_setup_teardown_taskflow to 2023-09-19T22:32:10.821684+00:00, run_after=2023-09-20T22:32:10.821684+00:00
[2023-09-20T22:32:10.901+0000] {processor.py:179} INFO - Processing /home/airflow/.local/lib/python3.8/site-packages/airflow/example_dags/example_setup_teardown_taskflow.py took 0.159 seconds
[2023-09-20T22:32:41.587+0000] {processor.py:157} INFO - Started process (PID=870) to work on /home/airflow/.local/lib/python3.8/site-packages/airflow/example_dags/example_setup_teardown_taskflow.py
[2023-09-20T22:32:41.589+0000] {processor.py:829} INFO - Processing file /home/airflow/.local/lib/python3.8/site-packages/airflow/example_dags/example_setup_teardown_taskflow.py for tasks to queue
[2023-09-20T22:32:41.593+0000] {logging_mixin.py:151} INFO - [2023-09-20T22:32:41.592+0000] {dagbag.py:539} INFO - Filling up the DagBag from /home/airflow/.local/lib/python3.8/site-packages/airflow/example_dags/example_setup_teardown_taskflow.py
[2023-09-20T22:32:41.605+0000] {processor.py:839} INFO - DAG(s) dict_keys(['example_setup_teardown_taskflow']) retrieved from /home/airflow/.local/lib/python3.8/site-packages/airflow/example_dags/example_setup_teardown_taskflow.py
[2023-09-20T22:32:41.635+0000] {logging_mixin.py:151} INFO - [2023-09-20T22:32:41.635+0000] {dag.py:2915} INFO - Sync 1 DAGs
[2023-09-20T22:32:41.662+0000] {logging_mixin.py:151} INFO - [2023-09-20T22:32:41.662+0000] {dag.py:3696} INFO - Setting next_dagrun for example_setup_teardown_taskflow to 2023-09-19T22:32:41.662298+00:00, run_after=2023-09-20T22:32:41.662298+00:00
[2023-09-20T22:32:41.700+0000] {processor.py:179} INFO - Processing /home/airflow/.local/lib/python3.8/site-packages/airflow/example_dags/example_setup_teardown_taskflow.py took 0.121 seconds
[2023-09-20T22:33:12.111+0000] {processor.py:157} INFO - Started process (PID=925) to work on /home/airflow/.local/lib/python3.8/site-packages/airflow/example_dags/example_setup_teardown_taskflow.py
[2023-09-20T22:33:12.113+0000] {processor.py:829} INFO - Processing file /home/airflow/.local/lib/python3.8/site-packages/airflow/example_dags/example_setup_teardown_taskflow.py for tasks to queue
[2023-09-20T22:33:12.117+0000] {logging_mixin.py:151} INFO - [2023-09-20T22:33:12.116+0000] {dagbag.py:539} INFO - Filling up the DagBag from /home/airflow/.local/lib/python3.8/site-packages/airflow/example_dags/example_setup_teardown_taskflow.py
[2023-09-20T22:33:12.129+0000] {processor.py:839} INFO - DAG(s) dict_keys(['example_setup_teardown_taskflow']) retrieved from /home/airflow/.local/lib/python3.8/site-packages/airflow/example_dags/example_setup_teardown_taskflow.py
[2023-09-20T22:33:12.158+0000] {logging_mixin.py:151} INFO - [2023-09-20T22:33:12.157+0000] {dag.py:2915} INFO - Sync 1 DAGs
[2023-09-20T22:33:12.188+0000] {logging_mixin.py:151} INFO - [2023-09-20T22:33:12.188+0000] {dag.py:3696} INFO - Setting next_dagrun for example_setup_teardown_taskflow to 2023-09-19T22:33:12.188097+00:00, run_after=2023-09-20T22:33:12.188097+00:00
[2023-09-20T22:33:12.221+0000] {processor.py:179} INFO - Processing /home/airflow/.local/lib/python3.8/site-packages/airflow/example_dags/example_setup_teardown_taskflow.py took 0.115 seconds
[2023-09-20T22:33:42.293+0000] {processor.py:157} INFO - Started process (PID=979) to work on /home/airflow/.local/lib/python3.8/site-packages/airflow/example_dags/example_setup_teardown_taskflow.py
[2023-09-20T22:33:42.295+0000] {processor.py:829} INFO - Processing file /home/airflow/.local/lib/python3.8/site-packages/airflow/example_dags/example_setup_teardown_taskflow.py for tasks to queue
[2023-09-20T22:33:42.298+0000] {logging_mixin.py:151} INFO - [2023-09-20T22:33:42.298+0000] {dagbag.py:539} INFO - Filling up the DagBag from /home/airflow/.local/lib/python3.8/site-packages/airflow/example_dags/example_setup_teardown_taskflow.py
[2023-09-20T22:33:42.315+0000] {processor.py:839} INFO - DAG(s) dict_keys(['example_setup_teardown_taskflow']) retrieved from /home/airflow/.local/lib/python3.8/site-packages/airflow/example_dags/example_setup_teardown_taskflow.py
[2023-09-20T22:33:42.344+0000] {logging_mixin.py:151} INFO - [2023-09-20T22:33:42.343+0000] {dag.py:2915} INFO - Sync 1 DAGs
[2023-09-20T22:33:42.379+0000] {logging_mixin.py:151} INFO - [2023-09-20T22:33:42.378+0000] {dag.py:3696} INFO - Setting next_dagrun for example_setup_teardown_taskflow to 2023-09-19T22:33:42.378495+00:00, run_after=2023-09-20T22:33:42.378495+00:00
[2023-09-20T22:33:42.551+0000] {processor.py:179} INFO - Processing /home/airflow/.local/lib/python3.8/site-packages/airflow/example_dags/example_setup_teardown_taskflow.py took 0.263 seconds
[2023-09-20T22:34:12.644+0000] {processor.py:157} INFO - Started process (PID=1034) to work on /home/airflow/.local/lib/python3.8/site-packages/airflow/example_dags/example_setup_teardown_taskflow.py
[2023-09-20T22:34:12.645+0000] {processor.py:829} INFO - Processing file /home/airflow/.local/lib/python3.8/site-packages/airflow/example_dags/example_setup_teardown_taskflow.py for tasks to queue
[2023-09-20T22:34:12.649+0000] {logging_mixin.py:151} INFO - [2023-09-20T22:34:12.649+0000] {dagbag.py:539} INFO - Filling up the DagBag from /home/airflow/.local/lib/python3.8/site-packages/airflow/example_dags/example_setup_teardown_taskflow.py
[2023-09-20T22:34:12.665+0000] {processor.py:839} INFO - DAG(s) dict_keys(['example_setup_teardown_taskflow']) retrieved from /home/airflow/.local/lib/python3.8/site-packages/airflow/example_dags/example_setup_teardown_taskflow.py
[2023-09-20T22:34:12.693+0000] {logging_mixin.py:151} INFO - [2023-09-20T22:34:12.693+0000] {dag.py:2915} INFO - Sync 1 DAGs
[2023-09-20T22:34:12.724+0000] {logging_mixin.py:151} INFO - [2023-09-20T22:34:12.724+0000] {dag.py:3696} INFO - Setting next_dagrun for example_setup_teardown_taskflow to 2023-09-19T22:34:12.724146+00:00, run_after=2023-09-20T22:34:12.724146+00:00
[2023-09-20T22:34:12.754+0000] {processor.py:179} INFO - Processing /home/airflow/.local/lib/python3.8/site-packages/airflow/example_dags/example_setup_teardown_taskflow.py took 0.115 seconds
[2023-09-20T22:34:43.451+0000] {processor.py:157} INFO - Started process (PID=1089) to work on /home/airflow/.local/lib/python3.8/site-packages/airflow/example_dags/example_setup_teardown_taskflow.py
[2023-09-20T22:34:43.452+0000] {processor.py:829} INFO - Processing file /home/airflow/.local/lib/python3.8/site-packages/airflow/example_dags/example_setup_teardown_taskflow.py for tasks to queue
[2023-09-20T22:34:43.456+0000] {logging_mixin.py:151} INFO - [2023-09-20T22:34:43.456+0000] {dagbag.py:539} INFO - Filling up the DagBag from /home/airflow/.local/lib/python3.8/site-packages/airflow/example_dags/example_setup_teardown_taskflow.py
[2023-09-20T22:34:43.479+0000] {processor.py:839} INFO - DAG(s) dict_keys(['example_setup_teardown_taskflow']) retrieved from /home/airflow/.local/lib/python3.8/site-packages/airflow/example_dags/example_setup_teardown_taskflow.py
[2023-09-20T22:34:43.514+0000] {logging_mixin.py:151} INFO - [2023-09-20T22:34:43.513+0000] {dag.py:2915} INFO - Sync 1 DAGs
[2023-09-20T22:34:43.546+0000] {logging_mixin.py:151} INFO - [2023-09-20T22:34:43.545+0000] {dag.py:3696} INFO - Setting next_dagrun for example_setup_teardown_taskflow to 2023-09-19T22:34:43.545527+00:00, run_after=2023-09-20T22:34:43.545527+00:00
[2023-09-20T22:34:43.674+0000] {processor.py:179} INFO - Processing /home/airflow/.local/lib/python3.8/site-packages/airflow/example_dags/example_setup_teardown_taskflow.py took 0.228 seconds
[2023-09-20T22:35:14.241+0000] {processor.py:157} INFO - Started process (PID=1144) to work on /home/airflow/.local/lib/python3.8/site-packages/airflow/example_dags/example_setup_teardown_taskflow.py
[2023-09-20T22:35:14.243+0000] {processor.py:829} INFO - Processing file /home/airflow/.local/lib/python3.8/site-packages/airflow/example_dags/example_setup_teardown_taskflow.py for tasks to queue
[2023-09-20T22:35:14.246+0000] {logging_mixin.py:151} INFO - [2023-09-20T22:35:14.245+0000] {dagbag.py:539} INFO - Filling up the DagBag from /home/airflow/.local/lib/python3.8/site-packages/airflow/example_dags/example_setup_teardown_taskflow.py
[2023-09-20T22:35:14.258+0000] {processor.py:839} INFO - DAG(s) dict_keys(['example_setup_teardown_taskflow']) retrieved from /home/airflow/.local/lib/python3.8/site-packages/airflow/example_dags/example_setup_teardown_taskflow.py
[2023-09-20T22:35:14.287+0000] {logging_mixin.py:151} INFO - [2023-09-20T22:35:14.286+0000] {dag.py:2915} INFO - Sync 1 DAGs
[2023-09-20T22:35:14.318+0000] {logging_mixin.py:151} INFO - [2023-09-20T22:35:14.318+0000] {dag.py:3696} INFO - Setting next_dagrun for example_setup_teardown_taskflow to 2023-09-19T22:35:14.317661+00:00, run_after=2023-09-20T22:35:14.317661+00:00
[2023-09-20T22:35:14.349+0000] {processor.py:179} INFO - Processing /home/airflow/.local/lib/python3.8/site-packages/airflow/example_dags/example_setup_teardown_taskflow.py took 0.112 seconds
[2023-09-20T22:35:45.349+0000] {processor.py:157} INFO - Started process (PID=1199) to work on /home/airflow/.local/lib/python3.8/site-packages/airflow/example_dags/example_setup_teardown_taskflow.py
[2023-09-20T22:35:45.350+0000] {processor.py:829} INFO - Processing file /home/airflow/.local/lib/python3.8/site-packages/airflow/example_dags/example_setup_teardown_taskflow.py for tasks to queue
[2023-09-20T22:35:45.354+0000] {logging_mixin.py:151} INFO - [2023-09-20T22:35:45.354+0000] {dagbag.py:539} INFO - Filling up the DagBag from /home/airflow/.local/lib/python3.8/site-packages/airflow/example_dags/example_setup_teardown_taskflow.py
[2023-09-20T22:35:45.368+0000] {processor.py:839} INFO - DAG(s) dict_keys(['example_setup_teardown_taskflow']) retrieved from /home/airflow/.local/lib/python3.8/site-packages/airflow/example_dags/example_setup_teardown_taskflow.py
[2023-09-20T22:35:45.396+0000] {logging_mixin.py:151} INFO - [2023-09-20T22:35:45.396+0000] {dag.py:2915} INFO - Sync 1 DAGs
[2023-09-20T22:35:45.423+0000] {logging_mixin.py:151} INFO - [2023-09-20T22:35:45.422+0000] {dag.py:3696} INFO - Setting next_dagrun for example_setup_teardown_taskflow to 2023-09-19T22:35:45.422636+00:00, run_after=2023-09-20T22:35:45.422636+00:00
[2023-09-20T22:35:45.480+0000] {processor.py:179} INFO - Processing /home/airflow/.local/lib/python3.8/site-packages/airflow/example_dags/example_setup_teardown_taskflow.py took 0.135 seconds
[2023-09-20T22:36:15.586+0000] {processor.py:157} INFO - Started process (PID=1254) to work on /home/airflow/.local/lib/python3.8/site-packages/airflow/example_dags/example_setup_teardown_taskflow.py
[2023-09-20T22:36:15.588+0000] {processor.py:829} INFO - Processing file /home/airflow/.local/lib/python3.8/site-packages/airflow/example_dags/example_setup_teardown_taskflow.py for tasks to queue
[2023-09-20T22:36:15.592+0000] {logging_mixin.py:151} INFO - [2023-09-20T22:36:15.591+0000] {dagbag.py:539} INFO - Filling up the DagBag from /home/airflow/.local/lib/python3.8/site-packages/airflow/example_dags/example_setup_teardown_taskflow.py
[2023-09-20T22:36:15.604+0000] {processor.py:839} INFO - DAG(s) dict_keys(['example_setup_teardown_taskflow']) retrieved from /home/airflow/.local/lib/python3.8/site-packages/airflow/example_dags/example_setup_teardown_taskflow.py
[2023-09-20T22:36:15.642+0000] {logging_mixin.py:151} INFO - [2023-09-20T22:36:15.642+0000] {dag.py:2915} INFO - Sync 1 DAGs
[2023-09-20T22:36:15.673+0000] {logging_mixin.py:151} INFO - [2023-09-20T22:36:15.672+0000] {dag.py:3696} INFO - Setting next_dagrun for example_setup_teardown_taskflow to 2023-09-19T22:36:15.672517+00:00, run_after=2023-09-20T22:36:15.672517+00:00
[2023-09-20T22:36:15.705+0000] {processor.py:179} INFO - Processing /home/airflow/.local/lib/python3.8/site-packages/airflow/example_dags/example_setup_teardown_taskflow.py took 0.124 seconds
[2023-09-20T22:36:46.354+0000] {processor.py:157} INFO - Started process (PID=1309) to work on /home/airflow/.local/lib/python3.8/site-packages/airflow/example_dags/example_setup_teardown_taskflow.py
[2023-09-20T22:36:46.356+0000] {processor.py:829} INFO - Processing file /home/airflow/.local/lib/python3.8/site-packages/airflow/example_dags/example_setup_teardown_taskflow.py for tasks to queue
[2023-09-20T22:36:46.359+0000] {logging_mixin.py:151} INFO - [2023-09-20T22:36:46.358+0000] {dagbag.py:539} INFO - Filling up the DagBag from /home/airflow/.local/lib/python3.8/site-packages/airflow/example_dags/example_setup_teardown_taskflow.py
[2023-09-20T22:36:46.373+0000] {processor.py:839} INFO - DAG(s) dict_keys(['example_setup_teardown_taskflow']) retrieved from /home/airflow/.local/lib/python3.8/site-packages/airflow/example_dags/example_setup_teardown_taskflow.py
[2023-09-20T22:36:46.418+0000] {logging_mixin.py:151} INFO - [2023-09-20T22:36:46.418+0000] {dag.py:2915} INFO - Sync 1 DAGs
[2023-09-20T22:36:46.449+0000] {logging_mixin.py:151} INFO - [2023-09-20T22:36:46.448+0000] {dag.py:3696} INFO - Setting next_dagrun for example_setup_teardown_taskflow to 2023-09-19T22:36:46.448442+00:00, run_after=2023-09-20T22:36:46.448442+00:00
[2023-09-20T22:36:46.475+0000] {processor.py:179} INFO - Processing /home/airflow/.local/lib/python3.8/site-packages/airflow/example_dags/example_setup_teardown_taskflow.py took 0.126 seconds
[2023-09-20T22:37:16.773+0000] {processor.py:157} INFO - Started process (PID=1365) to work on /home/airflow/.local/lib/python3.8/site-packages/airflow/example_dags/example_setup_teardown_taskflow.py
[2023-09-20T22:37:16.775+0000] {processor.py:829} INFO - Processing file /home/airflow/.local/lib/python3.8/site-packages/airflow/example_dags/example_setup_teardown_taskflow.py for tasks to queue
[2023-09-20T22:37:16.778+0000] {logging_mixin.py:151} INFO - [2023-09-20T22:37:16.777+0000] {dagbag.py:539} INFO - Filling up the DagBag from /home/airflow/.local/lib/python3.8/site-packages/airflow/example_dags/example_setup_teardown_taskflow.py
[2023-09-20T22:37:16.790+0000] {processor.py:839} INFO - DAG(s) dict_keys(['example_setup_teardown_taskflow']) retrieved from /home/airflow/.local/lib/python3.8/site-packages/airflow/example_dags/example_setup_teardown_taskflow.py
[2023-09-20T22:37:16.822+0000] {logging_mixin.py:151} INFO - [2023-09-20T22:37:16.822+0000] {dag.py:2915} INFO - Sync 1 DAGs
[2023-09-20T22:37:16.852+0000] {logging_mixin.py:151} INFO - [2023-09-20T22:37:16.852+0000] {dag.py:3696} INFO - Setting next_dagrun for example_setup_teardown_taskflow to 2023-09-19T22:37:16.852441+00:00, run_after=2023-09-20T22:37:16.852441+00:00
[2023-09-20T22:37:16.896+0000] {processor.py:179} INFO - Processing /home/airflow/.local/lib/python3.8/site-packages/airflow/example_dags/example_setup_teardown_taskflow.py took 0.128 seconds
[2023-09-20T22:37:47.557+0000] {processor.py:157} INFO - Started process (PID=1420) to work on /home/airflow/.local/lib/python3.8/site-packages/airflow/example_dags/example_setup_teardown_taskflow.py
[2023-09-20T22:37:47.558+0000] {processor.py:829} INFO - Processing file /home/airflow/.local/lib/python3.8/site-packages/airflow/example_dags/example_setup_teardown_taskflow.py for tasks to queue
[2023-09-20T22:37:47.562+0000] {logging_mixin.py:151} INFO - [2023-09-20T22:37:47.562+0000] {dagbag.py:539} INFO - Filling up the DagBag from /home/airflow/.local/lib/python3.8/site-packages/airflow/example_dags/example_setup_teardown_taskflow.py
[2023-09-20T22:37:47.577+0000] {processor.py:839} INFO - DAG(s) dict_keys(['example_setup_teardown_taskflow']) retrieved from /home/airflow/.local/lib/python3.8/site-packages/airflow/example_dags/example_setup_teardown_taskflow.py
[2023-09-20T22:37:47.608+0000] {logging_mixin.py:151} INFO - [2023-09-20T22:37:47.608+0000] {dag.py:2915} INFO - Sync 1 DAGs
[2023-09-20T22:37:47.636+0000] {logging_mixin.py:151} INFO - [2023-09-20T22:37:47.636+0000] {dag.py:3696} INFO - Setting next_dagrun for example_setup_teardown_taskflow to 2023-09-19T22:37:47.635412+00:00, run_after=2023-09-20T22:37:47.635412+00:00
[2023-09-20T22:37:47.685+0000] {processor.py:179} INFO - Processing /home/airflow/.local/lib/python3.8/site-packages/airflow/example_dags/example_setup_teardown_taskflow.py took 0.133 seconds
[2023-09-20T22:38:17.955+0000] {processor.py:157} INFO - Started process (PID=1475) to work on /home/airflow/.local/lib/python3.8/site-packages/airflow/example_dags/example_setup_teardown_taskflow.py
[2023-09-20T22:38:17.956+0000] {processor.py:829} INFO - Processing file /home/airflow/.local/lib/python3.8/site-packages/airflow/example_dags/example_setup_teardown_taskflow.py for tasks to queue
[2023-09-20T22:38:17.959+0000] {logging_mixin.py:151} INFO - [2023-09-20T22:38:17.959+0000] {dagbag.py:539} INFO - Filling up the DagBag from /home/airflow/.local/lib/python3.8/site-packages/airflow/example_dags/example_setup_teardown_taskflow.py
[2023-09-20T22:38:17.972+0000] {processor.py:839} INFO - DAG(s) dict_keys(['example_setup_teardown_taskflow']) retrieved from /home/airflow/.local/lib/python3.8/site-packages/airflow/example_dags/example_setup_teardown_taskflow.py
[2023-09-20T22:38:18.002+0000] {logging_mixin.py:151} INFO - [2023-09-20T22:38:18.002+0000] {dag.py:2915} INFO - Sync 1 DAGs
[2023-09-20T22:38:18.031+0000] {logging_mixin.py:151} INFO - [2023-09-20T22:38:18.031+0000] {dag.py:3696} INFO - Setting next_dagrun for example_setup_teardown_taskflow to 2023-09-19T22:38:18.031037+00:00, run_after=2023-09-20T22:38:18.031037+00:00
[2023-09-20T22:38:18.064+0000] {processor.py:179} INFO - Processing /home/airflow/.local/lib/python3.8/site-packages/airflow/example_dags/example_setup_teardown_taskflow.py took 0.114 seconds
[2023-09-20T22:38:48.244+0000] {processor.py:157} INFO - Started process (PID=1530) to work on /home/airflow/.local/lib/python3.8/site-packages/airflow/example_dags/example_setup_teardown_taskflow.py
[2023-09-20T22:38:48.246+0000] {processor.py:829} INFO - Processing file /home/airflow/.local/lib/python3.8/site-packages/airflow/example_dags/example_setup_teardown_taskflow.py for tasks to queue
[2023-09-20T22:38:48.250+0000] {logging_mixin.py:151} INFO - [2023-09-20T22:38:48.250+0000] {dagbag.py:539} INFO - Filling up the DagBag from /home/airflow/.local/lib/python3.8/site-packages/airflow/example_dags/example_setup_teardown_taskflow.py
[2023-09-20T22:38:48.268+0000] {processor.py:839} INFO - DAG(s) dict_keys(['example_setup_teardown_taskflow']) retrieved from /home/airflow/.local/lib/python3.8/site-packages/airflow/example_dags/example_setup_teardown_taskflow.py
[2023-09-20T22:38:48.317+0000] {logging_mixin.py:151} INFO - [2023-09-20T22:38:48.316+0000] {dag.py:2915} INFO - Sync 1 DAGs
[2023-09-20T22:38:48.364+0000] {logging_mixin.py:151} INFO - [2023-09-20T22:38:48.363+0000] {dag.py:3696} INFO - Setting next_dagrun for example_setup_teardown_taskflow to 2023-09-19T22:38:48.363258+00:00, run_after=2023-09-20T22:38:48.363258+00:00
[2023-09-20T22:38:48.423+0000] {processor.py:179} INFO - Processing /home/airflow/.local/lib/python3.8/site-packages/airflow/example_dags/example_setup_teardown_taskflow.py took 0.185 seconds
[2023-09-20T22:39:18.740+0000] {processor.py:157} INFO - Started process (PID=1585) to work on /home/airflow/.local/lib/python3.8/site-packages/airflow/example_dags/example_setup_teardown_taskflow.py
[2023-09-20T22:39:18.742+0000] {processor.py:829} INFO - Processing file /home/airflow/.local/lib/python3.8/site-packages/airflow/example_dags/example_setup_teardown_taskflow.py for tasks to queue
[2023-09-20T22:39:18.745+0000] {logging_mixin.py:151} INFO - [2023-09-20T22:39:18.744+0000] {dagbag.py:539} INFO - Filling up the DagBag from /home/airflow/.local/lib/python3.8/site-packages/airflow/example_dags/example_setup_teardown_taskflow.py
[2023-09-20T22:39:18.759+0000] {processor.py:839} INFO - DAG(s) dict_keys(['example_setup_teardown_taskflow']) retrieved from /home/airflow/.local/lib/python3.8/site-packages/airflow/example_dags/example_setup_teardown_taskflow.py
[2023-09-20T22:39:18.791+0000] {logging_mixin.py:151} INFO - [2023-09-20T22:39:18.791+0000] {dag.py:2915} INFO - Sync 1 DAGs
[2023-09-20T22:39:18.825+0000] {logging_mixin.py:151} INFO - [2023-09-20T22:39:18.825+0000] {dag.py:3696} INFO - Setting next_dagrun for example_setup_teardown_taskflow to 2023-09-19T22:39:18.824964+00:00, run_after=2023-09-20T22:39:18.824964+00:00
[2023-09-20T22:39:18.863+0000] {processor.py:179} INFO - Processing /home/airflow/.local/lib/python3.8/site-packages/airflow/example_dags/example_setup_teardown_taskflow.py took 0.128 seconds
[2023-09-20T22:39:49.128+0000] {processor.py:157} INFO - Started process (PID=1640) to work on /home/airflow/.local/lib/python3.8/site-packages/airflow/example_dags/example_setup_teardown_taskflow.py
[2023-09-20T22:39:49.129+0000] {processor.py:829} INFO - Processing file /home/airflow/.local/lib/python3.8/site-packages/airflow/example_dags/example_setup_teardown_taskflow.py for tasks to queue
[2023-09-20T22:39:49.133+0000] {logging_mixin.py:151} INFO - [2023-09-20T22:39:49.132+0000] {dagbag.py:539} INFO - Filling up the DagBag from /home/airflow/.local/lib/python3.8/site-packages/airflow/example_dags/example_setup_teardown_taskflow.py
[2023-09-20T22:39:49.145+0000] {processor.py:839} INFO - DAG(s) dict_keys(['example_setup_teardown_taskflow']) retrieved from /home/airflow/.local/lib/python3.8/site-packages/airflow/example_dags/example_setup_teardown_taskflow.py
[2023-09-20T22:39:49.173+0000] {logging_mixin.py:151} INFO - [2023-09-20T22:39:49.173+0000] {dag.py:2915} INFO - Sync 1 DAGs
[2023-09-20T22:39:49.201+0000] {logging_mixin.py:151} INFO - [2023-09-20T22:39:49.201+0000] {dag.py:3696} INFO - Setting next_dagrun for example_setup_teardown_taskflow to 2023-09-19T22:39:49.201421+00:00, run_after=2023-09-20T22:39:49.201421+00:00
[2023-09-20T22:39:49.232+0000] {processor.py:179} INFO - Processing /home/airflow/.local/lib/python3.8/site-packages/airflow/example_dags/example_setup_teardown_taskflow.py took 0.108 seconds
[2023-09-20T22:40:19.961+0000] {processor.py:157} INFO - Started process (PID=1694) to work on /home/airflow/.local/lib/python3.8/site-packages/airflow/example_dags/example_setup_teardown_taskflow.py
[2023-09-20T22:40:19.962+0000] {processor.py:829} INFO - Processing file /home/airflow/.local/lib/python3.8/site-packages/airflow/example_dags/example_setup_teardown_taskflow.py for tasks to queue
[2023-09-20T22:40:19.966+0000] {logging_mixin.py:151} INFO - [2023-09-20T22:40:19.965+0000] {dagbag.py:539} INFO - Filling up the DagBag from /home/airflow/.local/lib/python3.8/site-packages/airflow/example_dags/example_setup_teardown_taskflow.py
[2023-09-20T22:40:19.990+0000] {processor.py:839} INFO - DAG(s) dict_keys(['example_setup_teardown_taskflow']) retrieved from /home/airflow/.local/lib/python3.8/site-packages/airflow/example_dags/example_setup_teardown_taskflow.py
[2023-09-20T22:40:20.035+0000] {logging_mixin.py:151} INFO - [2023-09-20T22:40:20.035+0000] {dag.py:2915} INFO - Sync 1 DAGs
[2023-09-20T22:40:20.070+0000] {logging_mixin.py:151} INFO - [2023-09-20T22:40:20.069+0000] {dag.py:3696} INFO - Setting next_dagrun for example_setup_teardown_taskflow to 2023-09-19T22:40:20.069403+00:00, run_after=2023-09-20T22:40:20.069403+00:00
[2023-09-20T22:40:20.104+0000] {processor.py:179} INFO - Processing /home/airflow/.local/lib/python3.8/site-packages/airflow/example_dags/example_setup_teardown_taskflow.py took 0.151 seconds
[2023-09-20T22:40:50.377+0000] {processor.py:157} INFO - Started process (PID=1749) to work on /home/airflow/.local/lib/python3.8/site-packages/airflow/example_dags/example_setup_teardown_taskflow.py
[2023-09-20T22:40:50.378+0000] {processor.py:829} INFO - Processing file /home/airflow/.local/lib/python3.8/site-packages/airflow/example_dags/example_setup_teardown_taskflow.py for tasks to queue
[2023-09-20T22:40:50.383+0000] {logging_mixin.py:151} INFO - [2023-09-20T22:40:50.383+0000] {dagbag.py:539} INFO - Filling up the DagBag from /home/airflow/.local/lib/python3.8/site-packages/airflow/example_dags/example_setup_teardown_taskflow.py
[2023-09-20T22:40:50.404+0000] {processor.py:839} INFO - DAG(s) dict_keys(['example_setup_teardown_taskflow']) retrieved from /home/airflow/.local/lib/python3.8/site-packages/airflow/example_dags/example_setup_teardown_taskflow.py
[2023-09-20T22:40:50.441+0000] {logging_mixin.py:151} INFO - [2023-09-20T22:40:50.440+0000] {dag.py:2915} INFO - Sync 1 DAGs
[2023-09-20T22:40:50.469+0000] {logging_mixin.py:151} INFO - [2023-09-20T22:40:50.469+0000] {dag.py:3696} INFO - Setting next_dagrun for example_setup_teardown_taskflow to 2023-09-19T22:40:50.469472+00:00, run_after=2023-09-20T22:40:50.469472+00:00
[2023-09-20T22:40:50.602+0000] {processor.py:179} INFO - Processing /home/airflow/.local/lib/python3.8/site-packages/airflow/example_dags/example_setup_teardown_taskflow.py took 0.229 seconds
[2023-09-20T22:41:20.816+0000] {processor.py:157} INFO - Started process (PID=1804) to work on /home/airflow/.local/lib/python3.8/site-packages/airflow/example_dags/example_setup_teardown_taskflow.py
[2023-09-20T22:41:20.818+0000] {processor.py:829} INFO - Processing file /home/airflow/.local/lib/python3.8/site-packages/airflow/example_dags/example_setup_teardown_taskflow.py for tasks to queue
[2023-09-20T22:41:20.822+0000] {logging_mixin.py:151} INFO - [2023-09-20T22:41:20.822+0000] {dagbag.py:539} INFO - Filling up the DagBag from /home/airflow/.local/lib/python3.8/site-packages/airflow/example_dags/example_setup_teardown_taskflow.py
[2023-09-20T22:41:20.840+0000] {processor.py:839} INFO - DAG(s) dict_keys(['example_setup_teardown_taskflow']) retrieved from /home/airflow/.local/lib/python3.8/site-packages/airflow/example_dags/example_setup_teardown_taskflow.py
[2023-09-20T22:41:20.885+0000] {logging_mixin.py:151} INFO - [2023-09-20T22:41:20.885+0000] {dag.py:2915} INFO - Sync 1 DAGs
[2023-09-20T22:41:20.914+0000] {logging_mixin.py:151} INFO - [2023-09-20T22:41:20.914+0000] {dag.py:3696} INFO - Setting next_dagrun for example_setup_teardown_taskflow to 2023-09-19T22:41:20.914046+00:00, run_after=2023-09-20T22:41:20.914046+00:00
[2023-09-20T22:41:20.944+0000] {processor.py:179} INFO - Processing /home/airflow/.local/lib/python3.8/site-packages/airflow/example_dags/example_setup_teardown_taskflow.py took 0.136 seconds
[2023-09-20T22:41:51.286+0000] {processor.py:157} INFO - Started process (PID=1859) to work on /home/airflow/.local/lib/python3.8/site-packages/airflow/example_dags/example_setup_teardown_taskflow.py
[2023-09-20T22:41:51.288+0000] {processor.py:829} INFO - Processing file /home/airflow/.local/lib/python3.8/site-packages/airflow/example_dags/example_setup_teardown_taskflow.py for tasks to queue
[2023-09-20T22:41:51.291+0000] {logging_mixin.py:151} INFO - [2023-09-20T22:41:51.291+0000] {dagbag.py:539} INFO - Filling up the DagBag from /home/airflow/.local/lib/python3.8/site-packages/airflow/example_dags/example_setup_teardown_taskflow.py
[2023-09-20T22:41:51.312+0000] {processor.py:839} INFO - DAG(s) dict_keys(['example_setup_teardown_taskflow']) retrieved from /home/airflow/.local/lib/python3.8/site-packages/airflow/example_dags/example_setup_teardown_taskflow.py
[2023-09-20T22:41:51.348+0000] {logging_mixin.py:151} INFO - [2023-09-20T22:41:51.347+0000] {dag.py:2915} INFO - Sync 1 DAGs
[2023-09-20T22:41:51.387+0000] {logging_mixin.py:151} INFO - [2023-09-20T22:41:51.387+0000] {dag.py:3696} INFO - Setting next_dagrun for example_setup_teardown_taskflow to 2023-09-19T22:41:51.386860+00:00, run_after=2023-09-20T22:41:51.386860+00:00
[2023-09-20T22:41:51.423+0000] {processor.py:179} INFO - Processing /home/airflow/.local/lib/python3.8/site-packages/airflow/example_dags/example_setup_teardown_taskflow.py took 0.142 seconds
[2023-09-20T22:42:21.848+0000] {processor.py:157} INFO - Started process (PID=1914) to work on /home/airflow/.local/lib/python3.8/site-packages/airflow/example_dags/example_setup_teardown_taskflow.py
[2023-09-20T22:42:21.849+0000] {processor.py:829} INFO - Processing file /home/airflow/.local/lib/python3.8/site-packages/airflow/example_dags/example_setup_teardown_taskflow.py for tasks to queue
[2023-09-20T22:42:21.853+0000] {logging_mixin.py:151} INFO - [2023-09-20T22:42:21.853+0000] {dagbag.py:539} INFO - Filling up the DagBag from /home/airflow/.local/lib/python3.8/site-packages/airflow/example_dags/example_setup_teardown_taskflow.py
[2023-09-20T22:42:21.867+0000] {processor.py:839} INFO - DAG(s) dict_keys(['example_setup_teardown_taskflow']) retrieved from /home/airflow/.local/lib/python3.8/site-packages/airflow/example_dags/example_setup_teardown_taskflow.py
[2023-09-20T22:42:21.902+0000] {logging_mixin.py:151} INFO - [2023-09-20T22:42:21.902+0000] {dag.py:2915} INFO - Sync 1 DAGs
[2023-09-20T22:42:21.934+0000] {logging_mixin.py:151} INFO - [2023-09-20T22:42:21.934+0000] {dag.py:3696} INFO - Setting next_dagrun for example_setup_teardown_taskflow to 2023-09-19T22:42:21.933964+00:00, run_after=2023-09-20T22:42:21.933964+00:00
[2023-09-20T22:42:21.969+0000] {processor.py:179} INFO - Processing /home/airflow/.local/lib/python3.8/site-packages/airflow/example_dags/example_setup_teardown_taskflow.py took 0.129 seconds
[2023-09-20T22:42:52.579+0000] {processor.py:157} INFO - Started process (PID=1969) to work on /home/airflow/.local/lib/python3.8/site-packages/airflow/example_dags/example_setup_teardown_taskflow.py
[2023-09-20T22:42:52.580+0000] {processor.py:829} INFO - Processing file /home/airflow/.local/lib/python3.8/site-packages/airflow/example_dags/example_setup_teardown_taskflow.py for tasks to queue
[2023-09-20T22:42:52.584+0000] {logging_mixin.py:151} INFO - [2023-09-20T22:42:52.583+0000] {dagbag.py:539} INFO - Filling up the DagBag from /home/airflow/.local/lib/python3.8/site-packages/airflow/example_dags/example_setup_teardown_taskflow.py
[2023-09-20T22:42:52.598+0000] {processor.py:839} INFO - DAG(s) dict_keys(['example_setup_teardown_taskflow']) retrieved from /home/airflow/.local/lib/python3.8/site-packages/airflow/example_dags/example_setup_teardown_taskflow.py
[2023-09-20T22:42:52.633+0000] {logging_mixin.py:151} INFO - [2023-09-20T22:42:52.633+0000] {dag.py:2915} INFO - Sync 1 DAGs
[2023-09-20T22:42:52.673+0000] {logging_mixin.py:151} INFO - [2023-09-20T22:42:52.672+0000] {dag.py:3696} INFO - Setting next_dagrun for example_setup_teardown_taskflow to 2023-09-19T22:42:52.672637+00:00, run_after=2023-09-20T22:42:52.672637+00:00
[2023-09-20T22:42:52.707+0000] {processor.py:179} INFO - Processing /home/airflow/.local/lib/python3.8/site-packages/airflow/example_dags/example_setup_teardown_taskflow.py took 0.133 seconds
[2023-09-20T22:43:23.240+0000] {processor.py:157} INFO - Started process (PID=2024) to work on /home/airflow/.local/lib/python3.8/site-packages/airflow/example_dags/example_setup_teardown_taskflow.py
[2023-09-20T22:43:23.241+0000] {processor.py:829} INFO - Processing file /home/airflow/.local/lib/python3.8/site-packages/airflow/example_dags/example_setup_teardown_taskflow.py for tasks to queue
[2023-09-20T22:43:23.246+0000] {logging_mixin.py:151} INFO - [2023-09-20T22:43:23.245+0000] {dagbag.py:539} INFO - Filling up the DagBag from /home/airflow/.local/lib/python3.8/site-packages/airflow/example_dags/example_setup_teardown_taskflow.py
[2023-09-20T22:43:23.262+0000] {processor.py:839} INFO - DAG(s) dict_keys(['example_setup_teardown_taskflow']) retrieved from /home/airflow/.local/lib/python3.8/site-packages/airflow/example_dags/example_setup_teardown_taskflow.py
[2023-09-20T22:43:23.297+0000] {logging_mixin.py:151} INFO - [2023-09-20T22:43:23.297+0000] {dag.py:2915} INFO - Sync 1 DAGs
[2023-09-20T22:43:23.326+0000] {logging_mixin.py:151} INFO - [2023-09-20T22:43:23.325+0000] {dag.py:3696} INFO - Setting next_dagrun for example_setup_teardown_taskflow to 2023-09-19T22:43:23.325439+00:00, run_after=2023-09-20T22:43:23.325439+00:00
[2023-09-20T22:43:23.403+0000] {processor.py:179} INFO - Processing /home/airflow/.local/lib/python3.8/site-packages/airflow/example_dags/example_setup_teardown_taskflow.py took 0.169 seconds
[2023-09-20T22:43:53.980+0000] {processor.py:157} INFO - Started process (PID=2079) to work on /home/airflow/.local/lib/python3.8/site-packages/airflow/example_dags/example_setup_teardown_taskflow.py
[2023-09-20T22:43:53.981+0000] {processor.py:829} INFO - Processing file /home/airflow/.local/lib/python3.8/site-packages/airflow/example_dags/example_setup_teardown_taskflow.py for tasks to queue
[2023-09-20T22:43:53.985+0000] {logging_mixin.py:151} INFO - [2023-09-20T22:43:53.985+0000] {dagbag.py:539} INFO - Filling up the DagBag from /home/airflow/.local/lib/python3.8/site-packages/airflow/example_dags/example_setup_teardown_taskflow.py
[2023-09-20T22:43:53.998+0000] {processor.py:839} INFO - DAG(s) dict_keys(['example_setup_teardown_taskflow']) retrieved from /home/airflow/.local/lib/python3.8/site-packages/airflow/example_dags/example_setup_teardown_taskflow.py
[2023-09-20T22:43:54.030+0000] {logging_mixin.py:151} INFO - [2023-09-20T22:43:54.029+0000] {dag.py:2915} INFO - Sync 1 DAGs
[2023-09-20T22:43:54.062+0000] {logging_mixin.py:151} INFO - [2023-09-20T22:43:54.062+0000] {dag.py:3696} INFO - Setting next_dagrun for example_setup_teardown_taskflow to 2023-09-19T22:43:54.061973+00:00, run_after=2023-09-20T22:43:54.061973+00:00
[2023-09-20T22:43:54.136+0000] {processor.py:179} INFO - Processing /home/airflow/.local/lib/python3.8/site-packages/airflow/example_dags/example_setup_teardown_taskflow.py took 0.163 seconds
[2023-09-20T22:44:24.947+0000] {processor.py:157} INFO - Started process (PID=2142) to work on /home/airflow/.local/lib/python3.8/site-packages/airflow/example_dags/example_setup_teardown_taskflow.py
[2023-09-20T22:44:24.948+0000] {processor.py:829} INFO - Processing file /home/airflow/.local/lib/python3.8/site-packages/airflow/example_dags/example_setup_teardown_taskflow.py for tasks to queue
[2023-09-20T22:44:24.951+0000] {logging_mixin.py:151} INFO - [2023-09-20T22:44:24.951+0000] {dagbag.py:539} INFO - Filling up the DagBag from /home/airflow/.local/lib/python3.8/site-packages/airflow/example_dags/example_setup_teardown_taskflow.py
[2023-09-20T22:44:24.964+0000] {processor.py:839} INFO - DAG(s) dict_keys(['example_setup_teardown_taskflow']) retrieved from /home/airflow/.local/lib/python3.8/site-packages/airflow/example_dags/example_setup_teardown_taskflow.py
[2023-09-20T22:44:24.993+0000] {logging_mixin.py:151} INFO - [2023-09-20T22:44:24.993+0000] {dag.py:2915} INFO - Sync 1 DAGs
[2023-09-20T22:44:25.023+0000] {logging_mixin.py:151} INFO - [2023-09-20T22:44:25.023+0000] {dag.py:3696} INFO - Setting next_dagrun for example_setup_teardown_taskflow to 2023-09-19T22:44:25.023182+00:00, run_after=2023-09-20T22:44:25.023182+00:00
[2023-09-20T22:44:25.049+0000] {processor.py:179} INFO - Processing /home/airflow/.local/lib/python3.8/site-packages/airflow/example_dags/example_setup_teardown_taskflow.py took 0.107 seconds
[2023-09-20T22:44:55.679+0000] {processor.py:157} INFO - Started process (PID=2197) to work on /home/airflow/.local/lib/python3.8/site-packages/airflow/example_dags/example_setup_teardown_taskflow.py
[2023-09-20T22:44:55.680+0000] {processor.py:829} INFO - Processing file /home/airflow/.local/lib/python3.8/site-packages/airflow/example_dags/example_setup_teardown_taskflow.py for tasks to queue
[2023-09-20T22:44:55.683+0000] {logging_mixin.py:151} INFO - [2023-09-20T22:44:55.683+0000] {dagbag.py:539} INFO - Filling up the DagBag from /home/airflow/.local/lib/python3.8/site-packages/airflow/example_dags/example_setup_teardown_taskflow.py
[2023-09-20T22:44:55.696+0000] {processor.py:839} INFO - DAG(s) dict_keys(['example_setup_teardown_taskflow']) retrieved from /home/airflow/.local/lib/python3.8/site-packages/airflow/example_dags/example_setup_teardown_taskflow.py
[2023-09-20T22:44:55.725+0000] {logging_mixin.py:151} INFO - [2023-09-20T22:44:55.725+0000] {dag.py:2915} INFO - Sync 1 DAGs
[2023-09-20T22:44:55.758+0000] {logging_mixin.py:151} INFO - [2023-09-20T22:44:55.758+0000] {dag.py:3696} INFO - Setting next_dagrun for example_setup_teardown_taskflow to 2023-09-19T22:44:55.757825+00:00, run_after=2023-09-20T22:44:55.757825+00:00
[2023-09-20T22:44:55.786+0000] {processor.py:179} INFO - Processing /home/airflow/.local/lib/python3.8/site-packages/airflow/example_dags/example_setup_teardown_taskflow.py took 0.112 seconds
[2023-09-20T22:45:26.748+0000] {processor.py:157} INFO - Started process (PID=2252) to work on /home/airflow/.local/lib/python3.8/site-packages/airflow/example_dags/example_setup_teardown_taskflow.py
[2023-09-20T22:45:26.749+0000] {processor.py:829} INFO - Processing file /home/airflow/.local/lib/python3.8/site-packages/airflow/example_dags/example_setup_teardown_taskflow.py for tasks to queue
[2023-09-20T22:45:26.753+0000] {logging_mixin.py:151} INFO - [2023-09-20T22:45:26.753+0000] {dagbag.py:539} INFO - Filling up the DagBag from /home/airflow/.local/lib/python3.8/site-packages/airflow/example_dags/example_setup_teardown_taskflow.py
[2023-09-20T22:45:26.768+0000] {processor.py:839} INFO - DAG(s) dict_keys(['example_setup_teardown_taskflow']) retrieved from /home/airflow/.local/lib/python3.8/site-packages/airflow/example_dags/example_setup_teardown_taskflow.py
[2023-09-20T22:45:26.811+0000] {logging_mixin.py:151} INFO - [2023-09-20T22:45:26.810+0000] {dag.py:2915} INFO - Sync 1 DAGs
[2023-09-20T22:45:26.854+0000] {logging_mixin.py:151} INFO - [2023-09-20T22:45:26.853+0000] {dag.py:3696} INFO - Setting next_dagrun for example_setup_teardown_taskflow to 2023-09-19T22:45:26.853461+00:00, run_after=2023-09-20T22:45:26.853461+00:00
[2023-09-20T22:45:26.895+0000] {processor.py:179} INFO - Processing /home/airflow/.local/lib/python3.8/site-packages/airflow/example_dags/example_setup_teardown_taskflow.py took 0.153 seconds
[2023-09-20T22:45:57.439+0000] {processor.py:157} INFO - Started process (PID=2307) to work on /home/airflow/.local/lib/python3.8/site-packages/airflow/example_dags/example_setup_teardown_taskflow.py
[2023-09-20T22:45:57.441+0000] {processor.py:829} INFO - Processing file /home/airflow/.local/lib/python3.8/site-packages/airflow/example_dags/example_setup_teardown_taskflow.py for tasks to queue
[2023-09-20T22:45:57.444+0000] {logging_mixin.py:151} INFO - [2023-09-20T22:45:57.444+0000] {dagbag.py:539} INFO - Filling up the DagBag from /home/airflow/.local/lib/python3.8/site-packages/airflow/example_dags/example_setup_teardown_taskflow.py
[2023-09-20T22:45:57.456+0000] {processor.py:839} INFO - DAG(s) dict_keys(['example_setup_teardown_taskflow']) retrieved from /home/airflow/.local/lib/python3.8/site-packages/airflow/example_dags/example_setup_teardown_taskflow.py
[2023-09-20T22:45:57.486+0000] {logging_mixin.py:151} INFO - [2023-09-20T22:45:57.486+0000] {dag.py:2915} INFO - Sync 1 DAGs
[2023-09-20T22:45:57.515+0000] {logging_mixin.py:151} INFO - [2023-09-20T22:45:57.515+0000] {dag.py:3696} INFO - Setting next_dagrun for example_setup_teardown_taskflow to 2023-09-19T22:45:57.515207+00:00, run_after=2023-09-20T22:45:57.515207+00:00
[2023-09-20T22:45:57.547+0000] {processor.py:179} INFO - Processing /home/airflow/.local/lib/python3.8/site-packages/airflow/example_dags/example_setup_teardown_taskflow.py took 0.112 seconds
[2023-09-20T22:46:28.600+0000] {processor.py:157} INFO - Started process (PID=2362) to work on /home/airflow/.local/lib/python3.8/site-packages/airflow/example_dags/example_setup_teardown_taskflow.py
[2023-09-20T22:46:28.602+0000] {processor.py:829} INFO - Processing file /home/airflow/.local/lib/python3.8/site-packages/airflow/example_dags/example_setup_teardown_taskflow.py for tasks to queue
[2023-09-20T22:46:28.605+0000] {logging_mixin.py:151} INFO - [2023-09-20T22:46:28.605+0000] {dagbag.py:539} INFO - Filling up the DagBag from /home/airflow/.local/lib/python3.8/site-packages/airflow/example_dags/example_setup_teardown_taskflow.py
[2023-09-20T22:46:28.617+0000] {processor.py:839} INFO - DAG(s) dict_keys(['example_setup_teardown_taskflow']) retrieved from /home/airflow/.local/lib/python3.8/site-packages/airflow/example_dags/example_setup_teardown_taskflow.py
[2023-09-20T22:46:28.649+0000] {logging_mixin.py:151} INFO - [2023-09-20T22:46:28.649+0000] {dag.py:2915} INFO - Sync 1 DAGs
[2023-09-20T22:46:28.688+0000] {logging_mixin.py:151} INFO - [2023-09-20T22:46:28.688+0000] {dag.py:3696} INFO - Setting next_dagrun for example_setup_teardown_taskflow to 2023-09-19T22:46:28.687493+00:00, run_after=2023-09-20T22:46:28.687493+00:00
[2023-09-20T22:46:28.713+0000] {processor.py:179} INFO - Processing /home/airflow/.local/lib/python3.8/site-packages/airflow/example_dags/example_setup_teardown_taskflow.py took 0.117 seconds
[2023-09-20T22:46:59.374+0000] {processor.py:157} INFO - Started process (PID=2417) to work on /home/airflow/.local/lib/python3.8/site-packages/airflow/example_dags/example_setup_teardown_taskflow.py
[2023-09-20T22:46:59.376+0000] {processor.py:829} INFO - Processing file /home/airflow/.local/lib/python3.8/site-packages/airflow/example_dags/example_setup_teardown_taskflow.py for tasks to queue
[2023-09-20T22:46:59.380+0000] {logging_mixin.py:151} INFO - [2023-09-20T22:46:59.380+0000] {dagbag.py:539} INFO - Filling up the DagBag from /home/airflow/.local/lib/python3.8/site-packages/airflow/example_dags/example_setup_teardown_taskflow.py
[2023-09-20T22:46:59.396+0000] {processor.py:839} INFO - DAG(s) dict_keys(['example_setup_teardown_taskflow']) retrieved from /home/airflow/.local/lib/python3.8/site-packages/airflow/example_dags/example_setup_teardown_taskflow.py
[2023-09-20T22:46:59.426+0000] {logging_mixin.py:151} INFO - [2023-09-20T22:46:59.426+0000] {dag.py:2915} INFO - Sync 1 DAGs
[2023-09-20T22:46:59.458+0000] {logging_mixin.py:151} INFO - [2023-09-20T22:46:59.457+0000] {dag.py:3696} INFO - Setting next_dagrun for example_setup_teardown_taskflow to 2023-09-19T22:46:59.457342+00:00, run_after=2023-09-20T22:46:59.457342+00:00
[2023-09-20T22:46:59.509+0000] {processor.py:179} INFO - Processing /home/airflow/.local/lib/python3.8/site-packages/airflow/example_dags/example_setup_teardown_taskflow.py took 0.143 seconds
[2023-09-20T22:47:30.418+0000] {processor.py:157} INFO - Started process (PID=2472) to work on /home/airflow/.local/lib/python3.8/site-packages/airflow/example_dags/example_setup_teardown_taskflow.py
[2023-09-20T22:47:30.419+0000] {processor.py:829} INFO - Processing file /home/airflow/.local/lib/python3.8/site-packages/airflow/example_dags/example_setup_teardown_taskflow.py for tasks to queue
[2023-09-20T22:47:30.422+0000] {logging_mixin.py:151} INFO - [2023-09-20T22:47:30.422+0000] {dagbag.py:539} INFO - Filling up the DagBag from /home/airflow/.local/lib/python3.8/site-packages/airflow/example_dags/example_setup_teardown_taskflow.py
[2023-09-20T22:47:30.435+0000] {processor.py:839} INFO - DAG(s) dict_keys(['example_setup_teardown_taskflow']) retrieved from /home/airflow/.local/lib/python3.8/site-packages/airflow/example_dags/example_setup_teardown_taskflow.py
[2023-09-20T22:47:30.464+0000] {logging_mixin.py:151} INFO - [2023-09-20T22:47:30.463+0000] {dag.py:2915} INFO - Sync 1 DAGs
[2023-09-20T22:47:30.491+0000] {logging_mixin.py:151} INFO - [2023-09-20T22:47:30.490+0000] {dag.py:3696} INFO - Setting next_dagrun for example_setup_teardown_taskflow to 2023-09-19T22:47:30.490568+00:00, run_after=2023-09-20T22:47:30.490568+00:00
[2023-09-20T22:47:30.543+0000] {processor.py:179} INFO - Processing /home/airflow/.local/lib/python3.8/site-packages/airflow/example_dags/example_setup_teardown_taskflow.py took 0.130 seconds
[2023-09-20T22:48:00.943+0000] {processor.py:157} INFO - Started process (PID=2527) to work on /home/airflow/.local/lib/python3.8/site-packages/airflow/example_dags/example_setup_teardown_taskflow.py
[2023-09-20T22:48:00.944+0000] {processor.py:829} INFO - Processing file /home/airflow/.local/lib/python3.8/site-packages/airflow/example_dags/example_setup_teardown_taskflow.py for tasks to queue
[2023-09-20T22:48:00.948+0000] {logging_mixin.py:151} INFO - [2023-09-20T22:48:00.947+0000] {dagbag.py:539} INFO - Filling up the DagBag from /home/airflow/.local/lib/python3.8/site-packages/airflow/example_dags/example_setup_teardown_taskflow.py
[2023-09-20T22:48:00.962+0000] {processor.py:839} INFO - DAG(s) dict_keys(['example_setup_teardown_taskflow']) retrieved from /home/airflow/.local/lib/python3.8/site-packages/airflow/example_dags/example_setup_teardown_taskflow.py
[2023-09-20T22:48:00.993+0000] {logging_mixin.py:151} INFO - [2023-09-20T22:48:00.993+0000] {dag.py:2915} INFO - Sync 1 DAGs
[2023-09-20T22:48:01.022+0000] {logging_mixin.py:151} INFO - [2023-09-20T22:48:01.022+0000] {dag.py:3696} INFO - Setting next_dagrun for example_setup_teardown_taskflow to 2023-09-19T22:48:01.022137+00:00, run_after=2023-09-20T22:48:01.022137+00:00
[2023-09-20T22:48:01.049+0000] {processor.py:179} INFO - Processing /home/airflow/.local/lib/python3.8/site-packages/airflow/example_dags/example_setup_teardown_taskflow.py took 0.111 seconds
[2023-09-20T22:48:31.485+0000] {processor.py:157} INFO - Started process (PID=2582) to work on /home/airflow/.local/lib/python3.8/site-packages/airflow/example_dags/example_setup_teardown_taskflow.py
[2023-09-20T22:48:31.486+0000] {processor.py:829} INFO - Processing file /home/airflow/.local/lib/python3.8/site-packages/airflow/example_dags/example_setup_teardown_taskflow.py for tasks to queue
[2023-09-20T22:48:31.491+0000] {logging_mixin.py:151} INFO - [2023-09-20T22:48:31.490+0000] {dagbag.py:539} INFO - Filling up the DagBag from /home/airflow/.local/lib/python3.8/site-packages/airflow/example_dags/example_setup_teardown_taskflow.py
[2023-09-20T22:48:31.507+0000] {processor.py:839} INFO - DAG(s) dict_keys(['example_setup_teardown_taskflow']) retrieved from /home/airflow/.local/lib/python3.8/site-packages/airflow/example_dags/example_setup_teardown_taskflow.py
[2023-09-20T22:48:31.537+0000] {logging_mixin.py:151} INFO - [2023-09-20T22:48:31.537+0000] {dag.py:2915} INFO - Sync 1 DAGs
[2023-09-20T22:48:31.577+0000] {logging_mixin.py:151} INFO - [2023-09-20T22:48:31.576+0000] {dag.py:3696} INFO - Setting next_dagrun for example_setup_teardown_taskflow to 2023-09-19T22:48:31.576304+00:00, run_after=2023-09-20T22:48:31.576304+00:00
[2023-09-20T22:48:31.604+0000] {processor.py:179} INFO - Processing /home/airflow/.local/lib/python3.8/site-packages/airflow/example_dags/example_setup_teardown_taskflow.py took 0.123 seconds
[2023-09-20T22:49:02.432+0000] {processor.py:157} INFO - Started process (PID=2637) to work on /home/airflow/.local/lib/python3.8/site-packages/airflow/example_dags/example_setup_teardown_taskflow.py
[2023-09-20T22:49:02.434+0000] {processor.py:829} INFO - Processing file /home/airflow/.local/lib/python3.8/site-packages/airflow/example_dags/example_setup_teardown_taskflow.py for tasks to queue
[2023-09-20T22:49:02.439+0000] {logging_mixin.py:151} INFO - [2023-09-20T22:49:02.438+0000] {dagbag.py:539} INFO - Filling up the DagBag from /home/airflow/.local/lib/python3.8/site-packages/airflow/example_dags/example_setup_teardown_taskflow.py
[2023-09-20T22:49:02.456+0000] {processor.py:839} INFO - DAG(s) dict_keys(['example_setup_teardown_taskflow']) retrieved from /home/airflow/.local/lib/python3.8/site-packages/airflow/example_dags/example_setup_teardown_taskflow.py
[2023-09-20T22:49:02.497+0000] {logging_mixin.py:151} INFO - [2023-09-20T22:49:02.496+0000] {dag.py:2915} INFO - Sync 1 DAGs
[2023-09-20T22:49:02.533+0000] {logging_mixin.py:151} INFO - [2023-09-20T22:49:02.532+0000] {dag.py:3696} INFO - Setting next_dagrun for example_setup_teardown_taskflow to 2023-09-19T22:49:02.532476+00:00, run_after=2023-09-20T22:49:02.532476+00:00
[2023-09-20T22:49:02.577+0000] {processor.py:179} INFO - Processing /home/airflow/.local/lib/python3.8/site-packages/airflow/example_dags/example_setup_teardown_taskflow.py took 0.152 seconds
[2023-09-20T22:49:32.874+0000] {processor.py:157} INFO - Started process (PID=2692) to work on /home/airflow/.local/lib/python3.8/site-packages/airflow/example_dags/example_setup_teardown_taskflow.py
[2023-09-20T22:49:32.876+0000] {processor.py:829} INFO - Processing file /home/airflow/.local/lib/python3.8/site-packages/airflow/example_dags/example_setup_teardown_taskflow.py for tasks to queue
[2023-09-20T22:49:32.879+0000] {logging_mixin.py:151} INFO - [2023-09-20T22:49:32.879+0000] {dagbag.py:539} INFO - Filling up the DagBag from /home/airflow/.local/lib/python3.8/site-packages/airflow/example_dags/example_setup_teardown_taskflow.py
[2023-09-20T22:49:32.892+0000] {processor.py:839} INFO - DAG(s) dict_keys(['example_setup_teardown_taskflow']) retrieved from /home/airflow/.local/lib/python3.8/site-packages/airflow/example_dags/example_setup_teardown_taskflow.py
[2023-09-20T22:49:32.932+0000] {logging_mixin.py:151} INFO - [2023-09-20T22:49:32.931+0000] {dag.py:2915} INFO - Sync 1 DAGs
[2023-09-20T22:49:32.971+0000] {logging_mixin.py:151} INFO - [2023-09-20T22:49:32.971+0000] {dag.py:3696} INFO - Setting next_dagrun for example_setup_teardown_taskflow to 2023-09-19T22:49:32.971238+00:00, run_after=2023-09-20T22:49:32.971238+00:00
[2023-09-20T22:49:33.071+0000] {processor.py:179} INFO - Processing /home/airflow/.local/lib/python3.8/site-packages/airflow/example_dags/example_setup_teardown_taskflow.py took 0.201 seconds
[2023-09-20T22:50:03.129+0000] {processor.py:157} INFO - Started process (PID=2747) to work on /home/airflow/.local/lib/python3.8/site-packages/airflow/example_dags/example_setup_teardown_taskflow.py
[2023-09-20T22:50:03.131+0000] {processor.py:829} INFO - Processing file /home/airflow/.local/lib/python3.8/site-packages/airflow/example_dags/example_setup_teardown_taskflow.py for tasks to queue
[2023-09-20T22:50:03.135+0000] {logging_mixin.py:151} INFO - [2023-09-20T22:50:03.134+0000] {dagbag.py:539} INFO - Filling up the DagBag from /home/airflow/.local/lib/python3.8/site-packages/airflow/example_dags/example_setup_teardown_taskflow.py
[2023-09-20T22:50:03.148+0000] {processor.py:839} INFO - DAG(s) dict_keys(['example_setup_teardown_taskflow']) retrieved from /home/airflow/.local/lib/python3.8/site-packages/airflow/example_dags/example_setup_teardown_taskflow.py
[2023-09-20T22:50:03.179+0000] {logging_mixin.py:151} INFO - [2023-09-20T22:50:03.179+0000] {dag.py:2915} INFO - Sync 1 DAGs
[2023-09-20T22:50:03.208+0000] {logging_mixin.py:151} INFO - [2023-09-20T22:50:03.208+0000] {dag.py:3696} INFO - Setting next_dagrun for example_setup_teardown_taskflow to 2023-09-19T22:50:03.208387+00:00, run_after=2023-09-20T22:50:03.208387+00:00
[2023-09-20T22:50:03.243+0000] {processor.py:179} INFO - Processing /home/airflow/.local/lib/python3.8/site-packages/airflow/example_dags/example_setup_teardown_taskflow.py took 0.119 seconds
[2023-09-20T22:50:33.638+0000] {processor.py:157} INFO - Started process (PID=2802) to work on /home/airflow/.local/lib/python3.8/site-packages/airflow/example_dags/example_setup_teardown_taskflow.py
[2023-09-20T22:50:33.640+0000] {processor.py:829} INFO - Processing file /home/airflow/.local/lib/python3.8/site-packages/airflow/example_dags/example_setup_teardown_taskflow.py for tasks to queue
[2023-09-20T22:50:33.643+0000] {logging_mixin.py:151} INFO - [2023-09-20T22:50:33.643+0000] {dagbag.py:539} INFO - Filling up the DagBag from /home/airflow/.local/lib/python3.8/site-packages/airflow/example_dags/example_setup_teardown_taskflow.py
[2023-09-20T22:50:33.656+0000] {processor.py:839} INFO - DAG(s) dict_keys(['example_setup_teardown_taskflow']) retrieved from /home/airflow/.local/lib/python3.8/site-packages/airflow/example_dags/example_setup_teardown_taskflow.py
[2023-09-20T22:50:33.687+0000] {logging_mixin.py:151} INFO - [2023-09-20T22:50:33.686+0000] {dag.py:2915} INFO - Sync 1 DAGs
[2023-09-20T22:50:33.724+0000] {logging_mixin.py:151} INFO - [2023-09-20T22:50:33.724+0000] {dag.py:3696} INFO - Setting next_dagrun for example_setup_teardown_taskflow to 2023-09-19T22:50:33.723866+00:00, run_after=2023-09-20T22:50:33.723866+00:00
[2023-09-20T22:50:33.753+0000] {processor.py:179} INFO - Processing /home/airflow/.local/lib/python3.8/site-packages/airflow/example_dags/example_setup_teardown_taskflow.py took 0.119 seconds
[2023-09-20T22:51:04.305+0000] {processor.py:157} INFO - Started process (PID=2857) to work on /home/airflow/.local/lib/python3.8/site-packages/airflow/example_dags/example_setup_teardown_taskflow.py
[2023-09-20T22:51:04.306+0000] {processor.py:829} INFO - Processing file /home/airflow/.local/lib/python3.8/site-packages/airflow/example_dags/example_setup_teardown_taskflow.py for tasks to queue
[2023-09-20T22:51:04.311+0000] {logging_mixin.py:151} INFO - [2023-09-20T22:51:04.310+0000] {dagbag.py:539} INFO - Filling up the DagBag from /home/airflow/.local/lib/python3.8/site-packages/airflow/example_dags/example_setup_teardown_taskflow.py
[2023-09-20T22:51:04.323+0000] {processor.py:839} INFO - DAG(s) dict_keys(['example_setup_teardown_taskflow']) retrieved from /home/airflow/.local/lib/python3.8/site-packages/airflow/example_dags/example_setup_teardown_taskflow.py
[2023-09-20T22:51:04.353+0000] {logging_mixin.py:151} INFO - [2023-09-20T22:51:04.352+0000] {dag.py:2915} INFO - Sync 1 DAGs
[2023-09-20T22:51:04.383+0000] {logging_mixin.py:151} INFO - [2023-09-20T22:51:04.383+0000] {dag.py:3696} INFO - Setting next_dagrun for example_setup_teardown_taskflow to 2023-09-19T22:51:04.383265+00:00, run_after=2023-09-20T22:51:04.383265+00:00
[2023-09-20T22:51:04.416+0000] {processor.py:179} INFO - Processing /home/airflow/.local/lib/python3.8/site-packages/airflow/example_dags/example_setup_teardown_taskflow.py took 0.117 seconds
[2023-09-20T22:51:34.651+0000] {processor.py:157} INFO - Started process (PID=2912) to work on /home/airflow/.local/lib/python3.8/site-packages/airflow/example_dags/example_setup_teardown_taskflow.py
[2023-09-20T22:51:34.653+0000] {processor.py:829} INFO - Processing file /home/airflow/.local/lib/python3.8/site-packages/airflow/example_dags/example_setup_teardown_taskflow.py for tasks to queue
[2023-09-20T22:51:34.656+0000] {logging_mixin.py:151} INFO - [2023-09-20T22:51:34.656+0000] {dagbag.py:539} INFO - Filling up the DagBag from /home/airflow/.local/lib/python3.8/site-packages/airflow/example_dags/example_setup_teardown_taskflow.py
[2023-09-20T22:51:34.668+0000] {processor.py:839} INFO - DAG(s) dict_keys(['example_setup_teardown_taskflow']) retrieved from /home/airflow/.local/lib/python3.8/site-packages/airflow/example_dags/example_setup_teardown_taskflow.py
[2023-09-20T22:51:34.698+0000] {logging_mixin.py:151} INFO - [2023-09-20T22:51:34.697+0000] {dag.py:2915} INFO - Sync 1 DAGs
[2023-09-20T22:51:34.726+0000] {logging_mixin.py:151} INFO - [2023-09-20T22:51:34.726+0000] {dag.py:3696} INFO - Setting next_dagrun for example_setup_teardown_taskflow to 2023-09-19T22:51:34.725788+00:00, run_after=2023-09-20T22:51:34.725788+00:00
[2023-09-20T22:51:34.751+0000] {processor.py:179} INFO - Processing /home/airflow/.local/lib/python3.8/site-packages/airflow/example_dags/example_setup_teardown_taskflow.py took 0.106 seconds
[2023-09-20T22:52:04.885+0000] {processor.py:157} INFO - Started process (PID=2968) to work on /home/airflow/.local/lib/python3.8/site-packages/airflow/example_dags/example_setup_teardown_taskflow.py
[2023-09-20T22:52:04.888+0000] {processor.py:829} INFO - Processing file /home/airflow/.local/lib/python3.8/site-packages/airflow/example_dags/example_setup_teardown_taskflow.py for tasks to queue
[2023-09-20T22:52:04.892+0000] {logging_mixin.py:151} INFO - [2023-09-20T22:52:04.892+0000] {dagbag.py:539} INFO - Filling up the DagBag from /home/airflow/.local/lib/python3.8/site-packages/airflow/example_dags/example_setup_teardown_taskflow.py
[2023-09-20T22:52:04.909+0000] {processor.py:839} INFO - DAG(s) dict_keys(['example_setup_teardown_taskflow']) retrieved from /home/airflow/.local/lib/python3.8/site-packages/airflow/example_dags/example_setup_teardown_taskflow.py
[2023-09-20T22:52:04.956+0000] {logging_mixin.py:151} INFO - [2023-09-20T22:52:04.955+0000] {dag.py:2915} INFO - Sync 1 DAGs
[2023-09-20T22:52:04.984+0000] {logging_mixin.py:151} INFO - [2023-09-20T22:52:04.984+0000] {dag.py:3696} INFO - Setting next_dagrun for example_setup_teardown_taskflow to 2023-09-19T22:52:04.984316+00:00, run_after=2023-09-20T22:52:04.984316+00:00
[2023-09-20T22:52:05.014+0000] {processor.py:179} INFO - Processing /home/airflow/.local/lib/python3.8/site-packages/airflow/example_dags/example_setup_teardown_taskflow.py took 0.135 seconds
[2023-09-20T23:11:32.306+0000] {processor.py:157} INFO - Started process (PID=44) to work on /home/airflow/.local/lib/python3.8/site-packages/airflow/example_dags/example_setup_teardown_taskflow.py
[2023-09-20T23:11:32.308+0000] {processor.py:829} INFO - Processing file /home/airflow/.local/lib/python3.8/site-packages/airflow/example_dags/example_setup_teardown_taskflow.py for tasks to queue
[2023-09-20T23:11:32.310+0000] {logging_mixin.py:151} INFO - [2023-09-20T23:11:32.310+0000] {dagbag.py:539} INFO - Filling up the DagBag from /home/airflow/.local/lib/python3.8/site-packages/airflow/example_dags/example_setup_teardown_taskflow.py
[2023-09-20T23:11:32.322+0000] {processor.py:839} INFO - DAG(s) dict_keys(['example_setup_teardown_taskflow']) retrieved from /home/airflow/.local/lib/python3.8/site-packages/airflow/example_dags/example_setup_teardown_taskflow.py
[2023-09-20T23:11:32.343+0000] {logging_mixin.py:151} INFO - [2023-09-20T23:11:32.343+0000] {dag.py:2915} INFO - Sync 1 DAGs
[2023-09-20T23:11:32.377+0000] {logging_mixin.py:151} INFO - [2023-09-20T23:11:32.377+0000] {dag.py:3696} INFO - Setting next_dagrun for example_setup_teardown_taskflow to 2023-09-19T23:11:32.376983+00:00, run_after=2023-09-20T23:11:32.376983+00:00
[2023-09-20T23:11:32.402+0000] {processor.py:179} INFO - Processing /home/airflow/.local/lib/python3.8/site-packages/airflow/example_dags/example_setup_teardown_taskflow.py took 0.100 seconds
[2023-09-20T23:12:02.887+0000] {processor.py:157} INFO - Started process (PID=99) to work on /home/airflow/.local/lib/python3.8/site-packages/airflow/example_dags/example_setup_teardown_taskflow.py
[2023-09-20T23:12:02.889+0000] {processor.py:829} INFO - Processing file /home/airflow/.local/lib/python3.8/site-packages/airflow/example_dags/example_setup_teardown_taskflow.py for tasks to queue
[2023-09-20T23:12:02.892+0000] {logging_mixin.py:151} INFO - [2023-09-20T23:12:02.892+0000] {dagbag.py:539} INFO - Filling up the DagBag from /home/airflow/.local/lib/python3.8/site-packages/airflow/example_dags/example_setup_teardown_taskflow.py
[2023-09-20T23:12:02.907+0000] {processor.py:839} INFO - DAG(s) dict_keys(['example_setup_teardown_taskflow']) retrieved from /home/airflow/.local/lib/python3.8/site-packages/airflow/example_dags/example_setup_teardown_taskflow.py
[2023-09-20T23:12:02.944+0000] {logging_mixin.py:151} INFO - [2023-09-20T23:12:02.944+0000] {dag.py:2915} INFO - Sync 1 DAGs
[2023-09-20T23:12:02.980+0000] {logging_mixin.py:151} INFO - [2023-09-20T23:12:02.979+0000] {dag.py:3696} INFO - Setting next_dagrun for example_setup_teardown_taskflow to 2023-09-19T23:12:02.979542+00:00, run_after=2023-09-20T23:12:02.979542+00:00
[2023-09-20T23:12:03.023+0000] {processor.py:179} INFO - Processing /home/airflow/.local/lib/python3.8/site-packages/airflow/example_dags/example_setup_teardown_taskflow.py took 0.143 seconds
[2023-09-20T23:12:34.025+0000] {processor.py:157} INFO - Started process (PID=154) to work on /home/airflow/.local/lib/python3.8/site-packages/airflow/example_dags/example_setup_teardown_taskflow.py
[2023-09-20T23:12:34.027+0000] {processor.py:829} INFO - Processing file /home/airflow/.local/lib/python3.8/site-packages/airflow/example_dags/example_setup_teardown_taskflow.py for tasks to queue
[2023-09-20T23:12:34.031+0000] {logging_mixin.py:151} INFO - [2023-09-20T23:12:34.030+0000] {dagbag.py:539} INFO - Filling up the DagBag from /home/airflow/.local/lib/python3.8/site-packages/airflow/example_dags/example_setup_teardown_taskflow.py
[2023-09-20T23:12:34.044+0000] {processor.py:839} INFO - DAG(s) dict_keys(['example_setup_teardown_taskflow']) retrieved from /home/airflow/.local/lib/python3.8/site-packages/airflow/example_dags/example_setup_teardown_taskflow.py
[2023-09-20T23:12:34.077+0000] {logging_mixin.py:151} INFO - [2023-09-20T23:12:34.077+0000] {dag.py:2915} INFO - Sync 1 DAGs
[2023-09-20T23:12:34.108+0000] {logging_mixin.py:151} INFO - [2023-09-20T23:12:34.108+0000] {dag.py:3696} INFO - Setting next_dagrun for example_setup_teardown_taskflow to 2023-09-19T23:12:34.107752+00:00, run_after=2023-09-20T23:12:34.107752+00:00
[2023-09-20T23:12:34.661+0000] {processor.py:179} INFO - Processing /home/airflow/.local/lib/python3.8/site-packages/airflow/example_dags/example_setup_teardown_taskflow.py took 0.640 seconds
[2023-09-20T23:13:04.816+0000] {processor.py:157} INFO - Started process (PID=209) to work on /home/airflow/.local/lib/python3.8/site-packages/airflow/example_dags/example_setup_teardown_taskflow.py
[2023-09-20T23:13:04.818+0000] {processor.py:829} INFO - Processing file /home/airflow/.local/lib/python3.8/site-packages/airflow/example_dags/example_setup_teardown_taskflow.py for tasks to queue
[2023-09-20T23:13:04.823+0000] {logging_mixin.py:151} INFO - [2023-09-20T23:13:04.823+0000] {dagbag.py:539} INFO - Filling up the DagBag from /home/airflow/.local/lib/python3.8/site-packages/airflow/example_dags/example_setup_teardown_taskflow.py
[2023-09-20T23:13:04.837+0000] {processor.py:839} INFO - DAG(s) dict_keys(['example_setup_teardown_taskflow']) retrieved from /home/airflow/.local/lib/python3.8/site-packages/airflow/example_dags/example_setup_teardown_taskflow.py
[2023-09-20T23:13:04.879+0000] {logging_mixin.py:151} INFO - [2023-09-20T23:13:04.879+0000] {dag.py:2915} INFO - Sync 1 DAGs
[2023-09-20T23:13:04.916+0000] {logging_mixin.py:151} INFO - [2023-09-20T23:13:04.915+0000] {dag.py:3696} INFO - Setting next_dagrun for example_setup_teardown_taskflow to 2023-09-19T23:13:04.915359+00:00, run_after=2023-09-20T23:13:04.915359+00:00
[2023-09-20T23:13:05.288+0000] {processor.py:179} INFO - Processing /home/airflow/.local/lib/python3.8/site-packages/airflow/example_dags/example_setup_teardown_taskflow.py took 0.480 seconds
