[2023-09-20T22:15:30.237+0000] {processor.py:157} INFO - Started process (PID=60) to work on /home/airflow/.local/lib/python3.8/site-packages/airflow/example_dags/example_sla_dag.py
[2023-09-20T22:15:30.238+0000] {processor.py:829} INFO - Processing file /home/airflow/.local/lib/python3.8/site-packages/airflow/example_dags/example_sla_dag.py for tasks to queue
[2023-09-20T22:15:30.242+0000] {logging_mixin.py:151} INFO - [2023-09-20T22:15:30.241+0000] {dagbag.py:539} INFO - Filling up the DagBag from /home/airflow/.local/lib/python3.8/site-packages/airflow/example_dags/example_sla_dag.py
[2023-09-20T22:15:30.279+0000] {processor.py:839} INFO - DAG(s) dict_keys(['example_sla_dag']) retrieved from /home/airflow/.local/lib/python3.8/site-packages/airflow/example_dags/example_sla_dag.py
[2023-09-20T22:15:30.297+0000] {logging_mixin.py:151} INFO - [2023-09-20T22:15:30.297+0000] {dag.py:2915} INFO - Sync 1 DAGs
[2023-09-20T22:15:30.341+0000] {logging_mixin.py:151} INFO - [2023-09-20T22:15:30.341+0000] {dag.py:3696} INFO - Setting next_dagrun for example_sla_dag to 2023-09-20T22:12:00+00:00, run_after=2023-09-20T22:14:00+00:00
[2023-09-20T22:15:30.393+0000] {processor.py:179} INFO - Processing /home/airflow/.local/lib/python3.8/site-packages/airflow/example_dags/example_sla_dag.py took 0.161 seconds
[2023-09-20T22:16:00.735+0000] {processor.py:157} INFO - Started process (PID=114) to work on /home/airflow/.local/lib/python3.8/site-packages/airflow/example_dags/example_sla_dag.py
[2023-09-20T22:16:00.736+0000] {processor.py:829} INFO - Processing file /home/airflow/.local/lib/python3.8/site-packages/airflow/example_dags/example_sla_dag.py for tasks to queue
[2023-09-20T22:16:00.740+0000] {logging_mixin.py:151} INFO - [2023-09-20T22:16:00.740+0000] {dagbag.py:539} INFO - Filling up the DagBag from /home/airflow/.local/lib/python3.8/site-packages/airflow/example_dags/example_sla_dag.py
[2023-09-20T22:16:00.757+0000] {processor.py:839} INFO - DAG(s) dict_keys(['example_sla_dag']) retrieved from /home/airflow/.local/lib/python3.8/site-packages/airflow/example_dags/example_sla_dag.py
[2023-09-20T22:16:00.785+0000] {logging_mixin.py:151} INFO - [2023-09-20T22:16:00.785+0000] {dag.py:2915} INFO - Sync 1 DAGs
[2023-09-20T22:16:00.818+0000] {logging_mixin.py:151} INFO - [2023-09-20T22:16:00.817+0000] {dag.py:3696} INFO - Setting next_dagrun for example_sla_dag to 2023-09-20T22:14:00+00:00, run_after=2023-09-20T22:16:00+00:00
[2023-09-20T22:16:00.865+0000] {processor.py:179} INFO - Processing /home/airflow/.local/lib/python3.8/site-packages/airflow/example_dags/example_sla_dag.py took 0.134 seconds
[2023-09-20T22:16:31.418+0000] {processor.py:157} INFO - Started process (PID=168) to work on /home/airflow/.local/lib/python3.8/site-packages/airflow/example_dags/example_sla_dag.py
[2023-09-20T22:16:31.420+0000] {processor.py:829} INFO - Processing file /home/airflow/.local/lib/python3.8/site-packages/airflow/example_dags/example_sla_dag.py for tasks to queue
[2023-09-20T22:16:31.423+0000] {logging_mixin.py:151} INFO - [2023-09-20T22:16:31.423+0000] {dagbag.py:539} INFO - Filling up the DagBag from /home/airflow/.local/lib/python3.8/site-packages/airflow/example_dags/example_sla_dag.py
[2023-09-20T22:16:31.437+0000] {processor.py:839} INFO - DAG(s) dict_keys(['example_sla_dag']) retrieved from /home/airflow/.local/lib/python3.8/site-packages/airflow/example_dags/example_sla_dag.py
[2023-09-20T22:16:31.468+0000] {logging_mixin.py:151} INFO - [2023-09-20T22:16:31.468+0000] {dag.py:2915} INFO - Sync 1 DAGs
[2023-09-20T22:16:31.512+0000] {logging_mixin.py:151} INFO - [2023-09-20T22:16:31.511+0000] {dag.py:3696} INFO - Setting next_dagrun for example_sla_dag to 2023-09-20T22:14:00+00:00, run_after=2023-09-20T22:16:00+00:00
[2023-09-20T22:16:31.545+0000] {processor.py:179} INFO - Processing /home/airflow/.local/lib/python3.8/site-packages/airflow/example_dags/example_sla_dag.py took 0.132 seconds
[2023-09-20T22:17:03.078+0000] {processor.py:157} INFO - Started process (PID=222) to work on /home/airflow/.local/lib/python3.8/site-packages/airflow/example_dags/example_sla_dag.py
[2023-09-20T22:17:03.079+0000] {processor.py:829} INFO - Processing file /home/airflow/.local/lib/python3.8/site-packages/airflow/example_dags/example_sla_dag.py for tasks to queue
[2023-09-20T22:17:03.083+0000] {logging_mixin.py:151} INFO - [2023-09-20T22:17:03.082+0000] {dagbag.py:539} INFO - Filling up the DagBag from /home/airflow/.local/lib/python3.8/site-packages/airflow/example_dags/example_sla_dag.py
[2023-09-20T22:17:03.097+0000] {processor.py:839} INFO - DAG(s) dict_keys(['example_sla_dag']) retrieved from /home/airflow/.local/lib/python3.8/site-packages/airflow/example_dags/example_sla_dag.py
[2023-09-20T22:17:03.134+0000] {logging_mixin.py:151} INFO - [2023-09-20T22:17:03.133+0000] {dag.py:2915} INFO - Sync 1 DAGs
[2023-09-20T22:17:03.180+0000] {logging_mixin.py:151} INFO - [2023-09-20T22:17:03.180+0000] {dag.py:3696} INFO - Setting next_dagrun for example_sla_dag to 2023-09-20T22:14:00+00:00, run_after=2023-09-20T22:16:00+00:00
[2023-09-20T22:17:03.217+0000] {processor.py:179} INFO - Processing /home/airflow/.local/lib/python3.8/site-packages/airflow/example_dags/example_sla_dag.py took 0.144 seconds
[2023-09-20T22:25:01.953+0000] {processor.py:157} INFO - Started process (PID=60) to work on /home/airflow/.local/lib/python3.8/site-packages/airflow/example_dags/example_sla_dag.py
[2023-09-20T22:25:01.956+0000] {processor.py:829} INFO - Processing file /home/airflow/.local/lib/python3.8/site-packages/airflow/example_dags/example_sla_dag.py for tasks to queue
[2023-09-20T22:25:01.961+0000] {logging_mixin.py:151} INFO - [2023-09-20T22:25:01.960+0000] {dagbag.py:539} INFO - Filling up the DagBag from /home/airflow/.local/lib/python3.8/site-packages/airflow/example_dags/example_sla_dag.py
[2023-09-20T22:25:01.980+0000] {processor.py:839} INFO - DAG(s) dict_keys(['example_sla_dag']) retrieved from /home/airflow/.local/lib/python3.8/site-packages/airflow/example_dags/example_sla_dag.py
[2023-09-20T22:25:01.998+0000] {logging_mixin.py:151} INFO - [2023-09-20T22:25:01.998+0000] {dag.py:2915} INFO - Sync 1 DAGs
[2023-09-20T22:25:02.033+0000] {logging_mixin.py:151} INFO - [2023-09-20T22:25:02.032+0000] {dag.py:3696} INFO - Setting next_dagrun for example_sla_dag to 2023-09-20T22:22:00+00:00, run_after=2023-09-20T22:24:00+00:00
[2023-09-20T22:25:02.063+0000] {processor.py:179} INFO - Processing /home/airflow/.local/lib/python3.8/site-packages/airflow/example_dags/example_sla_dag.py took 0.119 seconds
[2023-09-20T22:25:32.380+0000] {processor.py:157} INFO - Started process (PID=115) to work on /home/airflow/.local/lib/python3.8/site-packages/airflow/example_dags/example_sla_dag.py
[2023-09-20T22:25:32.382+0000] {processor.py:829} INFO - Processing file /home/airflow/.local/lib/python3.8/site-packages/airflow/example_dags/example_sla_dag.py for tasks to queue
[2023-09-20T22:25:32.386+0000] {logging_mixin.py:151} INFO - [2023-09-20T22:25:32.385+0000] {dagbag.py:539} INFO - Filling up the DagBag from /home/airflow/.local/lib/python3.8/site-packages/airflow/example_dags/example_sla_dag.py
[2023-09-20T22:25:32.397+0000] {processor.py:839} INFO - DAG(s) dict_keys(['example_sla_dag']) retrieved from /home/airflow/.local/lib/python3.8/site-packages/airflow/example_dags/example_sla_dag.py
[2023-09-20T22:25:32.425+0000] {logging_mixin.py:151} INFO - [2023-09-20T22:25:32.424+0000] {dag.py:2915} INFO - Sync 1 DAGs
[2023-09-20T22:25:32.457+0000] {logging_mixin.py:151} INFO - [2023-09-20T22:25:32.457+0000] {dag.py:3696} INFO - Setting next_dagrun for example_sla_dag to 2023-09-20T22:22:00+00:00, run_after=2023-09-20T22:24:00+00:00
[2023-09-20T22:25:32.485+0000] {processor.py:179} INFO - Processing /home/airflow/.local/lib/python3.8/site-packages/airflow/example_dags/example_sla_dag.py took 0.109 seconds
[2023-09-20T22:26:03.298+0000] {processor.py:157} INFO - Started process (PID=170) to work on /home/airflow/.local/lib/python3.8/site-packages/airflow/example_dags/example_sla_dag.py
[2023-09-20T22:26:03.299+0000] {processor.py:829} INFO - Processing file /home/airflow/.local/lib/python3.8/site-packages/airflow/example_dags/example_sla_dag.py for tasks to queue
[2023-09-20T22:26:03.303+0000] {logging_mixin.py:151} INFO - [2023-09-20T22:26:03.302+0000] {dagbag.py:539} INFO - Filling up the DagBag from /home/airflow/.local/lib/python3.8/site-packages/airflow/example_dags/example_sla_dag.py
[2023-09-20T22:26:03.314+0000] {processor.py:839} INFO - DAG(s) dict_keys(['example_sla_dag']) retrieved from /home/airflow/.local/lib/python3.8/site-packages/airflow/example_dags/example_sla_dag.py
[2023-09-20T22:26:03.345+0000] {logging_mixin.py:151} INFO - [2023-09-20T22:26:03.344+0000] {dag.py:2915} INFO - Sync 1 DAGs
[2023-09-20T22:26:03.395+0000] {logging_mixin.py:151} INFO - [2023-09-20T22:26:03.395+0000] {dag.py:3696} INFO - Setting next_dagrun for example_sla_dag to 2023-09-20T22:24:00+00:00, run_after=2023-09-20T22:26:00+00:00
[2023-09-20T22:26:03.423+0000] {processor.py:179} INFO - Processing /home/airflow/.local/lib/python3.8/site-packages/airflow/example_dags/example_sla_dag.py took 0.130 seconds
[2023-09-20T22:26:35.134+0000] {processor.py:157} INFO - Started process (PID=225) to work on /home/airflow/.local/lib/python3.8/site-packages/airflow/example_dags/example_sla_dag.py
[2023-09-20T22:26:35.135+0000] {processor.py:829} INFO - Processing file /home/airflow/.local/lib/python3.8/site-packages/airflow/example_dags/example_sla_dag.py for tasks to queue
[2023-09-20T22:26:35.139+0000] {logging_mixin.py:151} INFO - [2023-09-20T22:26:35.139+0000] {dagbag.py:539} INFO - Filling up the DagBag from /home/airflow/.local/lib/python3.8/site-packages/airflow/example_dags/example_sla_dag.py
[2023-09-20T22:26:35.153+0000] {processor.py:839} INFO - DAG(s) dict_keys(['example_sla_dag']) retrieved from /home/airflow/.local/lib/python3.8/site-packages/airflow/example_dags/example_sla_dag.py
[2023-09-20T22:26:35.179+0000] {logging_mixin.py:151} INFO - [2023-09-20T22:26:35.178+0000] {dag.py:2915} INFO - Sync 1 DAGs
[2023-09-20T22:26:35.224+0000] {logging_mixin.py:151} INFO - [2023-09-20T22:26:35.224+0000] {dag.py:3696} INFO - Setting next_dagrun for example_sla_dag to 2023-09-20T22:24:00+00:00, run_after=2023-09-20T22:26:00+00:00
[2023-09-20T22:26:35.253+0000] {processor.py:179} INFO - Processing /home/airflow/.local/lib/python3.8/site-packages/airflow/example_dags/example_sla_dag.py took 0.124 seconds
[2023-09-20T22:27:05.754+0000] {processor.py:157} INFO - Started process (PID=280) to work on /home/airflow/.local/lib/python3.8/site-packages/airflow/example_dags/example_sla_dag.py
[2023-09-20T22:27:05.756+0000] {processor.py:829} INFO - Processing file /home/airflow/.local/lib/python3.8/site-packages/airflow/example_dags/example_sla_dag.py for tasks to queue
[2023-09-20T22:27:05.759+0000] {logging_mixin.py:151} INFO - [2023-09-20T22:27:05.759+0000] {dagbag.py:539} INFO - Filling up the DagBag from /home/airflow/.local/lib/python3.8/site-packages/airflow/example_dags/example_sla_dag.py
[2023-09-20T22:27:05.775+0000] {processor.py:839} INFO - DAG(s) dict_keys(['example_sla_dag']) retrieved from /home/airflow/.local/lib/python3.8/site-packages/airflow/example_dags/example_sla_dag.py
[2023-09-20T22:27:05.806+0000] {logging_mixin.py:151} INFO - [2023-09-20T22:27:05.806+0000] {dag.py:2915} INFO - Sync 1 DAGs
[2023-09-20T22:27:05.844+0000] {logging_mixin.py:151} INFO - [2023-09-20T22:27:05.844+0000] {dag.py:3696} INFO - Setting next_dagrun for example_sla_dag to 2023-09-20T22:24:00+00:00, run_after=2023-09-20T22:26:00+00:00
[2023-09-20T22:27:05.889+0000] {processor.py:179} INFO - Processing /home/airflow/.local/lib/python3.8/site-packages/airflow/example_dags/example_sla_dag.py took 0.141 seconds
[2023-09-20T22:27:36.095+0000] {processor.py:157} INFO - Started process (PID=335) to work on /home/airflow/.local/lib/python3.8/site-packages/airflow/example_dags/example_sla_dag.py
[2023-09-20T22:27:36.096+0000] {processor.py:829} INFO - Processing file /home/airflow/.local/lib/python3.8/site-packages/airflow/example_dags/example_sla_dag.py for tasks to queue
[2023-09-20T22:27:36.099+0000] {logging_mixin.py:151} INFO - [2023-09-20T22:27:36.099+0000] {dagbag.py:539} INFO - Filling up the DagBag from /home/airflow/.local/lib/python3.8/site-packages/airflow/example_dags/example_sla_dag.py
[2023-09-20T22:27:36.111+0000] {processor.py:839} INFO - DAG(s) dict_keys(['example_sla_dag']) retrieved from /home/airflow/.local/lib/python3.8/site-packages/airflow/example_dags/example_sla_dag.py
[2023-09-20T22:27:36.140+0000] {logging_mixin.py:151} INFO - [2023-09-20T22:27:36.140+0000] {dag.py:2915} INFO - Sync 1 DAGs
[2023-09-20T22:27:36.176+0000] {logging_mixin.py:151} INFO - [2023-09-20T22:27:36.176+0000] {dag.py:3696} INFO - Setting next_dagrun for example_sla_dag to 2023-09-20T22:24:00+00:00, run_after=2023-09-20T22:26:00+00:00
[2023-09-20T22:27:36.211+0000] {processor.py:179} INFO - Processing /home/airflow/.local/lib/python3.8/site-packages/airflow/example_dags/example_sla_dag.py took 0.121 seconds
[2023-09-20T22:28:06.386+0000] {processor.py:157} INFO - Started process (PID=391) to work on /home/airflow/.local/lib/python3.8/site-packages/airflow/example_dags/example_sla_dag.py
[2023-09-20T22:28:06.387+0000] {processor.py:829} INFO - Processing file /home/airflow/.local/lib/python3.8/site-packages/airflow/example_dags/example_sla_dag.py for tasks to queue
[2023-09-20T22:28:06.391+0000] {logging_mixin.py:151} INFO - [2023-09-20T22:28:06.391+0000] {dagbag.py:539} INFO - Filling up the DagBag from /home/airflow/.local/lib/python3.8/site-packages/airflow/example_dags/example_sla_dag.py
[2023-09-20T22:28:06.403+0000] {processor.py:839} INFO - DAG(s) dict_keys(['example_sla_dag']) retrieved from /home/airflow/.local/lib/python3.8/site-packages/airflow/example_dags/example_sla_dag.py
[2023-09-20T22:28:06.430+0000] {logging_mixin.py:151} INFO - [2023-09-20T22:28:06.430+0000] {dag.py:2915} INFO - Sync 1 DAGs
[2023-09-20T22:28:06.464+0000] {logging_mixin.py:151} INFO - [2023-09-20T22:28:06.463+0000] {dag.py:3696} INFO - Setting next_dagrun for example_sla_dag to 2023-09-20T22:26:00+00:00, run_after=2023-09-20T22:28:00+00:00
[2023-09-20T22:28:06.493+0000] {processor.py:179} INFO - Processing /home/airflow/.local/lib/python3.8/site-packages/airflow/example_dags/example_sla_dag.py took 0.112 seconds
[2023-09-20T22:28:36.713+0000] {processor.py:157} INFO - Started process (PID=446) to work on /home/airflow/.local/lib/python3.8/site-packages/airflow/example_dags/example_sla_dag.py
[2023-09-20T22:28:36.715+0000] {processor.py:829} INFO - Processing file /home/airflow/.local/lib/python3.8/site-packages/airflow/example_dags/example_sla_dag.py for tasks to queue
[2023-09-20T22:28:36.718+0000] {logging_mixin.py:151} INFO - [2023-09-20T22:28:36.717+0000] {dagbag.py:539} INFO - Filling up the DagBag from /home/airflow/.local/lib/python3.8/site-packages/airflow/example_dags/example_sla_dag.py
[2023-09-20T22:28:36.730+0000] {processor.py:839} INFO - DAG(s) dict_keys(['example_sla_dag']) retrieved from /home/airflow/.local/lib/python3.8/site-packages/airflow/example_dags/example_sla_dag.py
[2023-09-20T22:28:36.758+0000] {logging_mixin.py:151} INFO - [2023-09-20T22:28:36.757+0000] {dag.py:2915} INFO - Sync 1 DAGs
[2023-09-20T22:28:36.790+0000] {logging_mixin.py:151} INFO - [2023-09-20T22:28:36.790+0000] {dag.py:3696} INFO - Setting next_dagrun for example_sla_dag to 2023-09-20T22:26:00+00:00, run_after=2023-09-20T22:28:00+00:00
[2023-09-20T22:28:36.820+0000] {processor.py:179} INFO - Processing /home/airflow/.local/lib/python3.8/site-packages/airflow/example_dags/example_sla_dag.py took 0.111 seconds
[2023-09-20T22:29:07.508+0000] {processor.py:157} INFO - Started process (PID=501) to work on /home/airflow/.local/lib/python3.8/site-packages/airflow/example_dags/example_sla_dag.py
[2023-09-20T22:29:07.509+0000] {processor.py:829} INFO - Processing file /home/airflow/.local/lib/python3.8/site-packages/airflow/example_dags/example_sla_dag.py for tasks to queue
[2023-09-20T22:29:07.512+0000] {logging_mixin.py:151} INFO - [2023-09-20T22:29:07.512+0000] {dagbag.py:539} INFO - Filling up the DagBag from /home/airflow/.local/lib/python3.8/site-packages/airflow/example_dags/example_sla_dag.py
[2023-09-20T22:29:07.523+0000] {processor.py:839} INFO - DAG(s) dict_keys(['example_sla_dag']) retrieved from /home/airflow/.local/lib/python3.8/site-packages/airflow/example_dags/example_sla_dag.py
[2023-09-20T22:29:07.553+0000] {logging_mixin.py:151} INFO - [2023-09-20T22:29:07.553+0000] {dag.py:2915} INFO - Sync 1 DAGs
[2023-09-20T22:29:07.592+0000] {logging_mixin.py:151} INFO - [2023-09-20T22:29:07.592+0000] {dag.py:3696} INFO - Setting next_dagrun for example_sla_dag to 2023-09-20T22:26:00+00:00, run_after=2023-09-20T22:28:00+00:00
[2023-09-20T22:29:07.628+0000] {processor.py:179} INFO - Processing /home/airflow/.local/lib/python3.8/site-packages/airflow/example_dags/example_sla_dag.py took 0.125 seconds
[2023-09-20T22:29:38.469+0000] {processor.py:157} INFO - Started process (PID=556) to work on /home/airflow/.local/lib/python3.8/site-packages/airflow/example_dags/example_sla_dag.py
[2023-09-20T22:29:38.471+0000] {processor.py:829} INFO - Processing file /home/airflow/.local/lib/python3.8/site-packages/airflow/example_dags/example_sla_dag.py for tasks to queue
[2023-09-20T22:29:38.478+0000] {logging_mixin.py:151} INFO - [2023-09-20T22:29:38.474+0000] {dagbag.py:539} INFO - Filling up the DagBag from /home/airflow/.local/lib/python3.8/site-packages/airflow/example_dags/example_sla_dag.py
[2023-09-20T22:29:38.493+0000] {processor.py:839} INFO - DAG(s) dict_keys(['example_sla_dag']) retrieved from /home/airflow/.local/lib/python3.8/site-packages/airflow/example_dags/example_sla_dag.py
[2023-09-20T22:29:38.526+0000] {logging_mixin.py:151} INFO - [2023-09-20T22:29:38.526+0000] {dag.py:2915} INFO - Sync 1 DAGs
[2023-09-20T22:29:38.566+0000] {logging_mixin.py:151} INFO - [2023-09-20T22:29:38.565+0000] {dag.py:3696} INFO - Setting next_dagrun for example_sla_dag to 2023-09-20T22:26:00+00:00, run_after=2023-09-20T22:28:00+00:00
[2023-09-20T22:29:38.596+0000] {processor.py:179} INFO - Processing /home/airflow/.local/lib/python3.8/site-packages/airflow/example_dags/example_sla_dag.py took 0.133 seconds
[2023-09-20T22:30:09.035+0000] {processor.py:157} INFO - Started process (PID=611) to work on /home/airflow/.local/lib/python3.8/site-packages/airflow/example_dags/example_sla_dag.py
[2023-09-20T22:30:09.036+0000] {processor.py:829} INFO - Processing file /home/airflow/.local/lib/python3.8/site-packages/airflow/example_dags/example_sla_dag.py for tasks to queue
[2023-09-20T22:30:09.041+0000] {logging_mixin.py:151} INFO - [2023-09-20T22:30:09.040+0000] {dagbag.py:539} INFO - Filling up the DagBag from /home/airflow/.local/lib/python3.8/site-packages/airflow/example_dags/example_sla_dag.py
[2023-09-20T22:30:09.059+0000] {processor.py:839} INFO - DAG(s) dict_keys(['example_sla_dag']) retrieved from /home/airflow/.local/lib/python3.8/site-packages/airflow/example_dags/example_sla_dag.py
[2023-09-20T22:30:09.094+0000] {logging_mixin.py:151} INFO - [2023-09-20T22:30:09.094+0000] {dag.py:2915} INFO - Sync 1 DAGs
[2023-09-20T22:30:09.136+0000] {logging_mixin.py:151} INFO - [2023-09-20T22:30:09.136+0000] {dag.py:3696} INFO - Setting next_dagrun for example_sla_dag to 2023-09-20T22:28:00+00:00, run_after=2023-09-20T22:30:00+00:00
[2023-09-20T22:30:09.170+0000] {processor.py:179} INFO - Processing /home/airflow/.local/lib/python3.8/site-packages/airflow/example_dags/example_sla_dag.py took 0.141 seconds
[2023-09-20T22:30:39.392+0000] {processor.py:157} INFO - Started process (PID=666) to work on /home/airflow/.local/lib/python3.8/site-packages/airflow/example_dags/example_sla_dag.py
[2023-09-20T22:30:39.394+0000] {processor.py:829} INFO - Processing file /home/airflow/.local/lib/python3.8/site-packages/airflow/example_dags/example_sla_dag.py for tasks to queue
[2023-09-20T22:30:39.397+0000] {logging_mixin.py:151} INFO - [2023-09-20T22:30:39.397+0000] {dagbag.py:539} INFO - Filling up the DagBag from /home/airflow/.local/lib/python3.8/site-packages/airflow/example_dags/example_sla_dag.py
[2023-09-20T22:30:39.408+0000] {processor.py:839} INFO - DAG(s) dict_keys(['example_sla_dag']) retrieved from /home/airflow/.local/lib/python3.8/site-packages/airflow/example_dags/example_sla_dag.py
[2023-09-20T22:30:39.435+0000] {logging_mixin.py:151} INFO - [2023-09-20T22:30:39.434+0000] {dag.py:2915} INFO - Sync 1 DAGs
[2023-09-20T22:30:39.472+0000] {logging_mixin.py:151} INFO - [2023-09-20T22:30:39.471+0000] {dag.py:3696} INFO - Setting next_dagrun for example_sla_dag to 2023-09-20T22:28:00+00:00, run_after=2023-09-20T22:30:00+00:00
[2023-09-20T22:30:39.503+0000] {processor.py:179} INFO - Processing /home/airflow/.local/lib/python3.8/site-packages/airflow/example_dags/example_sla_dag.py took 0.115 seconds
[2023-09-20T22:31:10.429+0000] {processor.py:157} INFO - Started process (PID=721) to work on /home/airflow/.local/lib/python3.8/site-packages/airflow/example_dags/example_sla_dag.py
[2023-09-20T22:31:10.431+0000] {processor.py:829} INFO - Processing file /home/airflow/.local/lib/python3.8/site-packages/airflow/example_dags/example_sla_dag.py for tasks to queue
[2023-09-20T22:31:10.435+0000] {logging_mixin.py:151} INFO - [2023-09-20T22:31:10.434+0000] {dagbag.py:539} INFO - Filling up the DagBag from /home/airflow/.local/lib/python3.8/site-packages/airflow/example_dags/example_sla_dag.py
[2023-09-20T22:31:10.455+0000] {processor.py:839} INFO - DAG(s) dict_keys(['example_sla_dag']) retrieved from /home/airflow/.local/lib/python3.8/site-packages/airflow/example_dags/example_sla_dag.py
[2023-09-20T22:31:10.486+0000] {logging_mixin.py:151} INFO - [2023-09-20T22:31:10.486+0000] {dag.py:2915} INFO - Sync 1 DAGs
[2023-09-20T22:31:10.520+0000] {logging_mixin.py:151} INFO - [2023-09-20T22:31:10.520+0000] {dag.py:3696} INFO - Setting next_dagrun for example_sla_dag to 2023-09-20T22:28:00+00:00, run_after=2023-09-20T22:30:00+00:00
[2023-09-20T22:31:10.812+0000] {processor.py:179} INFO - Processing /home/airflow/.local/lib/python3.8/site-packages/airflow/example_dags/example_sla_dag.py took 0.389 seconds
[2023-09-20T22:31:42.197+0000] {processor.py:157} INFO - Started process (PID=776) to work on /home/airflow/.local/lib/python3.8/site-packages/airflow/example_dags/example_sla_dag.py
[2023-09-20T22:31:42.199+0000] {processor.py:829} INFO - Processing file /home/airflow/.local/lib/python3.8/site-packages/airflow/example_dags/example_sla_dag.py for tasks to queue
[2023-09-20T22:31:42.203+0000] {logging_mixin.py:151} INFO - [2023-09-20T22:31:42.202+0000] {dagbag.py:539} INFO - Filling up the DagBag from /home/airflow/.local/lib/python3.8/site-packages/airflow/example_dags/example_sla_dag.py
[2023-09-20T22:31:42.215+0000] {processor.py:839} INFO - DAG(s) dict_keys(['example_sla_dag']) retrieved from /home/airflow/.local/lib/python3.8/site-packages/airflow/example_dags/example_sla_dag.py
[2023-09-20T22:31:42.243+0000] {logging_mixin.py:151} INFO - [2023-09-20T22:31:42.243+0000] {dag.py:2915} INFO - Sync 1 DAGs
[2023-09-20T22:31:42.280+0000] {logging_mixin.py:151} INFO - [2023-09-20T22:31:42.279+0000] {dag.py:3696} INFO - Setting next_dagrun for example_sla_dag to 2023-09-20T22:28:00+00:00, run_after=2023-09-20T22:30:00+00:00
[2023-09-20T22:31:42.309+0000] {processor.py:179} INFO - Processing /home/airflow/.local/lib/python3.8/site-packages/airflow/example_dags/example_sla_dag.py took 0.117 seconds
[2023-09-20T22:32:13.041+0000] {processor.py:157} INFO - Started process (PID=831) to work on /home/airflow/.local/lib/python3.8/site-packages/airflow/example_dags/example_sla_dag.py
[2023-09-20T22:32:13.042+0000] {processor.py:829} INFO - Processing file /home/airflow/.local/lib/python3.8/site-packages/airflow/example_dags/example_sla_dag.py for tasks to queue
[2023-09-20T22:32:13.045+0000] {logging_mixin.py:151} INFO - [2023-09-20T22:32:13.044+0000] {dagbag.py:539} INFO - Filling up the DagBag from /home/airflow/.local/lib/python3.8/site-packages/airflow/example_dags/example_sla_dag.py
[2023-09-20T22:32:13.056+0000] {processor.py:839} INFO - DAG(s) dict_keys(['example_sla_dag']) retrieved from /home/airflow/.local/lib/python3.8/site-packages/airflow/example_dags/example_sla_dag.py
[2023-09-20T22:32:13.085+0000] {logging_mixin.py:151} INFO - [2023-09-20T22:32:13.084+0000] {dag.py:2915} INFO - Sync 1 DAGs
[2023-09-20T22:32:13.126+0000] {logging_mixin.py:151} INFO - [2023-09-20T22:32:13.126+0000] {dag.py:3696} INFO - Setting next_dagrun for example_sla_dag to 2023-09-20T22:30:00+00:00, run_after=2023-09-20T22:32:00+00:00
[2023-09-20T22:32:13.154+0000] {processor.py:179} INFO - Processing /home/airflow/.local/lib/python3.8/site-packages/airflow/example_dags/example_sla_dag.py took 0.119 seconds
[2023-09-20T22:32:44.016+0000] {processor.py:157} INFO - Started process (PID=886) to work on /home/airflow/.local/lib/python3.8/site-packages/airflow/example_dags/example_sla_dag.py
[2023-09-20T22:32:44.017+0000] {processor.py:829} INFO - Processing file /home/airflow/.local/lib/python3.8/site-packages/airflow/example_dags/example_sla_dag.py for tasks to queue
[2023-09-20T22:32:44.020+0000] {logging_mixin.py:151} INFO - [2023-09-20T22:32:44.020+0000] {dagbag.py:539} INFO - Filling up the DagBag from /home/airflow/.local/lib/python3.8/site-packages/airflow/example_dags/example_sla_dag.py
[2023-09-20T22:32:44.032+0000] {processor.py:839} INFO - DAG(s) dict_keys(['example_sla_dag']) retrieved from /home/airflow/.local/lib/python3.8/site-packages/airflow/example_dags/example_sla_dag.py
[2023-09-20T22:32:44.061+0000] {logging_mixin.py:151} INFO - [2023-09-20T22:32:44.061+0000] {dag.py:2915} INFO - Sync 1 DAGs
[2023-09-20T22:32:44.102+0000] {logging_mixin.py:151} INFO - [2023-09-20T22:32:44.102+0000] {dag.py:3696} INFO - Setting next_dagrun for example_sla_dag to 2023-09-20T22:30:00+00:00, run_after=2023-09-20T22:32:00+00:00
[2023-09-20T22:32:44.134+0000] {processor.py:179} INFO - Processing /home/airflow/.local/lib/python3.8/site-packages/airflow/example_dags/example_sla_dag.py took 0.123 seconds
[2023-09-20T22:33:14.924+0000] {processor.py:157} INFO - Started process (PID=941) to work on /home/airflow/.local/lib/python3.8/site-packages/airflow/example_dags/example_sla_dag.py
[2023-09-20T22:33:14.926+0000] {processor.py:829} INFO - Processing file /home/airflow/.local/lib/python3.8/site-packages/airflow/example_dags/example_sla_dag.py for tasks to queue
[2023-09-20T22:33:14.929+0000] {logging_mixin.py:151} INFO - [2023-09-20T22:33:14.929+0000] {dagbag.py:539} INFO - Filling up the DagBag from /home/airflow/.local/lib/python3.8/site-packages/airflow/example_dags/example_sla_dag.py
[2023-09-20T22:33:14.941+0000] {processor.py:839} INFO - DAG(s) dict_keys(['example_sla_dag']) retrieved from /home/airflow/.local/lib/python3.8/site-packages/airflow/example_dags/example_sla_dag.py
[2023-09-20T22:33:14.969+0000] {logging_mixin.py:151} INFO - [2023-09-20T22:33:14.968+0000] {dag.py:2915} INFO - Sync 1 DAGs
[2023-09-20T22:33:15.004+0000] {logging_mixin.py:151} INFO - [2023-09-20T22:33:15.004+0000] {dag.py:3696} INFO - Setting next_dagrun for example_sla_dag to 2023-09-20T22:30:00+00:00, run_after=2023-09-20T22:32:00+00:00
[2023-09-20T22:33:15.030+0000] {processor.py:179} INFO - Processing /home/airflow/.local/lib/python3.8/site-packages/airflow/example_dags/example_sla_dag.py took 0.112 seconds
[2023-09-20T22:33:45.685+0000] {processor.py:157} INFO - Started process (PID=996) to work on /home/airflow/.local/lib/python3.8/site-packages/airflow/example_dags/example_sla_dag.py
[2023-09-20T22:33:45.686+0000] {processor.py:829} INFO - Processing file /home/airflow/.local/lib/python3.8/site-packages/airflow/example_dags/example_sla_dag.py for tasks to queue
[2023-09-20T22:33:45.689+0000] {logging_mixin.py:151} INFO - [2023-09-20T22:33:45.689+0000] {dagbag.py:539} INFO - Filling up the DagBag from /home/airflow/.local/lib/python3.8/site-packages/airflow/example_dags/example_sla_dag.py
[2023-09-20T22:33:45.701+0000] {processor.py:839} INFO - DAG(s) dict_keys(['example_sla_dag']) retrieved from /home/airflow/.local/lib/python3.8/site-packages/airflow/example_dags/example_sla_dag.py
[2023-09-20T22:33:45.728+0000] {logging_mixin.py:151} INFO - [2023-09-20T22:33:45.728+0000] {dag.py:2915} INFO - Sync 1 DAGs
[2023-09-20T22:33:45.768+0000] {logging_mixin.py:151} INFO - [2023-09-20T22:33:45.768+0000] {dag.py:3696} INFO - Setting next_dagrun for example_sla_dag to 2023-09-20T22:30:00+00:00, run_after=2023-09-20T22:32:00+00:00
[2023-09-20T22:33:45.801+0000] {processor.py:179} INFO - Processing /home/airflow/.local/lib/python3.8/site-packages/airflow/example_dags/example_sla_dag.py took 0.121 seconds
[2023-09-20T22:34:16.084+0000] {processor.py:157} INFO - Started process (PID=1051) to work on /home/airflow/.local/lib/python3.8/site-packages/airflow/example_dags/example_sla_dag.py
[2023-09-20T22:34:16.085+0000] {processor.py:829} INFO - Processing file /home/airflow/.local/lib/python3.8/site-packages/airflow/example_dags/example_sla_dag.py for tasks to queue
[2023-09-20T22:34:16.088+0000] {logging_mixin.py:151} INFO - [2023-09-20T22:34:16.088+0000] {dagbag.py:539} INFO - Filling up the DagBag from /home/airflow/.local/lib/python3.8/site-packages/airflow/example_dags/example_sla_dag.py
[2023-09-20T22:34:16.102+0000] {processor.py:839} INFO - DAG(s) dict_keys(['example_sla_dag']) retrieved from /home/airflow/.local/lib/python3.8/site-packages/airflow/example_dags/example_sla_dag.py
[2023-09-20T22:34:16.134+0000] {logging_mixin.py:151} INFO - [2023-09-20T22:34:16.134+0000] {dag.py:2915} INFO - Sync 1 DAGs
[2023-09-20T22:34:16.173+0000] {logging_mixin.py:151} INFO - [2023-09-20T22:34:16.173+0000] {dag.py:3696} INFO - Setting next_dagrun for example_sla_dag to 2023-09-20T22:32:00+00:00, run_after=2023-09-20T22:34:00+00:00
[2023-09-20T22:34:16.369+0000] {processor.py:179} INFO - Processing /home/airflow/.local/lib/python3.8/site-packages/airflow/example_dags/example_sla_dag.py took 0.290 seconds
[2023-09-20T22:34:47.184+0000] {processor.py:157} INFO - Started process (PID=1106) to work on /home/airflow/.local/lib/python3.8/site-packages/airflow/example_dags/example_sla_dag.py
[2023-09-20T22:34:47.185+0000] {processor.py:829} INFO - Processing file /home/airflow/.local/lib/python3.8/site-packages/airflow/example_dags/example_sla_dag.py for tasks to queue
[2023-09-20T22:34:47.189+0000] {logging_mixin.py:151} INFO - [2023-09-20T22:34:47.189+0000] {dagbag.py:539} INFO - Filling up the DagBag from /home/airflow/.local/lib/python3.8/site-packages/airflow/example_dags/example_sla_dag.py
[2023-09-20T22:34:47.204+0000] {processor.py:839} INFO - DAG(s) dict_keys(['example_sla_dag']) retrieved from /home/airflow/.local/lib/python3.8/site-packages/airflow/example_dags/example_sla_dag.py
[2023-09-20T22:34:47.237+0000] {logging_mixin.py:151} INFO - [2023-09-20T22:34:47.237+0000] {dag.py:2915} INFO - Sync 1 DAGs
[2023-09-20T22:34:47.285+0000] {logging_mixin.py:151} INFO - [2023-09-20T22:34:47.285+0000] {dag.py:3696} INFO - Setting next_dagrun for example_sla_dag to 2023-09-20T22:32:00+00:00, run_after=2023-09-20T22:34:00+00:00
[2023-09-20T22:34:47.336+0000] {processor.py:179} INFO - Processing /home/airflow/.local/lib/python3.8/site-packages/airflow/example_dags/example_sla_dag.py took 0.158 seconds
[2023-09-20T22:35:17.825+0000] {processor.py:157} INFO - Started process (PID=1161) to work on /home/airflow/.local/lib/python3.8/site-packages/airflow/example_dags/example_sla_dag.py
[2023-09-20T22:35:17.827+0000] {processor.py:829} INFO - Processing file /home/airflow/.local/lib/python3.8/site-packages/airflow/example_dags/example_sla_dag.py for tasks to queue
[2023-09-20T22:35:17.830+0000] {logging_mixin.py:151} INFO - [2023-09-20T22:35:17.830+0000] {dagbag.py:539} INFO - Filling up the DagBag from /home/airflow/.local/lib/python3.8/site-packages/airflow/example_dags/example_sla_dag.py
[2023-09-20T22:35:17.842+0000] {processor.py:839} INFO - DAG(s) dict_keys(['example_sla_dag']) retrieved from /home/airflow/.local/lib/python3.8/site-packages/airflow/example_dags/example_sla_dag.py
[2023-09-20T22:35:17.870+0000] {logging_mixin.py:151} INFO - [2023-09-20T22:35:17.870+0000] {dag.py:2915} INFO - Sync 1 DAGs
[2023-09-20T22:35:17.908+0000] {logging_mixin.py:151} INFO - [2023-09-20T22:35:17.908+0000] {dag.py:3696} INFO - Setting next_dagrun for example_sla_dag to 2023-09-20T22:32:00+00:00, run_after=2023-09-20T22:34:00+00:00
[2023-09-20T22:35:17.937+0000] {processor.py:179} INFO - Processing /home/airflow/.local/lib/python3.8/site-packages/airflow/example_dags/example_sla_dag.py took 0.116 seconds
[2023-09-20T22:35:48.216+0000] {processor.py:157} INFO - Started process (PID=1216) to work on /home/airflow/.local/lib/python3.8/site-packages/airflow/example_dags/example_sla_dag.py
[2023-09-20T22:35:48.218+0000] {processor.py:829} INFO - Processing file /home/airflow/.local/lib/python3.8/site-packages/airflow/example_dags/example_sla_dag.py for tasks to queue
[2023-09-20T22:35:48.221+0000] {logging_mixin.py:151} INFO - [2023-09-20T22:35:48.221+0000] {dagbag.py:539} INFO - Filling up the DagBag from /home/airflow/.local/lib/python3.8/site-packages/airflow/example_dags/example_sla_dag.py
[2023-09-20T22:35:48.232+0000] {processor.py:839} INFO - DAG(s) dict_keys(['example_sla_dag']) retrieved from /home/airflow/.local/lib/python3.8/site-packages/airflow/example_dags/example_sla_dag.py
[2023-09-20T22:35:48.263+0000] {logging_mixin.py:151} INFO - [2023-09-20T22:35:48.262+0000] {dag.py:2915} INFO - Sync 1 DAGs
[2023-09-20T22:35:48.304+0000] {logging_mixin.py:151} INFO - [2023-09-20T22:35:48.304+0000] {dag.py:3696} INFO - Setting next_dagrun for example_sla_dag to 2023-09-20T22:32:00+00:00, run_after=2023-09-20T22:34:00+00:00
[2023-09-20T22:35:48.333+0000] {processor.py:179} INFO - Processing /home/airflow/.local/lib/python3.8/site-packages/airflow/example_dags/example_sla_dag.py took 0.122 seconds
[2023-09-20T22:36:18.945+0000] {processor.py:157} INFO - Started process (PID=1271) to work on /home/airflow/.local/lib/python3.8/site-packages/airflow/example_dags/example_sla_dag.py
[2023-09-20T22:36:18.947+0000] {processor.py:829} INFO - Processing file /home/airflow/.local/lib/python3.8/site-packages/airflow/example_dags/example_sla_dag.py for tasks to queue
[2023-09-20T22:36:18.952+0000] {logging_mixin.py:151} INFO - [2023-09-20T22:36:18.951+0000] {dagbag.py:539} INFO - Filling up the DagBag from /home/airflow/.local/lib/python3.8/site-packages/airflow/example_dags/example_sla_dag.py
[2023-09-20T22:36:18.969+0000] {processor.py:839} INFO - DAG(s) dict_keys(['example_sla_dag']) retrieved from /home/airflow/.local/lib/python3.8/site-packages/airflow/example_dags/example_sla_dag.py
[2023-09-20T22:36:19.008+0000] {logging_mixin.py:151} INFO - [2023-09-20T22:36:19.008+0000] {dag.py:2915} INFO - Sync 1 DAGs
[2023-09-20T22:36:19.051+0000] {logging_mixin.py:151} INFO - [2023-09-20T22:36:19.051+0000] {dag.py:3696} INFO - Setting next_dagrun for example_sla_dag to 2023-09-20T22:34:00+00:00, run_after=2023-09-20T22:36:00+00:00
[2023-09-20T22:36:19.100+0000] {processor.py:179} INFO - Processing /home/airflow/.local/lib/python3.8/site-packages/airflow/example_dags/example_sla_dag.py took 0.162 seconds
[2023-09-20T22:36:49.546+0000] {processor.py:157} INFO - Started process (PID=1326) to work on /home/airflow/.local/lib/python3.8/site-packages/airflow/example_dags/example_sla_dag.py
[2023-09-20T22:36:49.547+0000] {processor.py:829} INFO - Processing file /home/airflow/.local/lib/python3.8/site-packages/airflow/example_dags/example_sla_dag.py for tasks to queue
[2023-09-20T22:36:49.550+0000] {logging_mixin.py:151} INFO - [2023-09-20T22:36:49.550+0000] {dagbag.py:539} INFO - Filling up the DagBag from /home/airflow/.local/lib/python3.8/site-packages/airflow/example_dags/example_sla_dag.py
[2023-09-20T22:36:49.562+0000] {processor.py:839} INFO - DAG(s) dict_keys(['example_sla_dag']) retrieved from /home/airflow/.local/lib/python3.8/site-packages/airflow/example_dags/example_sla_dag.py
[2023-09-20T22:36:49.589+0000] {logging_mixin.py:151} INFO - [2023-09-20T22:36:49.589+0000] {dag.py:2915} INFO - Sync 1 DAGs
[2023-09-20T22:36:49.625+0000] {logging_mixin.py:151} INFO - [2023-09-20T22:36:49.625+0000] {dag.py:3696} INFO - Setting next_dagrun for example_sla_dag to 2023-09-20T22:34:00+00:00, run_after=2023-09-20T22:36:00+00:00
[2023-09-20T22:36:49.657+0000] {processor.py:179} INFO - Processing /home/airflow/.local/lib/python3.8/site-packages/airflow/example_dags/example_sla_dag.py took 0.116 seconds
[2023-09-20T22:37:20.567+0000] {processor.py:157} INFO - Started process (PID=1382) to work on /home/airflow/.local/lib/python3.8/site-packages/airflow/example_dags/example_sla_dag.py
[2023-09-20T22:37:20.569+0000] {processor.py:829} INFO - Processing file /home/airflow/.local/lib/python3.8/site-packages/airflow/example_dags/example_sla_dag.py for tasks to queue
[2023-09-20T22:37:20.573+0000] {logging_mixin.py:151} INFO - [2023-09-20T22:37:20.572+0000] {dagbag.py:539} INFO - Filling up the DagBag from /home/airflow/.local/lib/python3.8/site-packages/airflow/example_dags/example_sla_dag.py
[2023-09-20T22:37:20.585+0000] {processor.py:839} INFO - DAG(s) dict_keys(['example_sla_dag']) retrieved from /home/airflow/.local/lib/python3.8/site-packages/airflow/example_dags/example_sla_dag.py
[2023-09-20T22:37:20.612+0000] {logging_mixin.py:151} INFO - [2023-09-20T22:37:20.611+0000] {dag.py:2915} INFO - Sync 1 DAGs
[2023-09-20T22:37:20.655+0000] {logging_mixin.py:151} INFO - [2023-09-20T22:37:20.655+0000] {dag.py:3696} INFO - Setting next_dagrun for example_sla_dag to 2023-09-20T22:34:00+00:00, run_after=2023-09-20T22:36:00+00:00
[2023-09-20T22:37:20.684+0000] {processor.py:179} INFO - Processing /home/airflow/.local/lib/python3.8/site-packages/airflow/example_dags/example_sla_dag.py took 0.123 seconds
[2023-09-20T22:37:51.377+0000] {processor.py:157} INFO - Started process (PID=1437) to work on /home/airflow/.local/lib/python3.8/site-packages/airflow/example_dags/example_sla_dag.py
[2023-09-20T22:37:51.378+0000] {processor.py:829} INFO - Processing file /home/airflow/.local/lib/python3.8/site-packages/airflow/example_dags/example_sla_dag.py for tasks to queue
[2023-09-20T22:37:51.382+0000] {logging_mixin.py:151} INFO - [2023-09-20T22:37:51.381+0000] {dagbag.py:539} INFO - Filling up the DagBag from /home/airflow/.local/lib/python3.8/site-packages/airflow/example_dags/example_sla_dag.py
[2023-09-20T22:37:51.397+0000] {processor.py:839} INFO - DAG(s) dict_keys(['example_sla_dag']) retrieved from /home/airflow/.local/lib/python3.8/site-packages/airflow/example_dags/example_sla_dag.py
[2023-09-20T22:37:51.425+0000] {logging_mixin.py:151} INFO - [2023-09-20T22:37:51.425+0000] {dag.py:2915} INFO - Sync 1 DAGs
[2023-09-20T22:37:51.471+0000] {logging_mixin.py:151} INFO - [2023-09-20T22:37:51.471+0000] {dag.py:3696} INFO - Setting next_dagrun for example_sla_dag to 2023-09-20T22:34:00+00:00, run_after=2023-09-20T22:36:00+00:00
[2023-09-20T22:37:51.508+0000] {processor.py:179} INFO - Processing /home/airflow/.local/lib/python3.8/site-packages/airflow/example_dags/example_sla_dag.py took 0.136 seconds
[2023-09-20T22:38:21.775+0000] {processor.py:157} INFO - Started process (PID=1492) to work on /home/airflow/.local/lib/python3.8/site-packages/airflow/example_dags/example_sla_dag.py
[2023-09-20T22:38:21.777+0000] {processor.py:829} INFO - Processing file /home/airflow/.local/lib/python3.8/site-packages/airflow/example_dags/example_sla_dag.py for tasks to queue
[2023-09-20T22:38:21.780+0000] {logging_mixin.py:151} INFO - [2023-09-20T22:38:21.780+0000] {dagbag.py:539} INFO - Filling up the DagBag from /home/airflow/.local/lib/python3.8/site-packages/airflow/example_dags/example_sla_dag.py
[2023-09-20T22:38:21.793+0000] {processor.py:839} INFO - DAG(s) dict_keys(['example_sla_dag']) retrieved from /home/airflow/.local/lib/python3.8/site-packages/airflow/example_dags/example_sla_dag.py
[2023-09-20T22:38:21.825+0000] {logging_mixin.py:151} INFO - [2023-09-20T22:38:21.825+0000] {dag.py:2915} INFO - Sync 1 DAGs
[2023-09-20T22:38:21.869+0000] {logging_mixin.py:151} INFO - [2023-09-20T22:38:21.869+0000] {dag.py:3696} INFO - Setting next_dagrun for example_sla_dag to 2023-09-20T22:36:00+00:00, run_after=2023-09-20T22:38:00+00:00
[2023-09-20T22:38:21.899+0000] {processor.py:179} INFO - Processing /home/airflow/.local/lib/python3.8/site-packages/airflow/example_dags/example_sla_dag.py took 0.129 seconds
[2023-09-20T22:38:52.520+0000] {processor.py:157} INFO - Started process (PID=1554) to work on /home/airflow/.local/lib/python3.8/site-packages/airflow/example_dags/example_sla_dag.py
[2023-09-20T22:38:52.522+0000] {processor.py:829} INFO - Processing file /home/airflow/.local/lib/python3.8/site-packages/airflow/example_dags/example_sla_dag.py for tasks to queue
[2023-09-20T22:38:52.526+0000] {logging_mixin.py:151} INFO - [2023-09-20T22:38:52.525+0000] {dagbag.py:539} INFO - Filling up the DagBag from /home/airflow/.local/lib/python3.8/site-packages/airflow/example_dags/example_sla_dag.py
[2023-09-20T22:38:52.538+0000] {processor.py:839} INFO - DAG(s) dict_keys(['example_sla_dag']) retrieved from /home/airflow/.local/lib/python3.8/site-packages/airflow/example_dags/example_sla_dag.py
[2023-09-20T22:38:52.568+0000] {logging_mixin.py:151} INFO - [2023-09-20T22:38:52.568+0000] {dag.py:2915} INFO - Sync 1 DAGs
[2023-09-20T22:38:52.606+0000] {logging_mixin.py:151} INFO - [2023-09-20T22:38:52.605+0000] {dag.py:3696} INFO - Setting next_dagrun for example_sla_dag to 2023-09-20T22:36:00+00:00, run_after=2023-09-20T22:38:00+00:00
[2023-09-20T22:38:52.816+0000] {processor.py:179} INFO - Processing /home/airflow/.local/lib/python3.8/site-packages/airflow/example_dags/example_sla_dag.py took 0.300 seconds
[2023-09-20T22:39:22.936+0000] {processor.py:157} INFO - Started process (PID=1609) to work on /home/airflow/.local/lib/python3.8/site-packages/airflow/example_dags/example_sla_dag.py
[2023-09-20T22:39:22.938+0000] {processor.py:829} INFO - Processing file /home/airflow/.local/lib/python3.8/site-packages/airflow/example_dags/example_sla_dag.py for tasks to queue
[2023-09-20T22:39:22.941+0000] {logging_mixin.py:151} INFO - [2023-09-20T22:39:22.941+0000] {dagbag.py:539} INFO - Filling up the DagBag from /home/airflow/.local/lib/python3.8/site-packages/airflow/example_dags/example_sla_dag.py
[2023-09-20T22:39:22.954+0000] {processor.py:839} INFO - DAG(s) dict_keys(['example_sla_dag']) retrieved from /home/airflow/.local/lib/python3.8/site-packages/airflow/example_dags/example_sla_dag.py
[2023-09-20T22:39:22.982+0000] {logging_mixin.py:151} INFO - [2023-09-20T22:39:22.982+0000] {dag.py:2915} INFO - Sync 1 DAGs
[2023-09-20T22:39:23.017+0000] {logging_mixin.py:151} INFO - [2023-09-20T22:39:23.016+0000] {dag.py:3696} INFO - Setting next_dagrun for example_sla_dag to 2023-09-20T22:36:00+00:00, run_after=2023-09-20T22:38:00+00:00
[2023-09-20T22:39:23.044+0000] {processor.py:179} INFO - Processing /home/airflow/.local/lib/python3.8/site-packages/airflow/example_dags/example_sla_dag.py took 0.112 seconds
[2023-09-20T22:39:53.157+0000] {processor.py:157} INFO - Started process (PID=1663) to work on /home/airflow/.local/lib/python3.8/site-packages/airflow/example_dags/example_sla_dag.py
[2023-09-20T22:39:53.158+0000] {processor.py:829} INFO - Processing file /home/airflow/.local/lib/python3.8/site-packages/airflow/example_dags/example_sla_dag.py for tasks to queue
[2023-09-20T22:39:53.161+0000] {logging_mixin.py:151} INFO - [2023-09-20T22:39:53.161+0000] {dagbag.py:539} INFO - Filling up the DagBag from /home/airflow/.local/lib/python3.8/site-packages/airflow/example_dags/example_sla_dag.py
[2023-09-20T22:39:53.174+0000] {processor.py:839} INFO - DAG(s) dict_keys(['example_sla_dag']) retrieved from /home/airflow/.local/lib/python3.8/site-packages/airflow/example_dags/example_sla_dag.py
[2023-09-20T22:39:53.207+0000] {logging_mixin.py:151} INFO - [2023-09-20T22:39:53.207+0000] {dag.py:2915} INFO - Sync 1 DAGs
[2023-09-20T22:39:53.246+0000] {logging_mixin.py:151} INFO - [2023-09-20T22:39:53.246+0000] {dag.py:3696} INFO - Setting next_dagrun for example_sla_dag to 2023-09-20T22:36:00+00:00, run_after=2023-09-20T22:38:00+00:00
[2023-09-20T22:39:53.271+0000] {processor.py:179} INFO - Processing /home/airflow/.local/lib/python3.8/site-packages/airflow/example_dags/example_sla_dag.py took 0.118 seconds
[2023-09-20T22:40:24.210+0000] {processor.py:157} INFO - Started process (PID=1718) to work on /home/airflow/.local/lib/python3.8/site-packages/airflow/example_dags/example_sla_dag.py
[2023-09-20T22:40:24.211+0000] {processor.py:829} INFO - Processing file /home/airflow/.local/lib/python3.8/site-packages/airflow/example_dags/example_sla_dag.py for tasks to queue
[2023-09-20T22:40:24.215+0000] {logging_mixin.py:151} INFO - [2023-09-20T22:40:24.214+0000] {dagbag.py:539} INFO - Filling up the DagBag from /home/airflow/.local/lib/python3.8/site-packages/airflow/example_dags/example_sla_dag.py
[2023-09-20T22:40:24.234+0000] {processor.py:839} INFO - DAG(s) dict_keys(['example_sla_dag']) retrieved from /home/airflow/.local/lib/python3.8/site-packages/airflow/example_dags/example_sla_dag.py
[2023-09-20T22:40:24.267+0000] {logging_mixin.py:151} INFO - [2023-09-20T22:40:24.266+0000] {dag.py:2915} INFO - Sync 1 DAGs
[2023-09-20T22:40:24.305+0000] {logging_mixin.py:151} INFO - [2023-09-20T22:40:24.305+0000] {dag.py:3696} INFO - Setting next_dagrun for example_sla_dag to 2023-09-20T22:38:00+00:00, run_after=2023-09-20T22:40:00+00:00
[2023-09-20T22:40:24.344+0000] {processor.py:179} INFO - Processing /home/airflow/.local/lib/python3.8/site-packages/airflow/example_dags/example_sla_dag.py took 0.139 seconds
[2023-09-20T22:40:54.605+0000] {processor.py:157} INFO - Started process (PID=1773) to work on /home/airflow/.local/lib/python3.8/site-packages/airflow/example_dags/example_sla_dag.py
[2023-09-20T22:40:54.607+0000] {processor.py:829} INFO - Processing file /home/airflow/.local/lib/python3.8/site-packages/airflow/example_dags/example_sla_dag.py for tasks to queue
[2023-09-20T22:40:54.610+0000] {logging_mixin.py:151} INFO - [2023-09-20T22:40:54.610+0000] {dagbag.py:539} INFO - Filling up the DagBag from /home/airflow/.local/lib/python3.8/site-packages/airflow/example_dags/example_sla_dag.py
[2023-09-20T22:40:54.624+0000] {processor.py:839} INFO - DAG(s) dict_keys(['example_sla_dag']) retrieved from /home/airflow/.local/lib/python3.8/site-packages/airflow/example_dags/example_sla_dag.py
[2023-09-20T22:40:54.651+0000] {logging_mixin.py:151} INFO - [2023-09-20T22:40:54.650+0000] {dag.py:2915} INFO - Sync 1 DAGs
[2023-09-20T22:40:54.689+0000] {logging_mixin.py:151} INFO - [2023-09-20T22:40:54.688+0000] {dag.py:3696} INFO - Setting next_dagrun for example_sla_dag to 2023-09-20T22:38:00+00:00, run_after=2023-09-20T22:40:00+00:00
[2023-09-20T22:40:54.721+0000] {processor.py:179} INFO - Processing /home/airflow/.local/lib/python3.8/site-packages/airflow/example_dags/example_sla_dag.py took 0.120 seconds
[2023-09-20T22:41:25.279+0000] {processor.py:157} INFO - Started process (PID=1828) to work on /home/airflow/.local/lib/python3.8/site-packages/airflow/example_dags/example_sla_dag.py
[2023-09-20T22:41:25.281+0000] {processor.py:829} INFO - Processing file /home/airflow/.local/lib/python3.8/site-packages/airflow/example_dags/example_sla_dag.py for tasks to queue
[2023-09-20T22:41:25.285+0000] {logging_mixin.py:151} INFO - [2023-09-20T22:41:25.284+0000] {dagbag.py:539} INFO - Filling up the DagBag from /home/airflow/.local/lib/python3.8/site-packages/airflow/example_dags/example_sla_dag.py
[2023-09-20T22:41:25.301+0000] {processor.py:839} INFO - DAG(s) dict_keys(['example_sla_dag']) retrieved from /home/airflow/.local/lib/python3.8/site-packages/airflow/example_dags/example_sla_dag.py
[2023-09-20T22:41:25.336+0000] {logging_mixin.py:151} INFO - [2023-09-20T22:41:25.336+0000] {dag.py:2915} INFO - Sync 1 DAGs
[2023-09-20T22:41:25.377+0000] {logging_mixin.py:151} INFO - [2023-09-20T22:41:25.376+0000] {dag.py:3696} INFO - Setting next_dagrun for example_sla_dag to 2023-09-20T22:38:00+00:00, run_after=2023-09-20T22:40:00+00:00
[2023-09-20T22:41:25.412+0000] {processor.py:179} INFO - Processing /home/airflow/.local/lib/python3.8/site-packages/airflow/example_dags/example_sla_dag.py took 0.145 seconds
[2023-09-20T22:41:55.769+0000] {processor.py:157} INFO - Started process (PID=1883) to work on /home/airflow/.local/lib/python3.8/site-packages/airflow/example_dags/example_sla_dag.py
[2023-09-20T22:41:55.770+0000] {processor.py:829} INFO - Processing file /home/airflow/.local/lib/python3.8/site-packages/airflow/example_dags/example_sla_dag.py for tasks to queue
[2023-09-20T22:41:55.774+0000] {logging_mixin.py:151} INFO - [2023-09-20T22:41:55.774+0000] {dagbag.py:539} INFO - Filling up the DagBag from /home/airflow/.local/lib/python3.8/site-packages/airflow/example_dags/example_sla_dag.py
[2023-09-20T22:41:55.786+0000] {processor.py:839} INFO - DAG(s) dict_keys(['example_sla_dag']) retrieved from /home/airflow/.local/lib/python3.8/site-packages/airflow/example_dags/example_sla_dag.py
[2023-09-20T22:41:55.814+0000] {logging_mixin.py:151} INFO - [2023-09-20T22:41:55.814+0000] {dag.py:2915} INFO - Sync 1 DAGs
[2023-09-20T22:41:55.847+0000] {logging_mixin.py:151} INFO - [2023-09-20T22:41:55.847+0000] {dag.py:3696} INFO - Setting next_dagrun for example_sla_dag to 2023-09-20T22:38:00+00:00, run_after=2023-09-20T22:40:00+00:00
[2023-09-20T22:41:55.878+0000] {processor.py:179} INFO - Processing /home/airflow/.local/lib/python3.8/site-packages/airflow/example_dags/example_sla_dag.py took 0.114 seconds
[2023-09-20T22:42:26.284+0000] {processor.py:157} INFO - Started process (PID=1938) to work on /home/airflow/.local/lib/python3.8/site-packages/airflow/example_dags/example_sla_dag.py
[2023-09-20T22:42:26.285+0000] {processor.py:829} INFO - Processing file /home/airflow/.local/lib/python3.8/site-packages/airflow/example_dags/example_sla_dag.py for tasks to queue
[2023-09-20T22:42:26.289+0000] {logging_mixin.py:151} INFO - [2023-09-20T22:42:26.288+0000] {dagbag.py:539} INFO - Filling up the DagBag from /home/airflow/.local/lib/python3.8/site-packages/airflow/example_dags/example_sla_dag.py
[2023-09-20T22:42:26.302+0000] {processor.py:839} INFO - DAG(s) dict_keys(['example_sla_dag']) retrieved from /home/airflow/.local/lib/python3.8/site-packages/airflow/example_dags/example_sla_dag.py
[2023-09-20T22:42:26.330+0000] {logging_mixin.py:151} INFO - [2023-09-20T22:42:26.329+0000] {dag.py:2915} INFO - Sync 1 DAGs
[2023-09-20T22:42:26.367+0000] {logging_mixin.py:151} INFO - [2023-09-20T22:42:26.367+0000] {dag.py:3696} INFO - Setting next_dagrun for example_sla_dag to 2023-09-20T22:40:00+00:00, run_after=2023-09-20T22:42:00+00:00
[2023-09-20T22:42:26.399+0000] {processor.py:179} INFO - Processing /home/airflow/.local/lib/python3.8/site-packages/airflow/example_dags/example_sla_dag.py took 0.122 seconds
[2023-09-20T22:42:57.087+0000] {processor.py:157} INFO - Started process (PID=1993) to work on /home/airflow/.local/lib/python3.8/site-packages/airflow/example_dags/example_sla_dag.py
[2023-09-20T22:42:57.089+0000] {processor.py:829} INFO - Processing file /home/airflow/.local/lib/python3.8/site-packages/airflow/example_dags/example_sla_dag.py for tasks to queue
[2023-09-20T22:42:57.093+0000] {logging_mixin.py:151} INFO - [2023-09-20T22:42:57.093+0000] {dagbag.py:539} INFO - Filling up the DagBag from /home/airflow/.local/lib/python3.8/site-packages/airflow/example_dags/example_sla_dag.py
[2023-09-20T22:42:57.105+0000] {processor.py:839} INFO - DAG(s) dict_keys(['example_sla_dag']) retrieved from /home/airflow/.local/lib/python3.8/site-packages/airflow/example_dags/example_sla_dag.py
[2023-09-20T22:42:57.134+0000] {logging_mixin.py:151} INFO - [2023-09-20T22:42:57.134+0000] {dag.py:2915} INFO - Sync 1 DAGs
[2023-09-20T22:42:57.176+0000] {logging_mixin.py:151} INFO - [2023-09-20T22:42:57.176+0000] {dag.py:3696} INFO - Setting next_dagrun for example_sla_dag to 2023-09-20T22:40:00+00:00, run_after=2023-09-20T22:42:00+00:00
[2023-09-20T22:42:57.202+0000] {processor.py:179} INFO - Processing /home/airflow/.local/lib/python3.8/site-packages/airflow/example_dags/example_sla_dag.py took 0.120 seconds
[2023-09-20T22:43:27.855+0000] {processor.py:157} INFO - Started process (PID=2048) to work on /home/airflow/.local/lib/python3.8/site-packages/airflow/example_dags/example_sla_dag.py
[2023-09-20T22:43:27.857+0000] {processor.py:829} INFO - Processing file /home/airflow/.local/lib/python3.8/site-packages/airflow/example_dags/example_sla_dag.py for tasks to queue
[2023-09-20T22:43:27.862+0000] {logging_mixin.py:151} INFO - [2023-09-20T22:43:27.861+0000] {dagbag.py:539} INFO - Filling up the DagBag from /home/airflow/.local/lib/python3.8/site-packages/airflow/example_dags/example_sla_dag.py
[2023-09-20T22:43:27.879+0000] {processor.py:839} INFO - DAG(s) dict_keys(['example_sla_dag']) retrieved from /home/airflow/.local/lib/python3.8/site-packages/airflow/example_dags/example_sla_dag.py
[2023-09-20T22:43:27.914+0000] {logging_mixin.py:151} INFO - [2023-09-20T22:43:27.913+0000] {dag.py:2915} INFO - Sync 1 DAGs
[2023-09-20T22:43:27.950+0000] {logging_mixin.py:151} INFO - [2023-09-20T22:43:27.950+0000] {dag.py:3696} INFO - Setting next_dagrun for example_sla_dag to 2023-09-20T22:40:00+00:00, run_after=2023-09-20T22:42:00+00:00
[2023-09-20T22:43:27.981+0000] {processor.py:179} INFO - Processing /home/airflow/.local/lib/python3.8/site-packages/airflow/example_dags/example_sla_dag.py took 0.133 seconds
[2023-09-20T22:43:58.715+0000] {processor.py:157} INFO - Started process (PID=2103) to work on /home/airflow/.local/lib/python3.8/site-packages/airflow/example_dags/example_sla_dag.py
[2023-09-20T22:43:58.717+0000] {processor.py:829} INFO - Processing file /home/airflow/.local/lib/python3.8/site-packages/airflow/example_dags/example_sla_dag.py for tasks to queue
[2023-09-20T22:43:58.721+0000] {logging_mixin.py:151} INFO - [2023-09-20T22:43:58.721+0000] {dagbag.py:539} INFO - Filling up the DagBag from /home/airflow/.local/lib/python3.8/site-packages/airflow/example_dags/example_sla_dag.py
[2023-09-20T22:43:58.736+0000] {processor.py:839} INFO - DAG(s) dict_keys(['example_sla_dag']) retrieved from /home/airflow/.local/lib/python3.8/site-packages/airflow/example_dags/example_sla_dag.py
[2023-09-20T22:43:58.778+0000] {logging_mixin.py:151} INFO - [2023-09-20T22:43:58.778+0000] {dag.py:2915} INFO - Sync 1 DAGs
[2023-09-20T22:43:58.834+0000] {logging_mixin.py:151} INFO - [2023-09-20T22:43:58.833+0000] {dag.py:3696} INFO - Setting next_dagrun for example_sla_dag to 2023-09-20T22:40:00+00:00, run_after=2023-09-20T22:42:00+00:00
[2023-09-20T22:43:58.871+0000] {processor.py:179} INFO - Processing /home/airflow/.local/lib/python3.8/site-packages/airflow/example_dags/example_sla_dag.py took 0.161 seconds
[2023-09-20T22:44:29.662+0000] {processor.py:157} INFO - Started process (PID=2159) to work on /home/airflow/.local/lib/python3.8/site-packages/airflow/example_dags/example_sla_dag.py
[2023-09-20T22:44:29.664+0000] {processor.py:829} INFO - Processing file /home/airflow/.local/lib/python3.8/site-packages/airflow/example_dags/example_sla_dag.py for tasks to queue
[2023-09-20T22:44:29.668+0000] {logging_mixin.py:151} INFO - [2023-09-20T22:44:29.668+0000] {dagbag.py:539} INFO - Filling up the DagBag from /home/airflow/.local/lib/python3.8/site-packages/airflow/example_dags/example_sla_dag.py
[2023-09-20T22:44:29.684+0000] {processor.py:839} INFO - DAG(s) dict_keys(['example_sla_dag']) retrieved from /home/airflow/.local/lib/python3.8/site-packages/airflow/example_dags/example_sla_dag.py
[2023-09-20T22:44:29.712+0000] {logging_mixin.py:151} INFO - [2023-09-20T22:44:29.711+0000] {dag.py:2915} INFO - Sync 1 DAGs
[2023-09-20T22:44:29.754+0000] {logging_mixin.py:151} INFO - [2023-09-20T22:44:29.754+0000] {dag.py:3696} INFO - Setting next_dagrun for example_sla_dag to 2023-09-20T22:42:00+00:00, run_after=2023-09-20T22:44:00+00:00
[2023-09-20T22:44:29.785+0000] {processor.py:179} INFO - Processing /home/airflow/.local/lib/python3.8/site-packages/airflow/example_dags/example_sla_dag.py took 0.130 seconds
[2023-09-20T22:45:00.348+0000] {processor.py:157} INFO - Started process (PID=2214) to work on /home/airflow/.local/lib/python3.8/site-packages/airflow/example_dags/example_sla_dag.py
[2023-09-20T22:45:00.351+0000] {processor.py:829} INFO - Processing file /home/airflow/.local/lib/python3.8/site-packages/airflow/example_dags/example_sla_dag.py for tasks to queue
[2023-09-20T22:45:00.357+0000] {logging_mixin.py:151} INFO - [2023-09-20T22:45:00.356+0000] {dagbag.py:539} INFO - Filling up the DagBag from /home/airflow/.local/lib/python3.8/site-packages/airflow/example_dags/example_sla_dag.py
[2023-09-20T22:45:00.370+0000] {processor.py:839} INFO - DAG(s) dict_keys(['example_sla_dag']) retrieved from /home/airflow/.local/lib/python3.8/site-packages/airflow/example_dags/example_sla_dag.py
[2023-09-20T22:45:00.402+0000] {logging_mixin.py:151} INFO - [2023-09-20T22:45:00.402+0000] {dag.py:2915} INFO - Sync 1 DAGs
[2023-09-20T22:45:00.454+0000] {logging_mixin.py:151} INFO - [2023-09-20T22:45:00.454+0000] {dag.py:3696} INFO - Setting next_dagrun for example_sla_dag to 2023-09-20T22:42:00+00:00, run_after=2023-09-20T22:44:00+00:00
[2023-09-20T22:45:00.485+0000] {processor.py:179} INFO - Processing /home/airflow/.local/lib/python3.8/site-packages/airflow/example_dags/example_sla_dag.py took 0.147 seconds
[2023-09-20T22:45:31.134+0000] {processor.py:157} INFO - Started process (PID=2269) to work on /home/airflow/.local/lib/python3.8/site-packages/airflow/example_dags/example_sla_dag.py
[2023-09-20T22:45:31.135+0000] {processor.py:829} INFO - Processing file /home/airflow/.local/lib/python3.8/site-packages/airflow/example_dags/example_sla_dag.py for tasks to queue
[2023-09-20T22:45:31.139+0000] {logging_mixin.py:151} INFO - [2023-09-20T22:45:31.139+0000] {dagbag.py:539} INFO - Filling up the DagBag from /home/airflow/.local/lib/python3.8/site-packages/airflow/example_dags/example_sla_dag.py
[2023-09-20T22:45:31.154+0000] {processor.py:839} INFO - DAG(s) dict_keys(['example_sla_dag']) retrieved from /home/airflow/.local/lib/python3.8/site-packages/airflow/example_dags/example_sla_dag.py
[2023-09-20T22:45:31.184+0000] {logging_mixin.py:151} INFO - [2023-09-20T22:45:31.183+0000] {dag.py:2915} INFO - Sync 1 DAGs
[2023-09-20T22:45:31.233+0000] {logging_mixin.py:151} INFO - [2023-09-20T22:45:31.232+0000] {dag.py:3696} INFO - Setting next_dagrun for example_sla_dag to 2023-09-20T22:42:00+00:00, run_after=2023-09-20T22:44:00+00:00
[2023-09-20T22:45:31.266+0000] {processor.py:179} INFO - Processing /home/airflow/.local/lib/python3.8/site-packages/airflow/example_dags/example_sla_dag.py took 0.138 seconds
[2023-09-20T22:46:01.625+0000] {processor.py:157} INFO - Started process (PID=2324) to work on /home/airflow/.local/lib/python3.8/site-packages/airflow/example_dags/example_sla_dag.py
[2023-09-20T22:46:01.627+0000] {processor.py:829} INFO - Processing file /home/airflow/.local/lib/python3.8/site-packages/airflow/example_dags/example_sla_dag.py for tasks to queue
[2023-09-20T22:46:01.630+0000] {logging_mixin.py:151} INFO - [2023-09-20T22:46:01.630+0000] {dagbag.py:539} INFO - Filling up the DagBag from /home/airflow/.local/lib/python3.8/site-packages/airflow/example_dags/example_sla_dag.py
[2023-09-20T22:46:01.641+0000] {processor.py:839} INFO - DAG(s) dict_keys(['example_sla_dag']) retrieved from /home/airflow/.local/lib/python3.8/site-packages/airflow/example_dags/example_sla_dag.py
[2023-09-20T22:46:01.671+0000] {logging_mixin.py:151} INFO - [2023-09-20T22:46:01.671+0000] {dag.py:2915} INFO - Sync 1 DAGs
[2023-09-20T22:46:01.706+0000] {logging_mixin.py:151} INFO - [2023-09-20T22:46:01.706+0000] {dag.py:3696} INFO - Setting next_dagrun for example_sla_dag to 2023-09-20T22:44:00+00:00, run_after=2023-09-20T22:46:00+00:00
[2023-09-20T22:46:01.733+0000] {processor.py:179} INFO - Processing /home/airflow/.local/lib/python3.8/site-packages/airflow/example_dags/example_sla_dag.py took 0.113 seconds
[2023-09-20T22:46:32.667+0000] {processor.py:157} INFO - Started process (PID=2379) to work on /home/airflow/.local/lib/python3.8/site-packages/airflow/example_dags/example_sla_dag.py
[2023-09-20T22:46:32.668+0000] {processor.py:829} INFO - Processing file /home/airflow/.local/lib/python3.8/site-packages/airflow/example_dags/example_sla_dag.py for tasks to queue
[2023-09-20T22:46:32.671+0000] {logging_mixin.py:151} INFO - [2023-09-20T22:46:32.671+0000] {dagbag.py:539} INFO - Filling up the DagBag from /home/airflow/.local/lib/python3.8/site-packages/airflow/example_dags/example_sla_dag.py
[2023-09-20T22:46:32.683+0000] {processor.py:839} INFO - DAG(s) dict_keys(['example_sla_dag']) retrieved from /home/airflow/.local/lib/python3.8/site-packages/airflow/example_dags/example_sla_dag.py
[2023-09-20T22:46:32.713+0000] {logging_mixin.py:151} INFO - [2023-09-20T22:46:32.713+0000] {dag.py:2915} INFO - Sync 1 DAGs
[2023-09-20T22:46:32.749+0000] {logging_mixin.py:151} INFO - [2023-09-20T22:46:32.749+0000] {dag.py:3696} INFO - Setting next_dagrun for example_sla_dag to 2023-09-20T22:44:00+00:00, run_after=2023-09-20T22:46:00+00:00
[2023-09-20T22:46:32.780+0000] {processor.py:179} INFO - Processing /home/airflow/.local/lib/python3.8/site-packages/airflow/example_dags/example_sla_dag.py took 0.118 seconds
[2023-09-20T22:47:03.330+0000] {processor.py:157} INFO - Started process (PID=2434) to work on /home/airflow/.local/lib/python3.8/site-packages/airflow/example_dags/example_sla_dag.py
[2023-09-20T22:47:03.332+0000] {processor.py:829} INFO - Processing file /home/airflow/.local/lib/python3.8/site-packages/airflow/example_dags/example_sla_dag.py for tasks to queue
[2023-09-20T22:47:03.336+0000] {logging_mixin.py:151} INFO - [2023-09-20T22:47:03.336+0000] {dagbag.py:539} INFO - Filling up the DagBag from /home/airflow/.local/lib/python3.8/site-packages/airflow/example_dags/example_sla_dag.py
[2023-09-20T22:47:03.352+0000] {processor.py:839} INFO - DAG(s) dict_keys(['example_sla_dag']) retrieved from /home/airflow/.local/lib/python3.8/site-packages/airflow/example_dags/example_sla_dag.py
[2023-09-20T22:47:03.386+0000] {logging_mixin.py:151} INFO - [2023-09-20T22:47:03.385+0000] {dag.py:2915} INFO - Sync 1 DAGs
[2023-09-20T22:47:03.421+0000] {logging_mixin.py:151} INFO - [2023-09-20T22:47:03.421+0000] {dag.py:3696} INFO - Setting next_dagrun for example_sla_dag to 2023-09-20T22:44:00+00:00, run_after=2023-09-20T22:46:00+00:00
[2023-09-20T22:47:03.684+0000] {processor.py:179} INFO - Processing /home/airflow/.local/lib/python3.8/site-packages/airflow/example_dags/example_sla_dag.py took 0.361 seconds
[2023-09-20T22:47:34.238+0000] {processor.py:157} INFO - Started process (PID=2489) to work on /home/airflow/.local/lib/python3.8/site-packages/airflow/example_dags/example_sla_dag.py
[2023-09-20T22:47:34.240+0000] {processor.py:829} INFO - Processing file /home/airflow/.local/lib/python3.8/site-packages/airflow/example_dags/example_sla_dag.py for tasks to queue
[2023-09-20T22:47:34.244+0000] {logging_mixin.py:151} INFO - [2023-09-20T22:47:34.243+0000] {dagbag.py:539} INFO - Filling up the DagBag from /home/airflow/.local/lib/python3.8/site-packages/airflow/example_dags/example_sla_dag.py
[2023-09-20T22:47:34.256+0000] {processor.py:839} INFO - DAG(s) dict_keys(['example_sla_dag']) retrieved from /home/airflow/.local/lib/python3.8/site-packages/airflow/example_dags/example_sla_dag.py
[2023-09-20T22:47:34.286+0000] {logging_mixin.py:151} INFO - [2023-09-20T22:47:34.285+0000] {dag.py:2915} INFO - Sync 1 DAGs
[2023-09-20T22:47:34.335+0000] {logging_mixin.py:151} INFO - [2023-09-20T22:47:34.335+0000] {dag.py:3696} INFO - Setting next_dagrun for example_sla_dag to 2023-09-20T22:44:00+00:00, run_after=2023-09-20T22:46:00+00:00
[2023-09-20T22:47:34.360+0000] {processor.py:179} INFO - Processing /home/airflow/.local/lib/python3.8/site-packages/airflow/example_dags/example_sla_dag.py took 0.127 seconds
[2023-09-20T22:48:04.596+0000] {processor.py:157} INFO - Started process (PID=2544) to work on /home/airflow/.local/lib/python3.8/site-packages/airflow/example_dags/example_sla_dag.py
[2023-09-20T22:48:04.597+0000] {processor.py:829} INFO - Processing file /home/airflow/.local/lib/python3.8/site-packages/airflow/example_dags/example_sla_dag.py for tasks to queue
[2023-09-20T22:48:04.601+0000] {logging_mixin.py:151} INFO - [2023-09-20T22:48:04.600+0000] {dagbag.py:539} INFO - Filling up the DagBag from /home/airflow/.local/lib/python3.8/site-packages/airflow/example_dags/example_sla_dag.py
[2023-09-20T22:48:04.613+0000] {processor.py:839} INFO - DAG(s) dict_keys(['example_sla_dag']) retrieved from /home/airflow/.local/lib/python3.8/site-packages/airflow/example_dags/example_sla_dag.py
[2023-09-20T22:48:04.640+0000] {logging_mixin.py:151} INFO - [2023-09-20T22:48:04.639+0000] {dag.py:2915} INFO - Sync 1 DAGs
[2023-09-20T22:48:04.677+0000] {logging_mixin.py:151} INFO - [2023-09-20T22:48:04.677+0000] {dag.py:3696} INFO - Setting next_dagrun for example_sla_dag to 2023-09-20T22:46:00+00:00, run_after=2023-09-20T22:48:00+00:00
[2023-09-20T22:48:04.714+0000] {processor.py:179} INFO - Processing /home/airflow/.local/lib/python3.8/site-packages/airflow/example_dags/example_sla_dag.py took 0.123 seconds
[2023-09-20T22:48:35.204+0000] {processor.py:157} INFO - Started process (PID=2599) to work on /home/airflow/.local/lib/python3.8/site-packages/airflow/example_dags/example_sla_dag.py
[2023-09-20T22:48:35.206+0000] {processor.py:829} INFO - Processing file /home/airflow/.local/lib/python3.8/site-packages/airflow/example_dags/example_sla_dag.py for tasks to queue
[2023-09-20T22:48:35.209+0000] {logging_mixin.py:151} INFO - [2023-09-20T22:48:35.209+0000] {dagbag.py:539} INFO - Filling up the DagBag from /home/airflow/.local/lib/python3.8/site-packages/airflow/example_dags/example_sla_dag.py
[2023-09-20T22:48:35.227+0000] {processor.py:839} INFO - DAG(s) dict_keys(['example_sla_dag']) retrieved from /home/airflow/.local/lib/python3.8/site-packages/airflow/example_dags/example_sla_dag.py
[2023-09-20T22:48:35.256+0000] {logging_mixin.py:151} INFO - [2023-09-20T22:48:35.256+0000] {dag.py:2915} INFO - Sync 1 DAGs
[2023-09-20T22:48:35.297+0000] {logging_mixin.py:151} INFO - [2023-09-20T22:48:35.296+0000] {dag.py:3696} INFO - Setting next_dagrun for example_sla_dag to 2023-09-20T22:46:00+00:00, run_after=2023-09-20T22:48:00+00:00
[2023-09-20T22:48:35.325+0000] {processor.py:179} INFO - Processing /home/airflow/.local/lib/python3.8/site-packages/airflow/example_dags/example_sla_dag.py took 0.125 seconds
[2023-09-20T22:49:05.809+0000] {processor.py:157} INFO - Started process (PID=2653) to work on /home/airflow/.local/lib/python3.8/site-packages/airflow/example_dags/example_sla_dag.py
[2023-09-20T22:49:05.811+0000] {processor.py:829} INFO - Processing file /home/airflow/.local/lib/python3.8/site-packages/airflow/example_dags/example_sla_dag.py for tasks to queue
[2023-09-20T22:49:05.814+0000] {logging_mixin.py:151} INFO - [2023-09-20T22:49:05.813+0000] {dagbag.py:539} INFO - Filling up the DagBag from /home/airflow/.local/lib/python3.8/site-packages/airflow/example_dags/example_sla_dag.py
[2023-09-20T22:49:05.824+0000] {processor.py:839} INFO - DAG(s) dict_keys(['example_sla_dag']) retrieved from /home/airflow/.local/lib/python3.8/site-packages/airflow/example_dags/example_sla_dag.py
[2023-09-20T22:49:05.848+0000] {logging_mixin.py:151} INFO - [2023-09-20T22:49:05.848+0000] {dag.py:2915} INFO - Sync 1 DAGs
[2023-09-20T22:49:05.891+0000] {logging_mixin.py:151} INFO - [2023-09-20T22:49:05.890+0000] {dag.py:3696} INFO - Setting next_dagrun for example_sla_dag to 2023-09-20T22:46:00+00:00, run_after=2023-09-20T22:48:00+00:00
[2023-09-20T22:49:05.954+0000] {processor.py:179} INFO - Processing /home/airflow/.local/lib/python3.8/site-packages/airflow/example_dags/example_sla_dag.py took 0.150 seconds
[2023-09-20T22:49:36.733+0000] {processor.py:157} INFO - Started process (PID=2708) to work on /home/airflow/.local/lib/python3.8/site-packages/airflow/example_dags/example_sla_dag.py
[2023-09-20T22:49:36.735+0000] {processor.py:829} INFO - Processing file /home/airflow/.local/lib/python3.8/site-packages/airflow/example_dags/example_sla_dag.py for tasks to queue
[2023-09-20T22:49:36.739+0000] {logging_mixin.py:151} INFO - [2023-09-20T22:49:36.739+0000] {dagbag.py:539} INFO - Filling up the DagBag from /home/airflow/.local/lib/python3.8/site-packages/airflow/example_dags/example_sla_dag.py
[2023-09-20T22:49:36.756+0000] {processor.py:839} INFO - DAG(s) dict_keys(['example_sla_dag']) retrieved from /home/airflow/.local/lib/python3.8/site-packages/airflow/example_dags/example_sla_dag.py
[2023-09-20T22:49:36.789+0000] {logging_mixin.py:151} INFO - [2023-09-20T22:49:36.788+0000] {dag.py:2915} INFO - Sync 1 DAGs
[2023-09-20T22:49:36.837+0000] {logging_mixin.py:151} INFO - [2023-09-20T22:49:36.837+0000] {dag.py:3696} INFO - Setting next_dagrun for example_sla_dag to 2023-09-20T22:46:00+00:00, run_after=2023-09-20T22:48:00+00:00
[2023-09-20T22:49:36.869+0000] {processor.py:179} INFO - Processing /home/airflow/.local/lib/python3.8/site-packages/airflow/example_dags/example_sla_dag.py took 0.142 seconds
[2023-09-20T22:50:07.084+0000] {processor.py:157} INFO - Started process (PID=2763) to work on /home/airflow/.local/lib/python3.8/site-packages/airflow/example_dags/example_sla_dag.py
[2023-09-20T22:50:07.085+0000] {processor.py:829} INFO - Processing file /home/airflow/.local/lib/python3.8/site-packages/airflow/example_dags/example_sla_dag.py for tasks to queue
[2023-09-20T22:50:07.089+0000] {logging_mixin.py:151} INFO - [2023-09-20T22:50:07.089+0000] {dagbag.py:539} INFO - Filling up the DagBag from /home/airflow/.local/lib/python3.8/site-packages/airflow/example_dags/example_sla_dag.py
[2023-09-20T22:50:07.109+0000] {processor.py:839} INFO - DAG(s) dict_keys(['example_sla_dag']) retrieved from /home/airflow/.local/lib/python3.8/site-packages/airflow/example_dags/example_sla_dag.py
[2023-09-20T22:50:07.139+0000] {logging_mixin.py:151} INFO - [2023-09-20T22:50:07.138+0000] {dag.py:2915} INFO - Sync 1 DAGs
[2023-09-20T22:50:07.174+0000] {logging_mixin.py:151} INFO - [2023-09-20T22:50:07.174+0000] {dag.py:3696} INFO - Setting next_dagrun for example_sla_dag to 2023-09-20T22:48:00+00:00, run_after=2023-09-20T22:50:00+00:00
[2023-09-20T22:50:07.470+0000] {processor.py:179} INFO - Processing /home/airflow/.local/lib/python3.8/site-packages/airflow/example_dags/example_sla_dag.py took 0.391 seconds
[2023-09-20T22:50:37.535+0000] {processor.py:157} INFO - Started process (PID=2818) to work on /home/airflow/.local/lib/python3.8/site-packages/airflow/example_dags/example_sla_dag.py
[2023-09-20T22:50:37.536+0000] {processor.py:829} INFO - Processing file /home/airflow/.local/lib/python3.8/site-packages/airflow/example_dags/example_sla_dag.py for tasks to queue
[2023-09-20T22:50:37.541+0000] {logging_mixin.py:151} INFO - [2023-09-20T22:50:37.540+0000] {dagbag.py:539} INFO - Filling up the DagBag from /home/airflow/.local/lib/python3.8/site-packages/airflow/example_dags/example_sla_dag.py
[2023-09-20T22:50:37.554+0000] {processor.py:839} INFO - DAG(s) dict_keys(['example_sla_dag']) retrieved from /home/airflow/.local/lib/python3.8/site-packages/airflow/example_dags/example_sla_dag.py
[2023-09-20T22:50:37.592+0000] {logging_mixin.py:151} INFO - [2023-09-20T22:50:37.592+0000] {dag.py:2915} INFO - Sync 1 DAGs
[2023-09-20T22:50:37.635+0000] {logging_mixin.py:151} INFO - [2023-09-20T22:50:37.635+0000] {dag.py:3696} INFO - Setting next_dagrun for example_sla_dag to 2023-09-20T22:48:00+00:00, run_after=2023-09-20T22:50:00+00:00
[2023-09-20T22:50:37.681+0000] {processor.py:179} INFO - Processing /home/airflow/.local/lib/python3.8/site-packages/airflow/example_dags/example_sla_dag.py took 0.153 seconds
[2023-09-20T22:51:07.765+0000] {processor.py:157} INFO - Started process (PID=2873) to work on /home/airflow/.local/lib/python3.8/site-packages/airflow/example_dags/example_sla_dag.py
[2023-09-20T22:51:07.766+0000] {processor.py:829} INFO - Processing file /home/airflow/.local/lib/python3.8/site-packages/airflow/example_dags/example_sla_dag.py for tasks to queue
[2023-09-20T22:51:07.769+0000] {logging_mixin.py:151} INFO - [2023-09-20T22:51:07.769+0000] {dagbag.py:539} INFO - Filling up the DagBag from /home/airflow/.local/lib/python3.8/site-packages/airflow/example_dags/example_sla_dag.py
[2023-09-20T22:51:07.784+0000] {processor.py:839} INFO - DAG(s) dict_keys(['example_sla_dag']) retrieved from /home/airflow/.local/lib/python3.8/site-packages/airflow/example_dags/example_sla_dag.py
[2023-09-20T22:51:07.817+0000] {logging_mixin.py:151} INFO - [2023-09-20T22:51:07.816+0000] {dag.py:2915} INFO - Sync 1 DAGs
[2023-09-20T22:51:07.850+0000] {logging_mixin.py:151} INFO - [2023-09-20T22:51:07.850+0000] {dag.py:3696} INFO - Setting next_dagrun for example_sla_dag to 2023-09-20T22:48:00+00:00, run_after=2023-09-20T22:50:00+00:00
[2023-09-20T22:51:07.943+0000] {processor.py:179} INFO - Processing /home/airflow/.local/lib/python3.8/site-packages/airflow/example_dags/example_sla_dag.py took 0.183 seconds
[2023-09-20T22:51:38.356+0000] {processor.py:157} INFO - Started process (PID=2928) to work on /home/airflow/.local/lib/python3.8/site-packages/airflow/example_dags/example_sla_dag.py
[2023-09-20T22:51:38.358+0000] {processor.py:829} INFO - Processing file /home/airflow/.local/lib/python3.8/site-packages/airflow/example_dags/example_sla_dag.py for tasks to queue
[2023-09-20T22:51:38.362+0000] {logging_mixin.py:151} INFO - [2023-09-20T22:51:38.361+0000] {dagbag.py:539} INFO - Filling up the DagBag from /home/airflow/.local/lib/python3.8/site-packages/airflow/example_dags/example_sla_dag.py
[2023-09-20T22:51:38.377+0000] {processor.py:839} INFO - DAG(s) dict_keys(['example_sla_dag']) retrieved from /home/airflow/.local/lib/python3.8/site-packages/airflow/example_dags/example_sla_dag.py
[2023-09-20T22:51:38.407+0000] {logging_mixin.py:151} INFO - [2023-09-20T22:51:38.406+0000] {dag.py:2915} INFO - Sync 1 DAGs
[2023-09-20T22:51:38.446+0000] {logging_mixin.py:151} INFO - [2023-09-20T22:51:38.446+0000] {dag.py:3696} INFO - Setting next_dagrun for example_sla_dag to 2023-09-20T22:48:00+00:00, run_after=2023-09-20T22:50:00+00:00
[2023-09-20T22:51:38.477+0000] {processor.py:179} INFO - Processing /home/airflow/.local/lib/python3.8/site-packages/airflow/example_dags/example_sla_dag.py took 0.129 seconds
[2023-09-20T23:11:33.461+0000] {processor.py:157} INFO - Started process (PID=60) to work on /home/airflow/.local/lib/python3.8/site-packages/airflow/example_dags/example_sla_dag.py
[2023-09-20T23:11:33.463+0000] {processor.py:829} INFO - Processing file /home/airflow/.local/lib/python3.8/site-packages/airflow/example_dags/example_sla_dag.py for tasks to queue
[2023-09-20T23:11:33.467+0000] {logging_mixin.py:151} INFO - [2023-09-20T23:11:33.466+0000] {dagbag.py:539} INFO - Filling up the DagBag from /home/airflow/.local/lib/python3.8/site-packages/airflow/example_dags/example_sla_dag.py
[2023-09-20T23:11:33.478+0000] {processor.py:839} INFO - DAG(s) dict_keys(['example_sla_dag']) retrieved from /home/airflow/.local/lib/python3.8/site-packages/airflow/example_dags/example_sla_dag.py
[2023-09-20T23:11:33.495+0000] {logging_mixin.py:151} INFO - [2023-09-20T23:11:33.495+0000] {dag.py:2915} INFO - Sync 1 DAGs
[2023-09-20T23:11:33.538+0000] {logging_mixin.py:151} INFO - [2023-09-20T23:11:33.538+0000] {dag.py:3696} INFO - Setting next_dagrun for example_sla_dag to 2023-09-20T23:08:00+00:00, run_after=2023-09-20T23:10:00+00:00
[2023-09-20T23:11:33.568+0000] {processor.py:179} INFO - Processing /home/airflow/.local/lib/python3.8/site-packages/airflow/example_dags/example_sla_dag.py took 0.112 seconds
[2023-09-20T23:12:04.228+0000] {processor.py:157} INFO - Started process (PID=115) to work on /home/airflow/.local/lib/python3.8/site-packages/airflow/example_dags/example_sla_dag.py
[2023-09-20T23:12:04.230+0000] {processor.py:829} INFO - Processing file /home/airflow/.local/lib/python3.8/site-packages/airflow/example_dags/example_sla_dag.py for tasks to queue
[2023-09-20T23:12:04.233+0000] {logging_mixin.py:151} INFO - [2023-09-20T23:12:04.233+0000] {dagbag.py:539} INFO - Filling up the DagBag from /home/airflow/.local/lib/python3.8/site-packages/airflow/example_dags/example_sla_dag.py
[2023-09-20T23:12:04.246+0000] {processor.py:839} INFO - DAG(s) dict_keys(['example_sla_dag']) retrieved from /home/airflow/.local/lib/python3.8/site-packages/airflow/example_dags/example_sla_dag.py
[2023-09-20T23:12:04.276+0000] {logging_mixin.py:151} INFO - [2023-09-20T23:12:04.276+0000] {dag.py:2915} INFO - Sync 1 DAGs
[2023-09-20T23:12:04.326+0000] {logging_mixin.py:151} INFO - [2023-09-20T23:12:04.326+0000] {dag.py:3696} INFO - Setting next_dagrun for example_sla_dag to 2023-09-20T23:10:00+00:00, run_after=2023-09-20T23:12:00+00:00
[2023-09-20T23:12:04.357+0000] {processor.py:179} INFO - Processing /home/airflow/.local/lib/python3.8/site-packages/airflow/example_dags/example_sla_dag.py took 0.135 seconds
[2023-09-20T23:12:36.585+0000] {processor.py:157} INFO - Started process (PID=170) to work on /home/airflow/.local/lib/python3.8/site-packages/airflow/example_dags/example_sla_dag.py
[2023-09-20T23:12:36.587+0000] {processor.py:829} INFO - Processing file /home/airflow/.local/lib/python3.8/site-packages/airflow/example_dags/example_sla_dag.py for tasks to queue
[2023-09-20T23:12:36.590+0000] {logging_mixin.py:151} INFO - [2023-09-20T23:12:36.590+0000] {dagbag.py:539} INFO - Filling up the DagBag from /home/airflow/.local/lib/python3.8/site-packages/airflow/example_dags/example_sla_dag.py
[2023-09-20T23:12:36.602+0000] {processor.py:839} INFO - DAG(s) dict_keys(['example_sla_dag']) retrieved from /home/airflow/.local/lib/python3.8/site-packages/airflow/example_dags/example_sla_dag.py
[2023-09-20T23:12:36.629+0000] {logging_mixin.py:151} INFO - [2023-09-20T23:12:36.628+0000] {dag.py:2915} INFO - Sync 1 DAGs
[2023-09-20T23:12:36.674+0000] {logging_mixin.py:151} INFO - [2023-09-20T23:12:36.674+0000] {dag.py:3696} INFO - Setting next_dagrun for example_sla_dag to 2023-09-20T23:10:00+00:00, run_after=2023-09-20T23:12:00+00:00
[2023-09-20T23:12:36.710+0000] {processor.py:179} INFO - Processing /home/airflow/.local/lib/python3.8/site-packages/airflow/example_dags/example_sla_dag.py took 0.130 seconds
[2023-09-20T23:13:07.825+0000] {processor.py:157} INFO - Started process (PID=225) to work on /home/airflow/.local/lib/python3.8/site-packages/airflow/example_dags/example_sla_dag.py
[2023-09-20T23:13:07.827+0000] {processor.py:829} INFO - Processing file /home/airflow/.local/lib/python3.8/site-packages/airflow/example_dags/example_sla_dag.py for tasks to queue
[2023-09-20T23:13:07.830+0000] {logging_mixin.py:151} INFO - [2023-09-20T23:13:07.830+0000] {dagbag.py:539} INFO - Filling up the DagBag from /home/airflow/.local/lib/python3.8/site-packages/airflow/example_dags/example_sla_dag.py
[2023-09-20T23:13:07.847+0000] {processor.py:839} INFO - DAG(s) dict_keys(['example_sla_dag']) retrieved from /home/airflow/.local/lib/python3.8/site-packages/airflow/example_dags/example_sla_dag.py
[2023-09-20T23:13:07.888+0000] {logging_mixin.py:151} INFO - [2023-09-20T23:13:07.887+0000] {dag.py:2915} INFO - Sync 1 DAGs
[2023-09-20T23:13:07.932+0000] {logging_mixin.py:151} INFO - [2023-09-20T23:13:07.932+0000] {dag.py:3696} INFO - Setting next_dagrun for example_sla_dag to 2023-09-20T23:10:00+00:00, run_after=2023-09-20T23:12:00+00:00
[2023-09-20T23:13:07.987+0000] {processor.py:179} INFO - Processing /home/airflow/.local/lib/python3.8/site-packages/airflow/example_dags/example_sla_dag.py took 0.171 seconds
