[2023-09-20T22:15:28.694+0000] {processor.py:157} INFO - Started process (PID=43) to work on /home/airflow/.local/lib/python3.8/site-packages/airflow/example_dags/example_short_circuit_operator.py
[2023-09-20T22:15:28.696+0000] {processor.py:829} INFO - Processing file /home/airflow/.local/lib/python3.8/site-packages/airflow/example_dags/example_short_circuit_operator.py for tasks to queue
[2023-09-20T22:15:28.700+0000] {logging_mixin.py:151} INFO - [2023-09-20T22:15:28.699+0000] {dagbag.py:539} INFO - Filling up the DagBag from /home/airflow/.local/lib/python3.8/site-packages/airflow/example_dags/example_short_circuit_operator.py
[2023-09-20T22:15:28.715+0000] {processor.py:839} INFO - DAG(s) dict_keys(['example_short_circuit_operator']) retrieved from /home/airflow/.local/lib/python3.8/site-packages/airflow/example_dags/example_short_circuit_operator.py
[2023-09-20T22:15:28.738+0000] {logging_mixin.py:151} INFO - [2023-09-20T22:15:28.738+0000] {dag.py:2915} INFO - Sync 1 DAGs
[2023-09-20T22:15:28.775+0000] {logging_mixin.py:151} INFO - [2023-09-20T22:15:28.775+0000] {dag.py:3696} INFO - Setting next_dagrun for example_short_circuit_operator to 2023-09-19T22:15:28.774674+00:00, run_after=2023-09-20T22:15:28.774674+00:00
[2023-09-20T22:15:28.807+0000] {processor.py:179} INFO - Processing /home/airflow/.local/lib/python3.8/site-packages/airflow/example_dags/example_short_circuit_operator.py took 0.119 seconds
[2023-09-20T22:15:59.026+0000] {processor.py:157} INFO - Started process (PID=97) to work on /home/airflow/.local/lib/python3.8/site-packages/airflow/example_dags/example_short_circuit_operator.py
[2023-09-20T22:15:59.027+0000] {processor.py:829} INFO - Processing file /home/airflow/.local/lib/python3.8/site-packages/airflow/example_dags/example_short_circuit_operator.py for tasks to queue
[2023-09-20T22:15:59.031+0000] {logging_mixin.py:151} INFO - [2023-09-20T22:15:59.030+0000] {dagbag.py:539} INFO - Filling up the DagBag from /home/airflow/.local/lib/python3.8/site-packages/airflow/example_dags/example_short_circuit_operator.py
[2023-09-20T22:15:59.044+0000] {processor.py:839} INFO - DAG(s) dict_keys(['example_short_circuit_operator']) retrieved from /home/airflow/.local/lib/python3.8/site-packages/airflow/example_dags/example_short_circuit_operator.py
[2023-09-20T22:15:59.076+0000] {logging_mixin.py:151} INFO - [2023-09-20T22:15:59.075+0000] {dag.py:2915} INFO - Sync 1 DAGs
[2023-09-20T22:15:59.105+0000] {logging_mixin.py:151} INFO - [2023-09-20T22:15:59.105+0000] {dag.py:3696} INFO - Setting next_dagrun for example_short_circuit_operator to 2023-09-19T22:15:59.105315+00:00, run_after=2023-09-20T22:15:59.105315+00:00
[2023-09-20T22:15:59.141+0000] {processor.py:179} INFO - Processing /home/airflow/.local/lib/python3.8/site-packages/airflow/example_dags/example_short_circuit_operator.py took 0.120 seconds
[2023-09-20T22:16:29.815+0000] {processor.py:157} INFO - Started process (PID=151) to work on /home/airflow/.local/lib/python3.8/site-packages/airflow/example_dags/example_short_circuit_operator.py
[2023-09-20T22:16:29.817+0000] {processor.py:829} INFO - Processing file /home/airflow/.local/lib/python3.8/site-packages/airflow/example_dags/example_short_circuit_operator.py for tasks to queue
[2023-09-20T22:16:29.822+0000] {logging_mixin.py:151} INFO - [2023-09-20T22:16:29.821+0000] {dagbag.py:539} INFO - Filling up the DagBag from /home/airflow/.local/lib/python3.8/site-packages/airflow/example_dags/example_short_circuit_operator.py
[2023-09-20T22:16:29.838+0000] {processor.py:839} INFO - DAG(s) dict_keys(['example_short_circuit_operator']) retrieved from /home/airflow/.local/lib/python3.8/site-packages/airflow/example_dags/example_short_circuit_operator.py
[2023-09-20T22:16:29.874+0000] {logging_mixin.py:151} INFO - [2023-09-20T22:16:29.874+0000] {dag.py:2915} INFO - Sync 1 DAGs
[2023-09-20T22:16:29.906+0000] {logging_mixin.py:151} INFO - [2023-09-20T22:16:29.905+0000] {dag.py:3696} INFO - Setting next_dagrun for example_short_circuit_operator to 2023-09-19T22:16:29.905542+00:00, run_after=2023-09-20T22:16:29.905542+00:00
[2023-09-20T22:16:29.937+0000] {processor.py:179} INFO - Processing /home/airflow/.local/lib/python3.8/site-packages/airflow/example_dags/example_short_circuit_operator.py took 0.127 seconds
[2023-09-20T22:17:00.668+0000] {processor.py:157} INFO - Started process (PID=205) to work on /home/airflow/.local/lib/python3.8/site-packages/airflow/example_dags/example_short_circuit_operator.py
[2023-09-20T22:17:00.670+0000] {processor.py:829} INFO - Processing file /home/airflow/.local/lib/python3.8/site-packages/airflow/example_dags/example_short_circuit_operator.py for tasks to queue
[2023-09-20T22:17:00.673+0000] {logging_mixin.py:151} INFO - [2023-09-20T22:17:00.673+0000] {dagbag.py:539} INFO - Filling up the DagBag from /home/airflow/.local/lib/python3.8/site-packages/airflow/example_dags/example_short_circuit_operator.py
[2023-09-20T22:17:00.685+0000] {processor.py:839} INFO - DAG(s) dict_keys(['example_short_circuit_operator']) retrieved from /home/airflow/.local/lib/python3.8/site-packages/airflow/example_dags/example_short_circuit_operator.py
[2023-09-20T22:17:00.719+0000] {logging_mixin.py:151} INFO - [2023-09-20T22:17:00.719+0000] {dag.py:2915} INFO - Sync 1 DAGs
[2023-09-20T22:17:00.751+0000] {logging_mixin.py:151} INFO - [2023-09-20T22:17:00.751+0000] {dag.py:3696} INFO - Setting next_dagrun for example_short_circuit_operator to 2023-09-19T22:17:00.751170+00:00, run_after=2023-09-20T22:17:00.751170+00:00
[2023-09-20T22:17:00.790+0000] {processor.py:179} INFO - Processing /home/airflow/.local/lib/python3.8/site-packages/airflow/example_dags/example_short_circuit_operator.py took 0.128 seconds
[2023-09-20T22:24:59.815+0000] {processor.py:157} INFO - Started process (PID=43) to work on /home/airflow/.local/lib/python3.8/site-packages/airflow/example_dags/example_short_circuit_operator.py
[2023-09-20T22:24:59.817+0000] {processor.py:829} INFO - Processing file /home/airflow/.local/lib/python3.8/site-packages/airflow/example_dags/example_short_circuit_operator.py for tasks to queue
[2023-09-20T22:24:59.820+0000] {logging_mixin.py:151} INFO - [2023-09-20T22:24:59.820+0000] {dagbag.py:539} INFO - Filling up the DagBag from /home/airflow/.local/lib/python3.8/site-packages/airflow/example_dags/example_short_circuit_operator.py
[2023-09-20T22:24:59.833+0000] {processor.py:839} INFO - DAG(s) dict_keys(['example_short_circuit_operator']) retrieved from /home/airflow/.local/lib/python3.8/site-packages/airflow/example_dags/example_short_circuit_operator.py
[2023-09-20T22:24:59.866+0000] {logging_mixin.py:151} INFO - [2023-09-20T22:24:59.865+0000] {dag.py:2915} INFO - Sync 1 DAGs
[2023-09-20T22:24:59.912+0000] {logging_mixin.py:151} INFO - [2023-09-20T22:24:59.911+0000] {dag.py:3696} INFO - Setting next_dagrun for example_short_circuit_operator to 2023-09-19T22:24:59.911579+00:00, run_after=2023-09-20T22:24:59.911579+00:00
[2023-09-20T22:24:59.949+0000] {processor.py:179} INFO - Processing /home/airflow/.local/lib/python3.8/site-packages/airflow/example_dags/example_short_circuit_operator.py took 0.139 seconds
[2023-09-20T22:25:30.634+0000] {processor.py:157} INFO - Started process (PID=98) to work on /home/airflow/.local/lib/python3.8/site-packages/airflow/example_dags/example_short_circuit_operator.py
[2023-09-20T22:25:30.635+0000] {processor.py:829} INFO - Processing file /home/airflow/.local/lib/python3.8/site-packages/airflow/example_dags/example_short_circuit_operator.py for tasks to queue
[2023-09-20T22:25:30.639+0000] {logging_mixin.py:151} INFO - [2023-09-20T22:25:30.638+0000] {dagbag.py:539} INFO - Filling up the DagBag from /home/airflow/.local/lib/python3.8/site-packages/airflow/example_dags/example_short_circuit_operator.py
[2023-09-20T22:25:30.651+0000] {processor.py:839} INFO - DAG(s) dict_keys(['example_short_circuit_operator']) retrieved from /home/airflow/.local/lib/python3.8/site-packages/airflow/example_dags/example_short_circuit_operator.py
[2023-09-20T22:25:30.691+0000] {logging_mixin.py:151} INFO - [2023-09-20T22:25:30.690+0000] {dag.py:2915} INFO - Sync 1 DAGs
[2023-09-20T22:25:30.725+0000] {logging_mixin.py:151} INFO - [2023-09-20T22:25:30.725+0000] {dag.py:3696} INFO - Setting next_dagrun for example_short_circuit_operator to 2023-09-19T22:25:30.724909+00:00, run_after=2023-09-20T22:25:30.724909+00:00
[2023-09-20T22:25:30.779+0000] {processor.py:179} INFO - Processing /home/airflow/.local/lib/python3.8/site-packages/airflow/example_dags/example_short_circuit_operator.py took 0.149 seconds
[2023-09-20T22:26:01.505+0000] {processor.py:157} INFO - Started process (PID=153) to work on /home/airflow/.local/lib/python3.8/site-packages/airflow/example_dags/example_short_circuit_operator.py
[2023-09-20T22:26:01.507+0000] {processor.py:829} INFO - Processing file /home/airflow/.local/lib/python3.8/site-packages/airflow/example_dags/example_short_circuit_operator.py for tasks to queue
[2023-09-20T22:26:01.512+0000] {logging_mixin.py:151} INFO - [2023-09-20T22:26:01.512+0000] {dagbag.py:539} INFO - Filling up the DagBag from /home/airflow/.local/lib/python3.8/site-packages/airflow/example_dags/example_short_circuit_operator.py
[2023-09-20T22:26:01.533+0000] {processor.py:839} INFO - DAG(s) dict_keys(['example_short_circuit_operator']) retrieved from /home/airflow/.local/lib/python3.8/site-packages/airflow/example_dags/example_short_circuit_operator.py
[2023-09-20T22:26:01.572+0000] {logging_mixin.py:151} INFO - [2023-09-20T22:26:01.572+0000] {dag.py:2915} INFO - Sync 1 DAGs
[2023-09-20T22:26:01.600+0000] {logging_mixin.py:151} INFO - [2023-09-20T22:26:01.600+0000] {dag.py:3696} INFO - Setting next_dagrun for example_short_circuit_operator to 2023-09-19T22:26:01.600076+00:00, run_after=2023-09-20T22:26:01.600076+00:00
[2023-09-20T22:26:01.643+0000] {processor.py:179} INFO - Processing /home/airflow/.local/lib/python3.8/site-packages/airflow/example_dags/example_short_circuit_operator.py took 0.145 seconds
[2023-09-20T22:26:32.490+0000] {processor.py:157} INFO - Started process (PID=208) to work on /home/airflow/.local/lib/python3.8/site-packages/airflow/example_dags/example_short_circuit_operator.py
[2023-09-20T22:26:32.491+0000] {processor.py:829} INFO - Processing file /home/airflow/.local/lib/python3.8/site-packages/airflow/example_dags/example_short_circuit_operator.py for tasks to queue
[2023-09-20T22:26:32.494+0000] {logging_mixin.py:151} INFO - [2023-09-20T22:26:32.494+0000] {dagbag.py:539} INFO - Filling up the DagBag from /home/airflow/.local/lib/python3.8/site-packages/airflow/example_dags/example_short_circuit_operator.py
[2023-09-20T22:26:32.504+0000] {processor.py:839} INFO - DAG(s) dict_keys(['example_short_circuit_operator']) retrieved from /home/airflow/.local/lib/python3.8/site-packages/airflow/example_dags/example_short_circuit_operator.py
[2023-09-20T22:26:32.536+0000] {logging_mixin.py:151} INFO - [2023-09-20T22:26:32.536+0000] {dag.py:2915} INFO - Sync 1 DAGs
[2023-09-20T22:26:32.577+0000] {logging_mixin.py:151} INFO - [2023-09-20T22:26:32.576+0000] {dag.py:3696} INFO - Setting next_dagrun for example_short_circuit_operator to 2023-09-19T22:26:32.576397+00:00, run_after=2023-09-20T22:26:32.576397+00:00
[2023-09-20T22:26:32.627+0000] {processor.py:179} INFO - Processing /home/airflow/.local/lib/python3.8/site-packages/airflow/example_dags/example_short_circuit_operator.py took 0.142 seconds
[2023-09-20T22:27:03.376+0000] {processor.py:157} INFO - Started process (PID=263) to work on /home/airflow/.local/lib/python3.8/site-packages/airflow/example_dags/example_short_circuit_operator.py
[2023-09-20T22:27:03.378+0000] {processor.py:829} INFO - Processing file /home/airflow/.local/lib/python3.8/site-packages/airflow/example_dags/example_short_circuit_operator.py for tasks to queue
[2023-09-20T22:27:03.381+0000] {logging_mixin.py:151} INFO - [2023-09-20T22:27:03.381+0000] {dagbag.py:539} INFO - Filling up the DagBag from /home/airflow/.local/lib/python3.8/site-packages/airflow/example_dags/example_short_circuit_operator.py
[2023-09-20T22:27:03.394+0000] {processor.py:839} INFO - DAG(s) dict_keys(['example_short_circuit_operator']) retrieved from /home/airflow/.local/lib/python3.8/site-packages/airflow/example_dags/example_short_circuit_operator.py
[2023-09-20T22:27:03.505+0000] {logging_mixin.py:151} INFO - [2023-09-20T22:27:03.504+0000] {dag.py:2915} INFO - Sync 1 DAGs
[2023-09-20T22:27:03.578+0000] {logging_mixin.py:151} INFO - [2023-09-20T22:27:03.578+0000] {dag.py:3696} INFO - Setting next_dagrun for example_short_circuit_operator to 2023-09-19T22:27:03.577480+00:00, run_after=2023-09-20T22:27:03.577480+00:00
[2023-09-20T22:27:03.637+0000] {processor.py:179} INFO - Processing /home/airflow/.local/lib/python3.8/site-packages/airflow/example_dags/example_short_circuit_operator.py took 0.265 seconds
[2023-09-20T22:27:34.207+0000] {processor.py:157} INFO - Started process (PID=318) to work on /home/airflow/.local/lib/python3.8/site-packages/airflow/example_dags/example_short_circuit_operator.py
[2023-09-20T22:27:34.209+0000] {processor.py:829} INFO - Processing file /home/airflow/.local/lib/python3.8/site-packages/airflow/example_dags/example_short_circuit_operator.py for tasks to queue
[2023-09-20T22:27:34.212+0000] {logging_mixin.py:151} INFO - [2023-09-20T22:27:34.211+0000] {dagbag.py:539} INFO - Filling up the DagBag from /home/airflow/.local/lib/python3.8/site-packages/airflow/example_dags/example_short_circuit_operator.py
[2023-09-20T22:27:34.224+0000] {processor.py:839} INFO - DAG(s) dict_keys(['example_short_circuit_operator']) retrieved from /home/airflow/.local/lib/python3.8/site-packages/airflow/example_dags/example_short_circuit_operator.py
[2023-09-20T22:27:34.257+0000] {logging_mixin.py:151} INFO - [2023-09-20T22:27:34.256+0000] {dag.py:2915} INFO - Sync 1 DAGs
[2023-09-20T22:27:34.287+0000] {logging_mixin.py:151} INFO - [2023-09-20T22:27:34.287+0000] {dag.py:3696} INFO - Setting next_dagrun for example_short_circuit_operator to 2023-09-19T22:27:34.286903+00:00, run_after=2023-09-20T22:27:34.286903+00:00
[2023-09-20T22:27:34.322+0000] {processor.py:179} INFO - Processing /home/airflow/.local/lib/python3.8/site-packages/airflow/example_dags/example_short_circuit_operator.py took 0.120 seconds
[2023-09-20T22:28:04.413+0000] {processor.py:157} INFO - Started process (PID=374) to work on /home/airflow/.local/lib/python3.8/site-packages/airflow/example_dags/example_short_circuit_operator.py
[2023-09-20T22:28:04.415+0000] {processor.py:829} INFO - Processing file /home/airflow/.local/lib/python3.8/site-packages/airflow/example_dags/example_short_circuit_operator.py for tasks to queue
[2023-09-20T22:28:04.423+0000] {logging_mixin.py:151} INFO - [2023-09-20T22:28:04.421+0000] {dagbag.py:539} INFO - Filling up the DagBag from /home/airflow/.local/lib/python3.8/site-packages/airflow/example_dags/example_short_circuit_operator.py
[2023-09-20T22:28:04.436+0000] {processor.py:839} INFO - DAG(s) dict_keys(['example_short_circuit_operator']) retrieved from /home/airflow/.local/lib/python3.8/site-packages/airflow/example_dags/example_short_circuit_operator.py
[2023-09-20T22:28:04.473+0000] {logging_mixin.py:151} INFO - [2023-09-20T22:28:04.473+0000] {dag.py:2915} INFO - Sync 1 DAGs
[2023-09-20T22:28:04.506+0000] {logging_mixin.py:151} INFO - [2023-09-20T22:28:04.506+0000] {dag.py:3696} INFO - Setting next_dagrun for example_short_circuit_operator to 2023-09-19T22:28:04.505944+00:00, run_after=2023-09-20T22:28:04.505944+00:00
[2023-09-20T22:28:04.544+0000] {processor.py:179} INFO - Processing /home/airflow/.local/lib/python3.8/site-packages/airflow/example_dags/example_short_circuit_operator.py took 0.141 seconds
[2023-09-20T22:28:34.865+0000] {processor.py:157} INFO - Started process (PID=429) to work on /home/airflow/.local/lib/python3.8/site-packages/airflow/example_dags/example_short_circuit_operator.py
[2023-09-20T22:28:34.867+0000] {processor.py:829} INFO - Processing file /home/airflow/.local/lib/python3.8/site-packages/airflow/example_dags/example_short_circuit_operator.py for tasks to queue
[2023-09-20T22:28:34.872+0000] {logging_mixin.py:151} INFO - [2023-09-20T22:28:34.871+0000] {dagbag.py:539} INFO - Filling up the DagBag from /home/airflow/.local/lib/python3.8/site-packages/airflow/example_dags/example_short_circuit_operator.py
[2023-09-20T22:28:34.887+0000] {processor.py:839} INFO - DAG(s) dict_keys(['example_short_circuit_operator']) retrieved from /home/airflow/.local/lib/python3.8/site-packages/airflow/example_dags/example_short_circuit_operator.py
[2023-09-20T22:28:34.930+0000] {logging_mixin.py:151} INFO - [2023-09-20T22:28:34.930+0000] {dag.py:2915} INFO - Sync 1 DAGs
[2023-09-20T22:28:34.968+0000] {logging_mixin.py:151} INFO - [2023-09-20T22:28:34.967+0000] {dag.py:3696} INFO - Setting next_dagrun for example_short_circuit_operator to 2023-09-19T22:28:34.967353+00:00, run_after=2023-09-20T22:28:34.967353+00:00
[2023-09-20T22:28:35.028+0000] {processor.py:179} INFO - Processing /home/airflow/.local/lib/python3.8/site-packages/airflow/example_dags/example_short_circuit_operator.py took 0.173 seconds
[2023-09-20T22:29:06.057+0000] {processor.py:157} INFO - Started process (PID=484) to work on /home/airflow/.local/lib/python3.8/site-packages/airflow/example_dags/example_short_circuit_operator.py
[2023-09-20T22:29:06.061+0000] {processor.py:829} INFO - Processing file /home/airflow/.local/lib/python3.8/site-packages/airflow/example_dags/example_short_circuit_operator.py for tasks to queue
[2023-09-20T22:29:06.064+0000] {logging_mixin.py:151} INFO - [2023-09-20T22:29:06.064+0000] {dagbag.py:539} INFO - Filling up the DagBag from /home/airflow/.local/lib/python3.8/site-packages/airflow/example_dags/example_short_circuit_operator.py
[2023-09-20T22:29:06.075+0000] {processor.py:839} INFO - DAG(s) dict_keys(['example_short_circuit_operator']) retrieved from /home/airflow/.local/lib/python3.8/site-packages/airflow/example_dags/example_short_circuit_operator.py
[2023-09-20T22:29:06.109+0000] {logging_mixin.py:151} INFO - [2023-09-20T22:29:06.108+0000] {dag.py:2915} INFO - Sync 1 DAGs
[2023-09-20T22:29:06.138+0000] {logging_mixin.py:151} INFO - [2023-09-20T22:29:06.138+0000] {dag.py:3696} INFO - Setting next_dagrun for example_short_circuit_operator to 2023-09-19T22:29:06.138175+00:00, run_after=2023-09-20T22:29:06.138175+00:00
[2023-09-20T22:29:06.173+0000] {processor.py:179} INFO - Processing /home/airflow/.local/lib/python3.8/site-packages/airflow/example_dags/example_short_circuit_operator.py took 0.124 seconds
[2023-09-20T22:29:36.565+0000] {processor.py:157} INFO - Started process (PID=539) to work on /home/airflow/.local/lib/python3.8/site-packages/airflow/example_dags/example_short_circuit_operator.py
[2023-09-20T22:29:36.567+0000] {processor.py:829} INFO - Processing file /home/airflow/.local/lib/python3.8/site-packages/airflow/example_dags/example_short_circuit_operator.py for tasks to queue
[2023-09-20T22:29:36.570+0000] {logging_mixin.py:151} INFO - [2023-09-20T22:29:36.570+0000] {dagbag.py:539} INFO - Filling up the DagBag from /home/airflow/.local/lib/python3.8/site-packages/airflow/example_dags/example_short_circuit_operator.py
[2023-09-20T22:29:36.586+0000] {processor.py:839} INFO - DAG(s) dict_keys(['example_short_circuit_operator']) retrieved from /home/airflow/.local/lib/python3.8/site-packages/airflow/example_dags/example_short_circuit_operator.py
[2023-09-20T22:29:36.630+0000] {logging_mixin.py:151} INFO - [2023-09-20T22:29:36.629+0000] {dag.py:2915} INFO - Sync 1 DAGs
[2023-09-20T22:29:36.671+0000] {logging_mixin.py:151} INFO - [2023-09-20T22:29:36.670+0000] {dag.py:3696} INFO - Setting next_dagrun for example_short_circuit_operator to 2023-09-19T22:29:36.670411+00:00, run_after=2023-09-20T22:29:36.670411+00:00
[2023-09-20T22:29:36.708+0000] {processor.py:179} INFO - Processing /home/airflow/.local/lib/python3.8/site-packages/airflow/example_dags/example_short_circuit_operator.py took 0.151 seconds
[2023-09-20T22:30:07.118+0000] {processor.py:157} INFO - Started process (PID=594) to work on /home/airflow/.local/lib/python3.8/site-packages/airflow/example_dags/example_short_circuit_operator.py
[2023-09-20T22:30:07.119+0000] {processor.py:829} INFO - Processing file /home/airflow/.local/lib/python3.8/site-packages/airflow/example_dags/example_short_circuit_operator.py for tasks to queue
[2023-09-20T22:30:07.123+0000] {logging_mixin.py:151} INFO - [2023-09-20T22:30:07.122+0000] {dagbag.py:539} INFO - Filling up the DagBag from /home/airflow/.local/lib/python3.8/site-packages/airflow/example_dags/example_short_circuit_operator.py
[2023-09-20T22:30:07.133+0000] {processor.py:839} INFO - DAG(s) dict_keys(['example_short_circuit_operator']) retrieved from /home/airflow/.local/lib/python3.8/site-packages/airflow/example_dags/example_short_circuit_operator.py
[2023-09-20T22:30:07.164+0000] {logging_mixin.py:151} INFO - [2023-09-20T22:30:07.163+0000] {dag.py:2915} INFO - Sync 1 DAGs
[2023-09-20T22:30:07.199+0000] {logging_mixin.py:151} INFO - [2023-09-20T22:30:07.199+0000] {dag.py:3696} INFO - Setting next_dagrun for example_short_circuit_operator to 2023-09-19T22:30:07.198990+00:00, run_after=2023-09-20T22:30:07.198990+00:00
[2023-09-20T22:30:07.237+0000] {processor.py:179} INFO - Processing /home/airflow/.local/lib/python3.8/site-packages/airflow/example_dags/example_short_circuit_operator.py took 0.123 seconds
[2023-09-20T22:30:38.054+0000] {processor.py:157} INFO - Started process (PID=649) to work on /home/airflow/.local/lib/python3.8/site-packages/airflow/example_dags/example_short_circuit_operator.py
[2023-09-20T22:30:38.055+0000] {processor.py:829} INFO - Processing file /home/airflow/.local/lib/python3.8/site-packages/airflow/example_dags/example_short_circuit_operator.py for tasks to queue
[2023-09-20T22:30:38.058+0000] {logging_mixin.py:151} INFO - [2023-09-20T22:30:38.058+0000] {dagbag.py:539} INFO - Filling up the DagBag from /home/airflow/.local/lib/python3.8/site-packages/airflow/example_dags/example_short_circuit_operator.py
[2023-09-20T22:30:38.070+0000] {processor.py:839} INFO - DAG(s) dict_keys(['example_short_circuit_operator']) retrieved from /home/airflow/.local/lib/python3.8/site-packages/airflow/example_dags/example_short_circuit_operator.py
[2023-09-20T22:30:38.103+0000] {logging_mixin.py:151} INFO - [2023-09-20T22:30:38.103+0000] {dag.py:2915} INFO - Sync 1 DAGs
[2023-09-20T22:30:38.132+0000] {logging_mixin.py:151} INFO - [2023-09-20T22:30:38.132+0000] {dag.py:3696} INFO - Setting next_dagrun for example_short_circuit_operator to 2023-09-19T22:30:38.131875+00:00, run_after=2023-09-20T22:30:38.131875+00:00
[2023-09-20T22:30:38.166+0000] {processor.py:179} INFO - Processing /home/airflow/.local/lib/python3.8/site-packages/airflow/example_dags/example_short_circuit_operator.py took 0.117 seconds
[2023-09-20T22:31:08.910+0000] {processor.py:157} INFO - Started process (PID=704) to work on /home/airflow/.local/lib/python3.8/site-packages/airflow/example_dags/example_short_circuit_operator.py
[2023-09-20T22:31:08.912+0000] {processor.py:829} INFO - Processing file /home/airflow/.local/lib/python3.8/site-packages/airflow/example_dags/example_short_circuit_operator.py for tasks to queue
[2023-09-20T22:31:08.916+0000] {logging_mixin.py:151} INFO - [2023-09-20T22:31:08.915+0000] {dagbag.py:539} INFO - Filling up the DagBag from /home/airflow/.local/lib/python3.8/site-packages/airflow/example_dags/example_short_circuit_operator.py
[2023-09-20T22:31:08.929+0000] {processor.py:839} INFO - DAG(s) dict_keys(['example_short_circuit_operator']) retrieved from /home/airflow/.local/lib/python3.8/site-packages/airflow/example_dags/example_short_circuit_operator.py
[2023-09-20T22:31:08.964+0000] {logging_mixin.py:151} INFO - [2023-09-20T22:31:08.964+0000] {dag.py:2915} INFO - Sync 1 DAGs
[2023-09-20T22:31:08.995+0000] {logging_mixin.py:151} INFO - [2023-09-20T22:31:08.994+0000] {dag.py:3696} INFO - Setting next_dagrun for example_short_circuit_operator to 2023-09-19T22:31:08.994540+00:00, run_after=2023-09-20T22:31:08.994540+00:00
[2023-09-20T22:31:09.024+0000] {processor.py:179} INFO - Processing /home/airflow/.local/lib/python3.8/site-packages/airflow/example_dags/example_short_circuit_operator.py took 0.120 seconds
[2023-09-20T22:31:40.020+0000] {processor.py:157} INFO - Started process (PID=759) to work on /home/airflow/.local/lib/python3.8/site-packages/airflow/example_dags/example_short_circuit_operator.py
[2023-09-20T22:31:40.022+0000] {processor.py:829} INFO - Processing file /home/airflow/.local/lib/python3.8/site-packages/airflow/example_dags/example_short_circuit_operator.py for tasks to queue
[2023-09-20T22:31:40.026+0000] {logging_mixin.py:151} INFO - [2023-09-20T22:31:40.025+0000] {dagbag.py:539} INFO - Filling up the DagBag from /home/airflow/.local/lib/python3.8/site-packages/airflow/example_dags/example_short_circuit_operator.py
[2023-09-20T22:31:40.037+0000] {processor.py:839} INFO - DAG(s) dict_keys(['example_short_circuit_operator']) retrieved from /home/airflow/.local/lib/python3.8/site-packages/airflow/example_dags/example_short_circuit_operator.py
[2023-09-20T22:31:40.072+0000] {logging_mixin.py:151} INFO - [2023-09-20T22:31:40.071+0000] {dag.py:2915} INFO - Sync 1 DAGs
[2023-09-20T22:31:40.101+0000] {logging_mixin.py:151} INFO - [2023-09-20T22:31:40.100+0000] {dag.py:3696} INFO - Setting next_dagrun for example_short_circuit_operator to 2023-09-19T22:31:40.100461+00:00, run_after=2023-09-20T22:31:40.100461+00:00
[2023-09-20T22:31:40.145+0000] {processor.py:179} INFO - Processing /home/airflow/.local/lib/python3.8/site-packages/airflow/example_dags/example_short_circuit_operator.py took 0.131 seconds
[2023-09-20T22:32:10.649+0000] {processor.py:157} INFO - Started process (PID=814) to work on /home/airflow/.local/lib/python3.8/site-packages/airflow/example_dags/example_short_circuit_operator.py
[2023-09-20T22:32:10.651+0000] {processor.py:829} INFO - Processing file /home/airflow/.local/lib/python3.8/site-packages/airflow/example_dags/example_short_circuit_operator.py for tasks to queue
[2023-09-20T22:32:10.656+0000] {logging_mixin.py:151} INFO - [2023-09-20T22:32:10.655+0000] {dagbag.py:539} INFO - Filling up the DagBag from /home/airflow/.local/lib/python3.8/site-packages/airflow/example_dags/example_short_circuit_operator.py
[2023-09-20T22:32:10.672+0000] {processor.py:839} INFO - DAG(s) dict_keys(['example_short_circuit_operator']) retrieved from /home/airflow/.local/lib/python3.8/site-packages/airflow/example_dags/example_short_circuit_operator.py
[2023-09-20T22:32:10.708+0000] {logging_mixin.py:151} INFO - [2023-09-20T22:32:10.708+0000] {dag.py:2915} INFO - Sync 1 DAGs
[2023-09-20T22:32:10.746+0000] {logging_mixin.py:151} INFO - [2023-09-20T22:32:10.746+0000] {dag.py:3696} INFO - Setting next_dagrun for example_short_circuit_operator to 2023-09-19T22:32:10.745957+00:00, run_after=2023-09-20T22:32:10.745957+00:00
[2023-09-20T22:32:10.849+0000] {processor.py:179} INFO - Processing /home/airflow/.local/lib/python3.8/site-packages/airflow/example_dags/example_short_circuit_operator.py took 0.207 seconds
[2023-09-20T22:32:41.423+0000] {processor.py:157} INFO - Started process (PID=869) to work on /home/airflow/.local/lib/python3.8/site-packages/airflow/example_dags/example_short_circuit_operator.py
[2023-09-20T22:32:41.425+0000] {processor.py:829} INFO - Processing file /home/airflow/.local/lib/python3.8/site-packages/airflow/example_dags/example_short_circuit_operator.py for tasks to queue
[2023-09-20T22:32:41.430+0000] {logging_mixin.py:151} INFO - [2023-09-20T22:32:41.430+0000] {dagbag.py:539} INFO - Filling up the DagBag from /home/airflow/.local/lib/python3.8/site-packages/airflow/example_dags/example_short_circuit_operator.py
[2023-09-20T22:32:41.448+0000] {processor.py:839} INFO - DAG(s) dict_keys(['example_short_circuit_operator']) retrieved from /home/airflow/.local/lib/python3.8/site-packages/airflow/example_dags/example_short_circuit_operator.py
[2023-09-20T22:32:41.484+0000] {logging_mixin.py:151} INFO - [2023-09-20T22:32:41.484+0000] {dag.py:2915} INFO - Sync 1 DAGs
[2023-09-20T22:32:41.512+0000] {logging_mixin.py:151} INFO - [2023-09-20T22:32:41.512+0000] {dag.py:3696} INFO - Setting next_dagrun for example_short_circuit_operator to 2023-09-19T22:32:41.512326+00:00, run_after=2023-09-20T22:32:41.512326+00:00
[2023-09-20T22:32:41.573+0000] {processor.py:179} INFO - Processing /home/airflow/.local/lib/python3.8/site-packages/airflow/example_dags/example_short_circuit_operator.py took 0.156 seconds
[2023-09-20T22:33:11.958+0000] {processor.py:157} INFO - Started process (PID=924) to work on /home/airflow/.local/lib/python3.8/site-packages/airflow/example_dags/example_short_circuit_operator.py
[2023-09-20T22:33:11.960+0000] {processor.py:829} INFO - Processing file /home/airflow/.local/lib/python3.8/site-packages/airflow/example_dags/example_short_circuit_operator.py for tasks to queue
[2023-09-20T22:33:11.963+0000] {logging_mixin.py:151} INFO - [2023-09-20T22:33:11.963+0000] {dagbag.py:539} INFO - Filling up the DagBag from /home/airflow/.local/lib/python3.8/site-packages/airflow/example_dags/example_short_circuit_operator.py
[2023-09-20T22:33:11.974+0000] {processor.py:839} INFO - DAG(s) dict_keys(['example_short_circuit_operator']) retrieved from /home/airflow/.local/lib/python3.8/site-packages/airflow/example_dags/example_short_circuit_operator.py
[2023-09-20T22:33:12.005+0000] {logging_mixin.py:151} INFO - [2023-09-20T22:33:12.005+0000] {dag.py:2915} INFO - Sync 1 DAGs
[2023-09-20T22:33:12.034+0000] {logging_mixin.py:151} INFO - [2023-09-20T22:33:12.034+0000] {dag.py:3696} INFO - Setting next_dagrun for example_short_circuit_operator to 2023-09-19T22:33:12.034103+00:00, run_after=2023-09-20T22:33:12.034103+00:00
[2023-09-20T22:33:12.079+0000] {processor.py:179} INFO - Processing /home/airflow/.local/lib/python3.8/site-packages/airflow/example_dags/example_short_circuit_operator.py took 0.130 seconds
[2023-09-20T22:33:42.281+0000] {processor.py:157} INFO - Started process (PID=978) to work on /home/airflow/.local/lib/python3.8/site-packages/airflow/example_dags/example_short_circuit_operator.py
[2023-09-20T22:33:42.282+0000] {processor.py:829} INFO - Processing file /home/airflow/.local/lib/python3.8/site-packages/airflow/example_dags/example_short_circuit_operator.py for tasks to queue
[2023-09-20T22:33:42.286+0000] {logging_mixin.py:151} INFO - [2023-09-20T22:33:42.285+0000] {dagbag.py:539} INFO - Filling up the DagBag from /home/airflow/.local/lib/python3.8/site-packages/airflow/example_dags/example_short_circuit_operator.py
[2023-09-20T22:33:42.301+0000] {processor.py:839} INFO - DAG(s) dict_keys(['example_short_circuit_operator']) retrieved from /home/airflow/.local/lib/python3.8/site-packages/airflow/example_dags/example_short_circuit_operator.py
[2023-09-20T22:33:42.334+0000] {logging_mixin.py:151} INFO - [2023-09-20T22:33:42.334+0000] {dag.py:2915} INFO - Sync 1 DAGs
[2023-09-20T22:33:42.364+0000] {logging_mixin.py:151} INFO - [2023-09-20T22:33:42.364+0000] {dag.py:3696} INFO - Setting next_dagrun for example_short_circuit_operator to 2023-09-19T22:33:42.363761+00:00, run_after=2023-09-20T22:33:42.363761+00:00
[2023-09-20T22:33:42.551+0000] {processor.py:179} INFO - Processing /home/airflow/.local/lib/python3.8/site-packages/airflow/example_dags/example_short_circuit_operator.py took 0.275 seconds
[2023-09-20T22:34:12.634+0000] {processor.py:157} INFO - Started process (PID=1033) to work on /home/airflow/.local/lib/python3.8/site-packages/airflow/example_dags/example_short_circuit_operator.py
[2023-09-20T22:34:12.636+0000] {processor.py:829} INFO - Processing file /home/airflow/.local/lib/python3.8/site-packages/airflow/example_dags/example_short_circuit_operator.py for tasks to queue
[2023-09-20T22:34:12.640+0000] {logging_mixin.py:151} INFO - [2023-09-20T22:34:12.639+0000] {dagbag.py:539} INFO - Filling up the DagBag from /home/airflow/.local/lib/python3.8/site-packages/airflow/example_dags/example_short_circuit_operator.py
[2023-09-20T22:34:12.653+0000] {processor.py:839} INFO - DAG(s) dict_keys(['example_short_circuit_operator']) retrieved from /home/airflow/.local/lib/python3.8/site-packages/airflow/example_dags/example_short_circuit_operator.py
[2023-09-20T22:34:12.697+0000] {logging_mixin.py:151} INFO - [2023-09-20T22:34:12.697+0000] {dag.py:2915} INFO - Sync 1 DAGs
[2023-09-20T22:34:12.724+0000] {logging_mixin.py:151} INFO - [2023-09-20T22:34:12.724+0000] {dag.py:3696} INFO - Setting next_dagrun for example_short_circuit_operator to 2023-09-19T22:34:12.723907+00:00, run_after=2023-09-20T22:34:12.723907+00:00
[2023-09-20T22:34:12.754+0000] {processor.py:179} INFO - Processing /home/airflow/.local/lib/python3.8/site-packages/airflow/example_dags/example_short_circuit_operator.py took 0.126 seconds
[2023-09-20T22:34:43.440+0000] {processor.py:157} INFO - Started process (PID=1088) to work on /home/airflow/.local/lib/python3.8/site-packages/airflow/example_dags/example_short_circuit_operator.py
[2023-09-20T22:34:43.442+0000] {processor.py:829} INFO - Processing file /home/airflow/.local/lib/python3.8/site-packages/airflow/example_dags/example_short_circuit_operator.py for tasks to queue
[2023-09-20T22:34:43.445+0000] {logging_mixin.py:151} INFO - [2023-09-20T22:34:43.444+0000] {dagbag.py:539} INFO - Filling up the DagBag from /home/airflow/.local/lib/python3.8/site-packages/airflow/example_dags/example_short_circuit_operator.py
[2023-09-20T22:34:43.456+0000] {processor.py:839} INFO - DAG(s) dict_keys(['example_short_circuit_operator']) retrieved from /home/airflow/.local/lib/python3.8/site-packages/airflow/example_dags/example_short_circuit_operator.py
[2023-09-20T22:34:43.499+0000] {logging_mixin.py:151} INFO - [2023-09-20T22:34:43.499+0000] {dag.py:2915} INFO - Sync 1 DAGs
[2023-09-20T22:34:43.533+0000] {logging_mixin.py:151} INFO - [2023-09-20T22:34:43.532+0000] {dag.py:3696} INFO - Setting next_dagrun for example_short_circuit_operator to 2023-09-19T22:34:43.532562+00:00, run_after=2023-09-20T22:34:43.532562+00:00
[2023-09-20T22:34:43.625+0000] {processor.py:179} INFO - Processing /home/airflow/.local/lib/python3.8/site-packages/airflow/example_dags/example_short_circuit_operator.py took 0.190 seconds
[2023-09-20T22:35:14.174+0000] {processor.py:157} INFO - Started process (PID=1143) to work on /home/airflow/.local/lib/python3.8/site-packages/airflow/example_dags/example_short_circuit_operator.py
[2023-09-20T22:35:14.176+0000] {processor.py:829} INFO - Processing file /home/airflow/.local/lib/python3.8/site-packages/airflow/example_dags/example_short_circuit_operator.py for tasks to queue
[2023-09-20T22:35:14.180+0000] {logging_mixin.py:151} INFO - [2023-09-20T22:35:14.180+0000] {dagbag.py:539} INFO - Filling up the DagBag from /home/airflow/.local/lib/python3.8/site-packages/airflow/example_dags/example_short_circuit_operator.py
[2023-09-20T22:35:14.193+0000] {processor.py:839} INFO - DAG(s) dict_keys(['example_short_circuit_operator']) retrieved from /home/airflow/.local/lib/python3.8/site-packages/airflow/example_dags/example_short_circuit_operator.py
[2023-09-20T22:35:14.233+0000] {logging_mixin.py:151} INFO - [2023-09-20T22:35:14.233+0000] {dag.py:2915} INFO - Sync 1 DAGs
[2023-09-20T22:35:14.264+0000] {logging_mixin.py:151} INFO - [2023-09-20T22:35:14.264+0000] {dag.py:3696} INFO - Setting next_dagrun for example_short_circuit_operator to 2023-09-19T22:35:14.264256+00:00, run_after=2023-09-20T22:35:14.264256+00:00
[2023-09-20T22:35:14.298+0000] {processor.py:179} INFO - Processing /home/airflow/.local/lib/python3.8/site-packages/airflow/example_dags/example_short_circuit_operator.py took 0.128 seconds
[2023-09-20T22:35:45.218+0000] {processor.py:157} INFO - Started process (PID=1198) to work on /home/airflow/.local/lib/python3.8/site-packages/airflow/example_dags/example_short_circuit_operator.py
[2023-09-20T22:35:45.220+0000] {processor.py:829} INFO - Processing file /home/airflow/.local/lib/python3.8/site-packages/airflow/example_dags/example_short_circuit_operator.py for tasks to queue
[2023-09-20T22:35:45.223+0000] {logging_mixin.py:151} INFO - [2023-09-20T22:35:45.223+0000] {dagbag.py:539} INFO - Filling up the DagBag from /home/airflow/.local/lib/python3.8/site-packages/airflow/example_dags/example_short_circuit_operator.py
[2023-09-20T22:35:45.234+0000] {processor.py:839} INFO - DAG(s) dict_keys(['example_short_circuit_operator']) retrieved from /home/airflow/.local/lib/python3.8/site-packages/airflow/example_dags/example_short_circuit_operator.py
[2023-09-20T22:35:45.267+0000] {logging_mixin.py:151} INFO - [2023-09-20T22:35:45.266+0000] {dag.py:2915} INFO - Sync 1 DAGs
[2023-09-20T22:35:45.296+0000] {logging_mixin.py:151} INFO - [2023-09-20T22:35:45.296+0000] {dag.py:3696} INFO - Setting next_dagrun for example_short_circuit_operator to 2023-09-19T22:35:45.296252+00:00, run_after=2023-09-20T22:35:45.296252+00:00
[2023-09-20T22:35:45.377+0000] {processor.py:179} INFO - Processing /home/airflow/.local/lib/python3.8/site-packages/airflow/example_dags/example_short_circuit_operator.py took 0.167 seconds
[2023-09-20T22:36:15.445+0000] {processor.py:157} INFO - Started process (PID=1253) to work on /home/airflow/.local/lib/python3.8/site-packages/airflow/example_dags/example_short_circuit_operator.py
[2023-09-20T22:36:15.447+0000] {processor.py:829} INFO - Processing file /home/airflow/.local/lib/python3.8/site-packages/airflow/example_dags/example_short_circuit_operator.py for tasks to queue
[2023-09-20T22:36:15.452+0000] {logging_mixin.py:151} INFO - [2023-09-20T22:36:15.451+0000] {dagbag.py:539} INFO - Filling up the DagBag from /home/airflow/.local/lib/python3.8/site-packages/airflow/example_dags/example_short_circuit_operator.py
[2023-09-20T22:36:15.468+0000] {processor.py:839} INFO - DAG(s) dict_keys(['example_short_circuit_operator']) retrieved from /home/airflow/.local/lib/python3.8/site-packages/airflow/example_dags/example_short_circuit_operator.py
[2023-09-20T22:36:15.507+0000] {logging_mixin.py:151} INFO - [2023-09-20T22:36:15.506+0000] {dag.py:2915} INFO - Sync 1 DAGs
[2023-09-20T22:36:15.538+0000] {logging_mixin.py:151} INFO - [2023-09-20T22:36:15.538+0000] {dag.py:3696} INFO - Setting next_dagrun for example_short_circuit_operator to 2023-09-19T22:36:15.538305+00:00, run_after=2023-09-20T22:36:15.538305+00:00
[2023-09-20T22:36:15.572+0000] {processor.py:179} INFO - Processing /home/airflow/.local/lib/python3.8/site-packages/airflow/example_dags/example_short_circuit_operator.py took 0.134 seconds
[2023-09-20T22:36:46.189+0000] {processor.py:157} INFO - Started process (PID=1308) to work on /home/airflow/.local/lib/python3.8/site-packages/airflow/example_dags/example_short_circuit_operator.py
[2023-09-20T22:36:46.192+0000] {processor.py:829} INFO - Processing file /home/airflow/.local/lib/python3.8/site-packages/airflow/example_dags/example_short_circuit_operator.py for tasks to queue
[2023-09-20T22:36:46.197+0000] {logging_mixin.py:151} INFO - [2023-09-20T22:36:46.196+0000] {dagbag.py:539} INFO - Filling up the DagBag from /home/airflow/.local/lib/python3.8/site-packages/airflow/example_dags/example_short_circuit_operator.py
[2023-09-20T22:36:46.210+0000] {processor.py:839} INFO - DAG(s) dict_keys(['example_short_circuit_operator']) retrieved from /home/airflow/.local/lib/python3.8/site-packages/airflow/example_dags/example_short_circuit_operator.py
[2023-09-20T22:36:46.257+0000] {logging_mixin.py:151} INFO - [2023-09-20T22:36:46.257+0000] {dag.py:2915} INFO - Sync 1 DAGs
[2023-09-20T22:36:46.295+0000] {logging_mixin.py:151} INFO - [2023-09-20T22:36:46.295+0000] {dag.py:3696} INFO - Setting next_dagrun for example_short_circuit_operator to 2023-09-19T22:36:46.294800+00:00, run_after=2023-09-20T22:36:46.294800+00:00
[2023-09-20T22:36:46.323+0000] {processor.py:179} INFO - Processing /home/airflow/.local/lib/python3.8/site-packages/airflow/example_dags/example_short_circuit_operator.py took 0.144 seconds
[2023-09-20T22:37:16.608+0000] {processor.py:157} INFO - Started process (PID=1364) to work on /home/airflow/.local/lib/python3.8/site-packages/airflow/example_dags/example_short_circuit_operator.py
[2023-09-20T22:37:16.610+0000] {processor.py:829} INFO - Processing file /home/airflow/.local/lib/python3.8/site-packages/airflow/example_dags/example_short_circuit_operator.py for tasks to queue
[2023-09-20T22:37:16.616+0000] {logging_mixin.py:151} INFO - [2023-09-20T22:37:16.615+0000] {dagbag.py:539} INFO - Filling up the DagBag from /home/airflow/.local/lib/python3.8/site-packages/airflow/example_dags/example_short_circuit_operator.py
[2023-09-20T22:37:16.632+0000] {processor.py:839} INFO - DAG(s) dict_keys(['example_short_circuit_operator']) retrieved from /home/airflow/.local/lib/python3.8/site-packages/airflow/example_dags/example_short_circuit_operator.py
[2023-09-20T22:37:16.674+0000] {logging_mixin.py:151} INFO - [2023-09-20T22:37:16.674+0000] {dag.py:2915} INFO - Sync 1 DAGs
[2023-09-20T22:37:16.713+0000] {logging_mixin.py:151} INFO - [2023-09-20T22:37:16.712+0000] {dag.py:3696} INFO - Setting next_dagrun for example_short_circuit_operator to 2023-09-19T22:37:16.712372+00:00, run_after=2023-09-20T22:37:16.712372+00:00
[2023-09-20T22:37:16.745+0000] {processor.py:179} INFO - Processing /home/airflow/.local/lib/python3.8/site-packages/airflow/example_dags/example_short_circuit_operator.py took 0.146 seconds
[2023-09-20T22:37:47.415+0000] {processor.py:157} INFO - Started process (PID=1419) to work on /home/airflow/.local/lib/python3.8/site-packages/airflow/example_dags/example_short_circuit_operator.py
[2023-09-20T22:37:47.417+0000] {processor.py:829} INFO - Processing file /home/airflow/.local/lib/python3.8/site-packages/airflow/example_dags/example_short_circuit_operator.py for tasks to queue
[2023-09-20T22:37:47.422+0000] {logging_mixin.py:151} INFO - [2023-09-20T22:37:47.421+0000] {dagbag.py:539} INFO - Filling up the DagBag from /home/airflow/.local/lib/python3.8/site-packages/airflow/example_dags/example_short_circuit_operator.py
[2023-09-20T22:37:47.434+0000] {processor.py:839} INFO - DAG(s) dict_keys(['example_short_circuit_operator']) retrieved from /home/airflow/.local/lib/python3.8/site-packages/airflow/example_dags/example_short_circuit_operator.py
[2023-09-20T22:37:47.468+0000] {logging_mixin.py:151} INFO - [2023-09-20T22:37:47.467+0000] {dag.py:2915} INFO - Sync 1 DAGs
[2023-09-20T22:37:47.500+0000] {logging_mixin.py:151} INFO - [2023-09-20T22:37:47.500+0000] {dag.py:3696} INFO - Setting next_dagrun for example_short_circuit_operator to 2023-09-19T22:37:47.499749+00:00, run_after=2023-09-20T22:37:47.499749+00:00
[2023-09-20T22:37:47.535+0000] {processor.py:179} INFO - Processing /home/airflow/.local/lib/python3.8/site-packages/airflow/example_dags/example_short_circuit_operator.py took 0.127 seconds
[2023-09-20T22:38:17.819+0000] {processor.py:157} INFO - Started process (PID=1474) to work on /home/airflow/.local/lib/python3.8/site-packages/airflow/example_dags/example_short_circuit_operator.py
[2023-09-20T22:38:17.821+0000] {processor.py:829} INFO - Processing file /home/airflow/.local/lib/python3.8/site-packages/airflow/example_dags/example_short_circuit_operator.py for tasks to queue
[2023-09-20T22:38:17.825+0000] {logging_mixin.py:151} INFO - [2023-09-20T22:38:17.825+0000] {dagbag.py:539} INFO - Filling up the DagBag from /home/airflow/.local/lib/python3.8/site-packages/airflow/example_dags/example_short_circuit_operator.py
[2023-09-20T22:38:17.837+0000] {processor.py:839} INFO - DAG(s) dict_keys(['example_short_circuit_operator']) retrieved from /home/airflow/.local/lib/python3.8/site-packages/airflow/example_dags/example_short_circuit_operator.py
[2023-09-20T22:38:17.868+0000] {logging_mixin.py:151} INFO - [2023-09-20T22:38:17.868+0000] {dag.py:2915} INFO - Sync 1 DAGs
[2023-09-20T22:38:17.896+0000] {logging_mixin.py:151} INFO - [2023-09-20T22:38:17.896+0000] {dag.py:3696} INFO - Setting next_dagrun for example_short_circuit_operator to 2023-09-19T22:38:17.896254+00:00, run_after=2023-09-20T22:38:17.896254+00:00
[2023-09-20T22:38:17.928+0000] {processor.py:179} INFO - Processing /home/airflow/.local/lib/python3.8/site-packages/airflow/example_dags/example_short_circuit_operator.py took 0.114 seconds
[2023-09-20T22:38:48.058+0000] {processor.py:157} INFO - Started process (PID=1529) to work on /home/airflow/.local/lib/python3.8/site-packages/airflow/example_dags/example_short_circuit_operator.py
[2023-09-20T22:38:48.060+0000] {processor.py:829} INFO - Processing file /home/airflow/.local/lib/python3.8/site-packages/airflow/example_dags/example_short_circuit_operator.py for tasks to queue
[2023-09-20T22:38:48.067+0000] {logging_mixin.py:151} INFO - [2023-09-20T22:38:48.066+0000] {dagbag.py:539} INFO - Filling up the DagBag from /home/airflow/.local/lib/python3.8/site-packages/airflow/example_dags/example_short_circuit_operator.py
[2023-09-20T22:38:48.086+0000] {processor.py:839} INFO - DAG(s) dict_keys(['example_short_circuit_operator']) retrieved from /home/airflow/.local/lib/python3.8/site-packages/airflow/example_dags/example_short_circuit_operator.py
[2023-09-20T22:38:48.130+0000] {logging_mixin.py:151} INFO - [2023-09-20T22:38:48.130+0000] {dag.py:2915} INFO - Sync 1 DAGs
[2023-09-20T22:38:48.168+0000] {logging_mixin.py:151} INFO - [2023-09-20T22:38:48.168+0000] {dag.py:3696} INFO - Setting next_dagrun for example_short_circuit_operator to 2023-09-19T22:38:48.167924+00:00, run_after=2023-09-20T22:38:48.167924+00:00
[2023-09-20T22:38:48.202+0000] {processor.py:179} INFO - Processing /home/airflow/.local/lib/python3.8/site-packages/airflow/example_dags/example_short_circuit_operator.py took 0.149 seconds
[2023-09-20T22:39:18.601+0000] {processor.py:157} INFO - Started process (PID=1584) to work on /home/airflow/.local/lib/python3.8/site-packages/airflow/example_dags/example_short_circuit_operator.py
[2023-09-20T22:39:18.603+0000] {processor.py:829} INFO - Processing file /home/airflow/.local/lib/python3.8/site-packages/airflow/example_dags/example_short_circuit_operator.py for tasks to queue
[2023-09-20T22:39:18.607+0000] {logging_mixin.py:151} INFO - [2023-09-20T22:39:18.606+0000] {dagbag.py:539} INFO - Filling up the DagBag from /home/airflow/.local/lib/python3.8/site-packages/airflow/example_dags/example_short_circuit_operator.py
[2023-09-20T22:39:18.619+0000] {processor.py:839} INFO - DAG(s) dict_keys(['example_short_circuit_operator']) retrieved from /home/airflow/.local/lib/python3.8/site-packages/airflow/example_dags/example_short_circuit_operator.py
[2023-09-20T22:39:18.651+0000] {logging_mixin.py:151} INFO - [2023-09-20T22:39:18.651+0000] {dag.py:2915} INFO - Sync 1 DAGs
[2023-09-20T22:39:18.680+0000] {logging_mixin.py:151} INFO - [2023-09-20T22:39:18.680+0000] {dag.py:3696} INFO - Setting next_dagrun for example_short_circuit_operator to 2023-09-19T22:39:18.679755+00:00, run_after=2023-09-20T22:39:18.679755+00:00
[2023-09-20T22:39:18.721+0000] {processor.py:179} INFO - Processing /home/airflow/.local/lib/python3.8/site-packages/airflow/example_dags/example_short_circuit_operator.py took 0.125 seconds
[2023-09-20T22:39:49.001+0000] {processor.py:157} INFO - Started process (PID=1639) to work on /home/airflow/.local/lib/python3.8/site-packages/airflow/example_dags/example_short_circuit_operator.py
[2023-09-20T22:39:49.002+0000] {processor.py:829} INFO - Processing file /home/airflow/.local/lib/python3.8/site-packages/airflow/example_dags/example_short_circuit_operator.py for tasks to queue
[2023-09-20T22:39:49.006+0000] {logging_mixin.py:151} INFO - [2023-09-20T22:39:49.005+0000] {dagbag.py:539} INFO - Filling up the DagBag from /home/airflow/.local/lib/python3.8/site-packages/airflow/example_dags/example_short_circuit_operator.py
[2023-09-20T22:39:49.017+0000] {processor.py:839} INFO - DAG(s) dict_keys(['example_short_circuit_operator']) retrieved from /home/airflow/.local/lib/python3.8/site-packages/airflow/example_dags/example_short_circuit_operator.py
[2023-09-20T22:39:49.051+0000] {logging_mixin.py:151} INFO - [2023-09-20T22:39:49.051+0000] {dag.py:2915} INFO - Sync 1 DAGs
[2023-09-20T22:39:49.082+0000] {logging_mixin.py:151} INFO - [2023-09-20T22:39:49.081+0000] {dag.py:3696} INFO - Setting next_dagrun for example_short_circuit_operator to 2023-09-19T22:39:49.081600+00:00, run_after=2023-09-20T22:39:49.081600+00:00
[2023-09-20T22:39:49.115+0000] {processor.py:179} INFO - Processing /home/airflow/.local/lib/python3.8/site-packages/airflow/example_dags/example_short_circuit_operator.py took 0.119 seconds
[2023-09-20T22:40:19.948+0000] {processor.py:157} INFO - Started process (PID=1693) to work on /home/airflow/.local/lib/python3.8/site-packages/airflow/example_dags/example_short_circuit_operator.py
[2023-09-20T22:40:19.949+0000] {processor.py:829} INFO - Processing file /home/airflow/.local/lib/python3.8/site-packages/airflow/example_dags/example_short_circuit_operator.py for tasks to queue
[2023-09-20T22:40:19.955+0000] {logging_mixin.py:151} INFO - [2023-09-20T22:40:19.954+0000] {dagbag.py:539} INFO - Filling up the DagBag from /home/airflow/.local/lib/python3.8/site-packages/airflow/example_dags/example_short_circuit_operator.py
[2023-09-20T22:40:19.970+0000] {processor.py:839} INFO - DAG(s) dict_keys(['example_short_circuit_operator']) retrieved from /home/airflow/.local/lib/python3.8/site-packages/airflow/example_dags/example_short_circuit_operator.py
[2023-09-20T22:40:20.027+0000] {logging_mixin.py:151} INFO - [2023-09-20T22:40:20.027+0000] {dag.py:2915} INFO - Sync 1 DAGs
[2023-09-20T22:40:20.061+0000] {logging_mixin.py:151} INFO - [2023-09-20T22:40:20.060+0000] {dag.py:3696} INFO - Setting next_dagrun for example_short_circuit_operator to 2023-09-19T22:40:20.060663+00:00, run_after=2023-09-20T22:40:20.060663+00:00
[2023-09-20T22:40:20.098+0000] {processor.py:179} INFO - Processing /home/airflow/.local/lib/python3.8/site-packages/airflow/example_dags/example_short_circuit_operator.py took 0.156 seconds
[2023-09-20T22:40:50.341+0000] {processor.py:157} INFO - Started process (PID=1748) to work on /home/airflow/.local/lib/python3.8/site-packages/airflow/example_dags/example_short_circuit_operator.py
[2023-09-20T22:40:50.343+0000] {processor.py:829} INFO - Processing file /home/airflow/.local/lib/python3.8/site-packages/airflow/example_dags/example_short_circuit_operator.py for tasks to queue
[2023-09-20T22:40:50.346+0000] {logging_mixin.py:151} INFO - [2023-09-20T22:40:50.345+0000] {dagbag.py:539} INFO - Filling up the DagBag from /home/airflow/.local/lib/python3.8/site-packages/airflow/example_dags/example_short_circuit_operator.py
[2023-09-20T22:40:50.358+0000] {processor.py:839} INFO - DAG(s) dict_keys(['example_short_circuit_operator']) retrieved from /home/airflow/.local/lib/python3.8/site-packages/airflow/example_dags/example_short_circuit_operator.py
[2023-09-20T22:40:50.401+0000] {logging_mixin.py:151} INFO - [2023-09-20T22:40:50.400+0000] {dag.py:2915} INFO - Sync 1 DAGs
[2023-09-20T22:40:50.438+0000] {logging_mixin.py:151} INFO - [2023-09-20T22:40:50.437+0000] {dag.py:3696} INFO - Setting next_dagrun for example_short_circuit_operator to 2023-09-19T22:40:50.437686+00:00, run_after=2023-09-20T22:40:50.437686+00:00
[2023-09-20T22:40:50.579+0000] {processor.py:179} INFO - Processing /home/airflow/.local/lib/python3.8/site-packages/airflow/example_dags/example_short_circuit_operator.py took 0.243 seconds
[2023-09-20T22:41:20.802+0000] {processor.py:157} INFO - Started process (PID=1803) to work on /home/airflow/.local/lib/python3.8/site-packages/airflow/example_dags/example_short_circuit_operator.py
[2023-09-20T22:41:20.804+0000] {processor.py:829} INFO - Processing file /home/airflow/.local/lib/python3.8/site-packages/airflow/example_dags/example_short_circuit_operator.py for tasks to queue
[2023-09-20T22:41:20.809+0000] {logging_mixin.py:151} INFO - [2023-09-20T22:41:20.809+0000] {dagbag.py:539} INFO - Filling up the DagBag from /home/airflow/.local/lib/python3.8/site-packages/airflow/example_dags/example_short_circuit_operator.py
[2023-09-20T22:41:20.827+0000] {processor.py:839} INFO - DAG(s) dict_keys(['example_short_circuit_operator']) retrieved from /home/airflow/.local/lib/python3.8/site-packages/airflow/example_dags/example_short_circuit_operator.py
[2023-09-20T22:41:20.879+0000] {logging_mixin.py:151} INFO - [2023-09-20T22:41:20.879+0000] {dag.py:2915} INFO - Sync 1 DAGs
[2023-09-20T22:41:20.909+0000] {logging_mixin.py:151} INFO - [2023-09-20T22:41:20.909+0000] {dag.py:3696} INFO - Setting next_dagrun for example_short_circuit_operator to 2023-09-19T22:41:20.908720+00:00, run_after=2023-09-20T22:41:20.908720+00:00
[2023-09-20T22:41:20.936+0000] {processor.py:179} INFO - Processing /home/airflow/.local/lib/python3.8/site-packages/airflow/example_dags/example_short_circuit_operator.py took 0.139 seconds
[2023-09-20T22:41:51.273+0000] {processor.py:157} INFO - Started process (PID=1858) to work on /home/airflow/.local/lib/python3.8/site-packages/airflow/example_dags/example_short_circuit_operator.py
[2023-09-20T22:41:51.275+0000] {processor.py:829} INFO - Processing file /home/airflow/.local/lib/python3.8/site-packages/airflow/example_dags/example_short_circuit_operator.py for tasks to queue
[2023-09-20T22:41:51.279+0000] {logging_mixin.py:151} INFO - [2023-09-20T22:41:51.278+0000] {dagbag.py:539} INFO - Filling up the DagBag from /home/airflow/.local/lib/python3.8/site-packages/airflow/example_dags/example_short_circuit_operator.py
[2023-09-20T22:41:51.294+0000] {processor.py:839} INFO - DAG(s) dict_keys(['example_short_circuit_operator']) retrieved from /home/airflow/.local/lib/python3.8/site-packages/airflow/example_dags/example_short_circuit_operator.py
[2023-09-20T22:41:51.329+0000] {logging_mixin.py:151} INFO - [2023-09-20T22:41:51.329+0000] {dag.py:2915} INFO - Sync 1 DAGs
[2023-09-20T22:41:51.368+0000] {logging_mixin.py:151} INFO - [2023-09-20T22:41:51.368+0000] {dag.py:3696} INFO - Setting next_dagrun for example_short_circuit_operator to 2023-09-19T22:41:51.367796+00:00, run_after=2023-09-20T22:41:51.367796+00:00
[2023-09-20T22:41:51.406+0000] {processor.py:179} INFO - Processing /home/airflow/.local/lib/python3.8/site-packages/airflow/example_dags/example_short_circuit_operator.py took 0.137 seconds
[2023-09-20T22:42:21.788+0000] {processor.py:157} INFO - Started process (PID=1913) to work on /home/airflow/.local/lib/python3.8/site-packages/airflow/example_dags/example_short_circuit_operator.py
[2023-09-20T22:42:21.789+0000] {processor.py:829} INFO - Processing file /home/airflow/.local/lib/python3.8/site-packages/airflow/example_dags/example_short_circuit_operator.py for tasks to queue
[2023-09-20T22:42:21.792+0000] {logging_mixin.py:151} INFO - [2023-09-20T22:42:21.792+0000] {dagbag.py:539} INFO - Filling up the DagBag from /home/airflow/.local/lib/python3.8/site-packages/airflow/example_dags/example_short_circuit_operator.py
[2023-09-20T22:42:21.803+0000] {processor.py:839} INFO - DAG(s) dict_keys(['example_short_circuit_operator']) retrieved from /home/airflow/.local/lib/python3.8/site-packages/airflow/example_dags/example_short_circuit_operator.py
[2023-09-20T22:42:21.836+0000] {logging_mixin.py:151} INFO - [2023-09-20T22:42:21.836+0000] {dag.py:2915} INFO - Sync 1 DAGs
[2023-09-20T22:42:21.875+0000] {logging_mixin.py:151} INFO - [2023-09-20T22:42:21.875+0000] {dag.py:3696} INFO - Setting next_dagrun for example_short_circuit_operator to 2023-09-19T22:42:21.874908+00:00, run_after=2023-09-20T22:42:21.874908+00:00
[2023-09-20T22:42:21.910+0000] {processor.py:179} INFO - Processing /home/airflow/.local/lib/python3.8/site-packages/airflow/example_dags/example_short_circuit_operator.py took 0.127 seconds
[2023-09-20T22:42:52.570+0000] {processor.py:157} INFO - Started process (PID=1968) to work on /home/airflow/.local/lib/python3.8/site-packages/airflow/example_dags/example_short_circuit_operator.py
[2023-09-20T22:42:52.571+0000] {processor.py:829} INFO - Processing file /home/airflow/.local/lib/python3.8/site-packages/airflow/example_dags/example_short_circuit_operator.py for tasks to queue
[2023-09-20T22:42:52.574+0000] {logging_mixin.py:151} INFO - [2023-09-20T22:42:52.574+0000] {dagbag.py:539} INFO - Filling up the DagBag from /home/airflow/.local/lib/python3.8/site-packages/airflow/example_dags/example_short_circuit_operator.py
[2023-09-20T22:42:52.586+0000] {processor.py:839} INFO - DAG(s) dict_keys(['example_short_circuit_operator']) retrieved from /home/airflow/.local/lib/python3.8/site-packages/airflow/example_dags/example_short_circuit_operator.py
[2023-09-20T22:42:52.623+0000] {logging_mixin.py:151} INFO - [2023-09-20T22:42:52.623+0000] {dag.py:2915} INFO - Sync 1 DAGs
[2023-09-20T22:42:52.664+0000] {logging_mixin.py:151} INFO - [2023-09-20T22:42:52.663+0000] {dag.py:3696} INFO - Setting next_dagrun for example_short_circuit_operator to 2023-09-19T22:42:52.663432+00:00, run_after=2023-09-20T22:42:52.663432+00:00
[2023-09-20T22:42:52.698+0000] {processor.py:179} INFO - Processing /home/airflow/.local/lib/python3.8/site-packages/airflow/example_dags/example_short_circuit_operator.py took 0.133 seconds
[2023-09-20T22:43:23.049+0000] {processor.py:157} INFO - Started process (PID=2023) to work on /home/airflow/.local/lib/python3.8/site-packages/airflow/example_dags/example_short_circuit_operator.py
[2023-09-20T22:43:23.050+0000] {processor.py:829} INFO - Processing file /home/airflow/.local/lib/python3.8/site-packages/airflow/example_dags/example_short_circuit_operator.py for tasks to queue
[2023-09-20T22:43:23.054+0000] {logging_mixin.py:151} INFO - [2023-09-20T22:43:23.054+0000] {dagbag.py:539} INFO - Filling up the DagBag from /home/airflow/.local/lib/python3.8/site-packages/airflow/example_dags/example_short_circuit_operator.py
[2023-09-20T22:43:23.067+0000] {processor.py:839} INFO - DAG(s) dict_keys(['example_short_circuit_operator']) retrieved from /home/airflow/.local/lib/python3.8/site-packages/airflow/example_dags/example_short_circuit_operator.py
[2023-09-20T22:43:23.118+0000] {logging_mixin.py:151} INFO - [2023-09-20T22:43:23.118+0000] {dag.py:2915} INFO - Sync 1 DAGs
[2023-09-20T22:43:23.161+0000] {logging_mixin.py:151} INFO - [2023-09-20T22:43:23.160+0000] {dag.py:3696} INFO - Setting next_dagrun for example_short_circuit_operator to 2023-09-19T22:43:23.160429+00:00, run_after=2023-09-20T22:43:23.160429+00:00
[2023-09-20T22:43:23.204+0000] {processor.py:179} INFO - Processing /home/airflow/.local/lib/python3.8/site-packages/airflow/example_dags/example_short_circuit_operator.py took 0.160 seconds
[2023-09-20T22:43:53.836+0000] {processor.py:157} INFO - Started process (PID=2078) to work on /home/airflow/.local/lib/python3.8/site-packages/airflow/example_dags/example_short_circuit_operator.py
[2023-09-20T22:43:53.838+0000] {processor.py:829} INFO - Processing file /home/airflow/.local/lib/python3.8/site-packages/airflow/example_dags/example_short_circuit_operator.py for tasks to queue
[2023-09-20T22:43:53.841+0000] {logging_mixin.py:151} INFO - [2023-09-20T22:43:53.841+0000] {dagbag.py:539} INFO - Filling up the DagBag from /home/airflow/.local/lib/python3.8/site-packages/airflow/example_dags/example_short_circuit_operator.py
[2023-09-20T22:43:53.852+0000] {processor.py:839} INFO - DAG(s) dict_keys(['example_short_circuit_operator']) retrieved from /home/airflow/.local/lib/python3.8/site-packages/airflow/example_dags/example_short_circuit_operator.py
[2023-09-20T22:43:53.888+0000] {logging_mixin.py:151} INFO - [2023-09-20T22:43:53.888+0000] {dag.py:2915} INFO - Sync 1 DAGs
[2023-09-20T22:43:53.920+0000] {logging_mixin.py:151} INFO - [2023-09-20T22:43:53.920+0000] {dag.py:3696} INFO - Setting next_dagrun for example_short_circuit_operator to 2023-09-19T22:43:53.919739+00:00, run_after=2023-09-20T22:43:53.919739+00:00
[2023-09-20T22:43:53.954+0000] {processor.py:179} INFO - Processing /home/airflow/.local/lib/python3.8/site-packages/airflow/example_dags/example_short_circuit_operator.py took 0.125 seconds
[2023-09-20T22:44:24.789+0000] {processor.py:157} INFO - Started process (PID=2141) to work on /home/airflow/.local/lib/python3.8/site-packages/airflow/example_dags/example_short_circuit_operator.py
[2023-09-20T22:44:24.792+0000] {processor.py:829} INFO - Processing file /home/airflow/.local/lib/python3.8/site-packages/airflow/example_dags/example_short_circuit_operator.py for tasks to queue
[2023-09-20T22:44:24.798+0000] {logging_mixin.py:151} INFO - [2023-09-20T22:44:24.798+0000] {dagbag.py:539} INFO - Filling up the DagBag from /home/airflow/.local/lib/python3.8/site-packages/airflow/example_dags/example_short_circuit_operator.py
[2023-09-20T22:44:24.816+0000] {processor.py:839} INFO - DAG(s) dict_keys(['example_short_circuit_operator']) retrieved from /home/airflow/.local/lib/python3.8/site-packages/airflow/example_dags/example_short_circuit_operator.py
[2023-09-20T22:44:24.853+0000] {logging_mixin.py:151} INFO - [2023-09-20T22:44:24.853+0000] {dag.py:2915} INFO - Sync 1 DAGs
[2023-09-20T22:44:24.884+0000] {logging_mixin.py:151} INFO - [2023-09-20T22:44:24.884+0000] {dag.py:3696} INFO - Setting next_dagrun for example_short_circuit_operator to 2023-09-19T22:44:24.884138+00:00, run_after=2023-09-20T22:44:24.884138+00:00
[2023-09-20T22:44:24.919+0000] {processor.py:179} INFO - Processing /home/airflow/.local/lib/python3.8/site-packages/airflow/example_dags/example_short_circuit_operator.py took 0.138 seconds
[2023-09-20T22:44:55.543+0000] {processor.py:157} INFO - Started process (PID=2196) to work on /home/airflow/.local/lib/python3.8/site-packages/airflow/example_dags/example_short_circuit_operator.py
[2023-09-20T22:44:55.544+0000] {processor.py:829} INFO - Processing file /home/airflow/.local/lib/python3.8/site-packages/airflow/example_dags/example_short_circuit_operator.py for tasks to queue
[2023-09-20T22:44:55.548+0000] {logging_mixin.py:151} INFO - [2023-09-20T22:44:55.547+0000] {dagbag.py:539} INFO - Filling up the DagBag from /home/airflow/.local/lib/python3.8/site-packages/airflow/example_dags/example_short_circuit_operator.py
[2023-09-20T22:44:55.558+0000] {processor.py:839} INFO - DAG(s) dict_keys(['example_short_circuit_operator']) retrieved from /home/airflow/.local/lib/python3.8/site-packages/airflow/example_dags/example_short_circuit_operator.py
[2023-09-20T22:44:55.596+0000] {logging_mixin.py:151} INFO - [2023-09-20T22:44:55.596+0000] {dag.py:2915} INFO - Sync 1 DAGs
[2023-09-20T22:44:55.625+0000] {logging_mixin.py:151} INFO - [2023-09-20T22:44:55.625+0000] {dag.py:3696} INFO - Setting next_dagrun for example_short_circuit_operator to 2023-09-19T22:44:55.624748+00:00, run_after=2023-09-20T22:44:55.624748+00:00
[2023-09-20T22:44:55.653+0000] {processor.py:179} INFO - Processing /home/airflow/.local/lib/python3.8/site-packages/airflow/example_dags/example_short_circuit_operator.py took 0.117 seconds
[2023-09-20T22:45:26.596+0000] {processor.py:157} INFO - Started process (PID=2251) to work on /home/airflow/.local/lib/python3.8/site-packages/airflow/example_dags/example_short_circuit_operator.py
[2023-09-20T22:45:26.597+0000] {processor.py:829} INFO - Processing file /home/airflow/.local/lib/python3.8/site-packages/airflow/example_dags/example_short_circuit_operator.py for tasks to queue
[2023-09-20T22:45:26.601+0000] {logging_mixin.py:151} INFO - [2023-09-20T22:45:26.600+0000] {dagbag.py:539} INFO - Filling up the DagBag from /home/airflow/.local/lib/python3.8/site-packages/airflow/example_dags/example_short_circuit_operator.py
[2023-09-20T22:45:26.611+0000] {processor.py:839} INFO - DAG(s) dict_keys(['example_short_circuit_operator']) retrieved from /home/airflow/.local/lib/python3.8/site-packages/airflow/example_dags/example_short_circuit_operator.py
[2023-09-20T22:45:26.644+0000] {logging_mixin.py:151} INFO - [2023-09-20T22:45:26.644+0000] {dag.py:2915} INFO - Sync 1 DAGs
[2023-09-20T22:45:26.675+0000] {logging_mixin.py:151} INFO - [2023-09-20T22:45:26.675+0000] {dag.py:3696} INFO - Setting next_dagrun for example_short_circuit_operator to 2023-09-19T22:45:26.674566+00:00, run_after=2023-09-20T22:45:26.674566+00:00
[2023-09-20T22:45:26.717+0000] {processor.py:179} INFO - Processing /home/airflow/.local/lib/python3.8/site-packages/airflow/example_dags/example_short_circuit_operator.py took 0.126 seconds
[2023-09-20T22:45:57.308+0000] {processor.py:157} INFO - Started process (PID=2306) to work on /home/airflow/.local/lib/python3.8/site-packages/airflow/example_dags/example_short_circuit_operator.py
[2023-09-20T22:45:57.310+0000] {processor.py:829} INFO - Processing file /home/airflow/.local/lib/python3.8/site-packages/airflow/example_dags/example_short_circuit_operator.py for tasks to queue
[2023-09-20T22:45:57.313+0000] {logging_mixin.py:151} INFO - [2023-09-20T22:45:57.313+0000] {dagbag.py:539} INFO - Filling up the DagBag from /home/airflow/.local/lib/python3.8/site-packages/airflow/example_dags/example_short_circuit_operator.py
[2023-09-20T22:45:57.323+0000] {processor.py:839} INFO - DAG(s) dict_keys(['example_short_circuit_operator']) retrieved from /home/airflow/.local/lib/python3.8/site-packages/airflow/example_dags/example_short_circuit_operator.py
[2023-09-20T22:45:57.356+0000] {logging_mixin.py:151} INFO - [2023-09-20T22:45:57.355+0000] {dag.py:2915} INFO - Sync 1 DAGs
[2023-09-20T22:45:57.388+0000] {logging_mixin.py:151} INFO - [2023-09-20T22:45:57.387+0000] {dag.py:3696} INFO - Setting next_dagrun for example_short_circuit_operator to 2023-09-19T22:45:57.387610+00:00, run_after=2023-09-20T22:45:57.387610+00:00
[2023-09-20T22:45:57.420+0000] {processor.py:179} INFO - Processing /home/airflow/.local/lib/python3.8/site-packages/airflow/example_dags/example_short_circuit_operator.py took 0.116 seconds
[2023-09-20T22:46:28.454+0000] {processor.py:157} INFO - Started process (PID=2361) to work on /home/airflow/.local/lib/python3.8/site-packages/airflow/example_dags/example_short_circuit_operator.py
[2023-09-20T22:46:28.456+0000] {processor.py:829} INFO - Processing file /home/airflow/.local/lib/python3.8/site-packages/airflow/example_dags/example_short_circuit_operator.py for tasks to queue
[2023-09-20T22:46:28.459+0000] {logging_mixin.py:151} INFO - [2023-09-20T22:46:28.459+0000] {dagbag.py:539} INFO - Filling up the DagBag from /home/airflow/.local/lib/python3.8/site-packages/airflow/example_dags/example_short_circuit_operator.py
[2023-09-20T22:46:28.472+0000] {processor.py:839} INFO - DAG(s) dict_keys(['example_short_circuit_operator']) retrieved from /home/airflow/.local/lib/python3.8/site-packages/airflow/example_dags/example_short_circuit_operator.py
[2023-09-20T22:46:28.507+0000] {logging_mixin.py:151} INFO - [2023-09-20T22:46:28.507+0000] {dag.py:2915} INFO - Sync 1 DAGs
[2023-09-20T22:46:28.537+0000] {logging_mixin.py:151} INFO - [2023-09-20T22:46:28.537+0000] {dag.py:3696} INFO - Setting next_dagrun for example_short_circuit_operator to 2023-09-19T22:46:28.536923+00:00, run_after=2023-09-20T22:46:28.536923+00:00
[2023-09-20T22:46:28.572+0000] {processor.py:179} INFO - Processing /home/airflow/.local/lib/python3.8/site-packages/airflow/example_dags/example_short_circuit_operator.py took 0.124 seconds
[2023-09-20T22:46:59.281+0000] {processor.py:157} INFO - Started process (PID=2416) to work on /home/airflow/.local/lib/python3.8/site-packages/airflow/example_dags/example_short_circuit_operator.py
[2023-09-20T22:46:59.283+0000] {processor.py:829} INFO - Processing file /home/airflow/.local/lib/python3.8/site-packages/airflow/example_dags/example_short_circuit_operator.py for tasks to queue
[2023-09-20T22:46:59.288+0000] {logging_mixin.py:151} INFO - [2023-09-20T22:46:59.288+0000] {dagbag.py:539} INFO - Filling up the DagBag from /home/airflow/.local/lib/python3.8/site-packages/airflow/example_dags/example_short_circuit_operator.py
[2023-09-20T22:46:59.306+0000] {processor.py:839} INFO - DAG(s) dict_keys(['example_short_circuit_operator']) retrieved from /home/airflow/.local/lib/python3.8/site-packages/airflow/example_dags/example_short_circuit_operator.py
[2023-09-20T22:46:59.348+0000] {logging_mixin.py:151} INFO - [2023-09-20T22:46:59.347+0000] {dag.py:2915} INFO - Sync 1 DAGs
[2023-09-20T22:46:59.389+0000] {logging_mixin.py:151} INFO - [2023-09-20T22:46:59.389+0000] {dag.py:3696} INFO - Setting next_dagrun for example_short_circuit_operator to 2023-09-19T22:46:59.388745+00:00, run_after=2023-09-20T22:46:59.388745+00:00
[2023-09-20T22:46:59.425+0000] {processor.py:179} INFO - Processing /home/airflow/.local/lib/python3.8/site-packages/airflow/example_dags/example_short_circuit_operator.py took 0.148 seconds
[2023-09-20T22:47:30.339+0000] {processor.py:157} INFO - Started process (PID=2471) to work on /home/airflow/.local/lib/python3.8/site-packages/airflow/example_dags/example_short_circuit_operator.py
[2023-09-20T22:47:30.341+0000] {processor.py:829} INFO - Processing file /home/airflow/.local/lib/python3.8/site-packages/airflow/example_dags/example_short_circuit_operator.py for tasks to queue
[2023-09-20T22:47:30.346+0000] {logging_mixin.py:151} INFO - [2023-09-20T22:47:30.345+0000] {dagbag.py:539} INFO - Filling up the DagBag from /home/airflow/.local/lib/python3.8/site-packages/airflow/example_dags/example_short_circuit_operator.py
[2023-09-20T22:47:30.364+0000] {processor.py:839} INFO - DAG(s) dict_keys(['example_short_circuit_operator']) retrieved from /home/airflow/.local/lib/python3.8/site-packages/airflow/example_dags/example_short_circuit_operator.py
[2023-09-20T22:47:30.402+0000] {logging_mixin.py:151} INFO - [2023-09-20T22:47:30.402+0000] {dag.py:2915} INFO - Sync 1 DAGs
[2023-09-20T22:47:30.452+0000] {logging_mixin.py:151} INFO - [2023-09-20T22:47:30.451+0000] {dag.py:3696} INFO - Setting next_dagrun for example_short_circuit_operator to 2023-09-19T22:47:30.451324+00:00, run_after=2023-09-20T22:47:30.451324+00:00
[2023-09-20T22:47:30.503+0000] {processor.py:179} INFO - Processing /home/airflow/.local/lib/python3.8/site-packages/airflow/example_dags/example_short_circuit_operator.py took 0.170 seconds
[2023-09-20T22:48:00.890+0000] {processor.py:157} INFO - Started process (PID=2526) to work on /home/airflow/.local/lib/python3.8/site-packages/airflow/example_dags/example_short_circuit_operator.py
[2023-09-20T22:48:00.892+0000] {processor.py:829} INFO - Processing file /home/airflow/.local/lib/python3.8/site-packages/airflow/example_dags/example_short_circuit_operator.py for tasks to queue
[2023-09-20T22:48:00.896+0000] {logging_mixin.py:151} INFO - [2023-09-20T22:48:00.895+0000] {dagbag.py:539} INFO - Filling up the DagBag from /home/airflow/.local/lib/python3.8/site-packages/airflow/example_dags/example_short_circuit_operator.py
[2023-09-20T22:48:00.908+0000] {processor.py:839} INFO - DAG(s) dict_keys(['example_short_circuit_operator']) retrieved from /home/airflow/.local/lib/python3.8/site-packages/airflow/example_dags/example_short_circuit_operator.py
[2023-09-20T22:48:00.943+0000] {logging_mixin.py:151} INFO - [2023-09-20T22:48:00.943+0000] {dag.py:2915} INFO - Sync 1 DAGs
[2023-09-20T22:48:00.976+0000] {logging_mixin.py:151} INFO - [2023-09-20T22:48:00.975+0000] {dag.py:3696} INFO - Setting next_dagrun for example_short_circuit_operator to 2023-09-19T22:48:00.975453+00:00, run_after=2023-09-20T22:48:00.975453+00:00
[2023-09-20T22:48:01.008+0000] {processor.py:179} INFO - Processing /home/airflow/.local/lib/python3.8/site-packages/airflow/example_dags/example_short_circuit_operator.py took 0.122 seconds
[2023-09-20T22:48:31.427+0000] {processor.py:157} INFO - Started process (PID=2581) to work on /home/airflow/.local/lib/python3.8/site-packages/airflow/example_dags/example_short_circuit_operator.py
[2023-09-20T22:48:31.429+0000] {processor.py:829} INFO - Processing file /home/airflow/.local/lib/python3.8/site-packages/airflow/example_dags/example_short_circuit_operator.py for tasks to queue
[2023-09-20T22:48:31.432+0000] {logging_mixin.py:151} INFO - [2023-09-20T22:48:31.432+0000] {dagbag.py:539} INFO - Filling up the DagBag from /home/airflow/.local/lib/python3.8/site-packages/airflow/example_dags/example_short_circuit_operator.py
[2023-09-20T22:48:31.442+0000] {processor.py:839} INFO - DAG(s) dict_keys(['example_short_circuit_operator']) retrieved from /home/airflow/.local/lib/python3.8/site-packages/airflow/example_dags/example_short_circuit_operator.py
[2023-09-20T22:48:31.475+0000] {logging_mixin.py:151} INFO - [2023-09-20T22:48:31.475+0000] {dag.py:2915} INFO - Sync 1 DAGs
[2023-09-20T22:48:31.510+0000] {logging_mixin.py:151} INFO - [2023-09-20T22:48:31.510+0000] {dag.py:3696} INFO - Setting next_dagrun for example_short_circuit_operator to 2023-09-19T22:48:31.510288+00:00, run_after=2023-09-20T22:48:31.510288+00:00
[2023-09-20T22:48:31.536+0000] {processor.py:179} INFO - Processing /home/airflow/.local/lib/python3.8/site-packages/airflow/example_dags/example_short_circuit_operator.py took 0.114 seconds
[2023-09-20T22:49:02.273+0000] {processor.py:157} INFO - Started process (PID=2636) to work on /home/airflow/.local/lib/python3.8/site-packages/airflow/example_dags/example_short_circuit_operator.py
[2023-09-20T22:49:02.274+0000] {processor.py:829} INFO - Processing file /home/airflow/.local/lib/python3.8/site-packages/airflow/example_dags/example_short_circuit_operator.py for tasks to queue
[2023-09-20T22:49:02.278+0000] {logging_mixin.py:151} INFO - [2023-09-20T22:49:02.278+0000] {dagbag.py:539} INFO - Filling up the DagBag from /home/airflow/.local/lib/python3.8/site-packages/airflow/example_dags/example_short_circuit_operator.py
[2023-09-20T22:49:02.293+0000] {processor.py:839} INFO - DAG(s) dict_keys(['example_short_circuit_operator']) retrieved from /home/airflow/.local/lib/python3.8/site-packages/airflow/example_dags/example_short_circuit_operator.py
[2023-09-20T22:49:02.331+0000] {logging_mixin.py:151} INFO - [2023-09-20T22:49:02.331+0000] {dag.py:2915} INFO - Sync 1 DAGs
[2023-09-20T22:49:02.369+0000] {logging_mixin.py:151} INFO - [2023-09-20T22:49:02.368+0000] {dag.py:3696} INFO - Setting next_dagrun for example_short_circuit_operator to 2023-09-19T22:49:02.368541+00:00, run_after=2023-09-20T22:49:02.368541+00:00
[2023-09-20T22:49:02.399+0000] {processor.py:179} INFO - Processing /home/airflow/.local/lib/python3.8/site-packages/airflow/example_dags/example_short_circuit_operator.py took 0.133 seconds
[2023-09-20T22:49:32.682+0000] {processor.py:157} INFO - Started process (PID=2691) to work on /home/airflow/.local/lib/python3.8/site-packages/airflow/example_dags/example_short_circuit_operator.py
[2023-09-20T22:49:32.683+0000] {processor.py:829} INFO - Processing file /home/airflow/.local/lib/python3.8/site-packages/airflow/example_dags/example_short_circuit_operator.py for tasks to queue
[2023-09-20T22:49:32.686+0000] {logging_mixin.py:151} INFO - [2023-09-20T22:49:32.685+0000] {dagbag.py:539} INFO - Filling up the DagBag from /home/airflow/.local/lib/python3.8/site-packages/airflow/example_dags/example_short_circuit_operator.py
[2023-09-20T22:49:32.697+0000] {processor.py:839} INFO - DAG(s) dict_keys(['example_short_circuit_operator']) retrieved from /home/airflow/.local/lib/python3.8/site-packages/airflow/example_dags/example_short_circuit_operator.py
[2023-09-20T22:49:32.735+0000] {logging_mixin.py:151} INFO - [2023-09-20T22:49:32.734+0000] {dag.py:2915} INFO - Sync 1 DAGs
[2023-09-20T22:49:32.767+0000] {logging_mixin.py:151} INFO - [2023-09-20T22:49:32.767+0000] {dag.py:3696} INFO - Setting next_dagrun for example_short_circuit_operator to 2023-09-19T22:49:32.766686+00:00, run_after=2023-09-20T22:49:32.766686+00:00
[2023-09-20T22:49:32.848+0000] {processor.py:179} INFO - Processing /home/airflow/.local/lib/python3.8/site-packages/airflow/example_dags/example_short_circuit_operator.py took 0.172 seconds
[2023-09-20T22:50:02.957+0000] {processor.py:157} INFO - Started process (PID=2745) to work on /home/airflow/.local/lib/python3.8/site-packages/airflow/example_dags/example_short_circuit_operator.py
[2023-09-20T22:50:02.959+0000] {processor.py:829} INFO - Processing file /home/airflow/.local/lib/python3.8/site-packages/airflow/example_dags/example_short_circuit_operator.py for tasks to queue
[2023-09-20T22:50:02.964+0000] {logging_mixin.py:151} INFO - [2023-09-20T22:50:02.964+0000] {dagbag.py:539} INFO - Filling up the DagBag from /home/airflow/.local/lib/python3.8/site-packages/airflow/example_dags/example_short_circuit_operator.py
[2023-09-20T22:50:02.980+0000] {processor.py:839} INFO - DAG(s) dict_keys(['example_short_circuit_operator']) retrieved from /home/airflow/.local/lib/python3.8/site-packages/airflow/example_dags/example_short_circuit_operator.py
[2023-09-20T22:50:03.021+0000] {logging_mixin.py:151} INFO - [2023-09-20T22:50:03.021+0000] {dag.py:2915} INFO - Sync 1 DAGs
[2023-09-20T22:50:03.060+0000] {logging_mixin.py:151} INFO - [2023-09-20T22:50:03.059+0000] {dag.py:3696} INFO - Setting next_dagrun for example_short_circuit_operator to 2023-09-19T22:50:03.059521+00:00, run_after=2023-09-20T22:50:03.059521+00:00
[2023-09-20T22:50:03.089+0000] {processor.py:179} INFO - Processing /home/airflow/.local/lib/python3.8/site-packages/airflow/example_dags/example_short_circuit_operator.py took 0.141 seconds
[2023-09-20T22:50:33.585+0000] {processor.py:157} INFO - Started process (PID=2801) to work on /home/airflow/.local/lib/python3.8/site-packages/airflow/example_dags/example_short_circuit_operator.py
[2023-09-20T22:50:33.586+0000] {processor.py:829} INFO - Processing file /home/airflow/.local/lib/python3.8/site-packages/airflow/example_dags/example_short_circuit_operator.py for tasks to queue
[2023-09-20T22:50:33.589+0000] {logging_mixin.py:151} INFO - [2023-09-20T22:50:33.589+0000] {dagbag.py:539} INFO - Filling up the DagBag from /home/airflow/.local/lib/python3.8/site-packages/airflow/example_dags/example_short_circuit_operator.py
[2023-09-20T22:50:33.600+0000] {processor.py:839} INFO - DAG(s) dict_keys(['example_short_circuit_operator']) retrieved from /home/airflow/.local/lib/python3.8/site-packages/airflow/example_dags/example_short_circuit_operator.py
[2023-09-20T22:50:33.632+0000] {logging_mixin.py:151} INFO - [2023-09-20T22:50:33.632+0000] {dag.py:2915} INFO - Sync 1 DAGs
[2023-09-20T22:50:33.662+0000] {logging_mixin.py:151} INFO - [2023-09-20T22:50:33.661+0000] {dag.py:3696} INFO - Setting next_dagrun for example_short_circuit_operator to 2023-09-19T22:50:33.661401+00:00, run_after=2023-09-20T22:50:33.661401+00:00
[2023-09-20T22:50:33.695+0000] {processor.py:179} INFO - Processing /home/airflow/.local/lib/python3.8/site-packages/airflow/example_dags/example_short_circuit_operator.py took 0.115 seconds
[2023-09-20T22:51:04.158+0000] {processor.py:157} INFO - Started process (PID=2856) to work on /home/airflow/.local/lib/python3.8/site-packages/airflow/example_dags/example_short_circuit_operator.py
[2023-09-20T22:51:04.160+0000] {processor.py:829} INFO - Processing file /home/airflow/.local/lib/python3.8/site-packages/airflow/example_dags/example_short_circuit_operator.py for tasks to queue
[2023-09-20T22:51:04.165+0000] {logging_mixin.py:151} INFO - [2023-09-20T22:51:04.164+0000] {dagbag.py:539} INFO - Filling up the DagBag from /home/airflow/.local/lib/python3.8/site-packages/airflow/example_dags/example_short_circuit_operator.py
[2023-09-20T22:51:04.178+0000] {processor.py:839} INFO - DAG(s) dict_keys(['example_short_circuit_operator']) retrieved from /home/airflow/.local/lib/python3.8/site-packages/airflow/example_dags/example_short_circuit_operator.py
[2023-09-20T22:51:04.211+0000] {logging_mixin.py:151} INFO - [2023-09-20T22:51:04.211+0000] {dag.py:2915} INFO - Sync 1 DAGs
[2023-09-20T22:51:04.242+0000] {logging_mixin.py:151} INFO - [2023-09-20T22:51:04.241+0000] {dag.py:3696} INFO - Setting next_dagrun for example_short_circuit_operator to 2023-09-19T22:51:04.241694+00:00, run_after=2023-09-20T22:51:04.241694+00:00
[2023-09-20T22:51:04.273+0000] {processor.py:179} INFO - Processing /home/airflow/.local/lib/python3.8/site-packages/airflow/example_dags/example_short_circuit_operator.py took 0.123 seconds
[2023-09-20T22:51:34.484+0000] {processor.py:157} INFO - Started process (PID=2911) to work on /home/airflow/.local/lib/python3.8/site-packages/airflow/example_dags/example_short_circuit_operator.py
[2023-09-20T22:51:34.486+0000] {processor.py:829} INFO - Processing file /home/airflow/.local/lib/python3.8/site-packages/airflow/example_dags/example_short_circuit_operator.py for tasks to queue
[2023-09-20T22:51:34.491+0000] {logging_mixin.py:151} INFO - [2023-09-20T22:51:34.490+0000] {dagbag.py:539} INFO - Filling up the DagBag from /home/airflow/.local/lib/python3.8/site-packages/airflow/example_dags/example_short_circuit_operator.py
[2023-09-20T22:51:34.513+0000] {processor.py:839} INFO - DAG(s) dict_keys(['example_short_circuit_operator']) retrieved from /home/airflow/.local/lib/python3.8/site-packages/airflow/example_dags/example_short_circuit_operator.py
[2023-09-20T22:51:34.554+0000] {logging_mixin.py:151} INFO - [2023-09-20T22:51:34.553+0000] {dag.py:2915} INFO - Sync 1 DAGs
[2023-09-20T22:51:34.585+0000] {logging_mixin.py:151} INFO - [2023-09-20T22:51:34.585+0000] {dag.py:3696} INFO - Setting next_dagrun for example_short_circuit_operator to 2023-09-19T22:51:34.584943+00:00, run_after=2023-09-20T22:51:34.584943+00:00
[2023-09-20T22:51:34.620+0000] {processor.py:179} INFO - Processing /home/airflow/.local/lib/python3.8/site-packages/airflow/example_dags/example_short_circuit_operator.py took 0.144 seconds
[2023-09-20T22:52:04.650+0000] {processor.py:157} INFO - Started process (PID=2966) to work on /home/airflow/.local/lib/python3.8/site-packages/airflow/example_dags/example_short_circuit_operator.py
[2023-09-20T22:52:04.651+0000] {processor.py:829} INFO - Processing file /home/airflow/.local/lib/python3.8/site-packages/airflow/example_dags/example_short_circuit_operator.py for tasks to queue
[2023-09-20T22:52:04.655+0000] {logging_mixin.py:151} INFO - [2023-09-20T22:52:04.655+0000] {dagbag.py:539} INFO - Filling up the DagBag from /home/airflow/.local/lib/python3.8/site-packages/airflow/example_dags/example_short_circuit_operator.py
[2023-09-20T22:52:04.667+0000] {processor.py:839} INFO - DAG(s) dict_keys(['example_short_circuit_operator']) retrieved from /home/airflow/.local/lib/python3.8/site-packages/airflow/example_dags/example_short_circuit_operator.py
[2023-09-20T22:52:04.704+0000] {logging_mixin.py:151} INFO - [2023-09-20T22:52:04.704+0000] {dag.py:2915} INFO - Sync 1 DAGs
[2023-09-20T22:52:04.737+0000] {logging_mixin.py:151} INFO - [2023-09-20T22:52:04.737+0000] {dag.py:3696} INFO - Setting next_dagrun for example_short_circuit_operator to 2023-09-19T22:52:04.736912+00:00, run_after=2023-09-20T22:52:04.736912+00:00
[2023-09-20T22:52:04.817+0000] {processor.py:179} INFO - Processing /home/airflow/.local/lib/python3.8/site-packages/airflow/example_dags/example_short_circuit_operator.py took 0.173 seconds
[2023-09-20T23:11:32.170+0000] {processor.py:157} INFO - Started process (PID=43) to work on /home/airflow/.local/lib/python3.8/site-packages/airflow/example_dags/example_short_circuit_operator.py
[2023-09-20T23:11:32.172+0000] {processor.py:829} INFO - Processing file /home/airflow/.local/lib/python3.8/site-packages/airflow/example_dags/example_short_circuit_operator.py for tasks to queue
[2023-09-20T23:11:32.176+0000] {logging_mixin.py:151} INFO - [2023-09-20T23:11:32.176+0000] {dagbag.py:539} INFO - Filling up the DagBag from /home/airflow/.local/lib/python3.8/site-packages/airflow/example_dags/example_short_circuit_operator.py
[2023-09-20T23:11:32.188+0000] {processor.py:839} INFO - DAG(s) dict_keys(['example_short_circuit_operator']) retrieved from /home/airflow/.local/lib/python3.8/site-packages/airflow/example_dags/example_short_circuit_operator.py
[2023-09-20T23:11:32.209+0000] {logging_mixin.py:151} INFO - [2023-09-20T23:11:32.209+0000] {dag.py:2915} INFO - Sync 1 DAGs
[2023-09-20T23:11:32.247+0000] {logging_mixin.py:151} INFO - [2023-09-20T23:11:32.247+0000] {dag.py:3696} INFO - Setting next_dagrun for example_short_circuit_operator to 2023-09-19T23:11:32.246885+00:00, run_after=2023-09-20T23:11:32.246885+00:00
[2023-09-20T23:11:32.277+0000] {processor.py:179} INFO - Processing /home/airflow/.local/lib/python3.8/site-packages/airflow/example_dags/example_short_circuit_operator.py took 0.112 seconds
[2023-09-20T23:12:02.789+0000] {processor.py:157} INFO - Started process (PID=98) to work on /home/airflow/.local/lib/python3.8/site-packages/airflow/example_dags/example_short_circuit_operator.py
[2023-09-20T23:12:02.791+0000] {processor.py:829} INFO - Processing file /home/airflow/.local/lib/python3.8/site-packages/airflow/example_dags/example_short_circuit_operator.py for tasks to queue
[2023-09-20T23:12:02.795+0000] {logging_mixin.py:151} INFO - [2023-09-20T23:12:02.794+0000] {dagbag.py:539} INFO - Filling up the DagBag from /home/airflow/.local/lib/python3.8/site-packages/airflow/example_dags/example_short_circuit_operator.py
[2023-09-20T23:12:02.813+0000] {processor.py:839} INFO - DAG(s) dict_keys(['example_short_circuit_operator']) retrieved from /home/airflow/.local/lib/python3.8/site-packages/airflow/example_dags/example_short_circuit_operator.py
[2023-09-20T23:12:02.849+0000] {logging_mixin.py:151} INFO - [2023-09-20T23:12:02.848+0000] {dag.py:2915} INFO - Sync 1 DAGs
[2023-09-20T23:12:02.887+0000] {logging_mixin.py:151} INFO - [2023-09-20T23:12:02.886+0000] {dag.py:3696} INFO - Setting next_dagrun for example_short_circuit_operator to 2023-09-19T23:12:02.886375+00:00, run_after=2023-09-20T23:12:02.886375+00:00
[2023-09-20T23:12:02.926+0000] {processor.py:179} INFO - Processing /home/airflow/.local/lib/python3.8/site-packages/airflow/example_dags/example_short_circuit_operator.py took 0.143 seconds
[2023-09-20T23:12:33.867+0000] {processor.py:157} INFO - Started process (PID=153) to work on /home/airflow/.local/lib/python3.8/site-packages/airflow/example_dags/example_short_circuit_operator.py
[2023-09-20T23:12:33.868+0000] {processor.py:829} INFO - Processing file /home/airflow/.local/lib/python3.8/site-packages/airflow/example_dags/example_short_circuit_operator.py for tasks to queue
[2023-09-20T23:12:33.872+0000] {logging_mixin.py:151} INFO - [2023-09-20T23:12:33.871+0000] {dagbag.py:539} INFO - Filling up the DagBag from /home/airflow/.local/lib/python3.8/site-packages/airflow/example_dags/example_short_circuit_operator.py
[2023-09-20T23:12:33.882+0000] {processor.py:839} INFO - DAG(s) dict_keys(['example_short_circuit_operator']) retrieved from /home/airflow/.local/lib/python3.8/site-packages/airflow/example_dags/example_short_circuit_operator.py
[2023-09-20T23:12:33.915+0000] {logging_mixin.py:151} INFO - [2023-09-20T23:12:33.914+0000] {dag.py:2915} INFO - Sync 1 DAGs
[2023-09-20T23:12:33.947+0000] {logging_mixin.py:151} INFO - [2023-09-20T23:12:33.947+0000] {dag.py:3696} INFO - Setting next_dagrun for example_short_circuit_operator to 2023-09-19T23:12:33.946866+00:00, run_after=2023-09-20T23:12:33.946866+00:00
[2023-09-20T23:12:33.992+0000] {processor.py:179} INFO - Processing /home/airflow/.local/lib/python3.8/site-packages/airflow/example_dags/example_short_circuit_operator.py took 0.131 seconds
[2023-09-20T23:13:04.614+0000] {processor.py:157} INFO - Started process (PID=208) to work on /home/airflow/.local/lib/python3.8/site-packages/airflow/example_dags/example_short_circuit_operator.py
[2023-09-20T23:13:04.615+0000] {processor.py:829} INFO - Processing file /home/airflow/.local/lib/python3.8/site-packages/airflow/example_dags/example_short_circuit_operator.py for tasks to queue
[2023-09-20T23:13:04.619+0000] {logging_mixin.py:151} INFO - [2023-09-20T23:13:04.619+0000] {dagbag.py:539} INFO - Filling up the DagBag from /home/airflow/.local/lib/python3.8/site-packages/airflow/example_dags/example_short_circuit_operator.py
[2023-09-20T23:13:04.630+0000] {processor.py:839} INFO - DAG(s) dict_keys(['example_short_circuit_operator']) retrieved from /home/airflow/.local/lib/python3.8/site-packages/airflow/example_dags/example_short_circuit_operator.py
[2023-09-20T23:13:04.679+0000] {logging_mixin.py:151} INFO - [2023-09-20T23:13:04.678+0000] {dag.py:2915} INFO - Sync 1 DAGs
[2023-09-20T23:13:04.722+0000] {logging_mixin.py:151} INFO - [2023-09-20T23:13:04.722+0000] {dag.py:3696} INFO - Setting next_dagrun for example_short_circuit_operator to 2023-09-19T23:13:04.721781+00:00, run_after=2023-09-20T23:13:04.721781+00:00
[2023-09-20T23:13:04.772+0000] {processor.py:179} INFO - Processing /home/airflow/.local/lib/python3.8/site-packages/airflow/example_dags/example_short_circuit_operator.py took 0.164 seconds
