[2023-09-20T22:15:28.346+0000] {processor.py:157} INFO - Started process (PID=40) to work on /home/airflow/.local/lib/python3.8/site-packages/airflow/example_dags/tutorial_dag.py
[2023-09-20T22:15:28.347+0000] {processor.py:829} INFO - Processing file /home/airflow/.local/lib/python3.8/site-packages/airflow/example_dags/tutorial_dag.py for tasks to queue
[2023-09-20T22:15:28.353+0000] {logging_mixin.py:151} INFO - [2023-09-20T22:15:28.352+0000] {dagbag.py:539} INFO - Filling up the DagBag from /home/airflow/.local/lib/python3.8/site-packages/airflow/example_dags/tutorial_dag.py
[2023-09-20T22:15:28.365+0000] {processor.py:839} INFO - DAG(s) dict_keys(['tutorial_dag']) retrieved from /home/airflow/.local/lib/python3.8/site-packages/airflow/example_dags/tutorial_dag.py
[2023-09-20T22:15:28.389+0000] {logging_mixin.py:151} INFO - [2023-09-20T22:15:28.389+0000] {dag.py:2915} INFO - Sync 1 DAGs
[2023-09-20T22:15:28.421+0000] {logging_mixin.py:151} INFO - [2023-09-20T22:15:28.420+0000] {dag.py:3696} INFO - Setting next_dagrun for tutorial_dag to None, run_after=None
[2023-09-20T22:15:28.465+0000] {processor.py:179} INFO - Processing /home/airflow/.local/lib/python3.8/site-packages/airflow/example_dags/tutorial_dag.py took 0.126 seconds
[2023-09-20T22:15:58.582+0000] {processor.py:157} INFO - Started process (PID=94) to work on /home/airflow/.local/lib/python3.8/site-packages/airflow/example_dags/tutorial_dag.py
[2023-09-20T22:15:58.583+0000] {processor.py:829} INFO - Processing file /home/airflow/.local/lib/python3.8/site-packages/airflow/example_dags/tutorial_dag.py for tasks to queue
[2023-09-20T22:15:58.589+0000] {logging_mixin.py:151} INFO - [2023-09-20T22:15:58.588+0000] {dagbag.py:539} INFO - Filling up the DagBag from /home/airflow/.local/lib/python3.8/site-packages/airflow/example_dags/tutorial_dag.py
[2023-09-20T22:15:58.598+0000] {processor.py:839} INFO - DAG(s) dict_keys(['tutorial_dag']) retrieved from /home/airflow/.local/lib/python3.8/site-packages/airflow/example_dags/tutorial_dag.py
[2023-09-20T22:15:58.628+0000] {logging_mixin.py:151} INFO - [2023-09-20T22:15:58.628+0000] {dag.py:2915} INFO - Sync 1 DAGs
[2023-09-20T22:15:58.647+0000] {logging_mixin.py:151} INFO - [2023-09-20T22:15:58.646+0000] {dag.py:3696} INFO - Setting next_dagrun for tutorial_dag to None, run_after=None
[2023-09-20T22:15:58.683+0000] {processor.py:179} INFO - Processing /home/airflow/.local/lib/python3.8/site-packages/airflow/example_dags/tutorial_dag.py took 0.107 seconds
[2023-09-20T22:16:29.358+0000] {processor.py:157} INFO - Started process (PID=147) to work on /home/airflow/.local/lib/python3.8/site-packages/airflow/example_dags/tutorial_dag.py
[2023-09-20T22:16:29.360+0000] {processor.py:829} INFO - Processing file /home/airflow/.local/lib/python3.8/site-packages/airflow/example_dags/tutorial_dag.py for tasks to queue
[2023-09-20T22:16:29.363+0000] {logging_mixin.py:151} INFO - [2023-09-20T22:16:29.363+0000] {dagbag.py:539} INFO - Filling up the DagBag from /home/airflow/.local/lib/python3.8/site-packages/airflow/example_dags/tutorial_dag.py
[2023-09-20T22:16:29.370+0000] {processor.py:839} INFO - DAG(s) dict_keys(['tutorial_dag']) retrieved from /home/airflow/.local/lib/python3.8/site-packages/airflow/example_dags/tutorial_dag.py
[2023-09-20T22:16:29.398+0000] {logging_mixin.py:151} INFO - [2023-09-20T22:16:29.398+0000] {dag.py:2915} INFO - Sync 1 DAGs
[2023-09-20T22:16:29.416+0000] {logging_mixin.py:151} INFO - [2023-09-20T22:16:29.415+0000] {dag.py:3696} INFO - Setting next_dagrun for tutorial_dag to None, run_after=None
[2023-09-20T22:16:29.454+0000] {processor.py:179} INFO - Processing /home/airflow/.local/lib/python3.8/site-packages/airflow/example_dags/tutorial_dag.py took 0.101 seconds
[2023-09-20T22:16:59.730+0000] {processor.py:157} INFO - Started process (PID=201) to work on /home/airflow/.local/lib/python3.8/site-packages/airflow/example_dags/tutorial_dag.py
[2023-09-20T22:16:59.732+0000] {processor.py:829} INFO - Processing file /home/airflow/.local/lib/python3.8/site-packages/airflow/example_dags/tutorial_dag.py for tasks to queue
[2023-09-20T22:16:59.736+0000] {logging_mixin.py:151} INFO - [2023-09-20T22:16:59.735+0000] {dagbag.py:539} INFO - Filling up the DagBag from /home/airflow/.local/lib/python3.8/site-packages/airflow/example_dags/tutorial_dag.py
[2023-09-20T22:16:59.744+0000] {processor.py:839} INFO - DAG(s) dict_keys(['tutorial_dag']) retrieved from /home/airflow/.local/lib/python3.8/site-packages/airflow/example_dags/tutorial_dag.py
[2023-09-20T22:16:59.782+0000] {logging_mixin.py:151} INFO - [2023-09-20T22:16:59.781+0000] {dag.py:2915} INFO - Sync 1 DAGs
[2023-09-20T22:16:59.806+0000] {logging_mixin.py:151} INFO - [2023-09-20T22:16:59.806+0000] {dag.py:3696} INFO - Setting next_dagrun for tutorial_dag to None, run_after=None
[2023-09-20T22:16:59.863+0000] {processor.py:179} INFO - Processing /home/airflow/.local/lib/python3.8/site-packages/airflow/example_dags/tutorial_dag.py took 0.140 seconds
[2023-09-20T22:24:59.179+0000] {processor.py:157} INFO - Started process (PID=40) to work on /home/airflow/.local/lib/python3.8/site-packages/airflow/example_dags/tutorial_dag.py
[2023-09-20T22:24:59.183+0000] {processor.py:829} INFO - Processing file /home/airflow/.local/lib/python3.8/site-packages/airflow/example_dags/tutorial_dag.py for tasks to queue
[2023-09-20T22:24:59.188+0000] {logging_mixin.py:151} INFO - [2023-09-20T22:24:59.187+0000] {dagbag.py:539} INFO - Filling up the DagBag from /home/airflow/.local/lib/python3.8/site-packages/airflow/example_dags/tutorial_dag.py
[2023-09-20T22:24:59.351+0000] {processor.py:839} INFO - DAG(s) dict_keys(['tutorial_dag']) retrieved from /home/airflow/.local/lib/python3.8/site-packages/airflow/example_dags/tutorial_dag.py
[2023-09-20T22:24:59.379+0000] {logging_mixin.py:151} INFO - [2023-09-20T22:24:59.378+0000] {dag.py:2915} INFO - Sync 1 DAGs
[2023-09-20T22:24:59.395+0000] {logging_mixin.py:151} INFO - [2023-09-20T22:24:59.395+0000] {dag.py:3696} INFO - Setting next_dagrun for tutorial_dag to None, run_after=None
[2023-09-20T22:24:59.426+0000] {processor.py:179} INFO - Processing /home/airflow/.local/lib/python3.8/site-packages/airflow/example_dags/tutorial_dag.py took 0.252 seconds
[2023-09-20T22:25:30.247+0000] {processor.py:157} INFO - Started process (PID=95) to work on /home/airflow/.local/lib/python3.8/site-packages/airflow/example_dags/tutorial_dag.py
[2023-09-20T22:25:30.249+0000] {processor.py:829} INFO - Processing file /home/airflow/.local/lib/python3.8/site-packages/airflow/example_dags/tutorial_dag.py for tasks to queue
[2023-09-20T22:25:30.254+0000] {logging_mixin.py:151} INFO - [2023-09-20T22:25:30.254+0000] {dagbag.py:539} INFO - Filling up the DagBag from /home/airflow/.local/lib/python3.8/site-packages/airflow/example_dags/tutorial_dag.py
[2023-09-20T22:25:30.265+0000] {processor.py:839} INFO - DAG(s) dict_keys(['tutorial_dag']) retrieved from /home/airflow/.local/lib/python3.8/site-packages/airflow/example_dags/tutorial_dag.py
[2023-09-20T22:25:30.300+0000] {logging_mixin.py:151} INFO - [2023-09-20T22:25:30.300+0000] {dag.py:2915} INFO - Sync 1 DAGs
[2023-09-20T22:25:30.318+0000] {logging_mixin.py:151} INFO - [2023-09-20T22:25:30.318+0000] {dag.py:3696} INFO - Setting next_dagrun for tutorial_dag to None, run_after=None
[2023-09-20T22:25:30.393+0000] {processor.py:179} INFO - Processing /home/airflow/.local/lib/python3.8/site-packages/airflow/example_dags/tutorial_dag.py took 0.153 seconds
[2023-09-20T22:26:00.877+0000] {processor.py:157} INFO - Started process (PID=150) to work on /home/airflow/.local/lib/python3.8/site-packages/airflow/example_dags/tutorial_dag.py
[2023-09-20T22:26:00.880+0000] {processor.py:829} INFO - Processing file /home/airflow/.local/lib/python3.8/site-packages/airflow/example_dags/tutorial_dag.py for tasks to queue
[2023-09-20T22:26:00.887+0000] {logging_mixin.py:151} INFO - [2023-09-20T22:26:00.886+0000] {dagbag.py:539} INFO - Filling up the DagBag from /home/airflow/.local/lib/python3.8/site-packages/airflow/example_dags/tutorial_dag.py
[2023-09-20T22:26:00.898+0000] {processor.py:839} INFO - DAG(s) dict_keys(['tutorial_dag']) retrieved from /home/airflow/.local/lib/python3.8/site-packages/airflow/example_dags/tutorial_dag.py
[2023-09-20T22:26:00.951+0000] {logging_mixin.py:151} INFO - [2023-09-20T22:26:00.951+0000] {dag.py:2915} INFO - Sync 1 DAGs
[2023-09-20T22:26:00.969+0000] {logging_mixin.py:151} INFO - [2023-09-20T22:26:00.969+0000] {dag.py:3696} INFO - Setting next_dagrun for tutorial_dag to None, run_after=None
[2023-09-20T22:26:01.078+0000] {processor.py:179} INFO - Processing /home/airflow/.local/lib/python3.8/site-packages/airflow/example_dags/tutorial_dag.py took 0.210 seconds
[2023-09-20T22:26:31.817+0000] {processor.py:157} INFO - Started process (PID=205) to work on /home/airflow/.local/lib/python3.8/site-packages/airflow/example_dags/tutorial_dag.py
[2023-09-20T22:26:31.821+0000] {processor.py:829} INFO - Processing file /home/airflow/.local/lib/python3.8/site-packages/airflow/example_dags/tutorial_dag.py for tasks to queue
[2023-09-20T22:26:31.827+0000] {logging_mixin.py:151} INFO - [2023-09-20T22:26:31.826+0000] {dagbag.py:539} INFO - Filling up the DagBag from /home/airflow/.local/lib/python3.8/site-packages/airflow/example_dags/tutorial_dag.py
[2023-09-20T22:26:31.844+0000] {processor.py:839} INFO - DAG(s) dict_keys(['tutorial_dag']) retrieved from /home/airflow/.local/lib/python3.8/site-packages/airflow/example_dags/tutorial_dag.py
[2023-09-20T22:26:31.892+0000] {logging_mixin.py:151} INFO - [2023-09-20T22:26:31.891+0000] {dag.py:2915} INFO - Sync 1 DAGs
[2023-09-20T22:26:31.909+0000] {logging_mixin.py:151} INFO - [2023-09-20T22:26:31.909+0000] {dag.py:3696} INFO - Setting next_dagrun for tutorial_dag to None, run_after=None
[2023-09-20T22:26:32.382+0000] {processor.py:179} INFO - Processing /home/airflow/.local/lib/python3.8/site-packages/airflow/example_dags/tutorial_dag.py took 0.575 seconds
[2023-09-20T22:27:02.844+0000] {processor.py:157} INFO - Started process (PID=260) to work on /home/airflow/.local/lib/python3.8/site-packages/airflow/example_dags/tutorial_dag.py
[2023-09-20T22:27:02.846+0000] {processor.py:829} INFO - Processing file /home/airflow/.local/lib/python3.8/site-packages/airflow/example_dags/tutorial_dag.py for tasks to queue
[2023-09-20T22:27:02.849+0000] {logging_mixin.py:151} INFO - [2023-09-20T22:27:02.848+0000] {dagbag.py:539} INFO - Filling up the DagBag from /home/airflow/.local/lib/python3.8/site-packages/airflow/example_dags/tutorial_dag.py
[2023-09-20T22:27:02.862+0000] {processor.py:839} INFO - DAG(s) dict_keys(['tutorial_dag']) retrieved from /home/airflow/.local/lib/python3.8/site-packages/airflow/example_dags/tutorial_dag.py
[2023-09-20T22:27:02.890+0000] {logging_mixin.py:151} INFO - [2023-09-20T22:27:02.890+0000] {dag.py:2915} INFO - Sync 1 DAGs
[2023-09-20T22:27:02.913+0000] {logging_mixin.py:151} INFO - [2023-09-20T22:27:02.913+0000] {dag.py:3696} INFO - Setting next_dagrun for tutorial_dag to None, run_after=None
[2023-09-20T22:27:03.066+0000] {processor.py:179} INFO - Processing /home/airflow/.local/lib/python3.8/site-packages/airflow/example_dags/tutorial_dag.py took 0.226 seconds
[2023-09-20T22:27:33.678+0000] {processor.py:157} INFO - Started process (PID=315) to work on /home/airflow/.local/lib/python3.8/site-packages/airflow/example_dags/tutorial_dag.py
[2023-09-20T22:27:33.680+0000] {processor.py:829} INFO - Processing file /home/airflow/.local/lib/python3.8/site-packages/airflow/example_dags/tutorial_dag.py for tasks to queue
[2023-09-20T22:27:33.685+0000] {logging_mixin.py:151} INFO - [2023-09-20T22:27:33.684+0000] {dagbag.py:539} INFO - Filling up the DagBag from /home/airflow/.local/lib/python3.8/site-packages/airflow/example_dags/tutorial_dag.py
[2023-09-20T22:27:33.694+0000] {processor.py:839} INFO - DAG(s) dict_keys(['tutorial_dag']) retrieved from /home/airflow/.local/lib/python3.8/site-packages/airflow/example_dags/tutorial_dag.py
[2023-09-20T22:27:33.736+0000] {logging_mixin.py:151} INFO - [2023-09-20T22:27:33.736+0000] {dag.py:2915} INFO - Sync 1 DAGs
[2023-09-20T22:27:33.767+0000] {logging_mixin.py:151} INFO - [2023-09-20T22:27:33.766+0000] {dag.py:3696} INFO - Setting next_dagrun for tutorial_dag to None, run_after=None
[2023-09-20T22:27:33.814+0000] {processor.py:179} INFO - Processing /home/airflow/.local/lib/python3.8/site-packages/airflow/example_dags/tutorial_dag.py took 0.144 seconds
[2023-09-20T22:28:03.916+0000] {processor.py:157} INFO - Started process (PID=371) to work on /home/airflow/.local/lib/python3.8/site-packages/airflow/example_dags/tutorial_dag.py
[2023-09-20T22:28:03.918+0000] {processor.py:829} INFO - Processing file /home/airflow/.local/lib/python3.8/site-packages/airflow/example_dags/tutorial_dag.py for tasks to queue
[2023-09-20T22:28:03.922+0000] {logging_mixin.py:151} INFO - [2023-09-20T22:28:03.922+0000] {dagbag.py:539} INFO - Filling up the DagBag from /home/airflow/.local/lib/python3.8/site-packages/airflow/example_dags/tutorial_dag.py
[2023-09-20T22:28:03.932+0000] {processor.py:839} INFO - DAG(s) dict_keys(['tutorial_dag']) retrieved from /home/airflow/.local/lib/python3.8/site-packages/airflow/example_dags/tutorial_dag.py
[2023-09-20T22:28:03.970+0000] {logging_mixin.py:151} INFO - [2023-09-20T22:28:03.970+0000] {dag.py:2915} INFO - Sync 1 DAGs
[2023-09-20T22:28:03.990+0000] {logging_mixin.py:151} INFO - [2023-09-20T22:28:03.990+0000] {dag.py:3696} INFO - Setting next_dagrun for tutorial_dag to None, run_after=None
[2023-09-20T22:28:04.155+0000] {processor.py:179} INFO - Processing /home/airflow/.local/lib/python3.8/site-packages/airflow/example_dags/tutorial_dag.py took 0.246 seconds
[2023-09-20T22:28:34.657+0000] {processor.py:157} INFO - Started process (PID=426) to work on /home/airflow/.local/lib/python3.8/site-packages/airflow/example_dags/tutorial_dag.py
[2023-09-20T22:28:34.658+0000] {processor.py:829} INFO - Processing file /home/airflow/.local/lib/python3.8/site-packages/airflow/example_dags/tutorial_dag.py for tasks to queue
[2023-09-20T22:28:34.662+0000] {logging_mixin.py:151} INFO - [2023-09-20T22:28:34.661+0000] {dagbag.py:539} INFO - Filling up the DagBag from /home/airflow/.local/lib/python3.8/site-packages/airflow/example_dags/tutorial_dag.py
[2023-09-20T22:28:34.668+0000] {processor.py:839} INFO - DAG(s) dict_keys(['tutorial_dag']) retrieved from /home/airflow/.local/lib/python3.8/site-packages/airflow/example_dags/tutorial_dag.py
[2023-09-20T22:28:34.695+0000] {logging_mixin.py:151} INFO - [2023-09-20T22:28:34.695+0000] {dag.py:2915} INFO - Sync 1 DAGs
[2023-09-20T22:28:34.714+0000] {logging_mixin.py:151} INFO - [2023-09-20T22:28:34.714+0000] {dag.py:3696} INFO - Setting next_dagrun for tutorial_dag to None, run_after=None
[2023-09-20T22:28:34.745+0000] {processor.py:179} INFO - Processing /home/airflow/.local/lib/python3.8/site-packages/airflow/example_dags/tutorial_dag.py took 0.092 seconds
[2023-09-20T22:29:05.772+0000] {processor.py:157} INFO - Started process (PID=481) to work on /home/airflow/.local/lib/python3.8/site-packages/airflow/example_dags/tutorial_dag.py
[2023-09-20T22:29:05.773+0000] {processor.py:829} INFO - Processing file /home/airflow/.local/lib/python3.8/site-packages/airflow/example_dags/tutorial_dag.py for tasks to queue
[2023-09-20T22:29:05.777+0000] {logging_mixin.py:151} INFO - [2023-09-20T22:29:05.777+0000] {dagbag.py:539} INFO - Filling up the DagBag from /home/airflow/.local/lib/python3.8/site-packages/airflow/example_dags/tutorial_dag.py
[2023-09-20T22:29:05.785+0000] {processor.py:839} INFO - DAG(s) dict_keys(['tutorial_dag']) retrieved from /home/airflow/.local/lib/python3.8/site-packages/airflow/example_dags/tutorial_dag.py
[2023-09-20T22:29:05.813+0000] {logging_mixin.py:151} INFO - [2023-09-20T22:29:05.813+0000] {dag.py:2915} INFO - Sync 1 DAGs
[2023-09-20T22:29:05.834+0000] {logging_mixin.py:151} INFO - [2023-09-20T22:29:05.834+0000] {dag.py:3696} INFO - Setting next_dagrun for tutorial_dag to None, run_after=None
[2023-09-20T22:29:05.900+0000] {processor.py:179} INFO - Processing /home/airflow/.local/lib/python3.8/site-packages/airflow/example_dags/tutorial_dag.py took 0.133 seconds
[2023-09-20T22:29:36.181+0000] {processor.py:157} INFO - Started process (PID=536) to work on /home/airflow/.local/lib/python3.8/site-packages/airflow/example_dags/tutorial_dag.py
[2023-09-20T22:29:36.182+0000] {processor.py:829} INFO - Processing file /home/airflow/.local/lib/python3.8/site-packages/airflow/example_dags/tutorial_dag.py for tasks to queue
[2023-09-20T22:29:36.187+0000] {logging_mixin.py:151} INFO - [2023-09-20T22:29:36.186+0000] {dagbag.py:539} INFO - Filling up the DagBag from /home/airflow/.local/lib/python3.8/site-packages/airflow/example_dags/tutorial_dag.py
[2023-09-20T22:29:36.194+0000] {processor.py:839} INFO - DAG(s) dict_keys(['tutorial_dag']) retrieved from /home/airflow/.local/lib/python3.8/site-packages/airflow/example_dags/tutorial_dag.py
[2023-09-20T22:29:36.221+0000] {logging_mixin.py:151} INFO - [2023-09-20T22:29:36.220+0000] {dag.py:2915} INFO - Sync 1 DAGs
[2023-09-20T22:29:36.238+0000] {logging_mixin.py:151} INFO - [2023-09-20T22:29:36.237+0000] {dag.py:3696} INFO - Setting next_dagrun for tutorial_dag to None, run_after=None
[2023-09-20T22:29:36.271+0000] {processor.py:179} INFO - Processing /home/airflow/.local/lib/python3.8/site-packages/airflow/example_dags/tutorial_dag.py took 0.094 seconds
[2023-09-20T22:30:06.710+0000] {processor.py:157} INFO - Started process (PID=590) to work on /home/airflow/.local/lib/python3.8/site-packages/airflow/example_dags/tutorial_dag.py
[2023-09-20T22:30:06.712+0000] {processor.py:829} INFO - Processing file /home/airflow/.local/lib/python3.8/site-packages/airflow/example_dags/tutorial_dag.py for tasks to queue
[2023-09-20T22:30:06.716+0000] {logging_mixin.py:151} INFO - [2023-09-20T22:30:06.716+0000] {dagbag.py:539} INFO - Filling up the DagBag from /home/airflow/.local/lib/python3.8/site-packages/airflow/example_dags/tutorial_dag.py
[2023-09-20T22:30:06.725+0000] {processor.py:839} INFO - DAG(s) dict_keys(['tutorial_dag']) retrieved from /home/airflow/.local/lib/python3.8/site-packages/airflow/example_dags/tutorial_dag.py
[2023-09-20T22:30:06.758+0000] {logging_mixin.py:151} INFO - [2023-09-20T22:30:06.758+0000] {dag.py:2915} INFO - Sync 1 DAGs
[2023-09-20T22:30:06.778+0000] {logging_mixin.py:151} INFO - [2023-09-20T22:30:06.777+0000] {dag.py:3696} INFO - Setting next_dagrun for tutorial_dag to None, run_after=None
[2023-09-20T22:30:06.809+0000] {processor.py:179} INFO - Processing /home/airflow/.local/lib/python3.8/site-packages/airflow/example_dags/tutorial_dag.py took 0.105 seconds
[2023-09-20T22:30:37.890+0000] {processor.py:157} INFO - Started process (PID=646) to work on /home/airflow/.local/lib/python3.8/site-packages/airflow/example_dags/tutorial_dag.py
[2023-09-20T22:30:37.891+0000] {processor.py:829} INFO - Processing file /home/airflow/.local/lib/python3.8/site-packages/airflow/example_dags/tutorial_dag.py for tasks to queue
[2023-09-20T22:30:37.895+0000] {logging_mixin.py:151} INFO - [2023-09-20T22:30:37.895+0000] {dagbag.py:539} INFO - Filling up the DagBag from /home/airflow/.local/lib/python3.8/site-packages/airflow/example_dags/tutorial_dag.py
[2023-09-20T22:30:37.902+0000] {processor.py:839} INFO - DAG(s) dict_keys(['tutorial_dag']) retrieved from /home/airflow/.local/lib/python3.8/site-packages/airflow/example_dags/tutorial_dag.py
[2023-09-20T22:30:37.931+0000] {logging_mixin.py:151} INFO - [2023-09-20T22:30:37.931+0000] {dag.py:2915} INFO - Sync 1 DAGs
[2023-09-20T22:30:37.948+0000] {logging_mixin.py:151} INFO - [2023-09-20T22:30:37.948+0000] {dag.py:3696} INFO - Setting next_dagrun for tutorial_dag to None, run_after=None
[2023-09-20T22:30:37.978+0000] {processor.py:179} INFO - Processing /home/airflow/.local/lib/python3.8/site-packages/airflow/example_dags/tutorial_dag.py took 0.094 seconds
[2023-09-20T22:31:08.684+0000] {processor.py:157} INFO - Started process (PID=701) to work on /home/airflow/.local/lib/python3.8/site-packages/airflow/example_dags/tutorial_dag.py
[2023-09-20T22:31:08.685+0000] {processor.py:829} INFO - Processing file /home/airflow/.local/lib/python3.8/site-packages/airflow/example_dags/tutorial_dag.py for tasks to queue
[2023-09-20T22:31:08.690+0000] {logging_mixin.py:151} INFO - [2023-09-20T22:31:08.689+0000] {dagbag.py:539} INFO - Filling up the DagBag from /home/airflow/.local/lib/python3.8/site-packages/airflow/example_dags/tutorial_dag.py
[2023-09-20T22:31:08.697+0000] {processor.py:839} INFO - DAG(s) dict_keys(['tutorial_dag']) retrieved from /home/airflow/.local/lib/python3.8/site-packages/airflow/example_dags/tutorial_dag.py
[2023-09-20T22:31:08.737+0000] {logging_mixin.py:151} INFO - [2023-09-20T22:31:08.736+0000] {dag.py:2915} INFO - Sync 1 DAGs
[2023-09-20T22:31:08.759+0000] {logging_mixin.py:151} INFO - [2023-09-20T22:31:08.758+0000] {dag.py:3696} INFO - Setting next_dagrun for tutorial_dag to None, run_after=None
[2023-09-20T22:31:08.792+0000] {processor.py:179} INFO - Processing /home/airflow/.local/lib/python3.8/site-packages/airflow/example_dags/tutorial_dag.py took 0.115 seconds
[2023-09-20T22:31:39.800+0000] {processor.py:157} INFO - Started process (PID=756) to work on /home/airflow/.local/lib/python3.8/site-packages/airflow/example_dags/tutorial_dag.py
[2023-09-20T22:31:39.801+0000] {processor.py:829} INFO - Processing file /home/airflow/.local/lib/python3.8/site-packages/airflow/example_dags/tutorial_dag.py for tasks to queue
[2023-09-20T22:31:39.805+0000] {logging_mixin.py:151} INFO - [2023-09-20T22:31:39.804+0000] {dagbag.py:539} INFO - Filling up the DagBag from /home/airflow/.local/lib/python3.8/site-packages/airflow/example_dags/tutorial_dag.py
[2023-09-20T22:31:39.812+0000] {processor.py:839} INFO - DAG(s) dict_keys(['tutorial_dag']) retrieved from /home/airflow/.local/lib/python3.8/site-packages/airflow/example_dags/tutorial_dag.py
[2023-09-20T22:31:39.850+0000] {logging_mixin.py:151} INFO - [2023-09-20T22:31:39.849+0000] {dag.py:2915} INFO - Sync 1 DAGs
[2023-09-20T22:31:39.873+0000] {logging_mixin.py:151} INFO - [2023-09-20T22:31:39.872+0000] {dag.py:3696} INFO - Setting next_dagrun for tutorial_dag to None, run_after=None
[2023-09-20T22:31:39.919+0000] {processor.py:179} INFO - Processing /home/airflow/.local/lib/python3.8/site-packages/airflow/example_dags/tutorial_dag.py took 0.124 seconds
[2023-09-20T22:32:10.279+0000] {processor.py:157} INFO - Started process (PID=811) to work on /home/airflow/.local/lib/python3.8/site-packages/airflow/example_dags/tutorial_dag.py
[2023-09-20T22:32:10.281+0000] {processor.py:829} INFO - Processing file /home/airflow/.local/lib/python3.8/site-packages/airflow/example_dags/tutorial_dag.py for tasks to queue
[2023-09-20T22:32:10.285+0000] {logging_mixin.py:151} INFO - [2023-09-20T22:32:10.285+0000] {dagbag.py:539} INFO - Filling up the DagBag from /home/airflow/.local/lib/python3.8/site-packages/airflow/example_dags/tutorial_dag.py
[2023-09-20T22:32:10.297+0000] {processor.py:839} INFO - DAG(s) dict_keys(['tutorial_dag']) retrieved from /home/airflow/.local/lib/python3.8/site-packages/airflow/example_dags/tutorial_dag.py
[2023-09-20T22:32:10.328+0000] {logging_mixin.py:151} INFO - [2023-09-20T22:32:10.327+0000] {dag.py:2915} INFO - Sync 1 DAGs
[2023-09-20T22:32:10.347+0000] {logging_mixin.py:151} INFO - [2023-09-20T22:32:10.346+0000] {dag.py:3696} INFO - Setting next_dagrun for tutorial_dag to None, run_after=None
[2023-09-20T22:32:10.388+0000] {processor.py:179} INFO - Processing /home/airflow/.local/lib/python3.8/site-packages/airflow/example_dags/tutorial_dag.py took 0.113 seconds
[2023-09-20T22:32:40.851+0000] {processor.py:157} INFO - Started process (PID=865) to work on /home/airflow/.local/lib/python3.8/site-packages/airflow/example_dags/tutorial_dag.py
[2023-09-20T22:32:40.854+0000] {processor.py:829} INFO - Processing file /home/airflow/.local/lib/python3.8/site-packages/airflow/example_dags/tutorial_dag.py for tasks to queue
[2023-09-20T22:32:40.860+0000] {logging_mixin.py:151} INFO - [2023-09-20T22:32:40.859+0000] {dagbag.py:539} INFO - Filling up the DagBag from /home/airflow/.local/lib/python3.8/site-packages/airflow/example_dags/tutorial_dag.py
[2023-09-20T22:32:40.872+0000] {processor.py:839} INFO - DAG(s) dict_keys(['tutorial_dag']) retrieved from /home/airflow/.local/lib/python3.8/site-packages/airflow/example_dags/tutorial_dag.py
[2023-09-20T22:32:40.920+0000] {logging_mixin.py:151} INFO - [2023-09-20T22:32:40.920+0000] {dag.py:2915} INFO - Sync 1 DAGs
[2023-09-20T22:32:40.946+0000] {logging_mixin.py:151} INFO - [2023-09-20T22:32:40.946+0000] {dag.py:3696} INFO - Setting next_dagrun for tutorial_dag to None, run_after=None
[2023-09-20T22:32:40.993+0000] {processor.py:179} INFO - Processing /home/airflow/.local/lib/python3.8/site-packages/airflow/example_dags/tutorial_dag.py took 0.151 seconds
[2023-09-20T22:33:11.411+0000] {processor.py:157} INFO - Started process (PID=920) to work on /home/airflow/.local/lib/python3.8/site-packages/airflow/example_dags/tutorial_dag.py
[2023-09-20T22:33:11.413+0000] {processor.py:829} INFO - Processing file /home/airflow/.local/lib/python3.8/site-packages/airflow/example_dags/tutorial_dag.py for tasks to queue
[2023-09-20T22:33:11.417+0000] {logging_mixin.py:151} INFO - [2023-09-20T22:33:11.417+0000] {dagbag.py:539} INFO - Filling up the DagBag from /home/airflow/.local/lib/python3.8/site-packages/airflow/example_dags/tutorial_dag.py
[2023-09-20T22:33:11.425+0000] {processor.py:839} INFO - DAG(s) dict_keys(['tutorial_dag']) retrieved from /home/airflow/.local/lib/python3.8/site-packages/airflow/example_dags/tutorial_dag.py
[2023-09-20T22:33:11.452+0000] {logging_mixin.py:151} INFO - [2023-09-20T22:33:11.452+0000] {dag.py:2915} INFO - Sync 1 DAGs
[2023-09-20T22:33:11.469+0000] {logging_mixin.py:151} INFO - [2023-09-20T22:33:11.468+0000] {dag.py:3696} INFO - Setting next_dagrun for tutorial_dag to None, run_after=None
[2023-09-20T22:33:11.496+0000] {processor.py:179} INFO - Processing /home/airflow/.local/lib/python3.8/site-packages/airflow/example_dags/tutorial_dag.py took 0.092 seconds
[2023-09-20T22:33:41.701+0000] {processor.py:157} INFO - Started process (PID=974) to work on /home/airflow/.local/lib/python3.8/site-packages/airflow/example_dags/tutorial_dag.py
[2023-09-20T22:33:41.703+0000] {processor.py:829} INFO - Processing file /home/airflow/.local/lib/python3.8/site-packages/airflow/example_dags/tutorial_dag.py for tasks to queue
[2023-09-20T22:33:41.707+0000] {logging_mixin.py:151} INFO - [2023-09-20T22:33:41.706+0000] {dagbag.py:539} INFO - Filling up the DagBag from /home/airflow/.local/lib/python3.8/site-packages/airflow/example_dags/tutorial_dag.py
[2023-09-20T22:33:41.720+0000] {processor.py:839} INFO - DAG(s) dict_keys(['tutorial_dag']) retrieved from /home/airflow/.local/lib/python3.8/site-packages/airflow/example_dags/tutorial_dag.py
[2023-09-20T22:33:41.772+0000] {logging_mixin.py:151} INFO - [2023-09-20T22:33:41.772+0000] {dag.py:2915} INFO - Sync 1 DAGs
[2023-09-20T22:33:41.803+0000] {logging_mixin.py:151} INFO - [2023-09-20T22:33:41.802+0000] {dag.py:3696} INFO - Setting next_dagrun for tutorial_dag to None, run_after=None
[2023-09-20T22:33:41.854+0000] {processor.py:179} INFO - Processing /home/airflow/.local/lib/python3.8/site-packages/airflow/example_dags/tutorial_dag.py took 0.159 seconds
[2023-09-20T22:34:12.263+0000] {processor.py:157} INFO - Started process (PID=1029) to work on /home/airflow/.local/lib/python3.8/site-packages/airflow/example_dags/tutorial_dag.py
[2023-09-20T22:34:12.265+0000] {processor.py:829} INFO - Processing file /home/airflow/.local/lib/python3.8/site-packages/airflow/example_dags/tutorial_dag.py for tasks to queue
[2023-09-20T22:34:12.268+0000] {logging_mixin.py:151} INFO - [2023-09-20T22:34:12.268+0000] {dagbag.py:539} INFO - Filling up the DagBag from /home/airflow/.local/lib/python3.8/site-packages/airflow/example_dags/tutorial_dag.py
[2023-09-20T22:34:12.275+0000] {processor.py:839} INFO - DAG(s) dict_keys(['tutorial_dag']) retrieved from /home/airflow/.local/lib/python3.8/site-packages/airflow/example_dags/tutorial_dag.py
[2023-09-20T22:34:12.304+0000] {logging_mixin.py:151} INFO - [2023-09-20T22:34:12.303+0000] {dag.py:2915} INFO - Sync 1 DAGs
[2023-09-20T22:34:12.324+0000] {logging_mixin.py:151} INFO - [2023-09-20T22:34:12.323+0000] {dag.py:3696} INFO - Setting next_dagrun for tutorial_dag to None, run_after=None
[2023-09-20T22:34:12.355+0000] {processor.py:179} INFO - Processing /home/airflow/.local/lib/python3.8/site-packages/airflow/example_dags/tutorial_dag.py took 0.096 seconds
[2023-09-20T22:34:42.959+0000] {processor.py:157} INFO - Started process (PID=1085) to work on /home/airflow/.local/lib/python3.8/site-packages/airflow/example_dags/tutorial_dag.py
[2023-09-20T22:34:42.961+0000] {processor.py:829} INFO - Processing file /home/airflow/.local/lib/python3.8/site-packages/airflow/example_dags/tutorial_dag.py for tasks to queue
[2023-09-20T22:34:42.965+0000] {logging_mixin.py:151} INFO - [2023-09-20T22:34:42.965+0000] {dagbag.py:539} INFO - Filling up the DagBag from /home/airflow/.local/lib/python3.8/site-packages/airflow/example_dags/tutorial_dag.py
[2023-09-20T22:34:42.973+0000] {processor.py:839} INFO - DAG(s) dict_keys(['tutorial_dag']) retrieved from /home/airflow/.local/lib/python3.8/site-packages/airflow/example_dags/tutorial_dag.py
[2023-09-20T22:34:43.001+0000] {logging_mixin.py:151} INFO - [2023-09-20T22:34:43.001+0000] {dag.py:2915} INFO - Sync 1 DAGs
[2023-09-20T22:34:43.020+0000] {logging_mixin.py:151} INFO - [2023-09-20T22:34:43.020+0000] {dag.py:3696} INFO - Setting next_dagrun for tutorial_dag to None, run_after=None
[2023-09-20T22:34:43.056+0000] {processor.py:179} INFO - Processing /home/airflow/.local/lib/python3.8/site-packages/airflow/example_dags/tutorial_dag.py took 0.104 seconds
[2023-09-20T22:35:13.925+0000] {processor.py:157} INFO - Started process (PID=1140) to work on /home/airflow/.local/lib/python3.8/site-packages/airflow/example_dags/tutorial_dag.py
[2023-09-20T22:35:13.927+0000] {processor.py:829} INFO - Processing file /home/airflow/.local/lib/python3.8/site-packages/airflow/example_dags/tutorial_dag.py for tasks to queue
[2023-09-20T22:35:13.932+0000] {logging_mixin.py:151} INFO - [2023-09-20T22:35:13.931+0000] {dagbag.py:539} INFO - Filling up the DagBag from /home/airflow/.local/lib/python3.8/site-packages/airflow/example_dags/tutorial_dag.py
[2023-09-20T22:35:13.942+0000] {processor.py:839} INFO - DAG(s) dict_keys(['tutorial_dag']) retrieved from /home/airflow/.local/lib/python3.8/site-packages/airflow/example_dags/tutorial_dag.py
[2023-09-20T22:35:13.971+0000] {logging_mixin.py:151} INFO - [2023-09-20T22:35:13.971+0000] {dag.py:2915} INFO - Sync 1 DAGs
[2023-09-20T22:35:13.989+0000] {logging_mixin.py:151} INFO - [2023-09-20T22:35:13.988+0000] {dag.py:3696} INFO - Setting next_dagrun for tutorial_dag to None, run_after=None
[2023-09-20T22:35:14.013+0000] {processor.py:179} INFO - Processing /home/airflow/.local/lib/python3.8/site-packages/airflow/example_dags/tutorial_dag.py took 0.098 seconds
[2023-09-20T22:35:45.010+0000] {processor.py:157} INFO - Started process (PID=1195) to work on /home/airflow/.local/lib/python3.8/site-packages/airflow/example_dags/tutorial_dag.py
[2023-09-20T22:35:45.013+0000] {processor.py:829} INFO - Processing file /home/airflow/.local/lib/python3.8/site-packages/airflow/example_dags/tutorial_dag.py for tasks to queue
[2023-09-20T22:35:45.019+0000] {logging_mixin.py:151} INFO - [2023-09-20T22:35:45.019+0000] {dagbag.py:539} INFO - Filling up the DagBag from /home/airflow/.local/lib/python3.8/site-packages/airflow/example_dags/tutorial_dag.py
[2023-09-20T22:35:45.035+0000] {processor.py:839} INFO - DAG(s) dict_keys(['tutorial_dag']) retrieved from /home/airflow/.local/lib/python3.8/site-packages/airflow/example_dags/tutorial_dag.py
[2023-09-20T22:35:45.079+0000] {logging_mixin.py:151} INFO - [2023-09-20T22:35:45.078+0000] {dag.py:2915} INFO - Sync 1 DAGs
[2023-09-20T22:35:45.104+0000] {logging_mixin.py:151} INFO - [2023-09-20T22:35:45.104+0000] {dag.py:3696} INFO - Setting next_dagrun for tutorial_dag to None, run_after=None
[2023-09-20T22:35:45.137+0000] {processor.py:179} INFO - Processing /home/airflow/.local/lib/python3.8/site-packages/airflow/example_dags/tutorial_dag.py took 0.137 seconds
[2023-09-20T22:36:15.264+0000] {processor.py:157} INFO - Started process (PID=1250) to work on /home/airflow/.local/lib/python3.8/site-packages/airflow/example_dags/tutorial_dag.py
[2023-09-20T22:36:15.266+0000] {processor.py:829} INFO - Processing file /home/airflow/.local/lib/python3.8/site-packages/airflow/example_dags/tutorial_dag.py for tasks to queue
[2023-09-20T22:36:15.271+0000] {logging_mixin.py:151} INFO - [2023-09-20T22:36:15.271+0000] {dagbag.py:539} INFO - Filling up the DagBag from /home/airflow/.local/lib/python3.8/site-packages/airflow/example_dags/tutorial_dag.py
[2023-09-20T22:36:15.280+0000] {processor.py:839} INFO - DAG(s) dict_keys(['tutorial_dag']) retrieved from /home/airflow/.local/lib/python3.8/site-packages/airflow/example_dags/tutorial_dag.py
[2023-09-20T22:36:15.312+0000] {logging_mixin.py:151} INFO - [2023-09-20T22:36:15.312+0000] {dag.py:2915} INFO - Sync 1 DAGs
[2023-09-20T22:36:15.331+0000] {logging_mixin.py:151} INFO - [2023-09-20T22:36:15.330+0000] {dag.py:3696} INFO - Setting next_dagrun for tutorial_dag to None, run_after=None
[2023-09-20T22:36:15.365+0000] {processor.py:179} INFO - Processing /home/airflow/.local/lib/python3.8/site-packages/airflow/example_dags/tutorial_dag.py took 0.113 seconds
[2023-09-20T22:36:45.967+0000] {processor.py:157} INFO - Started process (PID=1305) to work on /home/airflow/.local/lib/python3.8/site-packages/airflow/example_dags/tutorial_dag.py
[2023-09-20T22:36:45.970+0000] {processor.py:829} INFO - Processing file /home/airflow/.local/lib/python3.8/site-packages/airflow/example_dags/tutorial_dag.py for tasks to queue
[2023-09-20T22:36:45.976+0000] {logging_mixin.py:151} INFO - [2023-09-20T22:36:45.975+0000] {dagbag.py:539} INFO - Filling up the DagBag from /home/airflow/.local/lib/python3.8/site-packages/airflow/example_dags/tutorial_dag.py
[2023-09-20T22:36:45.991+0000] {processor.py:839} INFO - DAG(s) dict_keys(['tutorial_dag']) retrieved from /home/airflow/.local/lib/python3.8/site-packages/airflow/example_dags/tutorial_dag.py
[2023-09-20T22:36:46.049+0000] {logging_mixin.py:151} INFO - [2023-09-20T22:36:46.049+0000] {dag.py:2915} INFO - Sync 1 DAGs
[2023-09-20T22:36:46.080+0000] {logging_mixin.py:151} INFO - [2023-09-20T22:36:46.080+0000] {dag.py:3696} INFO - Setting next_dagrun for tutorial_dag to None, run_after=None
[2023-09-20T22:36:46.127+0000] {processor.py:179} INFO - Processing /home/airflow/.local/lib/python3.8/site-packages/airflow/example_dags/tutorial_dag.py took 0.169 seconds
[2023-09-20T22:37:16.285+0000] {processor.py:157} INFO - Started process (PID=1361) to work on /home/airflow/.local/lib/python3.8/site-packages/airflow/example_dags/tutorial_dag.py
[2023-09-20T22:37:16.287+0000] {processor.py:829} INFO - Processing file /home/airflow/.local/lib/python3.8/site-packages/airflow/example_dags/tutorial_dag.py for tasks to queue
[2023-09-20T22:37:16.292+0000] {logging_mixin.py:151} INFO - [2023-09-20T22:37:16.291+0000] {dagbag.py:539} INFO - Filling up the DagBag from /home/airflow/.local/lib/python3.8/site-packages/airflow/example_dags/tutorial_dag.py
[2023-09-20T22:37:16.303+0000] {processor.py:839} INFO - DAG(s) dict_keys(['tutorial_dag']) retrieved from /home/airflow/.local/lib/python3.8/site-packages/airflow/example_dags/tutorial_dag.py
[2023-09-20T22:37:16.339+0000] {logging_mixin.py:151} INFO - [2023-09-20T22:37:16.339+0000] {dag.py:2915} INFO - Sync 1 DAGs
[2023-09-20T22:37:16.357+0000] {logging_mixin.py:151} INFO - [2023-09-20T22:37:16.357+0000] {dag.py:3696} INFO - Setting next_dagrun for tutorial_dag to None, run_after=None
[2023-09-20T22:37:16.387+0000] {processor.py:179} INFO - Processing /home/airflow/.local/lib/python3.8/site-packages/airflow/example_dags/tutorial_dag.py took 0.109 seconds
[2023-09-20T22:37:47.223+0000] {processor.py:157} INFO - Started process (PID=1416) to work on /home/airflow/.local/lib/python3.8/site-packages/airflow/example_dags/tutorial_dag.py
[2023-09-20T22:37:47.225+0000] {processor.py:829} INFO - Processing file /home/airflow/.local/lib/python3.8/site-packages/airflow/example_dags/tutorial_dag.py for tasks to queue
[2023-09-20T22:37:47.231+0000] {logging_mixin.py:151} INFO - [2023-09-20T22:37:47.231+0000] {dagbag.py:539} INFO - Filling up the DagBag from /home/airflow/.local/lib/python3.8/site-packages/airflow/example_dags/tutorial_dag.py
[2023-09-20T22:37:47.244+0000] {processor.py:839} INFO - DAG(s) dict_keys(['tutorial_dag']) retrieved from /home/airflow/.local/lib/python3.8/site-packages/airflow/example_dags/tutorial_dag.py
[2023-09-20T22:37:47.284+0000] {logging_mixin.py:151} INFO - [2023-09-20T22:37:47.284+0000] {dag.py:2915} INFO - Sync 1 DAGs
[2023-09-20T22:37:47.307+0000] {logging_mixin.py:151} INFO - [2023-09-20T22:37:47.307+0000] {dag.py:3696} INFO - Setting next_dagrun for tutorial_dag to None, run_after=None
[2023-09-20T22:37:47.350+0000] {processor.py:179} INFO - Processing /home/airflow/.local/lib/python3.8/site-packages/airflow/example_dags/tutorial_dag.py took 0.136 seconds
[2023-09-20T22:38:17.442+0000] {processor.py:157} INFO - Started process (PID=1471) to work on /home/airflow/.local/lib/python3.8/site-packages/airflow/example_dags/tutorial_dag.py
[2023-09-20T22:38:17.445+0000] {processor.py:829} INFO - Processing file /home/airflow/.local/lib/python3.8/site-packages/airflow/example_dags/tutorial_dag.py for tasks to queue
[2023-09-20T22:38:17.452+0000] {logging_mixin.py:151} INFO - [2023-09-20T22:38:17.451+0000] {dagbag.py:539} INFO - Filling up the DagBag from /home/airflow/.local/lib/python3.8/site-packages/airflow/example_dags/tutorial_dag.py
[2023-09-20T22:38:17.468+0000] {processor.py:839} INFO - DAG(s) dict_keys(['tutorial_dag']) retrieved from /home/airflow/.local/lib/python3.8/site-packages/airflow/example_dags/tutorial_dag.py
[2023-09-20T22:38:17.500+0000] {logging_mixin.py:151} INFO - [2023-09-20T22:38:17.500+0000] {dag.py:2915} INFO - Sync 1 DAGs
[2023-09-20T22:38:17.516+0000] {logging_mixin.py:151} INFO - [2023-09-20T22:38:17.516+0000] {dag.py:3696} INFO - Setting next_dagrun for tutorial_dag to None, run_after=None
[2023-09-20T22:38:17.566+0000] {processor.py:179} INFO - Processing /home/airflow/.local/lib/python3.8/site-packages/airflow/example_dags/tutorial_dag.py took 0.131 seconds
[2023-09-20T22:38:47.758+0000] {processor.py:157} INFO - Started process (PID=1526) to work on /home/airflow/.local/lib/python3.8/site-packages/airflow/example_dags/tutorial_dag.py
[2023-09-20T22:38:47.759+0000] {processor.py:829} INFO - Processing file /home/airflow/.local/lib/python3.8/site-packages/airflow/example_dags/tutorial_dag.py for tasks to queue
[2023-09-20T22:38:47.762+0000] {logging_mixin.py:151} INFO - [2023-09-20T22:38:47.762+0000] {dagbag.py:539} INFO - Filling up the DagBag from /home/airflow/.local/lib/python3.8/site-packages/airflow/example_dags/tutorial_dag.py
[2023-09-20T22:38:47.769+0000] {processor.py:839} INFO - DAG(s) dict_keys(['tutorial_dag']) retrieved from /home/airflow/.local/lib/python3.8/site-packages/airflow/example_dags/tutorial_dag.py
[2023-09-20T22:38:47.797+0000] {logging_mixin.py:151} INFO - [2023-09-20T22:38:47.796+0000] {dag.py:2915} INFO - Sync 1 DAGs
[2023-09-20T22:38:47.814+0000] {logging_mixin.py:151} INFO - [2023-09-20T22:38:47.814+0000] {dag.py:3696} INFO - Setting next_dagrun for tutorial_dag to None, run_after=None
[2023-09-20T22:38:47.840+0000] {processor.py:179} INFO - Processing /home/airflow/.local/lib/python3.8/site-packages/airflow/example_dags/tutorial_dag.py took 0.087 seconds
[2023-09-20T22:39:18.430+0000] {processor.py:157} INFO - Started process (PID=1581) to work on /home/airflow/.local/lib/python3.8/site-packages/airflow/example_dags/tutorial_dag.py
[2023-09-20T22:39:18.432+0000] {processor.py:829} INFO - Processing file /home/airflow/.local/lib/python3.8/site-packages/airflow/example_dags/tutorial_dag.py for tasks to queue
[2023-09-20T22:39:18.438+0000] {logging_mixin.py:151} INFO - [2023-09-20T22:39:18.437+0000] {dagbag.py:539} INFO - Filling up the DagBag from /home/airflow/.local/lib/python3.8/site-packages/airflow/example_dags/tutorial_dag.py
[2023-09-20T22:39:18.451+0000] {processor.py:839} INFO - DAG(s) dict_keys(['tutorial_dag']) retrieved from /home/airflow/.local/lib/python3.8/site-packages/airflow/example_dags/tutorial_dag.py
[2023-09-20T22:39:18.491+0000] {logging_mixin.py:151} INFO - [2023-09-20T22:39:18.490+0000] {dag.py:2915} INFO - Sync 1 DAGs
[2023-09-20T22:39:18.512+0000] {logging_mixin.py:151} INFO - [2023-09-20T22:39:18.511+0000] {dag.py:3696} INFO - Setting next_dagrun for tutorial_dag to None, run_after=None
[2023-09-20T22:39:18.545+0000] {processor.py:179} INFO - Processing /home/airflow/.local/lib/python3.8/site-packages/airflow/example_dags/tutorial_dag.py took 0.121 seconds
[2023-09-20T22:39:48.805+0000] {processor.py:157} INFO - Started process (PID=1636) to work on /home/airflow/.local/lib/python3.8/site-packages/airflow/example_dags/tutorial_dag.py
[2023-09-20T22:39:48.807+0000] {processor.py:829} INFO - Processing file /home/airflow/.local/lib/python3.8/site-packages/airflow/example_dags/tutorial_dag.py for tasks to queue
[2023-09-20T22:39:48.811+0000] {logging_mixin.py:151} INFO - [2023-09-20T22:39:48.810+0000] {dagbag.py:539} INFO - Filling up the DagBag from /home/airflow/.local/lib/python3.8/site-packages/airflow/example_dags/tutorial_dag.py
[2023-09-20T22:39:48.822+0000] {processor.py:839} INFO - DAG(s) dict_keys(['tutorial_dag']) retrieved from /home/airflow/.local/lib/python3.8/site-packages/airflow/example_dags/tutorial_dag.py
[2023-09-20T22:39:48.864+0000] {logging_mixin.py:151} INFO - [2023-09-20T22:39:48.863+0000] {dag.py:2915} INFO - Sync 1 DAGs
[2023-09-20T22:39:48.889+0000] {logging_mixin.py:151} INFO - [2023-09-20T22:39:48.889+0000] {dag.py:3696} INFO - Setting next_dagrun for tutorial_dag to None, run_after=None
[2023-09-20T22:39:48.926+0000] {processor.py:179} INFO - Processing /home/airflow/.local/lib/python3.8/site-packages/airflow/example_dags/tutorial_dag.py took 0.127 seconds
[2023-09-20T22:40:19.381+0000] {processor.py:157} INFO - Started process (PID=1690) to work on /home/airflow/.local/lib/python3.8/site-packages/airflow/example_dags/tutorial_dag.py
[2023-09-20T22:40:19.384+0000] {processor.py:829} INFO - Processing file /home/airflow/.local/lib/python3.8/site-packages/airflow/example_dags/tutorial_dag.py for tasks to queue
[2023-09-20T22:40:19.388+0000] {logging_mixin.py:151} INFO - [2023-09-20T22:40:19.388+0000] {dagbag.py:539} INFO - Filling up the DagBag from /home/airflow/.local/lib/python3.8/site-packages/airflow/example_dags/tutorial_dag.py
[2023-09-20T22:40:19.397+0000] {processor.py:839} INFO - DAG(s) dict_keys(['tutorial_dag']) retrieved from /home/airflow/.local/lib/python3.8/site-packages/airflow/example_dags/tutorial_dag.py
[2023-09-20T22:40:19.438+0000] {logging_mixin.py:151} INFO - [2023-09-20T22:40:19.437+0000] {dag.py:2915} INFO - Sync 1 DAGs
[2023-09-20T22:40:19.456+0000] {logging_mixin.py:151} INFO - [2023-09-20T22:40:19.455+0000] {dag.py:3696} INFO - Setting next_dagrun for tutorial_dag to None, run_after=None
[2023-09-20T22:40:19.488+0000] {processor.py:179} INFO - Processing /home/airflow/.local/lib/python3.8/site-packages/airflow/example_dags/tutorial_dag.py took 0.115 seconds
[2023-09-20T22:40:49.963+0000] {processor.py:157} INFO - Started process (PID=1745) to work on /home/airflow/.local/lib/python3.8/site-packages/airflow/example_dags/tutorial_dag.py
[2023-09-20T22:40:49.966+0000] {processor.py:829} INFO - Processing file /home/airflow/.local/lib/python3.8/site-packages/airflow/example_dags/tutorial_dag.py for tasks to queue
[2023-09-20T22:40:49.972+0000] {logging_mixin.py:151} INFO - [2023-09-20T22:40:49.971+0000] {dagbag.py:539} INFO - Filling up the DagBag from /home/airflow/.local/lib/python3.8/site-packages/airflow/example_dags/tutorial_dag.py
[2023-09-20T22:40:49.984+0000] {processor.py:839} INFO - DAG(s) dict_keys(['tutorial_dag']) retrieved from /home/airflow/.local/lib/python3.8/site-packages/airflow/example_dags/tutorial_dag.py
[2023-09-20T22:40:50.032+0000] {logging_mixin.py:151} INFO - [2023-09-20T22:40:50.031+0000] {dag.py:2915} INFO - Sync 1 DAGs
[2023-09-20T22:40:50.063+0000] {logging_mixin.py:151} INFO - [2023-09-20T22:40:50.063+0000] {dag.py:3696} INFO - Setting next_dagrun for tutorial_dag to None, run_after=None
[2023-09-20T22:40:50.104+0000] {processor.py:179} INFO - Processing /home/airflow/.local/lib/python3.8/site-packages/airflow/example_dags/tutorial_dag.py took 0.149 seconds
[2023-09-20T22:41:20.387+0000] {processor.py:157} INFO - Started process (PID=1800) to work on /home/airflow/.local/lib/python3.8/site-packages/airflow/example_dags/tutorial_dag.py
[2023-09-20T22:41:20.389+0000] {processor.py:829} INFO - Processing file /home/airflow/.local/lib/python3.8/site-packages/airflow/example_dags/tutorial_dag.py for tasks to queue
[2023-09-20T22:41:20.392+0000] {logging_mixin.py:151} INFO - [2023-09-20T22:41:20.392+0000] {dagbag.py:539} INFO - Filling up the DagBag from /home/airflow/.local/lib/python3.8/site-packages/airflow/example_dags/tutorial_dag.py
[2023-09-20T22:41:20.401+0000] {processor.py:839} INFO - DAG(s) dict_keys(['tutorial_dag']) retrieved from /home/airflow/.local/lib/python3.8/site-packages/airflow/example_dags/tutorial_dag.py
[2023-09-20T22:41:20.431+0000] {logging_mixin.py:151} INFO - [2023-09-20T22:41:20.431+0000] {dag.py:2915} INFO - Sync 1 DAGs
[2023-09-20T22:41:20.449+0000] {logging_mixin.py:151} INFO - [2023-09-20T22:41:20.448+0000] {dag.py:3696} INFO - Setting next_dagrun for tutorial_dag to None, run_after=None
[2023-09-20T22:41:20.531+0000] {processor.py:179} INFO - Processing /home/airflow/.local/lib/python3.8/site-packages/airflow/example_dags/tutorial_dag.py took 0.149 seconds
[2023-09-20T22:41:51.003+0000] {processor.py:157} INFO - Started process (PID=1855) to work on /home/airflow/.local/lib/python3.8/site-packages/airflow/example_dags/tutorial_dag.py
[2023-09-20T22:41:51.005+0000] {processor.py:829} INFO - Processing file /home/airflow/.local/lib/python3.8/site-packages/airflow/example_dags/tutorial_dag.py for tasks to queue
[2023-09-20T22:41:51.008+0000] {logging_mixin.py:151} INFO - [2023-09-20T22:41:51.008+0000] {dagbag.py:539} INFO - Filling up the DagBag from /home/airflow/.local/lib/python3.8/site-packages/airflow/example_dags/tutorial_dag.py
[2023-09-20T22:41:51.016+0000] {processor.py:839} INFO - DAG(s) dict_keys(['tutorial_dag']) retrieved from /home/airflow/.local/lib/python3.8/site-packages/airflow/example_dags/tutorial_dag.py
[2023-09-20T22:41:51.047+0000] {logging_mixin.py:151} INFO - [2023-09-20T22:41:51.046+0000] {dag.py:2915} INFO - Sync 1 DAGs
[2023-09-20T22:41:51.064+0000] {logging_mixin.py:151} INFO - [2023-09-20T22:41:51.064+0000] {dag.py:3696} INFO - Setting next_dagrun for tutorial_dag to None, run_after=None
[2023-09-20T22:41:51.097+0000] {processor.py:179} INFO - Processing /home/airflow/.local/lib/python3.8/site-packages/airflow/example_dags/tutorial_dag.py took 0.098 seconds
[2023-09-20T22:42:21.518+0000] {processor.py:157} INFO - Started process (PID=1910) to work on /home/airflow/.local/lib/python3.8/site-packages/airflow/example_dags/tutorial_dag.py
[2023-09-20T22:42:21.521+0000] {processor.py:829} INFO - Processing file /home/airflow/.local/lib/python3.8/site-packages/airflow/example_dags/tutorial_dag.py for tasks to queue
[2023-09-20T22:42:21.524+0000] {logging_mixin.py:151} INFO - [2023-09-20T22:42:21.524+0000] {dagbag.py:539} INFO - Filling up the DagBag from /home/airflow/.local/lib/python3.8/site-packages/airflow/example_dags/tutorial_dag.py
[2023-09-20T22:42:21.535+0000] {processor.py:839} INFO - DAG(s) dict_keys(['tutorial_dag']) retrieved from /home/airflow/.local/lib/python3.8/site-packages/airflow/example_dags/tutorial_dag.py
[2023-09-20T22:42:21.571+0000] {logging_mixin.py:151} INFO - [2023-09-20T22:42:21.570+0000] {dag.py:2915} INFO - Sync 1 DAGs
[2023-09-20T22:42:21.598+0000] {logging_mixin.py:151} INFO - [2023-09-20T22:42:21.598+0000] {dag.py:3696} INFO - Setting next_dagrun for tutorial_dag to None, run_after=None
[2023-09-20T22:42:21.638+0000] {processor.py:179} INFO - Processing /home/airflow/.local/lib/python3.8/site-packages/airflow/example_dags/tutorial_dag.py took 0.128 seconds
[2023-09-20T22:42:52.087+0000] {processor.py:157} INFO - Started process (PID=1965) to work on /home/airflow/.local/lib/python3.8/site-packages/airflow/example_dags/tutorial_dag.py
[2023-09-20T22:42:52.089+0000] {processor.py:829} INFO - Processing file /home/airflow/.local/lib/python3.8/site-packages/airflow/example_dags/tutorial_dag.py for tasks to queue
[2023-09-20T22:42:52.093+0000] {logging_mixin.py:151} INFO - [2023-09-20T22:42:52.093+0000] {dagbag.py:539} INFO - Filling up the DagBag from /home/airflow/.local/lib/python3.8/site-packages/airflow/example_dags/tutorial_dag.py
[2023-09-20T22:42:52.101+0000] {processor.py:839} INFO - DAG(s) dict_keys(['tutorial_dag']) retrieved from /home/airflow/.local/lib/python3.8/site-packages/airflow/example_dags/tutorial_dag.py
[2023-09-20T22:42:52.132+0000] {logging_mixin.py:151} INFO - [2023-09-20T22:42:52.132+0000] {dag.py:2915} INFO - Sync 1 DAGs
[2023-09-20T22:42:52.150+0000] {logging_mixin.py:151} INFO - [2023-09-20T22:42:52.150+0000] {dag.py:3696} INFO - Setting next_dagrun for tutorial_dag to None, run_after=None
[2023-09-20T22:42:52.181+0000] {processor.py:179} INFO - Processing /home/airflow/.local/lib/python3.8/site-packages/airflow/example_dags/tutorial_dag.py took 0.100 seconds
[2023-09-20T22:43:22.685+0000] {processor.py:157} INFO - Started process (PID=2020) to work on /home/airflow/.local/lib/python3.8/site-packages/airflow/example_dags/tutorial_dag.py
[2023-09-20T22:43:22.686+0000] {processor.py:829} INFO - Processing file /home/airflow/.local/lib/python3.8/site-packages/airflow/example_dags/tutorial_dag.py for tasks to queue
[2023-09-20T22:43:22.689+0000] {logging_mixin.py:151} INFO - [2023-09-20T22:43:22.689+0000] {dagbag.py:539} INFO - Filling up the DagBag from /home/airflow/.local/lib/python3.8/site-packages/airflow/example_dags/tutorial_dag.py
[2023-09-20T22:43:22.696+0000] {processor.py:839} INFO - DAG(s) dict_keys(['tutorial_dag']) retrieved from /home/airflow/.local/lib/python3.8/site-packages/airflow/example_dags/tutorial_dag.py
[2023-09-20T22:43:22.737+0000] {logging_mixin.py:151} INFO - [2023-09-20T22:43:22.736+0000] {dag.py:2915} INFO - Sync 1 DAGs
[2023-09-20T22:43:22.761+0000] {logging_mixin.py:151} INFO - [2023-09-20T22:43:22.761+0000] {dag.py:3696} INFO - Setting next_dagrun for tutorial_dag to None, run_after=None
[2023-09-20T22:43:22.795+0000] {processor.py:179} INFO - Processing /home/airflow/.local/lib/python3.8/site-packages/airflow/example_dags/tutorial_dag.py took 0.115 seconds
[2023-09-20T22:43:53.684+0000] {processor.py:157} INFO - Started process (PID=2075) to work on /home/airflow/.local/lib/python3.8/site-packages/airflow/example_dags/tutorial_dag.py
[2023-09-20T22:43:53.685+0000] {processor.py:829} INFO - Processing file /home/airflow/.local/lib/python3.8/site-packages/airflow/example_dags/tutorial_dag.py for tasks to queue
[2023-09-20T22:43:53.689+0000] {logging_mixin.py:151} INFO - [2023-09-20T22:43:53.688+0000] {dagbag.py:539} INFO - Filling up the DagBag from /home/airflow/.local/lib/python3.8/site-packages/airflow/example_dags/tutorial_dag.py
[2023-09-20T22:43:53.697+0000] {processor.py:839} INFO - DAG(s) dict_keys(['tutorial_dag']) retrieved from /home/airflow/.local/lib/python3.8/site-packages/airflow/example_dags/tutorial_dag.py
[2023-09-20T22:43:53.726+0000] {logging_mixin.py:151} INFO - [2023-09-20T22:43:53.726+0000] {dag.py:2915} INFO - Sync 1 DAGs
[2023-09-20T22:43:53.743+0000] {logging_mixin.py:151} INFO - [2023-09-20T22:43:53.743+0000] {dag.py:3696} INFO - Setting next_dagrun for tutorial_dag to None, run_after=None
[2023-09-20T22:43:53.779+0000] {processor.py:179} INFO - Processing /home/airflow/.local/lib/python3.8/site-packages/airflow/example_dags/tutorial_dag.py took 0.100 seconds
[2023-09-20T22:44:24.437+0000] {processor.py:157} INFO - Started process (PID=2138) to work on /home/airflow/.local/lib/python3.8/site-packages/airflow/example_dags/tutorial_dag.py
[2023-09-20T22:44:24.439+0000] {processor.py:829} INFO - Processing file /home/airflow/.local/lib/python3.8/site-packages/airflow/example_dags/tutorial_dag.py for tasks to queue
[2023-09-20T22:44:24.445+0000] {logging_mixin.py:151} INFO - [2023-09-20T22:44:24.444+0000] {dagbag.py:539} INFO - Filling up the DagBag from /home/airflow/.local/lib/python3.8/site-packages/airflow/example_dags/tutorial_dag.py
[2023-09-20T22:44:24.457+0000] {processor.py:839} INFO - DAG(s) dict_keys(['tutorial_dag']) retrieved from /home/airflow/.local/lib/python3.8/site-packages/airflow/example_dags/tutorial_dag.py
[2023-09-20T22:44:24.491+0000] {logging_mixin.py:151} INFO - [2023-09-20T22:44:24.491+0000] {dag.py:2915} INFO - Sync 1 DAGs
[2023-09-20T22:44:24.510+0000] {logging_mixin.py:151} INFO - [2023-09-20T22:44:24.510+0000] {dag.py:3696} INFO - Setting next_dagrun for tutorial_dag to None, run_after=None
[2023-09-20T22:44:24.557+0000] {processor.py:179} INFO - Processing /home/airflow/.local/lib/python3.8/site-packages/airflow/example_dags/tutorial_dag.py took 0.128 seconds
[2023-09-20T22:44:55.270+0000] {processor.py:157} INFO - Started process (PID=2193) to work on /home/airflow/.local/lib/python3.8/site-packages/airflow/example_dags/tutorial_dag.py
[2023-09-20T22:44:55.272+0000] {processor.py:829} INFO - Processing file /home/airflow/.local/lib/python3.8/site-packages/airflow/example_dags/tutorial_dag.py for tasks to queue
[2023-09-20T22:44:55.276+0000] {logging_mixin.py:151} INFO - [2023-09-20T22:44:55.276+0000] {dagbag.py:539} INFO - Filling up the DagBag from /home/airflow/.local/lib/python3.8/site-packages/airflow/example_dags/tutorial_dag.py
[2023-09-20T22:44:55.284+0000] {processor.py:839} INFO - DAG(s) dict_keys(['tutorial_dag']) retrieved from /home/airflow/.local/lib/python3.8/site-packages/airflow/example_dags/tutorial_dag.py
[2023-09-20T22:44:55.321+0000] {logging_mixin.py:151} INFO - [2023-09-20T22:44:55.320+0000] {dag.py:2915} INFO - Sync 1 DAGs
[2023-09-20T22:44:55.338+0000] {logging_mixin.py:151} INFO - [2023-09-20T22:44:55.338+0000] {dag.py:3696} INFO - Setting next_dagrun for tutorial_dag to None, run_after=None
[2023-09-20T22:44:55.371+0000] {processor.py:179} INFO - Processing /home/airflow/.local/lib/python3.8/site-packages/airflow/example_dags/tutorial_dag.py took 0.108 seconds
[2023-09-20T22:45:26.424+0000] {processor.py:157} INFO - Started process (PID=2248) to work on /home/airflow/.local/lib/python3.8/site-packages/airflow/example_dags/tutorial_dag.py
[2023-09-20T22:45:26.426+0000] {processor.py:829} INFO - Processing file /home/airflow/.local/lib/python3.8/site-packages/airflow/example_dags/tutorial_dag.py for tasks to queue
[2023-09-20T22:45:26.430+0000] {logging_mixin.py:151} INFO - [2023-09-20T22:45:26.430+0000] {dagbag.py:539} INFO - Filling up the DagBag from /home/airflow/.local/lib/python3.8/site-packages/airflow/example_dags/tutorial_dag.py
[2023-09-20T22:45:26.440+0000] {processor.py:839} INFO - DAG(s) dict_keys(['tutorial_dag']) retrieved from /home/airflow/.local/lib/python3.8/site-packages/airflow/example_dags/tutorial_dag.py
[2023-09-20T22:45:26.471+0000] {logging_mixin.py:151} INFO - [2023-09-20T22:45:26.471+0000] {dag.py:2915} INFO - Sync 1 DAGs
[2023-09-20T22:45:26.489+0000] {logging_mixin.py:151} INFO - [2023-09-20T22:45:26.489+0000] {dag.py:3696} INFO - Setting next_dagrun for tutorial_dag to None, run_after=None
[2023-09-20T22:45:26.528+0000] {processor.py:179} INFO - Processing /home/airflow/.local/lib/python3.8/site-packages/airflow/example_dags/tutorial_dag.py took 0.111 seconds
[2023-09-20T22:45:57.148+0000] {processor.py:157} INFO - Started process (PID=2303) to work on /home/airflow/.local/lib/python3.8/site-packages/airflow/example_dags/tutorial_dag.py
[2023-09-20T22:45:57.150+0000] {processor.py:829} INFO - Processing file /home/airflow/.local/lib/python3.8/site-packages/airflow/example_dags/tutorial_dag.py for tasks to queue
[2023-09-20T22:45:57.154+0000] {logging_mixin.py:151} INFO - [2023-09-20T22:45:57.153+0000] {dagbag.py:539} INFO - Filling up the DagBag from /home/airflow/.local/lib/python3.8/site-packages/airflow/example_dags/tutorial_dag.py
[2023-09-20T22:45:57.164+0000] {processor.py:839} INFO - DAG(s) dict_keys(['tutorial_dag']) retrieved from /home/airflow/.local/lib/python3.8/site-packages/airflow/example_dags/tutorial_dag.py
[2023-09-20T22:45:57.198+0000] {logging_mixin.py:151} INFO - [2023-09-20T22:45:57.198+0000] {dag.py:2915} INFO - Sync 1 DAGs
[2023-09-20T22:45:57.216+0000] {logging_mixin.py:151} INFO - [2023-09-20T22:45:57.216+0000] {dag.py:3696} INFO - Setting next_dagrun for tutorial_dag to None, run_after=None
[2023-09-20T22:45:57.244+0000] {processor.py:179} INFO - Processing /home/airflow/.local/lib/python3.8/site-packages/airflow/example_dags/tutorial_dag.py took 0.102 seconds
[2023-09-20T22:46:28.104+0000] {processor.py:157} INFO - Started process (PID=2358) to work on /home/airflow/.local/lib/python3.8/site-packages/airflow/example_dags/tutorial_dag.py
[2023-09-20T22:46:28.107+0000] {processor.py:829} INFO - Processing file /home/airflow/.local/lib/python3.8/site-packages/airflow/example_dags/tutorial_dag.py for tasks to queue
[2023-09-20T22:46:28.115+0000] {logging_mixin.py:151} INFO - [2023-09-20T22:46:28.114+0000] {dagbag.py:539} INFO - Filling up the DagBag from /home/airflow/.local/lib/python3.8/site-packages/airflow/example_dags/tutorial_dag.py
[2023-09-20T22:46:28.128+0000] {processor.py:839} INFO - DAG(s) dict_keys(['tutorial_dag']) retrieved from /home/airflow/.local/lib/python3.8/site-packages/airflow/example_dags/tutorial_dag.py
[2023-09-20T22:46:28.167+0000] {logging_mixin.py:151} INFO - [2023-09-20T22:46:28.166+0000] {dag.py:2915} INFO - Sync 1 DAGs
[2023-09-20T22:46:28.185+0000] {logging_mixin.py:151} INFO - [2023-09-20T22:46:28.185+0000] {dag.py:3696} INFO - Setting next_dagrun for tutorial_dag to None, run_after=None
[2023-09-20T22:46:28.233+0000] {processor.py:179} INFO - Processing /home/airflow/.local/lib/python3.8/site-packages/airflow/example_dags/tutorial_dag.py took 0.140 seconds
[2023-09-20T22:46:58.985+0000] {processor.py:157} INFO - Started process (PID=2413) to work on /home/airflow/.local/lib/python3.8/site-packages/airflow/example_dags/tutorial_dag.py
[2023-09-20T22:46:58.987+0000] {processor.py:829} INFO - Processing file /home/airflow/.local/lib/python3.8/site-packages/airflow/example_dags/tutorial_dag.py for tasks to queue
[2023-09-20T22:46:58.999+0000] {logging_mixin.py:151} INFO - [2023-09-20T22:46:58.999+0000] {dagbag.py:539} INFO - Filling up the DagBag from /home/airflow/.local/lib/python3.8/site-packages/airflow/example_dags/tutorial_dag.py
[2023-09-20T22:46:59.010+0000] {processor.py:839} INFO - DAG(s) dict_keys(['tutorial_dag']) retrieved from /home/airflow/.local/lib/python3.8/site-packages/airflow/example_dags/tutorial_dag.py
[2023-09-20T22:46:59.046+0000] {logging_mixin.py:151} INFO - [2023-09-20T22:46:59.046+0000] {dag.py:2915} INFO - Sync 1 DAGs
[2023-09-20T22:46:59.065+0000] {logging_mixin.py:151} INFO - [2023-09-20T22:46:59.065+0000] {dag.py:3696} INFO - Setting next_dagrun for tutorial_dag to None, run_after=None
[2023-09-20T22:46:59.117+0000] {processor.py:179} INFO - Processing /home/airflow/.local/lib/python3.8/site-packages/airflow/example_dags/tutorial_dag.py took 0.139 seconds
[2023-09-20T22:47:30.056+0000] {processor.py:157} INFO - Started process (PID=2468) to work on /home/airflow/.local/lib/python3.8/site-packages/airflow/example_dags/tutorial_dag.py
[2023-09-20T22:47:30.058+0000] {processor.py:829} INFO - Processing file /home/airflow/.local/lib/python3.8/site-packages/airflow/example_dags/tutorial_dag.py for tasks to queue
[2023-09-20T22:47:30.062+0000] {logging_mixin.py:151} INFO - [2023-09-20T22:47:30.061+0000] {dagbag.py:539} INFO - Filling up the DagBag from /home/airflow/.local/lib/python3.8/site-packages/airflow/example_dags/tutorial_dag.py
[2023-09-20T22:47:30.068+0000] {processor.py:839} INFO - DAG(s) dict_keys(['tutorial_dag']) retrieved from /home/airflow/.local/lib/python3.8/site-packages/airflow/example_dags/tutorial_dag.py
[2023-09-20T22:47:30.097+0000] {logging_mixin.py:151} INFO - [2023-09-20T22:47:30.097+0000] {dag.py:2915} INFO - Sync 1 DAGs
[2023-09-20T22:47:30.116+0000] {logging_mixin.py:151} INFO - [2023-09-20T22:47:30.116+0000] {dag.py:3696} INFO - Setting next_dagrun for tutorial_dag to None, run_after=None
[2023-09-20T22:47:30.163+0000] {processor.py:179} INFO - Processing /home/airflow/.local/lib/python3.8/site-packages/airflow/example_dags/tutorial_dag.py took 0.114 seconds
[2023-09-20T22:48:00.609+0000] {processor.py:157} INFO - Started process (PID=2523) to work on /home/airflow/.local/lib/python3.8/site-packages/airflow/example_dags/tutorial_dag.py
[2023-09-20T22:48:00.610+0000] {processor.py:829} INFO - Processing file /home/airflow/.local/lib/python3.8/site-packages/airflow/example_dags/tutorial_dag.py for tasks to queue
[2023-09-20T22:48:00.614+0000] {logging_mixin.py:151} INFO - [2023-09-20T22:48:00.613+0000] {dagbag.py:539} INFO - Filling up the DagBag from /home/airflow/.local/lib/python3.8/site-packages/airflow/example_dags/tutorial_dag.py
[2023-09-20T22:48:00.621+0000] {processor.py:839} INFO - DAG(s) dict_keys(['tutorial_dag']) retrieved from /home/airflow/.local/lib/python3.8/site-packages/airflow/example_dags/tutorial_dag.py
[2023-09-20T22:48:00.652+0000] {logging_mixin.py:151} INFO - [2023-09-20T22:48:00.652+0000] {dag.py:2915} INFO - Sync 1 DAGs
[2023-09-20T22:48:00.668+0000] {logging_mixin.py:151} INFO - [2023-09-20T22:48:00.668+0000] {dag.py:3696} INFO - Setting next_dagrun for tutorial_dag to None, run_after=None
[2023-09-20T22:48:00.710+0000] {processor.py:179} INFO - Processing /home/airflow/.local/lib/python3.8/site-packages/airflow/example_dags/tutorial_dag.py took 0.105 seconds
[2023-09-20T22:48:31.131+0000] {processor.py:157} INFO - Started process (PID=2578) to work on /home/airflow/.local/lib/python3.8/site-packages/airflow/example_dags/tutorial_dag.py
[2023-09-20T22:48:31.134+0000] {processor.py:829} INFO - Processing file /home/airflow/.local/lib/python3.8/site-packages/airflow/example_dags/tutorial_dag.py for tasks to queue
[2023-09-20T22:48:31.140+0000] {logging_mixin.py:151} INFO - [2023-09-20T22:48:31.139+0000] {dagbag.py:539} INFO - Filling up the DagBag from /home/airflow/.local/lib/python3.8/site-packages/airflow/example_dags/tutorial_dag.py
[2023-09-20T22:48:31.152+0000] {processor.py:839} INFO - DAG(s) dict_keys(['tutorial_dag']) retrieved from /home/airflow/.local/lib/python3.8/site-packages/airflow/example_dags/tutorial_dag.py
[2023-09-20T22:48:31.193+0000] {logging_mixin.py:151} INFO - [2023-09-20T22:48:31.192+0000] {dag.py:2915} INFO - Sync 1 DAGs
[2023-09-20T22:48:31.215+0000] {logging_mixin.py:151} INFO - [2023-09-20T22:48:31.214+0000] {dag.py:3696} INFO - Setting next_dagrun for tutorial_dag to None, run_after=None
[2023-09-20T22:48:31.246+0000] {processor.py:179} INFO - Processing /home/airflow/.local/lib/python3.8/site-packages/airflow/example_dags/tutorial_dag.py took 0.124 seconds
[2023-09-20T22:49:01.797+0000] {processor.py:157} INFO - Started process (PID=2633) to work on /home/airflow/.local/lib/python3.8/site-packages/airflow/example_dags/tutorial_dag.py
[2023-09-20T22:49:01.799+0000] {processor.py:829} INFO - Processing file /home/airflow/.local/lib/python3.8/site-packages/airflow/example_dags/tutorial_dag.py for tasks to queue
[2023-09-20T22:49:01.802+0000] {logging_mixin.py:151} INFO - [2023-09-20T22:49:01.801+0000] {dagbag.py:539} INFO - Filling up the DagBag from /home/airflow/.local/lib/python3.8/site-packages/airflow/example_dags/tutorial_dag.py
[2023-09-20T22:49:01.809+0000] {processor.py:839} INFO - DAG(s) dict_keys(['tutorial_dag']) retrieved from /home/airflow/.local/lib/python3.8/site-packages/airflow/example_dags/tutorial_dag.py
[2023-09-20T22:49:01.845+0000] {logging_mixin.py:151} INFO - [2023-09-20T22:49:01.845+0000] {dag.py:2915} INFO - Sync 1 DAGs
[2023-09-20T22:49:01.879+0000] {logging_mixin.py:151} INFO - [2023-09-20T22:49:01.879+0000] {dag.py:3696} INFO - Setting next_dagrun for tutorial_dag to None, run_after=None
[2023-09-20T22:49:02.023+0000] {processor.py:179} INFO - Processing /home/airflow/.local/lib/python3.8/site-packages/airflow/example_dags/tutorial_dag.py took 0.230 seconds
[2023-09-20T22:49:32.350+0000] {processor.py:157} INFO - Started process (PID=2688) to work on /home/airflow/.local/lib/python3.8/site-packages/airflow/example_dags/tutorial_dag.py
[2023-09-20T22:49:32.352+0000] {processor.py:829} INFO - Processing file /home/airflow/.local/lib/python3.8/site-packages/airflow/example_dags/tutorial_dag.py for tasks to queue
[2023-09-20T22:49:32.357+0000] {logging_mixin.py:151} INFO - [2023-09-20T22:49:32.357+0000] {dagbag.py:539} INFO - Filling up the DagBag from /home/airflow/.local/lib/python3.8/site-packages/airflow/example_dags/tutorial_dag.py
[2023-09-20T22:49:32.372+0000] {processor.py:839} INFO - DAG(s) dict_keys(['tutorial_dag']) retrieved from /home/airflow/.local/lib/python3.8/site-packages/airflow/example_dags/tutorial_dag.py
[2023-09-20T22:49:32.410+0000] {logging_mixin.py:151} INFO - [2023-09-20T22:49:32.410+0000] {dag.py:2915} INFO - Sync 1 DAGs
[2023-09-20T22:49:32.431+0000] {logging_mixin.py:151} INFO - [2023-09-20T22:49:32.431+0000] {dag.py:3696} INFO - Setting next_dagrun for tutorial_dag to None, run_after=None
[2023-09-20T22:49:32.480+0000] {processor.py:179} INFO - Processing /home/airflow/.local/lib/python3.8/site-packages/airflow/example_dags/tutorial_dag.py took 0.140 seconds
[2023-09-20T22:50:02.603+0000] {processor.py:157} INFO - Started process (PID=2743) to work on /home/airflow/.local/lib/python3.8/site-packages/airflow/example_dags/tutorial_dag.py
[2023-09-20T22:50:02.605+0000] {processor.py:829} INFO - Processing file /home/airflow/.local/lib/python3.8/site-packages/airflow/example_dags/tutorial_dag.py for tasks to queue
[2023-09-20T22:50:02.608+0000] {logging_mixin.py:151} INFO - [2023-09-20T22:50:02.608+0000] {dagbag.py:539} INFO - Filling up the DagBag from /home/airflow/.local/lib/python3.8/site-packages/airflow/example_dags/tutorial_dag.py
[2023-09-20T22:50:02.616+0000] {processor.py:839} INFO - DAG(s) dict_keys(['tutorial_dag']) retrieved from /home/airflow/.local/lib/python3.8/site-packages/airflow/example_dags/tutorial_dag.py
[2023-09-20T22:50:02.642+0000] {logging_mixin.py:151} INFO - [2023-09-20T22:50:02.642+0000] {dag.py:2915} INFO - Sync 1 DAGs
[2023-09-20T22:50:02.661+0000] {logging_mixin.py:151} INFO - [2023-09-20T22:50:02.661+0000] {dag.py:3696} INFO - Setting next_dagrun for tutorial_dag to None, run_after=None
[2023-09-20T22:50:02.702+0000] {processor.py:179} INFO - Processing /home/airflow/.local/lib/python3.8/site-packages/airflow/example_dags/tutorial_dag.py took 0.102 seconds
[2023-09-20T22:50:33.330+0000] {processor.py:157} INFO - Started process (PID=2798) to work on /home/airflow/.local/lib/python3.8/site-packages/airflow/example_dags/tutorial_dag.py
[2023-09-20T22:50:33.332+0000] {processor.py:829} INFO - Processing file /home/airflow/.local/lib/python3.8/site-packages/airflow/example_dags/tutorial_dag.py for tasks to queue
[2023-09-20T22:50:33.335+0000] {logging_mixin.py:151} INFO - [2023-09-20T22:50:33.334+0000] {dagbag.py:539} INFO - Filling up the DagBag from /home/airflow/.local/lib/python3.8/site-packages/airflow/example_dags/tutorial_dag.py
[2023-09-20T22:50:33.341+0000] {processor.py:839} INFO - DAG(s) dict_keys(['tutorial_dag']) retrieved from /home/airflow/.local/lib/python3.8/site-packages/airflow/example_dags/tutorial_dag.py
[2023-09-20T22:50:33.373+0000] {logging_mixin.py:151} INFO - [2023-09-20T22:50:33.373+0000] {dag.py:2915} INFO - Sync 1 DAGs
[2023-09-20T22:50:33.390+0000] {logging_mixin.py:151} INFO - [2023-09-20T22:50:33.390+0000] {dag.py:3696} INFO - Setting next_dagrun for tutorial_dag to None, run_after=None
[2023-09-20T22:50:33.419+0000] {processor.py:179} INFO - Processing /home/airflow/.local/lib/python3.8/site-packages/airflow/example_dags/tutorial_dag.py took 0.092 seconds
[2023-09-20T22:51:03.834+0000] {processor.py:157} INFO - Started process (PID=2853) to work on /home/airflow/.local/lib/python3.8/site-packages/airflow/example_dags/tutorial_dag.py
[2023-09-20T22:51:03.837+0000] {processor.py:829} INFO - Processing file /home/airflow/.local/lib/python3.8/site-packages/airflow/example_dags/tutorial_dag.py for tasks to queue
[2023-09-20T22:51:03.845+0000] {logging_mixin.py:151} INFO - [2023-09-20T22:51:03.844+0000] {dagbag.py:539} INFO - Filling up the DagBag from /home/airflow/.local/lib/python3.8/site-packages/airflow/example_dags/tutorial_dag.py
[2023-09-20T22:51:03.860+0000] {processor.py:839} INFO - DAG(s) dict_keys(['tutorial_dag']) retrieved from /home/airflow/.local/lib/python3.8/site-packages/airflow/example_dags/tutorial_dag.py
[2023-09-20T22:51:03.894+0000] {logging_mixin.py:151} INFO - [2023-09-20T22:51:03.894+0000] {dag.py:2915} INFO - Sync 1 DAGs
[2023-09-20T22:51:03.917+0000] {logging_mixin.py:151} INFO - [2023-09-20T22:51:03.916+0000] {dag.py:3696} INFO - Setting next_dagrun for tutorial_dag to None, run_after=None
[2023-09-20T22:51:03.968+0000] {processor.py:179} INFO - Processing /home/airflow/.local/lib/python3.8/site-packages/airflow/example_dags/tutorial_dag.py took 0.143 seconds
[2023-09-20T22:51:34.088+0000] {processor.py:157} INFO - Started process (PID=2908) to work on /home/airflow/.local/lib/python3.8/site-packages/airflow/example_dags/tutorial_dag.py
[2023-09-20T22:51:34.090+0000] {processor.py:829} INFO - Processing file /home/airflow/.local/lib/python3.8/site-packages/airflow/example_dags/tutorial_dag.py for tasks to queue
[2023-09-20T22:51:34.095+0000] {logging_mixin.py:151} INFO - [2023-09-20T22:51:34.094+0000] {dagbag.py:539} INFO - Filling up the DagBag from /home/airflow/.local/lib/python3.8/site-packages/airflow/example_dags/tutorial_dag.py
[2023-09-20T22:51:34.108+0000] {processor.py:839} INFO - DAG(s) dict_keys(['tutorial_dag']) retrieved from /home/airflow/.local/lib/python3.8/site-packages/airflow/example_dags/tutorial_dag.py
[2023-09-20T22:51:34.155+0000] {logging_mixin.py:151} INFO - [2023-09-20T22:51:34.155+0000] {dag.py:2915} INFO - Sync 1 DAGs
[2023-09-20T22:51:34.183+0000] {logging_mixin.py:151} INFO - [2023-09-20T22:51:34.183+0000] {dag.py:3696} INFO - Setting next_dagrun for tutorial_dag to None, run_after=None
[2023-09-20T22:51:34.227+0000] {processor.py:179} INFO - Processing /home/airflow/.local/lib/python3.8/site-packages/airflow/example_dags/tutorial_dag.py took 0.148 seconds
[2023-09-20T22:52:04.355+0000] {processor.py:157} INFO - Started process (PID=2964) to work on /home/airflow/.local/lib/python3.8/site-packages/airflow/example_dags/tutorial_dag.py
[2023-09-20T22:52:04.358+0000] {processor.py:829} INFO - Processing file /home/airflow/.local/lib/python3.8/site-packages/airflow/example_dags/tutorial_dag.py for tasks to queue
[2023-09-20T22:52:04.364+0000] {logging_mixin.py:151} INFO - [2023-09-20T22:52:04.364+0000] {dagbag.py:539} INFO - Filling up the DagBag from /home/airflow/.local/lib/python3.8/site-packages/airflow/example_dags/tutorial_dag.py
[2023-09-20T22:52:04.375+0000] {processor.py:839} INFO - DAG(s) dict_keys(['tutorial_dag']) retrieved from /home/airflow/.local/lib/python3.8/site-packages/airflow/example_dags/tutorial_dag.py
[2023-09-20T22:52:04.415+0000] {logging_mixin.py:151} INFO - [2023-09-20T22:52:04.415+0000] {dag.py:2915} INFO - Sync 1 DAGs
[2023-09-20T22:52:04.440+0000] {logging_mixin.py:151} INFO - [2023-09-20T22:52:04.439+0000] {dag.py:3696} INFO - Setting next_dagrun for tutorial_dag to None, run_after=None
[2023-09-20T22:52:04.475+0000] {processor.py:179} INFO - Processing /home/airflow/.local/lib/python3.8/site-packages/airflow/example_dags/tutorial_dag.py took 0.127 seconds
[2023-09-20T23:11:31.576+0000] {processor.py:157} INFO - Started process (PID=40) to work on /home/airflow/.local/lib/python3.8/site-packages/airflow/example_dags/tutorial_dag.py
[2023-09-20T23:11:31.578+0000] {processor.py:829} INFO - Processing file /home/airflow/.local/lib/python3.8/site-packages/airflow/example_dags/tutorial_dag.py for tasks to queue
[2023-09-20T23:11:31.771+0000] {logging_mixin.py:151} INFO - [2023-09-20T23:11:31.770+0000] {dagbag.py:539} INFO - Filling up the DagBag from /home/airflow/.local/lib/python3.8/site-packages/airflow/example_dags/tutorial_dag.py
[2023-09-20T23:11:31.778+0000] {processor.py:839} INFO - DAG(s) dict_keys(['tutorial_dag']) retrieved from /home/airflow/.local/lib/python3.8/site-packages/airflow/example_dags/tutorial_dag.py
[2023-09-20T23:11:31.795+0000] {logging_mixin.py:151} INFO - [2023-09-20T23:11:31.795+0000] {dag.py:2915} INFO - Sync 1 DAGs
[2023-09-20T23:11:31.811+0000] {logging_mixin.py:151} INFO - [2023-09-20T23:11:31.810+0000] {dag.py:3696} INFO - Setting next_dagrun for tutorial_dag to None, run_after=None
[2023-09-20T23:11:31.852+0000] {processor.py:179} INFO - Processing /home/airflow/.local/lib/python3.8/site-packages/airflow/example_dags/tutorial_dag.py took 0.281 seconds
[2023-09-20T23:12:02.538+0000] {processor.py:157} INFO - Started process (PID=95) to work on /home/airflow/.local/lib/python3.8/site-packages/airflow/example_dags/tutorial_dag.py
[2023-09-20T23:12:02.540+0000] {processor.py:829} INFO - Processing file /home/airflow/.local/lib/python3.8/site-packages/airflow/example_dags/tutorial_dag.py for tasks to queue
[2023-09-20T23:12:02.545+0000] {logging_mixin.py:151} INFO - [2023-09-20T23:12:02.544+0000] {dagbag.py:539} INFO - Filling up the DagBag from /home/airflow/.local/lib/python3.8/site-packages/airflow/example_dags/tutorial_dag.py
[2023-09-20T23:12:02.556+0000] {processor.py:839} INFO - DAG(s) dict_keys(['tutorial_dag']) retrieved from /home/airflow/.local/lib/python3.8/site-packages/airflow/example_dags/tutorial_dag.py
[2023-09-20T23:12:02.587+0000] {logging_mixin.py:151} INFO - [2023-09-20T23:12:02.587+0000] {dag.py:2915} INFO - Sync 1 DAGs
[2023-09-20T23:12:02.606+0000] {logging_mixin.py:151} INFO - [2023-09-20T23:12:02.606+0000] {dag.py:3696} INFO - Setting next_dagrun for tutorial_dag to None, run_after=None
[2023-09-20T23:12:02.644+0000] {processor.py:179} INFO - Processing /home/airflow/.local/lib/python3.8/site-packages/airflow/example_dags/tutorial_dag.py took 0.111 seconds
[2023-09-20T23:12:33.474+0000] {processor.py:157} INFO - Started process (PID=150) to work on /home/airflow/.local/lib/python3.8/site-packages/airflow/example_dags/tutorial_dag.py
[2023-09-20T23:12:33.475+0000] {processor.py:829} INFO - Processing file /home/airflow/.local/lib/python3.8/site-packages/airflow/example_dags/tutorial_dag.py for tasks to queue
[2023-09-20T23:12:33.480+0000] {logging_mixin.py:151} INFO - [2023-09-20T23:12:33.479+0000] {dagbag.py:539} INFO - Filling up the DagBag from /home/airflow/.local/lib/python3.8/site-packages/airflow/example_dags/tutorial_dag.py
[2023-09-20T23:12:33.488+0000] {processor.py:839} INFO - DAG(s) dict_keys(['tutorial_dag']) retrieved from /home/airflow/.local/lib/python3.8/site-packages/airflow/example_dags/tutorial_dag.py
[2023-09-20T23:12:33.525+0000] {logging_mixin.py:151} INFO - [2023-09-20T23:12:33.524+0000] {dag.py:2915} INFO - Sync 1 DAGs
[2023-09-20T23:12:33.543+0000] {logging_mixin.py:151} INFO - [2023-09-20T23:12:33.543+0000] {dag.py:3696} INFO - Setting next_dagrun for tutorial_dag to None, run_after=None
[2023-09-20T23:12:33.596+0000] {processor.py:179} INFO - Processing /home/airflow/.local/lib/python3.8/site-packages/airflow/example_dags/tutorial_dag.py took 0.127 seconds
[2023-09-20T23:13:04.108+0000] {processor.py:157} INFO - Started process (PID=205) to work on /home/airflow/.local/lib/python3.8/site-packages/airflow/example_dags/tutorial_dag.py
[2023-09-20T23:13:04.111+0000] {processor.py:829} INFO - Processing file /home/airflow/.local/lib/python3.8/site-packages/airflow/example_dags/tutorial_dag.py for tasks to queue
[2023-09-20T23:13:04.118+0000] {logging_mixin.py:151} INFO - [2023-09-20T23:13:04.117+0000] {dagbag.py:539} INFO - Filling up the DagBag from /home/airflow/.local/lib/python3.8/site-packages/airflow/example_dags/tutorial_dag.py
[2023-09-20T23:13:04.133+0000] {processor.py:839} INFO - DAG(s) dict_keys(['tutorial_dag']) retrieved from /home/airflow/.local/lib/python3.8/site-packages/airflow/example_dags/tutorial_dag.py
[2023-09-20T23:13:04.184+0000] {logging_mixin.py:151} INFO - [2023-09-20T23:13:04.184+0000] {dag.py:2915} INFO - Sync 1 DAGs
[2023-09-20T23:13:04.212+0000] {logging_mixin.py:151} INFO - [2023-09-20T23:13:04.212+0000] {dag.py:3696} INFO - Setting next_dagrun for tutorial_dag to None, run_after=None
[2023-09-20T23:13:04.376+0000] {processor.py:179} INFO - Processing /home/airflow/.local/lib/python3.8/site-packages/airflow/example_dags/tutorial_dag.py took 0.279 seconds
