[2023-09-20T22:15:30.684+0000] {processor.py:157} INFO - Started process (PID=65) to work on /home/airflow/.local/lib/python3.8/site-packages/airflow/example_dags/tutorial.py
[2023-09-20T22:15:30.695+0000] {processor.py:829} INFO - Processing file /home/airflow/.local/lib/python3.8/site-packages/airflow/example_dags/tutorial.py for tasks to queue
[2023-09-20T22:15:30.702+0000] {logging_mixin.py:151} INFO - [2023-09-20T22:15:30.702+0000] {dagbag.py:539} INFO - Filling up the DagBag from /home/airflow/.local/lib/python3.8/site-packages/airflow/example_dags/tutorial.py
[2023-09-20T22:15:30.714+0000] {processor.py:839} INFO - DAG(s) dict_keys(['tutorial']) retrieved from /home/airflow/.local/lib/python3.8/site-packages/airflow/example_dags/tutorial.py
[2023-09-20T22:15:30.764+0000] {logging_mixin.py:151} INFO - [2023-09-20T22:15:30.763+0000] {dag.py:2915} INFO - Sync 1 DAGs
[2023-09-20T22:15:30.874+0000] {logging_mixin.py:151} INFO - [2023-09-20T22:15:30.866+0000] {dag.py:3696} INFO - Setting next_dagrun for tutorial to 2023-09-19T22:15:30.865877+00:00, run_after=2023-09-20T22:15:30.865877+00:00
[2023-09-20T22:15:30.941+0000] {processor.py:179} INFO - Processing /home/airflow/.local/lib/python3.8/site-packages/airflow/example_dags/tutorial.py took 0.262 seconds
[2023-09-20T22:16:01.259+0000] {processor.py:157} INFO - Started process (PID=119) to work on /home/airflow/.local/lib/python3.8/site-packages/airflow/example_dags/tutorial.py
[2023-09-20T22:16:01.260+0000] {processor.py:829} INFO - Processing file /home/airflow/.local/lib/python3.8/site-packages/airflow/example_dags/tutorial.py for tasks to queue
[2023-09-20T22:16:01.264+0000] {logging_mixin.py:151} INFO - [2023-09-20T22:16:01.264+0000] {dagbag.py:539} INFO - Filling up the DagBag from /home/airflow/.local/lib/python3.8/site-packages/airflow/example_dags/tutorial.py
[2023-09-20T22:16:01.274+0000] {processor.py:839} INFO - DAG(s) dict_keys(['tutorial']) retrieved from /home/airflow/.local/lib/python3.8/site-packages/airflow/example_dags/tutorial.py
[2023-09-20T22:16:01.303+0000] {logging_mixin.py:151} INFO - [2023-09-20T22:16:01.303+0000] {dag.py:2915} INFO - Sync 1 DAGs
[2023-09-20T22:16:01.333+0000] {logging_mixin.py:151} INFO - [2023-09-20T22:16:01.332+0000] {dag.py:3696} INFO - Setting next_dagrun for tutorial to 2023-09-19T22:16:01.332657+00:00, run_after=2023-09-20T22:16:01.332657+00:00
[2023-09-20T22:16:01.364+0000] {processor.py:179} INFO - Processing /home/airflow/.local/lib/python3.8/site-packages/airflow/example_dags/tutorial.py took 0.110 seconds
[2023-09-20T22:16:31.781+0000] {processor.py:157} INFO - Started process (PID=173) to work on /home/airflow/.local/lib/python3.8/site-packages/airflow/example_dags/tutorial.py
[2023-09-20T22:16:31.783+0000] {processor.py:829} INFO - Processing file /home/airflow/.local/lib/python3.8/site-packages/airflow/example_dags/tutorial.py for tasks to queue
[2023-09-20T22:16:31.787+0000] {logging_mixin.py:151} INFO - [2023-09-20T22:16:31.786+0000] {dagbag.py:539} INFO - Filling up the DagBag from /home/airflow/.local/lib/python3.8/site-packages/airflow/example_dags/tutorial.py
[2023-09-20T22:16:31.797+0000] {processor.py:839} INFO - DAG(s) dict_keys(['tutorial']) retrieved from /home/airflow/.local/lib/python3.8/site-packages/airflow/example_dags/tutorial.py
[2023-09-20T22:16:31.826+0000] {logging_mixin.py:151} INFO - [2023-09-20T22:16:31.826+0000] {dag.py:2915} INFO - Sync 1 DAGs
[2023-09-20T22:16:31.863+0000] {logging_mixin.py:151} INFO - [2023-09-20T22:16:31.862+0000] {dag.py:3696} INFO - Setting next_dagrun for tutorial to 2023-09-19T22:16:31.862233+00:00, run_after=2023-09-20T22:16:31.862233+00:00
[2023-09-20T22:16:31.894+0000] {processor.py:179} INFO - Processing /home/airflow/.local/lib/python3.8/site-packages/airflow/example_dags/tutorial.py took 0.117 seconds
[2023-09-20T22:17:03.555+0000] {processor.py:157} INFO - Started process (PID=227) to work on /home/airflow/.local/lib/python3.8/site-packages/airflow/example_dags/tutorial.py
[2023-09-20T22:17:03.557+0000] {processor.py:829} INFO - Processing file /home/airflow/.local/lib/python3.8/site-packages/airflow/example_dags/tutorial.py for tasks to queue
[2023-09-20T22:17:03.562+0000] {logging_mixin.py:151} INFO - [2023-09-20T22:17:03.561+0000] {dagbag.py:539} INFO - Filling up the DagBag from /home/airflow/.local/lib/python3.8/site-packages/airflow/example_dags/tutorial.py
[2023-09-20T22:17:03.571+0000] {processor.py:839} INFO - DAG(s) dict_keys(['tutorial']) retrieved from /home/airflow/.local/lib/python3.8/site-packages/airflow/example_dags/tutorial.py
[2023-09-20T22:17:03.603+0000] {logging_mixin.py:151} INFO - [2023-09-20T22:17:03.603+0000] {dag.py:2915} INFO - Sync 1 DAGs
[2023-09-20T22:17:03.638+0000] {logging_mixin.py:151} INFO - [2023-09-20T22:17:03.638+0000] {dag.py:3696} INFO - Setting next_dagrun for tutorial to 2023-09-19T22:17:03.637757+00:00, run_after=2023-09-20T22:17:03.637757+00:00
[2023-09-20T22:17:03.682+0000] {processor.py:179} INFO - Processing /home/airflow/.local/lib/python3.8/site-packages/airflow/example_dags/tutorial.py took 0.132 seconds
[2023-09-20T22:25:02.485+0000] {processor.py:157} INFO - Started process (PID=65) to work on /home/airflow/.local/lib/python3.8/site-packages/airflow/example_dags/tutorial.py
[2023-09-20T22:25:02.486+0000] {processor.py:829} INFO - Processing file /home/airflow/.local/lib/python3.8/site-packages/airflow/example_dags/tutorial.py for tasks to queue
[2023-09-20T22:25:02.491+0000] {logging_mixin.py:151} INFO - [2023-09-20T22:25:02.490+0000] {dagbag.py:539} INFO - Filling up the DagBag from /home/airflow/.local/lib/python3.8/site-packages/airflow/example_dags/tutorial.py
[2023-09-20T22:25:02.500+0000] {processor.py:839} INFO - DAG(s) dict_keys(['tutorial']) retrieved from /home/airflow/.local/lib/python3.8/site-packages/airflow/example_dags/tutorial.py
[2023-09-20T22:25:02.516+0000] {logging_mixin.py:151} INFO - [2023-09-20T22:25:02.516+0000] {dag.py:2915} INFO - Sync 1 DAGs
[2023-09-20T22:25:02.549+0000] {logging_mixin.py:151} INFO - [2023-09-20T22:25:02.549+0000] {dag.py:3696} INFO - Setting next_dagrun for tutorial to 2023-09-19T22:25:02.548752+00:00, run_after=2023-09-20T22:25:02.548752+00:00
[2023-09-20T22:25:02.732+0000] {processor.py:179} INFO - Processing /home/airflow/.local/lib/python3.8/site-packages/airflow/example_dags/tutorial.py took 0.252 seconds
[2023-09-20T22:25:32.852+0000] {processor.py:157} INFO - Started process (PID=120) to work on /home/airflow/.local/lib/python3.8/site-packages/airflow/example_dags/tutorial.py
[2023-09-20T22:25:32.853+0000] {processor.py:829} INFO - Processing file /home/airflow/.local/lib/python3.8/site-packages/airflow/example_dags/tutorial.py for tasks to queue
[2023-09-20T22:25:32.857+0000] {logging_mixin.py:151} INFO - [2023-09-20T22:25:32.857+0000] {dagbag.py:539} INFO - Filling up the DagBag from /home/airflow/.local/lib/python3.8/site-packages/airflow/example_dags/tutorial.py
[2023-09-20T22:25:32.866+0000] {processor.py:839} INFO - DAG(s) dict_keys(['tutorial']) retrieved from /home/airflow/.local/lib/python3.8/site-packages/airflow/example_dags/tutorial.py
[2023-09-20T22:25:32.898+0000] {logging_mixin.py:151} INFO - [2023-09-20T22:25:32.898+0000] {dag.py:2915} INFO - Sync 1 DAGs
[2023-09-20T22:25:32.934+0000] {logging_mixin.py:151} INFO - [2023-09-20T22:25:32.933+0000] {dag.py:3696} INFO - Setting next_dagrun for tutorial to 2023-09-19T22:25:32.933340+00:00, run_after=2023-09-20T22:25:32.933340+00:00
[2023-09-20T22:25:32.977+0000] {processor.py:179} INFO - Processing /home/airflow/.local/lib/python3.8/site-packages/airflow/example_dags/tutorial.py took 0.131 seconds
[2023-09-20T22:26:03.640+0000] {processor.py:157} INFO - Started process (PID=175) to work on /home/airflow/.local/lib/python3.8/site-packages/airflow/example_dags/tutorial.py
[2023-09-20T22:26:03.642+0000] {processor.py:829} INFO - Processing file /home/airflow/.local/lib/python3.8/site-packages/airflow/example_dags/tutorial.py for tasks to queue
[2023-09-20T22:26:03.645+0000] {logging_mixin.py:151} INFO - [2023-09-20T22:26:03.644+0000] {dagbag.py:539} INFO - Filling up the DagBag from /home/airflow/.local/lib/python3.8/site-packages/airflow/example_dags/tutorial.py
[2023-09-20T22:26:03.655+0000] {processor.py:839} INFO - DAG(s) dict_keys(['tutorial']) retrieved from /home/airflow/.local/lib/python3.8/site-packages/airflow/example_dags/tutorial.py
[2023-09-20T22:26:03.684+0000] {logging_mixin.py:151} INFO - [2023-09-20T22:26:03.684+0000] {dag.py:2915} INFO - Sync 1 DAGs
[2023-09-20T22:26:03.717+0000] {logging_mixin.py:151} INFO - [2023-09-20T22:26:03.716+0000] {dag.py:3696} INFO - Setting next_dagrun for tutorial to 2023-09-19T22:26:03.716417+00:00, run_after=2023-09-20T22:26:03.716417+00:00
[2023-09-20T22:26:03.757+0000] {processor.py:179} INFO - Processing /home/airflow/.local/lib/python3.8/site-packages/airflow/example_dags/tutorial.py took 0.122 seconds
[2023-09-20T22:26:35.563+0000] {processor.py:157} INFO - Started process (PID=230) to work on /home/airflow/.local/lib/python3.8/site-packages/airflow/example_dags/tutorial.py
[2023-09-20T22:26:35.565+0000] {processor.py:829} INFO - Processing file /home/airflow/.local/lib/python3.8/site-packages/airflow/example_dags/tutorial.py for tasks to queue
[2023-09-20T22:26:35.572+0000] {logging_mixin.py:151} INFO - [2023-09-20T22:26:35.571+0000] {dagbag.py:539} INFO - Filling up the DagBag from /home/airflow/.local/lib/python3.8/site-packages/airflow/example_dags/tutorial.py
[2023-09-20T22:26:35.580+0000] {processor.py:839} INFO - DAG(s) dict_keys(['tutorial']) retrieved from /home/airflow/.local/lib/python3.8/site-packages/airflow/example_dags/tutorial.py
[2023-09-20T22:26:35.604+0000] {logging_mixin.py:151} INFO - [2023-09-20T22:26:35.603+0000] {dag.py:2915} INFO - Sync 1 DAGs
[2023-09-20T22:26:35.657+0000] {logging_mixin.py:151} INFO - [2023-09-20T22:26:35.656+0000] {dag.py:3696} INFO - Setting next_dagrun for tutorial to 2023-09-19T22:26:35.656301+00:00, run_after=2023-09-20T22:26:35.656301+00:00
[2023-09-20T22:26:35.709+0000] {processor.py:179} INFO - Processing /home/airflow/.local/lib/python3.8/site-packages/airflow/example_dags/tutorial.py took 0.151 seconds
[2023-09-20T22:27:06.247+0000] {processor.py:157} INFO - Started process (PID=285) to work on /home/airflow/.local/lib/python3.8/site-packages/airflow/example_dags/tutorial.py
[2023-09-20T22:27:06.249+0000] {processor.py:829} INFO - Processing file /home/airflow/.local/lib/python3.8/site-packages/airflow/example_dags/tutorial.py for tasks to queue
[2023-09-20T22:27:06.253+0000] {logging_mixin.py:151} INFO - [2023-09-20T22:27:06.253+0000] {dagbag.py:539} INFO - Filling up the DagBag from /home/airflow/.local/lib/python3.8/site-packages/airflow/example_dags/tutorial.py
[2023-09-20T22:27:06.266+0000] {processor.py:839} INFO - DAG(s) dict_keys(['tutorial']) retrieved from /home/airflow/.local/lib/python3.8/site-packages/airflow/example_dags/tutorial.py
[2023-09-20T22:27:06.297+0000] {logging_mixin.py:151} INFO - [2023-09-20T22:27:06.297+0000] {dag.py:2915} INFO - Sync 1 DAGs
[2023-09-20T22:27:06.328+0000] {logging_mixin.py:151} INFO - [2023-09-20T22:27:06.328+0000] {dag.py:3696} INFO - Setting next_dagrun for tutorial to 2023-09-19T22:27:06.328355+00:00, run_after=2023-09-20T22:27:06.328355+00:00
[2023-09-20T22:27:06.357+0000] {processor.py:179} INFO - Processing /home/airflow/.local/lib/python3.8/site-packages/airflow/example_dags/tutorial.py took 0.118 seconds
[2023-09-20T22:27:36.562+0000] {processor.py:157} INFO - Started process (PID=340) to work on /home/airflow/.local/lib/python3.8/site-packages/airflow/example_dags/tutorial.py
[2023-09-20T22:27:36.565+0000] {processor.py:829} INFO - Processing file /home/airflow/.local/lib/python3.8/site-packages/airflow/example_dags/tutorial.py for tasks to queue
[2023-09-20T22:27:36.569+0000] {logging_mixin.py:151} INFO - [2023-09-20T22:27:36.569+0000] {dagbag.py:539} INFO - Filling up the DagBag from /home/airflow/.local/lib/python3.8/site-packages/airflow/example_dags/tutorial.py
[2023-09-20T22:27:36.580+0000] {processor.py:839} INFO - DAG(s) dict_keys(['tutorial']) retrieved from /home/airflow/.local/lib/python3.8/site-packages/airflow/example_dags/tutorial.py
[2023-09-20T22:27:36.611+0000] {logging_mixin.py:151} INFO - [2023-09-20T22:27:36.611+0000] {dag.py:2915} INFO - Sync 1 DAGs
[2023-09-20T22:27:36.641+0000] {logging_mixin.py:151} INFO - [2023-09-20T22:27:36.641+0000] {dag.py:3696} INFO - Setting next_dagrun for tutorial to 2023-09-19T22:27:36.641039+00:00, run_after=2023-09-20T22:27:36.641039+00:00
[2023-09-20T22:27:36.672+0000] {processor.py:179} INFO - Processing /home/airflow/.local/lib/python3.8/site-packages/airflow/example_dags/tutorial.py took 0.118 seconds
[2023-09-20T22:28:06.858+0000] {processor.py:157} INFO - Started process (PID=396) to work on /home/airflow/.local/lib/python3.8/site-packages/airflow/example_dags/tutorial.py
[2023-09-20T22:28:06.860+0000] {processor.py:829} INFO - Processing file /home/airflow/.local/lib/python3.8/site-packages/airflow/example_dags/tutorial.py for tasks to queue
[2023-09-20T22:28:06.864+0000] {logging_mixin.py:151} INFO - [2023-09-20T22:28:06.863+0000] {dagbag.py:539} INFO - Filling up the DagBag from /home/airflow/.local/lib/python3.8/site-packages/airflow/example_dags/tutorial.py
[2023-09-20T22:28:06.874+0000] {processor.py:839} INFO - DAG(s) dict_keys(['tutorial']) retrieved from /home/airflow/.local/lib/python3.8/site-packages/airflow/example_dags/tutorial.py
[2023-09-20T22:28:06.909+0000] {logging_mixin.py:151} INFO - [2023-09-20T22:28:06.908+0000] {dag.py:2915} INFO - Sync 1 DAGs
[2023-09-20T22:28:06.963+0000] {logging_mixin.py:151} INFO - [2023-09-20T22:28:06.963+0000] {dag.py:3696} INFO - Setting next_dagrun for tutorial to 2023-09-19T22:28:06.962989+00:00, run_after=2023-09-20T22:28:06.962989+00:00
[2023-09-20T22:28:07.001+0000] {processor.py:179} INFO - Processing /home/airflow/.local/lib/python3.8/site-packages/airflow/example_dags/tutorial.py took 0.149 seconds
[2023-09-20T22:28:37.117+0000] {processor.py:157} INFO - Started process (PID=452) to work on /home/airflow/.local/lib/python3.8/site-packages/airflow/example_dags/tutorial.py
[2023-09-20T22:28:37.118+0000] {processor.py:829} INFO - Processing file /home/airflow/.local/lib/python3.8/site-packages/airflow/example_dags/tutorial.py for tasks to queue
[2023-09-20T22:28:37.122+0000] {logging_mixin.py:151} INFO - [2023-09-20T22:28:37.122+0000] {dagbag.py:539} INFO - Filling up the DagBag from /home/airflow/.local/lib/python3.8/site-packages/airflow/example_dags/tutorial.py
[2023-09-20T22:28:37.129+0000] {processor.py:839} INFO - DAG(s) dict_keys(['tutorial']) retrieved from /home/airflow/.local/lib/python3.8/site-packages/airflow/example_dags/tutorial.py
[2023-09-20T22:28:37.156+0000] {logging_mixin.py:151} INFO - [2023-09-20T22:28:37.156+0000] {dag.py:2915} INFO - Sync 1 DAGs
[2023-09-20T22:28:37.185+0000] {logging_mixin.py:151} INFO - [2023-09-20T22:28:37.185+0000] {dag.py:3696} INFO - Setting next_dagrun for tutorial to 2023-09-19T22:28:37.184716+00:00, run_after=2023-09-20T22:28:37.184716+00:00
[2023-09-20T22:28:37.212+0000] {processor.py:179} INFO - Processing /home/airflow/.local/lib/python3.8/site-packages/airflow/example_dags/tutorial.py took 0.099 seconds
[2023-09-20T22:29:07.858+0000] {processor.py:157} INFO - Started process (PID=506) to work on /home/airflow/.local/lib/python3.8/site-packages/airflow/example_dags/tutorial.py
[2023-09-20T22:29:07.859+0000] {processor.py:829} INFO - Processing file /home/airflow/.local/lib/python3.8/site-packages/airflow/example_dags/tutorial.py for tasks to queue
[2023-09-20T22:29:07.862+0000] {logging_mixin.py:151} INFO - [2023-09-20T22:29:07.862+0000] {dagbag.py:539} INFO - Filling up the DagBag from /home/airflow/.local/lib/python3.8/site-packages/airflow/example_dags/tutorial.py
[2023-09-20T22:29:07.870+0000] {processor.py:839} INFO - DAG(s) dict_keys(['tutorial']) retrieved from /home/airflow/.local/lib/python3.8/site-packages/airflow/example_dags/tutorial.py
[2023-09-20T22:29:07.905+0000] {logging_mixin.py:151} INFO - [2023-09-20T22:29:07.905+0000] {dag.py:2915} INFO - Sync 1 DAGs
[2023-09-20T22:29:07.937+0000] {logging_mixin.py:151} INFO - [2023-09-20T22:29:07.937+0000] {dag.py:3696} INFO - Setting next_dagrun for tutorial to 2023-09-19T22:29:07.937382+00:00, run_after=2023-09-20T22:29:07.937382+00:00
[2023-09-20T22:29:07.973+0000] {processor.py:179} INFO - Processing /home/airflow/.local/lib/python3.8/site-packages/airflow/example_dags/tutorial.py took 0.120 seconds
[2023-09-20T22:29:38.939+0000] {processor.py:157} INFO - Started process (PID=561) to work on /home/airflow/.local/lib/python3.8/site-packages/airflow/example_dags/tutorial.py
[2023-09-20T22:29:38.941+0000] {processor.py:829} INFO - Processing file /home/airflow/.local/lib/python3.8/site-packages/airflow/example_dags/tutorial.py for tasks to queue
[2023-09-20T22:29:38.945+0000] {logging_mixin.py:151} INFO - [2023-09-20T22:29:38.944+0000] {dagbag.py:539} INFO - Filling up the DagBag from /home/airflow/.local/lib/python3.8/site-packages/airflow/example_dags/tutorial.py
[2023-09-20T22:29:38.957+0000] {processor.py:839} INFO - DAG(s) dict_keys(['tutorial']) retrieved from /home/airflow/.local/lib/python3.8/site-packages/airflow/example_dags/tutorial.py
[2023-09-20T22:29:39.001+0000] {logging_mixin.py:151} INFO - [2023-09-20T22:29:39.000+0000] {dag.py:2915} INFO - Sync 1 DAGs
[2023-09-20T22:29:39.055+0000] {logging_mixin.py:151} INFO - [2023-09-20T22:29:39.055+0000] {dag.py:3696} INFO - Setting next_dagrun for tutorial to 2023-09-19T22:29:39.054917+00:00, run_after=2023-09-20T22:29:39.054917+00:00
[2023-09-20T22:29:39.128+0000] {processor.py:179} INFO - Processing /home/airflow/.local/lib/python3.8/site-packages/airflow/example_dags/tutorial.py took 0.193 seconds
[2023-09-20T22:30:09.390+0000] {processor.py:157} INFO - Started process (PID=616) to work on /home/airflow/.local/lib/python3.8/site-packages/airflow/example_dags/tutorial.py
[2023-09-20T22:30:09.394+0000] {processor.py:829} INFO - Processing file /home/airflow/.local/lib/python3.8/site-packages/airflow/example_dags/tutorial.py for tasks to queue
[2023-09-20T22:30:09.400+0000] {logging_mixin.py:151} INFO - [2023-09-20T22:30:09.399+0000] {dagbag.py:539} INFO - Filling up the DagBag from /home/airflow/.local/lib/python3.8/site-packages/airflow/example_dags/tutorial.py
[2023-09-20T22:30:09.411+0000] {processor.py:839} INFO - DAG(s) dict_keys(['tutorial']) retrieved from /home/airflow/.local/lib/python3.8/site-packages/airflow/example_dags/tutorial.py
[2023-09-20T22:30:09.447+0000] {logging_mixin.py:151} INFO - [2023-09-20T22:30:09.447+0000] {dag.py:2915} INFO - Sync 1 DAGs
[2023-09-20T22:30:09.487+0000] {logging_mixin.py:151} INFO - [2023-09-20T22:30:09.486+0000] {dag.py:3696} INFO - Setting next_dagrun for tutorial to 2023-09-19T22:30:09.486586+00:00, run_after=2023-09-20T22:30:09.486586+00:00
[2023-09-20T22:30:09.516+0000] {processor.py:179} INFO - Processing /home/airflow/.local/lib/python3.8/site-packages/airflow/example_dags/tutorial.py took 0.133 seconds
[2023-09-20T22:30:40.154+0000] {processor.py:157} INFO - Started process (PID=671) to work on /home/airflow/.local/lib/python3.8/site-packages/airflow/example_dags/tutorial.py
[2023-09-20T22:30:40.156+0000] {processor.py:829} INFO - Processing file /home/airflow/.local/lib/python3.8/site-packages/airflow/example_dags/tutorial.py for tasks to queue
[2023-09-20T22:30:40.161+0000] {logging_mixin.py:151} INFO - [2023-09-20T22:30:40.160+0000] {dagbag.py:539} INFO - Filling up the DagBag from /home/airflow/.local/lib/python3.8/site-packages/airflow/example_dags/tutorial.py
[2023-09-20T22:30:40.174+0000] {processor.py:839} INFO - DAG(s) dict_keys(['tutorial']) retrieved from /home/airflow/.local/lib/python3.8/site-packages/airflow/example_dags/tutorial.py
[2023-09-20T22:30:40.207+0000] {logging_mixin.py:151} INFO - [2023-09-20T22:30:40.207+0000] {dag.py:2915} INFO - Sync 1 DAGs
[2023-09-20T22:30:40.240+0000] {logging_mixin.py:151} INFO - [2023-09-20T22:30:40.240+0000] {dag.py:3696} INFO - Setting next_dagrun for tutorial to 2023-09-19T22:30:40.239643+00:00, run_after=2023-09-20T22:30:40.239643+00:00
[2023-09-20T22:30:40.269+0000] {processor.py:179} INFO - Processing /home/airflow/.local/lib/python3.8/site-packages/airflow/example_dags/tutorial.py took 0.124 seconds
[2023-09-20T22:31:11.208+0000] {processor.py:157} INFO - Started process (PID=726) to work on /home/airflow/.local/lib/python3.8/site-packages/airflow/example_dags/tutorial.py
[2023-09-20T22:31:11.210+0000] {processor.py:829} INFO - Processing file /home/airflow/.local/lib/python3.8/site-packages/airflow/example_dags/tutorial.py for tasks to queue
[2023-09-20T22:31:11.214+0000] {logging_mixin.py:151} INFO - [2023-09-20T22:31:11.213+0000] {dagbag.py:539} INFO - Filling up the DagBag from /home/airflow/.local/lib/python3.8/site-packages/airflow/example_dags/tutorial.py
[2023-09-20T22:31:11.225+0000] {processor.py:839} INFO - DAG(s) dict_keys(['tutorial']) retrieved from /home/airflow/.local/lib/python3.8/site-packages/airflow/example_dags/tutorial.py
[2023-09-20T22:31:11.255+0000] {logging_mixin.py:151} INFO - [2023-09-20T22:31:11.255+0000] {dag.py:2915} INFO - Sync 1 DAGs
[2023-09-20T22:31:11.288+0000] {logging_mixin.py:151} INFO - [2023-09-20T22:31:11.288+0000] {dag.py:3696} INFO - Setting next_dagrun for tutorial to 2023-09-19T22:31:11.287883+00:00, run_after=2023-09-20T22:31:11.287883+00:00
[2023-09-20T22:31:11.331+0000] {processor.py:179} INFO - Processing /home/airflow/.local/lib/python3.8/site-packages/airflow/example_dags/tutorial.py took 0.127 seconds
[2023-09-20T22:31:42.634+0000] {processor.py:157} INFO - Started process (PID=781) to work on /home/airflow/.local/lib/python3.8/site-packages/airflow/example_dags/tutorial.py
[2023-09-20T22:31:42.635+0000] {processor.py:829} INFO - Processing file /home/airflow/.local/lib/python3.8/site-packages/airflow/example_dags/tutorial.py for tasks to queue
[2023-09-20T22:31:42.638+0000] {logging_mixin.py:151} INFO - [2023-09-20T22:31:42.638+0000] {dagbag.py:539} INFO - Filling up the DagBag from /home/airflow/.local/lib/python3.8/site-packages/airflow/example_dags/tutorial.py
[2023-09-20T22:31:42.647+0000] {processor.py:839} INFO - DAG(s) dict_keys(['tutorial']) retrieved from /home/airflow/.local/lib/python3.8/site-packages/airflow/example_dags/tutorial.py
[2023-09-20T22:31:42.675+0000] {logging_mixin.py:151} INFO - [2023-09-20T22:31:42.675+0000] {dag.py:2915} INFO - Sync 1 DAGs
[2023-09-20T22:31:42.704+0000] {logging_mixin.py:151} INFO - [2023-09-20T22:31:42.704+0000] {dag.py:3696} INFO - Setting next_dagrun for tutorial to 2023-09-19T22:31:42.704267+00:00, run_after=2023-09-20T22:31:42.704267+00:00
[2023-09-20T22:31:42.735+0000] {processor.py:179} INFO - Processing /home/airflow/.local/lib/python3.8/site-packages/airflow/example_dags/tutorial.py took 0.106 seconds
[2023-09-20T22:32:13.366+0000] {processor.py:157} INFO - Started process (PID=836) to work on /home/airflow/.local/lib/python3.8/site-packages/airflow/example_dags/tutorial.py
[2023-09-20T22:32:13.368+0000] {processor.py:829} INFO - Processing file /home/airflow/.local/lib/python3.8/site-packages/airflow/example_dags/tutorial.py for tasks to queue
[2023-09-20T22:32:13.372+0000] {logging_mixin.py:151} INFO - [2023-09-20T22:32:13.371+0000] {dagbag.py:539} INFO - Filling up the DagBag from /home/airflow/.local/lib/python3.8/site-packages/airflow/example_dags/tutorial.py
[2023-09-20T22:32:13.381+0000] {processor.py:839} INFO - DAG(s) dict_keys(['tutorial']) retrieved from /home/airflow/.local/lib/python3.8/site-packages/airflow/example_dags/tutorial.py
[2023-09-20T22:32:13.408+0000] {logging_mixin.py:151} INFO - [2023-09-20T22:32:13.408+0000] {dag.py:2915} INFO - Sync 1 DAGs
[2023-09-20T22:32:13.447+0000] {logging_mixin.py:151} INFO - [2023-09-20T22:32:13.447+0000] {dag.py:3696} INFO - Setting next_dagrun for tutorial to 2023-09-19T22:32:13.446736+00:00, run_after=2023-09-20T22:32:13.446736+00:00
[2023-09-20T22:32:13.479+0000] {processor.py:179} INFO - Processing /home/airflow/.local/lib/python3.8/site-packages/airflow/example_dags/tutorial.py took 0.117 seconds
[2023-09-20T22:32:44.337+0000] {processor.py:157} INFO - Started process (PID=891) to work on /home/airflow/.local/lib/python3.8/site-packages/airflow/example_dags/tutorial.py
[2023-09-20T22:32:44.338+0000] {processor.py:829} INFO - Processing file /home/airflow/.local/lib/python3.8/site-packages/airflow/example_dags/tutorial.py for tasks to queue
[2023-09-20T22:32:44.342+0000] {logging_mixin.py:151} INFO - [2023-09-20T22:32:44.341+0000] {dagbag.py:539} INFO - Filling up the DagBag from /home/airflow/.local/lib/python3.8/site-packages/airflow/example_dags/tutorial.py
[2023-09-20T22:32:44.350+0000] {processor.py:839} INFO - DAG(s) dict_keys(['tutorial']) retrieved from /home/airflow/.local/lib/python3.8/site-packages/airflow/example_dags/tutorial.py
[2023-09-20T22:32:44.377+0000] {logging_mixin.py:151} INFO - [2023-09-20T22:32:44.377+0000] {dag.py:2915} INFO - Sync 1 DAGs
[2023-09-20T22:32:44.406+0000] {logging_mixin.py:151} INFO - [2023-09-20T22:32:44.406+0000] {dag.py:3696} INFO - Setting next_dagrun for tutorial to 2023-09-19T22:32:44.406320+00:00, run_after=2023-09-20T22:32:44.406320+00:00
[2023-09-20T22:32:44.443+0000] {processor.py:179} INFO - Processing /home/airflow/.local/lib/python3.8/site-packages/airflow/example_dags/tutorial.py took 0.110 seconds
[2023-09-20T22:33:15.249+0000] {processor.py:157} INFO - Started process (PID=946) to work on /home/airflow/.local/lib/python3.8/site-packages/airflow/example_dags/tutorial.py
[2023-09-20T22:33:15.251+0000] {processor.py:829} INFO - Processing file /home/airflow/.local/lib/python3.8/site-packages/airflow/example_dags/tutorial.py for tasks to queue
[2023-09-20T22:33:15.256+0000] {logging_mixin.py:151} INFO - [2023-09-20T22:33:15.256+0000] {dagbag.py:539} INFO - Filling up the DagBag from /home/airflow/.local/lib/python3.8/site-packages/airflow/example_dags/tutorial.py
[2023-09-20T22:33:15.265+0000] {processor.py:839} INFO - DAG(s) dict_keys(['tutorial']) retrieved from /home/airflow/.local/lib/python3.8/site-packages/airflow/example_dags/tutorial.py
[2023-09-20T22:33:15.292+0000] {logging_mixin.py:151} INFO - [2023-09-20T22:33:15.292+0000] {dag.py:2915} INFO - Sync 1 DAGs
[2023-09-20T22:33:15.325+0000] {logging_mixin.py:151} INFO - [2023-09-20T22:33:15.324+0000] {dag.py:3696} INFO - Setting next_dagrun for tutorial to 2023-09-19T22:33:15.324532+00:00, run_after=2023-09-20T22:33:15.324532+00:00
[2023-09-20T22:33:15.355+0000] {processor.py:179} INFO - Processing /home/airflow/.local/lib/python3.8/site-packages/airflow/example_dags/tutorial.py took 0.111 seconds
[2023-09-20T22:33:46.027+0000] {processor.py:157} INFO - Started process (PID=1001) to work on /home/airflow/.local/lib/python3.8/site-packages/airflow/example_dags/tutorial.py
[2023-09-20T22:33:46.028+0000] {processor.py:829} INFO - Processing file /home/airflow/.local/lib/python3.8/site-packages/airflow/example_dags/tutorial.py for tasks to queue
[2023-09-20T22:33:46.031+0000] {logging_mixin.py:151} INFO - [2023-09-20T22:33:46.031+0000] {dagbag.py:539} INFO - Filling up the DagBag from /home/airflow/.local/lib/python3.8/site-packages/airflow/example_dags/tutorial.py
[2023-09-20T22:33:46.039+0000] {processor.py:839} INFO - DAG(s) dict_keys(['tutorial']) retrieved from /home/airflow/.local/lib/python3.8/site-packages/airflow/example_dags/tutorial.py
[2023-09-20T22:33:46.069+0000] {logging_mixin.py:151} INFO - [2023-09-20T22:33:46.069+0000] {dag.py:2915} INFO - Sync 1 DAGs
[2023-09-20T22:33:46.102+0000] {logging_mixin.py:151} INFO - [2023-09-20T22:33:46.102+0000] {dag.py:3696} INFO - Setting next_dagrun for tutorial to 2023-09-19T22:33:46.102191+00:00, run_after=2023-09-20T22:33:46.102191+00:00
[2023-09-20T22:33:46.134+0000] {processor.py:179} INFO - Processing /home/airflow/.local/lib/python3.8/site-packages/airflow/example_dags/tutorial.py took 0.112 seconds
[2023-09-20T22:34:16.802+0000] {processor.py:157} INFO - Started process (PID=1056) to work on /home/airflow/.local/lib/python3.8/site-packages/airflow/example_dags/tutorial.py
[2023-09-20T22:34:16.804+0000] {processor.py:829} INFO - Processing file /home/airflow/.local/lib/python3.8/site-packages/airflow/example_dags/tutorial.py for tasks to queue
[2023-09-20T22:34:16.809+0000] {logging_mixin.py:151} INFO - [2023-09-20T22:34:16.808+0000] {dagbag.py:539} INFO - Filling up the DagBag from /home/airflow/.local/lib/python3.8/site-packages/airflow/example_dags/tutorial.py
[2023-09-20T22:34:16.818+0000] {processor.py:839} INFO - DAG(s) dict_keys(['tutorial']) retrieved from /home/airflow/.local/lib/python3.8/site-packages/airflow/example_dags/tutorial.py
[2023-09-20T22:34:16.845+0000] {logging_mixin.py:151} INFO - [2023-09-20T22:34:16.844+0000] {dag.py:2915} INFO - Sync 1 DAGs
[2023-09-20T22:34:16.875+0000] {logging_mixin.py:151} INFO - [2023-09-20T22:34:16.875+0000] {dag.py:3696} INFO - Setting next_dagrun for tutorial to 2023-09-19T22:34:16.874736+00:00, run_after=2023-09-20T22:34:16.874736+00:00
[2023-09-20T22:34:16.904+0000] {processor.py:179} INFO - Processing /home/airflow/.local/lib/python3.8/site-packages/airflow/example_dags/tutorial.py took 0.109 seconds
[2023-09-20T22:34:47.630+0000] {processor.py:157} INFO - Started process (PID=1111) to work on /home/airflow/.local/lib/python3.8/site-packages/airflow/example_dags/tutorial.py
[2023-09-20T22:34:47.631+0000] {processor.py:829} INFO - Processing file /home/airflow/.local/lib/python3.8/site-packages/airflow/example_dags/tutorial.py for tasks to queue
[2023-09-20T22:34:47.635+0000] {logging_mixin.py:151} INFO - [2023-09-20T22:34:47.634+0000] {dagbag.py:539} INFO - Filling up the DagBag from /home/airflow/.local/lib/python3.8/site-packages/airflow/example_dags/tutorial.py
[2023-09-20T22:34:47.644+0000] {processor.py:839} INFO - DAG(s) dict_keys(['tutorial']) retrieved from /home/airflow/.local/lib/python3.8/site-packages/airflow/example_dags/tutorial.py
[2023-09-20T22:34:47.678+0000] {logging_mixin.py:151} INFO - [2023-09-20T22:34:47.678+0000] {dag.py:2915} INFO - Sync 1 DAGs
[2023-09-20T22:34:47.721+0000] {logging_mixin.py:151} INFO - [2023-09-20T22:34:47.721+0000] {dag.py:3696} INFO - Setting next_dagrun for tutorial to 2023-09-19T22:34:47.720537+00:00, run_after=2023-09-20T22:34:47.720537+00:00
[2023-09-20T22:34:47.750+0000] {processor.py:179} INFO - Processing /home/airflow/.local/lib/python3.8/site-packages/airflow/example_dags/tutorial.py took 0.126 seconds
[2023-09-20T22:35:18.572+0000] {processor.py:157} INFO - Started process (PID=1166) to work on /home/airflow/.local/lib/python3.8/site-packages/airflow/example_dags/tutorial.py
[2023-09-20T22:35:18.574+0000] {processor.py:829} INFO - Processing file /home/airflow/.local/lib/python3.8/site-packages/airflow/example_dags/tutorial.py for tasks to queue
[2023-09-20T22:35:18.579+0000] {logging_mixin.py:151} INFO - [2023-09-20T22:35:18.579+0000] {dagbag.py:539} INFO - Filling up the DagBag from /home/airflow/.local/lib/python3.8/site-packages/airflow/example_dags/tutorial.py
[2023-09-20T22:35:18.593+0000] {processor.py:839} INFO - DAG(s) dict_keys(['tutorial']) retrieved from /home/airflow/.local/lib/python3.8/site-packages/airflow/example_dags/tutorial.py
[2023-09-20T22:35:18.642+0000] {logging_mixin.py:151} INFO - [2023-09-20T22:35:18.642+0000] {dag.py:2915} INFO - Sync 1 DAGs
[2023-09-20T22:35:18.686+0000] {logging_mixin.py:151} INFO - [2023-09-20T22:35:18.686+0000] {dag.py:3696} INFO - Setting next_dagrun for tutorial to 2023-09-19T22:35:18.685549+00:00, run_after=2023-09-20T22:35:18.685549+00:00
[2023-09-20T22:35:18.802+0000] {processor.py:179} INFO - Processing /home/airflow/.local/lib/python3.8/site-packages/airflow/example_dags/tutorial.py took 0.240 seconds
[2023-09-20T22:35:49.521+0000] {processor.py:157} INFO - Started process (PID=1221) to work on /home/airflow/.local/lib/python3.8/site-packages/airflow/example_dags/tutorial.py
[2023-09-20T22:35:49.523+0000] {processor.py:829} INFO - Processing file /home/airflow/.local/lib/python3.8/site-packages/airflow/example_dags/tutorial.py for tasks to queue
[2023-09-20T22:35:49.530+0000] {logging_mixin.py:151} INFO - [2023-09-20T22:35:49.529+0000] {dagbag.py:539} INFO - Filling up the DagBag from /home/airflow/.local/lib/python3.8/site-packages/airflow/example_dags/tutorial.py
[2023-09-20T22:35:49.547+0000] {processor.py:839} INFO - DAG(s) dict_keys(['tutorial']) retrieved from /home/airflow/.local/lib/python3.8/site-packages/airflow/example_dags/tutorial.py
[2023-09-20T22:35:49.598+0000] {logging_mixin.py:151} INFO - [2023-09-20T22:35:49.597+0000] {dag.py:2915} INFO - Sync 1 DAGs
[2023-09-20T22:35:49.644+0000] {logging_mixin.py:151} INFO - [2023-09-20T22:35:49.643+0000] {dag.py:3696} INFO - Setting next_dagrun for tutorial to 2023-09-19T22:35:49.643137+00:00, run_after=2023-09-20T22:35:49.643137+00:00
[2023-09-20T22:35:49.706+0000] {processor.py:179} INFO - Processing /home/airflow/.local/lib/python3.8/site-packages/airflow/example_dags/tutorial.py took 0.195 seconds
[2023-09-20T22:36:20.488+0000] {processor.py:157} INFO - Started process (PID=1276) to work on /home/airflow/.local/lib/python3.8/site-packages/airflow/example_dags/tutorial.py
[2023-09-20T22:36:20.492+0000] {processor.py:829} INFO - Processing file /home/airflow/.local/lib/python3.8/site-packages/airflow/example_dags/tutorial.py for tasks to queue
[2023-09-20T22:36:20.499+0000] {logging_mixin.py:151} INFO - [2023-09-20T22:36:20.499+0000] {dagbag.py:539} INFO - Filling up the DagBag from /home/airflow/.local/lib/python3.8/site-packages/airflow/example_dags/tutorial.py
[2023-09-20T22:36:20.517+0000] {processor.py:839} INFO - DAG(s) dict_keys(['tutorial']) retrieved from /home/airflow/.local/lib/python3.8/site-packages/airflow/example_dags/tutorial.py
[2023-09-20T22:36:20.562+0000] {logging_mixin.py:151} INFO - [2023-09-20T22:36:20.562+0000] {dag.py:2915} INFO - Sync 1 DAGs
[2023-09-20T22:36:20.603+0000] {logging_mixin.py:151} INFO - [2023-09-20T22:36:20.603+0000] {dag.py:3696} INFO - Setting next_dagrun for tutorial to 2023-09-19T22:36:20.603050+00:00, run_after=2023-09-20T22:36:20.603050+00:00
[2023-09-20T22:36:20.646+0000] {processor.py:179} INFO - Processing /home/airflow/.local/lib/python3.8/site-packages/airflow/example_dags/tutorial.py took 0.170 seconds
[2023-09-20T22:36:50.853+0000] {processor.py:157} INFO - Started process (PID=1331) to work on /home/airflow/.local/lib/python3.8/site-packages/airflow/example_dags/tutorial.py
[2023-09-20T22:36:50.855+0000] {processor.py:829} INFO - Processing file /home/airflow/.local/lib/python3.8/site-packages/airflow/example_dags/tutorial.py for tasks to queue
[2023-09-20T22:36:50.861+0000] {logging_mixin.py:151} INFO - [2023-09-20T22:36:50.860+0000] {dagbag.py:539} INFO - Filling up the DagBag from /home/airflow/.local/lib/python3.8/site-packages/airflow/example_dags/tutorial.py
[2023-09-20T22:36:50.876+0000] {processor.py:839} INFO - DAG(s) dict_keys(['tutorial']) retrieved from /home/airflow/.local/lib/python3.8/site-packages/airflow/example_dags/tutorial.py
[2023-09-20T22:36:50.923+0000] {logging_mixin.py:151} INFO - [2023-09-20T22:36:50.923+0000] {dag.py:2915} INFO - Sync 1 DAGs
[2023-09-20T22:36:50.965+0000] {logging_mixin.py:151} INFO - [2023-09-20T22:36:50.964+0000] {dag.py:3696} INFO - Setting next_dagrun for tutorial to 2023-09-19T22:36:50.964296+00:00, run_after=2023-09-20T22:36:50.964296+00:00
[2023-09-20T22:36:51.075+0000] {processor.py:179} INFO - Processing /home/airflow/.local/lib/python3.8/site-packages/airflow/example_dags/tutorial.py took 0.232 seconds
[2023-09-20T22:37:21.869+0000] {processor.py:157} INFO - Started process (PID=1394) to work on /home/airflow/.local/lib/python3.8/site-packages/airflow/example_dags/tutorial.py
[2023-09-20T22:37:21.872+0000] {processor.py:829} INFO - Processing file /home/airflow/.local/lib/python3.8/site-packages/airflow/example_dags/tutorial.py for tasks to queue
[2023-09-20T22:37:21.879+0000] {logging_mixin.py:151} INFO - [2023-09-20T22:37:21.878+0000] {dagbag.py:539} INFO - Filling up the DagBag from /home/airflow/.local/lib/python3.8/site-packages/airflow/example_dags/tutorial.py
[2023-09-20T22:37:21.900+0000] {processor.py:839} INFO - DAG(s) dict_keys(['tutorial']) retrieved from /home/airflow/.local/lib/python3.8/site-packages/airflow/example_dags/tutorial.py
[2023-09-20T22:37:21.954+0000] {logging_mixin.py:151} INFO - [2023-09-20T22:37:21.954+0000] {dag.py:2915} INFO - Sync 1 DAGs
[2023-09-20T22:37:21.997+0000] {logging_mixin.py:151} INFO - [2023-09-20T22:37:21.996+0000] {dag.py:3696} INFO - Setting next_dagrun for tutorial to 2023-09-19T22:37:21.996484+00:00, run_after=2023-09-20T22:37:21.996484+00:00
[2023-09-20T22:37:22.039+0000] {processor.py:179} INFO - Processing /home/airflow/.local/lib/python3.8/site-packages/airflow/example_dags/tutorial.py took 0.181 seconds
[2023-09-20T22:37:52.723+0000] {processor.py:157} INFO - Started process (PID=1449) to work on /home/airflow/.local/lib/python3.8/site-packages/airflow/example_dags/tutorial.py
[2023-09-20T22:37:52.726+0000] {processor.py:829} INFO - Processing file /home/airflow/.local/lib/python3.8/site-packages/airflow/example_dags/tutorial.py for tasks to queue
[2023-09-20T22:37:52.732+0000] {logging_mixin.py:151} INFO - [2023-09-20T22:37:52.731+0000] {dagbag.py:539} INFO - Filling up the DagBag from /home/airflow/.local/lib/python3.8/site-packages/airflow/example_dags/tutorial.py
[2023-09-20T22:37:52.748+0000] {processor.py:839} INFO - DAG(s) dict_keys(['tutorial']) retrieved from /home/airflow/.local/lib/python3.8/site-packages/airflow/example_dags/tutorial.py
[2023-09-20T22:37:52.793+0000] {logging_mixin.py:151} INFO - [2023-09-20T22:37:52.793+0000] {dag.py:2915} INFO - Sync 1 DAGs
[2023-09-20T22:37:52.835+0000] {logging_mixin.py:151} INFO - [2023-09-20T22:37:52.835+0000] {dag.py:3696} INFO - Setting next_dagrun for tutorial to 2023-09-19T22:37:52.834895+00:00, run_after=2023-09-20T22:37:52.834895+00:00
[2023-09-20T22:37:52.932+0000] {processor.py:179} INFO - Processing /home/airflow/.local/lib/python3.8/site-packages/airflow/example_dags/tutorial.py took 0.220 seconds
[2023-09-20T22:38:23.133+0000] {processor.py:157} INFO - Started process (PID=1504) to work on /home/airflow/.local/lib/python3.8/site-packages/airflow/example_dags/tutorial.py
[2023-09-20T22:38:23.136+0000] {processor.py:829} INFO - Processing file /home/airflow/.local/lib/python3.8/site-packages/airflow/example_dags/tutorial.py for tasks to queue
[2023-09-20T22:38:23.143+0000] {logging_mixin.py:151} INFO - [2023-09-20T22:38:23.142+0000] {dagbag.py:539} INFO - Filling up the DagBag from /home/airflow/.local/lib/python3.8/site-packages/airflow/example_dags/tutorial.py
[2023-09-20T22:38:23.159+0000] {processor.py:839} INFO - DAG(s) dict_keys(['tutorial']) retrieved from /home/airflow/.local/lib/python3.8/site-packages/airflow/example_dags/tutorial.py
[2023-09-20T22:38:23.207+0000] {logging_mixin.py:151} INFO - [2023-09-20T22:38:23.206+0000] {dag.py:2915} INFO - Sync 1 DAGs
[2023-09-20T22:38:23.252+0000] {logging_mixin.py:151} INFO - [2023-09-20T22:38:23.252+0000] {dag.py:3696} INFO - Setting next_dagrun for tutorial to 2023-09-19T22:38:23.251760+00:00, run_after=2023-09-20T22:38:23.251760+00:00
[2023-09-20T22:38:23.306+0000] {processor.py:179} INFO - Processing /home/airflow/.local/lib/python3.8/site-packages/airflow/example_dags/tutorial.py took 0.182 seconds
[2023-09-20T22:38:54.101+0000] {processor.py:157} INFO - Started process (PID=1559) to work on /home/airflow/.local/lib/python3.8/site-packages/airflow/example_dags/tutorial.py
[2023-09-20T22:38:54.104+0000] {processor.py:829} INFO - Processing file /home/airflow/.local/lib/python3.8/site-packages/airflow/example_dags/tutorial.py for tasks to queue
[2023-09-20T22:38:54.111+0000] {logging_mixin.py:151} INFO - [2023-09-20T22:38:54.110+0000] {dagbag.py:539} INFO - Filling up the DagBag from /home/airflow/.local/lib/python3.8/site-packages/airflow/example_dags/tutorial.py
[2023-09-20T22:38:54.128+0000] {processor.py:839} INFO - DAG(s) dict_keys(['tutorial']) retrieved from /home/airflow/.local/lib/python3.8/site-packages/airflow/example_dags/tutorial.py
[2023-09-20T22:38:54.175+0000] {logging_mixin.py:151} INFO - [2023-09-20T22:38:54.175+0000] {dag.py:2915} INFO - Sync 1 DAGs
[2023-09-20T22:38:54.218+0000] {logging_mixin.py:151} INFO - [2023-09-20T22:38:54.217+0000] {dag.py:3696} INFO - Setting next_dagrun for tutorial to 2023-09-19T22:38:54.217288+00:00, run_after=2023-09-20T22:38:54.217288+00:00
[2023-09-20T22:38:54.258+0000] {processor.py:179} INFO - Processing /home/airflow/.local/lib/python3.8/site-packages/airflow/example_dags/tutorial.py took 0.168 seconds
[2023-09-20T22:39:24.371+0000] {processor.py:157} INFO - Started process (PID=1614) to work on /home/airflow/.local/lib/python3.8/site-packages/airflow/example_dags/tutorial.py
[2023-09-20T22:39:24.372+0000] {processor.py:829} INFO - Processing file /home/airflow/.local/lib/python3.8/site-packages/airflow/example_dags/tutorial.py for tasks to queue
[2023-09-20T22:39:24.376+0000] {logging_mixin.py:151} INFO - [2023-09-20T22:39:24.375+0000] {dagbag.py:539} INFO - Filling up the DagBag from /home/airflow/.local/lib/python3.8/site-packages/airflow/example_dags/tutorial.py
[2023-09-20T22:39:24.385+0000] {processor.py:839} INFO - DAG(s) dict_keys(['tutorial']) retrieved from /home/airflow/.local/lib/python3.8/site-packages/airflow/example_dags/tutorial.py
[2023-09-20T22:39:24.414+0000] {logging_mixin.py:151} INFO - [2023-09-20T22:39:24.414+0000] {dag.py:2915} INFO - Sync 1 DAGs
[2023-09-20T22:39:24.443+0000] {logging_mixin.py:151} INFO - [2023-09-20T22:39:24.443+0000] {dag.py:3696} INFO - Setting next_dagrun for tutorial to 2023-09-19T22:39:24.443107+00:00, run_after=2023-09-20T22:39:24.443107+00:00
[2023-09-20T22:39:24.485+0000] {processor.py:179} INFO - Processing /home/airflow/.local/lib/python3.8/site-packages/airflow/example_dags/tutorial.py took 0.119 seconds
[2023-09-20T22:39:54.571+0000] {processor.py:157} INFO - Started process (PID=1668) to work on /home/airflow/.local/lib/python3.8/site-packages/airflow/example_dags/tutorial.py
[2023-09-20T22:39:54.572+0000] {processor.py:829} INFO - Processing file /home/airflow/.local/lib/python3.8/site-packages/airflow/example_dags/tutorial.py for tasks to queue
[2023-09-20T22:39:54.576+0000] {logging_mixin.py:151} INFO - [2023-09-20T22:39:54.575+0000] {dagbag.py:539} INFO - Filling up the DagBag from /home/airflow/.local/lib/python3.8/site-packages/airflow/example_dags/tutorial.py
[2023-09-20T22:39:54.583+0000] {processor.py:839} INFO - DAG(s) dict_keys(['tutorial']) retrieved from /home/airflow/.local/lib/python3.8/site-packages/airflow/example_dags/tutorial.py
[2023-09-20T22:39:54.612+0000] {logging_mixin.py:151} INFO - [2023-09-20T22:39:54.612+0000] {dag.py:2915} INFO - Sync 1 DAGs
[2023-09-20T22:39:54.641+0000] {logging_mixin.py:151} INFO - [2023-09-20T22:39:54.641+0000] {dag.py:3696} INFO - Setting next_dagrun for tutorial to 2023-09-19T22:39:54.641267+00:00, run_after=2023-09-20T22:39:54.641267+00:00
[2023-09-20T22:39:54.670+0000] {processor.py:179} INFO - Processing /home/airflow/.local/lib/python3.8/site-packages/airflow/example_dags/tutorial.py took 0.105 seconds
[2023-09-20T22:40:25.578+0000] {processor.py:157} INFO - Started process (PID=1723) to work on /home/airflow/.local/lib/python3.8/site-packages/airflow/example_dags/tutorial.py
[2023-09-20T22:40:25.579+0000] {processor.py:829} INFO - Processing file /home/airflow/.local/lib/python3.8/site-packages/airflow/example_dags/tutorial.py for tasks to queue
[2023-09-20T22:40:25.584+0000] {logging_mixin.py:151} INFO - [2023-09-20T22:40:25.583+0000] {dagbag.py:539} INFO - Filling up the DagBag from /home/airflow/.local/lib/python3.8/site-packages/airflow/example_dags/tutorial.py
[2023-09-20T22:40:25.593+0000] {processor.py:839} INFO - DAG(s) dict_keys(['tutorial']) retrieved from /home/airflow/.local/lib/python3.8/site-packages/airflow/example_dags/tutorial.py
[2023-09-20T22:40:25.625+0000] {logging_mixin.py:151} INFO - [2023-09-20T22:40:25.624+0000] {dag.py:2915} INFO - Sync 1 DAGs
[2023-09-20T22:40:25.657+0000] {logging_mixin.py:151} INFO - [2023-09-20T22:40:25.657+0000] {dag.py:3696} INFO - Setting next_dagrun for tutorial to 2023-09-19T22:40:25.657075+00:00, run_after=2023-09-20T22:40:25.657075+00:00
[2023-09-20T22:40:25.694+0000] {processor.py:179} INFO - Processing /home/airflow/.local/lib/python3.8/site-packages/airflow/example_dags/tutorial.py took 0.122 seconds
[2023-09-20T22:40:55.923+0000] {processor.py:157} INFO - Started process (PID=1778) to work on /home/airflow/.local/lib/python3.8/site-packages/airflow/example_dags/tutorial.py
[2023-09-20T22:40:55.925+0000] {processor.py:829} INFO - Processing file /home/airflow/.local/lib/python3.8/site-packages/airflow/example_dags/tutorial.py for tasks to queue
[2023-09-20T22:40:55.928+0000] {logging_mixin.py:151} INFO - [2023-09-20T22:40:55.927+0000] {dagbag.py:539} INFO - Filling up the DagBag from /home/airflow/.local/lib/python3.8/site-packages/airflow/example_dags/tutorial.py
[2023-09-20T22:40:55.936+0000] {processor.py:839} INFO - DAG(s) dict_keys(['tutorial']) retrieved from /home/airflow/.local/lib/python3.8/site-packages/airflow/example_dags/tutorial.py
[2023-09-20T22:40:55.970+0000] {logging_mixin.py:151} INFO - [2023-09-20T22:40:55.969+0000] {dag.py:2915} INFO - Sync 1 DAGs
[2023-09-20T22:40:55.999+0000] {logging_mixin.py:151} INFO - [2023-09-20T22:40:55.999+0000] {dag.py:3696} INFO - Setting next_dagrun for tutorial to 2023-09-19T22:40:55.999079+00:00, run_after=2023-09-20T22:40:55.999079+00:00
[2023-09-20T22:40:56.027+0000] {processor.py:179} INFO - Processing /home/airflow/.local/lib/python3.8/site-packages/airflow/example_dags/tutorial.py took 0.108 seconds
[2023-09-20T22:41:26.649+0000] {processor.py:157} INFO - Started process (PID=1833) to work on /home/airflow/.local/lib/python3.8/site-packages/airflow/example_dags/tutorial.py
[2023-09-20T22:41:26.650+0000] {processor.py:829} INFO - Processing file /home/airflow/.local/lib/python3.8/site-packages/airflow/example_dags/tutorial.py for tasks to queue
[2023-09-20T22:41:26.654+0000] {logging_mixin.py:151} INFO - [2023-09-20T22:41:26.653+0000] {dagbag.py:539} INFO - Filling up the DagBag from /home/airflow/.local/lib/python3.8/site-packages/airflow/example_dags/tutorial.py
[2023-09-20T22:41:26.662+0000] {processor.py:839} INFO - DAG(s) dict_keys(['tutorial']) retrieved from /home/airflow/.local/lib/python3.8/site-packages/airflow/example_dags/tutorial.py
[2023-09-20T22:41:26.691+0000] {logging_mixin.py:151} INFO - [2023-09-20T22:41:26.690+0000] {dag.py:2915} INFO - Sync 1 DAGs
[2023-09-20T22:41:26.721+0000] {logging_mixin.py:151} INFO - [2023-09-20T22:41:26.721+0000] {dag.py:3696} INFO - Setting next_dagrun for tutorial to 2023-09-19T22:41:26.720893+00:00, run_after=2023-09-20T22:41:26.720893+00:00
[2023-09-20T22:41:26.750+0000] {processor.py:179} INFO - Processing /home/airflow/.local/lib/python3.8/site-packages/airflow/example_dags/tutorial.py took 0.106 seconds
[2023-09-20T22:41:57.152+0000] {processor.py:157} INFO - Started process (PID=1888) to work on /home/airflow/.local/lib/python3.8/site-packages/airflow/example_dags/tutorial.py
[2023-09-20T22:41:57.154+0000] {processor.py:829} INFO - Processing file /home/airflow/.local/lib/python3.8/site-packages/airflow/example_dags/tutorial.py for tasks to queue
[2023-09-20T22:41:57.159+0000] {logging_mixin.py:151} INFO - [2023-09-20T22:41:57.159+0000] {dagbag.py:539} INFO - Filling up the DagBag from /home/airflow/.local/lib/python3.8/site-packages/airflow/example_dags/tutorial.py
[2023-09-20T22:41:57.173+0000] {processor.py:839} INFO - DAG(s) dict_keys(['tutorial']) retrieved from /home/airflow/.local/lib/python3.8/site-packages/airflow/example_dags/tutorial.py
[2023-09-20T22:41:57.216+0000] {logging_mixin.py:151} INFO - [2023-09-20T22:41:57.216+0000] {dag.py:2915} INFO - Sync 1 DAGs
[2023-09-20T22:41:57.252+0000] {logging_mixin.py:151} INFO - [2023-09-20T22:41:57.251+0000] {dag.py:3696} INFO - Setting next_dagrun for tutorial to 2023-09-19T22:41:57.251429+00:00, run_after=2023-09-20T22:41:57.251429+00:00
[2023-09-20T22:41:57.290+0000] {processor.py:179} INFO - Processing /home/airflow/.local/lib/python3.8/site-packages/airflow/example_dags/tutorial.py took 0.147 seconds
[2023-09-20T22:42:27.711+0000] {processor.py:157} INFO - Started process (PID=1943) to work on /home/airflow/.local/lib/python3.8/site-packages/airflow/example_dags/tutorial.py
[2023-09-20T22:42:27.715+0000] {processor.py:829} INFO - Processing file /home/airflow/.local/lib/python3.8/site-packages/airflow/example_dags/tutorial.py for tasks to queue
[2023-09-20T22:42:27.720+0000] {logging_mixin.py:151} INFO - [2023-09-20T22:42:27.719+0000] {dagbag.py:539} INFO - Filling up the DagBag from /home/airflow/.local/lib/python3.8/site-packages/airflow/example_dags/tutorial.py
[2023-09-20T22:42:27.734+0000] {processor.py:839} INFO - DAG(s) dict_keys(['tutorial']) retrieved from /home/airflow/.local/lib/python3.8/site-packages/airflow/example_dags/tutorial.py
[2023-09-20T22:42:27.774+0000] {logging_mixin.py:151} INFO - [2023-09-20T22:42:27.774+0000] {dag.py:2915} INFO - Sync 1 DAGs
[2023-09-20T22:42:27.809+0000] {logging_mixin.py:151} INFO - [2023-09-20T22:42:27.809+0000] {dag.py:3696} INFO - Setting next_dagrun for tutorial to 2023-09-19T22:42:27.808991+00:00, run_after=2023-09-20T22:42:27.808991+00:00
[2023-09-20T22:42:27.848+0000] {processor.py:179} INFO - Processing /home/airflow/.local/lib/python3.8/site-packages/airflow/example_dags/tutorial.py took 0.142 seconds
[2023-09-20T22:42:58.569+0000] {processor.py:157} INFO - Started process (PID=1998) to work on /home/airflow/.local/lib/python3.8/site-packages/airflow/example_dags/tutorial.py
[2023-09-20T22:42:58.570+0000] {processor.py:829} INFO - Processing file /home/airflow/.local/lib/python3.8/site-packages/airflow/example_dags/tutorial.py for tasks to queue
[2023-09-20T22:42:58.574+0000] {logging_mixin.py:151} INFO - [2023-09-20T22:42:58.574+0000] {dagbag.py:539} INFO - Filling up the DagBag from /home/airflow/.local/lib/python3.8/site-packages/airflow/example_dags/tutorial.py
[2023-09-20T22:42:58.582+0000] {processor.py:839} INFO - DAG(s) dict_keys(['tutorial']) retrieved from /home/airflow/.local/lib/python3.8/site-packages/airflow/example_dags/tutorial.py
[2023-09-20T22:42:58.612+0000] {logging_mixin.py:151} INFO - [2023-09-20T22:42:58.612+0000] {dag.py:2915} INFO - Sync 1 DAGs
[2023-09-20T22:42:58.642+0000] {logging_mixin.py:151} INFO - [2023-09-20T22:42:58.642+0000] {dag.py:3696} INFO - Setting next_dagrun for tutorial to 2023-09-19T22:42:58.641746+00:00, run_after=2023-09-20T22:42:58.641746+00:00
[2023-09-20T22:42:58.669+0000] {processor.py:179} INFO - Processing /home/airflow/.local/lib/python3.8/site-packages/airflow/example_dags/tutorial.py took 0.104 seconds
[2023-09-20T22:43:29.532+0000] {processor.py:157} INFO - Started process (PID=2053) to work on /home/airflow/.local/lib/python3.8/site-packages/airflow/example_dags/tutorial.py
[2023-09-20T22:43:29.534+0000] {processor.py:829} INFO - Processing file /home/airflow/.local/lib/python3.8/site-packages/airflow/example_dags/tutorial.py for tasks to queue
[2023-09-20T22:43:29.538+0000] {logging_mixin.py:151} INFO - [2023-09-20T22:43:29.538+0000] {dagbag.py:539} INFO - Filling up the DagBag from /home/airflow/.local/lib/python3.8/site-packages/airflow/example_dags/tutorial.py
[2023-09-20T22:43:29.551+0000] {processor.py:839} INFO - DAG(s) dict_keys(['tutorial']) retrieved from /home/airflow/.local/lib/python3.8/site-packages/airflow/example_dags/tutorial.py
[2023-09-20T22:43:29.594+0000] {logging_mixin.py:151} INFO - [2023-09-20T22:43:29.594+0000] {dag.py:2915} INFO - Sync 1 DAGs
[2023-09-20T22:43:29.636+0000] {logging_mixin.py:151} INFO - [2023-09-20T22:43:29.636+0000] {dag.py:3696} INFO - Setting next_dagrun for tutorial to 2023-09-19T22:43:29.635991+00:00, run_after=2023-09-20T22:43:29.635991+00:00
[2023-09-20T22:43:29.679+0000] {processor.py:179} INFO - Processing /home/airflow/.local/lib/python3.8/site-packages/airflow/example_dags/tutorial.py took 0.154 seconds
[2023-09-20T22:44:00.254+0000] {processor.py:157} INFO - Started process (PID=2108) to work on /home/airflow/.local/lib/python3.8/site-packages/airflow/example_dags/tutorial.py
[2023-09-20T22:44:00.256+0000] {processor.py:829} INFO - Processing file /home/airflow/.local/lib/python3.8/site-packages/airflow/example_dags/tutorial.py for tasks to queue
[2023-09-20T22:44:00.261+0000] {logging_mixin.py:151} INFO - [2023-09-20T22:44:00.259+0000] {dagbag.py:539} INFO - Filling up the DagBag from /home/airflow/.local/lib/python3.8/site-packages/airflow/example_dags/tutorial.py
[2023-09-20T22:44:00.270+0000] {processor.py:839} INFO - DAG(s) dict_keys(['tutorial']) retrieved from /home/airflow/.local/lib/python3.8/site-packages/airflow/example_dags/tutorial.py
[2023-09-20T22:44:00.304+0000] {logging_mixin.py:151} INFO - [2023-09-20T22:44:00.304+0000] {dag.py:2915} INFO - Sync 1 DAGs
[2023-09-20T22:44:00.337+0000] {logging_mixin.py:151} INFO - [2023-09-20T22:44:00.337+0000] {dag.py:3696} INFO - Setting next_dagrun for tutorial to 2023-09-19T22:44:00.336800+00:00, run_after=2023-09-20T22:44:00.336800+00:00
[2023-09-20T22:44:00.378+0000] {processor.py:179} INFO - Processing /home/airflow/.local/lib/python3.8/site-packages/airflow/example_dags/tutorial.py took 0.130 seconds
[2023-09-20T22:44:31.176+0000] {processor.py:157} INFO - Started process (PID=2164) to work on /home/airflow/.local/lib/python3.8/site-packages/airflow/example_dags/tutorial.py
[2023-09-20T22:44:31.178+0000] {processor.py:829} INFO - Processing file /home/airflow/.local/lib/python3.8/site-packages/airflow/example_dags/tutorial.py for tasks to queue
[2023-09-20T22:44:31.182+0000] {logging_mixin.py:151} INFO - [2023-09-20T22:44:31.181+0000] {dagbag.py:539} INFO - Filling up the DagBag from /home/airflow/.local/lib/python3.8/site-packages/airflow/example_dags/tutorial.py
[2023-09-20T22:44:31.191+0000] {processor.py:839} INFO - DAG(s) dict_keys(['tutorial']) retrieved from /home/airflow/.local/lib/python3.8/site-packages/airflow/example_dags/tutorial.py
[2023-09-20T22:44:31.221+0000] {logging_mixin.py:151} INFO - [2023-09-20T22:44:31.221+0000] {dag.py:2915} INFO - Sync 1 DAGs
[2023-09-20T22:44:31.254+0000] {logging_mixin.py:151} INFO - [2023-09-20T22:44:31.254+0000] {dag.py:3696} INFO - Setting next_dagrun for tutorial to 2023-09-19T22:44:31.253704+00:00, run_after=2023-09-20T22:44:31.253704+00:00
[2023-09-20T22:44:31.297+0000] {processor.py:179} INFO - Processing /home/airflow/.local/lib/python3.8/site-packages/airflow/example_dags/tutorial.py took 0.125 seconds
[2023-09-20T22:45:01.819+0000] {processor.py:157} INFO - Started process (PID=2219) to work on /home/airflow/.local/lib/python3.8/site-packages/airflow/example_dags/tutorial.py
[2023-09-20T22:45:01.821+0000] {processor.py:829} INFO - Processing file /home/airflow/.local/lib/python3.8/site-packages/airflow/example_dags/tutorial.py for tasks to queue
[2023-09-20T22:45:01.826+0000] {logging_mixin.py:151} INFO - [2023-09-20T22:45:01.826+0000] {dagbag.py:539} INFO - Filling up the DagBag from /home/airflow/.local/lib/python3.8/site-packages/airflow/example_dags/tutorial.py
[2023-09-20T22:45:01.837+0000] {processor.py:839} INFO - DAG(s) dict_keys(['tutorial']) retrieved from /home/airflow/.local/lib/python3.8/site-packages/airflow/example_dags/tutorial.py
[2023-09-20T22:45:01.864+0000] {logging_mixin.py:151} INFO - [2023-09-20T22:45:01.864+0000] {dag.py:2915} INFO - Sync 1 DAGs
[2023-09-20T22:45:01.892+0000] {logging_mixin.py:151} INFO - [2023-09-20T22:45:01.892+0000] {dag.py:3696} INFO - Setting next_dagrun for tutorial to 2023-09-19T22:45:01.892377+00:00, run_after=2023-09-20T22:45:01.892377+00:00
[2023-09-20T22:45:01.935+0000] {processor.py:179} INFO - Processing /home/airflow/.local/lib/python3.8/site-packages/airflow/example_dags/tutorial.py took 0.123 seconds
[2023-09-20T22:45:32.547+0000] {processor.py:157} INFO - Started process (PID=2274) to work on /home/airflow/.local/lib/python3.8/site-packages/airflow/example_dags/tutorial.py
[2023-09-20T22:45:32.549+0000] {processor.py:829} INFO - Processing file /home/airflow/.local/lib/python3.8/site-packages/airflow/example_dags/tutorial.py for tasks to queue
[2023-09-20T22:45:32.554+0000] {logging_mixin.py:151} INFO - [2023-09-20T22:45:32.553+0000] {dagbag.py:539} INFO - Filling up the DagBag from /home/airflow/.local/lib/python3.8/site-packages/airflow/example_dags/tutorial.py
[2023-09-20T22:45:32.566+0000] {processor.py:839} INFO - DAG(s) dict_keys(['tutorial']) retrieved from /home/airflow/.local/lib/python3.8/site-packages/airflow/example_dags/tutorial.py
[2023-09-20T22:45:32.597+0000] {logging_mixin.py:151} INFO - [2023-09-20T22:45:32.597+0000] {dag.py:2915} INFO - Sync 1 DAGs
[2023-09-20T22:45:32.628+0000] {logging_mixin.py:151} INFO - [2023-09-20T22:45:32.627+0000] {dag.py:3696} INFO - Setting next_dagrun for tutorial to 2023-09-19T22:45:32.627476+00:00, run_after=2023-09-20T22:45:32.627476+00:00
[2023-09-20T22:45:32.692+0000] {processor.py:179} INFO - Processing /home/airflow/.local/lib/python3.8/site-packages/airflow/example_dags/tutorial.py took 0.152 seconds
[2023-09-20T22:46:02.986+0000] {processor.py:157} INFO - Started process (PID=2329) to work on /home/airflow/.local/lib/python3.8/site-packages/airflow/example_dags/tutorial.py
[2023-09-20T22:46:02.988+0000] {processor.py:829} INFO - Processing file /home/airflow/.local/lib/python3.8/site-packages/airflow/example_dags/tutorial.py for tasks to queue
[2023-09-20T22:46:02.994+0000] {logging_mixin.py:151} INFO - [2023-09-20T22:46:02.994+0000] {dagbag.py:539} INFO - Filling up the DagBag from /home/airflow/.local/lib/python3.8/site-packages/airflow/example_dags/tutorial.py
[2023-09-20T22:46:03.005+0000] {processor.py:839} INFO - DAG(s) dict_keys(['tutorial']) retrieved from /home/airflow/.local/lib/python3.8/site-packages/airflow/example_dags/tutorial.py
[2023-09-20T22:46:03.034+0000] {logging_mixin.py:151} INFO - [2023-09-20T22:46:03.034+0000] {dag.py:2915} INFO - Sync 1 DAGs
[2023-09-20T22:46:03.063+0000] {logging_mixin.py:151} INFO - [2023-09-20T22:46:03.063+0000] {dag.py:3696} INFO - Setting next_dagrun for tutorial to 2023-09-19T22:46:03.062868+00:00, run_after=2023-09-20T22:46:03.062868+00:00
[2023-09-20T22:46:03.121+0000] {processor.py:179} INFO - Processing /home/airflow/.local/lib/python3.8/site-packages/airflow/example_dags/tutorial.py took 0.143 seconds
[2023-09-20T22:46:34.148+0000] {processor.py:157} INFO - Started process (PID=2384) to work on /home/airflow/.local/lib/python3.8/site-packages/airflow/example_dags/tutorial.py
[2023-09-20T22:46:34.149+0000] {processor.py:829} INFO - Processing file /home/airflow/.local/lib/python3.8/site-packages/airflow/example_dags/tutorial.py for tasks to queue
[2023-09-20T22:46:34.153+0000] {logging_mixin.py:151} INFO - [2023-09-20T22:46:34.153+0000] {dagbag.py:539} INFO - Filling up the DagBag from /home/airflow/.local/lib/python3.8/site-packages/airflow/example_dags/tutorial.py
[2023-09-20T22:46:34.161+0000] {processor.py:839} INFO - DAG(s) dict_keys(['tutorial']) retrieved from /home/airflow/.local/lib/python3.8/site-packages/airflow/example_dags/tutorial.py
[2023-09-20T22:46:34.190+0000] {logging_mixin.py:151} INFO - [2023-09-20T22:46:34.189+0000] {dag.py:2915} INFO - Sync 1 DAGs
[2023-09-20T22:46:34.217+0000] {logging_mixin.py:151} INFO - [2023-09-20T22:46:34.217+0000] {dag.py:3696} INFO - Setting next_dagrun for tutorial to 2023-09-19T22:46:34.216775+00:00, run_after=2023-09-20T22:46:34.216775+00:00
[2023-09-20T22:46:34.246+0000] {processor.py:179} INFO - Processing /home/airflow/.local/lib/python3.8/site-packages/airflow/example_dags/tutorial.py took 0.102 seconds
[2023-09-20T22:47:04.906+0000] {processor.py:157} INFO - Started process (PID=2439) to work on /home/airflow/.local/lib/python3.8/site-packages/airflow/example_dags/tutorial.py
[2023-09-20T22:47:04.907+0000] {processor.py:829} INFO - Processing file /home/airflow/.local/lib/python3.8/site-packages/airflow/example_dags/tutorial.py for tasks to queue
[2023-09-20T22:47:04.911+0000] {logging_mixin.py:151} INFO - [2023-09-20T22:47:04.911+0000] {dagbag.py:539} INFO - Filling up the DagBag from /home/airflow/.local/lib/python3.8/site-packages/airflow/example_dags/tutorial.py
[2023-09-20T22:47:04.918+0000] {processor.py:839} INFO - DAG(s) dict_keys(['tutorial']) retrieved from /home/airflow/.local/lib/python3.8/site-packages/airflow/example_dags/tutorial.py
[2023-09-20T22:47:04.945+0000] {logging_mixin.py:151} INFO - [2023-09-20T22:47:04.945+0000] {dag.py:2915} INFO - Sync 1 DAGs
[2023-09-20T22:47:04.977+0000] {logging_mixin.py:151} INFO - [2023-09-20T22:47:04.977+0000] {dag.py:3696} INFO - Setting next_dagrun for tutorial to 2023-09-19T22:47:04.977081+00:00, run_after=2023-09-20T22:47:04.977081+00:00
[2023-09-20T22:47:05.015+0000] {processor.py:179} INFO - Processing /home/airflow/.local/lib/python3.8/site-packages/airflow/example_dags/tutorial.py took 0.114 seconds
[2023-09-20T22:47:35.668+0000] {processor.py:157} INFO - Started process (PID=2494) to work on /home/airflow/.local/lib/python3.8/site-packages/airflow/example_dags/tutorial.py
[2023-09-20T22:47:35.669+0000] {processor.py:829} INFO - Processing file /home/airflow/.local/lib/python3.8/site-packages/airflow/example_dags/tutorial.py for tasks to queue
[2023-09-20T22:47:35.675+0000] {logging_mixin.py:151} INFO - [2023-09-20T22:47:35.674+0000] {dagbag.py:539} INFO - Filling up the DagBag from /home/airflow/.local/lib/python3.8/site-packages/airflow/example_dags/tutorial.py
[2023-09-20T22:47:35.683+0000] {processor.py:839} INFO - DAG(s) dict_keys(['tutorial']) retrieved from /home/airflow/.local/lib/python3.8/site-packages/airflow/example_dags/tutorial.py
[2023-09-20T22:47:35.718+0000] {logging_mixin.py:151} INFO - [2023-09-20T22:47:35.718+0000] {dag.py:2915} INFO - Sync 1 DAGs
[2023-09-20T22:47:35.752+0000] {logging_mixin.py:151} INFO - [2023-09-20T22:47:35.752+0000] {dag.py:3696} INFO - Setting next_dagrun for tutorial to 2023-09-19T22:47:35.752098+00:00, run_after=2023-09-20T22:47:35.752098+00:00
[2023-09-20T22:47:35.789+0000] {processor.py:179} INFO - Processing /home/airflow/.local/lib/python3.8/site-packages/airflow/example_dags/tutorial.py took 0.127 seconds
[2023-09-20T22:48:06.096+0000] {processor.py:157} INFO - Started process (PID=2549) to work on /home/airflow/.local/lib/python3.8/site-packages/airflow/example_dags/tutorial.py
[2023-09-20T22:48:06.097+0000] {processor.py:829} INFO - Processing file /home/airflow/.local/lib/python3.8/site-packages/airflow/example_dags/tutorial.py for tasks to queue
[2023-09-20T22:48:06.101+0000] {logging_mixin.py:151} INFO - [2023-09-20T22:48:06.100+0000] {dagbag.py:539} INFO - Filling up the DagBag from /home/airflow/.local/lib/python3.8/site-packages/airflow/example_dags/tutorial.py
[2023-09-20T22:48:06.109+0000] {processor.py:839} INFO - DAG(s) dict_keys(['tutorial']) retrieved from /home/airflow/.local/lib/python3.8/site-packages/airflow/example_dags/tutorial.py
[2023-09-20T22:48:06.138+0000] {logging_mixin.py:151} INFO - [2023-09-20T22:48:06.138+0000] {dag.py:2915} INFO - Sync 1 DAGs
[2023-09-20T22:48:06.170+0000] {logging_mixin.py:151} INFO - [2023-09-20T22:48:06.170+0000] {dag.py:3696} INFO - Setting next_dagrun for tutorial to 2023-09-19T22:48:06.170229+00:00, run_after=2023-09-20T22:48:06.170229+00:00
[2023-09-20T22:48:06.198+0000] {processor.py:179} INFO - Processing /home/airflow/.local/lib/python3.8/site-packages/airflow/example_dags/tutorial.py took 0.107 seconds
[2023-09-20T22:48:36.796+0000] {processor.py:157} INFO - Started process (PID=2604) to work on /home/airflow/.local/lib/python3.8/site-packages/airflow/example_dags/tutorial.py
[2023-09-20T22:48:36.797+0000] {processor.py:829} INFO - Processing file /home/airflow/.local/lib/python3.8/site-packages/airflow/example_dags/tutorial.py for tasks to queue
[2023-09-20T22:48:36.801+0000] {logging_mixin.py:151} INFO - [2023-09-20T22:48:36.801+0000] {dagbag.py:539} INFO - Filling up the DagBag from /home/airflow/.local/lib/python3.8/site-packages/airflow/example_dags/tutorial.py
[2023-09-20T22:48:36.808+0000] {processor.py:839} INFO - DAG(s) dict_keys(['tutorial']) retrieved from /home/airflow/.local/lib/python3.8/site-packages/airflow/example_dags/tutorial.py
[2023-09-20T22:48:36.834+0000] {logging_mixin.py:151} INFO - [2023-09-20T22:48:36.834+0000] {dag.py:2915} INFO - Sync 1 DAGs
[2023-09-20T22:48:36.863+0000] {logging_mixin.py:151} INFO - [2023-09-20T22:48:36.862+0000] {dag.py:3696} INFO - Setting next_dagrun for tutorial to 2023-09-19T22:48:36.862572+00:00, run_after=2023-09-20T22:48:36.862572+00:00
[2023-09-20T22:48:36.892+0000] {processor.py:179} INFO - Processing /home/airflow/.local/lib/python3.8/site-packages/airflow/example_dags/tutorial.py took 0.100 seconds
[2023-09-20T22:49:07.383+0000] {processor.py:157} INFO - Started process (PID=2659) to work on /home/airflow/.local/lib/python3.8/site-packages/airflow/example_dags/tutorial.py
[2023-09-20T22:49:07.384+0000] {processor.py:829} INFO - Processing file /home/airflow/.local/lib/python3.8/site-packages/airflow/example_dags/tutorial.py for tasks to queue
[2023-09-20T22:49:07.388+0000] {logging_mixin.py:151} INFO - [2023-09-20T22:49:07.388+0000] {dagbag.py:539} INFO - Filling up the DagBag from /home/airflow/.local/lib/python3.8/site-packages/airflow/example_dags/tutorial.py
[2023-09-20T22:49:07.396+0000] {processor.py:839} INFO - DAG(s) dict_keys(['tutorial']) retrieved from /home/airflow/.local/lib/python3.8/site-packages/airflow/example_dags/tutorial.py
[2023-09-20T22:49:07.422+0000] {logging_mixin.py:151} INFO - [2023-09-20T22:49:07.422+0000] {dag.py:2915} INFO - Sync 1 DAGs
[2023-09-20T22:49:07.449+0000] {logging_mixin.py:151} INFO - [2023-09-20T22:49:07.449+0000] {dag.py:3696} INFO - Setting next_dagrun for tutorial to 2023-09-19T22:49:07.448822+00:00, run_after=2023-09-20T22:49:07.448822+00:00
[2023-09-20T22:49:07.478+0000] {processor.py:179} INFO - Processing /home/airflow/.local/lib/python3.8/site-packages/airflow/example_dags/tutorial.py took 0.100 seconds
[2023-09-20T22:49:38.358+0000] {processor.py:157} INFO - Started process (PID=2714) to work on /home/airflow/.local/lib/python3.8/site-packages/airflow/example_dags/tutorial.py
[2023-09-20T22:49:38.359+0000] {processor.py:829} INFO - Processing file /home/airflow/.local/lib/python3.8/site-packages/airflow/example_dags/tutorial.py for tasks to queue
[2023-09-20T22:49:38.364+0000] {logging_mixin.py:151} INFO - [2023-09-20T22:49:38.364+0000] {dagbag.py:539} INFO - Filling up the DagBag from /home/airflow/.local/lib/python3.8/site-packages/airflow/example_dags/tutorial.py
[2023-09-20T22:49:38.373+0000] {processor.py:839} INFO - DAG(s) dict_keys(['tutorial']) retrieved from /home/airflow/.local/lib/python3.8/site-packages/airflow/example_dags/tutorial.py
[2023-09-20T22:49:38.416+0000] {logging_mixin.py:151} INFO - [2023-09-20T22:49:38.416+0000] {dag.py:2915} INFO - Sync 1 DAGs
[2023-09-20T22:49:38.459+0000] {logging_mixin.py:151} INFO - [2023-09-20T22:49:38.458+0000] {dag.py:3696} INFO - Setting next_dagrun for tutorial to 2023-09-19T22:49:38.458454+00:00, run_after=2023-09-20T22:49:38.458454+00:00
[2023-09-20T22:49:38.640+0000] {processor.py:179} INFO - Processing /home/airflow/.local/lib/python3.8/site-packages/airflow/example_dags/tutorial.py took 0.288 seconds
[2023-09-20T22:50:09.330+0000] {processor.py:157} INFO - Started process (PID=2769) to work on /home/airflow/.local/lib/python3.8/site-packages/airflow/example_dags/tutorial.py
[2023-09-20T22:50:09.331+0000] {processor.py:829} INFO - Processing file /home/airflow/.local/lib/python3.8/site-packages/airflow/example_dags/tutorial.py for tasks to queue
[2023-09-20T22:50:09.335+0000] {logging_mixin.py:151} INFO - [2023-09-20T22:50:09.334+0000] {dagbag.py:539} INFO - Filling up the DagBag from /home/airflow/.local/lib/python3.8/site-packages/airflow/example_dags/tutorial.py
[2023-09-20T22:50:09.346+0000] {processor.py:839} INFO - DAG(s) dict_keys(['tutorial']) retrieved from /home/airflow/.local/lib/python3.8/site-packages/airflow/example_dags/tutorial.py
[2023-09-20T22:50:09.379+0000] {logging_mixin.py:151} INFO - [2023-09-20T22:50:09.378+0000] {dag.py:2915} INFO - Sync 1 DAGs
[2023-09-20T22:50:09.411+0000] {logging_mixin.py:151} INFO - [2023-09-20T22:50:09.410+0000] {dag.py:3696} INFO - Setting next_dagrun for tutorial to 2023-09-19T22:50:09.410442+00:00, run_after=2023-09-20T22:50:09.410442+00:00
[2023-09-20T22:50:09.458+0000] {processor.py:179} INFO - Processing /home/airflow/.local/lib/python3.8/site-packages/airflow/example_dags/tutorial.py took 0.136 seconds
[2023-09-20T22:50:39.535+0000] {processor.py:157} INFO - Started process (PID=2824) to work on /home/airflow/.local/lib/python3.8/site-packages/airflow/example_dags/tutorial.py
[2023-09-20T22:50:39.536+0000] {processor.py:829} INFO - Processing file /home/airflow/.local/lib/python3.8/site-packages/airflow/example_dags/tutorial.py for tasks to queue
[2023-09-20T22:50:39.542+0000] {logging_mixin.py:151} INFO - [2023-09-20T22:50:39.541+0000] {dagbag.py:539} INFO - Filling up the DagBag from /home/airflow/.local/lib/python3.8/site-packages/airflow/example_dags/tutorial.py
[2023-09-20T22:50:39.553+0000] {processor.py:839} INFO - DAG(s) dict_keys(['tutorial']) retrieved from /home/airflow/.local/lib/python3.8/site-packages/airflow/example_dags/tutorial.py
[2023-09-20T22:50:39.589+0000] {logging_mixin.py:151} INFO - [2023-09-20T22:50:39.589+0000] {dag.py:2915} INFO - Sync 1 DAGs
[2023-09-20T22:50:39.626+0000] {logging_mixin.py:151} INFO - [2023-09-20T22:50:39.626+0000] {dag.py:3696} INFO - Setting next_dagrun for tutorial to 2023-09-19T22:50:39.626124+00:00, run_after=2023-09-20T22:50:39.626124+00:00
[2023-09-20T22:50:39.667+0000] {processor.py:179} INFO - Processing /home/airflow/.local/lib/python3.8/site-packages/airflow/example_dags/tutorial.py took 0.137 seconds
[2023-09-20T22:51:10.515+0000] {processor.py:157} INFO - Started process (PID=2879) to work on /home/airflow/.local/lib/python3.8/site-packages/airflow/example_dags/tutorial.py
[2023-09-20T22:51:10.517+0000] {processor.py:829} INFO - Processing file /home/airflow/.local/lib/python3.8/site-packages/airflow/example_dags/tutorial.py for tasks to queue
[2023-09-20T22:51:10.521+0000] {logging_mixin.py:151} INFO - [2023-09-20T22:51:10.520+0000] {dagbag.py:539} INFO - Filling up the DagBag from /home/airflow/.local/lib/python3.8/site-packages/airflow/example_dags/tutorial.py
[2023-09-20T22:51:10.528+0000] {processor.py:839} INFO - DAG(s) dict_keys(['tutorial']) retrieved from /home/airflow/.local/lib/python3.8/site-packages/airflow/example_dags/tutorial.py
[2023-09-20T22:51:10.569+0000] {logging_mixin.py:151} INFO - [2023-09-20T22:51:10.569+0000] {dag.py:2915} INFO - Sync 1 DAGs
[2023-09-20T22:51:10.611+0000] {logging_mixin.py:151} INFO - [2023-09-20T22:51:10.611+0000] {dag.py:3696} INFO - Setting next_dagrun for tutorial to 2023-09-19T22:51:10.610743+00:00, run_after=2023-09-20T22:51:10.610743+00:00
[2023-09-20T22:51:10.646+0000] {processor.py:179} INFO - Processing /home/airflow/.local/lib/python3.8/site-packages/airflow/example_dags/tutorial.py took 0.135 seconds
[2023-09-20T22:51:41.071+0000] {processor.py:157} INFO - Started process (PID=2934) to work on /home/airflow/.local/lib/python3.8/site-packages/airflow/example_dags/tutorial.py
[2023-09-20T22:51:41.073+0000] {processor.py:829} INFO - Processing file /home/airflow/.local/lib/python3.8/site-packages/airflow/example_dags/tutorial.py for tasks to queue
[2023-09-20T22:51:41.079+0000] {logging_mixin.py:151} INFO - [2023-09-20T22:51:41.078+0000] {dagbag.py:539} INFO - Filling up the DagBag from /home/airflow/.local/lib/python3.8/site-packages/airflow/example_dags/tutorial.py
[2023-09-20T22:51:41.088+0000] {processor.py:839} INFO - DAG(s) dict_keys(['tutorial']) retrieved from /home/airflow/.local/lib/python3.8/site-packages/airflow/example_dags/tutorial.py
[2023-09-20T22:51:41.118+0000] {logging_mixin.py:151} INFO - [2023-09-20T22:51:41.117+0000] {dag.py:2915} INFO - Sync 1 DAGs
[2023-09-20T22:51:41.151+0000] {logging_mixin.py:151} INFO - [2023-09-20T22:51:41.150+0000] {dag.py:3696} INFO - Setting next_dagrun for tutorial to 2023-09-19T22:51:41.150596+00:00, run_after=2023-09-20T22:51:41.150596+00:00
[2023-09-20T22:51:41.193+0000] {processor.py:179} INFO - Processing /home/airflow/.local/lib/python3.8/site-packages/airflow/example_dags/tutorial.py took 0.129 seconds
[2023-09-20T23:11:33.801+0000] {processor.py:157} INFO - Started process (PID=65) to work on /home/airflow/.local/lib/python3.8/site-packages/airflow/example_dags/tutorial.py
[2023-09-20T23:11:33.803+0000] {processor.py:829} INFO - Processing file /home/airflow/.local/lib/python3.8/site-packages/airflow/example_dags/tutorial.py for tasks to queue
[2023-09-20T23:11:33.809+0000] {logging_mixin.py:151} INFO - [2023-09-20T23:11:33.809+0000] {dagbag.py:539} INFO - Filling up the DagBag from /home/airflow/.local/lib/python3.8/site-packages/airflow/example_dags/tutorial.py
[2023-09-20T23:11:33.819+0000] {processor.py:839} INFO - DAG(s) dict_keys(['tutorial']) retrieved from /home/airflow/.local/lib/python3.8/site-packages/airflow/example_dags/tutorial.py
[2023-09-20T23:11:33.839+0000] {logging_mixin.py:151} INFO - [2023-09-20T23:11:33.838+0000] {dag.py:2915} INFO - Sync 1 DAGs
[2023-09-20T23:11:33.876+0000] {logging_mixin.py:151} INFO - [2023-09-20T23:11:33.876+0000] {dag.py:3696} INFO - Setting next_dagrun for tutorial to 2023-09-19T23:11:33.875882+00:00, run_after=2023-09-20T23:11:33.875882+00:00
[2023-09-20T23:11:33.913+0000] {processor.py:179} INFO - Processing /home/airflow/.local/lib/python3.8/site-packages/airflow/example_dags/tutorial.py took 0.117 seconds
[2023-09-20T23:12:04.574+0000] {processor.py:157} INFO - Started process (PID=120) to work on /home/airflow/.local/lib/python3.8/site-packages/airflow/example_dags/tutorial.py
[2023-09-20T23:12:04.575+0000] {processor.py:829} INFO - Processing file /home/airflow/.local/lib/python3.8/site-packages/airflow/example_dags/tutorial.py for tasks to queue
[2023-09-20T23:12:04.580+0000] {logging_mixin.py:151} INFO - [2023-09-20T23:12:04.579+0000] {dagbag.py:539} INFO - Filling up the DagBag from /home/airflow/.local/lib/python3.8/site-packages/airflow/example_dags/tutorial.py
[2023-09-20T23:12:04.590+0000] {processor.py:839} INFO - DAG(s) dict_keys(['tutorial']) retrieved from /home/airflow/.local/lib/python3.8/site-packages/airflow/example_dags/tutorial.py
[2023-09-20T23:12:04.620+0000] {logging_mixin.py:151} INFO - [2023-09-20T23:12:04.619+0000] {dag.py:2915} INFO - Sync 1 DAGs
[2023-09-20T23:12:04.654+0000] {logging_mixin.py:151} INFO - [2023-09-20T23:12:04.654+0000] {dag.py:3696} INFO - Setting next_dagrun for tutorial to 2023-09-19T23:12:04.654041+00:00, run_after=2023-09-20T23:12:04.654041+00:00
[2023-09-20T23:12:04.692+0000] {processor.py:179} INFO - Processing /home/airflow/.local/lib/python3.8/site-packages/airflow/example_dags/tutorial.py took 0.124 seconds
[2023-09-20T23:12:37.000+0000] {processor.py:157} INFO - Started process (PID=175) to work on /home/airflow/.local/lib/python3.8/site-packages/airflow/example_dags/tutorial.py
[2023-09-20T23:12:37.002+0000] {processor.py:829} INFO - Processing file /home/airflow/.local/lib/python3.8/site-packages/airflow/example_dags/tutorial.py for tasks to queue
[2023-09-20T23:12:37.006+0000] {logging_mixin.py:151} INFO - [2023-09-20T23:12:37.006+0000] {dagbag.py:539} INFO - Filling up the DagBag from /home/airflow/.local/lib/python3.8/site-packages/airflow/example_dags/tutorial.py
[2023-09-20T23:12:37.017+0000] {processor.py:839} INFO - DAG(s) dict_keys(['tutorial']) retrieved from /home/airflow/.local/lib/python3.8/site-packages/airflow/example_dags/tutorial.py
[2023-09-20T23:12:37.047+0000] {logging_mixin.py:151} INFO - [2023-09-20T23:12:37.047+0000] {dag.py:2915} INFO - Sync 1 DAGs
[2023-09-20T23:12:37.077+0000] {logging_mixin.py:151} INFO - [2023-09-20T23:12:37.077+0000] {dag.py:3696} INFO - Setting next_dagrun for tutorial to 2023-09-19T23:12:37.077191+00:00, run_after=2023-09-20T23:12:37.077191+00:00
[2023-09-20T23:12:37.121+0000] {processor.py:179} INFO - Processing /home/airflow/.local/lib/python3.8/site-packages/airflow/example_dags/tutorial.py took 0.128 seconds
[2023-09-20T23:13:08.332+0000] {processor.py:157} INFO - Started process (PID=230) to work on /home/airflow/.local/lib/python3.8/site-packages/airflow/example_dags/tutorial.py
[2023-09-20T23:13:08.334+0000] {processor.py:829} INFO - Processing file /home/airflow/.local/lib/python3.8/site-packages/airflow/example_dags/tutorial.py for tasks to queue
[2023-09-20T23:13:08.337+0000] {logging_mixin.py:151} INFO - [2023-09-20T23:13:08.337+0000] {dagbag.py:539} INFO - Filling up the DagBag from /home/airflow/.local/lib/python3.8/site-packages/airflow/example_dags/tutorial.py
[2023-09-20T23:13:08.349+0000] {processor.py:839} INFO - DAG(s) dict_keys(['tutorial']) retrieved from /home/airflow/.local/lib/python3.8/site-packages/airflow/example_dags/tutorial.py
[2023-09-20T23:13:08.383+0000] {logging_mixin.py:151} INFO - [2023-09-20T23:13:08.383+0000] {dag.py:2915} INFO - Sync 1 DAGs
[2023-09-20T23:13:08.417+0000] {logging_mixin.py:151} INFO - [2023-09-20T23:13:08.417+0000] {dag.py:3696} INFO - Setting next_dagrun for tutorial to 2023-09-19T23:13:08.417019+00:00, run_after=2023-09-20T23:13:08.417019+00:00
[2023-09-20T23:13:08.449+0000] {processor.py:179} INFO - Processing /home/airflow/.local/lib/python3.8/site-packages/airflow/example_dags/tutorial.py took 0.124 seconds
